2026-05-27 05:54:51 - mkk_comic - app.py:868 - INFO - 运行环境：GitHub Actions（自动化模式）
2026-05-27 05:54:51 - mkk_comic - app.py:825 - INFO - ===== 开始检查更新=====
2026-05-27 05:54:51 - mkk_comic - app.py:843 - INFO - 【海贼王】上次下载至第387章
2026-05-27 05:54:52 - mkk_comic - app.py:850 - INFO - 【海贼王】检测到更新！最新：388章
2026-05-27 05:54:52 - mkk_comic - app.py:853 - INFO - 【海贼王】最大下载限制为10章-需下载388~388章）
2026-05-27 05:54:53 - mkk_comic - app.py:494 - INFO - 正在下载第388章: 第1183话    UUID:4f6fbae8-58d1-11f1-9c1c-fa163e02432f
2026-05-27 05:54:54 - mkk_comic - app.py:502 - INFO - 创建目录: ./out/海贼王/第1183话
2026-05-27 05:54:54 - mkk_comic - app.py:505 - INFO - 开始下载: 海贼王 - 第1183话
2026-05-27 05:54:54 - mkk_comic - app.py:506 - INFO - 总页数: 15
2026-05-27 05:54:54 - mkk_comic - app.py:587 - INFO - 正在下载第 001/015 页...
2026-05-27 05:54:54 - mkk_comic - app.py:587 - INFO - 正在下载第 002/015 页...
2026-05-27 05:54:54 - mkk_comic - app.py:587 - INFO - 正在下载第 003/015 页...
2026-05-27 05:54:54 - mkk_comic - app.py:587 - INFO - 正在下载第 004/015 页...
2026-05-27 05:54:54 - mkk_comic - app.py:587 - INFO - 正在下载第 005/015 页...
2026-05-27 05:54:54 - mkk_comic - app.py:587 - INFO - 正在下载第 006/015 页...
2026-05-27 05:54:54 - mkk_comic - app.py:587 - INFO - 正在下载第 007/015 页...
2026-05-27 05:54:54 - mkk_comic - app.py:587 - INFO - 正在下载第 008/015 页...
2026-05-27 05:54:54 - mkk_comic - app.py:587 - INFO - 正在下载第 009/015 页...
2026-05-27 05:54:54 - mkk_comic - app.py:587 - INFO - 正在下载第 010/015 页...
2026-05-27 05:54:54 - mkk_comic - app.py:587 - INFO - 正在下载第 011/015 页...
2026-05-27 05:54:54 - mkk_comic - app.py:587 - INFO - 正在下载第 012/015 页...
2026-05-27 05:54:54 - mkk_comic - app.py:587 - INFO - 正在下载第 013/015 页...
2026-05-27 05:54:54 - mkk_comic - app.py:587 - INFO - 正在下载第 014/015 页...
2026-05-27 05:54:54 - mkk_comic - app.py:587 - INFO - 正在下载第 015/015 页...
2026-05-27 05:54:54 - mkk_comic - app.py:511 - INFO - 下载完成!
2026-05-27 05:54:54 - mkk_comic - app.py:512 - INFO - 成功下载: 15/15 页
2026-05-27 05:54:54 - mkk_comic - app.py:523 - INFO - 章节下载完成，等待 6.2 秒后继续...
2026-05-27 05:55:00 - mkk_comic - app.py:843 - INFO - 【电锯人】上次下载至第258章
2026-05-27 05:55:01 - mkk_comic - app.py:846 - INFO - 该漫画更新至258章，不需要更新
2026-05-27 05:55:01 - mkk_comic - app.py:843 - INFO - 【魔都精兵的奴隸】上次下载至第203章
2026-05-27 05:55:02 - mkk_comic - app.py:846 - INFO - 该漫画更新至203章，不需要更新
2026-05-27 05:55:02 - mkk_comic - app.py:843 - INFO - 【我獨自升級】上次下载至第201章
2026-05-27 05:55:03 - mkk_comic - app.py:846 - INFO - 该漫画更新至201章，不需要更新
2026-05-27 05:55:03 - mkk_comic - app.py:843 - INFO - 【迷宮干】上次下载至第149章
2026-05-27 05:55:04 - mkk_comic - app.py:846 - INFO - 该漫画更新至149章，不需要更新
2026-05-27 05:55:04 - mkk_comic - app.py:863 - INFO - ===== 检查更新完成 =====

