2026-03-27 04:16:37 - mkk_comic - app.py:868 - INFO - 运行环境：GitHub Actions（自动化模式）
2026-03-27 04:16:37 - mkk_comic - app.py:825 - INFO - ===== 开始检查更新=====
2026-03-27 04:16:37 - mkk_comic - app.py:843 - INFO - 【海贼王】上次下载至第379章
2026-03-27 04:16:38 - mkk_comic - app.py:850 - INFO - 【海贼王】检测到更新！最新：381章
2026-03-27 04:16:38 - mkk_comic - app.py:853 - INFO - 【海贼王】最大下载限制为10章-需下载380~381章）
2026-03-27 04:16:39 - mkk_comic - app.py:494 - INFO - 正在下载第380章: 第1175话    UUID:707c30c9-1779-11f1-9a9f-fa163e02432f
2026-03-27 04:16:40 - mkk_comic - app.py:502 - INFO - 创建目录: ./out/海贼王/第1175话
2026-03-27 04:16:40 - mkk_comic - app.py:505 - INFO - 开始下载: 海贼王 - 第1175话
2026-03-27 04:16:40 - mkk_comic - app.py:506 - INFO - 总页数: 11
2026-03-27 04:16:40 - mkk_comic - app.py:587 - INFO - 正在下载第 001/011 页...
2026-03-27 04:16:40 - mkk_comic - app.py:587 - INFO - 正在下载第 002/011 页...
2026-03-27 04:16:40 - mkk_comic - app.py:587 - INFO - 正在下载第 003/011 页...
2026-03-27 04:16:40 - mkk_comic - app.py:587 - INFO - 正在下载第 004/011 页...
2026-03-27 04:16:40 - mkk_comic - app.py:587 - INFO - 正在下载第 005/011 页...
2026-03-27 04:16:40 - mkk_comic - app.py:587 - INFO - 正在下载第 006/011 页...
2026-03-27 04:16:40 - mkk_comic - app.py:587 - INFO - 正在下载第 007/011 页...
2026-03-27 04:16:40 - mkk_comic - app.py:587 - INFO - 正在下载第 008/011 页...
2026-03-27 04:16:40 - mkk_comic - app.py:587 - INFO - 正在下载第 009/011 页...
2026-03-27 04:16:40 - mkk_comic - app.py:587 - INFO - 正在下载第 010/011 页...
2026-03-27 04:16:40 - mkk_comic - app.py:587 - INFO - 正在下载第 011/011 页...
2026-03-27 04:16:40 - mkk_comic - app.py:511 - INFO - 下载完成!
2026-03-27 04:16:40 - mkk_comic - app.py:512 - INFO - 成功下载: 11/11 页
2026-03-27 04:16:40 - mkk_comic - app.py:523 - INFO - 章节下载完成，等待 8.7 秒后继续...
2026-03-27 04:16:50 - mkk_comic - app.py:494 - INFO - 正在下载第381章: 第1176话    UUID:208894a4-1c40-11f1-bd01-fa163e02432f
2026-03-27 04:16:50 - mkk_comic - app.py:502 - INFO - 创建目录: ./out/海贼王/第1176话
2026-03-27 04:16:50 - mkk_comic - app.py:505 - INFO - 开始下载: 海贼王 - 第1176话
2026-03-27 04:16:50 - mkk_comic - app.py:506 - INFO - 总页数: 15
2026-03-27 04:16:50 - mkk_comic - app.py:587 - INFO - 正在下载第 001/015 页...
2026-03-27 04:16:50 - mkk_comic - app.py:587 - INFO - 正在下载第 002/015 页...
2026-03-27 04:16:50 - mkk_comic - app.py:587 - INFO - 正在下载第 003/015 页...
2026-03-27 04:16:50 - mkk_comic - app.py:587 - INFO - 正在下载第 004/015 页...
2026-03-27 04:16:50 - mkk_comic - app.py:587 - INFO - 正在下载第 005/015 页...
2026-03-27 04:16:51 - mkk_comic - app.py:587 - INFO - 正在下载第 006/015 页...
2026-03-27 04:16:51 - mkk_comic - app.py:587 - INFO - 正在下载第 007/015 页...
2026-03-27 04:16:51 - mkk_comic - app.py:587 - INFO - 正在下载第 008/015 页...
2026-03-27 04:16:51 - mkk_comic - app.py:587 - INFO - 正在下载第 009/015 页...
2026-03-27 04:16:51 - mkk_comic - app.py:587 - INFO - 正在下载第 010/015 页...
2026-03-27 04:16:51 - mkk_comic - app.py:587 - INFO - 正在下载第 011/015 页...
2026-03-27 04:16:51 - mkk_comic - app.py:587 - INFO - 正在下载第 012/015 页...
2026-03-27 04:16:51 - mkk_comic - app.py:587 - INFO - 正在下载第 013/015 页...
2026-03-27 04:16:51 - mkk_comic - app.py:587 - INFO - 正在下载第 014/015 页...
2026-03-27 04:16:51 - mkk_comic - app.py:587 - INFO - 正在下载第 015/015 页...
2026-03-27 04:16:51 - mkk_comic - app.py:511 - INFO - 下载完成!
2026-03-27 04:16:51 - mkk_comic - app.py:512 - INFO - 成功下载: 15/15 页
2026-03-27 04:16:51 - mkk_comic - app.py:523 - INFO - 章节下载完成，等待 6.2 秒后继续...
2026-03-27 04:16:57 - mkk_comic - app.py:843 - INFO - 【电锯人】上次下载至第258章
2026-03-27 04:16:58 - mkk_comic - app.py:846 - INFO - 该漫画更新至258章，不需要更新
2026-03-27 04:16:58 - mkk_comic - app.py:863 - INFO - ===== 检查更新完成 =====

