2026-02-24 04:01:27 - mkk_comic - app.py:863 - INFO - 运行环境：GitHub Actions（自动化模式）
2026-02-24 04:01:27 - mkk_comic - app.py:820 - INFO - ===== 开始检查更新=====
2026-02-24 04:01:27 - mkk_comic - app.py:838 - INFO - 【海贼王】上次下载至第69章
2026-02-24 04:01:28 - mkk_comic - app.py:845 - INFO - 【海贼王】检测到更新！最新：378章
2026-02-24 04:01:28 - mkk_comic - app.py:848 - INFO - 【海贼王】最大下载限制为5章-需下载70~74章）
2026-02-24 04:01:29 - mkk_comic - app.py:494 - INFO - 正在下载第70章: 70卷    UUID:e015059f-c7d8-11e8-882e-024352452ce0
2026-02-24 04:01:29 - mkk_comic - app.py:502 - INFO - 创建目录: ./out/海贼王/70卷
2026-02-24 04:01:29 - mkk_comic - app.py:505 - INFO - 开始下载: 海贼王 - 70卷
2026-02-24 04:01:29 - mkk_comic - app.py:506 - INFO - 总页数: 206
2026-02-24 04:01:29 - mkk_comic - app.py:582 - INFO - 正在下载第 001/206 页...
2026-02-24 04:01:29 - mkk_comic - app.py:582 - INFO - 正在下载第 002/206 页...
2026-02-24 04:01:29 - mkk_comic - app.py:582 - INFO - 正在下载第 003/206 页...
2026-02-24 04:01:29 - mkk_comic - app.py:582 - INFO - 正在下载第 004/206 页...
2026-02-24 04:01:29 - mkk_comic - app.py:582 - INFO - 正在下载第 005/206 页...
2026-02-24 04:01:29 - mkk_comic - app.py:582 - INFO - 正在下载第 006/206 页...
2026-02-24 04:01:29 - mkk_comic - app.py:582 - INFO - 正在下载第 007/206 页...
2026-02-24 04:01:29 - mkk_comic - app.py:582 - INFO - 正在下载第 008/206 页...
2026-02-24 04:01:29 - mkk_comic - app.py:582 - INFO - 正在下载第 009/206 页...
2026-02-24 04:01:29 - mkk_comic - app.py:582 - INFO - 正在下载第 010/206 页...
2026-02-24 04:01:29 - mkk_comic - app.py:582 - INFO - 正在下载第 011/206 页...
2026-02-24 04:01:29 - mkk_comic - app.py:582 - INFO - 正在下载第 012/206 页...
2026-02-24 04:01:29 - mkk_comic - app.py:582 - INFO - 正在下载第 013/206 页...
2026-02-24 04:01:29 - mkk_comic - app.py:582 - INFO - 正在下载第 014/206 页...
2026-02-24 04:01:30 - mkk_comic - app.py:582 - INFO - 正在下载第 015/206 页...
2026-02-24 04:01:30 - mkk_comic - app.py:582 - INFO - 正在下载第 016/206 页...
2026-02-24 04:01:30 - mkk_comic - app.py:582 - INFO - 正在下载第 017/206 页...
2026-02-24 04:01:30 - mkk_comic - app.py:582 - INFO - 正在下载第 018/206 页...
2026-02-24 04:01:30 - mkk_comic - app.py:582 - INFO - 正在下载第 019/206 页...
2026-02-24 04:01:30 - mkk_comic - app.py:582 - INFO - 正在下载第 020/206 页...
2026-02-24 04:01:30 - mkk_comic - app.py:582 - INFO - 正在下载第 021/206 页...
2026-02-24 04:01:30 - mkk_comic - app.py:582 - INFO - 正在下载第 022/206 页...
2026-02-24 04:01:30 - mkk_comic - app.py:582 - INFO - 正在下载第 023/206 页...
2026-02-24 04:01:30 - mkk_comic - app.py:582 - INFO - 正在下载第 024/206 页...
2026-02-24 04:01:30 - mkk_comic - app.py:582 - INFO - 正在下载第 025/206 页...
2026-02-24 04:01:30 - mkk_comic - app.py:582 - INFO - 正在下载第 026/206 页...
2026-02-24 04:01:30 - mkk_comic - app.py:582 - INFO - 正在下载第 027/206 页...
2026-02-24 04:01:30 - mkk_comic - app.py:582 - INFO - 正在下载第 028/206 页...
2026-02-24 04:01:30 - mkk_comic - app.py:582 - INFO - 正在下载第 029/206 页...
2026-02-24 04:01:30 - mkk_comic - app.py:582 - INFO - 正在下载第 030/206 页...
2026-02-24 04:01:30 - mkk_comic - app.py:582 - INFO - 正在下载第 031/206 页...
2026-02-24 04:01:30 - mkk_comic - app.py:582 - INFO - 正在下载第 032/206 页...
2026-02-24 04:01:30 - mkk_comic - app.py:582 - INFO - 正在下载第 033/206 页...
2026-02-24 04:01:30 - mkk_comic - app.py:582 - INFO - 正在下载第 034/206 页...
2026-02-24 04:01:30 - mkk_comic - app.py:582 - INFO - 正在下载第 035/206 页...
2026-02-24 04:01:30 - mkk_comic - app.py:582 - INFO - 正在下载第 036/206 页...
2026-02-24 04:01:30 - mkk_comic - app.py:582 - INFO - 正在下载第 037/206 页...
2026-02-24 04:01:30 - mkk_comic - app.py:582 - INFO - 正在下载第 038/206 页...
2026-02-24 04:01:30 - mkk_comic - app.py:582 - INFO - 正在下载第 039/206 页...
2026-02-24 04:01:30 - mkk_comic - app.py:582 - INFO - 正在下载第 040/206 页...
2026-02-24 04:01:30 - mkk_comic - app.py:582 - INFO - 正在下载第 041/206 页...
2026-02-24 04:01:30 - mkk_comic - app.py:582 - INFO - 正在下载第 042/206 页...
2026-02-24 04:01:30 - mkk_comic - app.py:582 - INFO - 正在下载第 043/206 页...
2026-02-24 04:01:30 - mkk_comic - app.py:582 - INFO - 正在下载第 044/206 页...
2026-02-24 04:01:30 - mkk_comic - app.py:582 - INFO - 正在下载第 045/206 页...
2026-02-24 04:01:30 - mkk_comic - app.py:582 - INFO - 正在下载第 046/206 页...
2026-02-24 04:01:30 - mkk_comic - app.py:582 - INFO - 正在下载第 047/206 页...
2026-02-24 04:01:30 - mkk_comic - app.py:582 - INFO - 正在下载第 048/206 页...
2026-02-24 04:01:30 - mkk_comic - app.py:582 - INFO - 正在下载第 049/206 页...
2026-02-24 04:01:30 - mkk_comic - app.py:582 - INFO - 正在下载第 050/206 页...
2026-02-24 04:01:30 - mkk_comic - app.py:582 - INFO - 正在下载第 051/206 页...
2026-02-24 04:01:30 - mkk_comic - app.py:582 - INFO - 正在下载第 052/206 页...
2026-02-24 04:01:30 - mkk_comic - app.py:582 - INFO - 正在下载第 053/206 页...
2026-02-24 04:01:30 - mkk_comic - app.py:582 - INFO - 正在下载第 054/206 页...
2026-02-24 04:01:30 - mkk_comic - app.py:582 - INFO - 正在下载第 055/206 页...
2026-02-24 04:01:30 - mkk_comic - app.py:582 - INFO - 正在下载第 056/206 页...
2026-02-24 04:01:30 - mkk_comic - app.py:582 - INFO - 正在下载第 057/206 页...
2026-02-24 04:01:30 - mkk_comic - app.py:582 - INFO - 正在下载第 058/206 页...
2026-02-24 04:01:30 - mkk_comic - app.py:582 - INFO - 正在下载第 059/206 页...
2026-02-24 04:01:30 - mkk_comic - app.py:582 - INFO - 正在下载第 060/206 页...
2026-02-24 04:01:30 - mkk_comic - app.py:582 - INFO - 正在下载第 061/206 页...
2026-02-24 04:01:30 - mkk_comic - app.py:582 - INFO - 正在下载第 062/206 页...
2026-02-24 04:01:30 - mkk_comic - app.py:582 - INFO - 正在下载第 063/206 页...
2026-02-24 04:01:30 - mkk_comic - app.py:582 - INFO - 正在下载第 064/206 页...
2026-02-24 04:01:30 - mkk_comic - app.py:582 - INFO - 正在下载第 065/206 页...
2026-02-24 04:01:30 - mkk_comic - app.py:582 - INFO - 正在下载第 066/206 页...
2026-02-24 04:01:30 - mkk_comic - app.py:582 - INFO - 正在下载第 067/206 页...
2026-02-24 04:01:30 - mkk_comic - app.py:582 - INFO - 正在下载第 068/206 页...
2026-02-24 04:01:30 - mkk_comic - app.py:582 - INFO - 正在下载第 069/206 页...
2026-02-24 04:01:30 - mkk_comic - app.py:582 - INFO - 正在下载第 070/206 页...
2026-02-24 04:01:30 - mkk_comic - app.py:582 - INFO - 正在下载第 071/206 页...
2026-02-24 04:01:30 - mkk_comic - app.py:582 - INFO - 正在下载第 072/206 页...
2026-02-24 04:01:30 - mkk_comic - app.py:582 - INFO - 正在下载第 073/206 页...
2026-02-24 04:01:30 - mkk_comic - app.py:582 - INFO - 正在下载第 074/206 页...
2026-02-24 04:01:30 - mkk_comic - app.py:582 - INFO - 正在下载第 075/206 页...
2026-02-24 04:01:30 - mkk_comic - app.py:582 - INFO - 正在下载第 076/206 页...
2026-02-24 04:01:31 - mkk_comic - app.py:582 - INFO - 正在下载第 077/206 页...
2026-02-24 04:01:31 - mkk_comic - app.py:582 - INFO - 正在下载第 078/206 页...
2026-02-24 04:01:31 - mkk_comic - app.py:582 - INFO - 正在下载第 079/206 页...
2026-02-24 04:01:31 - mkk_comic - app.py:582 - INFO - 正在下载第 080/206 页...
2026-02-24 04:01:31 - mkk_comic - app.py:582 - INFO - 正在下载第 081/206 页...
2026-02-24 04:01:31 - mkk_comic - app.py:582 - INFO - 正在下载第 082/206 页...
2026-02-24 04:01:31 - mkk_comic - app.py:582 - INFO - 正在下载第 083/206 页...
2026-02-24 04:01:31 - mkk_comic - app.py:582 - INFO - 正在下载第 084/206 页...
2026-02-24 04:01:31 - mkk_comic - app.py:582 - INFO - 正在下载第 085/206 页...
2026-02-24 04:01:31 - mkk_comic - app.py:582 - INFO - 正在下载第 086/206 页...
2026-02-24 04:01:31 - mkk_comic - app.py:582 - INFO - 正在下载第 087/206 页...
2026-02-24 04:01:31 - mkk_comic - app.py:582 - INFO - 正在下载第 088/206 页...
2026-02-24 04:01:31 - mkk_comic - app.py:582 - INFO - 正在下载第 089/206 页...
2026-02-24 04:01:31 - mkk_comic - app.py:582 - INFO - 正在下载第 090/206 页...
2026-02-24 04:01:31 - mkk_comic - app.py:582 - INFO - 正在下载第 091/206 页...
2026-02-24 04:01:31 - mkk_comic - app.py:582 - INFO - 正在下载第 092/206 页...
2026-02-24 04:01:31 - mkk_comic - app.py:582 - INFO - 正在下载第 093/206 页...
2026-02-24 04:01:31 - mkk_comic - app.py:582 - INFO - 正在下载第 094/206 页...
2026-02-24 04:01:31 - mkk_comic - app.py:582 - INFO - 正在下载第 095/206 页...
2026-02-24 04:01:31 - mkk_comic - app.py:582 - INFO - 正在下载第 096/206 页...
2026-02-24 04:01:31 - mkk_comic - app.py:582 - INFO - 正在下载第 097/206 页...
2026-02-24 04:01:31 - mkk_comic - app.py:582 - INFO - 正在下载第 098/206 页...
2026-02-24 04:01:31 - mkk_comic - app.py:582 - INFO - 正在下载第 099/206 页...
2026-02-24 04:01:31 - mkk_comic - app.py:582 - INFO - 正在下载第 100/206 页...
2026-02-24 04:01:31 - mkk_comic - app.py:582 - INFO - 正在下载第 101/206 页...
2026-02-24 04:01:31 - mkk_comic - app.py:582 - INFO - 正在下载第 102/206 页...
2026-02-24 04:01:31 - mkk_comic - app.py:582 - INFO - 正在下载第 103/206 页...
2026-02-24 04:01:31 - mkk_comic - app.py:582 - INFO - 正在下载第 104/206 页...
2026-02-24 04:01:31 - mkk_comic - app.py:582 - INFO - 正在下载第 105/206 页...
2026-02-24 04:01:31 - mkk_comic - app.py:582 - INFO - 正在下载第 106/206 页...
2026-02-24 04:01:31 - mkk_comic - app.py:582 - INFO - 正在下载第 107/206 页...
2026-02-24 04:01:31 - mkk_comic - app.py:582 - INFO - 正在下载第 108/206 页...
2026-02-24 04:01:31 - mkk_comic - app.py:582 - INFO - 正在下载第 109/206 页...
2026-02-24 04:01:31 - mkk_comic - app.py:582 - INFO - 正在下载第 110/206 页...
2026-02-24 04:01:31 - mkk_comic - app.py:582 - INFO - 正在下载第 111/206 页...
2026-02-24 04:01:31 - mkk_comic - app.py:582 - INFO - 正在下载第 112/206 页...
2026-02-24 04:01:31 - mkk_comic - app.py:582 - INFO - 正在下载第 113/206 页...
2026-02-24 04:01:31 - mkk_comic - app.py:582 - INFO - 正在下载第 114/206 页...
2026-02-24 04:01:31 - mkk_comic - app.py:582 - INFO - 正在下载第 115/206 页...
2026-02-24 04:01:31 - mkk_comic - app.py:582 - INFO - 正在下载第 116/206 页...
2026-02-24 04:01:31 - mkk_comic - app.py:582 - INFO - 正在下载第 117/206 页...
2026-02-24 04:01:31 - mkk_comic - app.py:582 - INFO - 正在下载第 118/206 页...
2026-02-24 04:01:31 - mkk_comic - app.py:582 - INFO - 正在下载第 119/206 页...
2026-02-24 04:01:31 - mkk_comic - app.py:582 - INFO - 正在下载第 120/206 页...
2026-02-24 04:01:31 - mkk_comic - app.py:582 - INFO - 正在下载第 121/206 页...
2026-02-24 04:01:31 - mkk_comic - app.py:582 - INFO - 正在下载第 122/206 页...
2026-02-24 04:01:31 - mkk_comic - app.py:582 - INFO - 正在下载第 123/206 页...
2026-02-24 04:01:31 - mkk_comic - app.py:582 - INFO - 正在下载第 124/206 页...
2026-02-24 04:01:31 - mkk_comic - app.py:582 - INFO - 正在下载第 125/206 页...
2026-02-24 04:01:31 - mkk_comic - app.py:582 - INFO - 正在下载第 126/206 页...
2026-02-24 04:01:31 - mkk_comic - app.py:582 - INFO - 正在下载第 127/206 页...
2026-02-24 04:01:31 - mkk_comic - app.py:582 - INFO - 正在下载第 128/206 页...
2026-02-24 04:01:31 - mkk_comic - app.py:582 - INFO - 正在下载第 129/206 页...
2026-02-24 04:01:31 - mkk_comic - app.py:582 - INFO - 正在下载第 130/206 页...
2026-02-24 04:01:31 - mkk_comic - app.py:582 - INFO - 正在下载第 131/206 页...
2026-02-24 04:01:31 - mkk_comic - app.py:582 - INFO - 正在下载第 132/206 页...
2026-02-24 04:01:31 - mkk_comic - app.py:582 - INFO - 正在下载第 133/206 页...
2026-02-24 04:01:31 - mkk_comic - app.py:582 - INFO - 正在下载第 134/206 页...
2026-02-24 04:01:31 - mkk_comic - app.py:582 - INFO - 正在下载第 135/206 页...
2026-02-24 04:01:31 - mkk_comic - app.py:582 - INFO - 正在下载第 136/206 页...
2026-02-24 04:01:31 - mkk_comic - app.py:582 - INFO - 正在下载第 137/206 页...
2026-02-24 04:01:31 - mkk_comic - app.py:582 - INFO - 正在下载第 138/206 页...
2026-02-24 04:01:32 - mkk_comic - app.py:582 - INFO - 正在下载第 139/206 页...
2026-02-24 04:01:32 - mkk_comic - app.py:582 - INFO - 正在下载第 140/206 页...
2026-02-24 04:01:32 - mkk_comic - app.py:582 - INFO - 正在下载第 141/206 页...
2026-02-24 04:01:32 - mkk_comic - app.py:582 - INFO - 正在下载第 142/206 页...
2026-02-24 04:01:32 - mkk_comic - app.py:582 - INFO - 正在下载第 143/206 页...
2026-02-24 04:01:32 - mkk_comic - app.py:582 - INFO - 正在下载第 144/206 页...
2026-02-24 04:01:32 - mkk_comic - app.py:582 - INFO - 正在下载第 145/206 页...
2026-02-24 04:01:32 - mkk_comic - app.py:582 - INFO - 正在下载第 146/206 页...
2026-02-24 04:01:32 - mkk_comic - app.py:582 - INFO - 正在下载第 147/206 页...
2026-02-24 04:01:32 - mkk_comic - app.py:582 - INFO - 正在下载第 148/206 页...
2026-02-24 04:01:32 - mkk_comic - app.py:582 - INFO - 正在下载第 149/206 页...
2026-02-24 04:01:32 - mkk_comic - app.py:582 - INFO - 正在下载第 150/206 页...
2026-02-24 04:01:32 - mkk_comic - app.py:582 - INFO - 正在下载第 151/206 页...
2026-02-24 04:01:32 - mkk_comic - app.py:582 - INFO - 正在下载第 152/206 页...
2026-02-24 04:01:32 - mkk_comic - app.py:582 - INFO - 正在下载第 153/206 页...
2026-02-24 04:01:32 - mkk_comic - app.py:582 - INFO - 正在下载第 154/206 页...
2026-02-24 04:01:32 - mkk_comic - app.py:582 - INFO - 正在下载第 155/206 页...
2026-02-24 04:01:32 - mkk_comic - app.py:582 - INFO - 正在下载第 156/206 页...
2026-02-24 04:01:32 - mkk_comic - app.py:582 - INFO - 正在下载第 157/206 页...
2026-02-24 04:01:32 - mkk_comic - app.py:582 - INFO - 正在下载第 158/206 页...
2026-02-24 04:01:32 - mkk_comic - app.py:582 - INFO - 正在下载第 159/206 页...
2026-02-24 04:01:32 - mkk_comic - app.py:582 - INFO - 正在下载第 160/206 页...
2026-02-24 04:01:32 - mkk_comic - app.py:582 - INFO - 正在下载第 161/206 页...
2026-02-24 04:01:32 - mkk_comic - app.py:582 - INFO - 正在下载第 162/206 页...
2026-02-24 04:01:32 - mkk_comic - app.py:582 - INFO - 正在下载第 163/206 页...
2026-02-24 04:01:32 - mkk_comic - app.py:582 - INFO - 正在下载第 164/206 页...
2026-02-24 04:01:32 - mkk_comic - app.py:582 - INFO - 正在下载第 165/206 页...
2026-02-24 04:01:32 - mkk_comic - app.py:582 - INFO - 正在下载第 166/206 页...
2026-02-24 04:01:32 - mkk_comic - app.py:582 - INFO - 正在下载第 167/206 页...
2026-02-24 04:01:32 - mkk_comic - app.py:582 - INFO - 正在下载第 168/206 页...
2026-02-24 04:01:32 - mkk_comic - app.py:582 - INFO - 正在下载第 169/206 页...
2026-02-24 04:01:32 - mkk_comic - app.py:582 - INFO - 正在下载第 170/206 页...
2026-02-24 04:01:32 - mkk_comic - app.py:582 - INFO - 正在下载第 171/206 页...
2026-02-24 04:01:32 - mkk_comic - app.py:582 - INFO - 正在下载第 172/206 页...
2026-02-24 04:01:32 - mkk_comic - app.py:582 - INFO - 正在下载第 173/206 页...
2026-02-24 04:01:32 - mkk_comic - app.py:582 - INFO - 正在下载第 174/206 页...
2026-02-24 04:01:32 - mkk_comic - app.py:582 - INFO - 正在下载第 175/206 页...
2026-02-24 04:01:32 - mkk_comic - app.py:582 - INFO - 正在下载第 176/206 页...
2026-02-24 04:01:32 - mkk_comic - app.py:582 - INFO - 正在下载第 177/206 页...
2026-02-24 04:01:32 - mkk_comic - app.py:582 - INFO - 正在下载第 178/206 页...
2026-02-24 04:01:32 - mkk_comic - app.py:582 - INFO - 正在下载第 179/206 页...
2026-02-24 04:01:32 - mkk_comic - app.py:582 - INFO - 正在下载第 180/206 页...
2026-02-24 04:01:32 - mkk_comic - app.py:582 - INFO - 正在下载第 181/206 页...
2026-02-24 04:01:32 - mkk_comic - app.py:582 - INFO - 正在下载第 182/206 页...
2026-02-24 04:01:32 - mkk_comic - app.py:582 - INFO - 正在下载第 183/206 页...
2026-02-24 04:01:32 - mkk_comic - app.py:582 - INFO - 正在下载第 184/206 页...
2026-02-24 04:01:32 - mkk_comic - app.py:582 - INFO - 正在下载第 185/206 页...
2026-02-24 04:01:32 - mkk_comic - app.py:582 - INFO - 正在下载第 186/206 页...
2026-02-24 04:01:32 - mkk_comic - app.py:582 - INFO - 正在下载第 187/206 页...
2026-02-24 04:01:32 - mkk_comic - app.py:582 - INFO - 正在下载第 188/206 页...
2026-02-24 04:01:32 - mkk_comic - app.py:582 - INFO - 正在下载第 189/206 页...
2026-02-24 04:01:32 - mkk_comic - app.py:582 - INFO - 正在下载第 190/206 页...
2026-02-24 04:01:32 - mkk_comic - app.py:582 - INFO - 正在下载第 191/206 页...
2026-02-24 04:01:32 - mkk_comic - app.py:582 - INFO - 正在下载第 192/206 页...
2026-02-24 04:01:32 - mkk_comic - app.py:582 - INFO - 正在下载第 193/206 页...
2026-02-24 04:01:32 - mkk_comic - app.py:582 - INFO - 正在下载第 194/206 页...
2026-02-24 04:01:32 - mkk_comic - app.py:582 - INFO - 正在下载第 195/206 页...
2026-02-24 04:01:32 - mkk_comic - app.py:582 - INFO - 正在下载第 196/206 页...
2026-02-24 04:01:32 - mkk_comic - app.py:582 - INFO - 正在下载第 197/206 页...
2026-02-24 04:01:32 - mkk_comic - app.py:582 - INFO - 正在下载第 198/206 页...
2026-02-24 04:01:32 - mkk_comic - app.py:582 - INFO - 正在下载第 199/206 页...
2026-02-24 04:01:32 - mkk_comic - app.py:582 - INFO - 正在下载第 200/206 页...
2026-02-24 04:01:32 - mkk_comic - app.py:582 - INFO - 正在下载第 201/206 页...
2026-02-24 04:01:33 - mkk_comic - app.py:582 - INFO - 正在下载第 202/206 页...
2026-02-24 04:01:33 - mkk_comic - app.py:582 - INFO - 正在下载第 203/206 页...
2026-02-24 04:01:33 - mkk_comic - app.py:582 - INFO - 正在下载第 204/206 页...
2026-02-24 04:01:33 - mkk_comic - app.py:582 - INFO - 正在下载第 205/206 页...
2026-02-24 04:01:33 - mkk_comic - app.py:582 - INFO - 正在下载第 206/206 页...
2026-02-24 04:01:33 - mkk_comic - app.py:511 - INFO - 下载完成!
2026-02-24 04:01:33 - mkk_comic - app.py:512 - INFO - 成功下载: 206/206 页
2026-02-24 04:01:33 - mkk_comic - app.py:494 - INFO - 正在下载第71章: 71卷    UUID:e866b6c7-c7d8-11e8-882e-024352452ce0
2026-02-24 04:01:35 - mkk_comic - app.py:502 - INFO - 创建目录: ./out/海贼王/71卷
2026-02-24 04:01:35 - mkk_comic - app.py:505 - INFO - 开始下载: 海贼王 - 71卷
2026-02-24 04:01:35 - mkk_comic - app.py:506 - INFO - 总页数: 217
2026-02-24 04:01:35 - mkk_comic - app.py:582 - INFO - 正在下载第 001/217 页...
2026-02-24 04:01:35 - mkk_comic - app.py:582 - INFO - 正在下载第 002/217 页...
2026-02-24 04:01:35 - mkk_comic - app.py:582 - INFO - 正在下载第 003/217 页...
2026-02-24 04:01:35 - mkk_comic - app.py:582 - INFO - 正在下载第 004/217 页...
2026-02-24 04:01:35 - mkk_comic - app.py:582 - INFO - 正在下载第 005/217 页...
2026-02-24 04:01:35 - mkk_comic - app.py:582 - INFO - 正在下载第 006/217 页...
2026-02-24 04:01:35 - mkk_comic - app.py:582 - INFO - 正在下载第 007/217 页...
2026-02-24 04:01:35 - mkk_comic - app.py:582 - INFO - 正在下载第 008/217 页...
2026-02-24 04:01:35 - mkk_comic - app.py:582 - INFO - 正在下载第 009/217 页...
2026-02-24 04:01:35 - mkk_comic - app.py:582 - INFO - 正在下载第 010/217 页...
2026-02-24 04:01:35 - mkk_comic - app.py:582 - INFO - 正在下载第 011/217 页...
2026-02-24 04:01:35 - mkk_comic - app.py:582 - INFO - 正在下载第 012/217 页...
2026-02-24 04:01:35 - mkk_comic - app.py:582 - INFO - 正在下载第 013/217 页...
2026-02-24 04:01:35 - mkk_comic - app.py:582 - INFO - 正在下载第 014/217 页...
2026-02-24 04:01:35 - mkk_comic - app.py:582 - INFO - 正在下载第 015/217 页...
2026-02-24 04:01:35 - mkk_comic - app.py:582 - INFO - 正在下载第 016/217 页...
2026-02-24 04:01:35 - mkk_comic - app.py:582 - INFO - 正在下载第 017/217 页...
2026-02-24 04:01:35 - mkk_comic - app.py:582 - INFO - 正在下载第 018/217 页...
2026-02-24 04:01:35 - mkk_comic - app.py:582 - INFO - 正在下载第 019/217 页...
2026-02-24 04:01:35 - mkk_comic - app.py:582 - INFO - 正在下载第 020/217 页...
2026-02-24 04:01:35 - mkk_comic - app.py:582 - INFO - 正在下载第 021/217 页...
2026-02-24 04:01:35 - mkk_comic - app.py:582 - INFO - 正在下载第 022/217 页...
2026-02-24 04:01:35 - mkk_comic - app.py:582 - INFO - 正在下载第 023/217 页...
2026-02-24 04:01:35 - mkk_comic - app.py:582 - INFO - 正在下载第 024/217 页...
2026-02-24 04:01:35 - mkk_comic - app.py:582 - INFO - 正在下载第 025/217 页...
2026-02-24 04:01:35 - mkk_comic - app.py:582 - INFO - 正在下载第 026/217 页...
2026-02-24 04:01:35 - mkk_comic - app.py:582 - INFO - 正在下载第 027/217 页...
2026-02-24 04:01:35 - mkk_comic - app.py:582 - INFO - 正在下载第 028/217 页...
2026-02-24 04:01:35 - mkk_comic - app.py:582 - INFO - 正在下载第 029/217 页...
2026-02-24 04:01:35 - mkk_comic - app.py:582 - INFO - 正在下载第 030/217 页...
2026-02-24 04:01:35 - mkk_comic - app.py:582 - INFO - 正在下载第 031/217 页...
2026-02-24 04:01:35 - mkk_comic - app.py:582 - INFO - 正在下载第 032/217 页...
2026-02-24 04:01:35 - mkk_comic - app.py:582 - INFO - 正在下载第 033/217 页...
2026-02-24 04:01:35 - mkk_comic - app.py:582 - INFO - 正在下载第 034/217 页...
2026-02-24 04:01:35 - mkk_comic - app.py:582 - INFO - 正在下载第 035/217 页...
2026-02-24 04:01:35 - mkk_comic - app.py:582 - INFO - 正在下载第 036/217 页...
2026-02-24 04:01:35 - mkk_comic - app.py:582 - INFO - 正在下载第 037/217 页...
2026-02-24 04:01:35 - mkk_comic - app.py:582 - INFO - 正在下载第 038/217 页...
2026-02-24 04:01:35 - mkk_comic - app.py:582 - INFO - 正在下载第 039/217 页...
2026-02-24 04:01:35 - mkk_comic - app.py:582 - INFO - 正在下载第 040/217 页...
2026-02-24 04:01:35 - mkk_comic - app.py:582 - INFO - 正在下载第 041/217 页...
2026-02-24 04:01:35 - mkk_comic - app.py:582 - INFO - 正在下载第 042/217 页...
2026-02-24 04:01:35 - mkk_comic - app.py:582 - INFO - 正在下载第 043/217 页...
2026-02-24 04:01:35 - mkk_comic - app.py:582 - INFO - 正在下载第 044/217 页...
2026-02-24 04:01:35 - mkk_comic - app.py:582 - INFO - 正在下载第 045/217 页...
2026-02-24 04:01:36 - mkk_comic - app.py:582 - INFO - 正在下载第 046/217 页...
2026-02-24 04:01:36 - mkk_comic - app.py:582 - INFO - 正在下载第 047/217 页...
2026-02-24 04:01:36 - mkk_comic - app.py:582 - INFO - 正在下载第 048/217 页...
2026-02-24 04:01:36 - mkk_comic - app.py:582 - INFO - 正在下载第 049/217 页...
2026-02-24 04:01:36 - mkk_comic - app.py:582 - INFO - 正在下载第 050/217 页...
2026-02-24 04:01:36 - mkk_comic - app.py:582 - INFO - 正在下载第 051/217 页...
2026-02-24 04:01:36 - mkk_comic - app.py:582 - INFO - 正在下载第 052/217 页...
2026-02-24 04:01:36 - mkk_comic - app.py:582 - INFO - 正在下载第 053/217 页...
2026-02-24 04:01:36 - mkk_comic - app.py:582 - INFO - 正在下载第 054/217 页...
2026-02-24 04:01:36 - mkk_comic - app.py:582 - INFO - 正在下载第 055/217 页...
2026-02-24 04:01:36 - mkk_comic - app.py:582 - INFO - 正在下载第 056/217 页...
2026-02-24 04:01:36 - mkk_comic - app.py:582 - INFO - 正在下载第 057/217 页...
2026-02-24 04:01:36 - mkk_comic - app.py:582 - INFO - 正在下载第 058/217 页...
2026-02-24 04:01:36 - mkk_comic - app.py:582 - INFO - 正在下载第 059/217 页...
2026-02-24 04:01:36 - mkk_comic - app.py:582 - INFO - 正在下载第 060/217 页...
2026-02-24 04:01:36 - mkk_comic - app.py:582 - INFO - 正在下载第 061/217 页...
2026-02-24 04:01:36 - mkk_comic - app.py:582 - INFO - 正在下载第 062/217 页...
2026-02-24 04:01:36 - mkk_comic - app.py:582 - INFO - 正在下载第 063/217 页...
2026-02-24 04:01:36 - mkk_comic - app.py:582 - INFO - 正在下载第 064/217 页...
2026-02-24 04:01:36 - mkk_comic - app.py:582 - INFO - 正在下载第 065/217 页...
2026-02-24 04:01:36 - mkk_comic - app.py:582 - INFO - 正在下载第 066/217 页...
2026-02-24 04:01:36 - mkk_comic - app.py:582 - INFO - 正在下载第 067/217 页...
2026-02-24 04:01:36 - mkk_comic - app.py:582 - INFO - 正在下载第 068/217 页...
2026-02-24 04:01:36 - mkk_comic - app.py:582 - INFO - 正在下载第 069/217 页...
2026-02-24 04:01:36 - mkk_comic - app.py:582 - INFO - 正在下载第 070/217 页...
2026-02-24 04:01:36 - mkk_comic - app.py:582 - INFO - 正在下载第 071/217 页...
2026-02-24 04:01:36 - mkk_comic - app.py:582 - INFO - 正在下载第 072/217 页...
2026-02-24 04:01:36 - mkk_comic - app.py:582 - INFO - 正在下载第 073/217 页...
2026-02-24 04:01:36 - mkk_comic - app.py:582 - INFO - 正在下载第 074/217 页...
2026-02-24 04:01:36 - mkk_comic - app.py:582 - INFO - 正在下载第 075/217 页...
2026-02-24 04:01:36 - mkk_comic - app.py:582 - INFO - 正在下载第 076/217 页...
2026-02-24 04:01:36 - mkk_comic - app.py:582 - INFO - 正在下载第 077/217 页...
2026-02-24 04:01:36 - mkk_comic - app.py:582 - INFO - 正在下载第 078/217 页...
2026-02-24 04:01:36 - mkk_comic - app.py:582 - INFO - 正在下载第 079/217 页...
2026-02-24 04:01:36 - mkk_comic - app.py:582 - INFO - 正在下载第 080/217 页...
2026-02-24 04:01:36 - mkk_comic - app.py:582 - INFO - 正在下载第 081/217 页...
2026-02-24 04:01:36 - mkk_comic - app.py:582 - INFO - 正在下载第 082/217 页...
2026-02-24 04:01:36 - mkk_comic - app.py:582 - INFO - 正在下载第 083/217 页...
2026-02-24 04:01:36 - mkk_comic - app.py:582 - INFO - 正在下载第 084/217 页...
2026-02-24 04:01:36 - mkk_comic - app.py:582 - INFO - 正在下载第 085/217 页...
2026-02-24 04:01:36 - mkk_comic - app.py:582 - INFO - 正在下载第 086/217 页...
2026-02-24 04:01:36 - mkk_comic - app.py:582 - INFO - 正在下载第 087/217 页...
2026-02-24 04:01:36 - mkk_comic - app.py:582 - INFO - 正在下载第 088/217 页...
2026-02-24 04:01:36 - mkk_comic - app.py:582 - INFO - 正在下载第 089/217 页...
2026-02-24 04:01:36 - mkk_comic - app.py:582 - INFO - 正在下载第 090/217 页...
2026-02-24 04:01:36 - mkk_comic - app.py:582 - INFO - 正在下载第 091/217 页...
2026-02-24 04:01:36 - mkk_comic - app.py:582 - INFO - 正在下载第 092/217 页...
2026-02-24 04:01:36 - mkk_comic - app.py:582 - INFO - 正在下载第 093/217 页...
2026-02-24 04:01:36 - mkk_comic - app.py:582 - INFO - 正在下载第 094/217 页...
2026-02-24 04:01:36 - mkk_comic - app.py:582 - INFO - 正在下载第 095/217 页...
2026-02-24 04:01:36 - mkk_comic - app.py:582 - INFO - 正在下载第 096/217 页...
2026-02-24 04:01:36 - mkk_comic - app.py:582 - INFO - 正在下载第 097/217 页...
2026-02-24 04:01:36 - mkk_comic - app.py:582 - INFO - 正在下载第 098/217 页...
2026-02-24 04:01:36 - mkk_comic - app.py:582 - INFO - 正在下载第 099/217 页...
2026-02-24 04:01:36 - mkk_comic - app.py:582 - INFO - 正在下载第 100/217 页...
2026-02-24 04:01:36 - mkk_comic - app.py:582 - INFO - 正在下载第 101/217 页...
2026-02-24 04:01:36 - mkk_comic - app.py:582 - INFO - 正在下载第 102/217 页...
2026-02-24 04:01:36 - mkk_comic - app.py:582 - INFO - 正在下载第 103/217 页...
2026-02-24 04:01:36 - mkk_comic - app.py:582 - INFO - 正在下载第 104/217 页...
2026-02-24 04:01:36 - mkk_comic - app.py:582 - INFO - 正在下载第 105/217 页...
2026-02-24 04:01:36 - mkk_comic - app.py:582 - INFO - 正在下载第 106/217 页...
2026-02-24 04:01:36 - mkk_comic - app.py:582 - INFO - 正在下载第 107/217 页...
2026-02-24 04:01:36 - mkk_comic - app.py:582 - INFO - 正在下载第 108/217 页...
2026-02-24 04:01:37 - mkk_comic - app.py:582 - INFO - 正在下载第 109/217 页...
2026-02-24 04:01:37 - mkk_comic - app.py:582 - INFO - 正在下载第 110/217 页...
2026-02-24 04:01:37 - mkk_comic - app.py:582 - INFO - 正在下载第 111/217 页...
2026-02-24 04:01:37 - mkk_comic - app.py:582 - INFO - 正在下载第 112/217 页...
2026-02-24 04:01:37 - mkk_comic - app.py:582 - INFO - 正在下载第 113/217 页...
2026-02-24 04:01:37 - mkk_comic - app.py:582 - INFO - 正在下载第 114/217 页...
2026-02-24 04:01:37 - mkk_comic - app.py:582 - INFO - 正在下载第 115/217 页...
2026-02-24 04:01:37 - mkk_comic - app.py:582 - INFO - 正在下载第 116/217 页...
2026-02-24 04:01:37 - mkk_comic - app.py:582 - INFO - 正在下载第 117/217 页...
2026-02-24 04:01:37 - mkk_comic - app.py:582 - INFO - 正在下载第 118/217 页...
2026-02-24 04:01:37 - mkk_comic - app.py:582 - INFO - 正在下载第 119/217 页...
2026-02-24 04:01:37 - mkk_comic - app.py:582 - INFO - 正在下载第 120/217 页...
2026-02-24 04:01:37 - mkk_comic - app.py:582 - INFO - 正在下载第 121/217 页...
2026-02-24 04:01:37 - mkk_comic - app.py:582 - INFO - 正在下载第 122/217 页...
2026-02-24 04:01:37 - mkk_comic - app.py:582 - INFO - 正在下载第 123/217 页...
2026-02-24 04:01:37 - mkk_comic - app.py:582 - INFO - 正在下载第 124/217 页...
2026-02-24 04:01:37 - mkk_comic - app.py:582 - INFO - 正在下载第 125/217 页...
2026-02-24 04:01:37 - mkk_comic - app.py:582 - INFO - 正在下载第 126/217 页...
2026-02-24 04:01:37 - mkk_comic - app.py:582 - INFO - 正在下载第 127/217 页...
2026-02-24 04:01:37 - mkk_comic - app.py:582 - INFO - 正在下载第 128/217 页...
2026-02-24 04:01:37 - mkk_comic - app.py:582 - INFO - 正在下载第 129/217 页...
2026-02-24 04:01:37 - mkk_comic - app.py:582 - INFO - 正在下载第 130/217 页...
2026-02-24 04:01:37 - mkk_comic - app.py:582 - INFO - 正在下载第 131/217 页...
2026-02-24 04:01:37 - mkk_comic - app.py:582 - INFO - 正在下载第 132/217 页...
2026-02-24 04:01:37 - mkk_comic - app.py:582 - INFO - 正在下载第 133/217 页...
2026-02-24 04:01:37 - mkk_comic - app.py:582 - INFO - 正在下载第 134/217 页...
2026-02-24 04:01:37 - mkk_comic - app.py:582 - INFO - 正在下载第 135/217 页...
2026-02-24 04:01:37 - mkk_comic - app.py:582 - INFO - 正在下载第 136/217 页...
2026-02-24 04:01:37 - mkk_comic - app.py:582 - INFO - 正在下载第 137/217 页...
2026-02-24 04:01:37 - mkk_comic - app.py:582 - INFO - 正在下载第 138/217 页...
2026-02-24 04:01:37 - mkk_comic - app.py:582 - INFO - 正在下载第 139/217 页...
2026-02-24 04:01:37 - mkk_comic - app.py:582 - INFO - 正在下载第 140/217 页...
2026-02-24 04:01:37 - mkk_comic - app.py:582 - INFO - 正在下载第 141/217 页...
2026-02-24 04:01:37 - mkk_comic - app.py:582 - INFO - 正在下载第 142/217 页...
2026-02-24 04:01:37 - mkk_comic - app.py:582 - INFO - 正在下载第 143/217 页...
2026-02-24 04:01:37 - mkk_comic - app.py:582 - INFO - 正在下载第 144/217 页...
2026-02-24 04:01:37 - mkk_comic - app.py:582 - INFO - 正在下载第 145/217 页...
2026-02-24 04:01:37 - mkk_comic - app.py:582 - INFO - 正在下载第 146/217 页...
2026-02-24 04:01:37 - mkk_comic - app.py:582 - INFO - 正在下载第 147/217 页...
2026-02-24 04:01:37 - mkk_comic - app.py:582 - INFO - 正在下载第 148/217 页...
2026-02-24 04:01:37 - mkk_comic - app.py:582 - INFO - 正在下载第 149/217 页...
2026-02-24 04:01:37 - mkk_comic - app.py:582 - INFO - 正在下载第 150/217 页...
2026-02-24 04:01:37 - mkk_comic - app.py:582 - INFO - 正在下载第 151/217 页...
2026-02-24 04:01:37 - mkk_comic - app.py:582 - INFO - 正在下载第 152/217 页...
2026-02-24 04:01:37 - mkk_comic - app.py:582 - INFO - 正在下载第 153/217 页...
2026-02-24 04:01:37 - mkk_comic - app.py:582 - INFO - 正在下载第 154/217 页...
2026-02-24 04:01:37 - mkk_comic - app.py:582 - INFO - 正在下载第 155/217 页...
2026-02-24 04:01:37 - mkk_comic - app.py:582 - INFO - 正在下载第 156/217 页...
2026-02-24 04:01:37 - mkk_comic - app.py:582 - INFO - 正在下载第 157/217 页...
2026-02-24 04:01:37 - mkk_comic - app.py:582 - INFO - 正在下载第 158/217 页...
2026-02-24 04:01:37 - mkk_comic - app.py:582 - INFO - 正在下载第 159/217 页...
2026-02-24 04:01:37 - mkk_comic - app.py:582 - INFO - 正在下载第 160/217 页...
2026-02-24 04:01:37 - mkk_comic - app.py:582 - INFO - 正在下载第 161/217 页...
2026-02-24 04:01:37 - mkk_comic - app.py:582 - INFO - 正在下载第 162/217 页...
2026-02-24 04:01:37 - mkk_comic - app.py:582 - INFO - 正在下载第 163/217 页...
2026-02-24 04:01:37 - mkk_comic - app.py:582 - INFO - 正在下载第 164/217 页...
2026-02-24 04:01:37 - mkk_comic - app.py:582 - INFO - 正在下载第 165/217 页...
2026-02-24 04:01:37 - mkk_comic - app.py:582 - INFO - 正在下载第 166/217 页...
2026-02-24 04:01:37 - mkk_comic - app.py:582 - INFO - 正在下载第 167/217 页...
2026-02-24 04:01:37 - mkk_comic - app.py:582 - INFO - 正在下载第 168/217 页...
2026-02-24 04:01:37 - mkk_comic - app.py:582 - INFO - 正在下载第 169/217 页...
2026-02-24 04:01:37 - mkk_comic - app.py:582 - INFO - 正在下载第 170/217 页...
2026-02-24 04:01:37 - mkk_comic - app.py:582 - INFO - 正在下载第 171/217 页...
2026-02-24 04:01:37 - mkk_comic - app.py:582 - INFO - 正在下载第 172/217 页...
2026-02-24 04:01:38 - mkk_comic - app.py:582 - INFO - 正在下载第 173/217 页...
2026-02-24 04:01:38 - mkk_comic - app.py:582 - INFO - 正在下载第 174/217 页...
2026-02-24 04:01:38 - mkk_comic - app.py:582 - INFO - 正在下载第 175/217 页...
2026-02-24 04:01:38 - mkk_comic - app.py:582 - INFO - 正在下载第 176/217 页...
2026-02-24 04:01:38 - mkk_comic - app.py:582 - INFO - 正在下载第 177/217 页...
2026-02-24 04:01:38 - mkk_comic - app.py:582 - INFO - 正在下载第 178/217 页...
2026-02-24 04:01:38 - mkk_comic - app.py:582 - INFO - 正在下载第 179/217 页...
2026-02-24 04:01:38 - mkk_comic - app.py:582 - INFO - 正在下载第 180/217 页...
2026-02-24 04:01:38 - mkk_comic - app.py:582 - INFO - 正在下载第 181/217 页...
2026-02-24 04:01:38 - mkk_comic - app.py:582 - INFO - 正在下载第 182/217 页...
2026-02-24 04:01:38 - mkk_comic - app.py:582 - INFO - 正在下载第 183/217 页...
2026-02-24 04:01:38 - mkk_comic - app.py:582 - INFO - 正在下载第 184/217 页...
2026-02-24 04:01:38 - mkk_comic - app.py:582 - INFO - 正在下载第 185/217 页...
2026-02-24 04:01:38 - mkk_comic - app.py:582 - INFO - 正在下载第 186/217 页...
2026-02-24 04:01:38 - mkk_comic - app.py:582 - INFO - 正在下载第 187/217 页...
2026-02-24 04:01:38 - mkk_comic - app.py:582 - INFO - 正在下载第 188/217 页...
2026-02-24 04:01:38 - mkk_comic - app.py:582 - INFO - 正在下载第 189/217 页...
2026-02-24 04:01:38 - mkk_comic - app.py:582 - INFO - 正在下载第 190/217 页...
2026-02-24 04:01:38 - mkk_comic - app.py:582 - INFO - 正在下载第 191/217 页...
2026-02-24 04:01:38 - mkk_comic - app.py:582 - INFO - 正在下载第 192/217 页...
2026-02-24 04:01:38 - mkk_comic - app.py:582 - INFO - 正在下载第 193/217 页...
2026-02-24 04:01:38 - mkk_comic - app.py:582 - INFO - 正在下载第 194/217 页...
2026-02-24 04:01:38 - mkk_comic - app.py:582 - INFO - 正在下载第 195/217 页...
2026-02-24 04:01:38 - mkk_comic - app.py:582 - INFO - 正在下载第 196/217 页...
2026-02-24 04:01:38 - mkk_comic - app.py:582 - INFO - 正在下载第 197/217 页...
2026-02-24 04:01:38 - mkk_comic - app.py:582 - INFO - 正在下载第 198/217 页...
2026-02-24 04:01:38 - mkk_comic - app.py:582 - INFO - 正在下载第 199/217 页...
2026-02-24 04:01:38 - mkk_comic - app.py:582 - INFO - 正在下载第 200/217 页...
2026-02-24 04:01:38 - mkk_comic - app.py:582 - INFO - 正在下载第 201/217 页...
2026-02-24 04:01:38 - mkk_comic - app.py:582 - INFO - 正在下载第 202/217 页...
2026-02-24 04:01:38 - mkk_comic - app.py:582 - INFO - 正在下载第 203/217 页...
2026-02-24 04:01:38 - mkk_comic - app.py:582 - INFO - 正在下载第 204/217 页...
2026-02-24 04:01:38 - mkk_comic - app.py:582 - INFO - 正在下载第 205/217 页...
2026-02-24 04:01:38 - mkk_comic - app.py:582 - INFO - 正在下载第 206/217 页...
2026-02-24 04:01:38 - mkk_comic - app.py:582 - INFO - 正在下载第 207/217 页...
2026-02-24 04:01:38 - mkk_comic - app.py:582 - INFO - 正在下载第 208/217 页...
2026-02-24 04:01:38 - mkk_comic - app.py:582 - INFO - 正在下载第 209/217 页...
2026-02-24 04:01:38 - mkk_comic - app.py:582 - INFO - 正在下载第 210/217 页...
2026-02-24 04:01:38 - mkk_comic - app.py:582 - INFO - 正在下载第 211/217 页...
2026-02-24 04:01:38 - mkk_comic - app.py:582 - INFO - 正在下载第 212/217 页...
2026-02-24 04:01:38 - mkk_comic - app.py:582 - INFO - 正在下载第 213/217 页...
2026-02-24 04:01:38 - mkk_comic - app.py:582 - INFO - 正在下载第 214/217 页...
2026-02-24 04:01:38 - mkk_comic - app.py:582 - INFO - 正在下载第 215/217 页...
2026-02-24 04:01:38 - mkk_comic - app.py:582 - INFO - 正在下载第 216/217 页...
2026-02-24 04:01:38 - mkk_comic - app.py:582 - INFO - 正在下载第 217/217 页...
2026-02-24 04:01:38 - mkk_comic - app.py:511 - INFO - 下载完成!
2026-02-24 04:01:38 - mkk_comic - app.py:512 - INFO - 成功下载: 217/217 页
2026-02-24 04:01:39 - mkk_comic - app.py:494 - INFO - 正在下载第72章: 72卷    UUID:f75292f5-c7d8-11e8-882e-024352452ce0
2026-02-24 04:01:40 - mkk_comic - app.py:502 - INFO - 创建目录: ./out/海贼王/72卷
2026-02-24 04:01:40 - mkk_comic - app.py:505 - INFO - 开始下载: 海贼王 - 72卷
2026-02-24 04:01:40 - mkk_comic - app.py:506 - INFO - 总页数: 203
2026-02-24 04:01:40 - mkk_comic - app.py:582 - INFO - 正在下载第 001/203 页...
2026-02-24 04:01:40 - mkk_comic - app.py:582 - INFO - 正在下载第 002/203 页...
2026-02-24 04:01:40 - mkk_comic - app.py:582 - INFO - 正在下载第 003/203 页...
2026-02-24 04:01:40 - mkk_comic - app.py:582 - INFO - 正在下载第 004/203 页...
2026-02-24 04:01:40 - mkk_comic - app.py:582 - INFO - 正在下载第 005/203 页...
2026-02-24 04:01:40 - mkk_comic - app.py:582 - INFO - 正在下载第 006/203 页...
2026-02-24 04:01:40 - mkk_comic - app.py:582 - INFO - 正在下载第 007/203 页...
2026-02-24 04:01:40 - mkk_comic - app.py:582 - INFO - 正在下载第 008/203 页...
2026-02-24 04:01:40 - mkk_comic - app.py:582 - INFO - 正在下载第 009/203 页...
2026-02-24 04:01:40 - mkk_comic - app.py:582 - INFO - 正在下载第 010/203 页...
2026-02-24 04:01:40 - mkk_comic - app.py:582 - INFO - 正在下载第 011/203 页...
2026-02-24 04:01:40 - mkk_comic - app.py:582 - INFO - 正在下载第 012/203 页...
2026-02-24 04:01:40 - mkk_comic - app.py:582 - INFO - 正在下载第 013/203 页...
2026-02-24 04:01:40 - mkk_comic - app.py:582 - INFO - 正在下载第 014/203 页...
2026-02-24 04:01:40 - mkk_comic - app.py:582 - INFO - 正在下载第 015/203 页...
2026-02-24 04:01:40 - mkk_comic - app.py:582 - INFO - 正在下载第 016/203 页...
2026-02-24 04:01:40 - mkk_comic - app.py:582 - INFO - 正在下载第 017/203 页...
2026-02-24 04:01:40 - mkk_comic - app.py:582 - INFO - 正在下载第 018/203 页...
2026-02-24 04:01:40 - mkk_comic - app.py:582 - INFO - 正在下载第 019/203 页...
2026-02-24 04:01:40 - mkk_comic - app.py:582 - INFO - 正在下载第 020/203 页...
2026-02-24 04:01:40 - mkk_comic - app.py:582 - INFO - 正在下载第 021/203 页...
2026-02-24 04:01:40 - mkk_comic - app.py:582 - INFO - 正在下载第 022/203 页...
2026-02-24 04:01:40 - mkk_comic - app.py:582 - INFO - 正在下载第 023/203 页...
2026-02-24 04:01:40 - mkk_comic - app.py:582 - INFO - 正在下载第 024/203 页...
2026-02-24 04:01:40 - mkk_comic - app.py:582 - INFO - 正在下载第 025/203 页...
2026-02-24 04:01:40 - mkk_comic - app.py:582 - INFO - 正在下载第 026/203 页...
2026-02-24 04:01:40 - mkk_comic - app.py:582 - INFO - 正在下载第 027/203 页...
2026-02-24 04:01:40 - mkk_comic - app.py:582 - INFO - 正在下载第 028/203 页...
2026-02-24 04:01:40 - mkk_comic - app.py:582 - INFO - 正在下载第 029/203 页...
2026-02-24 04:01:40 - mkk_comic - app.py:582 - INFO - 正在下载第 030/203 页...
2026-02-24 04:01:40 - mkk_comic - app.py:582 - INFO - 正在下载第 031/203 页...
2026-02-24 04:01:40 - mkk_comic - app.py:582 - INFO - 正在下载第 032/203 页...
2026-02-24 04:01:40 - mkk_comic - app.py:582 - INFO - 正在下载第 033/203 页...
2026-02-24 04:01:40 - mkk_comic - app.py:582 - INFO - 正在下载第 034/203 页...
2026-02-24 04:01:40 - mkk_comic - app.py:582 - INFO - 正在下载第 035/203 页...
2026-02-24 04:01:40 - mkk_comic - app.py:582 - INFO - 正在下载第 036/203 页...
2026-02-24 04:01:40 - mkk_comic - app.py:582 - INFO - 正在下载第 037/203 页...
2026-02-24 04:01:40 - mkk_comic - app.py:582 - INFO - 正在下载第 038/203 页...
2026-02-24 04:01:40 - mkk_comic - app.py:582 - INFO - 正在下载第 039/203 页...
2026-02-24 04:01:40 - mkk_comic - app.py:582 - INFO - 正在下载第 040/203 页...
2026-02-24 04:01:40 - mkk_comic - app.py:582 - INFO - 正在下载第 041/203 页...
2026-02-24 04:01:40 - mkk_comic - app.py:582 - INFO - 正在下载第 042/203 页...
2026-02-24 04:01:40 - mkk_comic - app.py:582 - INFO - 正在下载第 043/203 页...
2026-02-24 04:01:40 - mkk_comic - app.py:582 - INFO - 正在下载第 044/203 页...
2026-02-24 04:01:40 - mkk_comic - app.py:582 - INFO - 正在下载第 045/203 页...
2026-02-24 04:01:40 - mkk_comic - app.py:582 - INFO - 正在下载第 046/203 页...
2026-02-24 04:01:40 - mkk_comic - app.py:582 - INFO - 正在下载第 047/203 页...
2026-02-24 04:01:40 - mkk_comic - app.py:582 - INFO - 正在下载第 048/203 页...
2026-02-24 04:01:40 - mkk_comic - app.py:582 - INFO - 正在下载第 049/203 页...
2026-02-24 04:01:40 - mkk_comic - app.py:582 - INFO - 正在下载第 050/203 页...
2026-02-24 04:01:40 - mkk_comic - app.py:582 - INFO - 正在下载第 051/203 页...
2026-02-24 04:01:40 - mkk_comic - app.py:582 - INFO - 正在下载第 052/203 页...
2026-02-24 04:01:40 - mkk_comic - app.py:582 - INFO - 正在下载第 053/203 页...
2026-02-24 04:01:40 - mkk_comic - app.py:582 - INFO - 正在下载第 054/203 页...
2026-02-24 04:01:40 - mkk_comic - app.py:582 - INFO - 正在下载第 055/203 页...
2026-02-24 04:01:40 - mkk_comic - app.py:582 - INFO - 正在下载第 056/203 页...
2026-02-24 04:01:40 - mkk_comic - app.py:582 - INFO - 正在下载第 057/203 页...
2026-02-24 04:01:41 - mkk_comic - app.py:582 - INFO - 正在下载第 058/203 页...
2026-02-24 04:01:41 - mkk_comic - app.py:582 - INFO - 正在下载第 059/203 页...
2026-02-24 04:01:41 - mkk_comic - app.py:582 - INFO - 正在下载第 060/203 页...
2026-02-24 04:01:41 - mkk_comic - app.py:582 - INFO - 正在下载第 061/203 页...
2026-02-24 04:01:41 - mkk_comic - app.py:582 - INFO - 正在下载第 062/203 页...
2026-02-24 04:01:41 - mkk_comic - app.py:582 - INFO - 正在下载第 063/203 页...
2026-02-24 04:01:41 - mkk_comic - app.py:582 - INFO - 正在下载第 064/203 页...
2026-02-24 04:01:41 - mkk_comic - app.py:582 - INFO - 正在下载第 065/203 页...
2026-02-24 04:01:41 - mkk_comic - app.py:582 - INFO - 正在下载第 066/203 页...
2026-02-24 04:01:41 - mkk_comic - app.py:582 - INFO - 正在下载第 067/203 页...
2026-02-24 04:01:41 - mkk_comic - app.py:582 - INFO - 正在下载第 068/203 页...
2026-02-24 04:01:41 - mkk_comic - app.py:582 - INFO - 正在下载第 069/203 页...
2026-02-24 04:01:41 - mkk_comic - app.py:582 - INFO - 正在下载第 070/203 页...
2026-02-24 04:01:41 - mkk_comic - app.py:582 - INFO - 正在下载第 071/203 页...
2026-02-24 04:01:41 - mkk_comic - app.py:582 - INFO - 正在下载第 072/203 页...
2026-02-24 04:01:41 - mkk_comic - app.py:582 - INFO - 正在下载第 073/203 页...
2026-02-24 04:01:41 - mkk_comic - app.py:582 - INFO - 正在下载第 074/203 页...
2026-02-24 04:01:41 - mkk_comic - app.py:582 - INFO - 正在下载第 075/203 页...
2026-02-24 04:01:41 - mkk_comic - app.py:582 - INFO - 正在下载第 076/203 页...
2026-02-24 04:01:41 - mkk_comic - app.py:582 - INFO - 正在下载第 077/203 页...
2026-02-24 04:01:41 - mkk_comic - app.py:582 - INFO - 正在下载第 078/203 页...
2026-02-24 04:01:41 - mkk_comic - app.py:582 - INFO - 正在下载第 079/203 页...
2026-02-24 04:01:41 - mkk_comic - app.py:582 - INFO - 正在下载第 080/203 页...
2026-02-24 04:01:41 - mkk_comic - app.py:582 - INFO - 正在下载第 081/203 页...
2026-02-24 04:01:41 - mkk_comic - app.py:582 - INFO - 正在下载第 082/203 页...
2026-02-24 04:01:41 - mkk_comic - app.py:582 - INFO - 正在下载第 083/203 页...
2026-02-24 04:01:41 - mkk_comic - app.py:582 - INFO - 正在下载第 084/203 页...
2026-02-24 04:01:41 - mkk_comic - app.py:582 - INFO - 正在下载第 085/203 页...
2026-02-24 04:01:41 - mkk_comic - app.py:582 - INFO - 正在下载第 086/203 页...
2026-02-24 04:01:41 - mkk_comic - app.py:582 - INFO - 正在下载第 087/203 页...
2026-02-24 04:01:41 - mkk_comic - app.py:582 - INFO - 正在下载第 088/203 页...
2026-02-24 04:01:41 - mkk_comic - app.py:582 - INFO - 正在下载第 089/203 页...
2026-02-24 04:01:41 - mkk_comic - app.py:582 - INFO - 正在下载第 090/203 页...
2026-02-24 04:01:41 - mkk_comic - app.py:582 - INFO - 正在下载第 091/203 页...
2026-02-24 04:01:41 - mkk_comic - app.py:582 - INFO - 正在下载第 092/203 页...
2026-02-24 04:01:41 - mkk_comic - app.py:582 - INFO - 正在下载第 093/203 页...
2026-02-24 04:01:41 - mkk_comic - app.py:582 - INFO - 正在下载第 094/203 页...
2026-02-24 04:01:41 - mkk_comic - app.py:582 - INFO - 正在下载第 095/203 页...
2026-02-24 04:01:41 - mkk_comic - app.py:582 - INFO - 正在下载第 096/203 页...
2026-02-24 04:01:41 - mkk_comic - app.py:582 - INFO - 正在下载第 097/203 页...
2026-02-24 04:01:41 - mkk_comic - app.py:582 - INFO - 正在下载第 098/203 页...
2026-02-24 04:01:41 - mkk_comic - app.py:582 - INFO - 正在下载第 099/203 页...
2026-02-24 04:01:41 - mkk_comic - app.py:582 - INFO - 正在下载第 100/203 页...
2026-02-24 04:01:41 - mkk_comic - app.py:582 - INFO - 正在下载第 101/203 页...
2026-02-24 04:01:41 - mkk_comic - app.py:582 - INFO - 正在下载第 102/203 页...
2026-02-24 04:01:41 - mkk_comic - app.py:582 - INFO - 正在下载第 103/203 页...
2026-02-24 04:01:41 - mkk_comic - app.py:582 - INFO - 正在下载第 104/203 页...
2026-02-24 04:01:41 - mkk_comic - app.py:582 - INFO - 正在下载第 105/203 页...
2026-02-24 04:01:41 - mkk_comic - app.py:582 - INFO - 正在下载第 106/203 页...
2026-02-24 04:01:41 - mkk_comic - app.py:582 - INFO - 正在下载第 107/203 页...
2026-02-24 04:01:41 - mkk_comic - app.py:582 - INFO - 正在下载第 108/203 页...
2026-02-24 04:01:41 - mkk_comic - app.py:582 - INFO - 正在下载第 109/203 页...
2026-02-24 04:01:41 - mkk_comic - app.py:582 - INFO - 正在下载第 110/203 页...
2026-02-24 04:01:41 - mkk_comic - app.py:582 - INFO - 正在下载第 111/203 页...
2026-02-24 04:01:41 - mkk_comic - app.py:582 - INFO - 正在下载第 112/203 页...
2026-02-24 04:01:41 - mkk_comic - app.py:582 - INFO - 正在下载第 113/203 页...
2026-02-24 04:01:41 - mkk_comic - app.py:582 - INFO - 正在下载第 114/203 页...
2026-02-24 04:01:41 - mkk_comic - app.py:582 - INFO - 正在下载第 115/203 页...
2026-02-24 04:01:41 - mkk_comic - app.py:582 - INFO - 正在下载第 116/203 页...
2026-02-24 04:01:41 - mkk_comic - app.py:582 - INFO - 正在下载第 117/203 页...
2026-02-24 04:01:41 - mkk_comic - app.py:582 - INFO - 正在下载第 118/203 页...
2026-02-24 04:01:41 - mkk_comic - app.py:582 - INFO - 正在下载第 119/203 页...
2026-02-24 04:01:42 - mkk_comic - app.py:582 - INFO - 正在下载第 120/203 页...
2026-02-24 04:01:42 - mkk_comic - app.py:582 - INFO - 正在下载第 121/203 页...
2026-02-24 04:01:42 - mkk_comic - app.py:582 - INFO - 正在下载第 122/203 页...
2026-02-24 04:01:42 - mkk_comic - app.py:582 - INFO - 正在下载第 123/203 页...
2026-02-24 04:01:42 - mkk_comic - app.py:582 - INFO - 正在下载第 124/203 页...
2026-02-24 04:01:42 - mkk_comic - app.py:582 - INFO - 正在下载第 125/203 页...
2026-02-24 04:01:42 - mkk_comic - app.py:582 - INFO - 正在下载第 126/203 页...
2026-02-24 04:01:42 - mkk_comic - app.py:582 - INFO - 正在下载第 127/203 页...
2026-02-24 04:01:42 - mkk_comic - app.py:582 - INFO - 正在下载第 128/203 页...
2026-02-24 04:01:42 - mkk_comic - app.py:582 - INFO - 正在下载第 129/203 页...
2026-02-24 04:01:42 - mkk_comic - app.py:582 - INFO - 正在下载第 130/203 页...
2026-02-24 04:01:42 - mkk_comic - app.py:582 - INFO - 正在下载第 131/203 页...
2026-02-24 04:01:42 - mkk_comic - app.py:582 - INFO - 正在下载第 132/203 页...
2026-02-24 04:01:42 - mkk_comic - app.py:582 - INFO - 正在下载第 133/203 页...
2026-02-24 04:01:42 - mkk_comic - app.py:582 - INFO - 正在下载第 134/203 页...
2026-02-24 04:01:42 - mkk_comic - app.py:582 - INFO - 正在下载第 135/203 页...
2026-02-24 04:01:42 - mkk_comic - app.py:582 - INFO - 正在下载第 136/203 页...
2026-02-24 04:01:42 - mkk_comic - app.py:582 - INFO - 正在下载第 137/203 页...
2026-02-24 04:01:42 - mkk_comic - app.py:582 - INFO - 正在下载第 138/203 页...
2026-02-24 04:01:42 - mkk_comic - app.py:582 - INFO - 正在下载第 139/203 页...
2026-02-24 04:01:42 - mkk_comic - app.py:582 - INFO - 正在下载第 140/203 页...
2026-02-24 04:01:42 - mkk_comic - app.py:582 - INFO - 正在下载第 141/203 页...
2026-02-24 04:01:42 - mkk_comic - app.py:582 - INFO - 正在下载第 142/203 页...
2026-02-24 04:01:42 - mkk_comic - app.py:582 - INFO - 正在下载第 143/203 页...
2026-02-24 04:01:42 - mkk_comic - app.py:582 - INFO - 正在下载第 144/203 页...
2026-02-24 04:01:42 - mkk_comic - app.py:582 - INFO - 正在下载第 145/203 页...
2026-02-24 04:01:42 - mkk_comic - app.py:582 - INFO - 正在下载第 146/203 页...
2026-02-24 04:01:42 - mkk_comic - app.py:582 - INFO - 正在下载第 147/203 页...
2026-02-24 04:01:42 - mkk_comic - app.py:582 - INFO - 正在下载第 148/203 页...
2026-02-24 04:01:42 - mkk_comic - app.py:582 - INFO - 正在下载第 149/203 页...
2026-02-24 04:01:42 - mkk_comic - app.py:582 - INFO - 正在下载第 150/203 页...
2026-02-24 04:01:42 - mkk_comic - app.py:582 - INFO - 正在下载第 151/203 页...
2026-02-24 04:01:42 - mkk_comic - app.py:582 - INFO - 正在下载第 152/203 页...
2026-02-24 04:01:42 - mkk_comic - app.py:582 - INFO - 正在下载第 153/203 页...
2026-02-24 04:01:42 - mkk_comic - app.py:582 - INFO - 正在下载第 154/203 页...
2026-02-24 04:01:42 - mkk_comic - app.py:582 - INFO - 正在下载第 155/203 页...
2026-02-24 04:01:42 - mkk_comic - app.py:582 - INFO - 正在下载第 156/203 页...
2026-02-24 04:01:42 - mkk_comic - app.py:582 - INFO - 正在下载第 157/203 页...
2026-02-24 04:01:42 - mkk_comic - app.py:582 - INFO - 正在下载第 158/203 页...
2026-02-24 04:01:42 - mkk_comic - app.py:582 - INFO - 正在下载第 159/203 页...
2026-02-24 04:01:42 - mkk_comic - app.py:582 - INFO - 正在下载第 160/203 页...
2026-02-24 04:01:42 - mkk_comic - app.py:582 - INFO - 正在下载第 161/203 页...
2026-02-24 04:01:42 - mkk_comic - app.py:582 - INFO - 正在下载第 162/203 页...
2026-02-24 04:01:42 - mkk_comic - app.py:582 - INFO - 正在下载第 163/203 页...
2026-02-24 04:01:42 - mkk_comic - app.py:582 - INFO - 正在下载第 164/203 页...
2026-02-24 04:01:42 - mkk_comic - app.py:582 - INFO - 正在下载第 165/203 页...
2026-02-24 04:01:42 - mkk_comic - app.py:582 - INFO - 正在下载第 166/203 页...
2026-02-24 04:01:42 - mkk_comic - app.py:582 - INFO - 正在下载第 167/203 页...
2026-02-24 04:01:42 - mkk_comic - app.py:582 - INFO - 正在下载第 168/203 页...
2026-02-24 04:01:42 - mkk_comic - app.py:582 - INFO - 正在下载第 169/203 页...
2026-02-24 04:01:42 - mkk_comic - app.py:582 - INFO - 正在下载第 170/203 页...
2026-02-24 04:01:42 - mkk_comic - app.py:582 - INFO - 正在下载第 171/203 页...
2026-02-24 04:01:42 - mkk_comic - app.py:582 - INFO - 正在下载第 172/203 页...
2026-02-24 04:01:42 - mkk_comic - app.py:582 - INFO - 正在下载第 173/203 页...
2026-02-24 04:01:42 - mkk_comic - app.py:582 - INFO - 正在下载第 174/203 页...
2026-02-24 04:01:42 - mkk_comic - app.py:582 - INFO - 正在下载第 175/203 页...
2026-02-24 04:01:42 - mkk_comic - app.py:582 - INFO - 正在下载第 176/203 页...
2026-02-24 04:01:42 - mkk_comic - app.py:582 - INFO - 正在下载第 177/203 页...
2026-02-24 04:01:42 - mkk_comic - app.py:582 - INFO - 正在下载第 178/203 页...
2026-02-24 04:01:43 - mkk_comic - app.py:582 - INFO - 正在下载第 179/203 页...
2026-02-24 04:01:43 - mkk_comic - app.py:582 - INFO - 正在下载第 180/203 页...
2026-02-24 04:01:43 - mkk_comic - app.py:582 - INFO - 正在下载第 181/203 页...
2026-02-24 04:01:43 - mkk_comic - app.py:582 - INFO - 正在下载第 182/203 页...
2026-02-24 04:01:43 - mkk_comic - app.py:582 - INFO - 正在下载第 183/203 页...
2026-02-24 04:01:43 - mkk_comic - app.py:582 - INFO - 正在下载第 184/203 页...
2026-02-24 04:01:43 - mkk_comic - app.py:582 - INFO - 正在下载第 185/203 页...
2026-02-24 04:01:43 - mkk_comic - app.py:582 - INFO - 正在下载第 186/203 页...
2026-02-24 04:01:43 - mkk_comic - app.py:582 - INFO - 正在下载第 187/203 页...
2026-02-24 04:01:43 - mkk_comic - app.py:582 - INFO - 正在下载第 188/203 页...
2026-02-24 04:01:43 - mkk_comic - app.py:582 - INFO - 正在下载第 189/203 页...
2026-02-24 04:01:43 - mkk_comic - app.py:582 - INFO - 正在下载第 190/203 页...
2026-02-24 04:01:43 - mkk_comic - app.py:582 - INFO - 正在下载第 191/203 页...
2026-02-24 04:01:43 - mkk_comic - app.py:582 - INFO - 正在下载第 192/203 页...
2026-02-24 04:01:43 - mkk_comic - app.py:582 - INFO - 正在下载第 193/203 页...
2026-02-24 04:01:43 - mkk_comic - app.py:582 - INFO - 正在下载第 194/203 页...
2026-02-24 04:01:43 - mkk_comic - app.py:582 - INFO - 正在下载第 195/203 页...
2026-02-24 04:01:43 - mkk_comic - app.py:582 - INFO - 正在下载第 196/203 页...
2026-02-24 04:01:43 - mkk_comic - app.py:582 - INFO - 正在下载第 197/203 页...
2026-02-24 04:01:43 - mkk_comic - app.py:582 - INFO - 正在下载第 198/203 页...
2026-02-24 04:01:43 - mkk_comic - app.py:582 - INFO - 正在下载第 199/203 页...
2026-02-24 04:01:43 - mkk_comic - app.py:582 - INFO - 正在下载第 200/203 页...
2026-02-24 04:01:43 - mkk_comic - app.py:582 - INFO - 正在下载第 201/203 页...
2026-02-24 04:01:43 - mkk_comic - app.py:582 - INFO - 正在下载第 202/203 页...
2026-02-24 04:01:43 - mkk_comic - app.py:582 - INFO - 正在下载第 203/203 页...
2026-02-24 04:01:43 - mkk_comic - app.py:511 - INFO - 下载完成!
2026-02-24 04:01:43 - mkk_comic - app.py:512 - INFO - 成功下载: 203/203 页
2026-02-24 04:01:44 - mkk_comic - app.py:494 - INFO - 正在下载第73章: 73卷    UUID:0b90913c-c7d9-11e8-882e-024352452ce0
2026-02-24 04:01:44 - mkk_comic - app.py:502 - INFO - 创建目录: ./out/海贼王/73卷
2026-02-24 04:01:44 - mkk_comic - app.py:505 - INFO - 开始下载: 海贼王 - 73卷
2026-02-24 04:01:44 - mkk_comic - app.py:506 - INFO - 总页数: 195
2026-02-24 04:01:44 - mkk_comic - app.py:582 - INFO - 正在下载第 001/195 页...
2026-02-24 04:01:44 - mkk_comic - app.py:582 - INFO - 正在下载第 002/195 页...
2026-02-24 04:01:44 - mkk_comic - app.py:582 - INFO - 正在下载第 003/195 页...
2026-02-24 04:01:44 - mkk_comic - app.py:582 - INFO - 正在下载第 004/195 页...
2026-02-24 04:01:44 - mkk_comic - app.py:582 - INFO - 正在下载第 005/195 页...
2026-02-24 04:01:44 - mkk_comic - app.py:582 - INFO - 正在下载第 006/195 页...
2026-02-24 04:01:44 - mkk_comic - app.py:582 - INFO - 正在下载第 007/195 页...
2026-02-24 04:01:44 - mkk_comic - app.py:582 - INFO - 正在下载第 008/195 页...
2026-02-24 04:01:44 - mkk_comic - app.py:582 - INFO - 正在下载第 009/195 页...
2026-02-24 04:01:44 - mkk_comic - app.py:582 - INFO - 正在下载第 010/195 页...
2026-02-24 04:01:44 - mkk_comic - app.py:582 - INFO - 正在下载第 011/195 页...
2026-02-24 04:01:44 - mkk_comic - app.py:582 - INFO - 正在下载第 012/195 页...
2026-02-24 04:01:44 - mkk_comic - app.py:582 - INFO - 正在下载第 013/195 页...
2026-02-24 04:01:44 - mkk_comic - app.py:582 - INFO - 正在下载第 014/195 页...
2026-02-24 04:01:44 - mkk_comic - app.py:582 - INFO - 正在下载第 015/195 页...
2026-02-24 04:01:44 - mkk_comic - app.py:582 - INFO - 正在下载第 016/195 页...
2026-02-24 04:01:44 - mkk_comic - app.py:582 - INFO - 正在下载第 017/195 页...
2026-02-24 04:01:44 - mkk_comic - app.py:582 - INFO - 正在下载第 018/195 页...
2026-02-24 04:01:44 - mkk_comic - app.py:582 - INFO - 正在下载第 019/195 页...
2026-02-24 04:01:44 - mkk_comic - app.py:582 - INFO - 正在下载第 020/195 页...
2026-02-24 04:01:44 - mkk_comic - app.py:582 - INFO - 正在下载第 021/195 页...
2026-02-24 04:01:45 - mkk_comic - app.py:582 - INFO - 正在下载第 022/195 页...
2026-02-24 04:01:45 - mkk_comic - app.py:582 - INFO - 正在下载第 023/195 页...
2026-02-24 04:01:45 - mkk_comic - app.py:582 - INFO - 正在下载第 024/195 页...
2026-02-24 04:01:45 - mkk_comic - app.py:582 - INFO - 正在下载第 025/195 页...
2026-02-24 04:01:45 - mkk_comic - app.py:582 - INFO - 正在下载第 026/195 页...
2026-02-24 04:01:45 - mkk_comic - app.py:582 - INFO - 正在下载第 027/195 页...
2026-02-24 04:01:45 - mkk_comic - app.py:582 - INFO - 正在下载第 028/195 页...
2026-02-24 04:01:45 - mkk_comic - app.py:582 - INFO - 正在下载第 029/195 页...
2026-02-24 04:01:45 - mkk_comic - app.py:582 - INFO - 正在下载第 030/195 页...
2026-02-24 04:01:45 - mkk_comic - app.py:582 - INFO - 正在下载第 031/195 页...
2026-02-24 04:01:45 - mkk_comic - app.py:582 - INFO - 正在下载第 032/195 页...
2026-02-24 04:01:45 - mkk_comic - app.py:582 - INFO - 正在下载第 033/195 页...
2026-02-24 04:01:45 - mkk_comic - app.py:582 - INFO - 正在下载第 034/195 页...
2026-02-24 04:01:45 - mkk_comic - app.py:582 - INFO - 正在下载第 035/195 页...
2026-02-24 04:01:45 - mkk_comic - app.py:582 - INFO - 正在下载第 036/195 页...
2026-02-24 04:01:45 - mkk_comic - app.py:582 - INFO - 正在下载第 037/195 页...
2026-02-24 04:01:45 - mkk_comic - app.py:582 - INFO - 正在下载第 038/195 页...
2026-02-24 04:01:45 - mkk_comic - app.py:582 - INFO - 正在下载第 039/195 页...
2026-02-24 04:01:45 - mkk_comic - app.py:582 - INFO - 正在下载第 040/195 页...
2026-02-24 04:01:45 - mkk_comic - app.py:582 - INFO - 正在下载第 041/195 页...
2026-02-24 04:01:45 - mkk_comic - app.py:582 - INFO - 正在下载第 042/195 页...
2026-02-24 04:01:45 - mkk_comic - app.py:582 - INFO - 正在下载第 043/195 页...
2026-02-24 04:01:45 - mkk_comic - app.py:582 - INFO - 正在下载第 044/195 页...
2026-02-24 04:01:45 - mkk_comic - app.py:582 - INFO - 正在下载第 045/195 页...
2026-02-24 04:01:45 - mkk_comic - app.py:582 - INFO - 正在下载第 046/195 页...
2026-02-24 04:01:45 - mkk_comic - app.py:582 - INFO - 正在下载第 047/195 页...
2026-02-24 04:01:45 - mkk_comic - app.py:582 - INFO - 正在下载第 048/195 页...
2026-02-24 04:01:45 - mkk_comic - app.py:582 - INFO - 正在下载第 049/195 页...
2026-02-24 04:01:45 - mkk_comic - app.py:582 - INFO - 正在下载第 050/195 页...
2026-02-24 04:01:45 - mkk_comic - app.py:582 - INFO - 正在下载第 051/195 页...
2026-02-24 04:01:45 - mkk_comic - app.py:582 - INFO - 正在下载第 052/195 页...
2026-02-24 04:01:45 - mkk_comic - app.py:582 - INFO - 正在下载第 053/195 页...
2026-02-24 04:01:45 - mkk_comic - app.py:582 - INFO - 正在下载第 054/195 页...
2026-02-24 04:01:45 - mkk_comic - app.py:582 - INFO - 正在下载第 055/195 页...
2026-02-24 04:01:45 - mkk_comic - app.py:582 - INFO - 正在下载第 056/195 页...
2026-02-24 04:01:45 - mkk_comic - app.py:582 - INFO - 正在下载第 057/195 页...
2026-02-24 04:01:45 - mkk_comic - app.py:582 - INFO - 正在下载第 058/195 页...
2026-02-24 04:01:45 - mkk_comic - app.py:582 - INFO - 正在下载第 059/195 页...
2026-02-24 04:01:45 - mkk_comic - app.py:582 - INFO - 正在下载第 060/195 页...
2026-02-24 04:01:45 - mkk_comic - app.py:582 - INFO - 正在下载第 061/195 页...
2026-02-24 04:01:45 - mkk_comic - app.py:582 - INFO - 正在下载第 062/195 页...
2026-02-24 04:01:45 - mkk_comic - app.py:582 - INFO - 正在下载第 063/195 页...
2026-02-24 04:01:45 - mkk_comic - app.py:582 - INFO - 正在下载第 064/195 页...
2026-02-24 04:01:45 - mkk_comic - app.py:582 - INFO - 正在下载第 065/195 页...
2026-02-24 04:01:45 - mkk_comic - app.py:582 - INFO - 正在下载第 066/195 页...
2026-02-24 04:01:45 - mkk_comic - app.py:582 - INFO - 正在下载第 067/195 页...
2026-02-24 04:01:45 - mkk_comic - app.py:582 - INFO - 正在下载第 068/195 页...
2026-02-24 04:01:45 - mkk_comic - app.py:582 - INFO - 正在下载第 069/195 页...
2026-02-24 04:01:45 - mkk_comic - app.py:582 - INFO - 正在下载第 070/195 页...
2026-02-24 04:01:45 - mkk_comic - app.py:582 - INFO - 正在下载第 071/195 页...
2026-02-24 04:01:45 - mkk_comic - app.py:582 - INFO - 正在下载第 072/195 页...
2026-02-24 04:01:45 - mkk_comic - app.py:582 - INFO - 正在下载第 073/195 页...
2026-02-24 04:01:45 - mkk_comic - app.py:582 - INFO - 正在下载第 074/195 页...
2026-02-24 04:01:45 - mkk_comic - app.py:582 - INFO - 正在下载第 075/195 页...
2026-02-24 04:01:45 - mkk_comic - app.py:582 - INFO - 正在下载第 076/195 页...
2026-02-24 04:01:45 - mkk_comic - app.py:582 - INFO - 正在下载第 077/195 页...
2026-02-24 04:01:45 - mkk_comic - app.py:582 - INFO - 正在下载第 078/195 页...
2026-02-24 04:01:45 - mkk_comic - app.py:582 - INFO - 正在下载第 079/195 页...
2026-02-24 04:01:45 - mkk_comic - app.py:582 - INFO - 正在下载第 080/195 页...
2026-02-24 04:01:45 - mkk_comic - app.py:582 - INFO - 正在下载第 081/195 页...
2026-02-24 04:01:45 - mkk_comic - app.py:582 - INFO - 正在下载第 082/195 页...
2026-02-24 04:01:45 - mkk_comic - app.py:582 - INFO - 正在下载第 083/195 页...
2026-02-24 04:01:45 - mkk_comic - app.py:582 - INFO - 正在下载第 084/195 页...
2026-02-24 04:01:46 - mkk_comic - app.py:582 - INFO - 正在下载第 085/195 页...
2026-02-24 04:01:46 - mkk_comic - app.py:582 - INFO - 正在下载第 086/195 页...
2026-02-24 04:01:46 - mkk_comic - app.py:582 - INFO - 正在下载第 087/195 页...
2026-02-24 04:01:46 - mkk_comic - app.py:582 - INFO - 正在下载第 088/195 页...
2026-02-24 04:01:46 - mkk_comic - app.py:582 - INFO - 正在下载第 089/195 页...
2026-02-24 04:01:46 - mkk_comic - app.py:582 - INFO - 正在下载第 090/195 页...
2026-02-24 04:01:46 - mkk_comic - app.py:582 - INFO - 正在下载第 091/195 页...
2026-02-24 04:01:46 - mkk_comic - app.py:582 - INFO - 正在下载第 092/195 页...
2026-02-24 04:01:46 - mkk_comic - app.py:582 - INFO - 正在下载第 093/195 页...
2026-02-24 04:01:46 - mkk_comic - app.py:582 - INFO - 正在下载第 094/195 页...
2026-02-24 04:01:46 - mkk_comic - app.py:582 - INFO - 正在下载第 095/195 页...
2026-02-24 04:01:46 - mkk_comic - app.py:582 - INFO - 正在下载第 096/195 页...
2026-02-24 04:01:46 - mkk_comic - app.py:582 - INFO - 正在下载第 097/195 页...
2026-02-24 04:01:46 - mkk_comic - app.py:582 - INFO - 正在下载第 098/195 页...
2026-02-24 04:01:46 - mkk_comic - app.py:582 - INFO - 正在下载第 099/195 页...
2026-02-24 04:01:46 - mkk_comic - app.py:582 - INFO - 正在下载第 100/195 页...
2026-02-24 04:01:46 - mkk_comic - app.py:582 - INFO - 正在下载第 101/195 页...
2026-02-24 04:01:46 - mkk_comic - app.py:582 - INFO - 正在下载第 102/195 页...
2026-02-24 04:01:46 - mkk_comic - app.py:582 - INFO - 正在下载第 103/195 页...
2026-02-24 04:01:46 - mkk_comic - app.py:582 - INFO - 正在下载第 104/195 页...
2026-02-24 04:01:46 - mkk_comic - app.py:582 - INFO - 正在下载第 105/195 页...
2026-02-24 04:01:46 - mkk_comic - app.py:582 - INFO - 正在下载第 106/195 页...
2026-02-24 04:01:46 - mkk_comic - app.py:582 - INFO - 正在下载第 107/195 页...
2026-02-24 04:01:46 - mkk_comic - app.py:582 - INFO - 正在下载第 108/195 页...
2026-02-24 04:01:46 - mkk_comic - app.py:582 - INFO - 正在下载第 109/195 页...
2026-02-24 04:01:46 - mkk_comic - app.py:582 - INFO - 正在下载第 110/195 页...
2026-02-24 04:01:46 - mkk_comic - app.py:582 - INFO - 正在下载第 111/195 页...
2026-02-24 04:01:46 - mkk_comic - app.py:582 - INFO - 正在下载第 112/195 页...
2026-02-24 04:01:46 - mkk_comic - app.py:582 - INFO - 正在下载第 113/195 页...
2026-02-24 04:01:46 - mkk_comic - app.py:582 - INFO - 正在下载第 114/195 页...
2026-02-24 04:01:46 - mkk_comic - app.py:582 - INFO - 正在下载第 115/195 页...
2026-02-24 04:01:46 - mkk_comic - app.py:582 - INFO - 正在下载第 116/195 页...
2026-02-24 04:01:46 - mkk_comic - app.py:582 - INFO - 正在下载第 117/195 页...
2026-02-24 04:01:46 - mkk_comic - app.py:582 - INFO - 正在下载第 118/195 页...
2026-02-24 04:01:46 - mkk_comic - app.py:582 - INFO - 正在下载第 119/195 页...
2026-02-24 04:01:46 - mkk_comic - app.py:582 - INFO - 正在下载第 120/195 页...
2026-02-24 04:01:46 - mkk_comic - app.py:582 - INFO - 正在下载第 121/195 页...
2026-02-24 04:01:46 - mkk_comic - app.py:582 - INFO - 正在下载第 122/195 页...
2026-02-24 04:01:46 - mkk_comic - app.py:582 - INFO - 正在下载第 123/195 页...
2026-02-24 04:01:46 - mkk_comic - app.py:582 - INFO - 正在下载第 124/195 页...
2026-02-24 04:01:46 - mkk_comic - app.py:582 - INFO - 正在下载第 125/195 页...
2026-02-24 04:01:46 - mkk_comic - app.py:582 - INFO - 正在下载第 126/195 页...
2026-02-24 04:01:46 - mkk_comic - app.py:582 - INFO - 正在下载第 127/195 页...
2026-02-24 04:01:46 - mkk_comic - app.py:582 - INFO - 正在下载第 128/195 页...
2026-02-24 04:01:46 - mkk_comic - app.py:582 - INFO - 正在下载第 129/195 页...
2026-02-24 04:01:46 - mkk_comic - app.py:582 - INFO - 正在下载第 130/195 页...
2026-02-24 04:01:46 - mkk_comic - app.py:582 - INFO - 正在下载第 131/195 页...
2026-02-24 04:01:46 - mkk_comic - app.py:582 - INFO - 正在下载第 132/195 页...
2026-02-24 04:01:46 - mkk_comic - app.py:582 - INFO - 正在下载第 133/195 页...
2026-02-24 04:01:46 - mkk_comic - app.py:582 - INFO - 正在下载第 134/195 页...
2026-02-24 04:01:46 - mkk_comic - app.py:582 - INFO - 正在下载第 135/195 页...
2026-02-24 04:01:46 - mkk_comic - app.py:582 - INFO - 正在下载第 136/195 页...
2026-02-24 04:01:46 - mkk_comic - app.py:582 - INFO - 正在下载第 137/195 页...
2026-02-24 04:01:46 - mkk_comic - app.py:582 - INFO - 正在下载第 138/195 页...
2026-02-24 04:01:46 - mkk_comic - app.py:582 - INFO - 正在下载第 139/195 页...
2026-02-24 04:01:46 - mkk_comic - app.py:582 - INFO - 正在下载第 140/195 页...
2026-02-24 04:01:46 - mkk_comic - app.py:582 - INFO - 正在下载第 141/195 页...
2026-02-24 04:01:46 - mkk_comic - app.py:582 - INFO - 正在下载第 142/195 页...
2026-02-24 04:01:46 - mkk_comic - app.py:582 - INFO - 正在下载第 143/195 页...
2026-02-24 04:01:46 - mkk_comic - app.py:582 - INFO - 正在下载第 144/195 页...
2026-02-24 04:01:46 - mkk_comic - app.py:582 - INFO - 正在下载第 145/195 页...
2026-02-24 04:01:46 - mkk_comic - app.py:582 - INFO - 正在下载第 146/195 页...
2026-02-24 04:01:46 - mkk_comic - app.py:582 - INFO - 正在下载第 147/195 页...
2026-02-24 04:01:46 - mkk_comic - app.py:582 - INFO - 正在下载第 148/195 页...
2026-02-24 04:01:47 - mkk_comic - app.py:582 - INFO - 正在下载第 149/195 页...
2026-02-24 04:01:47 - mkk_comic - app.py:582 - INFO - 正在下载第 150/195 页...
2026-02-24 04:01:47 - mkk_comic - app.py:582 - INFO - 正在下载第 151/195 页...
2026-02-24 04:01:47 - mkk_comic - app.py:582 - INFO - 正在下载第 152/195 页...
2026-02-24 04:01:47 - mkk_comic - app.py:582 - INFO - 正在下载第 153/195 页...
2026-02-24 04:01:47 - mkk_comic - app.py:582 - INFO - 正在下载第 154/195 页...
2026-02-24 04:01:47 - mkk_comic - app.py:582 - INFO - 正在下载第 155/195 页...
2026-02-24 04:01:47 - mkk_comic - app.py:582 - INFO - 正在下载第 156/195 页...
2026-02-24 04:01:47 - mkk_comic - app.py:582 - INFO - 正在下载第 157/195 页...
2026-02-24 04:01:47 - mkk_comic - app.py:582 - INFO - 正在下载第 158/195 页...
2026-02-24 04:01:47 - mkk_comic - app.py:582 - INFO - 正在下载第 159/195 页...
2026-02-24 04:01:47 - mkk_comic - app.py:582 - INFO - 正在下载第 160/195 页...
2026-02-24 04:01:47 - mkk_comic - app.py:582 - INFO - 正在下载第 161/195 页...
2026-02-24 04:01:47 - mkk_comic - app.py:582 - INFO - 正在下载第 162/195 页...
2026-02-24 04:01:47 - mkk_comic - app.py:582 - INFO - 正在下载第 163/195 页...
2026-02-24 04:01:47 - mkk_comic - app.py:582 - INFO - 正在下载第 164/195 页...
2026-02-24 04:01:47 - mkk_comic - app.py:582 - INFO - 正在下载第 165/195 页...
2026-02-24 04:01:47 - mkk_comic - app.py:582 - INFO - 正在下载第 166/195 页...
2026-02-24 04:01:47 - mkk_comic - app.py:582 - INFO - 正在下载第 167/195 页...
2026-02-24 04:01:47 - mkk_comic - app.py:582 - INFO - 正在下载第 168/195 页...
2026-02-24 04:01:47 - mkk_comic - app.py:582 - INFO - 正在下载第 169/195 页...
2026-02-24 04:01:47 - mkk_comic - app.py:582 - INFO - 正在下载第 170/195 页...
2026-02-24 04:01:47 - mkk_comic - app.py:582 - INFO - 正在下载第 171/195 页...
2026-02-24 04:01:47 - mkk_comic - app.py:582 - INFO - 正在下载第 172/195 页...
2026-02-24 04:01:47 - mkk_comic - app.py:582 - INFO - 正在下载第 173/195 页...
2026-02-24 04:01:47 - mkk_comic - app.py:582 - INFO - 正在下载第 174/195 页...
2026-02-24 04:01:47 - mkk_comic - app.py:582 - INFO - 正在下载第 175/195 页...
2026-02-24 04:01:47 - mkk_comic - app.py:582 - INFO - 正在下载第 176/195 页...
2026-02-24 04:01:47 - mkk_comic - app.py:582 - INFO - 正在下载第 177/195 页...
2026-02-24 04:01:47 - mkk_comic - app.py:582 - INFO - 正在下载第 178/195 页...
2026-02-24 04:01:47 - mkk_comic - app.py:582 - INFO - 正在下载第 179/195 页...
2026-02-24 04:01:47 - mkk_comic - app.py:582 - INFO - 正在下载第 180/195 页...
2026-02-24 04:01:47 - mkk_comic - app.py:582 - INFO - 正在下载第 181/195 页...
2026-02-24 04:01:47 - mkk_comic - app.py:582 - INFO - 正在下载第 182/195 页...
2026-02-24 04:01:47 - mkk_comic - app.py:582 - INFO - 正在下载第 183/195 页...
2026-02-24 04:01:47 - mkk_comic - app.py:582 - INFO - 正在下载第 184/195 页...
2026-02-24 04:01:47 - mkk_comic - app.py:582 - INFO - 正在下载第 185/195 页...
2026-02-24 04:01:47 - mkk_comic - app.py:582 - INFO - 正在下载第 186/195 页...
2026-02-24 04:01:47 - mkk_comic - app.py:582 - INFO - 正在下载第 187/195 页...
2026-02-24 04:01:47 - mkk_comic - app.py:582 - INFO - 正在下载第 188/195 页...
2026-02-24 04:01:47 - mkk_comic - app.py:582 - INFO - 正在下载第 189/195 页...
2026-02-24 04:01:47 - mkk_comic - app.py:582 - INFO - 正在下载第 190/195 页...
2026-02-24 04:01:47 - mkk_comic - app.py:582 - INFO - 正在下载第 191/195 页...
2026-02-24 04:01:47 - mkk_comic - app.py:582 - INFO - 正在下载第 192/195 页...
2026-02-24 04:01:47 - mkk_comic - app.py:582 - INFO - 正在下载第 193/195 页...
2026-02-24 04:01:47 - mkk_comic - app.py:582 - INFO - 正在下载第 194/195 页...
2026-02-24 04:01:47 - mkk_comic - app.py:582 - INFO - 正在下载第 195/195 页...
2026-02-24 04:01:47 - mkk_comic - app.py:511 - INFO - 下载完成!
2026-02-24 04:01:47 - mkk_comic - app.py:512 - INFO - 成功下载: 195/195 页
2026-02-24 04:01:48 - mkk_comic - app.py:494 - INFO - 正在下载第74章: 74卷    UUID:1358efaf-c7d9-11e8-882e-024352452ce0
2026-02-24 04:01:48 - mkk_comic - app.py:502 - INFO - 创建目录: ./out/海贼王/74卷
2026-02-24 04:01:48 - mkk_comic - app.py:505 - INFO - 开始下载: 海贼王 - 74卷
2026-02-24 04:01:48 - mkk_comic - app.py:506 - INFO - 总页数: 217
2026-02-24 04:01:48 - mkk_comic - app.py:582 - INFO - 正在下载第 001/217 页...
2026-02-24 04:01:48 - mkk_comic - app.py:582 - INFO - 正在下载第 002/217 页...
2026-02-24 04:01:48 - mkk_comic - app.py:582 - INFO - 正在下载第 003/217 页...
2026-02-24 04:01:48 - mkk_comic - app.py:582 - INFO - 正在下载第 004/217 页...
2026-02-24 04:01:48 - mkk_comic - app.py:582 - INFO - 正在下载第 005/217 页...
2026-02-24 04:01:49 - mkk_comic - app.py:582 - INFO - 正在下载第 006/217 页...
2026-02-24 04:01:49 - mkk_comic - app.py:582 - INFO - 正在下载第 007/217 页...
2026-02-24 04:01:49 - mkk_comic - app.py:582 - INFO - 正在下载第 008/217 页...
2026-02-24 04:01:49 - mkk_comic - app.py:582 - INFO - 正在下载第 009/217 页...
2026-02-24 04:01:49 - mkk_comic - app.py:582 - INFO - 正在下载第 010/217 页...
2026-02-24 04:01:49 - mkk_comic - app.py:582 - INFO - 正在下载第 011/217 页...
2026-02-24 04:01:49 - mkk_comic - app.py:582 - INFO - 正在下载第 012/217 页...
2026-02-24 04:01:49 - mkk_comic - app.py:582 - INFO - 正在下载第 013/217 页...
2026-02-24 04:01:49 - mkk_comic - app.py:582 - INFO - 正在下载第 014/217 页...
2026-02-24 04:01:49 - mkk_comic - app.py:582 - INFO - 正在下载第 015/217 页...
2026-02-24 04:01:49 - mkk_comic - app.py:582 - INFO - 正在下载第 016/217 页...
2026-02-24 04:01:49 - mkk_comic - app.py:582 - INFO - 正在下载第 017/217 页...
2026-02-24 04:01:49 - mkk_comic - app.py:582 - INFO - 正在下载第 018/217 页...
2026-02-24 04:01:49 - mkk_comic - app.py:582 - INFO - 正在下载第 019/217 页...
2026-02-24 04:01:49 - mkk_comic - app.py:582 - INFO - 正在下载第 020/217 页...
2026-02-24 04:01:49 - mkk_comic - app.py:582 - INFO - 正在下载第 021/217 页...
2026-02-24 04:01:49 - mkk_comic - app.py:582 - INFO - 正在下载第 022/217 页...
2026-02-24 04:01:49 - mkk_comic - app.py:582 - INFO - 正在下载第 023/217 页...
2026-02-24 04:01:49 - mkk_comic - app.py:582 - INFO - 正在下载第 024/217 页...
2026-02-24 04:01:49 - mkk_comic - app.py:582 - INFO - 正在下载第 025/217 页...
2026-02-24 04:01:49 - mkk_comic - app.py:582 - INFO - 正在下载第 026/217 页...
2026-02-24 04:01:49 - mkk_comic - app.py:582 - INFO - 正在下载第 027/217 页...
2026-02-24 04:01:49 - mkk_comic - app.py:582 - INFO - 正在下载第 028/217 页...
2026-02-24 04:01:49 - mkk_comic - app.py:582 - INFO - 正在下载第 029/217 页...
2026-02-24 04:01:49 - mkk_comic - app.py:582 - INFO - 正在下载第 030/217 页...
2026-02-24 04:01:49 - mkk_comic - app.py:582 - INFO - 正在下载第 031/217 页...
2026-02-24 04:01:49 - mkk_comic - app.py:582 - INFO - 正在下载第 032/217 页...
2026-02-24 04:01:49 - mkk_comic - app.py:582 - INFO - 正在下载第 033/217 页...
2026-02-24 04:01:49 - mkk_comic - app.py:582 - INFO - 正在下载第 034/217 页...
2026-02-24 04:01:49 - mkk_comic - app.py:582 - INFO - 正在下载第 035/217 页...
2026-02-24 04:01:49 - mkk_comic - app.py:582 - INFO - 正在下载第 036/217 页...
2026-02-24 04:01:49 - mkk_comic - app.py:582 - INFO - 正在下载第 037/217 页...
2026-02-24 04:01:49 - mkk_comic - app.py:582 - INFO - 正在下载第 038/217 页...
2026-02-24 04:01:49 - mkk_comic - app.py:582 - INFO - 正在下载第 039/217 页...
2026-02-24 04:01:49 - mkk_comic - app.py:582 - INFO - 正在下载第 040/217 页...
2026-02-24 04:01:49 - mkk_comic - app.py:582 - INFO - 正在下载第 041/217 页...
2026-02-24 04:01:49 - mkk_comic - app.py:582 - INFO - 正在下载第 042/217 页...
2026-02-24 04:01:49 - mkk_comic - app.py:582 - INFO - 正在下载第 043/217 页...
2026-02-24 04:01:49 - mkk_comic - app.py:582 - INFO - 正在下载第 044/217 页...
2026-02-24 04:01:49 - mkk_comic - app.py:582 - INFO - 正在下载第 045/217 页...
2026-02-24 04:01:49 - mkk_comic - app.py:582 - INFO - 正在下载第 046/217 页...
2026-02-24 04:01:49 - mkk_comic - app.py:582 - INFO - 正在下载第 047/217 页...
2026-02-24 04:01:49 - mkk_comic - app.py:582 - INFO - 正在下载第 048/217 页...
2026-02-24 04:01:49 - mkk_comic - app.py:582 - INFO - 正在下载第 049/217 页...
2026-02-24 04:01:49 - mkk_comic - app.py:582 - INFO - 正在下载第 050/217 页...
2026-02-24 04:01:49 - mkk_comic - app.py:582 - INFO - 正在下载第 051/217 页...
2026-02-24 04:01:49 - mkk_comic - app.py:582 - INFO - 正在下载第 052/217 页...
2026-02-24 04:01:49 - mkk_comic - app.py:582 - INFO - 正在下载第 053/217 页...
2026-02-24 04:01:49 - mkk_comic - app.py:582 - INFO - 正在下载第 054/217 页...
2026-02-24 04:01:49 - mkk_comic - app.py:582 - INFO - 正在下载第 055/217 页...
2026-02-24 04:01:49 - mkk_comic - app.py:582 - INFO - 正在下载第 056/217 页...
2026-02-24 04:01:49 - mkk_comic - app.py:582 - INFO - 正在下载第 057/217 页...
2026-02-24 04:01:49 - mkk_comic - app.py:582 - INFO - 正在下载第 058/217 页...
2026-02-24 04:01:49 - mkk_comic - app.py:582 - INFO - 正在下载第 059/217 页...
2026-02-24 04:01:49 - mkk_comic - app.py:582 - INFO - 正在下载第 060/217 页...
2026-02-24 04:01:49 - mkk_comic - app.py:582 - INFO - 正在下载第 061/217 页...
2026-02-24 04:01:49 - mkk_comic - app.py:582 - INFO - 正在下载第 062/217 页...
2026-02-24 04:01:49 - mkk_comic - app.py:582 - INFO - 正在下载第 063/217 页...
2026-02-24 04:01:49 - mkk_comic - app.py:582 - INFO - 正在下载第 064/217 页...
2026-02-24 04:01:49 - mkk_comic - app.py:582 - INFO - 正在下载第 065/217 页...
2026-02-24 04:01:50 - mkk_comic - app.py:582 - INFO - 正在下载第 066/217 页...
2026-02-24 04:01:50 - mkk_comic - app.py:582 - INFO - 正在下载第 067/217 页...
2026-02-24 04:01:50 - mkk_comic - app.py:582 - INFO - 正在下载第 068/217 页...
2026-02-24 04:01:50 - mkk_comic - app.py:582 - INFO - 正在下载第 069/217 页...
2026-02-24 04:01:50 - mkk_comic - app.py:582 - INFO - 正在下载第 070/217 页...
2026-02-24 04:01:50 - mkk_comic - app.py:582 - INFO - 正在下载第 071/217 页...
2026-02-24 04:01:50 - mkk_comic - app.py:582 - INFO - 正在下载第 072/217 页...
2026-02-24 04:01:50 - mkk_comic - app.py:582 - INFO - 正在下载第 073/217 页...
2026-02-24 04:01:50 - mkk_comic - app.py:582 - INFO - 正在下载第 074/217 页...
2026-02-24 04:01:50 - mkk_comic - app.py:582 - INFO - 正在下载第 075/217 页...
2026-02-24 04:01:50 - mkk_comic - app.py:582 - INFO - 正在下载第 076/217 页...
2026-02-24 04:01:50 - mkk_comic - app.py:582 - INFO - 正在下载第 077/217 页...
2026-02-24 04:01:50 - mkk_comic - app.py:582 - INFO - 正在下载第 078/217 页...
2026-02-24 04:01:50 - mkk_comic - app.py:582 - INFO - 正在下载第 079/217 页...
2026-02-24 04:01:50 - mkk_comic - app.py:582 - INFO - 正在下载第 080/217 页...
2026-02-24 04:01:50 - mkk_comic - app.py:582 - INFO - 正在下载第 081/217 页...
2026-02-24 04:01:50 - mkk_comic - app.py:582 - INFO - 正在下载第 082/217 页...
2026-02-24 04:01:50 - mkk_comic - app.py:582 - INFO - 正在下载第 083/217 页...
2026-02-24 04:01:50 - mkk_comic - app.py:582 - INFO - 正在下载第 084/217 页...
2026-02-24 04:01:50 - mkk_comic - app.py:582 - INFO - 正在下载第 085/217 页...
2026-02-24 04:01:50 - mkk_comic - app.py:582 - INFO - 正在下载第 086/217 页...
2026-02-24 04:01:50 - mkk_comic - app.py:582 - INFO - 正在下载第 087/217 页...
2026-02-24 04:01:50 - mkk_comic - app.py:582 - INFO - 正在下载第 088/217 页...
2026-02-24 04:01:50 - mkk_comic - app.py:582 - INFO - 正在下载第 089/217 页...
2026-02-24 04:01:50 - mkk_comic - app.py:582 - INFO - 正在下载第 090/217 页...
2026-02-24 04:01:50 - mkk_comic - app.py:582 - INFO - 正在下载第 091/217 页...
2026-02-24 04:01:50 - mkk_comic - app.py:582 - INFO - 正在下载第 092/217 页...
2026-02-24 04:01:50 - mkk_comic - app.py:582 - INFO - 正在下载第 093/217 页...
2026-02-24 04:01:50 - mkk_comic - app.py:582 - INFO - 正在下载第 094/217 页...
2026-02-24 04:01:50 - mkk_comic - app.py:582 - INFO - 正在下载第 095/217 页...
2026-02-24 04:01:50 - mkk_comic - app.py:582 - INFO - 正在下载第 096/217 页...
2026-02-24 04:01:50 - mkk_comic - app.py:582 - INFO - 正在下载第 097/217 页...
2026-02-24 04:01:50 - mkk_comic - app.py:582 - INFO - 正在下载第 098/217 页...
2026-02-24 04:01:50 - mkk_comic - app.py:582 - INFO - 正在下载第 099/217 页...
2026-02-24 04:01:50 - mkk_comic - app.py:582 - INFO - 正在下载第 100/217 页...
2026-02-24 04:01:50 - mkk_comic - app.py:582 - INFO - 正在下载第 101/217 页...
2026-02-24 04:01:50 - mkk_comic - app.py:582 - INFO - 正在下载第 102/217 页...
2026-02-24 04:01:50 - mkk_comic - app.py:582 - INFO - 正在下载第 103/217 页...
2026-02-24 04:01:50 - mkk_comic - app.py:582 - INFO - 正在下载第 104/217 页...
2026-02-24 04:01:50 - mkk_comic - app.py:582 - INFO - 正在下载第 105/217 页...
2026-02-24 04:01:50 - mkk_comic - app.py:582 - INFO - 正在下载第 106/217 页...
2026-02-24 04:01:50 - mkk_comic - app.py:582 - INFO - 正在下载第 107/217 页...
2026-02-24 04:01:50 - mkk_comic - app.py:582 - INFO - 正在下载第 108/217 页...
2026-02-24 04:01:50 - mkk_comic - app.py:582 - INFO - 正在下载第 109/217 页...
2026-02-24 04:01:50 - mkk_comic - app.py:582 - INFO - 正在下载第 110/217 页...
2026-02-24 04:01:50 - mkk_comic - app.py:582 - INFO - 正在下载第 111/217 页...
2026-02-24 04:01:50 - mkk_comic - app.py:582 - INFO - 正在下载第 112/217 页...
2026-02-24 04:01:50 - mkk_comic - app.py:582 - INFO - 正在下载第 113/217 页...
2026-02-24 04:01:50 - mkk_comic - app.py:582 - INFO - 正在下载第 114/217 页...
2026-02-24 04:01:50 - mkk_comic - app.py:582 - INFO - 正在下载第 115/217 页...
2026-02-24 04:01:50 - mkk_comic - app.py:582 - INFO - 正在下载第 116/217 页...
2026-02-24 04:01:50 - mkk_comic - app.py:582 - INFO - 正在下载第 117/217 页...
2026-02-24 04:01:50 - mkk_comic - app.py:582 - INFO - 正在下载第 118/217 页...
2026-02-24 04:01:50 - mkk_comic - app.py:582 - INFO - 正在下载第 119/217 页...
2026-02-24 04:01:50 - mkk_comic - app.py:582 - INFO - 正在下载第 120/217 页...
2026-02-24 04:01:50 - mkk_comic - app.py:582 - INFO - 正在下载第 121/217 页...
2026-02-24 04:01:50 - mkk_comic - app.py:582 - INFO - 正在下载第 122/217 页...
2026-02-24 04:01:50 - mkk_comic - app.py:582 - INFO - 正在下载第 123/217 页...
2026-02-24 04:01:50 - mkk_comic - app.py:582 - INFO - 正在下载第 124/217 页...
2026-02-24 04:01:50 - mkk_comic - app.py:582 - INFO - 正在下载第 125/217 页...
2026-02-24 04:01:50 - mkk_comic - app.py:582 - INFO - 正在下载第 126/217 页...
2026-02-24 04:01:50 - mkk_comic - app.py:582 - INFO - 正在下载第 127/217 页...
2026-02-24 04:01:50 - mkk_comic - app.py:582 - INFO - 正在下载第 128/217 页...
2026-02-24 04:01:50 - mkk_comic - app.py:582 - INFO - 正在下载第 129/217 页...
2026-02-24 04:01:51 - mkk_comic - app.py:582 - INFO - 正在下载第 130/217 页...
2026-02-24 04:01:51 - mkk_comic - app.py:582 - INFO - 正在下载第 131/217 页...
2026-02-24 04:01:51 - mkk_comic - app.py:582 - INFO - 正在下载第 132/217 页...
2026-02-24 04:01:51 - mkk_comic - app.py:582 - INFO - 正在下载第 133/217 页...
2026-02-24 04:01:51 - mkk_comic - app.py:582 - INFO - 正在下载第 134/217 页...
2026-02-24 04:01:51 - mkk_comic - app.py:582 - INFO - 正在下载第 135/217 页...
2026-02-24 04:01:51 - mkk_comic - app.py:582 - INFO - 正在下载第 136/217 页...
2026-02-24 04:01:51 - mkk_comic - app.py:582 - INFO - 正在下载第 137/217 页...
2026-02-24 04:01:51 - mkk_comic - app.py:582 - INFO - 正在下载第 138/217 页...
2026-02-24 04:01:51 - mkk_comic - app.py:582 - INFO - 正在下载第 139/217 页...
2026-02-24 04:01:51 - mkk_comic - app.py:582 - INFO - 正在下载第 140/217 页...
2026-02-24 04:01:51 - mkk_comic - app.py:582 - INFO - 正在下载第 141/217 页...
2026-02-24 04:01:51 - mkk_comic - app.py:582 - INFO - 正在下载第 142/217 页...
2026-02-24 04:01:51 - mkk_comic - app.py:582 - INFO - 正在下载第 143/217 页...
2026-02-24 04:01:51 - mkk_comic - app.py:582 - INFO - 正在下载第 144/217 页...
2026-02-24 04:01:51 - mkk_comic - app.py:582 - INFO - 正在下载第 145/217 页...
2026-02-24 04:01:51 - mkk_comic - app.py:582 - INFO - 正在下载第 146/217 页...
2026-02-24 04:01:51 - mkk_comic - app.py:582 - INFO - 正在下载第 147/217 页...
2026-02-24 04:01:51 - mkk_comic - app.py:582 - INFO - 正在下载第 148/217 页...
2026-02-24 04:01:51 - mkk_comic - app.py:582 - INFO - 正在下载第 149/217 页...
2026-02-24 04:01:51 - mkk_comic - app.py:582 - INFO - 正在下载第 150/217 页...
2026-02-24 04:01:51 - mkk_comic - app.py:582 - INFO - 正在下载第 151/217 页...
2026-02-24 04:01:51 - mkk_comic - app.py:582 - INFO - 正在下载第 152/217 页...
2026-02-24 04:01:51 - mkk_comic - app.py:582 - INFO - 正在下载第 153/217 页...
2026-02-24 04:01:51 - mkk_comic - app.py:582 - INFO - 正在下载第 154/217 页...
2026-02-24 04:01:51 - mkk_comic - app.py:582 - INFO - 正在下载第 155/217 页...
2026-02-24 04:01:51 - mkk_comic - app.py:582 - INFO - 正在下载第 156/217 页...
2026-02-24 04:01:51 - mkk_comic - app.py:582 - INFO - 正在下载第 157/217 页...
2026-02-24 04:01:51 - mkk_comic - app.py:582 - INFO - 正在下载第 158/217 页...
2026-02-24 04:01:51 - mkk_comic - app.py:582 - INFO - 正在下载第 159/217 页...
2026-02-24 04:01:51 - mkk_comic - app.py:582 - INFO - 正在下载第 160/217 页...
2026-02-24 04:01:51 - mkk_comic - app.py:582 - INFO - 正在下载第 161/217 页...
2026-02-24 04:01:51 - mkk_comic - app.py:582 - INFO - 正在下载第 162/217 页...
2026-02-24 04:01:51 - mkk_comic - app.py:582 - INFO - 正在下载第 163/217 页...
2026-02-24 04:01:51 - mkk_comic - app.py:582 - INFO - 正在下载第 164/217 页...
2026-02-24 04:01:51 - mkk_comic - app.py:582 - INFO - 正在下载第 165/217 页...
2026-02-24 04:01:51 - mkk_comic - app.py:582 - INFO - 正在下载第 166/217 页...
2026-02-24 04:01:51 - mkk_comic - app.py:582 - INFO - 正在下载第 167/217 页...
2026-02-24 04:01:51 - mkk_comic - app.py:582 - INFO - 正在下载第 168/217 页...
2026-02-24 04:01:51 - mkk_comic - app.py:582 - INFO - 正在下载第 169/217 页...
2026-02-24 04:01:51 - mkk_comic - app.py:582 - INFO - 正在下载第 170/217 页...
2026-02-24 04:01:51 - mkk_comic - app.py:582 - INFO - 正在下载第 171/217 页...
2026-02-24 04:01:51 - mkk_comic - app.py:582 - INFO - 正在下载第 172/217 页...
2026-02-24 04:01:51 - mkk_comic - app.py:582 - INFO - 正在下载第 173/217 页...
2026-02-24 04:01:51 - mkk_comic - app.py:582 - INFO - 正在下载第 174/217 页...
2026-02-24 04:01:51 - mkk_comic - app.py:582 - INFO - 正在下载第 175/217 页...
2026-02-24 04:01:51 - mkk_comic - app.py:582 - INFO - 正在下载第 176/217 页...
2026-02-24 04:01:51 - mkk_comic - app.py:582 - INFO - 正在下载第 177/217 页...
2026-02-24 04:01:51 - mkk_comic - app.py:582 - INFO - 正在下载第 178/217 页...
2026-02-24 04:01:51 - mkk_comic - app.py:582 - INFO - 正在下载第 179/217 页...
2026-02-24 04:01:51 - mkk_comic - app.py:582 - INFO - 正在下载第 180/217 页...
2026-02-24 04:01:51 - mkk_comic - app.py:582 - INFO - 正在下载第 181/217 页...
2026-02-24 04:01:51 - mkk_comic - app.py:582 - INFO - 正在下载第 182/217 页...
2026-02-24 04:01:51 - mkk_comic - app.py:582 - INFO - 正在下载第 183/217 页...
2026-02-24 04:01:51 - mkk_comic - app.py:582 - INFO - 正在下载第 184/217 页...
2026-02-24 04:01:51 - mkk_comic - app.py:582 - INFO - 正在下载第 185/217 页...
2026-02-24 04:01:51 - mkk_comic - app.py:582 - INFO - 正在下载第 186/217 页...
2026-02-24 04:01:51 - mkk_comic - app.py:582 - INFO - 正在下载第 187/217 页...
2026-02-24 04:01:51 - mkk_comic - app.py:582 - INFO - 正在下载第 188/217 页...
2026-02-24 04:01:51 - mkk_comic - app.py:582 - INFO - 正在下载第 189/217 页...
2026-02-24 04:01:51 - mkk_comic - app.py:582 - INFO - 正在下载第 190/217 页...
2026-02-24 04:01:51 - mkk_comic - app.py:582 - INFO - 正在下载第 191/217 页...
2026-02-24 04:01:51 - mkk_comic - app.py:582 - INFO - 正在下载第 192/217 页...
2026-02-24 04:01:52 - mkk_comic - app.py:582 - INFO - 正在下载第 193/217 页...
2026-02-24 04:01:52 - mkk_comic - app.py:582 - INFO - 正在下载第 194/217 页...
2026-02-24 04:01:52 - mkk_comic - app.py:582 - INFO - 正在下载第 195/217 页...
2026-02-24 04:01:52 - mkk_comic - app.py:582 - INFO - 正在下载第 196/217 页...
2026-02-24 04:01:52 - mkk_comic - app.py:582 - INFO - 正在下载第 197/217 页...
2026-02-24 04:01:52 - mkk_comic - app.py:582 - INFO - 正在下载第 198/217 页...
2026-02-24 04:01:52 - mkk_comic - app.py:582 - INFO - 正在下载第 199/217 页...
2026-02-24 04:01:52 - mkk_comic - app.py:582 - INFO - 正在下载第 200/217 页...
2026-02-24 04:01:52 - mkk_comic - app.py:582 - INFO - 正在下载第 201/217 页...
2026-02-24 04:01:52 - mkk_comic - app.py:582 - INFO - 正在下载第 202/217 页...
2026-02-24 04:01:52 - mkk_comic - app.py:582 - INFO - 正在下载第 203/217 页...
2026-02-24 04:01:52 - mkk_comic - app.py:582 - INFO - 正在下载第 204/217 页...
2026-02-24 04:01:52 - mkk_comic - app.py:582 - INFO - 正在下载第 205/217 页...
2026-02-24 04:01:52 - mkk_comic - app.py:582 - INFO - 正在下载第 206/217 页...
2026-02-24 04:01:52 - mkk_comic - app.py:582 - INFO - 正在下载第 207/217 页...
2026-02-24 04:01:52 - mkk_comic - app.py:582 - INFO - 正在下载第 208/217 页...
2026-02-24 04:01:52 - mkk_comic - app.py:582 - INFO - 正在下载第 209/217 页...
2026-02-24 04:01:52 - mkk_comic - app.py:582 - INFO - 正在下载第 210/217 页...
2026-02-24 04:01:52 - mkk_comic - app.py:582 - INFO - 正在下载第 211/217 页...
2026-02-24 04:01:52 - mkk_comic - app.py:582 - INFO - 正在下载第 212/217 页...
2026-02-24 04:01:52 - mkk_comic - app.py:582 - INFO - 正在下载第 213/217 页...
2026-02-24 04:01:52 - mkk_comic - app.py:582 - INFO - 正在下载第 214/217 页...
2026-02-24 04:01:52 - mkk_comic - app.py:582 - INFO - 正在下载第 215/217 页...
2026-02-24 04:01:52 - mkk_comic - app.py:582 - INFO - 正在下载第 216/217 页...
2026-02-24 04:01:52 - mkk_comic - app.py:582 - INFO - 正在下载第 217/217 页...
2026-02-24 04:01:52 - mkk_comic - app.py:511 - INFO - 下载完成!
2026-02-24 04:01:52 - mkk_comic - app.py:512 - INFO - 成功下载: 217/217 页
2026-02-24 04:01:52 - mkk_comic - app.py:838 - INFO - 【电锯人】上次下载至第69章
2026-02-24 04:01:53 - mkk_comic - app.py:845 - INFO - 【电锯人】检测到更新！最新：255章
2026-02-24 04:01:53 - mkk_comic - app.py:848 - INFO - 【电锯人】最大下载限制为5章-需下载70~74章）
2026-02-24 04:01:53 - mkk_comic - app.py:494 - INFO - 正在下载第70章: 番外篇    UUID:f9853052-69cb-11ea-9de4-00163e0ca5bd
2026-02-24 04:01:54 - mkk_comic - app.py:502 - INFO - 创建目录: ./out/電鋸人/番外篇
2026-02-24 04:01:54 - mkk_comic - app.py:505 - INFO - 开始下载: 電鋸人 - 番外篇
2026-02-24 04:01:54 - mkk_comic - app.py:506 - INFO - 总页数: 1
2026-02-24 04:01:54 - mkk_comic - app.py:582 - INFO - 正在下载第 001/001 页...
2026-02-24 04:01:54 - mkk_comic - app.py:511 - INFO - 下载完成!
2026-02-24 04:01:54 - mkk_comic - app.py:512 - INFO - 成功下载: 1/1 页
2026-02-24 04:01:54 - mkk_comic - app.py:494 - INFO - 正在下载第71章: 第63话    UUID:e308aeca-6a7b-11ea-bac4-00163e0ca5bd
2026-02-24 04:01:55 - mkk_comic - app.py:502 - INFO - 创建目录: ./out/電鋸人/第63话
2026-02-24 04:01:55 - mkk_comic - app.py:505 - INFO - 开始下载: 電鋸人 - 第63话
2026-02-24 04:01:55 - mkk_comic - app.py:506 - INFO - 总页数: 20
2026-02-24 04:01:55 - mkk_comic - app.py:582 - INFO - 正在下载第 001/020 页...
2026-02-24 04:01:55 - mkk_comic - app.py:582 - INFO - 正在下载第 002/020 页...
2026-02-24 04:01:55 - mkk_comic - app.py:582 - INFO - 正在下载第 003/020 页...
2026-02-24 04:01:55 - mkk_comic - app.py:582 - INFO - 正在下载第 004/020 页...
2026-02-24 04:01:55 - mkk_comic - app.py:582 - INFO - 正在下载第 005/020 页...
2026-02-24 04:01:55 - mkk_comic - app.py:582 - INFO - 正在下载第 006/020 页...
2026-02-24 04:01:55 - mkk_comic - app.py:582 - INFO - 正在下载第 007/020 页...
2026-02-24 04:01:55 - mkk_comic - app.py:582 - INFO - 正在下载第 008/020 页...
2026-02-24 04:01:55 - mkk_comic - app.py:582 - INFO - 正在下载第 009/020 页...
2026-02-24 04:01:55 - mkk_comic - app.py:582 - INFO - 正在下载第 010/020 页...
2026-02-24 04:01:55 - mkk_comic - app.py:582 - INFO - 正在下载第 011/020 页...
2026-02-24 04:01:55 - mkk_comic - app.py:582 - INFO - 正在下载第 012/020 页...
2026-02-24 04:01:55 - mkk_comic - app.py:582 - INFO - 正在下载第 013/020 页...
2026-02-24 04:01:55 - mkk_comic - app.py:582 - INFO - 正在下载第 014/020 页...
2026-02-24 04:01:55 - mkk_comic - app.py:582 - INFO - 正在下载第 015/020 页...
2026-02-24 04:01:55 - mkk_comic - app.py:582 - INFO - 正在下载第 016/020 页...
2026-02-24 04:01:55 - mkk_comic - app.py:582 - INFO - 正在下载第 017/020 页...
2026-02-24 04:01:55 - mkk_comic - app.py:582 - INFO - 正在下载第 018/020 页...
2026-02-24 04:01:55 - mkk_comic - app.py:582 - INFO - 正在下载第 019/020 页...
2026-02-24 04:01:55 - mkk_comic - app.py:582 - INFO - 正在下载第 020/020 页...
2026-02-24 04:01:55 - mkk_comic - app.py:511 - INFO - 下载完成!
2026-02-24 04:01:55 - mkk_comic - app.py:512 - INFO - 成功下载: 20/20 页
2026-02-24 04:01:56 - mkk_comic - app.py:494 - INFO - 正在下载第72章: 第64话    UUID:b04bf61e-700b-11ea-86d7-00163e0ca5bd
2026-02-24 04:01:57 - mkk_comic - app.py:502 - INFO - 创建目录: ./out/電鋸人/第64话
2026-02-24 04:01:57 - mkk_comic - app.py:505 - INFO - 开始下载: 電鋸人 - 第64话
2026-02-24 04:01:57 - mkk_comic - app.py:506 - INFO - 总页数: 20
2026-02-24 04:01:57 - mkk_comic - app.py:582 - INFO - 正在下载第 001/020 页...
2026-02-24 04:01:57 - mkk_comic - app.py:582 - INFO - 正在下载第 002/020 页...
2026-02-24 04:01:57 - mkk_comic - app.py:582 - INFO - 正在下载第 003/020 页...
2026-02-24 04:01:57 - mkk_comic - app.py:582 - INFO - 正在下载第 004/020 页...
2026-02-24 04:01:57 - mkk_comic - app.py:582 - INFO - 正在下载第 005/020 页...
2026-02-24 04:01:57 - mkk_comic - app.py:582 - INFO - 正在下载第 006/020 页...
2026-02-24 04:01:57 - mkk_comic - app.py:582 - INFO - 正在下载第 007/020 页...
2026-02-24 04:01:57 - mkk_comic - app.py:582 - INFO - 正在下载第 008/020 页...
2026-02-24 04:01:57 - mkk_comic - app.py:582 - INFO - 正在下载第 009/020 页...
2026-02-24 04:01:57 - mkk_comic - app.py:582 - INFO - 正在下载第 010/020 页...
2026-02-24 04:01:57 - mkk_comic - app.py:582 - INFO - 正在下载第 011/020 页...
2026-02-24 04:01:57 - mkk_comic - app.py:582 - INFO - 正在下载第 012/020 页...
2026-02-24 04:01:57 - mkk_comic - app.py:582 - INFO - 正在下载第 013/020 页...
2026-02-24 04:01:57 - mkk_comic - app.py:582 - INFO - 正在下载第 014/020 页...
2026-02-24 04:01:57 - mkk_comic - app.py:582 - INFO - 正在下载第 015/020 页...
2026-02-24 04:01:57 - mkk_comic - app.py:582 - INFO - 正在下载第 016/020 页...
2026-02-24 04:01:57 - mkk_comic - app.py:582 - INFO - 正在下载第 017/020 页...
2026-02-24 04:01:57 - mkk_comic - app.py:582 - INFO - 正在下载第 018/020 页...
2026-02-24 04:01:57 - mkk_comic - app.py:582 - INFO - 正在下载第 019/020 页...
2026-02-24 04:01:57 - mkk_comic - app.py:582 - INFO - 正在下载第 020/020 页...
2026-02-24 04:01:57 - mkk_comic - app.py:511 - INFO - 下载完成!
2026-02-24 04:01:57 - mkk_comic - app.py:512 - INFO - 成功下载: 20/20 页
2026-02-24 04:01:58 - mkk_comic - app.py:494 - INFO - 正在下载第73章: 第65话    UUID:837e1b40-75aa-11ea-a57f-00163e0ca5bd
2026-02-24 04:01:58 - mkk_comic - app.py:502 - INFO - 创建目录: ./out/電鋸人/第65话
2026-02-24 04:01:58 - mkk_comic - app.py:505 - INFO - 开始下载: 電鋸人 - 第65话
2026-02-24 04:01:58 - mkk_comic - app.py:506 - INFO - 总页数: 20
2026-02-24 04:01:58 - mkk_comic - app.py:582 - INFO - 正在下载第 001/020 页...
2026-02-24 04:01:58 - mkk_comic - app.py:582 - INFO - 正在下载第 002/020 页...
2026-02-24 04:01:58 - mkk_comic - app.py:582 - INFO - 正在下载第 003/020 页...
2026-02-24 04:01:58 - mkk_comic - app.py:582 - INFO - 正在下载第 004/020 页...
2026-02-24 04:01:58 - mkk_comic - app.py:582 - INFO - 正在下载第 005/020 页...
2026-02-24 04:01:58 - mkk_comic - app.py:582 - INFO - 正在下载第 006/020 页...
2026-02-24 04:01:58 - mkk_comic - app.py:582 - INFO - 正在下载第 007/020 页...
2026-02-24 04:01:59 - mkk_comic - app.py:582 - INFO - 正在下载第 008/020 页...
2026-02-24 04:01:59 - mkk_comic - app.py:582 - INFO - 正在下载第 009/020 页...
2026-02-24 04:01:59 - mkk_comic - app.py:582 - INFO - 正在下载第 010/020 页...
2026-02-24 04:01:59 - mkk_comic - app.py:582 - INFO - 正在下载第 011/020 页...
2026-02-24 04:01:59 - mkk_comic - app.py:582 - INFO - 正在下载第 012/020 页...
2026-02-24 04:01:59 - mkk_comic - app.py:582 - INFO - 正在下载第 013/020 页...
2026-02-24 04:01:59 - mkk_comic - app.py:582 - INFO - 正在下载第 014/020 页...
2026-02-24 04:01:59 - mkk_comic - app.py:582 - INFO - 正在下载第 015/020 页...
2026-02-24 04:01:59 - mkk_comic - app.py:582 - INFO - 正在下载第 016/020 页...
2026-02-24 04:01:59 - mkk_comic - app.py:582 - INFO - 正在下载第 017/020 页...
2026-02-24 04:01:59 - mkk_comic - app.py:582 - INFO - 正在下载第 018/020 页...
2026-02-24 04:01:59 - mkk_comic - app.py:582 - INFO - 正在下载第 019/020 页...
2026-02-24 04:01:59 - mkk_comic - app.py:582 - INFO - 正在下载第 020/020 页...
2026-02-24 04:01:59 - mkk_comic - app.py:511 - INFO - 下载完成!
2026-02-24 04:01:59 - mkk_comic - app.py:512 - INFO - 成功下载: 20/20 页
2026-02-24 04:01:59 - mkk_comic - app.py:494 - INFO - 正在下载第74章: 第66话    UUID:fd502858-7b2e-11ea-a990-00163e0ca5bd
2026-02-24 04:02:00 - mkk_comic - app.py:502 - INFO - 创建目录: ./out/電鋸人/第66话
2026-02-24 04:02:00 - mkk_comic - app.py:505 - INFO - 开始下载: 電鋸人 - 第66话
2026-02-24 04:02:00 - mkk_comic - app.py:506 - INFO - 总页数: 21
2026-02-24 04:02:00 - mkk_comic - app.py:582 - INFO - 正在下载第 001/021 页...
2026-02-24 04:02:00 - mkk_comic - app.py:582 - INFO - 正在下载第 002/021 页...
2026-02-24 04:02:00 - mkk_comic - app.py:582 - INFO - 正在下载第 003/021 页...
2026-02-24 04:02:00 - mkk_comic - app.py:582 - INFO - 正在下载第 004/021 页...
2026-02-24 04:02:00 - mkk_comic - app.py:582 - INFO - 正在下载第 005/021 页...
2026-02-24 04:02:00 - mkk_comic - app.py:582 - INFO - 正在下载第 006/021 页...
2026-02-24 04:02:00 - mkk_comic - app.py:582 - INFO - 正在下载第 007/021 页...
2026-02-24 04:02:00 - mkk_comic - app.py:582 - INFO - 正在下载第 008/021 页...
2026-02-24 04:02:00 - mkk_comic - app.py:582 - INFO - 正在下载第 009/021 页...
2026-02-24 04:02:00 - mkk_comic - app.py:582 - INFO - 正在下载第 010/021 页...
2026-02-24 04:02:00 - mkk_comic - app.py:582 - INFO - 正在下载第 011/021 页...
2026-02-24 04:02:00 - mkk_comic - app.py:582 - INFO - 正在下载第 012/021 页...
2026-02-24 04:02:00 - mkk_comic - app.py:582 - INFO - 正在下载第 013/021 页...
2026-02-24 04:02:00 - mkk_comic - app.py:582 - INFO - 正在下载第 014/021 页...
2026-02-24 04:02:00 - mkk_comic - app.py:582 - INFO - 正在下载第 015/021 页...
2026-02-24 04:02:00 - mkk_comic - app.py:582 - INFO - 正在下载第 016/021 页...
2026-02-24 04:02:00 - mkk_comic - app.py:582 - INFO - 正在下载第 017/021 页...
2026-02-24 04:02:00 - mkk_comic - app.py:582 - INFO - 正在下载第 018/021 页...
2026-02-24 04:02:00 - mkk_comic - app.py:582 - INFO - 正在下载第 019/021 页...
2026-02-24 04:02:00 - mkk_comic - app.py:582 - INFO - 正在下载第 020/021 页...
2026-02-24 04:02:00 - mkk_comic - app.py:582 - INFO - 正在下载第 021/021 页...
2026-02-24 04:02:00 - mkk_comic - app.py:511 - INFO - 下载完成!
2026-02-24 04:02:00 - mkk_comic - app.py:512 - INFO - 成功下载: 21/21 页
2026-02-24 04:02:00 - mkk_comic - app.py:858 - INFO - ===== 检查更新完成 =====

