2026-03-10 03:52:10 - mkk_comic - app.py:868 - INFO - 运行环境：GitHub Actions（自动化模式）
2026-03-10 03:52:10 - mkk_comic - app.py:825 - INFO - ===== 开始检查更新=====
2026-03-10 03:52:10 - mkk_comic - app.py:843 - INFO - 【海贼王】上次下载至第199章
2026-03-10 03:52:11 - mkk_comic - app.py:850 - INFO - 【海贼王】检测到更新！最新：380章
2026-03-10 03:52:11 - mkk_comic - app.py:853 - INFO - 【海贼王】最大下载限制为10章-需下载200~209章）
2026-03-10 03:52:11 - mkk_comic - app.py:494 - INFO - 正在下载第200章: 995話    UUID:d407a45a-29aa-11eb-b5c5-024352452ce0
2026-03-10 03:52:12 - mkk_comic - app.py:502 - INFO - 创建目录: ./out/海贼王/995話
2026-03-10 03:52:12 - mkk_comic - app.py:505 - INFO - 开始下载: 海贼王 - 995話
2026-03-10 03:52:12 - mkk_comic - app.py:506 - INFO - 总页数: 16
2026-03-10 03:52:12 - mkk_comic - app.py:587 - INFO - 正在下载第 001/016 页...
2026-03-10 03:52:12 - mkk_comic - app.py:587 - INFO - 正在下载第 002/016 页...
2026-03-10 03:52:12 - mkk_comic - app.py:587 - INFO - 正在下载第 003/016 页...
2026-03-10 03:52:12 - mkk_comic - app.py:587 - INFO - 正在下载第 004/016 页...
2026-03-10 03:52:12 - mkk_comic - app.py:587 - INFO - 正在下载第 005/016 页...
2026-03-10 03:52:12 - mkk_comic - app.py:587 - INFO - 正在下载第 006/016 页...
2026-03-10 03:52:12 - mkk_comic - app.py:587 - INFO - 正在下载第 007/016 页...
2026-03-10 03:52:12 - mkk_comic - app.py:587 - INFO - 正在下载第 008/016 页...
2026-03-10 03:52:13 - mkk_comic - app.py:587 - INFO - 正在下载第 009/016 页...
2026-03-10 03:52:13 - mkk_comic - app.py:587 - INFO - 正在下载第 010/016 页...
2026-03-10 03:52:13 - mkk_comic - app.py:587 - INFO - 正在下载第 011/016 页...
2026-03-10 03:52:13 - mkk_comic - app.py:587 - INFO - 正在下载第 012/016 页...
2026-03-10 03:52:13 - mkk_comic - app.py:587 - INFO - 正在下载第 013/016 页...
2026-03-10 03:52:13 - mkk_comic - app.py:587 - INFO - 正在下载第 014/016 页...
2026-03-10 03:52:13 - mkk_comic - app.py:587 - INFO - 正在下载第 015/016 页...
2026-03-10 03:52:13 - mkk_comic - app.py:587 - INFO - 正在下载第 016/016 页...
2026-03-10 03:52:13 - mkk_comic - app.py:511 - INFO - 下载完成!
2026-03-10 03:52:13 - mkk_comic - app.py:512 - INFO - 成功下载: 16/16 页
2026-03-10 03:52:13 - mkk_comic - app.py:523 - INFO - 章节下载完成，等待 8.8 秒后继续...
2026-03-10 03:52:23 - mkk_comic - app.py:494 - INFO - 正在下载第201章: 996話    UUID:4bb8ee1a-2bf8-11eb-b68b-024352452ce0
2026-03-10 03:52:23 - mkk_comic - app.py:502 - INFO - 创建目录: ./out/海贼王/996話
2026-03-10 03:52:23 - mkk_comic - app.py:505 - INFO - 开始下载: 海贼王 - 996話
2026-03-10 03:52:23 - mkk_comic - app.py:506 - INFO - 总页数: 18
2026-03-10 03:52:23 - mkk_comic - app.py:587 - INFO - 正在下载第 001/018 页...
2026-03-10 03:52:23 - mkk_comic - app.py:587 - INFO - 正在下载第 002/018 页...
2026-03-10 03:52:23 - mkk_comic - app.py:587 - INFO - 正在下载第 003/018 页...
2026-03-10 03:52:23 - mkk_comic - app.py:587 - INFO - 正在下载第 004/018 页...
2026-03-10 03:52:23 - mkk_comic - app.py:587 - INFO - 正在下载第 005/018 页...
2026-03-10 03:52:23 - mkk_comic - app.py:587 - INFO - 正在下载第 006/018 页...
2026-03-10 03:52:23 - mkk_comic - app.py:587 - INFO - 正在下载第 007/018 页...
2026-03-10 03:52:23 - mkk_comic - app.py:587 - INFO - 正在下载第 008/018 页...
2026-03-10 03:52:23 - mkk_comic - app.py:587 - INFO - 正在下载第 009/018 页...
2026-03-10 03:52:23 - mkk_comic - app.py:587 - INFO - 正在下载第 010/018 页...
2026-03-10 03:52:23 - mkk_comic - app.py:587 - INFO - 正在下载第 011/018 页...
2026-03-10 03:52:24 - mkk_comic - app.py:587 - INFO - 正在下载第 012/018 页...
2026-03-10 03:52:24 - mkk_comic - app.py:587 - INFO - 正在下载第 013/018 页...
2026-03-10 03:52:24 - mkk_comic - app.py:587 - INFO - 正在下载第 014/018 页...
2026-03-10 03:52:24 - mkk_comic - app.py:587 - INFO - 正在下载第 015/018 页...
2026-03-10 03:52:24 - mkk_comic - app.py:587 - INFO - 正在下载第 016/018 页...
2026-03-10 03:52:24 - mkk_comic - app.py:587 - INFO - 正在下载第 017/018 页...
2026-03-10 03:52:24 - mkk_comic - app.py:587 - INFO - 正在下载第 018/018 页...
2026-03-10 03:52:24 - mkk_comic - app.py:511 - INFO - 下载完成!
2026-03-10 03:52:24 - mkk_comic - app.py:512 - INFO - 成功下载: 18/18 页
2026-03-10 03:52:24 - mkk_comic - app.py:523 - INFO - 章节下载完成，等待 7.0 秒后继续...
2026-03-10 03:52:32 - mkk_comic - app.py:494 - INFO - 正在下载第202章: 997話    UUID:8f16fd6a-314c-11eb-b7a3-024352452ce0
2026-03-10 03:52:32 - mkk_comic - app.py:502 - INFO - 创建目录: ./out/海贼王/997話
2026-03-10 03:52:32 - mkk_comic - app.py:505 - INFO - 开始下载: 海贼王 - 997話
2026-03-10 03:52:32 - mkk_comic - app.py:506 - INFO - 总页数: 17
2026-03-10 03:52:32 - mkk_comic - app.py:587 - INFO - 正在下载第 001/017 页...
2026-03-10 03:52:32 - mkk_comic - app.py:587 - INFO - 正在下载第 002/017 页...
2026-03-10 03:52:32 - mkk_comic - app.py:587 - INFO - 正在下载第 003/017 页...
2026-03-10 03:52:32 - mkk_comic - app.py:587 - INFO - 正在下载第 004/017 页...
2026-03-10 03:52:32 - mkk_comic - app.py:587 - INFO - 正在下载第 005/017 页...
2026-03-10 03:52:32 - mkk_comic - app.py:587 - INFO - 正在下载第 006/017 页...
2026-03-10 03:52:32 - mkk_comic - app.py:587 - INFO - 正在下载第 007/017 页...
2026-03-10 03:52:32 - mkk_comic - app.py:587 - INFO - 正在下载第 008/017 页...
2026-03-10 03:52:33 - mkk_comic - app.py:587 - INFO - 正在下载第 009/017 页...
2026-03-10 03:52:33 - mkk_comic - app.py:587 - INFO - 正在下载第 010/017 页...
2026-03-10 03:52:33 - mkk_comic - app.py:587 - INFO - 正在下载第 011/017 页...
2026-03-10 03:52:33 - mkk_comic - app.py:587 - INFO - 正在下载第 012/017 页...
2026-03-10 03:52:33 - mkk_comic - app.py:587 - INFO - 正在下载第 013/017 页...
2026-03-10 03:52:33 - mkk_comic - app.py:587 - INFO - 正在下载第 014/017 页...
2026-03-10 03:52:33 - mkk_comic - app.py:587 - INFO - 正在下载第 015/017 页...
2026-03-10 03:52:33 - mkk_comic - app.py:587 - INFO - 正在下载第 016/017 页...
2026-03-10 03:52:33 - mkk_comic - app.py:587 - INFO - 正在下载第 017/017 页...
2026-03-10 03:52:33 - mkk_comic - app.py:511 - INFO - 下载完成!
2026-03-10 03:52:33 - mkk_comic - app.py:512 - INFO - 成功下载: 17/17 页
2026-03-10 03:52:33 - mkk_comic - app.py:523 - INFO - 章节下载完成，等待 7.1 秒后继续...
2026-03-10 03:52:41 - mkk_comic - app.py:494 - INFO - 正在下载第203章: 998話    UUID:cb0e0db2-45fc-11eb-bd43-024352452ce0
2026-03-10 03:52:42 - mkk_comic - app.py:502 - INFO - 创建目录: ./out/海贼王/998話
2026-03-10 03:52:42 - mkk_comic - app.py:505 - INFO - 开始下载: 海贼王 - 998話
2026-03-10 03:52:42 - mkk_comic - app.py:506 - INFO - 总页数: 17
2026-03-10 03:52:42 - mkk_comic - app.py:587 - INFO - 正在下载第 001/017 页...
2026-03-10 03:52:42 - mkk_comic - app.py:587 - INFO - 正在下载第 002/017 页...
2026-03-10 03:52:42 - mkk_comic - app.py:587 - INFO - 正在下载第 003/017 页...
2026-03-10 03:52:42 - mkk_comic - app.py:587 - INFO - 正在下载第 004/017 页...
2026-03-10 03:52:42 - mkk_comic - app.py:587 - INFO - 正在下载第 005/017 页...
2026-03-10 03:52:42 - mkk_comic - app.py:587 - INFO - 正在下载第 006/017 页...
2026-03-10 03:52:42 - mkk_comic - app.py:587 - INFO - 正在下载第 007/017 页...
2026-03-10 03:52:42 - mkk_comic - app.py:587 - INFO - 正在下载第 008/017 页...
2026-03-10 03:52:42 - mkk_comic - app.py:587 - INFO - 正在下载第 009/017 页...
2026-03-10 03:52:42 - mkk_comic - app.py:587 - INFO - 正在下载第 010/017 页...
2026-03-10 03:52:42 - mkk_comic - app.py:587 - INFO - 正在下载第 011/017 页...
2026-03-10 03:52:42 - mkk_comic - app.py:587 - INFO - 正在下载第 012/017 页...
2026-03-10 03:52:42 - mkk_comic - app.py:587 - INFO - 正在下载第 013/017 页...
2026-03-10 03:52:42 - mkk_comic - app.py:587 - INFO - 正在下载第 014/017 页...
2026-03-10 03:52:42 - mkk_comic - app.py:587 - INFO - 正在下载第 015/017 页...
2026-03-10 03:52:42 - mkk_comic - app.py:587 - INFO - 正在下载第 016/017 页...
2026-03-10 03:52:42 - mkk_comic - app.py:587 - INFO - 正在下载第 017/017 页...
2026-03-10 03:52:43 - mkk_comic - app.py:511 - INFO - 下载完成!
2026-03-10 03:52:43 - mkk_comic - app.py:512 - INFO - 成功下载: 17/17 页
2026-03-10 03:52:43 - mkk_comic - app.py:523 - INFO - 章节下载完成，等待 6.1 秒后继续...
2026-03-10 03:52:50 - mkk_comic - app.py:494 - INFO - 正在下载第204章: 999話    UUID:d3325728-45fc-11eb-bd43-024352452ce0
2026-03-10 03:52:51 - mkk_comic - app.py:502 - INFO - 创建目录: ./out/海贼王/999話
2026-03-10 03:52:51 - mkk_comic - app.py:505 - INFO - 开始下载: 海贼王 - 999話
2026-03-10 03:52:51 - mkk_comic - app.py:506 - INFO - 总页数: 19
2026-03-10 03:52:51 - mkk_comic - app.py:587 - INFO - 正在下载第 001/019 页...
2026-03-10 03:52:51 - mkk_comic - app.py:587 - INFO - 正在下载第 002/019 页...
2026-03-10 03:52:51 - mkk_comic - app.py:587 - INFO - 正在下载第 003/019 页...
2026-03-10 03:52:51 - mkk_comic - app.py:587 - INFO - 正在下载第 004/019 页...
2026-03-10 03:52:51 - mkk_comic - app.py:587 - INFO - 正在下载第 005/019 页...
2026-03-10 03:52:51 - mkk_comic - app.py:587 - INFO - 正在下载第 006/019 页...
2026-03-10 03:52:51 - mkk_comic - app.py:587 - INFO - 正在下载第 007/019 页...
2026-03-10 03:52:51 - mkk_comic - app.py:587 - INFO - 正在下载第 008/019 页...
2026-03-10 03:52:51 - mkk_comic - app.py:587 - INFO - 正在下载第 009/019 页...
2026-03-10 03:52:51 - mkk_comic - app.py:587 - INFO - 正在下载第 010/019 页...
2026-03-10 03:52:51 - mkk_comic - app.py:587 - INFO - 正在下载第 011/019 页...
2026-03-10 03:52:51 - mkk_comic - app.py:587 - INFO - 正在下载第 012/019 页...
2026-03-10 03:52:51 - mkk_comic - app.py:587 - INFO - 正在下载第 013/019 页...
2026-03-10 03:52:51 - mkk_comic - app.py:587 - INFO - 正在下载第 014/019 页...
2026-03-10 03:52:51 - mkk_comic - app.py:587 - INFO - 正在下载第 015/019 页...
2026-03-10 03:52:51 - mkk_comic - app.py:587 - INFO - 正在下载第 016/019 页...
2026-03-10 03:52:51 - mkk_comic - app.py:587 - INFO - 正在下载第 017/019 页...
2026-03-10 03:52:51 - mkk_comic - app.py:587 - INFO - 正在下载第 018/019 页...
2026-03-10 03:52:51 - mkk_comic - app.py:587 - INFO - 正在下载第 019/019 页...
2026-03-10 03:52:51 - mkk_comic - app.py:511 - INFO - 下载完成!
2026-03-10 03:52:51 - mkk_comic - app.py:512 - INFO - 成功下载: 19/19 页
2026-03-10 03:52:51 - mkk_comic - app.py:523 - INFO - 章节下载完成，等待 8.0 秒后继续...
2026-03-10 03:53:00 - mkk_comic - app.py:494 - INFO - 正在下载第205章: 1000话    UUID:ba5c8950-57d9-11eb-83b0-024352452ce0
2026-03-10 03:53:01 - mkk_comic - app.py:502 - INFO - 创建目录: ./out/海贼王/1000话
2026-03-10 03:53:01 - mkk_comic - app.py:505 - INFO - 开始下载: 海贼王 - 1000话
2026-03-10 03:53:01 - mkk_comic - app.py:506 - INFO - 总页数: 23
2026-03-10 03:53:01 - mkk_comic - app.py:587 - INFO - 正在下载第 001/023 页...
2026-03-10 03:53:01 - mkk_comic - app.py:587 - INFO - 正在下载第 002/023 页...
2026-03-10 03:53:01 - mkk_comic - app.py:587 - INFO - 正在下载第 003/023 页...
2026-03-10 03:53:01 - mkk_comic - app.py:587 - INFO - 正在下载第 004/023 页...
2026-03-10 03:53:01 - mkk_comic - app.py:587 - INFO - 正在下载第 005/023 页...
2026-03-10 03:53:01 - mkk_comic - app.py:587 - INFO - 正在下载第 006/023 页...
2026-03-10 03:53:01 - mkk_comic - app.py:587 - INFO - 正在下载第 007/023 页...
2026-03-10 03:53:01 - mkk_comic - app.py:587 - INFO - 正在下载第 008/023 页...
2026-03-10 03:53:01 - mkk_comic - app.py:587 - INFO - 正在下载第 009/023 页...
2026-03-10 03:53:01 - mkk_comic - app.py:587 - INFO - 正在下载第 010/023 页...
2026-03-10 03:53:01 - mkk_comic - app.py:587 - INFO - 正在下载第 011/023 页...
2026-03-10 03:53:01 - mkk_comic - app.py:587 - INFO - 正在下载第 012/023 页...
2026-03-10 03:53:01 - mkk_comic - app.py:587 - INFO - 正在下载第 013/023 页...
2026-03-10 03:53:01 - mkk_comic - app.py:587 - INFO - 正在下载第 014/023 页...
2026-03-10 03:53:01 - mkk_comic - app.py:587 - INFO - 正在下载第 015/023 页...
2026-03-10 03:53:01 - mkk_comic - app.py:587 - INFO - 正在下载第 016/023 页...
2026-03-10 03:53:01 - mkk_comic - app.py:587 - INFO - 正在下载第 017/023 页...
2026-03-10 03:53:01 - mkk_comic - app.py:587 - INFO - 正在下载第 018/023 页...
2026-03-10 03:53:01 - mkk_comic - app.py:587 - INFO - 正在下载第 019/023 页...
2026-03-10 03:53:01 - mkk_comic - app.py:587 - INFO - 正在下载第 020/023 页...
2026-03-10 03:53:01 - mkk_comic - app.py:587 - INFO - 正在下载第 021/023 页...
2026-03-10 03:53:02 - mkk_comic - app.py:587 - INFO - 正在下载第 022/023 页...
2026-03-10 03:53:02 - mkk_comic - app.py:587 - INFO - 正在下载第 023/023 页...
2026-03-10 03:53:02 - mkk_comic - app.py:511 - INFO - 下载完成!
2026-03-10 03:53:02 - mkk_comic - app.py:512 - INFO - 成功下载: 23/23 页
2026-03-10 03:53:02 - mkk_comic - app.py:523 - INFO - 章节下载完成，等待 7.8 秒后继续...
2026-03-10 03:53:11 - mkk_comic - app.py:494 - INFO - 正在下载第206章: 1001话    UUID:4385e876-5a4a-11eb-84ff-024352452ce0
2026-03-10 03:53:11 - mkk_comic - app.py:502 - INFO - 创建目录: ./out/海贼王/1001话
2026-03-10 03:53:11 - mkk_comic - app.py:505 - INFO - 开始下载: 海贼王 - 1001话
2026-03-10 03:53:11 - mkk_comic - app.py:506 - INFO - 总页数: 20
2026-03-10 03:53:11 - mkk_comic - app.py:587 - INFO - 正在下载第 001/020 页...
2026-03-10 03:53:11 - mkk_comic - app.py:587 - INFO - 正在下载第 002/020 页...
2026-03-10 03:53:11 - mkk_comic - app.py:587 - INFO - 正在下载第 003/020 页...
2026-03-10 03:53:11 - mkk_comic - app.py:587 - INFO - 正在下载第 004/020 页...
2026-03-10 03:53:11 - mkk_comic - app.py:587 - INFO - 正在下载第 005/020 页...
2026-03-10 03:53:12 - mkk_comic - app.py:587 - INFO - 正在下载第 006/020 页...
2026-03-10 03:53:12 - mkk_comic - app.py:587 - INFO - 正在下载第 007/020 页...
2026-03-10 03:53:12 - mkk_comic - app.py:587 - INFO - 正在下载第 008/020 页...
2026-03-10 03:53:12 - mkk_comic - app.py:587 - INFO - 正在下载第 009/020 页...
2026-03-10 03:53:12 - mkk_comic - app.py:587 - INFO - 正在下载第 010/020 页...
2026-03-10 03:53:12 - mkk_comic - app.py:587 - INFO - 正在下载第 011/020 页...
2026-03-10 03:53:12 - mkk_comic - app.py:587 - INFO - 正在下载第 012/020 页...
2026-03-10 03:53:12 - mkk_comic - app.py:587 - INFO - 正在下载第 013/020 页...
2026-03-10 03:53:12 - mkk_comic - app.py:587 - INFO - 正在下载第 014/020 页...
2026-03-10 03:53:12 - mkk_comic - app.py:587 - INFO - 正在下载第 015/020 页...
2026-03-10 03:53:12 - mkk_comic - app.py:587 - INFO - 正在下载第 016/020 页...
2026-03-10 03:53:12 - mkk_comic - app.py:587 - INFO - 正在下载第 017/020 页...
2026-03-10 03:53:12 - mkk_comic - app.py:587 - INFO - 正在下载第 018/020 页...
2026-03-10 03:53:12 - mkk_comic - app.py:587 - INFO - 正在下载第 019/020 页...
2026-03-10 03:53:12 - mkk_comic - app.py:587 - INFO - 正在下载第 020/020 页...
2026-03-10 03:53:12 - mkk_comic - app.py:511 - INFO - 下载完成!
2026-03-10 03:53:12 - mkk_comic - app.py:512 - INFO - 成功下载: 20/20 页
2026-03-10 03:53:12 - mkk_comic - app.py:523 - INFO - 章节下载完成，等待 5.1 秒后继续...
2026-03-10 03:53:18 - mkk_comic - app.py:494 - INFO - 正在下载第207章: 1002话    UUID:adcc3f86-66d5-11eb-89e8-024352452ce0
2026-03-10 03:53:19 - mkk_comic - app.py:502 - INFO - 创建目录: ./out/海贼王/1002话
2026-03-10 03:53:19 - mkk_comic - app.py:505 - INFO - 开始下载: 海贼王 - 1002话
2026-03-10 03:53:19 - mkk_comic - app.py:506 - INFO - 总页数: 17
2026-03-10 03:53:19 - mkk_comic - app.py:587 - INFO - 正在下载第 001/017 页...
2026-03-10 03:53:19 - mkk_comic - app.py:587 - INFO - 正在下载第 002/017 页...
2026-03-10 03:53:19 - mkk_comic - app.py:587 - INFO - 正在下载第 003/017 页...
2026-03-10 03:53:19 - mkk_comic - app.py:587 - INFO - 正在下载第 004/017 页...
2026-03-10 03:53:19 - mkk_comic - app.py:587 - INFO - 正在下载第 005/017 页...
2026-03-10 03:53:19 - mkk_comic - app.py:587 - INFO - 正在下载第 006/017 页...
2026-03-10 03:53:19 - mkk_comic - app.py:587 - INFO - 正在下载第 007/017 页...
2026-03-10 03:53:19 - mkk_comic - app.py:587 - INFO - 正在下载第 008/017 页...
2026-03-10 03:53:19 - mkk_comic - app.py:587 - INFO - 正在下载第 009/017 页...
2026-03-10 03:53:19 - mkk_comic - app.py:587 - INFO - 正在下载第 010/017 页...
2026-03-10 03:53:19 - mkk_comic - app.py:587 - INFO - 正在下载第 011/017 页...
2026-03-10 03:53:19 - mkk_comic - app.py:587 - INFO - 正在下载第 012/017 页...
2026-03-10 03:53:19 - mkk_comic - app.py:587 - INFO - 正在下载第 013/017 页...
2026-03-10 03:53:19 - mkk_comic - app.py:587 - INFO - 正在下载第 014/017 页...
2026-03-10 03:53:19 - mkk_comic - app.py:587 - INFO - 正在下载第 015/017 页...
2026-03-10 03:53:19 - mkk_comic - app.py:587 - INFO - 正在下载第 016/017 页...
2026-03-10 03:53:19 - mkk_comic - app.py:587 - INFO - 正在下载第 017/017 页...
2026-03-10 03:53:19 - mkk_comic - app.py:511 - INFO - 下载完成!
2026-03-10 03:53:19 - mkk_comic - app.py:512 - INFO - 成功下载: 17/17 页
2026-03-10 03:53:19 - mkk_comic - app.py:523 - INFO - 章节下载完成，等待 9.6 秒后继续...
2026-03-10 03:53:30 - mkk_comic - app.py:494 - INFO - 正在下载第208章: 1003话    UUID:ff43a992-6c31-11eb-8cfa-024352452ce0
2026-03-10 03:53:30 - mkk_comic - app.py:502 - INFO - 创建目录: ./out/海贼王/1003话
2026-03-10 03:53:30 - mkk_comic - app.py:505 - INFO - 开始下载: 海贼王 - 1003话
2026-03-10 03:53:30 - mkk_comic - app.py:506 - INFO - 总页数: 21
2026-03-10 03:53:30 - mkk_comic - app.py:587 - INFO - 正在下载第 001/021 页...
2026-03-10 03:53:30 - mkk_comic - app.py:587 - INFO - 正在下载第 002/021 页...
2026-03-10 03:53:30 - mkk_comic - app.py:587 - INFO - 正在下载第 003/021 页...
2026-03-10 03:53:30 - mkk_comic - app.py:587 - INFO - 正在下载第 004/021 页...
2026-03-10 03:53:30 - mkk_comic - app.py:587 - INFO - 正在下载第 005/021 页...
2026-03-10 03:53:31 - mkk_comic - app.py:587 - INFO - 正在下载第 006/021 页...
2026-03-10 03:53:31 - mkk_comic - app.py:587 - INFO - 正在下载第 007/021 页...
2026-03-10 03:53:31 - mkk_comic - app.py:587 - INFO - 正在下载第 008/021 页...
2026-03-10 03:53:31 - mkk_comic - app.py:587 - INFO - 正在下载第 009/021 页...
2026-03-10 03:53:31 - mkk_comic - app.py:587 - INFO - 正在下载第 010/021 页...
2026-03-10 03:53:31 - mkk_comic - app.py:587 - INFO - 正在下载第 011/021 页...
2026-03-10 03:53:31 - mkk_comic - app.py:587 - INFO - 正在下载第 012/021 页...
2026-03-10 03:53:31 - mkk_comic - app.py:587 - INFO - 正在下载第 013/021 页...
2026-03-10 03:53:31 - mkk_comic - app.py:587 - INFO - 正在下载第 014/021 页...
2026-03-10 03:53:31 - mkk_comic - app.py:587 - INFO - 正在下载第 015/021 页...
2026-03-10 03:53:31 - mkk_comic - app.py:587 - INFO - 正在下载第 016/021 页...
2026-03-10 03:53:31 - mkk_comic - app.py:587 - INFO - 正在下载第 017/021 页...
2026-03-10 03:53:31 - mkk_comic - app.py:587 - INFO - 正在下载第 018/021 页...
2026-03-10 03:53:31 - mkk_comic - app.py:587 - INFO - 正在下载第 019/021 页...
2026-03-10 03:53:31 - mkk_comic - app.py:587 - INFO - 正在下载第 020/021 页...
2026-03-10 03:53:31 - mkk_comic - app.py:587 - INFO - 正在下载第 021/021 页...
2026-03-10 03:53:32 - mkk_comic - app.py:511 - INFO - 下载完成!
2026-03-10 03:53:32 - mkk_comic - app.py:512 - INFO - 成功下载: 21/21 页
2026-03-10 03:53:32 - mkk_comic - app.py:523 - INFO - 章节下载完成，等待 9.6 秒后继续...
2026-03-10 03:53:42 - mkk_comic - app.py:494 - INFO - 正在下载第209章: 1004话    UUID:72ddb428-6ee5-11eb-8dac-024352452ce0
2026-03-10 03:53:43 - mkk_comic - app.py:502 - INFO - 创建目录: ./out/海贼王/1004话
2026-03-10 03:53:43 - mkk_comic - app.py:505 - INFO - 开始下载: 海贼王 - 1004话
2026-03-10 03:53:43 - mkk_comic - app.py:506 - INFO - 总页数: 17
2026-03-10 03:53:43 - mkk_comic - app.py:587 - INFO - 正在下载第 001/017 页...
2026-03-10 03:53:43 - mkk_comic - app.py:587 - INFO - 正在下载第 002/017 页...
2026-03-10 03:53:43 - mkk_comic - app.py:587 - INFO - 正在下载第 003/017 页...
2026-03-10 03:53:43 - mkk_comic - app.py:587 - INFO - 正在下载第 004/017 页...
2026-03-10 03:53:43 - mkk_comic - app.py:587 - INFO - 正在下载第 005/017 页...
2026-03-10 03:53:43 - mkk_comic - app.py:587 - INFO - 正在下载第 006/017 页...
2026-03-10 03:53:43 - mkk_comic - app.py:587 - INFO - 正在下载第 007/017 页...
2026-03-10 03:53:43 - mkk_comic - app.py:587 - INFO - 正在下载第 008/017 页...
2026-03-10 03:53:43 - mkk_comic - app.py:587 - INFO - 正在下载第 009/017 页...
2026-03-10 03:53:43 - mkk_comic - app.py:587 - INFO - 正在下载第 010/017 页...
2026-03-10 03:53:43 - mkk_comic - app.py:587 - INFO - 正在下载第 011/017 页...
2026-03-10 03:53:43 - mkk_comic - app.py:587 - INFO - 正在下载第 012/017 页...
2026-03-10 03:53:43 - mkk_comic - app.py:587 - INFO - 正在下载第 013/017 页...
2026-03-10 03:53:43 - mkk_comic - app.py:587 - INFO - 正在下载第 014/017 页...
2026-03-10 03:53:43 - mkk_comic - app.py:587 - INFO - 正在下载第 015/017 页...
2026-03-10 03:53:43 - mkk_comic - app.py:587 - INFO - 正在下载第 016/017 页...
2026-03-10 03:53:43 - mkk_comic - app.py:587 - INFO - 正在下载第 017/017 页...
2026-03-10 03:53:43 - mkk_comic - app.py:511 - INFO - 下载完成!
2026-03-10 03:53:43 - mkk_comic - app.py:512 - INFO - 成功下载: 17/17 页
2026-03-10 03:53:43 - mkk_comic - app.py:523 - INFO - 章节下载完成，等待 9.8 秒后继续...
2026-03-10 03:53:53 - mkk_comic - app.py:843 - INFO - 【电锯人】上次下载至第249章
2026-03-10 03:53:54 - mkk_comic - app.py:850 - INFO - 【电锯人】检测到更新！最新：256章
2026-03-10 03:53:54 - mkk_comic - app.py:853 - INFO - 【电锯人】最大下载限制为15章-需下载250~256章）
2026-03-10 03:53:54 - mkk_comic - app.py:494 - INFO - 正在下载第250章: 第224话    UUID:a3d12b09-e131-11f0-b7fe-fa163e4baef8
2026-03-10 03:53:55 - mkk_comic - app.py:502 - INFO - 创建目录: ./out/電鋸人/第224话
2026-03-10 03:53:55 - mkk_comic - app.py:505 - INFO - 开始下载: 電鋸人 - 第224话
2026-03-10 03:53:55 - mkk_comic - app.py:506 - INFO - 总页数: 15
2026-03-10 03:53:55 - mkk_comic - app.py:587 - INFO - 正在下载第 001/015 页...
2026-03-10 03:53:55 - mkk_comic - app.py:587 - INFO - 正在下载第 002/015 页...
2026-03-10 03:53:55 - mkk_comic - app.py:587 - INFO - 正在下载第 003/015 页...
2026-03-10 03:53:55 - mkk_comic - app.py:587 - INFO - 正在下载第 004/015 页...
2026-03-10 03:53:55 - mkk_comic - app.py:587 - INFO - 正在下载第 005/015 页...
2026-03-10 03:53:55 - mkk_comic - app.py:587 - INFO - 正在下载第 006/015 页...
2026-03-10 03:53:55 - mkk_comic - app.py:587 - INFO - 正在下载第 007/015 页...
2026-03-10 03:53:55 - mkk_comic - app.py:587 - INFO - 正在下载第 008/015 页...
2026-03-10 03:53:55 - mkk_comic - app.py:587 - INFO - 正在下载第 009/015 页...
2026-03-10 03:53:55 - mkk_comic - app.py:587 - INFO - 正在下载第 010/015 页...
2026-03-10 03:53:55 - mkk_comic - app.py:587 - INFO - 正在下载第 011/015 页...
2026-03-10 03:53:55 - mkk_comic - app.py:587 - INFO - 正在下载第 012/015 页...
2026-03-10 03:53:55 - mkk_comic - app.py:587 - INFO - 正在下载第 013/015 页...
2026-03-10 03:53:55 - mkk_comic - app.py:587 - INFO - 正在下载第 014/015 页...
2026-03-10 03:53:56 - mkk_comic - app.py:587 - INFO - 正在下载第 015/015 页...
2026-03-10 03:53:56 - mkk_comic - app.py:511 - INFO - 下载完成!
2026-03-10 03:53:56 - mkk_comic - app.py:512 - INFO - 成功下载: 15/15 页
2026-03-10 03:53:56 - mkk_comic - app.py:523 - INFO - 章节下载完成，等待 8.1 秒后继续...
2026-03-10 03:54:05 - mkk_comic - app.py:494 - INFO - 正在下载第251章: 第225话    UUID:2e61c27f-ec57-11f0-b669-fa163e02432f
2026-03-10 03:54:05 - mkk_comic - app.py:502 - INFO - 创建目录: ./out/電鋸人/第225话
2026-03-10 03:54:05 - mkk_comic - app.py:505 - INFO - 开始下载: 電鋸人 - 第225话
2026-03-10 03:54:05 - mkk_comic - app.py:506 - INFO - 总页数: 15
2026-03-10 03:54:05 - mkk_comic - app.py:587 - INFO - 正在下载第 001/015 页...
2026-03-10 03:54:05 - mkk_comic - app.py:587 - INFO - 正在下载第 002/015 页...
2026-03-10 03:54:05 - mkk_comic - app.py:587 - INFO - 正在下载第 003/015 页...
2026-03-10 03:54:05 - mkk_comic - app.py:587 - INFO - 正在下载第 004/015 页...
2026-03-10 03:54:05 - mkk_comic - app.py:587 - INFO - 正在下载第 005/015 页...
2026-03-10 03:54:05 - mkk_comic - app.py:587 - INFO - 正在下载第 006/015 页...
2026-03-10 03:54:05 - mkk_comic - app.py:587 - INFO - 正在下载第 007/015 页...
2026-03-10 03:54:05 - mkk_comic - app.py:587 - INFO - 正在下载第 008/015 页...
2026-03-10 03:54:05 - mkk_comic - app.py:587 - INFO - 正在下载第 009/015 页...
2026-03-10 03:54:05 - mkk_comic - app.py:587 - INFO - 正在下载第 010/015 页...
2026-03-10 03:54:05 - mkk_comic - app.py:587 - INFO - 正在下载第 011/015 页...
2026-03-10 03:54:06 - mkk_comic - app.py:587 - INFO - 正在下载第 012/015 页...
2026-03-10 03:54:06 - mkk_comic - app.py:587 - INFO - 正在下载第 013/015 页...
2026-03-10 03:54:06 - mkk_comic - app.py:587 - INFO - 正在下载第 014/015 页...
2026-03-10 03:54:06 - mkk_comic - app.py:587 - INFO - 正在下载第 015/015 页...
2026-03-10 03:54:06 - mkk_comic - app.py:511 - INFO - 下载完成!
2026-03-10 03:54:06 - mkk_comic - app.py:512 - INFO - 成功下载: 15/15 页
2026-03-10 03:54:06 - mkk_comic - app.py:523 - INFO - 章节下载完成，等待 6.2 秒后继续...
2026-03-10 03:54:13 - mkk_comic - app.py:494 - INFO - 正在下载第252章: 第226话    UUID:aea578a6-f295-11f0-b75a-fa163e02432f
2026-03-10 03:54:13 - mkk_comic - app.py:502 - INFO - 创建目录: ./out/電鋸人/第226话
2026-03-10 03:54:13 - mkk_comic - app.py:505 - INFO - 开始下载: 電鋸人 - 第226话
2026-03-10 03:54:13 - mkk_comic - app.py:506 - INFO - 总页数: 13
2026-03-10 03:54:13 - mkk_comic - app.py:587 - INFO - 正在下载第 001/013 页...
2026-03-10 03:54:13 - mkk_comic - app.py:587 - INFO - 正在下载第 002/013 页...
2026-03-10 03:54:13 - mkk_comic - app.py:587 - INFO - 正在下载第 003/013 页...
2026-03-10 03:54:13 - mkk_comic - app.py:587 - INFO - 正在下载第 004/013 页...
2026-03-10 03:54:13 - mkk_comic - app.py:587 - INFO - 正在下载第 005/013 页...
2026-03-10 03:54:13 - mkk_comic - app.py:587 - INFO - 正在下载第 006/013 页...
2026-03-10 03:54:13 - mkk_comic - app.py:587 - INFO - 正在下载第 007/013 页...
2026-03-10 03:54:13 - mkk_comic - app.py:587 - INFO - 正在下载第 008/013 页...
2026-03-10 03:54:13 - mkk_comic - app.py:587 - INFO - 正在下载第 009/013 页...
2026-03-10 03:54:13 - mkk_comic - app.py:587 - INFO - 正在下载第 010/013 页...
2026-03-10 03:54:14 - mkk_comic - app.py:587 - INFO - 正在下载第 011/013 页...
2026-03-10 03:54:14 - mkk_comic - app.py:587 - INFO - 正在下载第 012/013 页...
2026-03-10 03:54:14 - mkk_comic - app.py:587 - INFO - 正在下载第 013/013 页...
2026-03-10 03:54:14 - mkk_comic - app.py:511 - INFO - 下载完成!
2026-03-10 03:54:14 - mkk_comic - app.py:512 - INFO - 成功下载: 13/13 页
2026-03-10 03:54:14 - mkk_comic - app.py:523 - INFO - 章节下载完成，等待 6.8 秒后继续...
2026-03-10 03:54:21 - mkk_comic - app.py:494 - INFO - 正在下载第253章: 第227话    UUID:b59f021d-f7ff-11f0-a8c7-fa163e02432f
2026-03-10 03:54:22 - mkk_comic - app.py:502 - INFO - 创建目录: ./out/電鋸人/第227话
2026-03-10 03:54:22 - mkk_comic - app.py:505 - INFO - 开始下载: 電鋸人 - 第227话
2026-03-10 03:54:22 - mkk_comic - app.py:506 - INFO - 总页数: 14
2026-03-10 03:54:22 - mkk_comic - app.py:587 - INFO - 正在下载第 001/014 页...
2026-03-10 03:54:22 - mkk_comic - app.py:587 - INFO - 正在下载第 002/014 页...
2026-03-10 03:54:22 - mkk_comic - app.py:587 - INFO - 正在下载第 003/014 页...
2026-03-10 03:54:22 - mkk_comic - app.py:587 - INFO - 正在下载第 004/014 页...
2026-03-10 03:54:22 - mkk_comic - app.py:587 - INFO - 正在下载第 005/014 页...
2026-03-10 03:54:22 - mkk_comic - app.py:587 - INFO - 正在下载第 006/014 页...
2026-03-10 03:54:22 - mkk_comic - app.py:587 - INFO - 正在下载第 007/014 页...
2026-03-10 03:54:22 - mkk_comic - app.py:587 - INFO - 正在下载第 008/014 页...
2026-03-10 03:54:22 - mkk_comic - app.py:587 - INFO - 正在下载第 009/014 页...
2026-03-10 03:54:22 - mkk_comic - app.py:587 - INFO - 正在下载第 010/014 页...
2026-03-10 03:54:22 - mkk_comic - app.py:587 - INFO - 正在下载第 011/014 页...
2026-03-10 03:54:22 - mkk_comic - app.py:587 - INFO - 正在下载第 012/014 页...
2026-03-10 03:54:22 - mkk_comic - app.py:587 - INFO - 正在下载第 013/014 页...
2026-03-10 03:54:22 - mkk_comic - app.py:587 - INFO - 正在下载第 014/014 页...
2026-03-10 03:54:23 - mkk_comic - app.py:511 - INFO - 下载完成!
2026-03-10 03:54:23 - mkk_comic - app.py:512 - INFO - 成功下载: 14/14 页
2026-03-10 03:54:23 - mkk_comic - app.py:523 - INFO - 章节下载完成，等待 8.6 秒后继续...
2026-03-10 03:54:33 - mkk_comic - app.py:494 - INFO - 正在下载第254章: 第228话    UUID:03d46cff-0254-11f1-95a6-fa163e02432f
2026-03-10 03:54:34 - mkk_comic - app.py:502 - INFO - 创建目录: ./out/電鋸人/第228话
2026-03-10 03:54:34 - mkk_comic - app.py:505 - INFO - 开始下载: 電鋸人 - 第228话
2026-03-10 03:54:34 - mkk_comic - app.py:506 - INFO - 总页数: 15
2026-03-10 03:54:34 - mkk_comic - app.py:587 - INFO - 正在下载第 001/015 页...
2026-03-10 03:54:34 - mkk_comic - app.py:587 - INFO - 正在下载第 002/015 页...
2026-03-10 03:54:34 - mkk_comic - app.py:587 - INFO - 正在下载第 003/015 页...
2026-03-10 03:54:34 - mkk_comic - app.py:587 - INFO - 正在下载第 004/015 页...
2026-03-10 03:54:34 - mkk_comic - app.py:587 - INFO - 正在下载第 005/015 页...
2026-03-10 03:54:34 - mkk_comic - app.py:587 - INFO - 正在下载第 006/015 页...
2026-03-10 03:54:34 - mkk_comic - app.py:587 - INFO - 正在下载第 007/015 页...
2026-03-10 03:54:34 - mkk_comic - app.py:587 - INFO - 正在下载第 008/015 页...
2026-03-10 03:54:34 - mkk_comic - app.py:587 - INFO - 正在下载第 009/015 页...
2026-03-10 03:54:34 - mkk_comic - app.py:587 - INFO - 正在下载第 010/015 页...
2026-03-10 03:54:34 - mkk_comic - app.py:587 - INFO - 正在下载第 011/015 页...
2026-03-10 03:54:34 - mkk_comic - app.py:587 - INFO - 正在下载第 012/015 页...
2026-03-10 03:54:34 - mkk_comic - app.py:587 - INFO - 正在下载第 013/015 页...
2026-03-10 03:54:34 - mkk_comic - app.py:587 - INFO - 正在下载第 014/015 页...
2026-03-10 03:54:34 - mkk_comic - app.py:587 - INFO - 正在下载第 015/015 页...
2026-03-10 03:54:34 - mkk_comic - app.py:511 - INFO - 下载完成!
2026-03-10 03:54:34 - mkk_comic - app.py:512 - INFO - 成功下载: 15/15 页
2026-03-10 03:54:34 - mkk_comic - app.py:523 - INFO - 章节下载完成，等待 5.7 秒后继续...
2026-03-10 03:54:40 - mkk_comic - app.py:494 - INFO - 正在下载第255章: 第229话    UUID:b7e812ff-1002-11f1-91c2-fa163e02432f
2026-03-10 03:54:41 - mkk_comic - app.py:502 - INFO - 创建目录: ./out/電鋸人/第229话
2026-03-10 03:54:41 - mkk_comic - app.py:505 - INFO - 开始下载: 電鋸人 - 第229话
2026-03-10 03:54:41 - mkk_comic - app.py:506 - INFO - 总页数: 15
2026-03-10 03:54:41 - mkk_comic - app.py:587 - INFO - 正在下载第 001/015 页...
2026-03-10 03:54:41 - mkk_comic - app.py:587 - INFO - 正在下载第 002/015 页...
2026-03-10 03:54:41 - mkk_comic - app.py:587 - INFO - 正在下载第 003/015 页...
2026-03-10 03:54:41 - mkk_comic - app.py:587 - INFO - 正在下载第 004/015 页...
2026-03-10 03:54:41 - mkk_comic - app.py:587 - INFO - 正在下载第 005/015 页...
2026-03-10 03:54:41 - mkk_comic - app.py:587 - INFO - 正在下载第 006/015 页...
2026-03-10 03:54:41 - mkk_comic - app.py:587 - INFO - 正在下载第 007/015 页...
2026-03-10 03:54:41 - mkk_comic - app.py:587 - INFO - 正在下载第 008/015 页...
2026-03-10 03:54:41 - mkk_comic - app.py:587 - INFO - 正在下载第 009/015 页...
2026-03-10 03:54:41 - mkk_comic - app.py:587 - INFO - 正在下载第 010/015 页...
2026-03-10 03:54:41 - mkk_comic - app.py:587 - INFO - 正在下载第 011/015 页...
2026-03-10 03:54:41 - mkk_comic - app.py:587 - INFO - 正在下载第 012/015 页...
2026-03-10 03:54:41 - mkk_comic - app.py:587 - INFO - 正在下载第 013/015 页...
2026-03-10 03:54:41 - mkk_comic - app.py:587 - INFO - 正在下载第 014/015 页...
2026-03-10 03:54:42 - mkk_comic - app.py:587 - INFO - 正在下载第 015/015 页...
2026-03-10 03:54:42 - mkk_comic - app.py:511 - INFO - 下载完成!
2026-03-10 03:54:42 - mkk_comic - app.py:512 - INFO - 成功下载: 15/15 页
2026-03-10 03:54:42 - mkk_comic - app.py:523 - INFO - 章节下载完成，等待 9.7 秒后继续...
2026-03-10 03:54:52 - mkk_comic - app.py:494 - INFO - 正在下载第256章: 第230话    UUID:75f8e032-1486-11f1-9f01-fa163e02432f
2026-03-10 03:54:53 - mkk_comic - app.py:502 - INFO - 创建目录: ./out/電鋸人/第230话
2026-03-10 03:54:53 - mkk_comic - app.py:505 - INFO - 开始下载: 電鋸人 - 第230话
2026-03-10 03:54:53 - mkk_comic - app.py:506 - INFO - 总页数: 15
2026-03-10 03:54:53 - mkk_comic - app.py:587 - INFO - 正在下载第 001/015 页...
2026-03-10 03:54:53 - mkk_comic - app.py:587 - INFO - 正在下载第 002/015 页...
2026-03-10 03:54:53 - mkk_comic - app.py:587 - INFO - 正在下载第 003/015 页...
2026-03-10 03:54:53 - mkk_comic - app.py:587 - INFO - 正在下载第 004/015 页...
2026-03-10 03:54:53 - mkk_comic - app.py:587 - INFO - 正在下载第 005/015 页...
2026-03-10 03:54:53 - mkk_comic - app.py:587 - INFO - 正在下载第 006/015 页...
2026-03-10 03:54:53 - mkk_comic - app.py:587 - INFO - 正在下载第 007/015 页...
2026-03-10 03:54:53 - mkk_comic - app.py:587 - INFO - 正在下载第 008/015 页...
2026-03-10 03:54:53 - mkk_comic - app.py:587 - INFO - 正在下载第 009/015 页...
2026-03-10 03:54:53 - mkk_comic - app.py:587 - INFO - 正在下载第 010/015 页...
2026-03-10 03:54:53 - mkk_comic - app.py:587 - INFO - 正在下载第 011/015 页...
2026-03-10 03:54:53 - mkk_comic - app.py:587 - INFO - 正在下载第 012/015 页...
2026-03-10 03:54:53 - mkk_comic - app.py:587 - INFO - 正在下载第 013/015 页...
2026-03-10 03:54:53 - mkk_comic - app.py:587 - INFO - 正在下载第 014/015 页...
2026-03-10 03:54:53 - mkk_comic - app.py:587 - INFO - 正在下载第 015/015 页...
2026-03-10 03:54:53 - mkk_comic - app.py:511 - INFO - 下载完成!
2026-03-10 03:54:53 - mkk_comic - app.py:512 - INFO - 成功下载: 15/15 页
2026-03-10 03:54:53 - mkk_comic - app.py:523 - INFO - 章节下载完成，等待 6.9 秒后继续...
2026-03-10 03:55:00 - mkk_comic - app.py:863 - INFO - ===== 检查更新完成 =====

