2026-03-05 03:55:02 - mkk_comic - app.py:868 - INFO - 运行环境：GitHub Actions（自动化模式）
2026-03-05 03:55:02 - mkk_comic - app.py:825 - INFO - ===== 开始检查更新=====
2026-03-05 03:55:02 - mkk_comic - app.py:843 - INFO - 【海贼王】上次下载至第149章
2026-03-05 03:55:03 - mkk_comic - app.py:850 - INFO - 【海贼王】检测到更新！最新：380章
2026-03-05 03:55:03 - mkk_comic - app.py:853 - INFO - 【海贼王】最大下载限制为10章-需下载150~159章）
2026-03-05 03:55:03 - mkk_comic - app.py:494 - INFO - 正在下载第150章: 945話    UUID:e84503b3-904b-11e9-8d4f-024352452ce0
2026-03-05 03:55:04 - mkk_comic - app.py:502 - INFO - 创建目录: ./out/海贼王/945話
2026-03-05 03:55:04 - mkk_comic - app.py:505 - INFO - 开始下载: 海贼王 - 945話
2026-03-05 03:55:04 - mkk_comic - app.py:506 - INFO - 总页数: 17
2026-03-05 03:55:04 - mkk_comic - app.py:587 - INFO - 正在下载第 001/017 页...
2026-03-05 03:55:04 - mkk_comic - app.py:587 - INFO - 正在下载第 002/017 页...
2026-03-05 03:55:04 - mkk_comic - app.py:587 - INFO - 正在下载第 003/017 页...
2026-03-05 03:55:04 - mkk_comic - app.py:587 - INFO - 正在下载第 004/017 页...
2026-03-05 03:55:04 - mkk_comic - app.py:587 - INFO - 正在下载第 005/017 页...
2026-03-05 03:55:04 - mkk_comic - app.py:587 - INFO - 正在下载第 006/017 页...
2026-03-05 03:55:04 - mkk_comic - app.py:587 - INFO - 正在下载第 007/017 页...
2026-03-05 03:55:04 - mkk_comic - app.py:587 - INFO - 正在下载第 008/017 页...
2026-03-05 03:55:04 - mkk_comic - app.py:587 - INFO - 正在下载第 009/017 页...
2026-03-05 03:55:04 - mkk_comic - app.py:587 - INFO - 正在下载第 010/017 页...
2026-03-05 03:55:04 - mkk_comic - app.py:587 - INFO - 正在下载第 011/017 页...
2026-03-05 03:55:04 - mkk_comic - app.py:587 - INFO - 正在下载第 012/017 页...
2026-03-05 03:55:05 - mkk_comic - app.py:587 - INFO - 正在下载第 013/017 页...
2026-03-05 03:55:05 - mkk_comic - app.py:587 - INFO - 正在下载第 014/017 页...
2026-03-05 03:55:05 - mkk_comic - app.py:587 - INFO - 正在下载第 015/017 页...
2026-03-05 03:55:05 - mkk_comic - app.py:587 - INFO - 正在下载第 016/017 页...
2026-03-05 03:55:05 - mkk_comic - app.py:587 - INFO - 正在下载第 017/017 页...
2026-03-05 03:55:05 - mkk_comic - app.py:511 - INFO - 下载完成!
2026-03-05 03:55:05 - mkk_comic - app.py:512 - INFO - 成功下载: 17/17 页
2026-03-05 03:55:05 - mkk_comic - app.py:523 - INFO - 章节下载完成，等待 9.6 秒后继续...
2026-03-05 03:55:15 - mkk_comic - app.py:494 - INFO - 正在下载第151章: 946話    UUID:efb16510-9f1d-11e9-8dfd-024352452ce0
2026-03-05 03:55:16 - mkk_comic - app.py:502 - INFO - 创建目录: ./out/海贼王/946話
2026-03-05 03:55:16 - mkk_comic - app.py:505 - INFO - 开始下载: 海贼王 - 946話
2026-03-05 03:55:16 - mkk_comic - app.py:506 - INFO - 总页数: 17
2026-03-05 03:55:16 - mkk_comic - app.py:587 - INFO - 正在下载第 001/017 页...
2026-03-05 03:55:16 - mkk_comic - app.py:587 - INFO - 正在下载第 002/017 页...
2026-03-05 03:55:16 - mkk_comic - app.py:587 - INFO - 正在下载第 003/017 页...
2026-03-05 03:55:16 - mkk_comic - app.py:587 - INFO - 正在下载第 004/017 页...
2026-03-05 03:55:16 - mkk_comic - app.py:587 - INFO - 正在下载第 005/017 页...
2026-03-05 03:55:16 - mkk_comic - app.py:587 - INFO - 正在下载第 006/017 页...
2026-03-05 03:55:16 - mkk_comic - app.py:587 - INFO - 正在下载第 007/017 页...
2026-03-05 03:55:16 - mkk_comic - app.py:587 - INFO - 正在下载第 008/017 页...
2026-03-05 03:55:16 - mkk_comic - app.py:587 - INFO - 正在下载第 009/017 页...
2026-03-05 03:55:16 - mkk_comic - app.py:587 - INFO - 正在下载第 010/017 页...
2026-03-05 03:55:16 - mkk_comic - app.py:587 - INFO - 正在下载第 011/017 页...
2026-03-05 03:55:16 - mkk_comic - app.py:587 - INFO - 正在下载第 012/017 页...
2026-03-05 03:55:16 - mkk_comic - app.py:587 - INFO - 正在下载第 013/017 页...
2026-03-05 03:55:16 - mkk_comic - app.py:587 - INFO - 正在下载第 014/017 页...
2026-03-05 03:55:16 - mkk_comic - app.py:587 - INFO - 正在下载第 015/017 页...
2026-03-05 03:55:16 - mkk_comic - app.py:587 - INFO - 正在下载第 016/017 页...
2026-03-05 03:55:16 - mkk_comic - app.py:587 - INFO - 正在下载第 017/017 页...
2026-03-05 03:55:17 - mkk_comic - app.py:511 - INFO - 下载完成!
2026-03-05 03:55:17 - mkk_comic - app.py:512 - INFO - 成功下载: 17/17 页
2026-03-05 03:55:17 - mkk_comic - app.py:523 - INFO - 章节下载完成，等待 8.7 秒后继续...
2026-03-05 03:55:26 - mkk_comic - app.py:494 - INFO - 正在下载第152章: 947話    UUID:db3eed46-9f1d-11e9-8dfd-024352452ce0
2026-03-05 03:55:27 - mkk_comic - app.py:502 - INFO - 创建目录: ./out/海贼王/947話
2026-03-05 03:55:27 - mkk_comic - app.py:505 - INFO - 开始下载: 海贼王 - 947話
2026-03-05 03:55:27 - mkk_comic - app.py:506 - INFO - 总页数: 16
2026-03-05 03:55:27 - mkk_comic - app.py:587 - INFO - 正在下载第 001/016 页...
2026-03-05 03:55:27 - mkk_comic - app.py:587 - INFO - 正在下载第 002/016 页...
2026-03-05 03:55:27 - mkk_comic - app.py:587 - INFO - 正在下载第 003/016 页...
2026-03-05 03:55:27 - mkk_comic - app.py:587 - INFO - 正在下载第 004/016 页...
2026-03-05 03:55:27 - mkk_comic - app.py:587 - INFO - 正在下载第 005/016 页...
2026-03-05 03:55:27 - mkk_comic - app.py:587 - INFO - 正在下载第 006/016 页...
2026-03-05 03:55:27 - mkk_comic - app.py:587 - INFO - 正在下载第 007/016 页...
2026-03-05 03:55:27 - mkk_comic - app.py:587 - INFO - 正在下载第 008/016 页...
2026-03-05 03:55:27 - mkk_comic - app.py:587 - INFO - 正在下载第 009/016 页...
2026-03-05 03:55:27 - mkk_comic - app.py:587 - INFO - 正在下载第 010/016 页...
2026-03-05 03:55:27 - mkk_comic - app.py:587 - INFO - 正在下载第 011/016 页...
2026-03-05 03:55:27 - mkk_comic - app.py:587 - INFO - 正在下载第 012/016 页...
2026-03-05 03:55:27 - mkk_comic - app.py:587 - INFO - 正在下载第 013/016 页...
2026-03-05 03:55:27 - mkk_comic - app.py:587 - INFO - 正在下载第 014/016 页...
2026-03-05 03:55:27 - mkk_comic - app.py:587 - INFO - 正在下载第 015/016 页...
2026-03-05 03:55:27 - mkk_comic - app.py:587 - INFO - 正在下载第 016/016 页...
2026-03-05 03:55:27 - mkk_comic - app.py:511 - INFO - 下载完成!
2026-03-05 03:55:27 - mkk_comic - app.py:512 - INFO - 成功下载: 16/16 页
2026-03-05 03:55:27 - mkk_comic - app.py:523 - INFO - 章节下载完成，等待 7.9 秒后继续...
2026-03-05 03:55:36 - mkk_comic - app.py:494 - INFO - 正在下载第153章: 948話    UUID:f9c8518a-9f1d-11e9-8dfd-024352452ce0
2026-03-05 03:55:36 - mkk_comic - app.py:502 - INFO - 创建目录: ./out/海贼王/948話
2026-03-05 03:55:36 - mkk_comic - app.py:505 - INFO - 开始下载: 海贼王 - 948話
2026-03-05 03:55:36 - mkk_comic - app.py:506 - INFO - 总页数: 14
2026-03-05 03:55:36 - mkk_comic - app.py:587 - INFO - 正在下载第 001/014 页...
2026-03-05 03:55:36 - mkk_comic - app.py:587 - INFO - 正在下载第 002/014 页...
2026-03-05 03:55:36 - mkk_comic - app.py:587 - INFO - 正在下载第 003/014 页...
2026-03-05 03:55:36 - mkk_comic - app.py:587 - INFO - 正在下载第 004/014 页...
2026-03-05 03:55:36 - mkk_comic - app.py:587 - INFO - 正在下载第 005/014 页...
2026-03-05 03:55:37 - mkk_comic - app.py:587 - INFO - 正在下载第 006/014 页...
2026-03-05 03:55:37 - mkk_comic - app.py:587 - INFO - 正在下载第 007/014 页...
2026-03-05 03:55:37 - mkk_comic - app.py:587 - INFO - 正在下载第 008/014 页...
2026-03-05 03:55:37 - mkk_comic - app.py:587 - INFO - 正在下载第 009/014 页...
2026-03-05 03:55:37 - mkk_comic - app.py:587 - INFO - 正在下载第 010/014 页...
2026-03-05 03:55:37 - mkk_comic - app.py:587 - INFO - 正在下载第 011/014 页...
2026-03-05 03:55:37 - mkk_comic - app.py:587 - INFO - 正在下载第 012/014 页...
2026-03-05 03:55:37 - mkk_comic - app.py:587 - INFO - 正在下载第 013/014 页...
2026-03-05 03:55:37 - mkk_comic - app.py:587 - INFO - 正在下载第 014/014 页...
2026-03-05 03:55:38 - mkk_comic - app.py:511 - INFO - 下载完成!
2026-03-05 03:55:38 - mkk_comic - app.py:512 - INFO - 成功下载: 14/14 页
2026-03-05 03:55:38 - mkk_comic - app.py:523 - INFO - 章节下载完成，等待 7.6 秒后继续...
2026-03-05 03:55:46 - mkk_comic - app.py:494 - INFO - 正在下载第154章: 949話    UUID:00ea1de8-ae0c-11e9-8f36-024352452ce0
2026-03-05 03:55:46 - mkk_comic - app.py:502 - INFO - 创建目录: ./out/海贼王/949話
2026-03-05 03:55:46 - mkk_comic - app.py:505 - INFO - 开始下载: 海贼王 - 949話
2026-03-05 03:55:46 - mkk_comic - app.py:506 - INFO - 总页数: 17
2026-03-05 03:55:46 - mkk_comic - app.py:587 - INFO - 正在下载第 001/017 页...
2026-03-05 03:55:46 - mkk_comic - app.py:587 - INFO - 正在下载第 002/017 页...
2026-03-05 03:55:46 - mkk_comic - app.py:587 - INFO - 正在下载第 003/017 页...
2026-03-05 03:55:46 - mkk_comic - app.py:587 - INFO - 正在下载第 004/017 页...
2026-03-05 03:55:46 - mkk_comic - app.py:587 - INFO - 正在下载第 005/017 页...
2026-03-05 03:55:47 - mkk_comic - app.py:587 - INFO - 正在下载第 006/017 页...
2026-03-05 03:55:47 - mkk_comic - app.py:587 - INFO - 正在下载第 007/017 页...
2026-03-05 03:55:47 - mkk_comic - app.py:587 - INFO - 正在下载第 008/017 页...
2026-03-05 03:55:47 - mkk_comic - app.py:587 - INFO - 正在下载第 009/017 页...
2026-03-05 03:55:47 - mkk_comic - app.py:587 - INFO - 正在下载第 010/017 页...
2026-03-05 03:55:47 - mkk_comic - app.py:587 - INFO - 正在下载第 011/017 页...
2026-03-05 03:55:47 - mkk_comic - app.py:587 - INFO - 正在下载第 012/017 页...
2026-03-05 03:55:47 - mkk_comic - app.py:587 - INFO - 正在下载第 013/017 页...
2026-03-05 03:55:47 - mkk_comic - app.py:587 - INFO - 正在下载第 014/017 页...
2026-03-05 03:55:47 - mkk_comic - app.py:587 - INFO - 正在下载第 015/017 页...
2026-03-05 03:55:47 - mkk_comic - app.py:587 - INFO - 正在下载第 016/017 页...
2026-03-05 03:55:47 - mkk_comic - app.py:587 - INFO - 正在下载第 017/017 页...
2026-03-05 03:55:48 - mkk_comic - app.py:511 - INFO - 下载完成!
2026-03-05 03:55:48 - mkk_comic - app.py:512 - INFO - 成功下载: 17/17 页
2026-03-05 03:55:48 - mkk_comic - app.py:523 - INFO - 章节下载完成，等待 7.2 秒后继续...
2026-03-05 03:55:56 - mkk_comic - app.py:494 - INFO - 正在下载第155章: 950話    UUID:2a0ff17e-af98-11e9-8f58-024352452ce0
2026-03-05 03:55:56 - mkk_comic - app.py:502 - INFO - 创建目录: ./out/海贼王/950話
2026-03-05 03:55:56 - mkk_comic - app.py:505 - INFO - 开始下载: 海贼王 - 950話
2026-03-05 03:55:56 - mkk_comic - app.py:506 - INFO - 总页数: 15
2026-03-05 03:55:56 - mkk_comic - app.py:587 - INFO - 正在下载第 001/015 页...
2026-03-05 03:55:56 - mkk_comic - app.py:587 - INFO - 正在下载第 002/015 页...
2026-03-05 03:55:56 - mkk_comic - app.py:587 - INFO - 正在下载第 003/015 页...
2026-03-05 03:55:56 - mkk_comic - app.py:587 - INFO - 正在下载第 004/015 页...
2026-03-05 03:55:56 - mkk_comic - app.py:587 - INFO - 正在下载第 005/015 页...
2026-03-05 03:55:57 - mkk_comic - app.py:587 - INFO - 正在下载第 006/015 页...
2026-03-05 03:55:57 - mkk_comic - app.py:587 - INFO - 正在下载第 007/015 页...
2026-03-05 03:55:57 - mkk_comic - app.py:587 - INFO - 正在下载第 008/015 页...
2026-03-05 03:55:57 - mkk_comic - app.py:587 - INFO - 正在下载第 009/015 页...
2026-03-05 03:55:57 - mkk_comic - app.py:587 - INFO - 正在下载第 010/015 页...
2026-03-05 03:55:57 - mkk_comic - app.py:587 - INFO - 正在下载第 011/015 页...
2026-03-05 03:55:57 - mkk_comic - app.py:587 - INFO - 正在下载第 012/015 页...
2026-03-05 03:55:57 - mkk_comic - app.py:587 - INFO - 正在下载第 013/015 页...
2026-03-05 03:55:57 - mkk_comic - app.py:587 - INFO - 正在下载第 014/015 页...
2026-03-05 03:55:57 - mkk_comic - app.py:587 - INFO - 正在下载第 015/015 页...
2026-03-05 03:55:57 - mkk_comic - app.py:511 - INFO - 下载完成!
2026-03-05 03:55:57 - mkk_comic - app.py:512 - INFO - 成功下载: 15/15 页
2026-03-05 03:55:57 - mkk_comic - app.py:523 - INFO - 章节下载完成，等待 6.1 秒后继续...
2026-03-05 03:56:04 - mkk_comic - app.py:494 - INFO - 正在下载第156章: 951話    UUID:c0120c46-b9d1-11e9-902b-024352452ce0
2026-03-05 03:56:05 - mkk_comic - app.py:502 - INFO - 创建目录: ./out/海贼王/951話
2026-03-05 03:56:05 - mkk_comic - app.py:505 - INFO - 开始下载: 海贼王 - 951話
2026-03-05 03:56:05 - mkk_comic - app.py:506 - INFO - 总页数: 16
2026-03-05 03:56:05 - mkk_comic - app.py:587 - INFO - 正在下载第 001/016 页...
2026-03-05 03:56:05 - mkk_comic - app.py:587 - INFO - 正在下载第 002/016 页...
2026-03-05 03:56:05 - mkk_comic - app.py:587 - INFO - 正在下载第 003/016 页...
2026-03-05 03:56:05 - mkk_comic - app.py:587 - INFO - 正在下载第 004/016 页...
2026-03-05 03:56:05 - mkk_comic - app.py:587 - INFO - 正在下载第 005/016 页...
2026-03-05 03:56:05 - mkk_comic - app.py:587 - INFO - 正在下载第 006/016 页...
2026-03-05 03:56:05 - mkk_comic - app.py:587 - INFO - 正在下载第 007/016 页...
2026-03-05 03:56:05 - mkk_comic - app.py:587 - INFO - 正在下载第 008/016 页...
2026-03-05 03:56:05 - mkk_comic - app.py:587 - INFO - 正在下载第 009/016 页...
2026-03-05 03:56:05 - mkk_comic - app.py:587 - INFO - 正在下载第 010/016 页...
2026-03-05 03:56:05 - mkk_comic - app.py:587 - INFO - 正在下载第 011/016 页...
2026-03-05 03:56:05 - mkk_comic - app.py:587 - INFO - 正在下载第 012/016 页...
2026-03-05 03:56:05 - mkk_comic - app.py:587 - INFO - 正在下载第 013/016 页...
2026-03-05 03:56:05 - mkk_comic - app.py:587 - INFO - 正在下载第 014/016 页...
2026-03-05 03:56:05 - mkk_comic - app.py:587 - INFO - 正在下载第 015/016 页...
2026-03-05 03:56:05 - mkk_comic - app.py:587 - INFO - 正在下载第 016/016 页...
2026-03-05 03:56:06 - mkk_comic - app.py:511 - INFO - 下载完成!
2026-03-05 03:56:06 - mkk_comic - app.py:512 - INFO - 成功下载: 16/16 页
2026-03-05 03:56:06 - mkk_comic - app.py:523 - INFO - 章节下载完成，等待 9.8 秒后继续...
2026-03-05 03:56:16 - mkk_comic - app.py:494 - INFO - 正在下载第157章: 952話    UUID:987d7ab0-c658-11e9-91cd-024352452ce0
2026-03-05 03:56:17 - mkk_comic - app.py:502 - INFO - 创建目录: ./out/海贼王/952話
2026-03-05 03:56:17 - mkk_comic - app.py:505 - INFO - 开始下载: 海贼王 - 952話
2026-03-05 03:56:17 - mkk_comic - app.py:506 - INFO - 总页数: 17
2026-03-05 03:56:17 - mkk_comic - app.py:587 - INFO - 正在下载第 001/017 页...
2026-03-05 03:56:17 - mkk_comic - app.py:587 - INFO - 正在下载第 002/017 页...
2026-03-05 03:56:17 - mkk_comic - app.py:587 - INFO - 正在下载第 003/017 页...
2026-03-05 03:56:17 - mkk_comic - app.py:587 - INFO - 正在下载第 004/017 页...
2026-03-05 03:56:17 - mkk_comic - app.py:587 - INFO - 正在下载第 005/017 页...
2026-03-05 03:56:17 - mkk_comic - app.py:587 - INFO - 正在下载第 006/017 页...
2026-03-05 03:56:17 - mkk_comic - app.py:587 - INFO - 正在下载第 007/017 页...
2026-03-05 03:56:17 - mkk_comic - app.py:587 - INFO - 正在下载第 008/017 页...
2026-03-05 03:56:17 - mkk_comic - app.py:587 - INFO - 正在下载第 009/017 页...
2026-03-05 03:56:17 - mkk_comic - app.py:587 - INFO - 正在下载第 010/017 页...
2026-03-05 03:56:17 - mkk_comic - app.py:587 - INFO - 正在下载第 011/017 页...
2026-03-05 03:56:17 - mkk_comic - app.py:587 - INFO - 正在下载第 012/017 页...
2026-03-05 03:56:17 - mkk_comic - app.py:587 - INFO - 正在下载第 013/017 页...
2026-03-05 03:56:17 - mkk_comic - app.py:587 - INFO - 正在下载第 014/017 页...
2026-03-05 03:56:17 - mkk_comic - app.py:587 - INFO - 正在下载第 015/017 页...
2026-03-05 03:56:17 - mkk_comic - app.py:587 - INFO - 正在下载第 016/017 页...
2026-03-05 03:56:17 - mkk_comic - app.py:587 - INFO - 正在下载第 017/017 页...
2026-03-05 03:56:17 - mkk_comic - app.py:511 - INFO - 下载完成!
2026-03-05 03:56:17 - mkk_comic - app.py:512 - INFO - 成功下载: 17/17 页
2026-03-05 03:56:17 - mkk_comic - app.py:523 - INFO - 章节下载完成，等待 8.6 秒后继续...
2026-03-05 03:56:27 - mkk_comic - app.py:494 - INFO - 正在下载第158章: 953話    UUID:9b510464-c658-11e9-91cd-024352452ce0
2026-03-05 03:56:27 - mkk_comic - app.py:502 - INFO - 创建目录: ./out/海贼王/953話
2026-03-05 03:56:27 - mkk_comic - app.py:505 - INFO - 开始下载: 海贼王 - 953話
2026-03-05 03:56:27 - mkk_comic - app.py:506 - INFO - 总页数: 17
2026-03-05 03:56:27 - mkk_comic - app.py:587 - INFO - 正在下载第 001/017 页...
2026-03-05 03:56:27 - mkk_comic - app.py:587 - INFO - 正在下载第 002/017 页...
2026-03-05 03:56:27 - mkk_comic - app.py:587 - INFO - 正在下载第 003/017 页...
2026-03-05 03:56:27 - mkk_comic - app.py:587 - INFO - 正在下载第 004/017 页...
2026-03-05 03:56:27 - mkk_comic - app.py:587 - INFO - 正在下载第 005/017 页...
2026-03-05 03:56:27 - mkk_comic - app.py:587 - INFO - 正在下载第 006/017 页...
2026-03-05 03:56:27 - mkk_comic - app.py:587 - INFO - 正在下载第 007/017 页...
2026-03-05 03:56:27 - mkk_comic - app.py:587 - INFO - 正在下载第 008/017 页...
2026-03-05 03:56:27 - mkk_comic - app.py:587 - INFO - 正在下载第 009/017 页...
2026-03-05 03:56:27 - mkk_comic - app.py:587 - INFO - 正在下载第 010/017 页...
2026-03-05 03:56:28 - mkk_comic - app.py:587 - INFO - 正在下载第 011/017 页...
2026-03-05 03:56:28 - mkk_comic - app.py:587 - INFO - 正在下载第 012/017 页...
2026-03-05 03:56:28 - mkk_comic - app.py:587 - INFO - 正在下载第 013/017 页...
2026-03-05 03:56:28 - mkk_comic - app.py:587 - INFO - 正在下载第 014/017 页...
2026-03-05 03:56:28 - mkk_comic - app.py:587 - INFO - 正在下载第 015/017 页...
2026-03-05 03:56:28 - mkk_comic - app.py:587 - INFO - 正在下载第 016/017 页...
2026-03-05 03:56:28 - mkk_comic - app.py:587 - INFO - 正在下载第 017/017 页...
2026-03-05 03:56:28 - mkk_comic - app.py:511 - INFO - 下载完成!
2026-03-05 03:56:28 - mkk_comic - app.py:512 - INFO - 成功下载: 17/17 页
2026-03-05 03:56:28 - mkk_comic - app.py:523 - INFO - 章节下载完成，等待 9.1 秒后继续...
2026-03-05 03:56:39 - mkk_comic - app.py:494 - INFO - 正在下载第159章: 954話    UUID:493274c0-d55c-11e9-93a8-024352452ce0
2026-03-05 03:56:39 - mkk_comic - app.py:502 - INFO - 创建目录: ./out/海贼王/954話
2026-03-05 03:56:39 - mkk_comic - app.py:505 - INFO - 开始下载: 海贼王 - 954話
2026-03-05 03:56:39 - mkk_comic - app.py:506 - INFO - 总页数: 12
2026-03-05 03:56:39 - mkk_comic - app.py:587 - INFO - 正在下载第 001/012 页...
2026-03-05 03:56:39 - mkk_comic - app.py:587 - INFO - 正在下载第 002/012 页...
2026-03-05 03:56:39 - mkk_comic - app.py:587 - INFO - 正在下载第 003/012 页...
2026-03-05 03:56:39 - mkk_comic - app.py:587 - INFO - 正在下载第 004/012 页...
2026-03-05 03:56:39 - mkk_comic - app.py:587 - INFO - 正在下载第 005/012 页...
2026-03-05 03:56:40 - mkk_comic - app.py:587 - INFO - 正在下载第 006/012 页...
2026-03-05 03:56:40 - mkk_comic - app.py:587 - INFO - 正在下载第 007/012 页...
2026-03-05 03:56:40 - mkk_comic - app.py:587 - INFO - 正在下载第 008/012 页...
2026-03-05 03:56:40 - mkk_comic - app.py:587 - INFO - 正在下载第 009/012 页...
2026-03-05 03:56:40 - mkk_comic - app.py:587 - INFO - 正在下载第 010/012 页...
2026-03-05 03:56:40 - mkk_comic - app.py:587 - INFO - 正在下载第 011/012 页...
2026-03-05 03:56:40 - mkk_comic - app.py:587 - INFO - 正在下载第 012/012 页...
2026-03-05 03:56:40 - mkk_comic - app.py:511 - INFO - 下载完成!
2026-03-05 03:56:40 - mkk_comic - app.py:512 - INFO - 成功下载: 12/12 页
2026-03-05 03:56:40 - mkk_comic - app.py:523 - INFO - 章节下载完成，等待 6.8 秒后继续...
2026-03-05 03:56:47 - mkk_comic - app.py:843 - INFO - 【电锯人】上次下载至第174章
2026-03-05 03:56:47 - mkk_comic - app.py:850 - INFO - 【电锯人】检测到更新！最新：256章
2026-03-05 03:56:47 - mkk_comic - app.py:853 - INFO - 【电锯人】最大下载限制为15章-需下载175~189章）
2026-03-05 03:56:48 - mkk_comic - app.py:494 - INFO - 正在下载第175章: 第151话    UUID:376629d3-9f18-11ee-9e87-55b00c27fb36
2026-03-05 03:56:49 - mkk_comic - app.py:502 - INFO - 创建目录: ./out/電鋸人/第151话
2026-03-05 03:56:49 - mkk_comic - app.py:505 - INFO - 开始下载: 電鋸人 - 第151话
2026-03-05 03:56:49 - mkk_comic - app.py:506 - INFO - 总页数: 16
2026-03-05 03:56:49 - mkk_comic - app.py:587 - INFO - 正在下载第 001/016 页...
2026-03-05 03:56:49 - mkk_comic - app.py:587 - INFO - 正在下载第 002/016 页...
2026-03-05 03:56:49 - mkk_comic - app.py:587 - INFO - 正在下载第 003/016 页...
2026-03-05 03:56:49 - mkk_comic - app.py:587 - INFO - 正在下载第 004/016 页...
2026-03-05 03:56:49 - mkk_comic - app.py:587 - INFO - 正在下载第 005/016 页...
2026-03-05 03:56:49 - mkk_comic - app.py:587 - INFO - 正在下载第 006/016 页...
2026-03-05 03:56:49 - mkk_comic - app.py:587 - INFO - 正在下载第 007/016 页...
2026-03-05 03:56:49 - mkk_comic - app.py:587 - INFO - 正在下载第 008/016 页...
2026-03-05 03:56:49 - mkk_comic - app.py:587 - INFO - 正在下载第 009/016 页...
2026-03-05 03:56:49 - mkk_comic - app.py:587 - INFO - 正在下载第 010/016 页...
2026-03-05 03:56:49 - mkk_comic - app.py:587 - INFO - 正在下载第 011/016 页...
2026-03-05 03:56:49 - mkk_comic - app.py:587 - INFO - 正在下载第 012/016 页...
2026-03-05 03:56:49 - mkk_comic - app.py:587 - INFO - 正在下载第 013/016 页...
2026-03-05 03:56:49 - mkk_comic - app.py:587 - INFO - 正在下载第 014/016 页...
2026-03-05 03:56:49 - mkk_comic - app.py:587 - INFO - 正在下载第 015/016 页...
2026-03-05 03:56:49 - mkk_comic - app.py:587 - INFO - 正在下载第 016/016 页...
2026-03-05 03:56:49 - mkk_comic - app.py:511 - INFO - 下载完成!
2026-03-05 03:56:49 - mkk_comic - app.py:512 - INFO - 成功下载: 16/16 页
2026-03-05 03:56:49 - mkk_comic - app.py:523 - INFO - 章节下载完成，等待 7.3 秒后继续...
2026-03-05 03:56:57 - mkk_comic - app.py:494 - INFO - 正在下载第176章: 第152话    UUID:c02e119c-afbe-11ee-a70d-55b00c27fb36
2026-03-05 03:56:58 - mkk_comic - app.py:502 - INFO - 创建目录: ./out/電鋸人/第152话
2026-03-05 03:56:58 - mkk_comic - app.py:505 - INFO - 开始下载: 電鋸人 - 第152话
2026-03-05 03:56:58 - mkk_comic - app.py:506 - INFO - 总页数: 19
2026-03-05 03:56:58 - mkk_comic - app.py:587 - INFO - 正在下载第 001/019 页...
2026-03-05 03:56:58 - mkk_comic - app.py:587 - INFO - 正在下载第 002/019 页...
2026-03-05 03:56:58 - mkk_comic - app.py:587 - INFO - 正在下载第 003/019 页...
2026-03-05 03:56:58 - mkk_comic - app.py:587 - INFO - 正在下载第 004/019 页...
2026-03-05 03:56:58 - mkk_comic - app.py:587 - INFO - 正在下载第 005/019 页...
2026-03-05 03:56:58 - mkk_comic - app.py:587 - INFO - 正在下载第 006/019 页...
2026-03-05 03:56:58 - mkk_comic - app.py:587 - INFO - 正在下载第 007/019 页...
2026-03-05 03:56:58 - mkk_comic - app.py:587 - INFO - 正在下载第 008/019 页...
2026-03-05 03:56:58 - mkk_comic - app.py:587 - INFO - 正在下载第 009/019 页...
2026-03-05 03:56:58 - mkk_comic - app.py:587 - INFO - 正在下载第 010/019 页...
2026-03-05 03:56:58 - mkk_comic - app.py:587 - INFO - 正在下载第 011/019 页...
2026-03-05 03:56:58 - mkk_comic - app.py:587 - INFO - 正在下载第 012/019 页...
2026-03-05 03:56:58 - mkk_comic - app.py:587 - INFO - 正在下载第 013/019 页...
2026-03-05 03:56:58 - mkk_comic - app.py:587 - INFO - 正在下载第 014/019 页...
2026-03-05 03:56:58 - mkk_comic - app.py:587 - INFO - 正在下载第 015/019 页...
2026-03-05 03:56:58 - mkk_comic - app.py:587 - INFO - 正在下载第 016/019 页...
2026-03-05 03:56:58 - mkk_comic - app.py:587 - INFO - 正在下载第 017/019 页...
2026-03-05 03:56:58 - mkk_comic - app.py:587 - INFO - 正在下载第 018/019 页...
2026-03-05 03:56:58 - mkk_comic - app.py:587 - INFO - 正在下载第 019/019 页...
2026-03-05 03:56:58 - mkk_comic - app.py:511 - INFO - 下载完成!
2026-03-05 03:56:58 - mkk_comic - app.py:512 - INFO - 成功下载: 19/19 页
2026-03-05 03:56:58 - mkk_comic - app.py:523 - INFO - 章节下载完成，等待 9.5 秒后继续...
2026-03-05 03:57:08 - mkk_comic - app.py:494 - INFO - 正在下载第177章: 第153话    UUID:f94b9316-bf2a-11ee-b06e-55b00c27fb36
2026-03-05 03:57:09 - mkk_comic - app.py:502 - INFO - 创建目录: ./out/電鋸人/第153话
2026-03-05 03:57:09 - mkk_comic - app.py:505 - INFO - 开始下载: 電鋸人 - 第153话
2026-03-05 03:57:09 - mkk_comic - app.py:506 - INFO - 总页数: 19
2026-03-05 03:57:09 - mkk_comic - app.py:587 - INFO - 正在下载第 001/019 页...
2026-03-05 03:57:09 - mkk_comic - app.py:587 - INFO - 正在下载第 002/019 页...
2026-03-05 03:57:09 - mkk_comic - app.py:587 - INFO - 正在下载第 003/019 页...
2026-03-05 03:57:09 - mkk_comic - app.py:587 - INFO - 正在下载第 004/019 页...
2026-03-05 03:57:09 - mkk_comic - app.py:587 - INFO - 正在下载第 005/019 页...
2026-03-05 03:57:09 - mkk_comic - app.py:587 - INFO - 正在下载第 006/019 页...
2026-03-05 03:57:09 - mkk_comic - app.py:587 - INFO - 正在下载第 007/019 页...
2026-03-05 03:57:09 - mkk_comic - app.py:587 - INFO - 正在下载第 008/019 页...
2026-03-05 03:57:09 - mkk_comic - app.py:587 - INFO - 正在下载第 009/019 页...
2026-03-05 03:57:09 - mkk_comic - app.py:587 - INFO - 正在下载第 010/019 页...
2026-03-05 03:57:09 - mkk_comic - app.py:587 - INFO - 正在下载第 011/019 页...
2026-03-05 03:57:09 - mkk_comic - app.py:587 - INFO - 正在下载第 012/019 页...
2026-03-05 03:57:09 - mkk_comic - app.py:587 - INFO - 正在下载第 013/019 页...
2026-03-05 03:57:09 - mkk_comic - app.py:587 - INFO - 正在下载第 014/019 页...
2026-03-05 03:57:09 - mkk_comic - app.py:587 - INFO - 正在下载第 015/019 页...
2026-03-05 03:57:10 - mkk_comic - app.py:587 - INFO - 正在下载第 016/019 页...
2026-03-05 03:57:10 - mkk_comic - app.py:587 - INFO - 正在下载第 017/019 页...
2026-03-05 03:57:10 - mkk_comic - app.py:587 - INFO - 正在下载第 018/019 页...
2026-03-05 03:57:10 - mkk_comic - app.py:587 - INFO - 正在下载第 019/019 页...
2026-03-05 03:57:10 - mkk_comic - app.py:511 - INFO - 下载完成!
2026-03-05 03:57:10 - mkk_comic - app.py:512 - INFO - 成功下载: 19/19 页
2026-03-05 03:57:10 - mkk_comic - app.py:523 - INFO - 章节下载完成，等待 6.3 秒后继续...
2026-03-05 03:57:17 - mkk_comic - app.py:494 - INFO - 正在下载第178章: 第154话    UUID:a70020be-c000-11ee-b0bd-55b00c27fb36
2026-03-05 03:57:17 - mkk_comic - app.py:502 - INFO - 创建目录: ./out/電鋸人/第154话
2026-03-05 03:57:17 - mkk_comic - app.py:505 - INFO - 开始下载: 電鋸人 - 第154话
2026-03-05 03:57:17 - mkk_comic - app.py:506 - INFO - 总页数: 17
2026-03-05 03:57:17 - mkk_comic - app.py:587 - INFO - 正在下载第 001/017 页...
2026-03-05 03:57:17 - mkk_comic - app.py:587 - INFO - 正在下载第 002/017 页...
2026-03-05 03:57:17 - mkk_comic - app.py:587 - INFO - 正在下载第 003/017 页...
2026-03-05 03:57:17 - mkk_comic - app.py:587 - INFO - 正在下载第 004/017 页...
2026-03-05 03:57:17 - mkk_comic - app.py:587 - INFO - 正在下载第 005/017 页...
2026-03-05 03:57:17 - mkk_comic - app.py:587 - INFO - 正在下载第 006/017 页...
2026-03-05 03:57:17 - mkk_comic - app.py:587 - INFO - 正在下载第 007/017 页...
2026-03-05 03:57:17 - mkk_comic - app.py:587 - INFO - 正在下载第 008/017 页...
2026-03-05 03:57:17 - mkk_comic - app.py:587 - INFO - 正在下载第 009/017 页...
2026-03-05 03:57:18 - mkk_comic - app.py:587 - INFO - 正在下载第 010/017 页...
2026-03-05 03:57:18 - mkk_comic - app.py:587 - INFO - 正在下载第 011/017 页...
2026-03-05 03:57:18 - mkk_comic - app.py:587 - INFO - 正在下载第 012/017 页...
2026-03-05 03:57:18 - mkk_comic - app.py:587 - INFO - 正在下载第 013/017 页...
2026-03-05 03:57:18 - mkk_comic - app.py:587 - INFO - 正在下载第 014/017 页...
2026-03-05 03:57:18 - mkk_comic - app.py:587 - INFO - 正在下载第 015/017 页...
2026-03-05 03:57:18 - mkk_comic - app.py:587 - INFO - 正在下载第 016/017 页...
2026-03-05 03:57:18 - mkk_comic - app.py:587 - INFO - 正在下载第 017/017 页...
2026-03-05 03:57:18 - mkk_comic - app.py:511 - INFO - 下载完成!
2026-03-05 03:57:18 - mkk_comic - app.py:512 - INFO - 成功下载: 17/17 页
2026-03-05 03:57:18 - mkk_comic - app.py:523 - INFO - 章节下载完成，等待 7.1 秒后继续...
2026-03-05 03:57:26 - mkk_comic - app.py:494 - INFO - 正在下载第179章: 第155话    UUID:7a3a9c14-cb3e-11ee-b77f-55b00c27fb36
2026-03-05 03:57:26 - mkk_comic - app.py:502 - INFO - 创建目录: ./out/電鋸人/第155话
2026-03-05 03:57:26 - mkk_comic - app.py:505 - INFO - 开始下载: 電鋸人 - 第155话
2026-03-05 03:57:26 - mkk_comic - app.py:506 - INFO - 总页数: 16
2026-03-05 03:57:26 - mkk_comic - app.py:587 - INFO - 正在下载第 001/016 页...
2026-03-05 03:57:26 - mkk_comic - app.py:587 - INFO - 正在下载第 002/016 页...
2026-03-05 03:57:26 - mkk_comic - app.py:587 - INFO - 正在下载第 003/016 页...
2026-03-05 03:57:26 - mkk_comic - app.py:587 - INFO - 正在下载第 004/016 页...
2026-03-05 03:57:26 - mkk_comic - app.py:587 - INFO - 正在下载第 005/016 页...
2026-03-05 03:57:26 - mkk_comic - app.py:587 - INFO - 正在下载第 006/016 页...
2026-03-05 03:57:26 - mkk_comic - app.py:587 - INFO - 正在下载第 007/016 页...
2026-03-05 03:57:26 - mkk_comic - app.py:587 - INFO - 正在下载第 008/016 页...
2026-03-05 03:57:26 - mkk_comic - app.py:587 - INFO - 正在下载第 009/016 页...
2026-03-05 03:57:26 - mkk_comic - app.py:587 - INFO - 正在下载第 010/016 页...
2026-03-05 03:57:27 - mkk_comic - app.py:587 - INFO - 正在下载第 011/016 页...
2026-03-05 03:57:27 - mkk_comic - app.py:587 - INFO - 正在下载第 012/016 页...
2026-03-05 03:57:27 - mkk_comic - app.py:587 - INFO - 正在下载第 013/016 页...
2026-03-05 03:57:27 - mkk_comic - app.py:587 - INFO - 正在下载第 014/016 页...
2026-03-05 03:57:27 - mkk_comic - app.py:587 - INFO - 正在下载第 015/016 页...
2026-03-05 03:57:27 - mkk_comic - app.py:587 - INFO - 正在下载第 016/016 页...
2026-03-05 03:57:27 - mkk_comic - app.py:511 - INFO - 下载完成!
2026-03-05 03:57:27 - mkk_comic - app.py:512 - INFO - 成功下载: 16/16 页
2026-03-05 03:57:27 - mkk_comic - app.py:523 - INFO - 章节下载完成，等待 7.0 秒后继续...
2026-03-05 03:57:34 - mkk_comic - app.py:494 - INFO - 正在下载第180章: 第156话    UUID:0e44ffdc-d62d-11ee-be42-55b00c27fb36
2026-03-05 03:57:35 - mkk_comic - app.py:502 - INFO - 创建目录: ./out/電鋸人/第156话
2026-03-05 03:57:35 - mkk_comic - app.py:505 - INFO - 开始下载: 電鋸人 - 第156话
2026-03-05 03:57:35 - mkk_comic - app.py:506 - INFO - 总页数: 15
2026-03-05 03:57:35 - mkk_comic - app.py:587 - INFO - 正在下载第 001/015 页...
2026-03-05 03:57:35 - mkk_comic - app.py:587 - INFO - 正在下载第 002/015 页...
2026-03-05 03:57:35 - mkk_comic - app.py:587 - INFO - 正在下载第 003/015 页...
2026-03-05 03:57:35 - mkk_comic - app.py:587 - INFO - 正在下载第 004/015 页...
2026-03-05 03:57:35 - mkk_comic - app.py:587 - INFO - 正在下载第 005/015 页...
2026-03-05 03:57:35 - mkk_comic - app.py:587 - INFO - 正在下载第 006/015 页...
2026-03-05 03:57:35 - mkk_comic - app.py:587 - INFO - 正在下载第 007/015 页...
2026-03-05 03:57:35 - mkk_comic - app.py:587 - INFO - 正在下载第 008/015 页...
2026-03-05 03:57:35 - mkk_comic - app.py:587 - INFO - 正在下载第 009/015 页...
2026-03-05 03:57:35 - mkk_comic - app.py:587 - INFO - 正在下载第 010/015 页...
2026-03-05 03:57:35 - mkk_comic - app.py:587 - INFO - 正在下载第 011/015 页...
2026-03-05 03:57:35 - mkk_comic - app.py:587 - INFO - 正在下载第 012/015 页...
2026-03-05 03:57:35 - mkk_comic - app.py:587 - INFO - 正在下载第 013/015 页...
2026-03-05 03:57:35 - mkk_comic - app.py:587 - INFO - 正在下载第 014/015 页...
2026-03-05 03:57:35 - mkk_comic - app.py:587 - INFO - 正在下载第 015/015 页...
2026-03-05 03:57:36 - mkk_comic - app.py:511 - INFO - 下载完成!
2026-03-05 03:57:36 - mkk_comic - app.py:512 - INFO - 成功下载: 15/15 页
2026-03-05 03:57:36 - mkk_comic - app.py:523 - INFO - 章节下载完成，等待 8.3 秒后继续...
2026-03-05 03:57:44 - mkk_comic - app.py:494 - INFO - 正在下载第181章: 第157话    UUID:f1fb00c6-dc1a-11ee-8239-55b00c27fb36
2026-03-05 03:57:45 - mkk_comic - app.py:502 - INFO - 创建目录: ./out/電鋸人/第157话
2026-03-05 03:57:45 - mkk_comic - app.py:505 - INFO - 开始下载: 電鋸人 - 第157话
2026-03-05 03:57:45 - mkk_comic - app.py:506 - INFO - 总页数: 15
2026-03-05 03:57:45 - mkk_comic - app.py:587 - INFO - 正在下载第 001/015 页...
2026-03-05 03:57:45 - mkk_comic - app.py:587 - INFO - 正在下载第 002/015 页...
2026-03-05 03:57:45 - mkk_comic - app.py:587 - INFO - 正在下载第 003/015 页...
2026-03-05 03:57:45 - mkk_comic - app.py:587 - INFO - 正在下载第 004/015 页...
2026-03-05 03:57:45 - mkk_comic - app.py:587 - INFO - 正在下载第 005/015 页...
2026-03-05 03:57:45 - mkk_comic - app.py:587 - INFO - 正在下载第 006/015 页...
2026-03-05 03:57:45 - mkk_comic - app.py:587 - INFO - 正在下载第 007/015 页...
2026-03-05 03:57:45 - mkk_comic - app.py:587 - INFO - 正在下载第 008/015 页...
2026-03-05 03:57:45 - mkk_comic - app.py:587 - INFO - 正在下载第 009/015 页...
2026-03-05 03:57:45 - mkk_comic - app.py:587 - INFO - 正在下载第 010/015 页...
2026-03-05 03:57:45 - mkk_comic - app.py:587 - INFO - 正在下载第 011/015 页...
2026-03-05 03:57:45 - mkk_comic - app.py:587 - INFO - 正在下载第 012/015 页...
2026-03-05 03:57:45 - mkk_comic - app.py:587 - INFO - 正在下载第 013/015 页...
2026-03-05 03:57:45 - mkk_comic - app.py:587 - INFO - 正在下载第 014/015 页...
2026-03-05 03:57:45 - mkk_comic - app.py:587 - INFO - 正在下载第 015/015 页...
2026-03-05 03:57:46 - mkk_comic - app.py:511 - INFO - 下载完成!
2026-03-05 03:57:46 - mkk_comic - app.py:512 - INFO - 成功下载: 15/15 页
2026-03-05 03:57:46 - mkk_comic - app.py:523 - INFO - 章节下载完成，等待 9.0 秒后继续...
2026-03-05 03:57:56 - mkk_comic - app.py:494 - INFO - 正在下载第182章: 第158话    UUID:105cc35a-e135-11ee-8635-55b00c27fb36
2026-03-05 03:57:56 - mkk_comic - app.py:502 - INFO - 创建目录: ./out/電鋸人/第158话
2026-03-05 03:57:56 - mkk_comic - app.py:505 - INFO - 开始下载: 電鋸人 - 第158话
2026-03-05 03:57:56 - mkk_comic - app.py:506 - INFO - 总页数: 16
2026-03-05 03:57:56 - mkk_comic - app.py:587 - INFO - 正在下载第 001/016 页...
2026-03-05 03:57:56 - mkk_comic - app.py:587 - INFO - 正在下载第 002/016 页...
2026-03-05 03:57:56 - mkk_comic - app.py:587 - INFO - 正在下载第 003/016 页...
2026-03-05 03:57:56 - mkk_comic - app.py:587 - INFO - 正在下载第 004/016 页...
2026-03-05 03:57:56 - mkk_comic - app.py:587 - INFO - 正在下载第 005/016 页...
2026-03-05 03:57:57 - mkk_comic - app.py:587 - INFO - 正在下载第 006/016 页...
2026-03-05 03:57:57 - mkk_comic - app.py:587 - INFO - 正在下载第 007/016 页...
2026-03-05 03:57:57 - mkk_comic - app.py:587 - INFO - 正在下载第 008/016 页...
2026-03-05 03:57:57 - mkk_comic - app.py:587 - INFO - 正在下载第 009/016 页...
2026-03-05 03:57:57 - mkk_comic - app.py:587 - INFO - 正在下载第 010/016 页...
2026-03-05 03:57:57 - mkk_comic - app.py:587 - INFO - 正在下载第 011/016 页...
2026-03-05 03:57:57 - mkk_comic - app.py:587 - INFO - 正在下载第 012/016 页...
2026-03-05 03:57:57 - mkk_comic - app.py:587 - INFO - 正在下载第 013/016 页...
2026-03-05 03:57:57 - mkk_comic - app.py:587 - INFO - 正在下载第 014/016 页...
2026-03-05 03:57:57 - mkk_comic - app.py:587 - INFO - 正在下载第 015/016 页...
2026-03-05 03:57:57 - mkk_comic - app.py:587 - INFO - 正在下载第 016/016 页...
2026-03-05 03:57:57 - mkk_comic - app.py:511 - INFO - 下载完成!
2026-03-05 03:57:57 - mkk_comic - app.py:512 - INFO - 成功下载: 16/16 页
2026-03-05 03:57:57 - mkk_comic - app.py:523 - INFO - 章节下载完成，等待 5.3 秒后继续...
2026-03-05 03:58:03 - mkk_comic - app.py:494 - INFO - 正在下载第183章: 第159话    UUID:77b0435a-e735-11ee-8a62-55b00c27fb36
2026-03-05 03:58:04 - mkk_comic - app.py:502 - INFO - 创建目录: ./out/電鋸人/第159话
2026-03-05 03:58:04 - mkk_comic - app.py:505 - INFO - 开始下载: 電鋸人 - 第159话
2026-03-05 03:58:04 - mkk_comic - app.py:506 - INFO - 总页数: 16
2026-03-05 03:58:04 - mkk_comic - app.py:587 - INFO - 正在下载第 001/016 页...
2026-03-05 03:58:04 - mkk_comic - app.py:587 - INFO - 正在下载第 002/016 页...
2026-03-05 03:58:04 - mkk_comic - app.py:587 - INFO - 正在下载第 003/016 页...
2026-03-05 03:58:04 - mkk_comic - app.py:587 - INFO - 正在下载第 004/016 页...
2026-03-05 03:58:04 - mkk_comic - app.py:587 - INFO - 正在下载第 005/016 页...
2026-03-05 03:58:04 - mkk_comic - app.py:587 - INFO - 正在下载第 006/016 页...
2026-03-05 03:58:04 - mkk_comic - app.py:587 - INFO - 正在下载第 007/016 页...
2026-03-05 03:58:04 - mkk_comic - app.py:587 - INFO - 正在下载第 008/016 页...
2026-03-05 03:58:04 - mkk_comic - app.py:587 - INFO - 正在下载第 009/016 页...
2026-03-05 03:58:04 - mkk_comic - app.py:587 - INFO - 正在下载第 010/016 页...
2026-03-05 03:58:04 - mkk_comic - app.py:587 - INFO - 正在下载第 011/016 页...
2026-03-05 03:58:04 - mkk_comic - app.py:587 - INFO - 正在下载第 012/016 页...
2026-03-05 03:58:04 - mkk_comic - app.py:587 - INFO - 正在下载第 013/016 页...
2026-03-05 03:58:04 - mkk_comic - app.py:587 - INFO - 正在下载第 014/016 页...
2026-03-05 03:58:04 - mkk_comic - app.py:587 - INFO - 正在下载第 015/016 页...
2026-03-05 03:58:04 - mkk_comic - app.py:587 - INFO - 正在下载第 016/016 页...
2026-03-05 03:58:04 - mkk_comic - app.py:511 - INFO - 下载完成!
2026-03-05 03:58:04 - mkk_comic - app.py:512 - INFO - 成功下载: 16/16 页
2026-03-05 03:58:04 - mkk_comic - app.py:523 - INFO - 章节下载完成，等待 8.0 秒后继续...
2026-03-05 03:58:13 - mkk_comic - app.py:494 - INFO - 正在下载第184章: 第160话    UUID:698dc3e6-ecae-11ee-8daa-55b00c27fb36
2026-03-05 03:58:14 - mkk_comic - app.py:502 - INFO - 创建目录: ./out/電鋸人/第160话
2026-03-05 03:58:14 - mkk_comic - app.py:505 - INFO - 开始下载: 電鋸人 - 第160话
2026-03-05 03:58:14 - mkk_comic - app.py:506 - INFO - 总页数: 16
2026-03-05 03:58:14 - mkk_comic - app.py:587 - INFO - 正在下载第 001/016 页...
2026-03-05 03:58:14 - mkk_comic - app.py:587 - INFO - 正在下载第 002/016 页...
2026-03-05 03:58:14 - mkk_comic - app.py:587 - INFO - 正在下载第 003/016 页...
2026-03-05 03:58:14 - mkk_comic - app.py:587 - INFO - 正在下载第 004/016 页...
2026-03-05 03:58:14 - mkk_comic - app.py:587 - INFO - 正在下载第 005/016 页...
2026-03-05 03:58:14 - mkk_comic - app.py:587 - INFO - 正在下载第 006/016 页...
2026-03-05 03:58:14 - mkk_comic - app.py:587 - INFO - 正在下载第 007/016 页...
2026-03-05 03:58:14 - mkk_comic - app.py:587 - INFO - 正在下载第 008/016 页...
2026-03-05 03:58:14 - mkk_comic - app.py:587 - INFO - 正在下载第 009/016 页...
2026-03-05 03:58:14 - mkk_comic - app.py:587 - INFO - 正在下载第 010/016 页...
2026-03-05 03:58:14 - mkk_comic - app.py:587 - INFO - 正在下载第 011/016 页...
2026-03-05 03:58:14 - mkk_comic - app.py:587 - INFO - 正在下载第 012/016 页...
2026-03-05 03:58:14 - mkk_comic - app.py:587 - INFO - 正在下载第 013/016 页...
2026-03-05 03:58:14 - mkk_comic - app.py:587 - INFO - 正在下载第 014/016 页...
2026-03-05 03:58:14 - mkk_comic - app.py:587 - INFO - 正在下载第 015/016 页...
2026-03-05 03:58:14 - mkk_comic - app.py:587 - INFO - 正在下载第 016/016 页...
2026-03-05 03:58:14 - mkk_comic - app.py:511 - INFO - 下载完成!
2026-03-05 03:58:14 - mkk_comic - app.py:512 - INFO - 成功下载: 16/16 页
2026-03-05 03:58:14 - mkk_comic - app.py:523 - INFO - 章节下载完成，等待 9.2 秒后继续...
2026-03-05 03:58:24 - mkk_comic - app.py:494 - INFO - 正在下载第185章: 第161话    UUID:b443b5ec-f192-11ee-9105-69ffca9e099a
2026-03-05 03:58:25 - mkk_comic - app.py:502 - INFO - 创建目录: ./out/電鋸人/第161话
2026-03-05 03:58:25 - mkk_comic - app.py:505 - INFO - 开始下载: 電鋸人 - 第161话
2026-03-05 03:58:25 - mkk_comic - app.py:506 - INFO - 总页数: 16
2026-03-05 03:58:25 - mkk_comic - app.py:587 - INFO - 正在下载第 001/016 页...
2026-03-05 03:58:25 - mkk_comic - app.py:587 - INFO - 正在下载第 002/016 页...
2026-03-05 03:58:25 - mkk_comic - app.py:587 - INFO - 正在下载第 003/016 页...
2026-03-05 03:58:25 - mkk_comic - app.py:587 - INFO - 正在下载第 004/016 页...
2026-03-05 03:58:25 - mkk_comic - app.py:587 - INFO - 正在下载第 005/016 页...
2026-03-05 03:58:25 - mkk_comic - app.py:587 - INFO - 正在下载第 006/016 页...
2026-03-05 03:58:25 - mkk_comic - app.py:587 - INFO - 正在下载第 007/016 页...
2026-03-05 03:58:25 - mkk_comic - app.py:587 - INFO - 正在下载第 008/016 页...
2026-03-05 03:58:25 - mkk_comic - app.py:587 - INFO - 正在下载第 009/016 页...
2026-03-05 03:58:25 - mkk_comic - app.py:587 - INFO - 正在下载第 010/016 页...
2026-03-05 03:58:25 - mkk_comic - app.py:587 - INFO - 正在下载第 011/016 页...
2026-03-05 03:58:25 - mkk_comic - app.py:587 - INFO - 正在下载第 012/016 页...
2026-03-05 03:58:25 - mkk_comic - app.py:587 - INFO - 正在下载第 013/016 页...
2026-03-05 03:58:25 - mkk_comic - app.py:587 - INFO - 正在下载第 014/016 页...
2026-03-05 03:58:25 - mkk_comic - app.py:587 - INFO - 正在下载第 015/016 页...
2026-03-05 03:58:25 - mkk_comic - app.py:587 - INFO - 正在下载第 016/016 页...
2026-03-05 03:58:25 - mkk_comic - app.py:511 - INFO - 下载完成!
2026-03-05 03:58:25 - mkk_comic - app.py:512 - INFO - 成功下载: 16/16 页
2026-03-05 03:58:25 - mkk_comic - app.py:523 - INFO - 章节下载完成，等待 8.5 秒后继续...
2026-03-05 03:58:34 - mkk_comic - app.py:494 - INFO - 正在下载第186章: 第162话    UUID:89ef1d56-f730-11ee-932f-69ffca9e099a
2026-03-05 03:58:35 - mkk_comic - app.py:502 - INFO - 创建目录: ./out/電鋸人/第162话
2026-03-05 03:58:35 - mkk_comic - app.py:505 - INFO - 开始下载: 電鋸人 - 第162话
2026-03-05 03:58:35 - mkk_comic - app.py:506 - INFO - 总页数: 17
2026-03-05 03:58:35 - mkk_comic - app.py:587 - INFO - 正在下载第 001/017 页...
2026-03-05 03:58:35 - mkk_comic - app.py:587 - INFO - 正在下载第 002/017 页...
2026-03-05 03:58:35 - mkk_comic - app.py:587 - INFO - 正在下载第 003/017 页...
2026-03-05 03:58:35 - mkk_comic - app.py:587 - INFO - 正在下载第 004/017 页...
2026-03-05 03:58:35 - mkk_comic - app.py:587 - INFO - 正在下载第 005/017 页...
2026-03-05 03:58:35 - mkk_comic - app.py:587 - INFO - 正在下载第 006/017 页...
2026-03-05 03:58:35 - mkk_comic - app.py:587 - INFO - 正在下载第 007/017 页...
2026-03-05 03:58:35 - mkk_comic - app.py:587 - INFO - 正在下载第 008/017 页...
2026-03-05 03:58:35 - mkk_comic - app.py:587 - INFO - 正在下载第 009/017 页...
2026-03-05 03:58:35 - mkk_comic - app.py:587 - INFO - 正在下载第 010/017 页...
2026-03-05 03:58:35 - mkk_comic - app.py:587 - INFO - 正在下载第 011/017 页...
2026-03-05 03:58:35 - mkk_comic - app.py:587 - INFO - 正在下载第 012/017 页...
2026-03-05 03:58:35 - mkk_comic - app.py:587 - INFO - 正在下载第 013/017 页...
2026-03-05 03:58:35 - mkk_comic - app.py:587 - INFO - 正在下载第 014/017 页...
2026-03-05 03:58:35 - mkk_comic - app.py:587 - INFO - 正在下载第 015/017 页...
2026-03-05 03:58:35 - mkk_comic - app.py:587 - INFO - 正在下载第 016/017 页...
2026-03-05 03:58:35 - mkk_comic - app.py:587 - INFO - 正在下载第 017/017 页...
2026-03-05 03:58:35 - mkk_comic - app.py:511 - INFO - 下载完成!
2026-03-05 03:58:35 - mkk_comic - app.py:512 - INFO - 成功下载: 17/17 页
2026-03-05 03:58:35 - mkk_comic - app.py:523 - INFO - 章节下载完成，等待 6.2 秒后继续...
2026-03-05 03:58:42 - mkk_comic - app.py:494 - INFO - 正在下载第187章: 第163话    UUID:559e330a-020e-11ef-83ac-3f487b7d9a9a
2026-03-05 03:58:43 - mkk_comic - app.py:502 - INFO - 创建目录: ./out/電鋸人/第163话
2026-03-05 03:58:43 - mkk_comic - app.py:505 - INFO - 开始下载: 電鋸人 - 第163话
2026-03-05 03:58:43 - mkk_comic - app.py:506 - INFO - 总页数: 17
2026-03-05 03:58:43 - mkk_comic - app.py:587 - INFO - 正在下载第 001/017 页...
2026-03-05 03:58:43 - mkk_comic - app.py:587 - INFO - 正在下载第 002/017 页...
2026-03-05 03:58:43 - mkk_comic - app.py:587 - INFO - 正在下载第 003/017 页...
2026-03-05 03:58:43 - mkk_comic - app.py:587 - INFO - 正在下载第 004/017 页...
2026-03-05 03:58:43 - mkk_comic - app.py:587 - INFO - 正在下载第 005/017 页...
2026-03-05 03:58:43 - mkk_comic - app.py:587 - INFO - 正在下载第 006/017 页...
2026-03-05 03:58:43 - mkk_comic - app.py:587 - INFO - 正在下载第 007/017 页...
2026-03-05 03:58:43 - mkk_comic - app.py:587 - INFO - 正在下载第 008/017 页...
2026-03-05 03:58:43 - mkk_comic - app.py:587 - INFO - 正在下载第 009/017 页...
2026-03-05 03:58:43 - mkk_comic - app.py:587 - INFO - 正在下载第 010/017 页...
2026-03-05 03:58:43 - mkk_comic - app.py:587 - INFO - 正在下载第 011/017 页...
2026-03-05 03:58:43 - mkk_comic - app.py:587 - INFO - 正在下载第 012/017 页...
2026-03-05 03:58:43 - mkk_comic - app.py:587 - INFO - 正在下载第 013/017 页...
2026-03-05 03:58:43 - mkk_comic - app.py:587 - INFO - 正在下载第 014/017 页...
2026-03-05 03:58:43 - mkk_comic - app.py:587 - INFO - 正在下载第 015/017 页...
2026-03-05 03:58:43 - mkk_comic - app.py:587 - INFO - 正在下载第 016/017 页...
2026-03-05 03:58:43 - mkk_comic - app.py:587 - INFO - 正在下载第 017/017 页...
2026-03-05 03:58:43 - mkk_comic - app.py:511 - INFO - 下载完成!
2026-03-05 03:58:43 - mkk_comic - app.py:512 - INFO - 成功下载: 17/17 页
2026-03-05 03:58:43 - mkk_comic - app.py:523 - INFO - 章节下载完成，等待 8.8 秒后继续...
2026-03-05 03:58:53 - mkk_comic - app.py:494 - INFO - 正在下载第188章: 第164话    UUID:d5e4968a-0781-11ef-84a5-3f487b7d9a9a
2026-03-05 03:58:53 - mkk_comic - app.py:502 - INFO - 创建目录: ./out/電鋸人/第164话
2026-03-05 03:58:53 - mkk_comic - app.py:505 - INFO - 开始下载: 電鋸人 - 第164话
2026-03-05 03:58:53 - mkk_comic - app.py:506 - INFO - 总页数: 16
2026-03-05 03:58:53 - mkk_comic - app.py:587 - INFO - 正在下载第 001/016 页...
2026-03-05 03:58:53 - mkk_comic - app.py:587 - INFO - 正在下载第 002/016 页...
2026-03-05 03:58:53 - mkk_comic - app.py:587 - INFO - 正在下载第 003/016 页...
2026-03-05 03:58:53 - mkk_comic - app.py:587 - INFO - 正在下载第 004/016 页...
2026-03-05 03:58:53 - mkk_comic - app.py:587 - INFO - 正在下载第 005/016 页...
2026-03-05 03:58:53 - mkk_comic - app.py:587 - INFO - 正在下载第 006/016 页...
2026-03-05 03:58:53 - mkk_comic - app.py:587 - INFO - 正在下载第 007/016 页...
2026-03-05 03:58:53 - mkk_comic - app.py:587 - INFO - 正在下载第 008/016 页...
2026-03-05 03:58:53 - mkk_comic - app.py:587 - INFO - 正在下载第 009/016 页...
2026-03-05 03:58:53 - mkk_comic - app.py:587 - INFO - 正在下载第 010/016 页...
2026-03-05 03:58:53 - mkk_comic - app.py:587 - INFO - 正在下载第 011/016 页...
2026-03-05 03:58:53 - mkk_comic - app.py:587 - INFO - 正在下载第 012/016 页...
2026-03-05 03:58:54 - mkk_comic - app.py:587 - INFO - 正在下载第 013/016 页...
2026-03-05 03:58:54 - mkk_comic - app.py:587 - INFO - 正在下载第 014/016 页...
2026-03-05 03:58:54 - mkk_comic - app.py:587 - INFO - 正在下载第 015/016 页...
2026-03-05 03:58:54 - mkk_comic - app.py:587 - INFO - 正在下载第 016/016 页...
2026-03-05 03:58:54 - mkk_comic - app.py:511 - INFO - 下载完成!
2026-03-05 03:58:54 - mkk_comic - app.py:512 - INFO - 成功下载: 16/16 页
2026-03-05 03:58:54 - mkk_comic - app.py:523 - INFO - 章节下载完成，等待 6.3 秒后继续...
2026-03-05 03:59:01 - mkk_comic - app.py:494 - INFO - 正在下载第189章: 第165话    UUID:018963dc-1296-11ef-8785-3f487b7d9a9a
2026-03-05 03:59:01 - mkk_comic - app.py:502 - INFO - 创建目录: ./out/電鋸人/第165话
2026-03-05 03:59:01 - mkk_comic - app.py:505 - INFO - 开始下载: 電鋸人 - 第165话
2026-03-05 03:59:01 - mkk_comic - app.py:506 - INFO - 总页数: 14
2026-03-05 03:59:01 - mkk_comic - app.py:587 - INFO - 正在下载第 001/014 页...
2026-03-05 03:59:01 - mkk_comic - app.py:587 - INFO - 正在下载第 002/014 页...
2026-03-05 03:59:01 - mkk_comic - app.py:587 - INFO - 正在下载第 003/014 页...
2026-03-05 03:59:01 - mkk_comic - app.py:587 - INFO - 正在下载第 004/014 页...
2026-03-05 03:59:01 - mkk_comic - app.py:587 - INFO - 正在下载第 005/014 页...
2026-03-05 03:59:01 - mkk_comic - app.py:587 - INFO - 正在下载第 006/014 页...
2026-03-05 03:59:01 - mkk_comic - app.py:587 - INFO - 正在下载第 007/014 页...
2026-03-05 03:59:01 - mkk_comic - app.py:587 - INFO - 正在下载第 008/014 页...
2026-03-05 03:59:01 - mkk_comic - app.py:587 - INFO - 正在下载第 009/014 页...
2026-03-05 03:59:01 - mkk_comic - app.py:587 - INFO - 正在下载第 010/014 页...
2026-03-05 03:59:01 - mkk_comic - app.py:587 - INFO - 正在下载第 011/014 页...
2026-03-05 03:59:01 - mkk_comic - app.py:587 - INFO - 正在下载第 012/014 页...
2026-03-05 03:59:01 - mkk_comic - app.py:587 - INFO - 正在下载第 013/014 页...
2026-03-05 03:59:01 - mkk_comic - app.py:587 - INFO - 正在下载第 014/014 页...
2026-03-05 03:59:02 - mkk_comic - app.py:511 - INFO - 下载完成!
2026-03-05 03:59:02 - mkk_comic - app.py:512 - INFO - 成功下载: 14/14 页
2026-03-05 03:59:02 - mkk_comic - app.py:523 - INFO - 章节下载完成，等待 8.5 秒后继续...
2026-03-05 03:59:10 - mkk_comic - app.py:863 - INFO - ===== 检查更新完成 =====

