2026-02-27 03:55:20 - mkk_comic - app.py:863 - INFO - 运行环境：GitHub Actions（自动化模式）
2026-02-27 03:55:20 - mkk_comic - app.py:820 - INFO - ===== 开始检查更新=====
2026-02-27 03:55:20 - mkk_comic - app.py:838 - INFO - 【海贼王】上次下载至第84章
2026-02-27 03:55:21 - mkk_comic - app.py:845 - INFO - 【海贼王】检测到更新！最新：379章
2026-02-27 03:55:21 - mkk_comic - app.py:848 - INFO - 【海贼王】最大下载限制为5章-需下载85~89章）
2026-02-27 03:55:21 - mkk_comic - app.py:494 - INFO - 正在下载第85章: 85卷    UUID:91aa1598-c7d9-11e8-882e-024352452ce0
2026-02-27 03:55:22 - mkk_comic - app.py:502 - INFO - 创建目录: ./out/海贼王/85卷
2026-02-27 03:55:22 - mkk_comic - app.py:505 - INFO - 开始下载: 海贼王 - 85卷
2026-02-27 03:55:22 - mkk_comic - app.py:506 - INFO - 总页数: 190
2026-02-27 03:55:22 - mkk_comic - app.py:582 - INFO - 正在下载第 001/190 页...
2026-02-27 03:55:22 - mkk_comic - app.py:582 - INFO - 正在下载第 002/190 页...
2026-02-27 03:55:22 - mkk_comic - app.py:582 - INFO - 正在下载第 003/190 页...
2026-02-27 03:55:22 - mkk_comic - app.py:582 - INFO - 正在下载第 004/190 页...
2026-02-27 03:55:22 - mkk_comic - app.py:582 - INFO - 正在下载第 005/190 页...
2026-02-27 03:55:23 - mkk_comic - app.py:582 - INFO - 正在下载第 006/190 页...
2026-02-27 03:55:23 - mkk_comic - app.py:582 - INFO - 正在下载第 007/190 页...
2026-02-27 03:55:23 - mkk_comic - app.py:582 - INFO - 正在下载第 008/190 页...
2026-02-27 03:55:23 - mkk_comic - app.py:582 - INFO - 正在下载第 009/190 页...
2026-02-27 03:55:23 - mkk_comic - app.py:582 - INFO - 正在下载第 010/190 页...
2026-02-27 03:55:23 - mkk_comic - app.py:582 - INFO - 正在下载第 011/190 页...
2026-02-27 03:55:23 - mkk_comic - app.py:582 - INFO - 正在下载第 012/190 页...
2026-02-27 03:55:23 - mkk_comic - app.py:582 - INFO - 正在下载第 013/190 页...
2026-02-27 03:55:23 - mkk_comic - app.py:582 - INFO - 正在下载第 014/190 页...
2026-02-27 03:55:23 - mkk_comic - app.py:582 - INFO - 正在下载第 015/190 页...
2026-02-27 03:55:23 - mkk_comic - app.py:582 - INFO - 正在下载第 016/190 页...
2026-02-27 03:55:23 - mkk_comic - app.py:582 - INFO - 正在下载第 017/190 页...
2026-02-27 03:55:23 - mkk_comic - app.py:582 - INFO - 正在下载第 018/190 页...
2026-02-27 03:55:23 - mkk_comic - app.py:582 - INFO - 正在下载第 019/190 页...
2026-02-27 03:55:23 - mkk_comic - app.py:582 - INFO - 正在下载第 020/190 页...
2026-02-27 03:55:23 - mkk_comic - app.py:582 - INFO - 正在下载第 021/190 页...
2026-02-27 03:55:23 - mkk_comic - app.py:582 - INFO - 正在下载第 022/190 页...
2026-02-27 03:55:23 - mkk_comic - app.py:582 - INFO - 正在下载第 023/190 页...
2026-02-27 03:55:23 - mkk_comic - app.py:582 - INFO - 正在下载第 024/190 页...
2026-02-27 03:55:23 - mkk_comic - app.py:582 - INFO - 正在下载第 025/190 页...
2026-02-27 03:55:23 - mkk_comic - app.py:582 - INFO - 正在下载第 026/190 页...
2026-02-27 03:55:23 - mkk_comic - app.py:582 - INFO - 正在下载第 027/190 页...
2026-02-27 03:55:23 - mkk_comic - app.py:582 - INFO - 正在下载第 028/190 页...
2026-02-27 03:55:23 - mkk_comic - app.py:582 - INFO - 正在下载第 029/190 页...
2026-02-27 03:55:23 - mkk_comic - app.py:582 - INFO - 正在下载第 030/190 页...
2026-02-27 03:55:23 - mkk_comic - app.py:582 - INFO - 正在下载第 031/190 页...
2026-02-27 03:55:23 - mkk_comic - app.py:582 - INFO - 正在下载第 032/190 页...
2026-02-27 03:55:23 - mkk_comic - app.py:582 - INFO - 正在下载第 033/190 页...
2026-02-27 03:55:23 - mkk_comic - app.py:582 - INFO - 正在下载第 034/190 页...
2026-02-27 03:55:23 - mkk_comic - app.py:582 - INFO - 正在下载第 035/190 页...
2026-02-27 03:55:24 - mkk_comic - app.py:582 - INFO - 正在下载第 036/190 页...
2026-02-27 03:55:24 - mkk_comic - app.py:582 - INFO - 正在下载第 037/190 页...
2026-02-27 03:55:24 - mkk_comic - app.py:582 - INFO - 正在下载第 038/190 页...
2026-02-27 03:55:24 - mkk_comic - app.py:582 - INFO - 正在下载第 039/190 页...
2026-02-27 03:55:24 - mkk_comic - app.py:582 - INFO - 正在下载第 040/190 页...
2026-02-27 03:55:24 - mkk_comic - app.py:582 - INFO - 正在下载第 041/190 页...
2026-02-27 03:55:24 - mkk_comic - app.py:582 - INFO - 正在下载第 042/190 页...
2026-02-27 03:55:24 - mkk_comic - app.py:582 - INFO - 正在下载第 043/190 页...
2026-02-27 03:55:24 - mkk_comic - app.py:582 - INFO - 正在下载第 044/190 页...
2026-02-27 03:55:24 - mkk_comic - app.py:582 - INFO - 正在下载第 045/190 页...
2026-02-27 03:55:24 - mkk_comic - app.py:582 - INFO - 正在下载第 046/190 页...
2026-02-27 03:55:24 - mkk_comic - app.py:582 - INFO - 正在下载第 047/190 页...
2026-02-27 03:55:24 - mkk_comic - app.py:582 - INFO - 正在下载第 048/190 页...
2026-02-27 03:55:24 - mkk_comic - app.py:582 - INFO - 正在下载第 049/190 页...
2026-02-27 03:55:24 - mkk_comic - app.py:582 - INFO - 正在下载第 050/190 页...
2026-02-27 03:55:24 - mkk_comic - app.py:582 - INFO - 正在下载第 051/190 页...
2026-02-27 03:55:24 - mkk_comic - app.py:582 - INFO - 正在下载第 052/190 页...
2026-02-27 03:55:24 - mkk_comic - app.py:582 - INFO - 正在下载第 053/190 页...
2026-02-27 03:55:24 - mkk_comic - app.py:582 - INFO - 正在下载第 054/190 页...
2026-02-27 03:55:24 - mkk_comic - app.py:582 - INFO - 正在下载第 055/190 页...
2026-02-27 03:55:24 - mkk_comic - app.py:582 - INFO - 正在下载第 056/190 页...
2026-02-27 03:55:24 - mkk_comic - app.py:582 - INFO - 正在下载第 057/190 页...
2026-02-27 03:55:24 - mkk_comic - app.py:582 - INFO - 正在下载第 058/190 页...
2026-02-27 03:55:24 - mkk_comic - app.py:582 - INFO - 正在下载第 059/190 页...
2026-02-27 03:55:24 - mkk_comic - app.py:582 - INFO - 正在下载第 060/190 页...
2026-02-27 03:55:24 - mkk_comic - app.py:582 - INFO - 正在下载第 061/190 页...
2026-02-27 03:55:24 - mkk_comic - app.py:582 - INFO - 正在下载第 062/190 页...
2026-02-27 03:55:24 - mkk_comic - app.py:582 - INFO - 正在下载第 063/190 页...
2026-02-27 03:55:24 - mkk_comic - app.py:582 - INFO - 正在下载第 064/190 页...
2026-02-27 03:55:25 - mkk_comic - app.py:582 - INFO - 正在下载第 065/190 页...
2026-02-27 03:55:25 - mkk_comic - app.py:582 - INFO - 正在下载第 066/190 页...
2026-02-27 03:55:25 - mkk_comic - app.py:582 - INFO - 正在下载第 067/190 页...
2026-02-27 03:55:25 - mkk_comic - app.py:582 - INFO - 正在下载第 068/190 页...
2026-02-27 03:55:25 - mkk_comic - app.py:582 - INFO - 正在下载第 069/190 页...
2026-02-27 03:55:25 - mkk_comic - app.py:582 - INFO - 正在下载第 070/190 页...
2026-02-27 03:55:25 - mkk_comic - app.py:582 - INFO - 正在下载第 071/190 页...
2026-02-27 03:55:25 - mkk_comic - app.py:582 - INFO - 正在下载第 072/190 页...
2026-02-27 03:55:25 - mkk_comic - app.py:582 - INFO - 正在下载第 073/190 页...
2026-02-27 03:55:25 - mkk_comic - app.py:582 - INFO - 正在下载第 074/190 页...
2026-02-27 03:55:25 - mkk_comic - app.py:582 - INFO - 正在下载第 075/190 页...
2026-02-27 03:55:25 - mkk_comic - app.py:582 - INFO - 正在下载第 076/190 页...
2026-02-27 03:55:25 - mkk_comic - app.py:582 - INFO - 正在下载第 077/190 页...
2026-02-27 03:55:25 - mkk_comic - app.py:582 - INFO - 正在下载第 078/190 页...
2026-02-27 03:55:25 - mkk_comic - app.py:582 - INFO - 正在下载第 079/190 页...
2026-02-27 03:55:25 - mkk_comic - app.py:582 - INFO - 正在下载第 080/190 页...
2026-02-27 03:55:25 - mkk_comic - app.py:582 - INFO - 正在下载第 081/190 页...
2026-02-27 03:55:25 - mkk_comic - app.py:582 - INFO - 正在下载第 082/190 页...
2026-02-27 03:55:25 - mkk_comic - app.py:582 - INFO - 正在下载第 083/190 页...
2026-02-27 03:55:25 - mkk_comic - app.py:582 - INFO - 正在下载第 084/190 页...
2026-02-27 03:55:25 - mkk_comic - app.py:582 - INFO - 正在下载第 085/190 页...
2026-02-27 03:55:25 - mkk_comic - app.py:582 - INFO - 正在下载第 086/190 页...
2026-02-27 03:55:25 - mkk_comic - app.py:582 - INFO - 正在下载第 087/190 页...
2026-02-27 03:55:25 - mkk_comic - app.py:582 - INFO - 正在下载第 088/190 页...
2026-02-27 03:55:25 - mkk_comic - app.py:582 - INFO - 正在下载第 089/190 页...
2026-02-27 03:55:25 - mkk_comic - app.py:582 - INFO - 正在下载第 090/190 页...
2026-02-27 03:55:25 - mkk_comic - app.py:582 - INFO - 正在下载第 091/190 页...
2026-02-27 03:55:25 - mkk_comic - app.py:582 - INFO - 正在下载第 092/190 页...
2026-02-27 03:55:25 - mkk_comic - app.py:582 - INFO - 正在下载第 093/190 页...
2026-02-27 03:55:25 - mkk_comic - app.py:582 - INFO - 正在下载第 094/190 页...
2026-02-27 03:55:25 - mkk_comic - app.py:582 - INFO - 正在下载第 095/190 页...
2026-02-27 03:55:25 - mkk_comic - app.py:582 - INFO - 正在下载第 096/190 页...
2026-02-27 03:55:26 - mkk_comic - app.py:582 - INFO - 正在下载第 097/190 页...
2026-02-27 03:55:26 - mkk_comic - app.py:582 - INFO - 正在下载第 098/190 页...
2026-02-27 03:55:26 - mkk_comic - app.py:582 - INFO - 正在下载第 099/190 页...
2026-02-27 03:55:26 - mkk_comic - app.py:582 - INFO - 正在下载第 100/190 页...
2026-02-27 03:55:26 - mkk_comic - app.py:582 - INFO - 正在下载第 101/190 页...
2026-02-27 03:55:26 - mkk_comic - app.py:582 - INFO - 正在下载第 102/190 页...
2026-02-27 03:55:26 - mkk_comic - app.py:582 - INFO - 正在下载第 103/190 页...
2026-02-27 03:55:26 - mkk_comic - app.py:582 - INFO - 正在下载第 104/190 页...
2026-02-27 03:55:26 - mkk_comic - app.py:582 - INFO - 正在下载第 105/190 页...
2026-02-27 03:55:26 - mkk_comic - app.py:582 - INFO - 正在下载第 106/190 页...
2026-02-27 03:55:26 - mkk_comic - app.py:582 - INFO - 正在下载第 107/190 页...
2026-02-27 03:55:26 - mkk_comic - app.py:582 - INFO - 正在下载第 108/190 页...
2026-02-27 03:55:26 - mkk_comic - app.py:582 - INFO - 正在下载第 109/190 页...
2026-02-27 03:55:26 - mkk_comic - app.py:582 - INFO - 正在下载第 110/190 页...
2026-02-27 03:55:26 - mkk_comic - app.py:582 - INFO - 正在下载第 111/190 页...
2026-02-27 03:55:26 - mkk_comic - app.py:582 - INFO - 正在下载第 112/190 页...
2026-02-27 03:55:26 - mkk_comic - app.py:582 - INFO - 正在下载第 113/190 页...
2026-02-27 03:55:26 - mkk_comic - app.py:582 - INFO - 正在下载第 114/190 页...
2026-02-27 03:55:26 - mkk_comic - app.py:582 - INFO - 正在下载第 115/190 页...
2026-02-27 03:55:26 - mkk_comic - app.py:582 - INFO - 正在下载第 116/190 页...
2026-02-27 03:55:26 - mkk_comic - app.py:582 - INFO - 正在下载第 117/190 页...
2026-02-27 03:55:26 - mkk_comic - app.py:582 - INFO - 正在下载第 118/190 页...
2026-02-27 03:55:26 - mkk_comic - app.py:582 - INFO - 正在下载第 119/190 页...
2026-02-27 03:55:26 - mkk_comic - app.py:582 - INFO - 正在下载第 120/190 页...
2026-02-27 03:55:26 - mkk_comic - app.py:582 - INFO - 正在下载第 121/190 页...
2026-02-27 03:55:26 - mkk_comic - app.py:582 - INFO - 正在下载第 122/190 页...
2026-02-27 03:55:26 - mkk_comic - app.py:582 - INFO - 正在下载第 123/190 页...
2026-02-27 03:55:27 - mkk_comic - app.py:582 - INFO - 正在下载第 124/190 页...
2026-02-27 03:55:27 - mkk_comic - app.py:582 - INFO - 正在下载第 125/190 页...
2026-02-27 03:55:27 - mkk_comic - app.py:582 - INFO - 正在下载第 126/190 页...
2026-02-27 03:55:27 - mkk_comic - app.py:582 - INFO - 正在下载第 127/190 页...
2026-02-27 03:55:27 - mkk_comic - app.py:582 - INFO - 正在下载第 128/190 页...
2026-02-27 03:55:27 - mkk_comic - app.py:582 - INFO - 正在下载第 129/190 页...
2026-02-27 03:55:27 - mkk_comic - app.py:582 - INFO - 正在下载第 130/190 页...
2026-02-27 03:55:27 - mkk_comic - app.py:582 - INFO - 正在下载第 131/190 页...
2026-02-27 03:55:27 - mkk_comic - app.py:582 - INFO - 正在下载第 132/190 页...
2026-02-27 03:55:27 - mkk_comic - app.py:582 - INFO - 正在下载第 133/190 页...
2026-02-27 03:55:27 - mkk_comic - app.py:582 - INFO - 正在下载第 134/190 页...
2026-02-27 03:55:27 - mkk_comic - app.py:582 - INFO - 正在下载第 135/190 页...
2026-02-27 03:55:27 - mkk_comic - app.py:582 - INFO - 正在下载第 136/190 页...
2026-02-27 03:55:27 - mkk_comic - app.py:582 - INFO - 正在下载第 137/190 页...
2026-02-27 03:55:27 - mkk_comic - app.py:582 - INFO - 正在下载第 138/190 页...
2026-02-27 03:55:27 - mkk_comic - app.py:582 - INFO - 正在下载第 139/190 页...
2026-02-27 03:55:27 - mkk_comic - app.py:582 - INFO - 正在下载第 140/190 页...
2026-02-27 03:55:27 - mkk_comic - app.py:582 - INFO - 正在下载第 141/190 页...
2026-02-27 03:55:27 - mkk_comic - app.py:582 - INFO - 正在下载第 142/190 页...
2026-02-27 03:55:27 - mkk_comic - app.py:582 - INFO - 正在下载第 143/190 页...
2026-02-27 03:55:27 - mkk_comic - app.py:582 - INFO - 正在下载第 144/190 页...
2026-02-27 03:55:27 - mkk_comic - app.py:582 - INFO - 正在下载第 145/190 页...
2026-02-27 03:55:27 - mkk_comic - app.py:582 - INFO - 正在下载第 146/190 页...
2026-02-27 03:55:27 - mkk_comic - app.py:582 - INFO - 正在下载第 147/190 页...
2026-02-27 03:55:27 - mkk_comic - app.py:582 - INFO - 正在下载第 148/190 页...
2026-02-27 03:55:27 - mkk_comic - app.py:582 - INFO - 正在下载第 149/190 页...
2026-02-27 03:55:28 - mkk_comic - app.py:582 - INFO - 正在下载第 150/190 页...
2026-02-27 03:55:28 - mkk_comic - app.py:582 - INFO - 正在下载第 151/190 页...
2026-02-27 03:55:28 - mkk_comic - app.py:582 - INFO - 正在下载第 152/190 页...
2026-02-27 03:55:28 - mkk_comic - app.py:582 - INFO - 正在下载第 153/190 页...
2026-02-27 03:55:28 - mkk_comic - app.py:582 - INFO - 正在下载第 154/190 页...
2026-02-27 03:55:28 - mkk_comic - app.py:582 - INFO - 正在下载第 155/190 页...
2026-02-27 03:55:28 - mkk_comic - app.py:582 - INFO - 正在下载第 156/190 页...
2026-02-27 03:55:28 - mkk_comic - app.py:582 - INFO - 正在下载第 157/190 页...
2026-02-27 03:55:28 - mkk_comic - app.py:582 - INFO - 正在下载第 158/190 页...
2026-02-27 03:55:28 - mkk_comic - app.py:582 - INFO - 正在下载第 159/190 页...
2026-02-27 03:55:28 - mkk_comic - app.py:582 - INFO - 正在下载第 160/190 页...
2026-02-27 03:55:28 - mkk_comic - app.py:582 - INFO - 正在下载第 161/190 页...
2026-02-27 03:55:28 - mkk_comic - app.py:582 - INFO - 正在下载第 162/190 页...
2026-02-27 03:55:28 - mkk_comic - app.py:582 - INFO - 正在下载第 163/190 页...
2026-02-27 03:55:28 - mkk_comic - app.py:582 - INFO - 正在下载第 164/190 页...
2026-02-27 03:55:28 - mkk_comic - app.py:582 - INFO - 正在下载第 165/190 页...
2026-02-27 03:55:28 - mkk_comic - app.py:582 - INFO - 正在下载第 166/190 页...
2026-02-27 03:55:28 - mkk_comic - app.py:582 - INFO - 正在下载第 167/190 页...
2026-02-27 03:55:28 - mkk_comic - app.py:582 - INFO - 正在下载第 168/190 页...
2026-02-27 03:55:28 - mkk_comic - app.py:582 - INFO - 正在下载第 169/190 页...
2026-02-27 03:55:28 - mkk_comic - app.py:582 - INFO - 正在下载第 170/190 页...
2026-02-27 03:55:28 - mkk_comic - app.py:582 - INFO - 正在下载第 171/190 页...
2026-02-27 03:55:28 - mkk_comic - app.py:582 - INFO - 正在下载第 172/190 页...
2026-02-27 03:55:28 - mkk_comic - app.py:582 - INFO - 正在下载第 173/190 页...
2026-02-27 03:55:28 - mkk_comic - app.py:582 - INFO - 正在下载第 174/190 页...
2026-02-27 03:55:29 - mkk_comic - app.py:582 - INFO - 正在下载第 175/190 页...
2026-02-27 03:55:29 - mkk_comic - app.py:582 - INFO - 正在下载第 176/190 页...
2026-02-27 03:55:29 - mkk_comic - app.py:582 - INFO - 正在下载第 177/190 页...
2026-02-27 03:55:29 - mkk_comic - app.py:582 - INFO - 正在下载第 178/190 页...
2026-02-27 03:55:29 - mkk_comic - app.py:582 - INFO - 正在下载第 179/190 页...
2026-02-27 03:55:29 - mkk_comic - app.py:582 - INFO - 正在下载第 180/190 页...
2026-02-27 03:55:29 - mkk_comic - app.py:582 - INFO - 正在下载第 181/190 页...
2026-02-27 03:55:29 - mkk_comic - app.py:582 - INFO - 正在下载第 182/190 页...
2026-02-27 03:55:29 - mkk_comic - app.py:582 - INFO - 正在下载第 183/190 页...
2026-02-27 03:55:29 - mkk_comic - app.py:582 - INFO - 正在下载第 184/190 页...
2026-02-27 03:55:29 - mkk_comic - app.py:582 - INFO - 正在下载第 185/190 页...
2026-02-27 03:55:29 - mkk_comic - app.py:582 - INFO - 正在下载第 186/190 页...
2026-02-27 03:55:29 - mkk_comic - app.py:582 - INFO - 正在下载第 187/190 页...
2026-02-27 03:55:29 - mkk_comic - app.py:582 - INFO - 正在下载第 188/190 页...
2026-02-27 03:55:29 - mkk_comic - app.py:582 - INFO - 正在下载第 189/190 页...
2026-02-27 03:55:29 - mkk_comic - app.py:582 - INFO - 正在下载第 190/190 页...
2026-02-27 03:55:29 - mkk_comic - app.py:511 - INFO - 下载完成!
2026-02-27 03:55:29 - mkk_comic - app.py:512 - INFO - 成功下载: 190/190 页
2026-02-27 03:55:30 - mkk_comic - app.py:494 - INFO - 正在下载第86章: 86卷    UUID:98d38637-c7d9-11e8-882e-024352452ce0
2026-02-27 03:55:31 - mkk_comic - app.py:502 - INFO - 创建目录: ./out/海贼王/86卷
2026-02-27 03:55:31 - mkk_comic - app.py:505 - INFO - 开始下载: 海贼王 - 86卷
2026-02-27 03:55:31 - mkk_comic - app.py:506 - INFO - 总页数: 213
2026-02-27 03:55:31 - mkk_comic - app.py:582 - INFO - 正在下载第 001/213 页...
2026-02-27 03:55:31 - mkk_comic - app.py:582 - INFO - 正在下载第 002/213 页...
2026-02-27 03:55:31 - mkk_comic - app.py:582 - INFO - 正在下载第 003/213 页...
2026-02-27 03:55:31 - mkk_comic - app.py:582 - INFO - 正在下载第 004/213 页...
2026-02-27 03:55:31 - mkk_comic - app.py:582 - INFO - 正在下载第 005/213 页...
2026-02-27 03:55:31 - mkk_comic - app.py:582 - INFO - 正在下载第 006/213 页...
2026-02-27 03:55:31 - mkk_comic - app.py:582 - INFO - 正在下载第 007/213 页...
2026-02-27 03:55:31 - mkk_comic - app.py:582 - INFO - 正在下载第 008/213 页...
2026-02-27 03:55:31 - mkk_comic - app.py:582 - INFO - 正在下载第 009/213 页...
2026-02-27 03:55:31 - mkk_comic - app.py:582 - INFO - 正在下载第 010/213 页...
2026-02-27 03:55:31 - mkk_comic - app.py:582 - INFO - 正在下载第 011/213 页...
2026-02-27 03:55:31 - mkk_comic - app.py:582 - INFO - 正在下载第 012/213 页...
2026-02-27 03:55:31 - mkk_comic - app.py:582 - INFO - 正在下载第 013/213 页...
2026-02-27 03:55:31 - mkk_comic - app.py:582 - INFO - 正在下载第 014/213 页...
2026-02-27 03:55:31 - mkk_comic - app.py:582 - INFO - 正在下载第 015/213 页...
2026-02-27 03:55:31 - mkk_comic - app.py:582 - INFO - 正在下载第 016/213 页...
2026-02-27 03:55:31 - mkk_comic - app.py:582 - INFO - 正在下载第 017/213 页...
2026-02-27 03:55:31 - mkk_comic - app.py:582 - INFO - 正在下载第 018/213 页...
2026-02-27 03:55:31 - mkk_comic - app.py:582 - INFO - 正在下载第 019/213 页...
2026-02-27 03:55:31 - mkk_comic - app.py:582 - INFO - 正在下载第 020/213 页...
2026-02-27 03:55:31 - mkk_comic - app.py:582 - INFO - 正在下载第 021/213 页...
2026-02-27 03:55:31 - mkk_comic - app.py:582 - INFO - 正在下载第 022/213 页...
2026-02-27 03:55:31 - mkk_comic - app.py:582 - INFO - 正在下载第 023/213 页...
2026-02-27 03:55:31 - mkk_comic - app.py:582 - INFO - 正在下载第 024/213 页...
2026-02-27 03:55:31 - mkk_comic - app.py:582 - INFO - 正在下载第 025/213 页...
2026-02-27 03:55:31 - mkk_comic - app.py:582 - INFO - 正在下载第 026/213 页...
2026-02-27 03:55:31 - mkk_comic - app.py:582 - INFO - 正在下载第 027/213 页...
2026-02-27 03:55:31 - mkk_comic - app.py:582 - INFO - 正在下载第 028/213 页...
2026-02-27 03:55:31 - mkk_comic - app.py:582 - INFO - 正在下载第 029/213 页...
2026-02-27 03:55:31 - mkk_comic - app.py:582 - INFO - 正在下载第 030/213 页...
2026-02-27 03:55:31 - mkk_comic - app.py:582 - INFO - 正在下载第 031/213 页...
2026-02-27 03:55:32 - mkk_comic - app.py:582 - INFO - 正在下载第 032/213 页...
2026-02-27 03:55:32 - mkk_comic - app.py:582 - INFO - 正在下载第 033/213 页...
2026-02-27 03:55:32 - mkk_comic - app.py:582 - INFO - 正在下载第 034/213 页...
2026-02-27 03:55:32 - mkk_comic - app.py:582 - INFO - 正在下载第 035/213 页...
2026-02-27 03:55:32 - mkk_comic - app.py:582 - INFO - 正在下载第 036/213 页...
2026-02-27 03:55:32 - mkk_comic - app.py:582 - INFO - 正在下载第 037/213 页...
2026-02-27 03:55:32 - mkk_comic - app.py:582 - INFO - 正在下载第 038/213 页...
2026-02-27 03:55:32 - mkk_comic - app.py:582 - INFO - 正在下载第 039/213 页...
2026-02-27 03:55:32 - mkk_comic - app.py:582 - INFO - 正在下载第 040/213 页...
2026-02-27 03:55:32 - mkk_comic - app.py:582 - INFO - 正在下载第 041/213 页...
2026-02-27 03:55:32 - mkk_comic - app.py:582 - INFO - 正在下载第 042/213 页...
2026-02-27 03:55:32 - mkk_comic - app.py:582 - INFO - 正在下载第 043/213 页...
2026-02-27 03:55:32 - mkk_comic - app.py:582 - INFO - 正在下载第 044/213 页...
2026-02-27 03:55:32 - mkk_comic - app.py:582 - INFO - 正在下载第 045/213 页...
2026-02-27 03:55:32 - mkk_comic - app.py:582 - INFO - 正在下载第 046/213 页...
2026-02-27 03:55:32 - mkk_comic - app.py:582 - INFO - 正在下载第 047/213 页...
2026-02-27 03:55:32 - mkk_comic - app.py:582 - INFO - 正在下载第 048/213 页...
2026-02-27 03:55:32 - mkk_comic - app.py:582 - INFO - 正在下载第 049/213 页...
2026-02-27 03:55:32 - mkk_comic - app.py:582 - INFO - 正在下载第 050/213 页...
2026-02-27 03:55:32 - mkk_comic - app.py:582 - INFO - 正在下载第 051/213 页...
2026-02-27 03:55:32 - mkk_comic - app.py:582 - INFO - 正在下载第 052/213 页...
2026-02-27 03:55:32 - mkk_comic - app.py:582 - INFO - 正在下载第 053/213 页...
2026-02-27 03:55:32 - mkk_comic - app.py:582 - INFO - 正在下载第 054/213 页...
2026-02-27 03:55:32 - mkk_comic - app.py:582 - INFO - 正在下载第 055/213 页...
2026-02-27 03:55:32 - mkk_comic - app.py:582 - INFO - 正在下载第 056/213 页...
2026-02-27 03:55:32 - mkk_comic - app.py:582 - INFO - 正在下载第 057/213 页...
2026-02-27 03:55:32 - mkk_comic - app.py:582 - INFO - 正在下载第 058/213 页...
2026-02-27 03:55:32 - mkk_comic - app.py:582 - INFO - 正在下载第 059/213 页...
2026-02-27 03:55:32 - mkk_comic - app.py:582 - INFO - 正在下载第 060/213 页...
2026-02-27 03:55:32 - mkk_comic - app.py:582 - INFO - 正在下载第 061/213 页...
2026-02-27 03:55:32 - mkk_comic - app.py:582 - INFO - 正在下载第 062/213 页...
2026-02-27 03:55:32 - mkk_comic - app.py:582 - INFO - 正在下载第 063/213 页...
2026-02-27 03:55:32 - mkk_comic - app.py:582 - INFO - 正在下载第 064/213 页...
2026-02-27 03:55:32 - mkk_comic - app.py:582 - INFO - 正在下载第 065/213 页...
2026-02-27 03:55:32 - mkk_comic - app.py:582 - INFO - 正在下载第 066/213 页...
2026-02-27 03:55:32 - mkk_comic - app.py:582 - INFO - 正在下载第 067/213 页...
2026-02-27 03:55:33 - mkk_comic - app.py:582 - INFO - 正在下载第 068/213 页...
2026-02-27 03:55:33 - mkk_comic - app.py:582 - INFO - 正在下载第 069/213 页...
2026-02-27 03:55:33 - mkk_comic - app.py:582 - INFO - 正在下载第 070/213 页...
2026-02-27 03:55:33 - mkk_comic - app.py:582 - INFO - 正在下载第 071/213 页...
2026-02-27 03:55:33 - mkk_comic - app.py:582 - INFO - 正在下载第 072/213 页...
2026-02-27 03:55:33 - mkk_comic - app.py:582 - INFO - 正在下载第 073/213 页...
2026-02-27 03:55:33 - mkk_comic - app.py:582 - INFO - 正在下载第 074/213 页...
2026-02-27 03:55:33 - mkk_comic - app.py:582 - INFO - 正在下载第 075/213 页...
2026-02-27 03:55:33 - mkk_comic - app.py:582 - INFO - 正在下载第 076/213 页...
2026-02-27 03:55:33 - mkk_comic - app.py:582 - INFO - 正在下载第 077/213 页...
2026-02-27 03:55:33 - mkk_comic - app.py:582 - INFO - 正在下载第 078/213 页...
2026-02-27 03:55:33 - mkk_comic - app.py:582 - INFO - 正在下载第 079/213 页...
2026-02-27 03:55:33 - mkk_comic - app.py:582 - INFO - 正在下载第 080/213 页...
2026-02-27 03:55:33 - mkk_comic - app.py:582 - INFO - 正在下载第 081/213 页...
2026-02-27 03:55:33 - mkk_comic - app.py:582 - INFO - 正在下载第 082/213 页...
2026-02-27 03:55:33 - mkk_comic - app.py:582 - INFO - 正在下载第 083/213 页...
2026-02-27 03:55:33 - mkk_comic - app.py:582 - INFO - 正在下载第 084/213 页...
2026-02-27 03:55:33 - mkk_comic - app.py:582 - INFO - 正在下载第 085/213 页...
2026-02-27 03:55:33 - mkk_comic - app.py:582 - INFO - 正在下载第 086/213 页...
2026-02-27 03:55:33 - mkk_comic - app.py:582 - INFO - 正在下载第 087/213 页...
2026-02-27 03:55:33 - mkk_comic - app.py:582 - INFO - 正在下载第 088/213 页...
2026-02-27 03:55:33 - mkk_comic - app.py:582 - INFO - 正在下载第 089/213 页...
2026-02-27 03:55:33 - mkk_comic - app.py:582 - INFO - 正在下载第 090/213 页...
2026-02-27 03:55:33 - mkk_comic - app.py:582 - INFO - 正在下载第 091/213 页...
2026-02-27 03:55:33 - mkk_comic - app.py:582 - INFO - 正在下载第 092/213 页...
2026-02-27 03:55:33 - mkk_comic - app.py:582 - INFO - 正在下载第 093/213 页...
2026-02-27 03:55:33 - mkk_comic - app.py:582 - INFO - 正在下载第 094/213 页...
2026-02-27 03:55:33 - mkk_comic - app.py:582 - INFO - 正在下载第 095/213 页...
2026-02-27 03:55:33 - mkk_comic - app.py:582 - INFO - 正在下载第 096/213 页...
2026-02-27 03:55:33 - mkk_comic - app.py:582 - INFO - 正在下载第 097/213 页...
2026-02-27 03:55:33 - mkk_comic - app.py:582 - INFO - 正在下载第 098/213 页...
2026-02-27 03:55:33 - mkk_comic - app.py:582 - INFO - 正在下载第 099/213 页...
2026-02-27 03:55:34 - mkk_comic - app.py:582 - INFO - 正在下载第 100/213 页...
2026-02-27 03:55:34 - mkk_comic - app.py:582 - INFO - 正在下载第 101/213 页...
2026-02-27 03:55:34 - mkk_comic - app.py:582 - INFO - 正在下载第 102/213 页...
2026-02-27 03:55:34 - mkk_comic - app.py:582 - INFO - 正在下载第 103/213 页...
2026-02-27 03:55:34 - mkk_comic - app.py:582 - INFO - 正在下载第 104/213 页...
2026-02-27 03:55:34 - mkk_comic - app.py:582 - INFO - 正在下载第 105/213 页...
2026-02-27 03:55:34 - mkk_comic - app.py:582 - INFO - 正在下载第 106/213 页...
2026-02-27 03:55:34 - mkk_comic - app.py:582 - INFO - 正在下载第 107/213 页...
2026-02-27 03:55:34 - mkk_comic - app.py:582 - INFO - 正在下载第 108/213 页...
2026-02-27 03:55:34 - mkk_comic - app.py:582 - INFO - 正在下载第 109/213 页...
2026-02-27 03:55:34 - mkk_comic - app.py:582 - INFO - 正在下载第 110/213 页...
2026-02-27 03:55:34 - mkk_comic - app.py:582 - INFO - 正在下载第 111/213 页...
2026-02-27 03:55:34 - mkk_comic - app.py:582 - INFO - 正在下载第 112/213 页...
2026-02-27 03:55:34 - mkk_comic - app.py:582 - INFO - 正在下载第 113/213 页...
2026-02-27 03:55:34 - mkk_comic - app.py:582 - INFO - 正在下载第 114/213 页...
2026-02-27 03:55:34 - mkk_comic - app.py:582 - INFO - 正在下载第 115/213 页...
2026-02-27 03:55:34 - mkk_comic - app.py:582 - INFO - 正在下载第 116/213 页...
2026-02-27 03:55:34 - mkk_comic - app.py:582 - INFO - 正在下载第 117/213 页...
2026-02-27 03:55:34 - mkk_comic - app.py:582 - INFO - 正在下载第 118/213 页...
2026-02-27 03:55:34 - mkk_comic - app.py:582 - INFO - 正在下载第 119/213 页...
2026-02-27 03:55:34 - mkk_comic - app.py:582 - INFO - 正在下载第 120/213 页...
2026-02-27 03:55:34 - mkk_comic - app.py:582 - INFO - 正在下载第 121/213 页...
2026-02-27 03:55:34 - mkk_comic - app.py:582 - INFO - 正在下载第 122/213 页...
2026-02-27 03:55:34 - mkk_comic - app.py:582 - INFO - 正在下载第 123/213 页...
2026-02-27 03:55:34 - mkk_comic - app.py:582 - INFO - 正在下载第 124/213 页...
2026-02-27 03:55:34 - mkk_comic - app.py:582 - INFO - 正在下载第 125/213 页...
2026-02-27 03:55:34 - mkk_comic - app.py:582 - INFO - 正在下载第 126/213 页...
2026-02-27 03:55:34 - mkk_comic - app.py:582 - INFO - 正在下载第 127/213 页...
2026-02-27 03:55:35 - mkk_comic - app.py:582 - INFO - 正在下载第 128/213 页...
2026-02-27 03:55:35 - mkk_comic - app.py:582 - INFO - 正在下载第 129/213 页...
2026-02-27 03:55:35 - mkk_comic - app.py:582 - INFO - 正在下载第 130/213 页...
2026-02-27 03:55:35 - mkk_comic - app.py:582 - INFO - 正在下载第 131/213 页...
2026-02-27 03:55:35 - mkk_comic - app.py:582 - INFO - 正在下载第 132/213 页...
2026-02-27 03:55:35 - mkk_comic - app.py:582 - INFO - 正在下载第 133/213 页...
2026-02-27 03:55:35 - mkk_comic - app.py:582 - INFO - 正在下载第 134/213 页...
2026-02-27 03:55:35 - mkk_comic - app.py:582 - INFO - 正在下载第 135/213 页...
2026-02-27 03:55:35 - mkk_comic - app.py:582 - INFO - 正在下载第 136/213 页...
2026-02-27 03:55:35 - mkk_comic - app.py:582 - INFO - 正在下载第 137/213 页...
2026-02-27 03:55:35 - mkk_comic - app.py:582 - INFO - 正在下载第 138/213 页...
2026-02-27 03:55:35 - mkk_comic - app.py:582 - INFO - 正在下载第 139/213 页...
2026-02-27 03:55:35 - mkk_comic - app.py:582 - INFO - 正在下载第 140/213 页...
2026-02-27 03:55:35 - mkk_comic - app.py:582 - INFO - 正在下载第 141/213 页...
2026-02-27 03:55:35 - mkk_comic - app.py:582 - INFO - 正在下载第 142/213 页...
2026-02-27 03:55:35 - mkk_comic - app.py:582 - INFO - 正在下载第 143/213 页...
2026-02-27 03:55:35 - mkk_comic - app.py:582 - INFO - 正在下载第 144/213 页...
2026-02-27 03:55:35 - mkk_comic - app.py:582 - INFO - 正在下载第 145/213 页...
2026-02-27 03:55:35 - mkk_comic - app.py:582 - INFO - 正在下载第 146/213 页...
2026-02-27 03:55:35 - mkk_comic - app.py:582 - INFO - 正在下载第 147/213 页...
2026-02-27 03:55:35 - mkk_comic - app.py:582 - INFO - 正在下载第 148/213 页...
2026-02-27 03:55:35 - mkk_comic - app.py:582 - INFO - 正在下载第 149/213 页...
2026-02-27 03:55:35 - mkk_comic - app.py:582 - INFO - 正在下载第 150/213 页...
2026-02-27 03:55:35 - mkk_comic - app.py:582 - INFO - 正在下载第 151/213 页...
2026-02-27 03:55:35 - mkk_comic - app.py:582 - INFO - 正在下载第 152/213 页...
2026-02-27 03:55:35 - mkk_comic - app.py:582 - INFO - 正在下载第 153/213 页...
2026-02-27 03:55:36 - mkk_comic - app.py:582 - INFO - 正在下载第 154/213 页...
2026-02-27 03:55:36 - mkk_comic - app.py:582 - INFO - 正在下载第 155/213 页...
2026-02-27 03:55:36 - mkk_comic - app.py:582 - INFO - 正在下载第 156/213 页...
2026-02-27 03:55:36 - mkk_comic - app.py:582 - INFO - 正在下载第 157/213 页...
2026-02-27 03:55:36 - mkk_comic - app.py:582 - INFO - 正在下载第 158/213 页...
2026-02-27 03:55:36 - mkk_comic - app.py:582 - INFO - 正在下载第 159/213 页...
2026-02-27 03:55:36 - mkk_comic - app.py:582 - INFO - 正在下载第 160/213 页...
2026-02-27 03:55:36 - mkk_comic - app.py:582 - INFO - 正在下载第 161/213 页...
2026-02-27 03:55:36 - mkk_comic - app.py:582 - INFO - 正在下载第 162/213 页...
2026-02-27 03:55:36 - mkk_comic - app.py:582 - INFO - 正在下载第 163/213 页...
2026-02-27 03:55:36 - mkk_comic - app.py:582 - INFO - 正在下载第 164/213 页...
2026-02-27 03:55:36 - mkk_comic - app.py:582 - INFO - 正在下载第 165/213 页...
2026-02-27 03:55:36 - mkk_comic - app.py:582 - INFO - 正在下载第 166/213 页...
2026-02-27 03:55:36 - mkk_comic - app.py:582 - INFO - 正在下载第 167/213 页...
2026-02-27 03:55:36 - mkk_comic - app.py:582 - INFO - 正在下载第 168/213 页...
2026-02-27 03:55:36 - mkk_comic - app.py:582 - INFO - 正在下载第 169/213 页...
2026-02-27 03:55:36 - mkk_comic - app.py:582 - INFO - 正在下载第 170/213 页...
2026-02-27 03:55:36 - mkk_comic - app.py:582 - INFO - 正在下载第 171/213 页...
2026-02-27 03:55:36 - mkk_comic - app.py:582 - INFO - 正在下载第 172/213 页...
2026-02-27 03:55:36 - mkk_comic - app.py:582 - INFO - 正在下载第 173/213 页...
2026-02-27 03:55:36 - mkk_comic - app.py:582 - INFO - 正在下载第 174/213 页...
2026-02-27 03:55:36 - mkk_comic - app.py:582 - INFO - 正在下载第 175/213 页...
2026-02-27 03:55:36 - mkk_comic - app.py:582 - INFO - 正在下载第 176/213 页...
2026-02-27 03:55:36 - mkk_comic - app.py:582 - INFO - 正在下载第 177/213 页...
2026-02-27 03:55:36 - mkk_comic - app.py:582 - INFO - 正在下载第 178/213 页...
2026-02-27 03:55:37 - mkk_comic - app.py:582 - INFO - 正在下载第 179/213 页...
2026-02-27 03:55:37 - mkk_comic - app.py:582 - INFO - 正在下载第 180/213 页...
2026-02-27 03:55:37 - mkk_comic - app.py:582 - INFO - 正在下载第 181/213 页...
2026-02-27 03:55:37 - mkk_comic - app.py:582 - INFO - 正在下载第 182/213 页...
2026-02-27 03:55:37 - mkk_comic - app.py:582 - INFO - 正在下载第 183/213 页...
2026-02-27 03:55:37 - mkk_comic - app.py:582 - INFO - 正在下载第 184/213 页...
2026-02-27 03:55:37 - mkk_comic - app.py:582 - INFO - 正在下载第 185/213 页...
2026-02-27 03:55:37 - mkk_comic - app.py:582 - INFO - 正在下载第 186/213 页...
2026-02-27 03:55:37 - mkk_comic - app.py:582 - INFO - 正在下载第 187/213 页...
2026-02-27 03:55:37 - mkk_comic - app.py:582 - INFO - 正在下载第 188/213 页...
2026-02-27 03:55:37 - mkk_comic - app.py:582 - INFO - 正在下载第 189/213 页...
2026-02-27 03:55:37 - mkk_comic - app.py:582 - INFO - 正在下载第 190/213 页...
2026-02-27 03:55:37 - mkk_comic - app.py:582 - INFO - 正在下载第 191/213 页...
2026-02-27 03:55:37 - mkk_comic - app.py:582 - INFO - 正在下载第 192/213 页...
2026-02-27 03:55:37 - mkk_comic - app.py:582 - INFO - 正在下载第 193/213 页...
2026-02-27 03:55:37 - mkk_comic - app.py:582 - INFO - 正在下载第 194/213 页...
2026-02-27 03:55:37 - mkk_comic - app.py:582 - INFO - 正在下载第 195/213 页...
2026-02-27 03:55:37 - mkk_comic - app.py:582 - INFO - 正在下载第 196/213 页...
2026-02-27 03:55:37 - mkk_comic - app.py:582 - INFO - 正在下载第 197/213 页...
2026-02-27 03:55:37 - mkk_comic - app.py:582 - INFO - 正在下载第 198/213 页...
2026-02-27 03:55:37 - mkk_comic - app.py:582 - INFO - 正在下载第 199/213 页...
2026-02-27 03:55:37 - mkk_comic - app.py:582 - INFO - 正在下载第 200/213 页...
2026-02-27 03:55:37 - mkk_comic - app.py:582 - INFO - 正在下载第 201/213 页...
2026-02-27 03:55:37 - mkk_comic - app.py:582 - INFO - 正在下载第 202/213 页...
2026-02-27 03:55:37 - mkk_comic - app.py:582 - INFO - 正在下载第 203/213 页...
2026-02-27 03:55:37 - mkk_comic - app.py:582 - INFO - 正在下载第 204/213 页...
2026-02-27 03:55:37 - mkk_comic - app.py:582 - INFO - 正在下载第 205/213 页...
2026-02-27 03:55:37 - mkk_comic - app.py:582 - INFO - 正在下载第 206/213 页...
2026-02-27 03:55:37 - mkk_comic - app.py:582 - INFO - 正在下载第 207/213 页...
2026-02-27 03:55:37 - mkk_comic - app.py:582 - INFO - 正在下载第 208/213 页...
2026-02-27 03:55:37 - mkk_comic - app.py:582 - INFO - 正在下载第 209/213 页...
2026-02-27 03:55:37 - mkk_comic - app.py:582 - INFO - 正在下载第 210/213 页...
2026-02-27 03:55:37 - mkk_comic - app.py:582 - INFO - 正在下载第 211/213 页...
2026-02-27 03:55:37 - mkk_comic - app.py:582 - INFO - 正在下载第 212/213 页...
2026-02-27 03:55:38 - mkk_comic - app.py:582 - INFO - 正在下载第 213/213 页...
2026-02-27 03:55:38 - mkk_comic - app.py:511 - INFO - 下载完成!
2026-02-27 03:55:38 - mkk_comic - app.py:512 - INFO - 成功下载: 213/213 页
2026-02-27 03:55:39 - mkk_comic - app.py:494 - INFO - 正在下载第87章: 87卷    UUID:a08b62da-c7d9-11e8-882e-024352452ce0
2026-02-27 03:55:39 - mkk_comic - app.py:502 - INFO - 创建目录: ./out/海贼王/87卷
2026-02-27 03:55:39 - mkk_comic - app.py:505 - INFO - 开始下载: 海贼王 - 87卷
2026-02-27 03:55:39 - mkk_comic - app.py:506 - INFO - 总页数: 204
2026-02-27 03:55:39 - mkk_comic - app.py:582 - INFO - 正在下载第 001/204 页...
2026-02-27 03:55:39 - mkk_comic - app.py:582 - INFO - 正在下载第 002/204 页...
2026-02-27 03:55:39 - mkk_comic - app.py:582 - INFO - 正在下载第 003/204 页...
2026-02-27 03:55:39 - mkk_comic - app.py:582 - INFO - 正在下载第 004/204 页...
2026-02-27 03:55:39 - mkk_comic - app.py:582 - INFO - 正在下载第 005/204 页...
2026-02-27 03:55:39 - mkk_comic - app.py:582 - INFO - 正在下载第 006/204 页...
2026-02-27 03:55:39 - mkk_comic - app.py:582 - INFO - 正在下载第 007/204 页...
2026-02-27 03:55:39 - mkk_comic - app.py:582 - INFO - 正在下载第 008/204 页...
2026-02-27 03:55:40 - mkk_comic - app.py:582 - INFO - 正在下载第 009/204 页...
2026-02-27 03:55:40 - mkk_comic - app.py:582 - INFO - 正在下载第 010/204 页...
2026-02-27 03:55:40 - mkk_comic - app.py:582 - INFO - 正在下载第 011/204 页...
2026-02-27 03:55:40 - mkk_comic - app.py:582 - INFO - 正在下载第 012/204 页...
2026-02-27 03:55:40 - mkk_comic - app.py:582 - INFO - 正在下载第 013/204 页...
2026-02-27 03:55:40 - mkk_comic - app.py:582 - INFO - 正在下载第 014/204 页...
2026-02-27 03:55:40 - mkk_comic - app.py:582 - INFO - 正在下载第 015/204 页...
2026-02-27 03:55:40 - mkk_comic - app.py:582 - INFO - 正在下载第 016/204 页...
2026-02-27 03:55:40 - mkk_comic - app.py:582 - INFO - 正在下载第 017/204 页...
2026-02-27 03:55:40 - mkk_comic - app.py:582 - INFO - 正在下载第 018/204 页...
2026-02-27 03:55:40 - mkk_comic - app.py:582 - INFO - 正在下载第 019/204 页...
2026-02-27 03:55:40 - mkk_comic - app.py:582 - INFO - 正在下载第 020/204 页...
2026-02-27 03:55:40 - mkk_comic - app.py:582 - INFO - 正在下载第 021/204 页...
2026-02-27 03:55:40 - mkk_comic - app.py:582 - INFO - 正在下载第 022/204 页...
2026-02-27 03:55:40 - mkk_comic - app.py:582 - INFO - 正在下载第 023/204 页...
2026-02-27 03:55:40 - mkk_comic - app.py:582 - INFO - 正在下载第 024/204 页...
2026-02-27 03:55:40 - mkk_comic - app.py:582 - INFO - 正在下载第 025/204 页...
2026-02-27 03:55:40 - mkk_comic - app.py:582 - INFO - 正在下载第 026/204 页...
2026-02-27 03:55:40 - mkk_comic - app.py:582 - INFO - 正在下载第 027/204 页...
2026-02-27 03:55:40 - mkk_comic - app.py:582 - INFO - 正在下载第 028/204 页...
2026-02-27 03:55:40 - mkk_comic - app.py:582 - INFO - 正在下载第 029/204 页...
2026-02-27 03:55:40 - mkk_comic - app.py:582 - INFO - 正在下载第 030/204 页...
2026-02-27 03:55:40 - mkk_comic - app.py:582 - INFO - 正在下载第 031/204 页...
2026-02-27 03:55:40 - mkk_comic - app.py:582 - INFO - 正在下载第 032/204 页...
2026-02-27 03:55:40 - mkk_comic - app.py:582 - INFO - 正在下载第 033/204 页...
2026-02-27 03:55:40 - mkk_comic - app.py:582 - INFO - 正在下载第 034/204 页...
2026-02-27 03:55:40 - mkk_comic - app.py:582 - INFO - 正在下载第 035/204 页...
2026-02-27 03:55:40 - mkk_comic - app.py:582 - INFO - 正在下载第 036/204 页...
2026-02-27 03:55:40 - mkk_comic - app.py:582 - INFO - 正在下载第 037/204 页...
2026-02-27 03:55:40 - mkk_comic - app.py:582 - INFO - 正在下载第 038/204 页...
2026-02-27 03:55:40 - mkk_comic - app.py:582 - INFO - 正在下载第 039/204 页...
2026-02-27 03:55:40 - mkk_comic - app.py:582 - INFO - 正在下载第 040/204 页...
2026-02-27 03:55:41 - mkk_comic - app.py:582 - INFO - 正在下载第 041/204 页...
2026-02-27 03:55:41 - mkk_comic - app.py:582 - INFO - 正在下载第 042/204 页...
2026-02-27 03:55:41 - mkk_comic - app.py:582 - INFO - 正在下载第 043/204 页...
2026-02-27 03:55:41 - mkk_comic - app.py:582 - INFO - 正在下载第 044/204 页...
2026-02-27 03:55:41 - mkk_comic - app.py:582 - INFO - 正在下载第 045/204 页...
2026-02-27 03:55:41 - mkk_comic - app.py:582 - INFO - 正在下载第 046/204 页...
2026-02-27 03:55:41 - mkk_comic - app.py:582 - INFO - 正在下载第 047/204 页...
2026-02-27 03:55:41 - mkk_comic - app.py:582 - INFO - 正在下载第 048/204 页...
2026-02-27 03:55:41 - mkk_comic - app.py:582 - INFO - 正在下载第 049/204 页...
2026-02-27 03:55:41 - mkk_comic - app.py:582 - INFO - 正在下载第 050/204 页...
2026-02-27 03:55:41 - mkk_comic - app.py:582 - INFO - 正在下载第 051/204 页...
2026-02-27 03:55:41 - mkk_comic - app.py:582 - INFO - 正在下载第 052/204 页...
2026-02-27 03:55:41 - mkk_comic - app.py:582 - INFO - 正在下载第 053/204 页...
2026-02-27 03:55:41 - mkk_comic - app.py:582 - INFO - 正在下载第 054/204 页...
2026-02-27 03:55:41 - mkk_comic - app.py:582 - INFO - 正在下载第 055/204 页...
2026-02-27 03:55:41 - mkk_comic - app.py:582 - INFO - 正在下载第 056/204 页...
2026-02-27 03:55:41 - mkk_comic - app.py:582 - INFO - 正在下载第 057/204 页...
2026-02-27 03:55:41 - mkk_comic - app.py:582 - INFO - 正在下载第 058/204 页...
2026-02-27 03:55:41 - mkk_comic - app.py:582 - INFO - 正在下载第 059/204 页...
2026-02-27 03:55:41 - mkk_comic - app.py:582 - INFO - 正在下载第 060/204 页...
2026-02-27 03:55:41 - mkk_comic - app.py:582 - INFO - 正在下载第 061/204 页...
2026-02-27 03:55:41 - mkk_comic - app.py:582 - INFO - 正在下载第 062/204 页...
2026-02-27 03:55:41 - mkk_comic - app.py:582 - INFO - 正在下载第 063/204 页...
2026-02-27 03:55:41 - mkk_comic - app.py:582 - INFO - 正在下载第 064/204 页...
2026-02-27 03:55:41 - mkk_comic - app.py:582 - INFO - 正在下载第 065/204 页...
2026-02-27 03:55:41 - mkk_comic - app.py:582 - INFO - 正在下载第 066/204 页...
2026-02-27 03:55:41 - mkk_comic - app.py:582 - INFO - 正在下载第 067/204 页...
2026-02-27 03:55:41 - mkk_comic - app.py:582 - INFO - 正在下载第 068/204 页...
2026-02-27 03:55:41 - mkk_comic - app.py:582 - INFO - 正在下载第 069/204 页...
2026-02-27 03:55:41 - mkk_comic - app.py:582 - INFO - 正在下载第 070/204 页...
2026-02-27 03:55:41 - mkk_comic - app.py:582 - INFO - 正在下载第 071/204 页...
2026-02-27 03:55:41 - mkk_comic - app.py:582 - INFO - 正在下载第 072/204 页...
2026-02-27 03:55:41 - mkk_comic - app.py:582 - INFO - 正在下载第 073/204 页...
2026-02-27 03:55:41 - mkk_comic - app.py:582 - INFO - 正在下载第 074/204 页...
2026-02-27 03:55:41 - mkk_comic - app.py:582 - INFO - 正在下载第 075/204 页...
2026-02-27 03:55:42 - mkk_comic - app.py:582 - INFO - 正在下载第 076/204 页...
2026-02-27 03:55:42 - mkk_comic - app.py:582 - INFO - 正在下载第 077/204 页...
2026-02-27 03:55:42 - mkk_comic - app.py:582 - INFO - 正在下载第 078/204 页...
2026-02-27 03:55:42 - mkk_comic - app.py:582 - INFO - 正在下载第 079/204 页...
2026-02-27 03:55:42 - mkk_comic - app.py:582 - INFO - 正在下载第 080/204 页...
2026-02-27 03:55:42 - mkk_comic - app.py:582 - INFO - 正在下载第 081/204 页...
2026-02-27 03:55:42 - mkk_comic - app.py:582 - INFO - 正在下载第 082/204 页...
2026-02-27 03:55:42 - mkk_comic - app.py:582 - INFO - 正在下载第 083/204 页...
2026-02-27 03:55:42 - mkk_comic - app.py:582 - INFO - 正在下载第 084/204 页...
2026-02-27 03:55:42 - mkk_comic - app.py:582 - INFO - 正在下载第 085/204 页...
2026-02-27 03:55:42 - mkk_comic - app.py:582 - INFO - 正在下载第 086/204 页...
2026-02-27 03:55:42 - mkk_comic - app.py:582 - INFO - 正在下载第 087/204 页...
2026-02-27 03:55:42 - mkk_comic - app.py:582 - INFO - 正在下载第 088/204 页...
2026-02-27 03:55:42 - mkk_comic - app.py:582 - INFO - 正在下载第 089/204 页...
2026-02-27 03:55:42 - mkk_comic - app.py:582 - INFO - 正在下载第 090/204 页...
2026-02-27 03:55:42 - mkk_comic - app.py:582 - INFO - 正在下载第 091/204 页...
2026-02-27 03:55:42 - mkk_comic - app.py:582 - INFO - 正在下载第 092/204 页...
2026-02-27 03:55:42 - mkk_comic - app.py:582 - INFO - 正在下载第 093/204 页...
2026-02-27 03:55:42 - mkk_comic - app.py:582 - INFO - 正在下载第 094/204 页...
2026-02-27 03:55:42 - mkk_comic - app.py:582 - INFO - 正在下载第 095/204 页...
2026-02-27 03:55:42 - mkk_comic - app.py:582 - INFO - 正在下载第 096/204 页...
2026-02-27 03:55:42 - mkk_comic - app.py:582 - INFO - 正在下载第 097/204 页...
2026-02-27 03:55:42 - mkk_comic - app.py:582 - INFO - 正在下载第 098/204 页...
2026-02-27 03:55:42 - mkk_comic - app.py:582 - INFO - 正在下载第 099/204 页...
2026-02-27 03:55:42 - mkk_comic - app.py:582 - INFO - 正在下载第 100/204 页...
2026-02-27 03:55:42 - mkk_comic - app.py:582 - INFO - 正在下载第 101/204 页...
2026-02-27 03:55:42 - mkk_comic - app.py:582 - INFO - 正在下载第 102/204 页...
2026-02-27 03:55:42 - mkk_comic - app.py:582 - INFO - 正在下载第 103/204 页...
2026-02-27 03:55:42 - mkk_comic - app.py:582 - INFO - 正在下载第 104/204 页...
2026-02-27 03:55:42 - mkk_comic - app.py:582 - INFO - 正在下载第 105/204 页...
2026-02-27 03:55:42 - mkk_comic - app.py:582 - INFO - 正在下载第 106/204 页...
2026-02-27 03:55:42 - mkk_comic - app.py:582 - INFO - 正在下载第 107/204 页...
2026-02-27 03:55:42 - mkk_comic - app.py:582 - INFO - 正在下载第 108/204 页...
2026-02-27 03:55:42 - mkk_comic - app.py:582 - INFO - 正在下载第 109/204 页...
2026-02-27 03:55:42 - mkk_comic - app.py:582 - INFO - 正在下载第 110/204 页...
2026-02-27 03:55:43 - mkk_comic - app.py:582 - INFO - 正在下载第 111/204 页...
2026-02-27 03:55:43 - mkk_comic - app.py:582 - INFO - 正在下载第 112/204 页...
2026-02-27 03:55:43 - mkk_comic - app.py:582 - INFO - 正在下载第 113/204 页...
2026-02-27 03:55:43 - mkk_comic - app.py:582 - INFO - 正在下载第 114/204 页...
2026-02-27 03:55:43 - mkk_comic - app.py:582 - INFO - 正在下载第 115/204 页...
2026-02-27 03:55:43 - mkk_comic - app.py:582 - INFO - 正在下载第 116/204 页...
2026-02-27 03:55:43 - mkk_comic - app.py:582 - INFO - 正在下载第 117/204 页...
2026-02-27 03:55:43 - mkk_comic - app.py:582 - INFO - 正在下载第 118/204 页...
2026-02-27 03:55:43 - mkk_comic - app.py:582 - INFO - 正在下载第 119/204 页...
2026-02-27 03:55:43 - mkk_comic - app.py:582 - INFO - 正在下载第 120/204 页...
2026-02-27 03:55:43 - mkk_comic - app.py:582 - INFO - 正在下载第 121/204 页...
2026-02-27 03:55:43 - mkk_comic - app.py:582 - INFO - 正在下载第 122/204 页...
2026-02-27 03:55:43 - mkk_comic - app.py:582 - INFO - 正在下载第 123/204 页...
2026-02-27 03:55:43 - mkk_comic - app.py:582 - INFO - 正在下载第 124/204 页...
2026-02-27 03:55:43 - mkk_comic - app.py:582 - INFO - 正在下载第 125/204 页...
2026-02-27 03:55:43 - mkk_comic - app.py:582 - INFO - 正在下载第 126/204 页...
2026-02-27 03:55:43 - mkk_comic - app.py:582 - INFO - 正在下载第 127/204 页...
2026-02-27 03:55:43 - mkk_comic - app.py:582 - INFO - 正在下载第 128/204 页...
2026-02-27 03:55:43 - mkk_comic - app.py:582 - INFO - 正在下载第 129/204 页...
2026-02-27 03:55:43 - mkk_comic - app.py:582 - INFO - 正在下载第 130/204 页...
2026-02-27 03:55:43 - mkk_comic - app.py:582 - INFO - 正在下载第 131/204 页...
2026-02-27 03:55:43 - mkk_comic - app.py:582 - INFO - 正在下载第 132/204 页...
2026-02-27 03:55:43 - mkk_comic - app.py:582 - INFO - 正在下载第 133/204 页...
2026-02-27 03:55:43 - mkk_comic - app.py:582 - INFO - 正在下载第 134/204 页...
2026-02-27 03:55:43 - mkk_comic - app.py:582 - INFO - 正在下载第 135/204 页...
2026-02-27 03:55:43 - mkk_comic - app.py:582 - INFO - 正在下载第 136/204 页...
2026-02-27 03:55:43 - mkk_comic - app.py:582 - INFO - 正在下载第 137/204 页...
2026-02-27 03:55:43 - mkk_comic - app.py:582 - INFO - 正在下载第 138/204 页...
2026-02-27 03:55:43 - mkk_comic - app.py:582 - INFO - 正在下载第 139/204 页...
2026-02-27 03:55:43 - mkk_comic - app.py:582 - INFO - 正在下载第 140/204 页...
2026-02-27 03:55:43 - mkk_comic - app.py:582 - INFO - 正在下载第 141/204 页...
2026-02-27 03:55:43 - mkk_comic - app.py:582 - INFO - 正在下载第 142/204 页...
2026-02-27 03:55:43 - mkk_comic - app.py:582 - INFO - 正在下载第 143/204 页...
2026-02-27 03:55:44 - mkk_comic - app.py:582 - INFO - 正在下载第 144/204 页...
2026-02-27 03:55:44 - mkk_comic - app.py:582 - INFO - 正在下载第 145/204 页...
2026-02-27 03:55:44 - mkk_comic - app.py:582 - INFO - 正在下载第 146/204 页...
2026-02-27 03:55:44 - mkk_comic - app.py:582 - INFO - 正在下载第 147/204 页...
2026-02-27 03:55:44 - mkk_comic - app.py:582 - INFO - 正在下载第 148/204 页...
2026-02-27 03:55:44 - mkk_comic - app.py:582 - INFO - 正在下载第 149/204 页...
2026-02-27 03:55:44 - mkk_comic - app.py:582 - INFO - 正在下载第 150/204 页...
2026-02-27 03:55:44 - mkk_comic - app.py:582 - INFO - 正在下载第 151/204 页...
2026-02-27 03:55:44 - mkk_comic - app.py:582 - INFO - 正在下载第 152/204 页...
2026-02-27 03:55:44 - mkk_comic - app.py:582 - INFO - 正在下载第 153/204 页...
2026-02-27 03:55:44 - mkk_comic - app.py:582 - INFO - 正在下载第 154/204 页...
2026-02-27 03:55:44 - mkk_comic - app.py:582 - INFO - 正在下载第 155/204 页...
2026-02-27 03:55:44 - mkk_comic - app.py:582 - INFO - 正在下载第 156/204 页...
2026-02-27 03:55:44 - mkk_comic - app.py:582 - INFO - 正在下载第 157/204 页...
2026-02-27 03:55:44 - mkk_comic - app.py:582 - INFO - 正在下载第 158/204 页...
2026-02-27 03:55:44 - mkk_comic - app.py:582 - INFO - 正在下载第 159/204 页...
2026-02-27 03:55:44 - mkk_comic - app.py:582 - INFO - 正在下载第 160/204 页...
2026-02-27 03:55:44 - mkk_comic - app.py:582 - INFO - 正在下载第 161/204 页...
2026-02-27 03:55:44 - mkk_comic - app.py:582 - INFO - 正在下载第 162/204 页...
2026-02-27 03:55:44 - mkk_comic - app.py:582 - INFO - 正在下载第 163/204 页...
2026-02-27 03:55:44 - mkk_comic - app.py:582 - INFO - 正在下载第 164/204 页...
2026-02-27 03:55:44 - mkk_comic - app.py:582 - INFO - 正在下载第 165/204 页...
2026-02-27 03:55:44 - mkk_comic - app.py:582 - INFO - 正在下载第 166/204 页...
2026-02-27 03:55:44 - mkk_comic - app.py:582 - INFO - 正在下载第 167/204 页...
2026-02-27 03:55:44 - mkk_comic - app.py:582 - INFO - 正在下载第 168/204 页...
2026-02-27 03:55:44 - mkk_comic - app.py:582 - INFO - 正在下载第 169/204 页...
2026-02-27 03:55:44 - mkk_comic - app.py:582 - INFO - 正在下载第 170/204 页...
2026-02-27 03:55:44 - mkk_comic - app.py:582 - INFO - 正在下载第 171/204 页...
2026-02-27 03:55:44 - mkk_comic - app.py:582 - INFO - 正在下载第 172/204 页...
2026-02-27 03:55:44 - mkk_comic - app.py:582 - INFO - 正在下载第 173/204 页...
2026-02-27 03:55:44 - mkk_comic - app.py:582 - INFO - 正在下载第 174/204 页...
2026-02-27 03:55:44 - mkk_comic - app.py:582 - INFO - 正在下载第 175/204 页...
2026-02-27 03:55:44 - mkk_comic - app.py:582 - INFO - 正在下载第 176/204 页...
2026-02-27 03:55:45 - mkk_comic - app.py:582 - INFO - 正在下载第 177/204 页...
2026-02-27 03:55:45 - mkk_comic - app.py:582 - INFO - 正在下载第 178/204 页...
2026-02-27 03:55:45 - mkk_comic - app.py:582 - INFO - 正在下载第 179/204 页...
2026-02-27 03:55:45 - mkk_comic - app.py:582 - INFO - 正在下载第 180/204 页...
2026-02-27 03:55:45 - mkk_comic - app.py:582 - INFO - 正在下载第 181/204 页...
2026-02-27 03:55:45 - mkk_comic - app.py:582 - INFO - 正在下载第 182/204 页...
2026-02-27 03:55:45 - mkk_comic - app.py:582 - INFO - 正在下载第 183/204 页...
2026-02-27 03:55:45 - mkk_comic - app.py:582 - INFO - 正在下载第 184/204 页...
2026-02-27 03:55:45 - mkk_comic - app.py:582 - INFO - 正在下载第 185/204 页...
2026-02-27 03:55:45 - mkk_comic - app.py:582 - INFO - 正在下载第 186/204 页...
2026-02-27 03:55:45 - mkk_comic - app.py:582 - INFO - 正在下载第 187/204 页...
2026-02-27 03:55:45 - mkk_comic - app.py:582 - INFO - 正在下载第 188/204 页...
2026-02-27 03:55:45 - mkk_comic - app.py:582 - INFO - 正在下载第 189/204 页...
2026-02-27 03:55:45 - mkk_comic - app.py:582 - INFO - 正在下载第 190/204 页...
2026-02-27 03:55:45 - mkk_comic - app.py:582 - INFO - 正在下载第 191/204 页...
2026-02-27 03:55:45 - mkk_comic - app.py:582 - INFO - 正在下载第 192/204 页...
2026-02-27 03:55:45 - mkk_comic - app.py:582 - INFO - 正在下载第 193/204 页...
2026-02-27 03:55:45 - mkk_comic - app.py:582 - INFO - 正在下载第 194/204 页...
2026-02-27 03:55:45 - mkk_comic - app.py:582 - INFO - 正在下载第 195/204 页...
2026-02-27 03:55:45 - mkk_comic - app.py:582 - INFO - 正在下载第 196/204 页...
2026-02-27 03:55:45 - mkk_comic - app.py:582 - INFO - 正在下载第 197/204 页...
2026-02-27 03:55:45 - mkk_comic - app.py:582 - INFO - 正在下载第 198/204 页...
2026-02-27 03:55:45 - mkk_comic - app.py:582 - INFO - 正在下载第 199/204 页...
2026-02-27 03:55:45 - mkk_comic - app.py:582 - INFO - 正在下载第 200/204 页...
2026-02-27 03:55:45 - mkk_comic - app.py:582 - INFO - 正在下载第 201/204 页...
2026-02-27 03:55:45 - mkk_comic - app.py:582 - INFO - 正在下载第 202/204 页...
2026-02-27 03:55:45 - mkk_comic - app.py:582 - INFO - 正在下载第 203/204 页...
2026-02-27 03:55:45 - mkk_comic - app.py:582 - INFO - 正在下载第 204/204 页...
2026-02-27 03:55:46 - mkk_comic - app.py:511 - INFO - 下载完成!
2026-02-27 03:55:46 - mkk_comic - app.py:512 - INFO - 成功下载: 204/204 页
2026-02-27 03:55:46 - mkk_comic - app.py:494 - INFO - 正在下载第88章: 88卷    UUID:d768fdc2-c7d9-11e8-8831-024352452ce0
2026-02-27 03:55:47 - mkk_comic - app.py:502 - INFO - 创建目录: ./out/海贼王/88卷
2026-02-27 03:55:47 - mkk_comic - app.py:505 - INFO - 开始下载: 海贼王 - 88卷
2026-02-27 03:55:47 - mkk_comic - app.py:506 - INFO - 总页数: 188
2026-02-27 03:55:47 - mkk_comic - app.py:582 - INFO - 正在下载第 001/188 页...
2026-02-27 03:55:47 - mkk_comic - app.py:582 - INFO - 正在下载第 002/188 页...
2026-02-27 03:55:47 - mkk_comic - app.py:582 - INFO - 正在下载第 003/188 页...
2026-02-27 03:55:47 - mkk_comic - app.py:582 - INFO - 正在下载第 004/188 页...
2026-02-27 03:55:47 - mkk_comic - app.py:582 - INFO - 正在下载第 005/188 页...
2026-02-27 03:55:47 - mkk_comic - app.py:582 - INFO - 正在下载第 006/188 页...
2026-02-27 03:55:47 - mkk_comic - app.py:582 - INFO - 正在下载第 007/188 页...
2026-02-27 03:55:47 - mkk_comic - app.py:582 - INFO - 正在下载第 008/188 页...
2026-02-27 03:55:47 - mkk_comic - app.py:582 - INFO - 正在下载第 009/188 页...
2026-02-27 03:55:47 - mkk_comic - app.py:582 - INFO - 正在下载第 010/188 页...
2026-02-27 03:55:47 - mkk_comic - app.py:582 - INFO - 正在下载第 011/188 页...
2026-02-27 03:55:47 - mkk_comic - app.py:582 - INFO - 正在下载第 012/188 页...
2026-02-27 03:55:48 - mkk_comic - app.py:582 - INFO - 正在下载第 013/188 页...
2026-02-27 03:55:48 - mkk_comic - app.py:582 - INFO - 正在下载第 014/188 页...
2026-02-27 03:55:48 - mkk_comic - app.py:582 - INFO - 正在下载第 015/188 页...
2026-02-27 03:55:48 - mkk_comic - app.py:582 - INFO - 正在下载第 016/188 页...
2026-02-27 03:55:48 - mkk_comic - app.py:582 - INFO - 正在下载第 017/188 页...
2026-02-27 03:55:48 - mkk_comic - app.py:582 - INFO - 正在下载第 018/188 页...
2026-02-27 03:55:48 - mkk_comic - app.py:582 - INFO - 正在下载第 019/188 页...
2026-02-27 03:55:48 - mkk_comic - app.py:582 - INFO - 正在下载第 020/188 页...
2026-02-27 03:55:48 - mkk_comic - app.py:582 - INFO - 正在下载第 021/188 页...
2026-02-27 03:55:48 - mkk_comic - app.py:582 - INFO - 正在下载第 022/188 页...
2026-02-27 03:55:48 - mkk_comic - app.py:582 - INFO - 正在下载第 023/188 页...
2026-02-27 03:55:48 - mkk_comic - app.py:582 - INFO - 正在下载第 024/188 页...
2026-02-27 03:55:48 - mkk_comic - app.py:582 - INFO - 正在下载第 025/188 页...
2026-02-27 03:55:48 - mkk_comic - app.py:582 - INFO - 正在下载第 026/188 页...
2026-02-27 03:55:48 - mkk_comic - app.py:582 - INFO - 正在下载第 027/188 页...
2026-02-27 03:55:48 - mkk_comic - app.py:582 - INFO - 正在下载第 028/188 页...
2026-02-27 03:55:48 - mkk_comic - app.py:582 - INFO - 正在下载第 029/188 页...
2026-02-27 03:55:48 - mkk_comic - app.py:582 - INFO - 正在下载第 030/188 页...
2026-02-27 03:55:48 - mkk_comic - app.py:582 - INFO - 正在下载第 031/188 页...
2026-02-27 03:55:48 - mkk_comic - app.py:582 - INFO - 正在下载第 032/188 页...
2026-02-27 03:55:48 - mkk_comic - app.py:582 - INFO - 正在下载第 033/188 页...
2026-02-27 03:55:48 - mkk_comic - app.py:582 - INFO - 正在下载第 034/188 页...
2026-02-27 03:55:48 - mkk_comic - app.py:582 - INFO - 正在下载第 035/188 页...
2026-02-27 03:55:48 - mkk_comic - app.py:582 - INFO - 正在下载第 036/188 页...
2026-02-27 03:55:48 - mkk_comic - app.py:582 - INFO - 正在下载第 037/188 页...
2026-02-27 03:55:48 - mkk_comic - app.py:582 - INFO - 正在下载第 038/188 页...
2026-02-27 03:55:48 - mkk_comic - app.py:582 - INFO - 正在下载第 039/188 页...
2026-02-27 03:55:48 - mkk_comic - app.py:582 - INFO - 正在下载第 040/188 页...
2026-02-27 03:55:48 - mkk_comic - app.py:582 - INFO - 正在下载第 041/188 页...
2026-02-27 03:55:48 - mkk_comic - app.py:582 - INFO - 正在下载第 042/188 页...
2026-02-27 03:55:48 - mkk_comic - app.py:582 - INFO - 正在下载第 043/188 页...
2026-02-27 03:55:48 - mkk_comic - app.py:582 - INFO - 正在下载第 044/188 页...
2026-02-27 03:55:49 - mkk_comic - app.py:582 - INFO - 正在下载第 045/188 页...
2026-02-27 03:55:49 - mkk_comic - app.py:582 - INFO - 正在下载第 046/188 页...
2026-02-27 03:55:49 - mkk_comic - app.py:582 - INFO - 正在下载第 047/188 页...
2026-02-27 03:55:49 - mkk_comic - app.py:582 - INFO - 正在下载第 048/188 页...
2026-02-27 03:55:49 - mkk_comic - app.py:582 - INFO - 正在下载第 049/188 页...
2026-02-27 03:55:49 - mkk_comic - app.py:582 - INFO - 正在下载第 050/188 页...
2026-02-27 03:55:49 - mkk_comic - app.py:582 - INFO - 正在下载第 051/188 页...
2026-02-27 03:55:49 - mkk_comic - app.py:582 - INFO - 正在下载第 052/188 页...
2026-02-27 03:55:49 - mkk_comic - app.py:582 - INFO - 正在下载第 053/188 页...
2026-02-27 03:55:49 - mkk_comic - app.py:582 - INFO - 正在下载第 054/188 页...
2026-02-27 03:55:49 - mkk_comic - app.py:582 - INFO - 正在下载第 055/188 页...
2026-02-27 03:55:49 - mkk_comic - app.py:582 - INFO - 正在下载第 056/188 页...
2026-02-27 03:55:49 - mkk_comic - app.py:582 - INFO - 正在下载第 057/188 页...
2026-02-27 03:55:49 - mkk_comic - app.py:582 - INFO - 正在下载第 058/188 页...
2026-02-27 03:55:49 - mkk_comic - app.py:582 - INFO - 正在下载第 059/188 页...
2026-02-27 03:55:49 - mkk_comic - app.py:582 - INFO - 正在下载第 060/188 页...
2026-02-27 03:55:49 - mkk_comic - app.py:582 - INFO - 正在下载第 061/188 页...
2026-02-27 03:55:49 - mkk_comic - app.py:582 - INFO - 正在下载第 062/188 页...
2026-02-27 03:55:49 - mkk_comic - app.py:582 - INFO - 正在下载第 063/188 页...
2026-02-27 03:55:49 - mkk_comic - app.py:582 - INFO - 正在下载第 064/188 页...
2026-02-27 03:55:49 - mkk_comic - app.py:582 - INFO - 正在下载第 065/188 页...
2026-02-27 03:55:49 - mkk_comic - app.py:582 - INFO - 正在下载第 066/188 页...
2026-02-27 03:55:49 - mkk_comic - app.py:582 - INFO - 正在下载第 067/188 页...
2026-02-27 03:55:49 - mkk_comic - app.py:582 - INFO - 正在下载第 068/188 页...
2026-02-27 03:55:49 - mkk_comic - app.py:582 - INFO - 正在下载第 069/188 页...
2026-02-27 03:55:49 - mkk_comic - app.py:582 - INFO - 正在下载第 070/188 页...
2026-02-27 03:55:49 - mkk_comic - app.py:582 - INFO - 正在下载第 071/188 页...
2026-02-27 03:55:50 - mkk_comic - app.py:582 - INFO - 正在下载第 072/188 页...
2026-02-27 03:55:50 - mkk_comic - app.py:582 - INFO - 正在下载第 073/188 页...
2026-02-27 03:55:50 - mkk_comic - app.py:582 - INFO - 正在下载第 074/188 页...
2026-02-27 03:55:50 - mkk_comic - app.py:582 - INFO - 正在下载第 075/188 页...
2026-02-27 03:55:50 - mkk_comic - app.py:582 - INFO - 正在下载第 076/188 页...
2026-02-27 03:55:50 - mkk_comic - app.py:582 - INFO - 正在下载第 077/188 页...
2026-02-27 03:55:50 - mkk_comic - app.py:582 - INFO - 正在下载第 078/188 页...
2026-02-27 03:55:50 - mkk_comic - app.py:582 - INFO - 正在下载第 079/188 页...
2026-02-27 03:55:50 - mkk_comic - app.py:582 - INFO - 正在下载第 080/188 页...
2026-02-27 03:55:50 - mkk_comic - app.py:582 - INFO - 正在下载第 081/188 页...
2026-02-27 03:55:50 - mkk_comic - app.py:582 - INFO - 正在下载第 082/188 页...
2026-02-27 03:55:50 - mkk_comic - app.py:582 - INFO - 正在下载第 083/188 页...
2026-02-27 03:55:50 - mkk_comic - app.py:582 - INFO - 正在下载第 084/188 页...
2026-02-27 03:55:50 - mkk_comic - app.py:582 - INFO - 正在下载第 085/188 页...
2026-02-27 03:55:50 - mkk_comic - app.py:582 - INFO - 正在下载第 086/188 页...
2026-02-27 03:55:50 - mkk_comic - app.py:582 - INFO - 正在下载第 087/188 页...
2026-02-27 03:55:50 - mkk_comic - app.py:582 - INFO - 正在下载第 088/188 页...
2026-02-27 03:55:50 - mkk_comic - app.py:582 - INFO - 正在下载第 089/188 页...
2026-02-27 03:55:50 - mkk_comic - app.py:582 - INFO - 正在下载第 090/188 页...
2026-02-27 03:55:50 - mkk_comic - app.py:582 - INFO - 正在下载第 091/188 页...
2026-02-27 03:55:50 - mkk_comic - app.py:582 - INFO - 正在下载第 092/188 页...
2026-02-27 03:55:50 - mkk_comic - app.py:582 - INFO - 正在下载第 093/188 页...
2026-02-27 03:55:50 - mkk_comic - app.py:582 - INFO - 正在下载第 094/188 页...
2026-02-27 03:55:50 - mkk_comic - app.py:582 - INFO - 正在下载第 095/188 页...
2026-02-27 03:55:50 - mkk_comic - app.py:582 - INFO - 正在下载第 096/188 页...
2026-02-27 03:55:50 - mkk_comic - app.py:582 - INFO - 正在下载第 097/188 页...
2026-02-27 03:55:50 - mkk_comic - app.py:582 - INFO - 正在下载第 098/188 页...
2026-02-27 03:55:50 - mkk_comic - app.py:582 - INFO - 正在下载第 099/188 页...
2026-02-27 03:55:50 - mkk_comic - app.py:582 - INFO - 正在下载第 100/188 页...
2026-02-27 03:55:50 - mkk_comic - app.py:582 - INFO - 正在下载第 101/188 页...
2026-02-27 03:55:50 - mkk_comic - app.py:582 - INFO - 正在下载第 102/188 页...
2026-02-27 03:55:50 - mkk_comic - app.py:582 - INFO - 正在下载第 103/188 页...
2026-02-27 03:55:50 - mkk_comic - app.py:582 - INFO - 正在下载第 104/188 页...
2026-02-27 03:55:50 - mkk_comic - app.py:582 - INFO - 正在下载第 105/188 页...
2026-02-27 03:55:51 - mkk_comic - app.py:582 - INFO - 正在下载第 106/188 页...
2026-02-27 03:55:51 - mkk_comic - app.py:582 - INFO - 正在下载第 107/188 页...
2026-02-27 03:55:51 - mkk_comic - app.py:582 - INFO - 正在下载第 108/188 页...
2026-02-27 03:55:51 - mkk_comic - app.py:582 - INFO - 正在下载第 109/188 页...
2026-02-27 03:55:51 - mkk_comic - app.py:582 - INFO - 正在下载第 110/188 页...
2026-02-27 03:55:51 - mkk_comic - app.py:582 - INFO - 正在下载第 111/188 页...
2026-02-27 03:55:51 - mkk_comic - app.py:582 - INFO - 正在下载第 112/188 页...
2026-02-27 03:55:51 - mkk_comic - app.py:582 - INFO - 正在下载第 113/188 页...
2026-02-27 03:55:51 - mkk_comic - app.py:582 - INFO - 正在下载第 114/188 页...
2026-02-27 03:55:51 - mkk_comic - app.py:582 - INFO - 正在下载第 115/188 页...
2026-02-27 03:55:51 - mkk_comic - app.py:582 - INFO - 正在下载第 116/188 页...
2026-02-27 03:55:51 - mkk_comic - app.py:582 - INFO - 正在下载第 117/188 页...
2026-02-27 03:55:51 - mkk_comic - app.py:582 - INFO - 正在下载第 118/188 页...
2026-02-27 03:55:51 - mkk_comic - app.py:582 - INFO - 正在下载第 119/188 页...
2026-02-27 03:55:51 - mkk_comic - app.py:582 - INFO - 正在下载第 120/188 页...
2026-02-27 03:55:51 - mkk_comic - app.py:582 - INFO - 正在下载第 121/188 页...
2026-02-27 03:55:51 - mkk_comic - app.py:582 - INFO - 正在下载第 122/188 页...
2026-02-27 03:55:51 - mkk_comic - app.py:582 - INFO - 正在下载第 123/188 页...
2026-02-27 03:55:51 - mkk_comic - app.py:582 - INFO - 正在下载第 124/188 页...
2026-02-27 03:55:51 - mkk_comic - app.py:582 - INFO - 正在下载第 125/188 页...
2026-02-27 03:55:51 - mkk_comic - app.py:582 - INFO - 正在下载第 126/188 页...
2026-02-27 03:55:51 - mkk_comic - app.py:582 - INFO - 正在下载第 127/188 页...
2026-02-27 03:55:51 - mkk_comic - app.py:582 - INFO - 正在下载第 128/188 页...
2026-02-27 03:55:51 - mkk_comic - app.py:582 - INFO - 正在下载第 129/188 页...
2026-02-27 03:55:51 - mkk_comic - app.py:582 - INFO - 正在下载第 130/188 页...
2026-02-27 03:55:51 - mkk_comic - app.py:582 - INFO - 正在下载第 131/188 页...
2026-02-27 03:55:51 - mkk_comic - app.py:582 - INFO - 正在下载第 132/188 页...
2026-02-27 03:55:51 - mkk_comic - app.py:582 - INFO - 正在下载第 133/188 页...
2026-02-27 03:55:51 - mkk_comic - app.py:582 - INFO - 正在下载第 134/188 页...
2026-02-27 03:55:51 - mkk_comic - app.py:582 - INFO - 正在下载第 135/188 页...
2026-02-27 03:55:52 - mkk_comic - app.py:582 - INFO - 正在下载第 136/188 页...
2026-02-27 03:55:52 - mkk_comic - app.py:582 - INFO - 正在下载第 137/188 页...
2026-02-27 03:55:52 - mkk_comic - app.py:582 - INFO - 正在下载第 138/188 页...
2026-02-27 03:55:52 - mkk_comic - app.py:582 - INFO - 正在下载第 139/188 页...
2026-02-27 03:55:52 - mkk_comic - app.py:582 - INFO - 正在下载第 140/188 页...
2026-02-27 03:55:52 - mkk_comic - app.py:582 - INFO - 正在下载第 141/188 页...
2026-02-27 03:55:52 - mkk_comic - app.py:582 - INFO - 正在下载第 142/188 页...
2026-02-27 03:55:52 - mkk_comic - app.py:582 - INFO - 正在下载第 143/188 页...
2026-02-27 03:55:52 - mkk_comic - app.py:582 - INFO - 正在下载第 144/188 页...
2026-02-27 03:55:52 - mkk_comic - app.py:582 - INFO - 正在下载第 145/188 页...
2026-02-27 03:55:52 - mkk_comic - app.py:582 - INFO - 正在下载第 146/188 页...
2026-02-27 03:55:52 - mkk_comic - app.py:582 - INFO - 正在下载第 147/188 页...
2026-02-27 03:55:52 - mkk_comic - app.py:582 - INFO - 正在下载第 148/188 页...
2026-02-27 03:55:52 - mkk_comic - app.py:582 - INFO - 正在下载第 149/188 页...
2026-02-27 03:55:52 - mkk_comic - app.py:582 - INFO - 正在下载第 150/188 页...
2026-02-27 03:55:52 - mkk_comic - app.py:582 - INFO - 正在下载第 151/188 页...
2026-02-27 03:55:52 - mkk_comic - app.py:582 - INFO - 正在下载第 152/188 页...
2026-02-27 03:55:52 - mkk_comic - app.py:582 - INFO - 正在下载第 153/188 页...
2026-02-27 03:55:52 - mkk_comic - app.py:582 - INFO - 正在下载第 154/188 页...
2026-02-27 03:55:52 - mkk_comic - app.py:582 - INFO - 正在下载第 155/188 页...
2026-02-27 03:55:52 - mkk_comic - app.py:582 - INFO - 正在下载第 156/188 页...
2026-02-27 03:55:52 - mkk_comic - app.py:582 - INFO - 正在下载第 157/188 页...
2026-02-27 03:55:52 - mkk_comic - app.py:582 - INFO - 正在下载第 158/188 页...
2026-02-27 03:55:52 - mkk_comic - app.py:582 - INFO - 正在下载第 159/188 页...
2026-02-27 03:55:52 - mkk_comic - app.py:582 - INFO - 正在下载第 160/188 页...
2026-02-27 03:55:52 - mkk_comic - app.py:582 - INFO - 正在下载第 161/188 页...
2026-02-27 03:55:52 - mkk_comic - app.py:582 - INFO - 正在下载第 162/188 页...
2026-02-27 03:55:52 - mkk_comic - app.py:582 - INFO - 正在下载第 163/188 页...
2026-02-27 03:55:52 - mkk_comic - app.py:582 - INFO - 正在下载第 164/188 页...
2026-02-27 03:55:52 - mkk_comic - app.py:582 - INFO - 正在下载第 165/188 页...
2026-02-27 03:55:52 - mkk_comic - app.py:582 - INFO - 正在下载第 166/188 页...
2026-02-27 03:55:52 - mkk_comic - app.py:582 - INFO - 正在下载第 167/188 页...
2026-02-27 03:55:53 - mkk_comic - app.py:582 - INFO - 正在下载第 168/188 页...
2026-02-27 03:55:53 - mkk_comic - app.py:582 - INFO - 正在下载第 169/188 页...
2026-02-27 03:55:53 - mkk_comic - app.py:582 - INFO - 正在下载第 170/188 页...
2026-02-27 03:55:53 - mkk_comic - app.py:582 - INFO - 正在下载第 171/188 页...
2026-02-27 03:55:53 - mkk_comic - app.py:582 - INFO - 正在下载第 172/188 页...
2026-02-27 03:55:53 - mkk_comic - app.py:582 - INFO - 正在下载第 173/188 页...
2026-02-27 03:55:53 - mkk_comic - app.py:582 - INFO - 正在下载第 174/188 页...
2026-02-27 03:55:53 - mkk_comic - app.py:582 - INFO - 正在下载第 175/188 页...
2026-02-27 03:55:53 - mkk_comic - app.py:582 - INFO - 正在下载第 176/188 页...
2026-02-27 03:55:53 - mkk_comic - app.py:582 - INFO - 正在下载第 177/188 页...
2026-02-27 03:55:53 - mkk_comic - app.py:582 - INFO - 正在下载第 178/188 页...
2026-02-27 03:55:53 - mkk_comic - app.py:582 - INFO - 正在下载第 179/188 页...
2026-02-27 03:55:53 - mkk_comic - app.py:582 - INFO - 正在下载第 180/188 页...
2026-02-27 03:55:53 - mkk_comic - app.py:582 - INFO - 正在下载第 181/188 页...
2026-02-27 03:55:53 - mkk_comic - app.py:582 - INFO - 正在下载第 182/188 页...
2026-02-27 03:55:53 - mkk_comic - app.py:582 - INFO - 正在下载第 183/188 页...
2026-02-27 03:55:53 - mkk_comic - app.py:582 - INFO - 正在下载第 184/188 页...
2026-02-27 03:55:53 - mkk_comic - app.py:582 - INFO - 正在下载第 185/188 页...
2026-02-27 03:55:53 - mkk_comic - app.py:582 - INFO - 正在下载第 186/188 页...
2026-02-27 03:55:53 - mkk_comic - app.py:582 - INFO - 正在下载第 187/188 页...
2026-02-27 03:55:53 - mkk_comic - app.py:582 - INFO - 正在下载第 188/188 页...
2026-02-27 03:55:53 - mkk_comic - app.py:511 - INFO - 下载完成!
2026-02-27 03:55:53 - mkk_comic - app.py:512 - INFO - 成功下载: 188/188 页
2026-02-27 03:55:54 - mkk_comic - app.py:494 - INFO - 正在下载第89章: 89卷    UUID:dd62f0fd-c7d9-11e8-8831-024352452ce0
2026-02-27 03:55:55 - mkk_comic - app.py:502 - INFO - 创建目录: ./out/海贼王/89卷
2026-02-27 03:55:55 - mkk_comic - app.py:505 - INFO - 开始下载: 海贼王 - 89卷
2026-02-27 03:55:55 - mkk_comic - app.py:506 - INFO - 总页数: 215
2026-02-27 03:55:55 - mkk_comic - app.py:582 - INFO - 正在下载第 001/215 页...
2026-02-27 03:55:55 - mkk_comic - app.py:582 - INFO - 正在下载第 002/215 页...
2026-02-27 03:55:55 - mkk_comic - app.py:582 - INFO - 正在下载第 003/215 页...
2026-02-27 03:55:55 - mkk_comic - app.py:582 - INFO - 正在下载第 004/215 页...
2026-02-27 03:55:55 - mkk_comic - app.py:582 - INFO - 正在下载第 005/215 页...
2026-02-27 03:55:55 - mkk_comic - app.py:582 - INFO - 正在下载第 006/215 页...
2026-02-27 03:55:55 - mkk_comic - app.py:582 - INFO - 正在下载第 007/215 页...
2026-02-27 03:55:55 - mkk_comic - app.py:582 - INFO - 正在下载第 008/215 页...
2026-02-27 03:55:55 - mkk_comic - app.py:582 - INFO - 正在下载第 009/215 页...
2026-02-27 03:55:55 - mkk_comic - app.py:582 - INFO - 正在下载第 010/215 页...
2026-02-27 03:55:55 - mkk_comic - app.py:582 - INFO - 正在下载第 011/215 页...
2026-02-27 03:55:55 - mkk_comic - app.py:582 - INFO - 正在下载第 012/215 页...
2026-02-27 03:55:55 - mkk_comic - app.py:582 - INFO - 正在下载第 013/215 页...
2026-02-27 03:55:55 - mkk_comic - app.py:582 - INFO - 正在下载第 014/215 页...
2026-02-27 03:55:56 - mkk_comic - app.py:582 - INFO - 正在下载第 015/215 页...
2026-02-27 03:55:56 - mkk_comic - app.py:582 - INFO - 正在下载第 016/215 页...
2026-02-27 03:55:56 - mkk_comic - app.py:582 - INFO - 正在下载第 017/215 页...
2026-02-27 03:55:56 - mkk_comic - app.py:582 - INFO - 正在下载第 018/215 页...
2026-02-27 03:55:56 - mkk_comic - app.py:582 - INFO - 正在下载第 019/215 页...
2026-02-27 03:55:56 - mkk_comic - app.py:582 - INFO - 正在下载第 020/215 页...
2026-02-27 03:55:56 - mkk_comic - app.py:582 - INFO - 正在下载第 021/215 页...
2026-02-27 03:55:56 - mkk_comic - app.py:582 - INFO - 正在下载第 022/215 页...
2026-02-27 03:55:56 - mkk_comic - app.py:582 - INFO - 正在下载第 023/215 页...
2026-02-27 03:55:56 - mkk_comic - app.py:582 - INFO - 正在下载第 024/215 页...
2026-02-27 03:55:56 - mkk_comic - app.py:582 - INFO - 正在下载第 025/215 页...
2026-02-27 03:55:56 - mkk_comic - app.py:582 - INFO - 正在下载第 026/215 页...
2026-02-27 03:55:56 - mkk_comic - app.py:582 - INFO - 正在下载第 027/215 页...
2026-02-27 03:55:56 - mkk_comic - app.py:582 - INFO - 正在下载第 028/215 页...
2026-02-27 03:55:56 - mkk_comic - app.py:582 - INFO - 正在下载第 029/215 页...
2026-02-27 03:55:56 - mkk_comic - app.py:582 - INFO - 正在下载第 030/215 页...
2026-02-27 03:55:56 - mkk_comic - app.py:582 - INFO - 正在下载第 031/215 页...
2026-02-27 03:55:56 - mkk_comic - app.py:582 - INFO - 正在下载第 032/215 页...
2026-02-27 03:55:56 - mkk_comic - app.py:582 - INFO - 正在下载第 033/215 页...
2026-02-27 03:55:56 - mkk_comic - app.py:582 - INFO - 正在下载第 034/215 页...
2026-02-27 03:55:56 - mkk_comic - app.py:582 - INFO - 正在下载第 035/215 页...
2026-02-27 03:55:56 - mkk_comic - app.py:582 - INFO - 正在下载第 036/215 页...
2026-02-27 03:55:56 - mkk_comic - app.py:582 - INFO - 正在下载第 037/215 页...
2026-02-27 03:55:56 - mkk_comic - app.py:582 - INFO - 正在下载第 038/215 页...
2026-02-27 03:55:56 - mkk_comic - app.py:582 - INFO - 正在下载第 039/215 页...
2026-02-27 03:55:56 - mkk_comic - app.py:582 - INFO - 正在下载第 040/215 页...
2026-02-27 03:55:56 - mkk_comic - app.py:582 - INFO - 正在下载第 041/215 页...
2026-02-27 03:55:56 - mkk_comic - app.py:582 - INFO - 正在下载第 042/215 页...
2026-02-27 03:55:56 - mkk_comic - app.py:582 - INFO - 正在下载第 043/215 页...
2026-02-27 03:55:57 - mkk_comic - app.py:582 - INFO - 正在下载第 044/215 页...
2026-02-27 03:55:57 - mkk_comic - app.py:582 - INFO - 正在下载第 045/215 页...
2026-02-27 03:55:57 - mkk_comic - app.py:582 - INFO - 正在下载第 046/215 页...
2026-02-27 03:55:57 - mkk_comic - app.py:582 - INFO - 正在下载第 047/215 页...
2026-02-27 03:55:57 - mkk_comic - app.py:582 - INFO - 正在下载第 048/215 页...
2026-02-27 03:55:57 - mkk_comic - app.py:582 - INFO - 正在下载第 049/215 页...
2026-02-27 03:55:57 - mkk_comic - app.py:582 - INFO - 正在下载第 050/215 页...
2026-02-27 03:55:57 - mkk_comic - app.py:582 - INFO - 正在下载第 051/215 页...
2026-02-27 03:55:57 - mkk_comic - app.py:582 - INFO - 正在下载第 052/215 页...
2026-02-27 03:55:57 - mkk_comic - app.py:582 - INFO - 正在下载第 053/215 页...
2026-02-27 03:55:57 - mkk_comic - app.py:582 - INFO - 正在下载第 054/215 页...
2026-02-27 03:55:57 - mkk_comic - app.py:582 - INFO - 正在下载第 055/215 页...
2026-02-27 03:55:57 - mkk_comic - app.py:582 - INFO - 正在下载第 056/215 页...
2026-02-27 03:55:57 - mkk_comic - app.py:582 - INFO - 正在下载第 057/215 页...
2026-02-27 03:55:57 - mkk_comic - app.py:582 - INFO - 正在下载第 058/215 页...
2026-02-27 03:55:57 - mkk_comic - app.py:582 - INFO - 正在下载第 059/215 页...
2026-02-27 03:55:57 - mkk_comic - app.py:582 - INFO - 正在下载第 060/215 页...
2026-02-27 03:55:57 - mkk_comic - app.py:582 - INFO - 正在下载第 061/215 页...
2026-02-27 03:55:57 - mkk_comic - app.py:582 - INFO - 正在下载第 062/215 页...
2026-02-27 03:55:57 - mkk_comic - app.py:582 - INFO - 正在下载第 063/215 页...
2026-02-27 03:55:57 - mkk_comic - app.py:582 - INFO - 正在下载第 064/215 页...
2026-02-27 03:55:57 - mkk_comic - app.py:582 - INFO - 正在下载第 065/215 页...
2026-02-27 03:55:57 - mkk_comic - app.py:582 - INFO - 正在下载第 066/215 页...
2026-02-27 03:55:57 - mkk_comic - app.py:582 - INFO - 正在下载第 067/215 页...
2026-02-27 03:55:57 - mkk_comic - app.py:582 - INFO - 正在下载第 068/215 页...
2026-02-27 03:55:57 - mkk_comic - app.py:582 - INFO - 正在下载第 069/215 页...
2026-02-27 03:55:57 - mkk_comic - app.py:582 - INFO - 正在下载第 070/215 页...
2026-02-27 03:55:57 - mkk_comic - app.py:582 - INFO - 正在下载第 071/215 页...
2026-02-27 03:55:57 - mkk_comic - app.py:582 - INFO - 正在下载第 072/215 页...
2026-02-27 03:55:57 - mkk_comic - app.py:582 - INFO - 正在下载第 073/215 页...
2026-02-27 03:55:57 - mkk_comic - app.py:582 - INFO - 正在下载第 074/215 页...
2026-02-27 03:55:57 - mkk_comic - app.py:582 - INFO - 正在下载第 075/215 页...
2026-02-27 03:55:57 - mkk_comic - app.py:582 - INFO - 正在下载第 076/215 页...
2026-02-27 03:55:58 - mkk_comic - app.py:582 - INFO - 正在下载第 077/215 页...
2026-02-27 03:55:58 - mkk_comic - app.py:582 - INFO - 正在下载第 078/215 页...
2026-02-27 03:55:58 - mkk_comic - app.py:582 - INFO - 正在下载第 079/215 页...
2026-02-27 03:55:58 - mkk_comic - app.py:582 - INFO - 正在下载第 080/215 页...
2026-02-27 03:55:58 - mkk_comic - app.py:582 - INFO - 正在下载第 081/215 页...
2026-02-27 03:55:58 - mkk_comic - app.py:582 - INFO - 正在下载第 082/215 页...
2026-02-27 03:55:58 - mkk_comic - app.py:582 - INFO - 正在下载第 083/215 页...
2026-02-27 03:55:58 - mkk_comic - app.py:582 - INFO - 正在下载第 084/215 页...
2026-02-27 03:55:58 - mkk_comic - app.py:582 - INFO - 正在下载第 085/215 页...
2026-02-27 03:55:58 - mkk_comic - app.py:582 - INFO - 正在下载第 086/215 页...
2026-02-27 03:55:58 - mkk_comic - app.py:582 - INFO - 正在下载第 087/215 页...
2026-02-27 03:55:58 - mkk_comic - app.py:582 - INFO - 正在下载第 088/215 页...
2026-02-27 03:55:58 - mkk_comic - app.py:582 - INFO - 正在下载第 089/215 页...
2026-02-27 03:55:58 - mkk_comic - app.py:582 - INFO - 正在下载第 090/215 页...
2026-02-27 03:55:58 - mkk_comic - app.py:582 - INFO - 正在下载第 091/215 页...
2026-02-27 03:55:58 - mkk_comic - app.py:582 - INFO - 正在下载第 092/215 页...
2026-02-27 03:55:58 - mkk_comic - app.py:582 - INFO - 正在下载第 093/215 页...
2026-02-27 03:55:58 - mkk_comic - app.py:582 - INFO - 正在下载第 094/215 页...
2026-02-27 03:55:58 - mkk_comic - app.py:582 - INFO - 正在下载第 095/215 页...
2026-02-27 03:55:58 - mkk_comic - app.py:582 - INFO - 正在下载第 096/215 页...
2026-02-27 03:55:58 - mkk_comic - app.py:582 - INFO - 正在下载第 097/215 页...
2026-02-27 03:55:58 - mkk_comic - app.py:582 - INFO - 正在下载第 098/215 页...
2026-02-27 03:55:58 - mkk_comic - app.py:582 - INFO - 正在下载第 099/215 页...
2026-02-27 03:55:58 - mkk_comic - app.py:582 - INFO - 正在下载第 100/215 页...
2026-02-27 03:55:58 - mkk_comic - app.py:582 - INFO - 正在下载第 101/215 页...
2026-02-27 03:55:58 - mkk_comic - app.py:582 - INFO - 正在下载第 102/215 页...
2026-02-27 03:55:58 - mkk_comic - app.py:582 - INFO - 正在下载第 103/215 页...
2026-02-27 03:55:58 - mkk_comic - app.py:582 - INFO - 正在下载第 104/215 页...
2026-02-27 03:55:58 - mkk_comic - app.py:582 - INFO - 正在下载第 105/215 页...
2026-02-27 03:55:58 - mkk_comic - app.py:582 - INFO - 正在下载第 106/215 页...
2026-02-27 03:55:58 - mkk_comic - app.py:582 - INFO - 正在下载第 107/215 页...
2026-02-27 03:55:58 - mkk_comic - app.py:582 - INFO - 正在下载第 108/215 页...
2026-02-27 03:55:59 - mkk_comic - app.py:582 - INFO - 正在下载第 109/215 页...
2026-02-27 03:55:59 - mkk_comic - app.py:582 - INFO - 正在下载第 110/215 页...
2026-02-27 03:55:59 - mkk_comic - app.py:582 - INFO - 正在下载第 111/215 页...
2026-02-27 03:55:59 - mkk_comic - app.py:582 - INFO - 正在下载第 112/215 页...
2026-02-27 03:55:59 - mkk_comic - app.py:582 - INFO - 正在下载第 113/215 页...
2026-02-27 03:55:59 - mkk_comic - app.py:582 - INFO - 正在下载第 114/215 页...
2026-02-27 03:55:59 - mkk_comic - app.py:582 - INFO - 正在下载第 115/215 页...
2026-02-27 03:55:59 - mkk_comic - app.py:582 - INFO - 正在下载第 116/215 页...
2026-02-27 03:55:59 - mkk_comic - app.py:582 - INFO - 正在下载第 117/215 页...
2026-02-27 03:55:59 - mkk_comic - app.py:582 - INFO - 正在下载第 118/215 页...
2026-02-27 03:55:59 - mkk_comic - app.py:582 - INFO - 正在下载第 119/215 页...
2026-02-27 03:55:59 - mkk_comic - app.py:582 - INFO - 正在下载第 120/215 页...
2026-02-27 03:55:59 - mkk_comic - app.py:582 - INFO - 正在下载第 121/215 页...
2026-02-27 03:55:59 - mkk_comic - app.py:582 - INFO - 正在下载第 122/215 页...
2026-02-27 03:55:59 - mkk_comic - app.py:582 - INFO - 正在下载第 123/215 页...
2026-02-27 03:55:59 - mkk_comic - app.py:582 - INFO - 正在下载第 124/215 页...
2026-02-27 03:55:59 - mkk_comic - app.py:582 - INFO - 正在下载第 125/215 页...
2026-02-27 03:55:59 - mkk_comic - app.py:582 - INFO - 正在下载第 126/215 页...
2026-02-27 03:55:59 - mkk_comic - app.py:582 - INFO - 正在下载第 127/215 页...
2026-02-27 03:55:59 - mkk_comic - app.py:582 - INFO - 正在下载第 128/215 页...
2026-02-27 03:55:59 - mkk_comic - app.py:582 - INFO - 正在下载第 129/215 页...
2026-02-27 03:55:59 - mkk_comic - app.py:582 - INFO - 正在下载第 130/215 页...
2026-02-27 03:55:59 - mkk_comic - app.py:582 - INFO - 正在下载第 131/215 页...
2026-02-27 03:55:59 - mkk_comic - app.py:582 - INFO - 正在下载第 132/215 页...
2026-02-27 03:55:59 - mkk_comic - app.py:582 - INFO - 正在下载第 133/215 页...
2026-02-27 03:55:59 - mkk_comic - app.py:582 - INFO - 正在下载第 134/215 页...
2026-02-27 03:55:59 - mkk_comic - app.py:582 - INFO - 正在下载第 135/215 页...
2026-02-27 03:55:59 - mkk_comic - app.py:582 - INFO - 正在下载第 136/215 页...
2026-02-27 03:55:59 - mkk_comic - app.py:582 - INFO - 正在下载第 137/215 页...
2026-02-27 03:55:59 - mkk_comic - app.py:582 - INFO - 正在下载第 138/215 页...
2026-02-27 03:55:59 - mkk_comic - app.py:582 - INFO - 正在下载第 139/215 页...
2026-02-27 03:55:59 - mkk_comic - app.py:582 - INFO - 正在下载第 140/215 页...
2026-02-27 03:55:59 - mkk_comic - app.py:582 - INFO - 正在下载第 141/215 页...
2026-02-27 03:56:00 - mkk_comic - app.py:582 - INFO - 正在下载第 142/215 页...
2026-02-27 03:56:00 - mkk_comic - app.py:582 - INFO - 正在下载第 143/215 页...
2026-02-27 03:56:00 - mkk_comic - app.py:582 - INFO - 正在下载第 144/215 页...
2026-02-27 03:56:00 - mkk_comic - app.py:582 - INFO - 正在下载第 145/215 页...
2026-02-27 03:56:00 - mkk_comic - app.py:582 - INFO - 正在下载第 146/215 页...
2026-02-27 03:56:00 - mkk_comic - app.py:582 - INFO - 正在下载第 147/215 页...
2026-02-27 03:56:00 - mkk_comic - app.py:582 - INFO - 正在下载第 148/215 页...
2026-02-27 03:56:00 - mkk_comic - app.py:582 - INFO - 正在下载第 149/215 页...
2026-02-27 03:56:00 - mkk_comic - app.py:582 - INFO - 正在下载第 150/215 页...
2026-02-27 03:56:00 - mkk_comic - app.py:582 - INFO - 正在下载第 151/215 页...
2026-02-27 03:56:00 - mkk_comic - app.py:582 - INFO - 正在下载第 152/215 页...
2026-02-27 03:56:00 - mkk_comic - app.py:582 - INFO - 正在下载第 153/215 页...
2026-02-27 03:56:00 - mkk_comic - app.py:582 - INFO - 正在下载第 154/215 页...
2026-02-27 03:56:00 - mkk_comic - app.py:582 - INFO - 正在下载第 155/215 页...
2026-02-27 03:56:00 - mkk_comic - app.py:582 - INFO - 正在下载第 156/215 页...
2026-02-27 03:56:00 - mkk_comic - app.py:582 - INFO - 正在下载第 157/215 页...
2026-02-27 03:56:00 - mkk_comic - app.py:582 - INFO - 正在下载第 158/215 页...
2026-02-27 03:56:00 - mkk_comic - app.py:582 - INFO - 正在下载第 159/215 页...
2026-02-27 03:56:00 - mkk_comic - app.py:582 - INFO - 正在下载第 160/215 页...
2026-02-27 03:56:00 - mkk_comic - app.py:582 - INFO - 正在下载第 161/215 页...
2026-02-27 03:56:00 - mkk_comic - app.py:582 - INFO - 正在下载第 162/215 页...
2026-02-27 03:56:00 - mkk_comic - app.py:582 - INFO - 正在下载第 163/215 页...
2026-02-27 03:56:00 - mkk_comic - app.py:582 - INFO - 正在下载第 164/215 页...
2026-02-27 03:56:00 - mkk_comic - app.py:582 - INFO - 正在下载第 165/215 页...
2026-02-27 03:56:00 - mkk_comic - app.py:582 - INFO - 正在下载第 166/215 页...
2026-02-27 03:56:00 - mkk_comic - app.py:582 - INFO - 正在下载第 167/215 页...
2026-02-27 03:56:00 - mkk_comic - app.py:582 - INFO - 正在下载第 168/215 页...
2026-02-27 03:56:00 - mkk_comic - app.py:582 - INFO - 正在下载第 169/215 页...
2026-02-27 03:56:00 - mkk_comic - app.py:582 - INFO - 正在下载第 170/215 页...
2026-02-27 03:56:00 - mkk_comic - app.py:582 - INFO - 正在下载第 171/215 页...
2026-02-27 03:56:00 - mkk_comic - app.py:582 - INFO - 正在下载第 172/215 页...
2026-02-27 03:56:00 - mkk_comic - app.py:582 - INFO - 正在下载第 173/215 页...
2026-02-27 03:56:00 - mkk_comic - app.py:582 - INFO - 正在下载第 174/215 页...
2026-02-27 03:56:01 - mkk_comic - app.py:582 - INFO - 正在下载第 175/215 页...
2026-02-27 03:56:01 - mkk_comic - app.py:582 - INFO - 正在下载第 176/215 页...
2026-02-27 03:56:01 - mkk_comic - app.py:582 - INFO - 正在下载第 177/215 页...
2026-02-27 03:56:01 - mkk_comic - app.py:582 - INFO - 正在下载第 178/215 页...
2026-02-27 03:56:01 - mkk_comic - app.py:582 - INFO - 正在下载第 179/215 页...
2026-02-27 03:56:01 - mkk_comic - app.py:582 - INFO - 正在下载第 180/215 页...
2026-02-27 03:56:01 - mkk_comic - app.py:582 - INFO - 正在下载第 181/215 页...
2026-02-27 03:56:01 - mkk_comic - app.py:582 - INFO - 正在下载第 182/215 页...
2026-02-27 03:56:01 - mkk_comic - app.py:582 - INFO - 正在下载第 183/215 页...
2026-02-27 03:56:01 - mkk_comic - app.py:582 - INFO - 正在下载第 184/215 页...
2026-02-27 03:56:01 - mkk_comic - app.py:582 - INFO - 正在下载第 185/215 页...
2026-02-27 03:56:01 - mkk_comic - app.py:582 - INFO - 正在下载第 186/215 页...
2026-02-27 03:56:01 - mkk_comic - app.py:582 - INFO - 正在下载第 187/215 页...
2026-02-27 03:56:01 - mkk_comic - app.py:582 - INFO - 正在下载第 188/215 页...
2026-02-27 03:56:01 - mkk_comic - app.py:582 - INFO - 正在下载第 189/215 页...
2026-02-27 03:56:01 - mkk_comic - app.py:582 - INFO - 正在下载第 190/215 页...
2026-02-27 03:56:01 - mkk_comic - app.py:582 - INFO - 正在下载第 191/215 页...
2026-02-27 03:56:01 - mkk_comic - app.py:582 - INFO - 正在下载第 192/215 页...
2026-02-27 03:56:01 - mkk_comic - app.py:582 - INFO - 正在下载第 193/215 页...
2026-02-27 03:56:01 - mkk_comic - app.py:582 - INFO - 正在下载第 194/215 页...
2026-02-27 03:56:01 - mkk_comic - app.py:582 - INFO - 正在下载第 195/215 页...
2026-02-27 03:56:01 - mkk_comic - app.py:582 - INFO - 正在下载第 196/215 页...
2026-02-27 03:56:01 - mkk_comic - app.py:582 - INFO - 正在下载第 197/215 页...
2026-02-27 03:56:01 - mkk_comic - app.py:582 - INFO - 正在下载第 198/215 页...
2026-02-27 03:56:01 - mkk_comic - app.py:582 - INFO - 正在下载第 199/215 页...
2026-02-27 03:56:01 - mkk_comic - app.py:582 - INFO - 正在下载第 200/215 页...
2026-02-27 03:56:01 - mkk_comic - app.py:582 - INFO - 正在下载第 201/215 页...
2026-02-27 03:56:01 - mkk_comic - app.py:582 - INFO - 正在下载第 202/215 页...
2026-02-27 03:56:01 - mkk_comic - app.py:582 - INFO - 正在下载第 203/215 页...
2026-02-27 03:56:01 - mkk_comic - app.py:582 - INFO - 正在下载第 204/215 页...
2026-02-27 03:56:02 - mkk_comic - app.py:582 - INFO - 正在下载第 205/215 页...
2026-02-27 03:56:02 - mkk_comic - app.py:582 - INFO - 正在下载第 206/215 页...
2026-02-27 03:56:02 - mkk_comic - app.py:582 - INFO - 正在下载第 207/215 页...
2026-02-27 03:56:02 - mkk_comic - app.py:582 - INFO - 正在下载第 208/215 页...
2026-02-27 03:56:02 - mkk_comic - app.py:582 - INFO - 正在下载第 209/215 页...
2026-02-27 03:56:02 - mkk_comic - app.py:582 - INFO - 正在下载第 210/215 页...
2026-02-27 03:56:02 - mkk_comic - app.py:582 - INFO - 正在下载第 211/215 页...
2026-02-27 03:56:02 - mkk_comic - app.py:582 - INFO - 正在下载第 212/215 页...
2026-02-27 03:56:02 - mkk_comic - app.py:582 - INFO - 正在下载第 213/215 页...
2026-02-27 03:56:02 - mkk_comic - app.py:582 - INFO - 正在下载第 214/215 页...
2026-02-27 03:56:02 - mkk_comic - app.py:582 - INFO - 正在下载第 215/215 页...
2026-02-27 03:56:02 - mkk_comic - app.py:511 - INFO - 下载完成!
2026-02-27 03:56:02 - mkk_comic - app.py:512 - INFO - 成功下载: 215/215 页
2026-02-27 03:56:02 - mkk_comic - app.py:838 - INFO - 【电锯人】上次下载至第84章
2026-02-27 03:56:03 - mkk_comic - app.py:845 - INFO - 【电锯人】检测到更新！最新：255章
2026-02-27 03:56:03 - mkk_comic - app.py:848 - INFO - 【电锯人】最大下载限制为5章-需下载85~89章）
2026-02-27 03:56:04 - mkk_comic - app.py:494 - INFO - 正在下载第85章: 08卷附录    UUID:7ce1a5e8-ed2f-11ea-9970-00163e0ca5bd
2026-02-27 03:56:04 - mkk_comic - app.py:502 - INFO - 创建目录: ./out/電鋸人/08卷附录
2026-02-27 03:56:04 - mkk_comic - app.py:505 - INFO - 开始下载: 電鋸人 - 08卷附录
2026-02-27 03:56:04 - mkk_comic - app.py:506 - INFO - 总页数: 19
2026-02-27 03:56:04 - mkk_comic - app.py:582 - INFO - 正在下载第 001/019 页...
2026-02-27 03:56:04 - mkk_comic - app.py:582 - INFO - 正在下载第 002/019 页...
2026-02-27 03:56:04 - mkk_comic - app.py:582 - INFO - 正在下载第 003/019 页...
2026-02-27 03:56:04 - mkk_comic - app.py:582 - INFO - 正在下载第 004/019 页...
2026-02-27 03:56:04 - mkk_comic - app.py:582 - INFO - 正在下载第 005/019 页...
2026-02-27 03:56:05 - mkk_comic - app.py:582 - INFO - 正在下载第 006/019 页...
2026-02-27 03:56:05 - mkk_comic - app.py:582 - INFO - 正在下载第 007/019 页...
2026-02-27 03:56:05 - mkk_comic - app.py:582 - INFO - 正在下载第 008/019 页...
2026-02-27 03:56:05 - mkk_comic - app.py:582 - INFO - 正在下载第 009/019 页...
2026-02-27 03:56:05 - mkk_comic - app.py:582 - INFO - 正在下载第 010/019 页...
2026-02-27 03:56:05 - mkk_comic - app.py:582 - INFO - 正在下载第 011/019 页...
2026-02-27 03:56:05 - mkk_comic - app.py:582 - INFO - 正在下载第 012/019 页...
2026-02-27 03:56:05 - mkk_comic - app.py:582 - INFO - 正在下载第 013/019 页...
2026-02-27 03:56:05 - mkk_comic - app.py:582 - INFO - 正在下载第 014/019 页...
2026-02-27 03:56:05 - mkk_comic - app.py:582 - INFO - 正在下载第 015/019 页...
2026-02-27 03:56:05 - mkk_comic - app.py:582 - INFO - 正在下载第 016/019 页...
2026-02-27 03:56:05 - mkk_comic - app.py:582 - INFO - 正在下载第 017/019 页...
2026-02-27 03:56:05 - mkk_comic - app.py:582 - INFO - 正在下载第 018/019 页...
2026-02-27 03:56:05 - mkk_comic - app.py:582 - INFO - 正在下载第 019/019 页...
2026-02-27 03:56:05 - mkk_comic - app.py:511 - INFO - 下载完成!
2026-02-27 03:56:05 - mkk_comic - app.py:512 - INFO - 成功下载: 19/19 页
2026-02-27 03:56:06 - mkk_comic - app.py:494 - INFO - 正在下载第86章: 第76话    UUID:7ce1d9aa-ed2f-11ea-9970-00163e0ca5bd
2026-02-27 03:56:07 - mkk_comic - app.py:502 - INFO - 创建目录: ./out/電鋸人/第76话
2026-02-27 03:56:07 - mkk_comic - app.py:505 - INFO - 开始下载: 電鋸人 - 第76话
2026-02-27 03:56:07 - mkk_comic - app.py:506 - INFO - 总页数: 16
2026-02-27 03:56:07 - mkk_comic - app.py:582 - INFO - 正在下载第 001/016 页...
2026-02-27 03:56:07 - mkk_comic - app.py:582 - INFO - 正在下载第 002/016 页...
2026-02-27 03:56:07 - mkk_comic - app.py:582 - INFO - 正在下载第 003/016 页...
2026-02-27 03:56:07 - mkk_comic - app.py:582 - INFO - 正在下载第 004/016 页...
2026-02-27 03:56:07 - mkk_comic - app.py:582 - INFO - 正在下载第 005/016 页...
2026-02-27 03:56:07 - mkk_comic - app.py:582 - INFO - 正在下载第 006/016 页...
2026-02-27 03:56:07 - mkk_comic - app.py:582 - INFO - 正在下载第 007/016 页...
2026-02-27 03:56:07 - mkk_comic - app.py:582 - INFO - 正在下载第 008/016 页...
2026-02-27 03:56:07 - mkk_comic - app.py:582 - INFO - 正在下载第 009/016 页...
2026-02-27 03:56:07 - mkk_comic - app.py:582 - INFO - 正在下载第 010/016 页...
2026-02-27 03:56:07 - mkk_comic - app.py:582 - INFO - 正在下载第 011/016 页...
2026-02-27 03:56:07 - mkk_comic - app.py:582 - INFO - 正在下载第 012/016 页...
2026-02-27 03:56:07 - mkk_comic - app.py:582 - INFO - 正在下载第 013/016 页...
2026-02-27 03:56:07 - mkk_comic - app.py:582 - INFO - 正在下载第 014/016 页...
2026-02-27 03:56:07 - mkk_comic - app.py:582 - INFO - 正在下载第 015/016 页...
2026-02-27 03:56:07 - mkk_comic - app.py:582 - INFO - 正在下载第 016/016 页...
2026-02-27 03:56:07 - mkk_comic - app.py:511 - INFO - 下载完成!
2026-02-27 03:56:07 - mkk_comic - app.py:512 - INFO - 成功下载: 16/16 页
2026-02-27 03:56:08 - mkk_comic - app.py:494 - INFO - 正在下载第87章: 第77话    UUID:7ce20786-ed2f-11ea-9970-00163e0ca5bd
2026-02-27 03:56:09 - mkk_comic - app.py:502 - INFO - 创建目录: ./out/電鋸人/第77话
2026-02-27 03:56:09 - mkk_comic - app.py:505 - INFO - 开始下载: 電鋸人 - 第77话
2026-02-27 03:56:09 - mkk_comic - app.py:506 - INFO - 总页数: 20
2026-02-27 03:56:09 - mkk_comic - app.py:582 - INFO - 正在下载第 001/020 页...
2026-02-27 03:56:09 - mkk_comic - app.py:582 - INFO - 正在下载第 002/020 页...
2026-02-27 03:56:09 - mkk_comic - app.py:582 - INFO - 正在下载第 003/020 页...
2026-02-27 03:56:09 - mkk_comic - app.py:582 - INFO - 正在下载第 004/020 页...
2026-02-27 03:56:09 - mkk_comic - app.py:582 - INFO - 正在下载第 005/020 页...
2026-02-27 03:56:09 - mkk_comic - app.py:582 - INFO - 正在下载第 006/020 页...
2026-02-27 03:56:09 - mkk_comic - app.py:582 - INFO - 正在下载第 007/020 页...
2026-02-27 03:56:09 - mkk_comic - app.py:582 - INFO - 正在下载第 008/020 页...
2026-02-27 03:56:09 - mkk_comic - app.py:582 - INFO - 正在下载第 009/020 页...
2026-02-27 03:56:09 - mkk_comic - app.py:582 - INFO - 正在下载第 010/020 页...
2026-02-27 03:56:09 - mkk_comic - app.py:582 - INFO - 正在下载第 011/020 页...
2026-02-27 03:56:09 - mkk_comic - app.py:582 - INFO - 正在下载第 012/020 页...
2026-02-27 03:56:09 - mkk_comic - app.py:582 - INFO - 正在下载第 013/020 页...
2026-02-27 03:56:09 - mkk_comic - app.py:582 - INFO - 正在下载第 014/020 页...
2026-02-27 03:56:09 - mkk_comic - app.py:582 - INFO - 正在下载第 015/020 页...
2026-02-27 03:56:09 - mkk_comic - app.py:582 - INFO - 正在下载第 016/020 页...
2026-02-27 03:56:09 - mkk_comic - app.py:582 - INFO - 正在下载第 017/020 页...
2026-02-27 03:56:09 - mkk_comic - app.py:582 - INFO - 正在下载第 018/020 页...
2026-02-27 03:56:09 - mkk_comic - app.py:582 - INFO - 正在下载第 019/020 页...
2026-02-27 03:56:09 - mkk_comic - app.py:582 - INFO - 正在下载第 020/020 页...
2026-02-27 03:56:10 - mkk_comic - app.py:511 - INFO - 下载完成!
2026-02-27 03:56:10 - mkk_comic - app.py:512 - INFO - 成功下载: 20/20 页
2026-02-27 03:56:10 - mkk_comic - app.py:494 - INFO - 正在下载第88章: 第78话    UUID:7ce231a2-ed2f-11ea-9970-00163e0ca5bd
2026-02-27 03:56:11 - mkk_comic - app.py:502 - INFO - 创建目录: ./out/電鋸人/第78话
2026-02-27 03:56:11 - mkk_comic - app.py:505 - INFO - 开始下载: 電鋸人 - 第78话
2026-02-27 03:56:11 - mkk_comic - app.py:506 - INFO - 总页数: 17
2026-02-27 03:56:11 - mkk_comic - app.py:582 - INFO - 正在下载第 001/017 页...
2026-02-27 03:56:11 - mkk_comic - app.py:582 - INFO - 正在下载第 002/017 页...
2026-02-27 03:56:11 - mkk_comic - app.py:582 - INFO - 正在下载第 003/017 页...
2026-02-27 03:56:11 - mkk_comic - app.py:582 - INFO - 正在下载第 004/017 页...
2026-02-27 03:56:11 - mkk_comic - app.py:582 - INFO - 正在下载第 005/017 页...
2026-02-27 03:56:11 - mkk_comic - app.py:582 - INFO - 正在下载第 006/017 页...
2026-02-27 03:56:11 - mkk_comic - app.py:582 - INFO - 正在下载第 007/017 页...
2026-02-27 03:56:11 - mkk_comic - app.py:582 - INFO - 正在下载第 008/017 页...
2026-02-27 03:56:11 - mkk_comic - app.py:582 - INFO - 正在下载第 009/017 页...
2026-02-27 03:56:11 - mkk_comic - app.py:582 - INFO - 正在下载第 010/017 页...
2026-02-27 03:56:11 - mkk_comic - app.py:582 - INFO - 正在下载第 011/017 页...
2026-02-27 03:56:11 - mkk_comic - app.py:582 - INFO - 正在下载第 012/017 页...
2026-02-27 03:56:12 - mkk_comic - app.py:582 - INFO - 正在下载第 013/017 页...
2026-02-27 03:56:12 - mkk_comic - app.py:582 - INFO - 正在下载第 014/017 页...
2026-02-27 03:56:12 - mkk_comic - app.py:582 - INFO - 正在下载第 015/017 页...
2026-02-27 03:56:12 - mkk_comic - app.py:582 - INFO - 正在下载第 016/017 页...
2026-02-27 03:56:12 - mkk_comic - app.py:582 - INFO - 正在下载第 017/017 页...
2026-02-27 03:56:12 - mkk_comic - app.py:511 - INFO - 下载完成!
2026-02-27 03:56:12 - mkk_comic - app.py:512 - INFO - 成功下载: 17/17 页
2026-02-27 03:56:13 - mkk_comic - app.py:494 - INFO - 正在下载第89章: 第79话    UUID:7ce25a38-ed2f-11ea-9970-00163e0ca5bd
2026-02-27 03:56:13 - mkk_comic - app.py:502 - INFO - 创建目录: ./out/電鋸人/第79话
2026-02-27 03:56:13 - mkk_comic - app.py:505 - INFO - 开始下载: 電鋸人 - 第79话
2026-02-27 03:56:13 - mkk_comic - app.py:506 - INFO - 总页数: 20
2026-02-27 03:56:13 - mkk_comic - app.py:582 - INFO - 正在下载第 001/020 页...
2026-02-27 03:56:13 - mkk_comic - app.py:582 - INFO - 正在下载第 002/020 页...
2026-02-27 03:56:13 - mkk_comic - app.py:582 - INFO - 正在下载第 003/020 页...
2026-02-27 03:56:13 - mkk_comic - app.py:582 - INFO - 正在下载第 004/020 页...
2026-02-27 03:56:13 - mkk_comic - app.py:582 - INFO - 正在下载第 005/020 页...
2026-02-27 03:56:14 - mkk_comic - app.py:582 - INFO - 正在下载第 006/020 页...
2026-02-27 03:56:14 - mkk_comic - app.py:582 - INFO - 正在下载第 007/020 页...
2026-02-27 03:56:14 - mkk_comic - app.py:582 - INFO - 正在下载第 008/020 页...
2026-02-27 03:56:14 - mkk_comic - app.py:582 - INFO - 正在下载第 009/020 页...
2026-02-27 03:56:14 - mkk_comic - app.py:582 - INFO - 正在下载第 010/020 页...
2026-02-27 03:56:14 - mkk_comic - app.py:582 - INFO - 正在下载第 011/020 页...
2026-02-27 03:56:14 - mkk_comic - app.py:582 - INFO - 正在下载第 012/020 页...
2026-02-27 03:56:14 - mkk_comic - app.py:582 - INFO - 正在下载第 013/020 页...
2026-02-27 03:56:14 - mkk_comic - app.py:582 - INFO - 正在下载第 014/020 页...
2026-02-27 03:56:14 - mkk_comic - app.py:582 - INFO - 正在下载第 015/020 页...
2026-02-27 03:56:14 - mkk_comic - app.py:582 - INFO - 正在下载第 016/020 页...
2026-02-27 03:56:14 - mkk_comic - app.py:582 - INFO - 正在下载第 017/020 页...
2026-02-27 03:56:14 - mkk_comic - app.py:582 - INFO - 正在下载第 018/020 页...
2026-02-27 03:56:14 - mkk_comic - app.py:582 - INFO - 正在下载第 019/020 页...
2026-02-27 03:56:14 - mkk_comic - app.py:582 - INFO - 正在下载第 020/020 页...
2026-02-27 03:56:14 - mkk_comic - app.py:511 - INFO - 下载完成!
2026-02-27 03:56:14 - mkk_comic - app.py:512 - INFO - 成功下载: 20/20 页
2026-02-27 03:56:14 - mkk_comic - app.py:858 - INFO - ===== 检查更新完成 =====

