2026-03-07 03:34:33 - mkk_comic - app.py:868 - INFO - 运行环境：GitHub Actions（自动化模式）
2026-03-07 03:34:33 - mkk_comic - app.py:825 - INFO - ===== 开始检查更新=====
2026-03-07 03:34:33 - mkk_comic - app.py:843 - INFO - 【海贼王】上次下载至第169章
2026-03-07 03:34:34 - mkk_comic - app.py:850 - INFO - 【海贼王】检测到更新！最新：380章
2026-03-07 03:34:34 - mkk_comic - app.py:853 - INFO - 【海贼王】最大下载限制为10章-需下载170~179章）
2026-03-07 03:34:35 - mkk_comic - app.py:494 - INFO - 正在下载第170章: 965話    UUID:8f86875c-1e83-11ea-9cc7-024352452ce0
2026-03-07 03:34:35 - mkk_comic - app.py:502 - INFO - 创建目录: ./out/海贼王/965話
2026-03-07 03:34:35 - mkk_comic - app.py:505 - INFO - 开始下载: 海贼王 - 965話
2026-03-07 03:34:35 - mkk_comic - app.py:506 - INFO - 总页数: 13
2026-03-07 03:34:35 - mkk_comic - app.py:587 - INFO - 正在下载第 001/013 页...
2026-03-07 03:34:35 - mkk_comic - app.py:587 - INFO - 正在下载第 002/013 页...
2026-03-07 03:34:35 - mkk_comic - app.py:587 - INFO - 正在下载第 003/013 页...
2026-03-07 03:34:35 - mkk_comic - app.py:587 - INFO - 正在下载第 004/013 页...
2026-03-07 03:34:35 - mkk_comic - app.py:587 - INFO - 正在下载第 005/013 页...
2026-03-07 03:34:36 - mkk_comic - app.py:587 - INFO - 正在下载第 006/013 页...
2026-03-07 03:34:36 - mkk_comic - app.py:587 - INFO - 正在下载第 007/013 页...
2026-03-07 03:34:36 - mkk_comic - app.py:587 - INFO - 正在下载第 008/013 页...
2026-03-07 03:34:36 - mkk_comic - app.py:587 - INFO - 正在下载第 009/013 页...
2026-03-07 03:34:36 - mkk_comic - app.py:587 - INFO - 正在下载第 010/013 页...
2026-03-07 03:34:36 - mkk_comic - app.py:587 - INFO - 正在下载第 011/013 页...
2026-03-07 03:34:36 - mkk_comic - app.py:587 - INFO - 正在下载第 012/013 页...
2026-03-07 03:34:36 - mkk_comic - app.py:587 - INFO - 正在下载第 013/013 页...
2026-03-07 03:34:36 - mkk_comic - app.py:511 - INFO - 下载完成!
2026-03-07 03:34:36 - mkk_comic - app.py:512 - INFO - 成功下载: 13/13 页
2026-03-07 03:34:36 - mkk_comic - app.py:523 - INFO - 章节下载完成，等待 8.9 秒后继续...
2026-03-07 03:34:46 - mkk_comic - app.py:494 - INFO - 正在下载第171章: 966話    UUID:e8ba8cf6-2329-11ea-9daa-024352452ce0
2026-03-07 03:34:47 - mkk_comic - app.py:502 - INFO - 创建目录: ./out/海贼王/966話
2026-03-07 03:34:47 - mkk_comic - app.py:505 - INFO - 开始下载: 海贼王 - 966話
2026-03-07 03:34:47 - mkk_comic - app.py:506 - INFO - 总页数: 16
2026-03-07 03:34:47 - mkk_comic - app.py:587 - INFO - 正在下载第 001/016 页...
2026-03-07 03:34:47 - mkk_comic - app.py:587 - INFO - 正在下载第 002/016 页...
2026-03-07 03:34:47 - mkk_comic - app.py:587 - INFO - 正在下载第 003/016 页...
2026-03-07 03:34:47 - mkk_comic - app.py:587 - INFO - 正在下载第 004/016 页...
2026-03-07 03:34:47 - mkk_comic - app.py:587 - INFO - 正在下载第 005/016 页...
2026-03-07 03:34:47 - mkk_comic - app.py:587 - INFO - 正在下载第 006/016 页...
2026-03-07 03:34:47 - mkk_comic - app.py:587 - INFO - 正在下载第 007/016 页...
2026-03-07 03:34:47 - mkk_comic - app.py:587 - INFO - 正在下载第 008/016 页...
2026-03-07 03:34:47 - mkk_comic - app.py:587 - INFO - 正在下载第 009/016 页...
2026-03-07 03:34:47 - mkk_comic - app.py:587 - INFO - 正在下载第 010/016 页...
2026-03-07 03:34:47 - mkk_comic - app.py:587 - INFO - 正在下载第 011/016 页...
2026-03-07 03:34:47 - mkk_comic - app.py:587 - INFO - 正在下载第 012/016 页...
2026-03-07 03:34:47 - mkk_comic - app.py:587 - INFO - 正在下载第 013/016 页...
2026-03-07 03:34:47 - mkk_comic - app.py:587 - INFO - 正在下载第 014/016 页...
2026-03-07 03:34:47 - mkk_comic - app.py:587 - INFO - 正在下载第 015/016 页...
2026-03-07 03:34:47 - mkk_comic - app.py:587 - INFO - 正在下载第 016/016 页...
2026-03-07 03:34:48 - mkk_comic - app.py:511 - INFO - 下载完成!
2026-03-07 03:34:48 - mkk_comic - app.py:512 - INFO - 成功下载: 16/16 页
2026-03-07 03:34:48 - mkk_comic - app.py:523 - INFO - 章节下载完成，等待 7.5 秒后继续...
2026-03-07 03:34:56 - mkk_comic - app.py:494 - INFO - 正在下载第172章: 967話    UUID:805b73e2-2977-11ea-9f46-024352452ce0
2026-03-07 03:34:56 - mkk_comic - app.py:502 - INFO - 创建目录: ./out/海贼王/967話
2026-03-07 03:34:56 - mkk_comic - app.py:505 - INFO - 开始下载: 海贼王 - 967話
2026-03-07 03:34:56 - mkk_comic - app.py:506 - INFO - 总页数: 17
2026-03-07 03:34:56 - mkk_comic - app.py:587 - INFO - 正在下载第 001/017 页...
2026-03-07 03:34:56 - mkk_comic - app.py:587 - INFO - 正在下载第 002/017 页...
2026-03-07 03:34:56 - mkk_comic - app.py:587 - INFO - 正在下载第 003/017 页...
2026-03-07 03:34:56 - mkk_comic - app.py:587 - INFO - 正在下载第 004/017 页...
2026-03-07 03:34:56 - mkk_comic - app.py:587 - INFO - 正在下载第 005/017 页...
2026-03-07 03:34:57 - mkk_comic - app.py:587 - INFO - 正在下载第 006/017 页...
2026-03-07 03:34:57 - mkk_comic - app.py:587 - INFO - 正在下载第 007/017 页...
2026-03-07 03:34:57 - mkk_comic - app.py:587 - INFO - 正在下载第 008/017 页...
2026-03-07 03:34:57 - mkk_comic - app.py:587 - INFO - 正在下载第 009/017 页...
2026-03-07 03:34:57 - mkk_comic - app.py:587 - INFO - 正在下载第 010/017 页...
2026-03-07 03:34:57 - mkk_comic - app.py:587 - INFO - 正在下载第 011/017 页...
2026-03-07 03:34:57 - mkk_comic - app.py:587 - INFO - 正在下载第 012/017 页...
2026-03-07 03:34:57 - mkk_comic - app.py:587 - INFO - 正在下载第 013/017 页...
2026-03-07 03:34:57 - mkk_comic - app.py:587 - INFO - 正在下载第 014/017 页...
2026-03-07 03:34:57 - mkk_comic - app.py:587 - INFO - 正在下载第 015/017 页...
2026-03-07 03:34:57 - mkk_comic - app.py:587 - INFO - 正在下载第 016/017 页...
2026-03-07 03:34:57 - mkk_comic - app.py:587 - INFO - 正在下载第 017/017 页...
2026-03-07 03:34:58 - mkk_comic - app.py:511 - INFO - 下载完成!
2026-03-07 03:34:58 - mkk_comic - app.py:512 - INFO - 成功下载: 17/17 页
2026-03-07 03:34:58 - mkk_comic - app.py:523 - INFO - 章节下载完成，等待 7.8 秒后继续...
2026-03-07 03:35:06 - mkk_comic - app.py:494 - INFO - 正在下载第173章: 968話    UUID:cb59c648-391f-11ea-b35f-024352452ce0
2026-03-07 03:35:07 - mkk_comic - app.py:502 - INFO - 创建目录: ./out/海贼王/968話
2026-03-07 03:35:07 - mkk_comic - app.py:505 - INFO - 开始下载: 海贼王 - 968話
2026-03-07 03:35:07 - mkk_comic - app.py:506 - INFO - 总页数: 17
2026-03-07 03:35:07 - mkk_comic - app.py:587 - INFO - 正在下载第 001/017 页...
2026-03-07 03:35:07 - mkk_comic - app.py:587 - INFO - 正在下载第 002/017 页...
2026-03-07 03:35:07 - mkk_comic - app.py:587 - INFO - 正在下载第 003/017 页...
2026-03-07 03:35:07 - mkk_comic - app.py:587 - INFO - 正在下载第 004/017 页...
2026-03-07 03:35:07 - mkk_comic - app.py:587 - INFO - 正在下载第 005/017 页...
2026-03-07 03:35:07 - mkk_comic - app.py:587 - INFO - 正在下载第 006/017 页...
2026-03-07 03:35:07 - mkk_comic - app.py:587 - INFO - 正在下载第 007/017 页...
2026-03-07 03:35:07 - mkk_comic - app.py:587 - INFO - 正在下载第 008/017 页...
2026-03-07 03:35:07 - mkk_comic - app.py:587 - INFO - 正在下载第 009/017 页...
2026-03-07 03:35:07 - mkk_comic - app.py:587 - INFO - 正在下载第 010/017 页...
2026-03-07 03:35:07 - mkk_comic - app.py:587 - INFO - 正在下载第 011/017 页...
2026-03-07 03:35:07 - mkk_comic - app.py:587 - INFO - 正在下载第 012/017 页...
2026-03-07 03:35:07 - mkk_comic - app.py:587 - INFO - 正在下载第 013/017 页...
2026-03-07 03:35:07 - mkk_comic - app.py:587 - INFO - 正在下载第 014/017 页...
2026-03-07 03:35:07 - mkk_comic - app.py:587 - INFO - 正在下载第 015/017 页...
2026-03-07 03:35:07 - mkk_comic - app.py:587 - INFO - 正在下载第 016/017 页...
2026-03-07 03:35:07 - mkk_comic - app.py:587 - INFO - 正在下载第 017/017 页...
2026-03-07 03:35:08 - mkk_comic - app.py:511 - INFO - 下载完成!
2026-03-07 03:35:08 - mkk_comic - app.py:512 - INFO - 成功下载: 17/17 页
2026-03-07 03:35:08 - mkk_comic - app.py:523 - INFO - 章节下载完成，等待 9.1 秒后继续...
2026-03-07 03:35:17 - mkk_comic - app.py:494 - INFO - 正在下载第174章: 969話    UUID:a76ea68e-4056-11ea-b426-024352452ce0
2026-03-07 03:35:18 - mkk_comic - app.py:502 - INFO - 创建目录: ./out/海贼王/969話
2026-03-07 03:35:18 - mkk_comic - app.py:505 - INFO - 开始下载: 海贼王 - 969話
2026-03-07 03:35:18 - mkk_comic - app.py:506 - INFO - 总页数: 15
2026-03-07 03:35:18 - mkk_comic - app.py:587 - INFO - 正在下载第 001/015 页...
2026-03-07 03:35:18 - mkk_comic - app.py:587 - INFO - 正在下载第 002/015 页...
2026-03-07 03:35:18 - mkk_comic - app.py:587 - INFO - 正在下载第 003/015 页...
2026-03-07 03:35:18 - mkk_comic - app.py:587 - INFO - 正在下载第 004/015 页...
2026-03-07 03:35:18 - mkk_comic - app.py:587 - INFO - 正在下载第 005/015 页...
2026-03-07 03:35:18 - mkk_comic - app.py:587 - INFO - 正在下载第 006/015 页...
2026-03-07 03:35:18 - mkk_comic - app.py:587 - INFO - 正在下载第 007/015 页...
2026-03-07 03:35:18 - mkk_comic - app.py:587 - INFO - 正在下载第 008/015 页...
2026-03-07 03:35:18 - mkk_comic - app.py:587 - INFO - 正在下载第 009/015 页...
2026-03-07 03:35:18 - mkk_comic - app.py:587 - INFO - 正在下载第 010/015 页...
2026-03-07 03:35:19 - mkk_comic - app.py:587 - INFO - 正在下载第 011/015 页...
2026-03-07 03:35:19 - mkk_comic - app.py:587 - INFO - 正在下载第 012/015 页...
2026-03-07 03:35:19 - mkk_comic - app.py:587 - INFO - 正在下载第 013/015 页...
2026-03-07 03:35:19 - mkk_comic - app.py:587 - INFO - 正在下载第 014/015 页...
2026-03-07 03:35:19 - mkk_comic - app.py:587 - INFO - 正在下载第 015/015 页...
2026-03-07 03:35:19 - mkk_comic - app.py:511 - INFO - 下载完成!
2026-03-07 03:35:19 - mkk_comic - app.py:512 - INFO - 成功下载: 15/15 页
2026-03-07 03:35:19 - mkk_comic - app.py:523 - INFO - 章节下载完成，等待 6.9 秒后继续...
2026-03-07 03:35:27 - mkk_comic - app.py:494 - INFO - 正在下载第175章: 970話    UUID:e301fb80-443c-11ea-b48e-024352452ce0
2026-03-07 03:35:27 - mkk_comic - app.py:502 - INFO - 创建目录: ./out/海贼王/970話
2026-03-07 03:35:27 - mkk_comic - app.py:505 - INFO - 开始下载: 海贼王 - 970話
2026-03-07 03:35:27 - mkk_comic - app.py:506 - INFO - 总页数: 16
2026-03-07 03:35:27 - mkk_comic - app.py:587 - INFO - 正在下载第 001/016 页...
2026-03-07 03:35:27 - mkk_comic - app.py:587 - INFO - 正在下载第 002/016 页...
2026-03-07 03:35:27 - mkk_comic - app.py:587 - INFO - 正在下载第 003/016 页...
2026-03-07 03:35:27 - mkk_comic - app.py:587 - INFO - 正在下载第 004/016 页...
2026-03-07 03:35:27 - mkk_comic - app.py:587 - INFO - 正在下载第 005/016 页...
2026-03-07 03:35:27 - mkk_comic - app.py:587 - INFO - 正在下载第 006/016 页...
2026-03-07 03:35:27 - mkk_comic - app.py:587 - INFO - 正在下载第 007/016 页...
2026-03-07 03:35:27 - mkk_comic - app.py:587 - INFO - 正在下载第 008/016 页...
2026-03-07 03:35:27 - mkk_comic - app.py:587 - INFO - 正在下载第 009/016 页...
2026-03-07 03:35:27 - mkk_comic - app.py:587 - INFO - 正在下载第 010/016 页...
2026-03-07 03:35:28 - mkk_comic - app.py:587 - INFO - 正在下载第 011/016 页...
2026-03-07 03:35:28 - mkk_comic - app.py:587 - INFO - 正在下载第 012/016 页...
2026-03-07 03:35:28 - mkk_comic - app.py:587 - INFO - 正在下载第 013/016 页...
2026-03-07 03:35:28 - mkk_comic - app.py:587 - INFO - 正在下载第 014/016 页...
2026-03-07 03:35:28 - mkk_comic - app.py:587 - INFO - 正在下载第 015/016 页...
2026-03-07 03:35:28 - mkk_comic - app.py:587 - INFO - 正在下载第 016/016 页...
2026-03-07 03:35:28 - mkk_comic - app.py:511 - INFO - 下载完成!
2026-03-07 03:35:28 - mkk_comic - app.py:512 - INFO - 成功下载: 16/16 页
2026-03-07 03:35:28 - mkk_comic - app.py:523 - INFO - 章节下载完成，等待 9.2 秒后继续...
2026-03-07 03:35:38 - mkk_comic - app.py:494 - INFO - 正在下载第176章: 971話    UUID:8531e016-4f21-11ea-b759-024352452ce0
2026-03-07 03:35:38 - mkk_comic - app.py:502 - INFO - 创建目录: ./out/海贼王/971話
2026-03-07 03:35:38 - mkk_comic - app.py:505 - INFO - 开始下载: 海贼王 - 971話
2026-03-07 03:35:38 - mkk_comic - app.py:506 - INFO - 总页数: 16
2026-03-07 03:35:38 - mkk_comic - app.py:587 - INFO - 正在下载第 001/016 页...
2026-03-07 03:35:38 - mkk_comic - app.py:587 - INFO - 正在下载第 002/016 页...
2026-03-07 03:35:38 - mkk_comic - app.py:587 - INFO - 正在下载第 003/016 页...
2026-03-07 03:35:38 - mkk_comic - app.py:587 - INFO - 正在下载第 004/016 页...
2026-03-07 03:35:38 - mkk_comic - app.py:587 - INFO - 正在下载第 005/016 页...
2026-03-07 03:35:39 - mkk_comic - app.py:587 - INFO - 正在下载第 006/016 页...
2026-03-07 03:35:39 - mkk_comic - app.py:587 - INFO - 正在下载第 007/016 页...
2026-03-07 03:35:39 - mkk_comic - app.py:587 - INFO - 正在下载第 008/016 页...
2026-03-07 03:35:39 - mkk_comic - app.py:587 - INFO - 正在下载第 009/016 页...
2026-03-07 03:35:39 - mkk_comic - app.py:587 - INFO - 正在下载第 010/016 页...
2026-03-07 03:35:39 - mkk_comic - app.py:587 - INFO - 正在下载第 011/016 页...
2026-03-07 03:35:39 - mkk_comic - app.py:587 - INFO - 正在下载第 012/016 页...
2026-03-07 03:35:39 - mkk_comic - app.py:587 - INFO - 正在下载第 013/016 页...
2026-03-07 03:35:39 - mkk_comic - app.py:587 - INFO - 正在下载第 014/016 页...
2026-03-07 03:35:39 - mkk_comic - app.py:587 - INFO - 正在下载第 015/016 页...
2026-03-07 03:35:39 - mkk_comic - app.py:587 - INFO - 正在下载第 016/016 页...
2026-03-07 03:35:40 - mkk_comic - app.py:511 - INFO - 下载完成!
2026-03-07 03:35:40 - mkk_comic - app.py:512 - INFO - 成功下载: 16/16 页
2026-03-07 03:35:40 - mkk_comic - app.py:523 - INFO - 章节下载完成，等待 7.5 秒后继续...
2026-03-07 03:35:48 - mkk_comic - app.py:494 - INFO - 正在下载第177章: 972話    UUID:e5a4378e-53d9-11ea-b808-024352452ce0
2026-03-07 03:35:48 - mkk_comic - app.py:502 - INFO - 创建目录: ./out/海贼王/972話
2026-03-07 03:35:48 - mkk_comic - app.py:505 - INFO - 开始下载: 海贼王 - 972話
2026-03-07 03:35:48 - mkk_comic - app.py:506 - INFO - 总页数: 18
2026-03-07 03:35:48 - mkk_comic - app.py:587 - INFO - 正在下载第 001/018 页...
2026-03-07 03:35:48 - mkk_comic - app.py:587 - INFO - 正在下载第 002/018 页...
2026-03-07 03:35:48 - mkk_comic - app.py:587 - INFO - 正在下载第 003/018 页...
2026-03-07 03:35:48 - mkk_comic - app.py:587 - INFO - 正在下载第 004/018 页...
2026-03-07 03:35:48 - mkk_comic - app.py:587 - INFO - 正在下载第 005/018 页...
2026-03-07 03:35:48 - mkk_comic - app.py:587 - INFO - 正在下载第 006/018 页...
2026-03-07 03:35:49 - mkk_comic - app.py:587 - INFO - 正在下载第 007/018 页...
2026-03-07 03:35:49 - mkk_comic - app.py:587 - INFO - 正在下载第 008/018 页...
2026-03-07 03:35:49 - mkk_comic - app.py:587 - INFO - 正在下载第 009/018 页...
2026-03-07 03:35:49 - mkk_comic - app.py:587 - INFO - 正在下载第 010/018 页...
2026-03-07 03:35:49 - mkk_comic - app.py:587 - INFO - 正在下载第 011/018 页...
2026-03-07 03:35:49 - mkk_comic - app.py:587 - INFO - 正在下载第 012/018 页...
2026-03-07 03:35:49 - mkk_comic - app.py:587 - INFO - 正在下载第 013/018 页...
2026-03-07 03:35:49 - mkk_comic - app.py:587 - INFO - 正在下载第 014/018 页...
2026-03-07 03:35:49 - mkk_comic - app.py:587 - INFO - 正在下载第 015/018 页...
2026-03-07 03:35:49 - mkk_comic - app.py:587 - INFO - 正在下载第 016/018 页...
2026-03-07 03:35:49 - mkk_comic - app.py:587 - INFO - 正在下载第 017/018 页...
2026-03-07 03:35:49 - mkk_comic - app.py:587 - INFO - 正在下载第 018/018 页...
2026-03-07 03:35:49 - mkk_comic - app.py:511 - INFO - 下载完成!
2026-03-07 03:35:49 - mkk_comic - app.py:512 - INFO - 成功下载: 18/18 页
2026-03-07 03:35:49 - mkk_comic - app.py:523 - INFO - 章节下载完成，等待 9.5 秒后继续...
2026-03-07 03:35:59 - mkk_comic - app.py:494 - INFO - 正在下载第178章: 973話    UUID:77f15354-5f9e-11ea-b98a-024352452ce0
2026-03-07 03:36:00 - mkk_comic - app.py:502 - INFO - 创建目录: ./out/海贼王/973話
2026-03-07 03:36:00 - mkk_comic - app.py:505 - INFO - 开始下载: 海贼王 - 973話
2026-03-07 03:36:00 - mkk_comic - app.py:506 - INFO - 总页数: 17
2026-03-07 03:36:00 - mkk_comic - app.py:587 - INFO - 正在下载第 001/017 页...
2026-03-07 03:36:00 - mkk_comic - app.py:587 - INFO - 正在下载第 002/017 页...
2026-03-07 03:36:00 - mkk_comic - app.py:587 - INFO - 正在下载第 003/017 页...
2026-03-07 03:36:00 - mkk_comic - app.py:587 - INFO - 正在下载第 004/017 页...
2026-03-07 03:36:00 - mkk_comic - app.py:587 - INFO - 正在下载第 005/017 页...
2026-03-07 03:36:00 - mkk_comic - app.py:587 - INFO - 正在下载第 006/017 页...
2026-03-07 03:36:00 - mkk_comic - app.py:587 - INFO - 正在下载第 007/017 页...
2026-03-07 03:36:00 - mkk_comic - app.py:587 - INFO - 正在下载第 008/017 页...
2026-03-07 03:36:00 - mkk_comic - app.py:587 - INFO - 正在下载第 009/017 页...
2026-03-07 03:36:00 - mkk_comic - app.py:587 - INFO - 正在下载第 010/017 页...
2026-03-07 03:36:01 - mkk_comic - app.py:587 - INFO - 正在下载第 011/017 页...
2026-03-07 03:36:01 - mkk_comic - app.py:587 - INFO - 正在下载第 012/017 页...
2026-03-07 03:36:01 - mkk_comic - app.py:587 - INFO - 正在下载第 013/017 页...
2026-03-07 03:36:01 - mkk_comic - app.py:587 - INFO - 正在下载第 014/017 页...
2026-03-07 03:36:01 - mkk_comic - app.py:587 - INFO - 正在下载第 015/017 页...
2026-03-07 03:36:01 - mkk_comic - app.py:587 - INFO - 正在下载第 016/017 页...
2026-03-07 03:36:01 - mkk_comic - app.py:587 - INFO - 正在下载第 017/017 页...
2026-03-07 03:36:01 - mkk_comic - app.py:511 - INFO - 下载完成!
2026-03-07 03:36:01 - mkk_comic - app.py:512 - INFO - 成功下载: 17/17 页
2026-03-07 03:36:01 - mkk_comic - app.py:523 - INFO - 章节下载完成，等待 7.4 秒后继续...
2026-03-07 03:36:09 - mkk_comic - app.py:494 - INFO - 正在下载第179章: 974話    UUID:d46beaa8-6530-11ea-ba5d-024352452ce0
2026-03-07 03:36:10 - mkk_comic - app.py:502 - INFO - 创建目录: ./out/海贼王/974話
2026-03-07 03:36:10 - mkk_comic - app.py:505 - INFO - 开始下载: 海贼王 - 974話
2026-03-07 03:36:10 - mkk_comic - app.py:506 - INFO - 总页数: 15
2026-03-07 03:36:10 - mkk_comic - app.py:587 - INFO - 正在下载第 001/015 页...
2026-03-07 03:36:10 - mkk_comic - app.py:587 - INFO - 正在下载第 002/015 页...
2026-03-07 03:36:10 - mkk_comic - app.py:587 - INFO - 正在下载第 003/015 页...
2026-03-07 03:36:10 - mkk_comic - app.py:587 - INFO - 正在下载第 004/015 页...
2026-03-07 03:36:10 - mkk_comic - app.py:587 - INFO - 正在下载第 005/015 页...
2026-03-07 03:36:10 - mkk_comic - app.py:587 - INFO - 正在下载第 006/015 页...
2026-03-07 03:36:10 - mkk_comic - app.py:587 - INFO - 正在下载第 007/015 页...
2026-03-07 03:36:10 - mkk_comic - app.py:587 - INFO - 正在下载第 008/015 页...
2026-03-07 03:36:10 - mkk_comic - app.py:587 - INFO - 正在下载第 009/015 页...
2026-03-07 03:36:10 - mkk_comic - app.py:587 - INFO - 正在下载第 010/015 页...
2026-03-07 03:36:10 - mkk_comic - app.py:587 - INFO - 正在下载第 011/015 页...
2026-03-07 03:36:10 - mkk_comic - app.py:587 - INFO - 正在下载第 012/015 页...
2026-03-07 03:36:10 - mkk_comic - app.py:587 - INFO - 正在下载第 013/015 页...
2026-03-07 03:36:10 - mkk_comic - app.py:587 - INFO - 正在下载第 014/015 页...
2026-03-07 03:36:10 - mkk_comic - app.py:587 - INFO - 正在下载第 015/015 页...
2026-03-07 03:36:10 - mkk_comic - app.py:511 - INFO - 下载完成!
2026-03-07 03:36:10 - mkk_comic - app.py:512 - INFO - 成功下载: 15/15 页
2026-03-07 03:36:10 - mkk_comic - app.py:523 - INFO - 章节下载完成，等待 9.5 秒后继续...
2026-03-07 03:36:20 - mkk_comic - app.py:843 - INFO - 【电锯人】上次下载至第204章
2026-03-07 03:36:21 - mkk_comic - app.py:850 - INFO - 【电锯人】检测到更新！最新：256章
2026-03-07 03:36:21 - mkk_comic - app.py:853 - INFO - 【电锯人】最大下载限制为15章-需下载205~219章）
2026-03-07 03:36:21 - mkk_comic - app.py:494 - INFO - 正在下载第205章: 第181话    UUID:07112a6e-9122-11ef-8321-3f487b7d9a9a
2026-03-07 03:36:22 - mkk_comic - app.py:502 - INFO - 创建目录: ./out/電鋸人/第181话
2026-03-07 03:36:22 - mkk_comic - app.py:505 - INFO - 开始下载: 電鋸人 - 第181话
2026-03-07 03:36:22 - mkk_comic - app.py:506 - INFO - 总页数: 17
2026-03-07 03:36:22 - mkk_comic - app.py:587 - INFO - 正在下载第 001/017 页...
2026-03-07 03:36:22 - mkk_comic - app.py:587 - INFO - 正在下载第 002/017 页...
2026-03-07 03:36:22 - mkk_comic - app.py:587 - INFO - 正在下载第 003/017 页...
2026-03-07 03:36:22 - mkk_comic - app.py:587 - INFO - 正在下载第 004/017 页...
2026-03-07 03:36:22 - mkk_comic - app.py:587 - INFO - 正在下载第 005/017 页...
2026-03-07 03:36:22 - mkk_comic - app.py:587 - INFO - 正在下载第 006/017 页...
2026-03-07 03:36:22 - mkk_comic - app.py:587 - INFO - 正在下载第 007/017 页...
2026-03-07 03:36:22 - mkk_comic - app.py:587 - INFO - 正在下载第 008/017 页...
2026-03-07 03:36:22 - mkk_comic - app.py:587 - INFO - 正在下载第 009/017 页...
2026-03-07 03:36:22 - mkk_comic - app.py:587 - INFO - 正在下载第 010/017 页...
2026-03-07 03:36:23 - mkk_comic - app.py:587 - INFO - 正在下载第 011/017 页...
2026-03-07 03:36:23 - mkk_comic - app.py:587 - INFO - 正在下载第 012/017 页...
2026-03-07 03:36:23 - mkk_comic - app.py:587 - INFO - 正在下载第 013/017 页...
2026-03-07 03:36:23 - mkk_comic - app.py:587 - INFO - 正在下载第 014/017 页...
2026-03-07 03:36:23 - mkk_comic - app.py:587 - INFO - 正在下载第 015/017 页...
2026-03-07 03:36:23 - mkk_comic - app.py:587 - INFO - 正在下载第 016/017 页...
2026-03-07 03:36:23 - mkk_comic - app.py:587 - INFO - 正在下载第 017/017 页...
2026-03-07 03:36:23 - mkk_comic - app.py:511 - INFO - 下载完成!
2026-03-07 03:36:23 - mkk_comic - app.py:512 - INFO - 成功下载: 17/17 页
2026-03-07 03:36:23 - mkk_comic - app.py:523 - INFO - 章节下载完成，等待 9.4 秒后继续...
2026-03-07 03:36:33 - mkk_comic - app.py:494 - INFO - 正在下载第206章: 第182话    UUID:5f3aad62-9ccd-11ef-8932-3f487b7d9a9a
2026-03-07 03:36:34 - mkk_comic - app.py:502 - INFO - 创建目录: ./out/電鋸人/第182话
2026-03-07 03:36:34 - mkk_comic - app.py:505 - INFO - 开始下载: 電鋸人 - 第182话
2026-03-07 03:36:34 - mkk_comic - app.py:506 - INFO - 总页数: 16
2026-03-07 03:36:34 - mkk_comic - app.py:587 - INFO - 正在下载第 001/016 页...
2026-03-07 03:36:34 - mkk_comic - app.py:587 - INFO - 正在下载第 002/016 页...
2026-03-07 03:36:34 - mkk_comic - app.py:587 - INFO - 正在下载第 003/016 页...
2026-03-07 03:36:34 - mkk_comic - app.py:587 - INFO - 正在下载第 004/016 页...
2026-03-07 03:36:34 - mkk_comic - app.py:587 - INFO - 正在下载第 005/016 页...
2026-03-07 03:36:34 - mkk_comic - app.py:587 - INFO - 正在下载第 006/016 页...
2026-03-07 03:36:34 - mkk_comic - app.py:587 - INFO - 正在下载第 007/016 页...
2026-03-07 03:36:34 - mkk_comic - app.py:587 - INFO - 正在下载第 008/016 页...
2026-03-07 03:36:34 - mkk_comic - app.py:587 - INFO - 正在下载第 009/016 页...
2026-03-07 03:36:34 - mkk_comic - app.py:587 - INFO - 正在下载第 010/016 页...
2026-03-07 03:36:34 - mkk_comic - app.py:587 - INFO - 正在下载第 011/016 页...
2026-03-07 03:36:34 - mkk_comic - app.py:587 - INFO - 正在下载第 012/016 页...
2026-03-07 03:36:34 - mkk_comic - app.py:587 - INFO - 正在下载第 013/016 页...
2026-03-07 03:36:34 - mkk_comic - app.py:587 - INFO - 正在下载第 014/016 页...
2026-03-07 03:36:34 - mkk_comic - app.py:587 - INFO - 正在下载第 015/016 页...
2026-03-07 03:36:34 - mkk_comic - app.py:587 - INFO - 正在下载第 016/016 页...
2026-03-07 03:36:35 - mkk_comic - app.py:511 - INFO - 下载完成!
2026-03-07 03:36:35 - mkk_comic - app.py:512 - INFO - 成功下载: 16/16 页
2026-03-07 03:36:35 - mkk_comic - app.py:523 - INFO - 章节下载完成，等待 5.5 秒后继续...
2026-03-07 03:36:41 - mkk_comic - app.py:494 - INFO - 正在下载第207章: 第183话    UUID:fa115fdc-a61b-11ef-8cd8-3f487b7d9a9a
2026-03-07 03:36:41 - mkk_comic - app.py:502 - INFO - 创建目录: ./out/電鋸人/第183话
2026-03-07 03:36:41 - mkk_comic - app.py:505 - INFO - 开始下载: 電鋸人 - 第183话
2026-03-07 03:36:41 - mkk_comic - app.py:506 - INFO - 总页数: 15
2026-03-07 03:36:41 - mkk_comic - app.py:587 - INFO - 正在下载第 001/015 页...
2026-03-07 03:36:41 - mkk_comic - app.py:587 - INFO - 正在下载第 002/015 页...
2026-03-07 03:36:41 - mkk_comic - app.py:587 - INFO - 正在下载第 003/015 页...
2026-03-07 03:36:41 - mkk_comic - app.py:587 - INFO - 正在下载第 004/015 页...
2026-03-07 03:36:41 - mkk_comic - app.py:587 - INFO - 正在下载第 005/015 页...
2026-03-07 03:36:42 - mkk_comic - app.py:587 - INFO - 正在下载第 006/015 页...
2026-03-07 03:36:42 - mkk_comic - app.py:587 - INFO - 正在下载第 007/015 页...
2026-03-07 03:36:42 - mkk_comic - app.py:587 - INFO - 正在下载第 008/015 页...
2026-03-07 03:36:42 - mkk_comic - app.py:587 - INFO - 正在下载第 009/015 页...
2026-03-07 03:36:42 - mkk_comic - app.py:587 - INFO - 正在下载第 010/015 页...
2026-03-07 03:36:42 - mkk_comic - app.py:587 - INFO - 正在下载第 011/015 页...
2026-03-07 03:36:42 - mkk_comic - app.py:587 - INFO - 正在下载第 012/015 页...
2026-03-07 03:36:42 - mkk_comic - app.py:587 - INFO - 正在下载第 013/015 页...
2026-03-07 03:36:42 - mkk_comic - app.py:587 - INFO - 正在下载第 014/015 页...
2026-03-07 03:36:42 - mkk_comic - app.py:587 - INFO - 正在下载第 015/015 页...
2026-03-07 03:36:42 - mkk_comic - app.py:511 - INFO - 下载完成!
2026-03-07 03:36:42 - mkk_comic - app.py:512 - INFO - 成功下载: 15/15 页
2026-03-07 03:36:42 - mkk_comic - app.py:523 - INFO - 章节下载完成，等待 5.7 秒后继续...
2026-03-07 03:36:48 - mkk_comic - app.py:494 - INFO - 正在下载第208章: 第184话    UUID:5d320b9a-a7a5-11ef-8d71-3f487b7d9a9a
2026-03-07 03:36:49 - mkk_comic - app.py:502 - INFO - 创建目录: ./out/電鋸人/第184话
2026-03-07 03:36:49 - mkk_comic - app.py:505 - INFO - 开始下载: 電鋸人 - 第184话
2026-03-07 03:36:49 - mkk_comic - app.py:506 - INFO - 总页数: 16
2026-03-07 03:36:49 - mkk_comic - app.py:587 - INFO - 正在下载第 001/016 页...
2026-03-07 03:36:49 - mkk_comic - app.py:587 - INFO - 正在下载第 002/016 页...
2026-03-07 03:36:49 - mkk_comic - app.py:587 - INFO - 正在下载第 003/016 页...
2026-03-07 03:36:49 - mkk_comic - app.py:587 - INFO - 正在下载第 004/016 页...
2026-03-07 03:36:49 - mkk_comic - app.py:587 - INFO - 正在下载第 005/016 页...
2026-03-07 03:36:49 - mkk_comic - app.py:587 - INFO - 正在下载第 006/016 页...
2026-03-07 03:36:49 - mkk_comic - app.py:587 - INFO - 正在下载第 007/016 页...
2026-03-07 03:36:49 - mkk_comic - app.py:587 - INFO - 正在下载第 008/016 页...
2026-03-07 03:36:49 - mkk_comic - app.py:587 - INFO - 正在下载第 009/016 页...
2026-03-07 03:36:49 - mkk_comic - app.py:587 - INFO - 正在下载第 010/016 页...
2026-03-07 03:36:50 - mkk_comic - app.py:587 - INFO - 正在下载第 011/016 页...
2026-03-07 03:36:50 - mkk_comic - app.py:587 - INFO - 正在下载第 012/016 页...
2026-03-07 03:36:50 - mkk_comic - app.py:587 - INFO - 正在下载第 013/016 页...
2026-03-07 03:36:50 - mkk_comic - app.py:587 - INFO - 正在下载第 014/016 页...
2026-03-07 03:36:50 - mkk_comic - app.py:587 - INFO - 正在下载第 015/016 页...
2026-03-07 03:36:50 - mkk_comic - app.py:587 - INFO - 正在下载第 016/016 页...
2026-03-07 03:36:50 - mkk_comic - app.py:511 - INFO - 下载完成!
2026-03-07 03:36:50 - mkk_comic - app.py:512 - INFO - 成功下载: 16/16 页
2026-03-07 03:36:50 - mkk_comic - app.py:523 - INFO - 章节下载完成，等待 8.2 秒后继续...
2026-03-07 03:36:59 - mkk_comic - app.py:494 - INFO - 正在下载第209章: 第185话    UUID:076b9b26-ac74-11ef-8fc6-3f487b7d9a9a
2026-03-07 03:37:00 - mkk_comic - app.py:502 - INFO - 创建目录: ./out/電鋸人/第185话
2026-03-07 03:37:00 - mkk_comic - app.py:505 - INFO - 开始下载: 電鋸人 - 第185话
2026-03-07 03:37:00 - mkk_comic - app.py:506 - INFO - 总页数: 15
2026-03-07 03:37:00 - mkk_comic - app.py:587 - INFO - 正在下载第 001/015 页...
2026-03-07 03:37:00 - mkk_comic - app.py:587 - INFO - 正在下载第 002/015 页...
2026-03-07 03:37:00 - mkk_comic - app.py:587 - INFO - 正在下载第 003/015 页...
2026-03-07 03:37:00 - mkk_comic - app.py:587 - INFO - 正在下载第 004/015 页...
2026-03-07 03:37:00 - mkk_comic - app.py:587 - INFO - 正在下载第 005/015 页...
2026-03-07 03:37:00 - mkk_comic - app.py:587 - INFO - 正在下载第 006/015 页...
2026-03-07 03:37:00 - mkk_comic - app.py:587 - INFO - 正在下载第 007/015 页...
2026-03-07 03:37:00 - mkk_comic - app.py:587 - INFO - 正在下载第 008/015 页...
2026-03-07 03:37:00 - mkk_comic - app.py:587 - INFO - 正在下载第 009/015 页...
2026-03-07 03:37:00 - mkk_comic - app.py:587 - INFO - 正在下载第 010/015 页...
2026-03-07 03:37:00 - mkk_comic - app.py:587 - INFO - 正在下载第 011/015 页...
2026-03-07 03:37:00 - mkk_comic - app.py:587 - INFO - 正在下载第 012/015 页...
2026-03-07 03:37:00 - mkk_comic - app.py:587 - INFO - 正在下载第 013/015 页...
2026-03-07 03:37:00 - mkk_comic - app.py:587 - INFO - 正在下载第 014/015 页...
2026-03-07 03:37:00 - mkk_comic - app.py:587 - INFO - 正在下载第 015/015 页...
2026-03-07 03:37:00 - mkk_comic - app.py:511 - INFO - 下载完成!
2026-03-07 03:37:00 - mkk_comic - app.py:512 - INFO - 成功下载: 15/15 页
2026-03-07 03:37:00 - mkk_comic - app.py:523 - INFO - 章节下载完成，等待 5.9 秒后继续...
2026-03-07 03:37:07 - mkk_comic - app.py:494 - INFO - 正在下载第210章: 第186话    UUID:29f649f0-b83d-11ef-9724-3f487b7d9a9a
2026-03-07 03:37:08 - mkk_comic - app.py:502 - INFO - 创建目录: ./out/電鋸人/第186话
2026-03-07 03:37:08 - mkk_comic - app.py:505 - INFO - 开始下载: 電鋸人 - 第186话
2026-03-07 03:37:08 - mkk_comic - app.py:506 - INFO - 总页数: 17
2026-03-07 03:37:08 - mkk_comic - app.py:587 - INFO - 正在下载第 001/017 页...
2026-03-07 03:37:08 - mkk_comic - app.py:587 - INFO - 正在下载第 002/017 页...
2026-03-07 03:37:08 - mkk_comic - app.py:587 - INFO - 正在下载第 003/017 页...
2026-03-07 03:37:08 - mkk_comic - app.py:587 - INFO - 正在下载第 004/017 页...
2026-03-07 03:37:08 - mkk_comic - app.py:587 - INFO - 正在下载第 005/017 页...
2026-03-07 03:37:08 - mkk_comic - app.py:587 - INFO - 正在下载第 006/017 页...
2026-03-07 03:37:08 - mkk_comic - app.py:587 - INFO - 正在下载第 007/017 页...
2026-03-07 03:37:08 - mkk_comic - app.py:587 - INFO - 正在下载第 008/017 页...
2026-03-07 03:37:08 - mkk_comic - app.py:587 - INFO - 正在下载第 009/017 页...
2026-03-07 03:37:08 - mkk_comic - app.py:587 - INFO - 正在下载第 010/017 页...
2026-03-07 03:37:08 - mkk_comic - app.py:587 - INFO - 正在下载第 011/017 页...
2026-03-07 03:37:08 - mkk_comic - app.py:587 - INFO - 正在下载第 012/017 页...
2026-03-07 03:37:08 - mkk_comic - app.py:587 - INFO - 正在下载第 013/017 页...
2026-03-07 03:37:08 - mkk_comic - app.py:587 - INFO - 正在下载第 014/017 页...
2026-03-07 03:37:08 - mkk_comic - app.py:587 - INFO - 正在下载第 015/017 页...
2026-03-07 03:37:08 - mkk_comic - app.py:587 - INFO - 正在下载第 016/017 页...
2026-03-07 03:37:08 - mkk_comic - app.py:587 - INFO - 正在下载第 017/017 页...
2026-03-07 03:37:08 - mkk_comic - app.py:511 - INFO - 下载完成!
2026-03-07 03:37:08 - mkk_comic - app.py:512 - INFO - 成功下载: 17/17 页
2026-03-07 03:37:08 - mkk_comic - app.py:523 - INFO - 章节下载完成，等待 6.1 秒后继续...
2026-03-07 03:37:15 - mkk_comic - app.py:494 - INFO - 正在下载第211章: 第187话    UUID:b48111ea-bda6-11ef-9aed-3f487b7d9a9a
2026-03-07 03:37:16 - mkk_comic - app.py:502 - INFO - 创建目录: ./out/電鋸人/第187话
2026-03-07 03:37:16 - mkk_comic - app.py:505 - INFO - 开始下载: 電鋸人 - 第187话
2026-03-07 03:37:16 - mkk_comic - app.py:506 - INFO - 总页数: 14
2026-03-07 03:37:16 - mkk_comic - app.py:587 - INFO - 正在下载第 001/014 页...
2026-03-07 03:37:16 - mkk_comic - app.py:587 - INFO - 正在下载第 002/014 页...
2026-03-07 03:37:16 - mkk_comic - app.py:587 - INFO - 正在下载第 003/014 页...
2026-03-07 03:37:16 - mkk_comic - app.py:587 - INFO - 正在下载第 004/014 页...
2026-03-07 03:37:16 - mkk_comic - app.py:587 - INFO - 正在下载第 005/014 页...
2026-03-07 03:37:16 - mkk_comic - app.py:587 - INFO - 正在下载第 006/014 页...
2026-03-07 03:37:16 - mkk_comic - app.py:587 - INFO - 正在下载第 007/014 页...
2026-03-07 03:37:16 - mkk_comic - app.py:587 - INFO - 正在下载第 008/014 页...
2026-03-07 03:37:16 - mkk_comic - app.py:587 - INFO - 正在下载第 009/014 页...
2026-03-07 03:37:16 - mkk_comic - app.py:587 - INFO - 正在下载第 010/014 页...
2026-03-07 03:37:16 - mkk_comic - app.py:587 - INFO - 正在下载第 011/014 页...
2026-03-07 03:37:16 - mkk_comic - app.py:587 - INFO - 正在下载第 012/014 页...
2026-03-07 03:37:16 - mkk_comic - app.py:587 - INFO - 正在下载第 013/014 页...
2026-03-07 03:37:16 - mkk_comic - app.py:587 - INFO - 正在下载第 014/014 页...
2026-03-07 03:37:17 - mkk_comic - app.py:511 - INFO - 下载完成!
2026-03-07 03:37:17 - mkk_comic - app.py:512 - INFO - 成功下载: 14/14 页
2026-03-07 03:37:17 - mkk_comic - app.py:523 - INFO - 章节下载完成，等待 6.2 秒后继续...
2026-03-07 03:37:24 - mkk_comic - app.py:494 - INFO - 正在下载第212章: 第188话    UUID:30d40eea-c8b6-11ef-a126-3f487b7d9a9a
2026-03-07 03:37:24 - mkk_comic - app.py:502 - INFO - 创建目录: ./out/電鋸人/第188话
2026-03-07 03:37:24 - mkk_comic - app.py:505 - INFO - 开始下载: 電鋸人 - 第188话
2026-03-07 03:37:24 - mkk_comic - app.py:506 - INFO - 总页数: 14
2026-03-07 03:37:24 - mkk_comic - app.py:587 - INFO - 正在下载第 001/014 页...
2026-03-07 03:37:24 - mkk_comic - app.py:587 - INFO - 正在下载第 002/014 页...
2026-03-07 03:37:24 - mkk_comic - app.py:587 - INFO - 正在下载第 003/014 页...
2026-03-07 03:37:24 - mkk_comic - app.py:587 - INFO - 正在下载第 004/014 页...
2026-03-07 03:37:24 - mkk_comic - app.py:587 - INFO - 正在下载第 005/014 页...
2026-03-07 03:37:24 - mkk_comic - app.py:587 - INFO - 正在下载第 006/014 页...
2026-03-07 03:37:24 - mkk_comic - app.py:587 - INFO - 正在下载第 007/014 页...
2026-03-07 03:37:25 - mkk_comic - app.py:587 - INFO - 正在下载第 008/014 页...
2026-03-07 03:37:25 - mkk_comic - app.py:587 - INFO - 正在下载第 009/014 页...
2026-03-07 03:37:25 - mkk_comic - app.py:587 - INFO - 正在下载第 010/014 页...
2026-03-07 03:37:25 - mkk_comic - app.py:587 - INFO - 正在下载第 011/014 页...
2026-03-07 03:37:25 - mkk_comic - app.py:587 - INFO - 正在下载第 012/014 页...
2026-03-07 03:37:25 - mkk_comic - app.py:587 - INFO - 正在下载第 013/014 页...
2026-03-07 03:37:25 - mkk_comic - app.py:587 - INFO - 正在下载第 014/014 页...
2026-03-07 03:37:25 - mkk_comic - app.py:511 - INFO - 下载完成!
2026-03-07 03:37:25 - mkk_comic - app.py:512 - INFO - 成功下载: 14/14 页
2026-03-07 03:37:25 - mkk_comic - app.py:523 - INFO - 章节下载完成，等待 7.6 秒后继续...
2026-03-07 03:37:33 - mkk_comic - app.py:494 - INFO - 正在下载第213章: 第189话    UUID:a1d36728-cf3a-11ef-a61c-3f487b7d9a9a
2026-03-07 03:37:34 - mkk_comic - app.py:502 - INFO - 创建目录: ./out/電鋸人/第189话
2026-03-07 03:37:34 - mkk_comic - app.py:505 - INFO - 开始下载: 電鋸人 - 第189话
2026-03-07 03:37:34 - mkk_comic - app.py:506 - INFO - 总页数: 16
2026-03-07 03:37:34 - mkk_comic - app.py:587 - INFO - 正在下载第 001/016 页...
2026-03-07 03:37:34 - mkk_comic - app.py:587 - INFO - 正在下载第 002/016 页...
2026-03-07 03:37:34 - mkk_comic - app.py:587 - INFO - 正在下载第 003/016 页...
2026-03-07 03:37:34 - mkk_comic - app.py:587 - INFO - 正在下载第 004/016 页...
2026-03-07 03:37:34 - mkk_comic - app.py:587 - INFO - 正在下载第 005/016 页...
2026-03-07 03:37:34 - mkk_comic - app.py:587 - INFO - 正在下载第 006/016 页...
2026-03-07 03:37:34 - mkk_comic - app.py:587 - INFO - 正在下载第 007/016 页...
2026-03-07 03:37:34 - mkk_comic - app.py:587 - INFO - 正在下载第 008/016 页...
2026-03-07 03:37:34 - mkk_comic - app.py:587 - INFO - 正在下载第 009/016 页...
2026-03-07 03:37:34 - mkk_comic - app.py:587 - INFO - 正在下载第 010/016 页...
2026-03-07 03:37:34 - mkk_comic - app.py:587 - INFO - 正在下载第 011/016 页...
2026-03-07 03:37:34 - mkk_comic - app.py:587 - INFO - 正在下载第 012/016 页...
2026-03-07 03:37:34 - mkk_comic - app.py:587 - INFO - 正在下载第 013/016 页...
2026-03-07 03:37:34 - mkk_comic - app.py:587 - INFO - 正在下载第 014/016 页...
2026-03-07 03:37:35 - mkk_comic - app.py:587 - INFO - 正在下载第 015/016 页...
2026-03-07 03:37:35 - mkk_comic - app.py:587 - INFO - 正在下载第 016/016 页...
2026-03-07 03:37:35 - mkk_comic - app.py:511 - INFO - 下载完成!
2026-03-07 03:37:35 - mkk_comic - app.py:512 - INFO - 成功下载: 16/16 页
2026-03-07 03:37:35 - mkk_comic - app.py:523 - INFO - 章节下载完成，等待 6.8 秒后继续...
2026-03-07 03:37:42 - mkk_comic - app.py:494 - INFO - 正在下载第214章: 第190话    UUID:27516bdc-d3ca-11ef-a859-3f487b7d9a9a
2026-03-07 03:37:43 - mkk_comic - app.py:502 - INFO - 创建目录: ./out/電鋸人/第190话
2026-03-07 03:37:43 - mkk_comic - app.py:505 - INFO - 开始下载: 電鋸人 - 第190话
2026-03-07 03:37:43 - mkk_comic - app.py:506 - INFO - 总页数: 14
2026-03-07 03:37:43 - mkk_comic - app.py:587 - INFO - 正在下载第 001/014 页...
2026-03-07 03:37:43 - mkk_comic - app.py:587 - INFO - 正在下载第 002/014 页...
2026-03-07 03:37:43 - mkk_comic - app.py:587 - INFO - 正在下载第 003/014 页...
2026-03-07 03:37:43 - mkk_comic - app.py:587 - INFO - 正在下载第 004/014 页...
2026-03-07 03:37:43 - mkk_comic - app.py:587 - INFO - 正在下载第 005/014 页...
2026-03-07 03:37:43 - mkk_comic - app.py:587 - INFO - 正在下载第 006/014 页...
2026-03-07 03:37:43 - mkk_comic - app.py:587 - INFO - 正在下载第 007/014 页...
2026-03-07 03:37:43 - mkk_comic - app.py:587 - INFO - 正在下载第 008/014 页...
2026-03-07 03:37:43 - mkk_comic - app.py:587 - INFO - 正在下载第 009/014 页...
2026-03-07 03:37:43 - mkk_comic - app.py:587 - INFO - 正在下载第 010/014 页...
2026-03-07 03:37:43 - mkk_comic - app.py:587 - INFO - 正在下载第 011/014 页...
2026-03-07 03:37:43 - mkk_comic - app.py:587 - INFO - 正在下载第 012/014 页...
2026-03-07 03:37:43 - mkk_comic - app.py:587 - INFO - 正在下载第 013/014 页...
2026-03-07 03:37:43 - mkk_comic - app.py:587 - INFO - 正在下载第 014/014 页...
2026-03-07 03:37:44 - mkk_comic - app.py:511 - INFO - 下载完成!
2026-03-07 03:37:44 - mkk_comic - app.py:512 - INFO - 成功下载: 14/14 页
2026-03-07 03:37:44 - mkk_comic - app.py:523 - INFO - 章节下载完成，等待 9.5 秒后继续...
2026-03-07 03:37:54 - mkk_comic - app.py:494 - INFO - 正在下载第215章: 第191话    UUID:aa49d2f2-e524-11ef-b0ab-3f487b7d9a9a
2026-03-07 03:37:54 - mkk_comic - app.py:502 - INFO - 创建目录: ./out/電鋸人/第191话
2026-03-07 03:37:54 - mkk_comic - app.py:505 - INFO - 开始下载: 電鋸人 - 第191话
2026-03-07 03:37:54 - mkk_comic - app.py:506 - INFO - 总页数: 17
2026-03-07 03:37:54 - mkk_comic - app.py:587 - INFO - 正在下载第 001/017 页...
2026-03-07 03:37:54 - mkk_comic - app.py:587 - INFO - 正在下载第 002/017 页...
2026-03-07 03:37:54 - mkk_comic - app.py:587 - INFO - 正在下载第 003/017 页...
2026-03-07 03:37:54 - mkk_comic - app.py:587 - INFO - 正在下载第 004/017 页...
2026-03-07 03:37:54 - mkk_comic - app.py:587 - INFO - 正在下载第 005/017 页...
2026-03-07 03:37:55 - mkk_comic - app.py:587 - INFO - 正在下载第 006/017 页...
2026-03-07 03:37:55 - mkk_comic - app.py:587 - INFO - 正在下载第 007/017 页...
2026-03-07 03:37:55 - mkk_comic - app.py:587 - INFO - 正在下载第 008/017 页...
2026-03-07 03:37:55 - mkk_comic - app.py:587 - INFO - 正在下载第 009/017 页...
2026-03-07 03:37:55 - mkk_comic - app.py:587 - INFO - 正在下载第 010/017 页...
2026-03-07 03:37:55 - mkk_comic - app.py:587 - INFO - 正在下载第 011/017 页...
2026-03-07 03:37:55 - mkk_comic - app.py:587 - INFO - 正在下载第 012/017 页...
2026-03-07 03:37:55 - mkk_comic - app.py:587 - INFO - 正在下载第 013/017 页...
2026-03-07 03:37:55 - mkk_comic - app.py:587 - INFO - 正在下载第 014/017 页...
2026-03-07 03:37:55 - mkk_comic - app.py:587 - INFO - 正在下载第 015/017 页...
2026-03-07 03:37:55 - mkk_comic - app.py:587 - INFO - 正在下载第 016/017 页...
2026-03-07 03:37:55 - mkk_comic - app.py:587 - INFO - 正在下载第 017/017 页...
2026-03-07 03:37:55 - mkk_comic - app.py:511 - INFO - 下载完成!
2026-03-07 03:37:55 - mkk_comic - app.py:512 - INFO - 成功下载: 17/17 页
2026-03-07 03:37:55 - mkk_comic - app.py:523 - INFO - 章节下载完成，等待 7.3 秒后继续...
2026-03-07 03:38:03 - mkk_comic - app.py:494 - INFO - 正在下载第216章: 第192话    UUID:aebfaf32-e524-11ef-b0ab-3f487b7d9a9a
2026-03-07 03:38:04 - mkk_comic - app.py:502 - INFO - 创建目录: ./out/電鋸人/第192话
2026-03-07 03:38:04 - mkk_comic - app.py:505 - INFO - 开始下载: 電鋸人 - 第192话
2026-03-07 03:38:04 - mkk_comic - app.py:506 - INFO - 总页数: 15
2026-03-07 03:38:04 - mkk_comic - app.py:587 - INFO - 正在下载第 001/015 页...
2026-03-07 03:38:04 - mkk_comic - app.py:587 - INFO - 正在下载第 002/015 页...
2026-03-07 03:38:04 - mkk_comic - app.py:587 - INFO - 正在下载第 003/015 页...
2026-03-07 03:38:04 - mkk_comic - app.py:587 - INFO - 正在下载第 004/015 页...
2026-03-07 03:38:04 - mkk_comic - app.py:587 - INFO - 正在下载第 005/015 页...
2026-03-07 03:38:04 - mkk_comic - app.py:587 - INFO - 正在下载第 006/015 页...
2026-03-07 03:38:04 - mkk_comic - app.py:587 - INFO - 正在下载第 007/015 页...
2026-03-07 03:38:04 - mkk_comic - app.py:587 - INFO - 正在下载第 008/015 页...
2026-03-07 03:38:04 - mkk_comic - app.py:587 - INFO - 正在下载第 009/015 页...
2026-03-07 03:38:04 - mkk_comic - app.py:587 - INFO - 正在下载第 010/015 页...
2026-03-07 03:38:04 - mkk_comic - app.py:587 - INFO - 正在下载第 011/015 页...
2026-03-07 03:38:04 - mkk_comic - app.py:587 - INFO - 正在下载第 012/015 页...
2026-03-07 03:38:04 - mkk_comic - app.py:587 - INFO - 正在下载第 013/015 页...
2026-03-07 03:38:04 - mkk_comic - app.py:587 - INFO - 正在下载第 014/015 页...
2026-03-07 03:38:04 - mkk_comic - app.py:587 - INFO - 正在下载第 015/015 页...
2026-03-07 03:38:05 - mkk_comic - app.py:511 - INFO - 下载完成!
2026-03-07 03:38:05 - mkk_comic - app.py:512 - INFO - 成功下载: 15/15 页
2026-03-07 03:38:05 - mkk_comic - app.py:523 - INFO - 章节下载完成，等待 6.5 秒后继续...
2026-03-07 03:38:12 - mkk_comic - app.py:494 - INFO - 正在下载第217章: 第193话    UUID:d487e777-f573-11ef-9f4c-fa163e02432f
2026-03-07 03:38:12 - mkk_comic - app.py:502 - INFO - 创建目录: ./out/電鋸人/第193话
2026-03-07 03:38:12 - mkk_comic - app.py:505 - INFO - 开始下载: 電鋸人 - 第193话
2026-03-07 03:38:12 - mkk_comic - app.py:506 - INFO - 总页数: 13
2026-03-07 03:38:12 - mkk_comic - app.py:587 - INFO - 正在下载第 001/013 页...
2026-03-07 03:38:12 - mkk_comic - app.py:587 - INFO - 正在下载第 002/013 页...
2026-03-07 03:38:12 - mkk_comic - app.py:587 - INFO - 正在下载第 003/013 页...
2026-03-07 03:38:12 - mkk_comic - app.py:587 - INFO - 正在下载第 004/013 页...
2026-03-07 03:38:12 - mkk_comic - app.py:587 - INFO - 正在下载第 005/013 页...
2026-03-07 03:38:13 - mkk_comic - app.py:587 - INFO - 正在下载第 006/013 页...
2026-03-07 03:38:13 - mkk_comic - app.py:587 - INFO - 正在下载第 007/013 页...
2026-03-07 03:38:13 - mkk_comic - app.py:587 - INFO - 正在下载第 008/013 页...
2026-03-07 03:38:13 - mkk_comic - app.py:587 - INFO - 正在下载第 009/013 页...
2026-03-07 03:38:13 - mkk_comic - app.py:587 - INFO - 正在下载第 010/013 页...
2026-03-07 03:38:13 - mkk_comic - app.py:587 - INFO - 正在下载第 011/013 页...
2026-03-07 03:38:13 - mkk_comic - app.py:587 - INFO - 正在下载第 012/013 页...
2026-03-07 03:38:13 - mkk_comic - app.py:587 - INFO - 正在下载第 013/013 页...
2026-03-07 03:38:13 - mkk_comic - app.py:511 - INFO - 下载完成!
2026-03-07 03:38:13 - mkk_comic - app.py:512 - INFO - 成功下载: 13/13 页
2026-03-07 03:38:13 - mkk_comic - app.py:523 - INFO - 章节下载完成，等待 8.6 秒后继续...
2026-03-07 03:38:22 - mkk_comic - app.py:494 - INFO - 正在下载第218章: 第194话    UUID:8f763ecc-f7d8-11ef-a1f3-fa163e02432f
2026-03-07 03:38:23 - mkk_comic - app.py:502 - INFO - 创建目录: ./out/電鋸人/第194话
2026-03-07 03:38:23 - mkk_comic - app.py:505 - INFO - 开始下载: 電鋸人 - 第194话
2026-03-07 03:38:23 - mkk_comic - app.py:506 - INFO - 总页数: 15
2026-03-07 03:38:23 - mkk_comic - app.py:587 - INFO - 正在下载第 001/015 页...
2026-03-07 03:38:23 - mkk_comic - app.py:587 - INFO - 正在下载第 002/015 页...
2026-03-07 03:38:23 - mkk_comic - app.py:587 - INFO - 正在下载第 003/015 页...
2026-03-07 03:38:23 - mkk_comic - app.py:587 - INFO - 正在下载第 004/015 页...
2026-03-07 03:38:23 - mkk_comic - app.py:587 - INFO - 正在下载第 005/015 页...
2026-03-07 03:38:23 - mkk_comic - app.py:587 - INFO - 正在下载第 006/015 页...
2026-03-07 03:38:23 - mkk_comic - app.py:587 - INFO - 正在下载第 007/015 页...
2026-03-07 03:38:23 - mkk_comic - app.py:587 - INFO - 正在下载第 008/015 页...
2026-03-07 03:38:23 - mkk_comic - app.py:587 - INFO - 正在下载第 009/015 页...
2026-03-07 03:38:23 - mkk_comic - app.py:587 - INFO - 正在下载第 010/015 页...
2026-03-07 03:38:23 - mkk_comic - app.py:587 - INFO - 正在下载第 011/015 页...
2026-03-07 03:38:23 - mkk_comic - app.py:587 - INFO - 正在下载第 012/015 页...
2026-03-07 03:38:23 - mkk_comic - app.py:587 - INFO - 正在下载第 013/015 页...
2026-03-07 03:38:23 - mkk_comic - app.py:587 - INFO - 正在下载第 014/015 页...
2026-03-07 03:38:23 - mkk_comic - app.py:587 - INFO - 正在下载第 015/015 页...
2026-03-07 03:38:24 - mkk_comic - app.py:511 - INFO - 下载完成!
2026-03-07 03:38:24 - mkk_comic - app.py:512 - INFO - 成功下载: 15/15 页
2026-03-07 03:38:24 - mkk_comic - app.py:523 - INFO - 章节下载完成，等待 6.8 秒后继续...
2026-03-07 03:38:31 - mkk_comic - app.py:494 - INFO - 正在下载第219章: 第195话    UUID:486cbcbd-0b7a-11f0-813d-fa163e02432f
2026-03-07 03:38:32 - mkk_comic - app.py:502 - INFO - 创建目录: ./out/電鋸人/第195话
2026-03-07 03:38:32 - mkk_comic - app.py:505 - INFO - 开始下载: 電鋸人 - 第195话
2026-03-07 03:38:32 - mkk_comic - app.py:506 - INFO - 总页数: 15
2026-03-07 03:38:32 - mkk_comic - app.py:587 - INFO - 正在下载第 001/015 页...
2026-03-07 03:38:32 - mkk_comic - app.py:587 - INFO - 正在下载第 002/015 页...
2026-03-07 03:38:32 - mkk_comic - app.py:587 - INFO - 正在下载第 003/015 页...
2026-03-07 03:38:32 - mkk_comic - app.py:587 - INFO - 正在下载第 004/015 页...
2026-03-07 03:38:32 - mkk_comic - app.py:587 - INFO - 正在下载第 005/015 页...
2026-03-07 03:38:32 - mkk_comic - app.py:587 - INFO - 正在下载第 006/015 页...
2026-03-07 03:38:32 - mkk_comic - app.py:587 - INFO - 正在下载第 007/015 页...
2026-03-07 03:38:32 - mkk_comic - app.py:587 - INFO - 正在下载第 008/015 页...
2026-03-07 03:38:32 - mkk_comic - app.py:587 - INFO - 正在下载第 009/015 页...
2026-03-07 03:38:32 - mkk_comic - app.py:587 - INFO - 正在下载第 010/015 页...
2026-03-07 03:38:32 - mkk_comic - app.py:587 - INFO - 正在下载第 011/015 页...
2026-03-07 03:38:32 - mkk_comic - app.py:587 - INFO - 正在下载第 012/015 页...
2026-03-07 03:38:32 - mkk_comic - app.py:587 - INFO - 正在下载第 013/015 页...
2026-03-07 03:38:32 - mkk_comic - app.py:587 - INFO - 正在下载第 014/015 页...
2026-03-07 03:38:32 - mkk_comic - app.py:587 - INFO - 正在下载第 015/015 页...
2026-03-07 03:38:33 - mkk_comic - app.py:511 - INFO - 下载完成!
2026-03-07 03:38:33 - mkk_comic - app.py:512 - INFO - 成功下载: 15/15 页
2026-03-07 03:38:33 - mkk_comic - app.py:523 - INFO - 章节下载完成，等待 8.3 秒后继续...
2026-03-07 03:38:41 - mkk_comic - app.py:863 - INFO - ===== 检查更新完成 =====

