2026-03-04 03:42:32 - mkk_comic - app.py:868 - INFO - 运行环境：GitHub Actions（自动化模式）
2026-03-04 03:42:32 - mkk_comic - app.py:825 - INFO - ===== 开始检查更新=====
2026-03-04 03:42:32 - mkk_comic - app.py:843 - INFO - 【海贼王】上次下载至第139章
2026-03-04 03:42:33 - mkk_comic - app.py:850 - INFO - 【海贼王】检测到更新！最新：379章
2026-03-04 03:42:33 - mkk_comic - app.py:853 - INFO - 【海贼王】最大下载限制为10章-需下载140~149章）
2026-03-04 03:42:34 - mkk_comic - app.py:494 - INFO - 正在下载第140章: 935话    UUID:666192dc-41ab-11e9-8acf-024352452ce0
2026-03-04 03:42:34 - mkk_comic - app.py:502 - INFO - 创建目录: ./out/海贼王/935话
2026-03-04 03:42:34 - mkk_comic - app.py:505 - INFO - 开始下载: 海贼王 - 935话
2026-03-04 03:42:34 - mkk_comic - app.py:506 - INFO - 总页数: 18
2026-03-04 03:42:34 - mkk_comic - app.py:587 - INFO - 正在下载第 001/018 页...
2026-03-04 03:42:34 - mkk_comic - app.py:587 - INFO - 正在下载第 002/018 页...
2026-03-04 03:42:34 - mkk_comic - app.py:587 - INFO - 正在下载第 003/018 页...
2026-03-04 03:42:34 - mkk_comic - app.py:587 - INFO - 正在下载第 004/018 页...
2026-03-04 03:42:34 - mkk_comic - app.py:587 - INFO - 正在下载第 005/018 页...
2026-03-04 03:42:35 - mkk_comic - app.py:587 - INFO - 正在下载第 006/018 页...
2026-03-04 03:42:35 - mkk_comic - app.py:587 - INFO - 正在下载第 007/018 页...
2026-03-04 03:42:35 - mkk_comic - app.py:587 - INFO - 正在下载第 008/018 页...
2026-03-04 03:42:35 - mkk_comic - app.py:587 - INFO - 正在下载第 009/018 页...
2026-03-04 03:42:35 - mkk_comic - app.py:587 - INFO - 正在下载第 010/018 页...
2026-03-04 03:42:35 - mkk_comic - app.py:587 - INFO - 正在下载第 011/018 页...
2026-03-04 03:42:35 - mkk_comic - app.py:587 - INFO - 正在下载第 012/018 页...
2026-03-04 03:42:35 - mkk_comic - app.py:587 - INFO - 正在下载第 013/018 页...
2026-03-04 03:42:35 - mkk_comic - app.py:587 - INFO - 正在下载第 014/018 页...
2026-03-04 03:42:35 - mkk_comic - app.py:587 - INFO - 正在下载第 015/018 页...
2026-03-04 03:42:35 - mkk_comic - app.py:587 - INFO - 正在下载第 016/018 页...
2026-03-04 03:42:35 - mkk_comic - app.py:587 - INFO - 正在下载第 017/018 页...
2026-03-04 03:42:35 - mkk_comic - app.py:587 - INFO - 正在下载第 018/018 页...
2026-03-04 03:42:35 - mkk_comic - app.py:511 - INFO - 下载完成!
2026-03-04 03:42:35 - mkk_comic - app.py:512 - INFO - 成功下载: 18/18 页
2026-03-04 03:42:35 - mkk_comic - app.py:523 - INFO - 章节下载完成，等待 6.5 秒后继续...
2026-03-04 03:42:43 - mkk_comic - app.py:494 - INFO - 正在下载第141章: 936话    UUID:599e93aa-48b4-11e9-8afc-024352452ce0
2026-03-04 03:42:43 - mkk_comic - app.py:502 - INFO - 创建目录: ./out/海贼王/936话
2026-03-04 03:42:43 - mkk_comic - app.py:505 - INFO - 开始下载: 海贼王 - 936话
2026-03-04 03:42:43 - mkk_comic - app.py:506 - INFO - 总页数: 17
2026-03-04 03:42:43 - mkk_comic - app.py:587 - INFO - 正在下载第 001/017 页...
2026-03-04 03:42:43 - mkk_comic - app.py:587 - INFO - 正在下载第 002/017 页...
2026-03-04 03:42:43 - mkk_comic - app.py:587 - INFO - 正在下载第 003/017 页...
2026-03-04 03:42:43 - mkk_comic - app.py:587 - INFO - 正在下载第 004/017 页...
2026-03-04 03:42:43 - mkk_comic - app.py:587 - INFO - 正在下载第 005/017 页...
2026-03-04 03:42:44 - mkk_comic - app.py:587 - INFO - 正在下载第 006/017 页...
2026-03-04 03:42:44 - mkk_comic - app.py:587 - INFO - 正在下载第 007/017 页...
2026-03-04 03:42:44 - mkk_comic - app.py:587 - INFO - 正在下载第 008/017 页...
2026-03-04 03:42:44 - mkk_comic - app.py:587 - INFO - 正在下载第 009/017 页...
2026-03-04 03:42:44 - mkk_comic - app.py:587 - INFO - 正在下载第 010/017 页...
2026-03-04 03:42:44 - mkk_comic - app.py:587 - INFO - 正在下载第 011/017 页...
2026-03-04 03:42:44 - mkk_comic - app.py:587 - INFO - 正在下载第 012/017 页...
2026-03-04 03:42:44 - mkk_comic - app.py:587 - INFO - 正在下载第 013/017 页...
2026-03-04 03:42:44 - mkk_comic - app.py:587 - INFO - 正在下载第 014/017 页...
2026-03-04 03:42:44 - mkk_comic - app.py:587 - INFO - 正在下载第 015/017 页...
2026-03-04 03:42:44 - mkk_comic - app.py:587 - INFO - 正在下载第 016/017 页...
2026-03-04 03:42:44 - mkk_comic - app.py:587 - INFO - 正在下载第 017/017 页...
2026-03-04 03:42:44 - mkk_comic - app.py:511 - INFO - 下载完成!
2026-03-04 03:42:44 - mkk_comic - app.py:512 - INFO - 成功下载: 17/17 页
2026-03-04 03:42:44 - mkk_comic - app.py:523 - INFO - 章节下载完成，等待 7.3 秒后继续...
2026-03-04 03:42:52 - mkk_comic - app.py:494 - INFO - 正在下载第142章: 937话    UUID:82ff46d4-5171-11e9-8b2b-024352452ce0
2026-03-04 03:42:53 - mkk_comic - app.py:502 - INFO - 创建目录: ./out/海贼王/937话
2026-03-04 03:42:53 - mkk_comic - app.py:505 - INFO - 开始下载: 海贼王 - 937话
2026-03-04 03:42:53 - mkk_comic - app.py:506 - INFO - 总页数: 18
2026-03-04 03:42:53 - mkk_comic - app.py:587 - INFO - 正在下载第 001/018 页...
2026-03-04 03:42:53 - mkk_comic - app.py:587 - INFO - 正在下载第 002/018 页...
2026-03-04 03:42:53 - mkk_comic - app.py:587 - INFO - 正在下载第 003/018 页...
2026-03-04 03:42:53 - mkk_comic - app.py:587 - INFO - 正在下载第 004/018 页...
2026-03-04 03:42:53 - mkk_comic - app.py:587 - INFO - 正在下载第 005/018 页...
2026-03-04 03:42:53 - mkk_comic - app.py:587 - INFO - 正在下载第 006/018 页...
2026-03-04 03:42:53 - mkk_comic - app.py:587 - INFO - 正在下载第 007/018 页...
2026-03-04 03:42:53 - mkk_comic - app.py:587 - INFO - 正在下载第 008/018 页...
2026-03-04 03:42:53 - mkk_comic - app.py:587 - INFO - 正在下载第 009/018 页...
2026-03-04 03:42:54 - mkk_comic - app.py:587 - INFO - 正在下载第 010/018 页...
2026-03-04 03:42:54 - mkk_comic - app.py:587 - INFO - 正在下载第 011/018 页...
2026-03-04 03:42:54 - mkk_comic - app.py:587 - INFO - 正在下载第 012/018 页...
2026-03-04 03:42:54 - mkk_comic - app.py:587 - INFO - 正在下载第 013/018 页...
2026-03-04 03:42:54 - mkk_comic - app.py:587 - INFO - 正在下载第 014/018 页...
2026-03-04 03:42:54 - mkk_comic - app.py:587 - INFO - 正在下载第 015/018 页...
2026-03-04 03:42:54 - mkk_comic - app.py:587 - INFO - 正在下载第 016/018 页...
2026-03-04 03:42:54 - mkk_comic - app.py:587 - INFO - 正在下载第 017/018 页...
2026-03-04 03:42:54 - mkk_comic - app.py:587 - INFO - 正在下载第 018/018 页...
2026-03-04 03:42:54 - mkk_comic - app.py:511 - INFO - 下载完成!
2026-03-04 03:42:54 - mkk_comic - app.py:512 - INFO - 成功下载: 18/18 页
2026-03-04 03:42:54 - mkk_comic - app.py:523 - INFO - 章节下载完成，等待 5.4 秒后继续...
2026-03-04 03:43:00 - mkk_comic - app.py:494 - INFO - 正在下载第143章: 938话    UUID:3842e06a-5a0e-11e9-8b65-024352452ce0
2026-03-04 03:43:01 - mkk_comic - app.py:502 - INFO - 创建目录: ./out/海贼王/938话
2026-03-04 03:43:01 - mkk_comic - app.py:505 - INFO - 开始下载: 海贼王 - 938话
2026-03-04 03:43:01 - mkk_comic - app.py:506 - INFO - 总页数: 15
2026-03-04 03:43:01 - mkk_comic - app.py:587 - INFO - 正在下载第 001/015 页...
2026-03-04 03:43:01 - mkk_comic - app.py:587 - INFO - 正在下载第 002/015 页...
2026-03-04 03:43:01 - mkk_comic - app.py:587 - INFO - 正在下载第 003/015 页...
2026-03-04 03:43:01 - mkk_comic - app.py:587 - INFO - 正在下载第 004/015 页...
2026-03-04 03:43:01 - mkk_comic - app.py:587 - INFO - 正在下载第 005/015 页...
2026-03-04 03:43:01 - mkk_comic - app.py:587 - INFO - 正在下载第 006/015 页...
2026-03-04 03:43:01 - mkk_comic - app.py:587 - INFO - 正在下载第 007/015 页...
2026-03-04 03:43:01 - mkk_comic - app.py:587 - INFO - 正在下载第 008/015 页...
2026-03-04 03:43:01 - mkk_comic - app.py:587 - INFO - 正在下载第 009/015 页...
2026-03-04 03:43:01 - mkk_comic - app.py:587 - INFO - 正在下载第 010/015 页...
2026-03-04 03:43:01 - mkk_comic - app.py:587 - INFO - 正在下载第 011/015 页...
2026-03-04 03:43:01 - mkk_comic - app.py:587 - INFO - 正在下载第 012/015 页...
2026-03-04 03:43:01 - mkk_comic - app.py:587 - INFO - 正在下载第 013/015 页...
2026-03-04 03:43:01 - mkk_comic - app.py:587 - INFO - 正在下载第 014/015 页...
2026-03-04 03:43:02 - mkk_comic - app.py:587 - INFO - 正在下载第 015/015 页...
2026-03-04 03:43:02 - mkk_comic - app.py:511 - INFO - 下载完成!
2026-03-04 03:43:02 - mkk_comic - app.py:512 - INFO - 成功下载: 15/15 页
2026-03-04 03:43:02 - mkk_comic - app.py:523 - INFO - 章节下载完成，等待 9.6 秒后继续...
2026-03-04 03:43:12 - mkk_comic - app.py:494 - INFO - 正在下载第144章: 939話    UUID:4e8dfb70-5df1-11e9-8b7b-024352452ce0
2026-03-04 03:43:13 - mkk_comic - app.py:502 - INFO - 创建目录: ./out/海贼王/939話
2026-03-04 03:43:13 - mkk_comic - app.py:505 - INFO - 开始下载: 海贼王 - 939話
2026-03-04 03:43:13 - mkk_comic - app.py:506 - INFO - 总页数: 16
2026-03-04 03:43:13 - mkk_comic - app.py:587 - INFO - 正在下载第 001/016 页...
2026-03-04 03:43:13 - mkk_comic - app.py:587 - INFO - 正在下载第 002/016 页...
2026-03-04 03:43:13 - mkk_comic - app.py:587 - INFO - 正在下载第 003/016 页...
2026-03-04 03:43:13 - mkk_comic - app.py:587 - INFO - 正在下载第 004/016 页...
2026-03-04 03:43:13 - mkk_comic - app.py:587 - INFO - 正在下载第 005/016 页...
2026-03-04 03:43:13 - mkk_comic - app.py:587 - INFO - 正在下载第 006/016 页...
2026-03-04 03:43:13 - mkk_comic - app.py:587 - INFO - 正在下载第 007/016 页...
2026-03-04 03:43:13 - mkk_comic - app.py:587 - INFO - 正在下载第 008/016 页...
2026-03-04 03:43:13 - mkk_comic - app.py:587 - INFO - 正在下载第 009/016 页...
2026-03-04 03:43:13 - mkk_comic - app.py:587 - INFO - 正在下载第 010/016 页...
2026-03-04 03:43:13 - mkk_comic - app.py:587 - INFO - 正在下载第 011/016 页...
2026-03-04 03:43:13 - mkk_comic - app.py:587 - INFO - 正在下载第 012/016 页...
2026-03-04 03:43:14 - mkk_comic - app.py:587 - INFO - 正在下载第 013/016 页...
2026-03-04 03:43:14 - mkk_comic - app.py:587 - INFO - 正在下载第 014/016 页...
2026-03-04 03:43:14 - mkk_comic - app.py:587 - INFO - 正在下载第 015/016 页...
2026-03-04 03:43:14 - mkk_comic - app.py:587 - INFO - 正在下载第 016/016 页...
2026-03-04 03:43:14 - mkk_comic - app.py:511 - INFO - 下载完成!
2026-03-04 03:43:14 - mkk_comic - app.py:512 - INFO - 成功下载: 16/16 页
2026-03-04 03:43:14 - mkk_comic - app.py:523 - INFO - 章节下载完成，等待 9.6 秒后继续...
2026-03-04 03:43:24 - mkk_comic - app.py:494 - INFO - 正在下载第145章: 940話    UUID:58d1f51c-6294-11e9-8b97-024352452ce0
2026-03-04 03:43:25 - mkk_comic - app.py:502 - INFO - 创建目录: ./out/海贼王/940話
2026-03-04 03:43:25 - mkk_comic - app.py:505 - INFO - 开始下载: 海贼王 - 940話
2026-03-04 03:43:25 - mkk_comic - app.py:506 - INFO - 总页数: 18
2026-03-04 03:43:25 - mkk_comic - app.py:587 - INFO - 正在下载第 001/018 页...
2026-03-04 03:43:25 - mkk_comic - app.py:587 - INFO - 正在下载第 002/018 页...
2026-03-04 03:43:25 - mkk_comic - app.py:587 - INFO - 正在下载第 003/018 页...
2026-03-04 03:43:25 - mkk_comic - app.py:587 - INFO - 正在下载第 004/018 页...
2026-03-04 03:43:25 - mkk_comic - app.py:587 - INFO - 正在下载第 005/018 页...
2026-03-04 03:43:25 - mkk_comic - app.py:587 - INFO - 正在下载第 006/018 页...
2026-03-04 03:43:25 - mkk_comic - app.py:587 - INFO - 正在下载第 007/018 页...
2026-03-04 03:43:25 - mkk_comic - app.py:587 - INFO - 正在下载第 008/018 页...
2026-03-04 03:43:25 - mkk_comic - app.py:587 - INFO - 正在下载第 009/018 页...
2026-03-04 03:43:25 - mkk_comic - app.py:587 - INFO - 正在下载第 010/018 页...
2026-03-04 03:43:25 - mkk_comic - app.py:587 - INFO - 正在下载第 011/018 页...
2026-03-04 03:43:25 - mkk_comic - app.py:587 - INFO - 正在下载第 012/018 页...
2026-03-04 03:43:25 - mkk_comic - app.py:587 - INFO - 正在下载第 013/018 页...
2026-03-04 03:43:25 - mkk_comic - app.py:587 - INFO - 正在下载第 014/018 页...
2026-03-04 03:43:26 - mkk_comic - app.py:587 - INFO - 正在下载第 015/018 页...
2026-03-04 03:43:26 - mkk_comic - app.py:587 - INFO - 正在下载第 016/018 页...
2026-03-04 03:43:26 - mkk_comic - app.py:587 - INFO - 正在下载第 017/018 页...
2026-03-04 03:43:26 - mkk_comic - app.py:587 - INFO - 正在下载第 018/018 页...
2026-03-04 03:43:26 - mkk_comic - app.py:511 - INFO - 下载完成!
2026-03-04 03:43:26 - mkk_comic - app.py:512 - INFO - 成功下载: 18/18 页
2026-03-04 03:43:26 - mkk_comic - app.py:523 - INFO - 章节下载完成，等待 6.2 秒后继续...
2026-03-04 03:43:33 - mkk_comic - app.py:494 - INFO - 正在下载第146章: 941話    UUID:3cd3d0b9-6764-11e9-8bd7-024352452ce0
2026-03-04 03:43:34 - mkk_comic - app.py:502 - INFO - 创建目录: ./out/海贼王/941話
2026-03-04 03:43:34 - mkk_comic - app.py:505 - INFO - 开始下载: 海贼王 - 941話
2026-03-04 03:43:34 - mkk_comic - app.py:506 - INFO - 总页数: 19
2026-03-04 03:43:34 - mkk_comic - app.py:587 - INFO - 正在下载第 001/019 页...
2026-03-04 03:43:34 - mkk_comic - app.py:587 - INFO - 正在下载第 002/019 页...
2026-03-04 03:43:34 - mkk_comic - app.py:587 - INFO - 正在下载第 003/019 页...
2026-03-04 03:43:34 - mkk_comic - app.py:587 - INFO - 正在下载第 004/019 页...
2026-03-04 03:43:34 - mkk_comic - app.py:587 - INFO - 正在下载第 005/019 页...
2026-03-04 03:43:34 - mkk_comic - app.py:587 - INFO - 正在下载第 006/019 页...
2026-03-04 03:43:34 - mkk_comic - app.py:587 - INFO - 正在下载第 007/019 页...
2026-03-04 03:43:34 - mkk_comic - app.py:587 - INFO - 正在下载第 008/019 页...
2026-03-04 03:43:34 - mkk_comic - app.py:587 - INFO - 正在下载第 009/019 页...
2026-03-04 03:43:34 - mkk_comic - app.py:587 - INFO - 正在下载第 010/019 页...
2026-03-04 03:43:34 - mkk_comic - app.py:587 - INFO - 正在下载第 011/019 页...
2026-03-04 03:43:34 - mkk_comic - app.py:587 - INFO - 正在下载第 012/019 页...
2026-03-04 03:43:34 - mkk_comic - app.py:587 - INFO - 正在下载第 013/019 页...
2026-03-04 03:43:34 - mkk_comic - app.py:587 - INFO - 正在下载第 014/019 页...
2026-03-04 03:43:34 - mkk_comic - app.py:587 - INFO - 正在下载第 015/019 页...
2026-03-04 03:43:34 - mkk_comic - app.py:587 - INFO - 正在下载第 016/019 页...
2026-03-04 03:43:35 - mkk_comic - app.py:587 - INFO - 正在下载第 017/019 页...
2026-03-04 03:43:35 - mkk_comic - app.py:587 - INFO - 正在下载第 018/019 页...
2026-03-04 03:43:35 - mkk_comic - app.py:587 - INFO - 正在下载第 019/019 页...
2026-03-04 03:43:35 - mkk_comic - app.py:511 - INFO - 下载完成!
2026-03-04 03:43:35 - mkk_comic - app.py:512 - INFO - 成功下载: 19/19 页
2026-03-04 03:43:35 - mkk_comic - app.py:523 - INFO - 章节下载完成，等待 5.7 秒后继续...
2026-03-04 03:43:42 - mkk_comic - app.py:494 - INFO - 正在下载第147章: 942話    UUID:6ebdd708-7575-11e9-8c70-024352452ce0
2026-03-04 03:43:43 - mkk_comic - app.py:502 - INFO - 创建目录: ./out/海贼王/942話
2026-03-04 03:43:43 - mkk_comic - app.py:505 - INFO - 开始下载: 海贼王 - 942話
2026-03-04 03:43:43 - mkk_comic - app.py:506 - INFO - 总页数: 17
2026-03-04 03:43:43 - mkk_comic - app.py:587 - INFO - 正在下载第 001/017 页...
2026-03-04 03:43:43 - mkk_comic - app.py:587 - INFO - 正在下载第 002/017 页...
2026-03-04 03:43:43 - mkk_comic - app.py:587 - INFO - 正在下载第 003/017 页...
2026-03-04 03:43:43 - mkk_comic - app.py:587 - INFO - 正在下载第 004/017 页...
2026-03-04 03:43:43 - mkk_comic - app.py:587 - INFO - 正在下载第 005/017 页...
2026-03-04 03:43:43 - mkk_comic - app.py:587 - INFO - 正在下载第 006/017 页...
2026-03-04 03:43:43 - mkk_comic - app.py:587 - INFO - 正在下载第 007/017 页...
2026-03-04 03:43:43 - mkk_comic - app.py:587 - INFO - 正在下载第 008/017 页...
2026-03-04 03:43:43 - mkk_comic - app.py:587 - INFO - 正在下载第 009/017 页...
2026-03-04 03:43:43 - mkk_comic - app.py:587 - INFO - 正在下载第 010/017 页...
2026-03-04 03:43:44 - mkk_comic - app.py:587 - INFO - 正在下载第 011/017 页...
2026-03-04 03:43:44 - mkk_comic - app.py:587 - INFO - 正在下载第 012/017 页...
2026-03-04 03:43:44 - mkk_comic - app.py:587 - INFO - 正在下载第 013/017 页...
2026-03-04 03:43:44 - mkk_comic - app.py:587 - INFO - 正在下载第 014/017 页...
2026-03-04 03:43:44 - mkk_comic - app.py:587 - INFO - 正在下载第 015/017 页...
2026-03-04 03:43:44 - mkk_comic - app.py:587 - INFO - 正在下载第 016/017 页...
2026-03-04 03:43:44 - mkk_comic - app.py:587 - INFO - 正在下载第 017/017 页...
2026-03-04 03:43:44 - mkk_comic - app.py:511 - INFO - 下载完成!
2026-03-04 03:43:44 - mkk_comic - app.py:512 - INFO - 成功下载: 17/17 页
2026-03-04 03:43:44 - mkk_comic - app.py:523 - INFO - 章节下载完成，等待 9.4 秒后继续...
2026-03-04 03:43:54 - mkk_comic - app.py:494 - INFO - 正在下载第148章: 943話    UUID:eedc4d72-82d4-11e9-8cd2-024352452ce0
2026-03-04 03:43:55 - mkk_comic - app.py:502 - INFO - 创建目录: ./out/海贼王/943話
2026-03-04 03:43:55 - mkk_comic - app.py:505 - INFO - 开始下载: 海贼王 - 943話
2026-03-04 03:43:55 - mkk_comic - app.py:506 - INFO - 总页数: 19
2026-03-04 03:43:55 - mkk_comic - app.py:587 - INFO - 正在下载第 001/019 页...
2026-03-04 03:43:55 - mkk_comic - app.py:587 - INFO - 正在下载第 002/019 页...
2026-03-04 03:43:55 - mkk_comic - app.py:587 - INFO - 正在下载第 003/019 页...
2026-03-04 03:43:55 - mkk_comic - app.py:587 - INFO - 正在下载第 004/019 页...
2026-03-04 03:43:55 - mkk_comic - app.py:587 - INFO - 正在下载第 005/019 页...
2026-03-04 03:43:55 - mkk_comic - app.py:587 - INFO - 正在下载第 006/019 页...
2026-03-04 03:43:55 - mkk_comic - app.py:587 - INFO - 正在下载第 007/019 页...
2026-03-04 03:43:55 - mkk_comic - app.py:587 - INFO - 正在下载第 008/019 页...
2026-03-04 03:43:55 - mkk_comic - app.py:587 - INFO - 正在下载第 009/019 页...
2026-03-04 03:43:55 - mkk_comic - app.py:587 - INFO - 正在下载第 010/019 页...
2026-03-04 03:43:56 - mkk_comic - app.py:587 - INFO - 正在下载第 011/019 页...
2026-03-04 03:43:56 - mkk_comic - app.py:587 - INFO - 正在下载第 012/019 页...
2026-03-04 03:43:56 - mkk_comic - app.py:587 - INFO - 正在下载第 013/019 页...
2026-03-04 03:43:56 - mkk_comic - app.py:587 - INFO - 正在下载第 014/019 页...
2026-03-04 03:43:56 - mkk_comic - app.py:587 - INFO - 正在下载第 015/019 页...
2026-03-04 03:43:56 - mkk_comic - app.py:587 - INFO - 正在下载第 016/019 页...
2026-03-04 03:43:56 - mkk_comic - app.py:587 - INFO - 正在下载第 017/019 页...
2026-03-04 03:43:56 - mkk_comic - app.py:587 - INFO - 正在下载第 018/019 页...
2026-03-04 03:43:56 - mkk_comic - app.py:587 - INFO - 正在下载第 019/019 页...
2026-03-04 03:43:56 - mkk_comic - app.py:511 - INFO - 下载完成!
2026-03-04 03:43:56 - mkk_comic - app.py:512 - INFO - 成功下载: 19/19 页
2026-03-04 03:43:56 - mkk_comic - app.py:523 - INFO - 章节下载完成，等待 5.3 秒后继续...
2026-03-04 03:44:02 - mkk_comic - app.py:494 - INFO - 正在下载第149章: 944話    UUID:e7c2032b-8445-11e9-8ce2-024352452ce0
2026-03-04 03:44:03 - mkk_comic - app.py:502 - INFO - 创建目录: ./out/海贼王/944話
2026-03-04 03:44:03 - mkk_comic - app.py:505 - INFO - 开始下载: 海贼王 - 944話
2026-03-04 03:44:03 - mkk_comic - app.py:506 - INFO - 总页数: 17
2026-03-04 03:44:03 - mkk_comic - app.py:587 - INFO - 正在下载第 001/017 页...
2026-03-04 03:44:03 - mkk_comic - app.py:587 - INFO - 正在下载第 002/017 页...
2026-03-04 03:44:03 - mkk_comic - app.py:587 - INFO - 正在下载第 003/017 页...
2026-03-04 03:44:03 - mkk_comic - app.py:587 - INFO - 正在下载第 004/017 页...
2026-03-04 03:44:03 - mkk_comic - app.py:587 - INFO - 正在下载第 005/017 页...
2026-03-04 03:44:03 - mkk_comic - app.py:587 - INFO - 正在下载第 006/017 页...
2026-03-04 03:44:03 - mkk_comic - app.py:587 - INFO - 正在下载第 007/017 页...
2026-03-04 03:44:03 - mkk_comic - app.py:587 - INFO - 正在下载第 008/017 页...
2026-03-04 03:44:03 - mkk_comic - app.py:587 - INFO - 正在下载第 009/017 页...
2026-03-04 03:44:03 - mkk_comic - app.py:587 - INFO - 正在下载第 010/017 页...
2026-03-04 03:44:03 - mkk_comic - app.py:587 - INFO - 正在下载第 011/017 页...
2026-03-04 03:44:03 - mkk_comic - app.py:587 - INFO - 正在下载第 012/017 页...
2026-03-04 03:44:03 - mkk_comic - app.py:587 - INFO - 正在下载第 013/017 页...
2026-03-04 03:44:03 - mkk_comic - app.py:587 - INFO - 正在下载第 014/017 页...
2026-03-04 03:44:03 - mkk_comic - app.py:587 - INFO - 正在下载第 015/017 页...
2026-03-04 03:44:03 - mkk_comic - app.py:587 - INFO - 正在下载第 016/017 页...
2026-03-04 03:44:03 - mkk_comic - app.py:587 - INFO - 正在下载第 017/017 页...
2026-03-04 03:44:04 - mkk_comic - app.py:511 - INFO - 下载完成!
2026-03-04 03:44:04 - mkk_comic - app.py:512 - INFO - 成功下载: 17/17 页
2026-03-04 03:44:04 - mkk_comic - app.py:523 - INFO - 章节下载完成，等待 7.5 秒后继续...
2026-03-04 03:44:11 - mkk_comic - app.py:843 - INFO - 【电锯人】上次下载至第159章
2026-03-04 03:44:12 - mkk_comic - app.py:850 - INFO - 【电锯人】检测到更新！最新：256章
2026-03-04 03:44:12 - mkk_comic - app.py:853 - INFO - 【电锯人】最大下载限制为15章-需下载160~174章）
2026-03-04 03:44:12 - mkk_comic - app.py:494 - INFO - 正在下载第160章: 第136话    UUID:957cbad8-25db-11ee-b604-d3d228a76de6
2026-03-04 03:44:13 - mkk_comic - app.py:502 - INFO - 创建目录: ./out/電鋸人/第136话
2026-03-04 03:44:13 - mkk_comic - app.py:505 - INFO - 开始下载: 電鋸人 - 第136话
2026-03-04 03:44:13 - mkk_comic - app.py:506 - INFO - 总页数: 14
2026-03-04 03:44:13 - mkk_comic - app.py:587 - INFO - 正在下载第 001/014 页...
2026-03-04 03:44:13 - mkk_comic - app.py:587 - INFO - 正在下载第 002/014 页...
2026-03-04 03:44:13 - mkk_comic - app.py:587 - INFO - 正在下载第 003/014 页...
2026-03-04 03:44:13 - mkk_comic - app.py:587 - INFO - 正在下载第 004/014 页...
2026-03-04 03:44:13 - mkk_comic - app.py:587 - INFO - 正在下载第 005/014 页...
2026-03-04 03:44:13 - mkk_comic - app.py:587 - INFO - 正在下载第 006/014 页...
2026-03-04 03:44:13 - mkk_comic - app.py:587 - INFO - 正在下载第 007/014 页...
2026-03-04 03:44:13 - mkk_comic - app.py:587 - INFO - 正在下载第 008/014 页...
2026-03-04 03:44:13 - mkk_comic - app.py:587 - INFO - 正在下载第 009/014 页...
2026-03-04 03:44:14 - mkk_comic - app.py:587 - INFO - 正在下载第 010/014 页...
2026-03-04 03:44:14 - mkk_comic - app.py:587 - INFO - 正在下载第 011/014 页...
2026-03-04 03:44:14 - mkk_comic - app.py:587 - INFO - 正在下载第 012/014 页...
2026-03-04 03:44:14 - mkk_comic - app.py:587 - INFO - 正在下载第 013/014 页...
2026-03-04 03:44:14 - mkk_comic - app.py:587 - INFO - 正在下载第 014/014 页...
2026-03-04 03:44:14 - mkk_comic - app.py:511 - INFO - 下载完成!
2026-03-04 03:44:14 - mkk_comic - app.py:512 - INFO - 成功下载: 14/14 页
2026-03-04 03:44:14 - mkk_comic - app.py:523 - INFO - 章节下载完成，等待 9.7 秒后继续...
2026-03-04 03:44:24 - mkk_comic - app.py:494 - INFO - 正在下载第161章: 第137话    UUID:4fdb10ec-2b5d-11ee-b818-d3d228a76de6
2026-03-04 03:44:25 - mkk_comic - app.py:502 - INFO - 创建目录: ./out/電鋸人/第137话
2026-03-04 03:44:25 - mkk_comic - app.py:505 - INFO - 开始下载: 電鋸人 - 第137话
2026-03-04 03:44:25 - mkk_comic - app.py:506 - INFO - 总页数: 17
2026-03-04 03:44:25 - mkk_comic - app.py:587 - INFO - 正在下载第 001/017 页...
2026-03-04 03:44:25 - mkk_comic - app.py:587 - INFO - 正在下载第 002/017 页...
2026-03-04 03:44:25 - mkk_comic - app.py:587 - INFO - 正在下载第 003/017 页...
2026-03-04 03:44:25 - mkk_comic - app.py:587 - INFO - 正在下载第 004/017 页...
2026-03-04 03:44:25 - mkk_comic - app.py:587 - INFO - 正在下载第 005/017 页...
2026-03-04 03:44:25 - mkk_comic - app.py:587 - INFO - 正在下载第 006/017 页...
2026-03-04 03:44:25 - mkk_comic - app.py:587 - INFO - 正在下载第 007/017 页...
2026-03-04 03:44:25 - mkk_comic - app.py:587 - INFO - 正在下载第 008/017 页...
2026-03-04 03:44:25 - mkk_comic - app.py:587 - INFO - 正在下载第 009/017 页...
2026-03-04 03:44:25 - mkk_comic - app.py:587 - INFO - 正在下载第 010/017 页...
2026-03-04 03:44:25 - mkk_comic - app.py:587 - INFO - 正在下载第 011/017 页...
2026-03-04 03:44:26 - mkk_comic - app.py:587 - INFO - 正在下载第 012/017 页...
2026-03-04 03:44:26 - mkk_comic - app.py:587 - INFO - 正在下载第 013/017 页...
2026-03-04 03:44:26 - mkk_comic - app.py:587 - INFO - 正在下载第 014/017 页...
2026-03-04 03:44:26 - mkk_comic - app.py:587 - INFO - 正在下载第 015/017 页...
2026-03-04 03:44:26 - mkk_comic - app.py:587 - INFO - 正在下载第 016/017 页...
2026-03-04 03:44:26 - mkk_comic - app.py:587 - INFO - 正在下载第 017/017 页...
2026-03-04 03:44:26 - mkk_comic - app.py:511 - INFO - 下载完成!
2026-03-04 03:44:26 - mkk_comic - app.py:512 - INFO - 成功下载: 17/17 页
2026-03-04 03:44:26 - mkk_comic - app.py:523 - INFO - 章节下载完成，等待 5.7 秒后继续...
2026-03-04 03:44:32 - mkk_comic - app.py:494 - INFO - 正在下载第162章: 第138话    UUID:0cec0c5a-3661-11ee-bc3d-d3d228a76de6
2026-03-04 03:44:33 - mkk_comic - app.py:502 - INFO - 创建目录: ./out/電鋸人/第138话
2026-03-04 03:44:33 - mkk_comic - app.py:505 - INFO - 开始下载: 電鋸人 - 第138话
2026-03-04 03:44:33 - mkk_comic - app.py:506 - INFO - 总页数: 19
2026-03-04 03:44:33 - mkk_comic - app.py:587 - INFO - 正在下载第 001/019 页...
2026-03-04 03:44:33 - mkk_comic - app.py:587 - INFO - 正在下载第 002/019 页...
2026-03-04 03:44:33 - mkk_comic - app.py:587 - INFO - 正在下载第 003/019 页...
2026-03-04 03:44:33 - mkk_comic - app.py:587 - INFO - 正在下载第 004/019 页...
2026-03-04 03:44:33 - mkk_comic - app.py:587 - INFO - 正在下载第 005/019 页...
2026-03-04 03:44:33 - mkk_comic - app.py:587 - INFO - 正在下载第 006/019 页...
2026-03-04 03:44:33 - mkk_comic - app.py:587 - INFO - 正在下载第 007/019 页...
2026-03-04 03:44:33 - mkk_comic - app.py:587 - INFO - 正在下载第 008/019 页...
2026-03-04 03:44:33 - mkk_comic - app.py:587 - INFO - 正在下载第 009/019 页...
2026-03-04 03:44:33 - mkk_comic - app.py:587 - INFO - 正在下载第 010/019 页...
2026-03-04 03:44:33 - mkk_comic - app.py:587 - INFO - 正在下载第 011/019 页...
2026-03-04 03:44:33 - mkk_comic - app.py:587 - INFO - 正在下载第 012/019 页...
2026-03-04 03:44:33 - mkk_comic - app.py:587 - INFO - 正在下载第 013/019 页...
2026-03-04 03:44:34 - mkk_comic - app.py:587 - INFO - 正在下载第 014/019 页...
2026-03-04 03:44:34 - mkk_comic - app.py:587 - INFO - 正在下载第 015/019 页...
2026-03-04 03:44:34 - mkk_comic - app.py:587 - INFO - 正在下载第 016/019 页...
2026-03-04 03:44:34 - mkk_comic - app.py:587 - INFO - 正在下载第 017/019 页...
2026-03-04 03:44:34 - mkk_comic - app.py:587 - INFO - 正在下载第 018/019 页...
2026-03-04 03:44:34 - mkk_comic - app.py:587 - INFO - 正在下载第 019/019 页...
2026-03-04 03:44:34 - mkk_comic - app.py:511 - INFO - 下载完成!
2026-03-04 03:44:34 - mkk_comic - app.py:512 - INFO - 成功下载: 19/19 页
2026-03-04 03:44:34 - mkk_comic - app.py:523 - INFO - 章节下载完成，等待 8.0 秒后继续...
2026-03-04 03:44:43 - mkk_comic - app.py:494 - INFO - 正在下载第163章: 第139话    UUID:86d8075e-3bdd-11ee-bec1-d3d228a76de6
2026-03-04 03:44:43 - mkk_comic - app.py:502 - INFO - 创建目录: ./out/電鋸人/第139话
2026-03-04 03:44:43 - mkk_comic - app.py:505 - INFO - 开始下载: 電鋸人 - 第139话
2026-03-04 03:44:43 - mkk_comic - app.py:506 - INFO - 总页数: 17
2026-03-04 03:44:43 - mkk_comic - app.py:587 - INFO - 正在下载第 001/017 页...
2026-03-04 03:44:43 - mkk_comic - app.py:587 - INFO - 正在下载第 002/017 页...
2026-03-04 03:44:43 - mkk_comic - app.py:587 - INFO - 正在下载第 003/017 页...
2026-03-04 03:44:43 - mkk_comic - app.py:587 - INFO - 正在下载第 004/017 页...
2026-03-04 03:44:43 - mkk_comic - app.py:587 - INFO - 正在下载第 005/017 页...
2026-03-04 03:44:44 - mkk_comic - app.py:587 - INFO - 正在下载第 006/017 页...
2026-03-04 03:44:44 - mkk_comic - app.py:587 - INFO - 正在下载第 007/017 页...
2026-03-04 03:44:44 - mkk_comic - app.py:587 - INFO - 正在下载第 008/017 页...
2026-03-04 03:44:44 - mkk_comic - app.py:587 - INFO - 正在下载第 009/017 页...
2026-03-04 03:44:44 - mkk_comic - app.py:587 - INFO - 正在下载第 010/017 页...
2026-03-04 03:44:44 - mkk_comic - app.py:587 - INFO - 正在下载第 011/017 页...
2026-03-04 03:44:44 - mkk_comic - app.py:587 - INFO - 正在下载第 012/017 页...
2026-03-04 03:44:44 - mkk_comic - app.py:587 - INFO - 正在下载第 013/017 页...
2026-03-04 03:44:44 - mkk_comic - app.py:587 - INFO - 正在下载第 014/017 页...
2026-03-04 03:44:44 - mkk_comic - app.py:587 - INFO - 正在下载第 015/017 页...
2026-03-04 03:44:44 - mkk_comic - app.py:587 - INFO - 正在下载第 016/017 页...
2026-03-04 03:44:44 - mkk_comic - app.py:587 - INFO - 正在下载第 017/017 页...
2026-03-04 03:44:44 - mkk_comic - app.py:511 - INFO - 下载完成!
2026-03-04 03:44:44 - mkk_comic - app.py:512 - INFO - 成功下载: 17/17 页
2026-03-04 03:44:44 - mkk_comic - app.py:523 - INFO - 章节下载完成，等待 6.9 秒后继续...
2026-03-04 03:44:52 - mkk_comic - app.py:494 - INFO - 正在下载第164章: 第140话    UUID:04418754-4171-11ee-822e-d3d228a76de6
2026-03-04 03:44:53 - mkk_comic - app.py:502 - INFO - 创建目录: ./out/電鋸人/第140话
2026-03-04 03:44:53 - mkk_comic - app.py:505 - INFO - 开始下载: 電鋸人 - 第140话
2026-03-04 03:44:53 - mkk_comic - app.py:506 - INFO - 总页数: 19
2026-03-04 03:44:53 - mkk_comic - app.py:587 - INFO - 正在下载第 001/019 页...
2026-03-04 03:44:53 - mkk_comic - app.py:587 - INFO - 正在下载第 002/019 页...
2026-03-04 03:44:53 - mkk_comic - app.py:587 - INFO - 正在下载第 003/019 页...
2026-03-04 03:44:53 - mkk_comic - app.py:587 - INFO - 正在下载第 004/019 页...
2026-03-04 03:44:53 - mkk_comic - app.py:587 - INFO - 正在下载第 005/019 页...
2026-03-04 03:44:53 - mkk_comic - app.py:587 - INFO - 正在下载第 006/019 页...
2026-03-04 03:44:53 - mkk_comic - app.py:587 - INFO - 正在下载第 007/019 页...
2026-03-04 03:44:53 - mkk_comic - app.py:587 - INFO - 正在下载第 008/019 页...
2026-03-04 03:44:53 - mkk_comic - app.py:587 - INFO - 正在下载第 009/019 页...
2026-03-04 03:44:53 - mkk_comic - app.py:587 - INFO - 正在下载第 010/019 页...
2026-03-04 03:44:53 - mkk_comic - app.py:587 - INFO - 正在下载第 011/019 页...
2026-03-04 03:44:53 - mkk_comic - app.py:587 - INFO - 正在下载第 012/019 页...
2026-03-04 03:44:53 - mkk_comic - app.py:587 - INFO - 正在下载第 013/019 页...
2026-03-04 03:44:53 - mkk_comic - app.py:587 - INFO - 正在下载第 014/019 页...
2026-03-04 03:44:53 - mkk_comic - app.py:587 - INFO - 正在下载第 015/019 页...
2026-03-04 03:44:53 - mkk_comic - app.py:587 - INFO - 正在下载第 016/019 页...
2026-03-04 03:44:53 - mkk_comic - app.py:587 - INFO - 正在下载第 017/019 页...
2026-03-04 03:44:53 - mkk_comic - app.py:587 - INFO - 正在下载第 018/019 页...
2026-03-04 03:44:53 - mkk_comic - app.py:587 - INFO - 正在下载第 019/019 页...
2026-03-04 03:44:54 - mkk_comic - app.py:511 - INFO - 下载完成!
2026-03-04 03:44:54 - mkk_comic - app.py:512 - INFO - 成功下载: 19/19 页
2026-03-04 03:44:54 - mkk_comic - app.py:523 - INFO - 章节下载完成，等待 6.2 秒后继续...
2026-03-04 03:45:00 - mkk_comic - app.py:494 - INFO - 正在下载第165章: 第141话    UUID:b976d404-46ca-11ee-86c8-d3d228a76de6
2026-03-04 03:45:01 - mkk_comic - app.py:502 - INFO - 创建目录: ./out/電鋸人/第141话
2026-03-04 03:45:01 - mkk_comic - app.py:505 - INFO - 开始下载: 電鋸人 - 第141话
2026-03-04 03:45:01 - mkk_comic - app.py:506 - INFO - 总页数: 15
2026-03-04 03:45:01 - mkk_comic - app.py:587 - INFO - 正在下载第 001/015 页...
2026-03-04 03:45:01 - mkk_comic - app.py:587 - INFO - 正在下载第 002/015 页...
2026-03-04 03:45:01 - mkk_comic - app.py:587 - INFO - 正在下载第 003/015 页...
2026-03-04 03:45:01 - mkk_comic - app.py:587 - INFO - 正在下载第 004/015 页...
2026-03-04 03:45:01 - mkk_comic - app.py:587 - INFO - 正在下载第 005/015 页...
2026-03-04 03:45:01 - mkk_comic - app.py:587 - INFO - 正在下载第 006/015 页...
2026-03-04 03:45:01 - mkk_comic - app.py:587 - INFO - 正在下载第 007/015 页...
2026-03-04 03:45:01 - mkk_comic - app.py:587 - INFO - 正在下载第 008/015 页...
2026-03-04 03:45:01 - mkk_comic - app.py:587 - INFO - 正在下载第 009/015 页...
2026-03-04 03:45:01 - mkk_comic - app.py:587 - INFO - 正在下载第 010/015 页...
2026-03-04 03:45:02 - mkk_comic - app.py:587 - INFO - 正在下载第 011/015 页...
2026-03-04 03:45:02 - mkk_comic - app.py:587 - INFO - 正在下载第 012/015 页...
2026-03-04 03:45:02 - mkk_comic - app.py:587 - INFO - 正在下载第 013/015 页...
2026-03-04 03:45:02 - mkk_comic - app.py:587 - INFO - 正在下载第 014/015 页...
2026-03-04 03:45:02 - mkk_comic - app.py:587 - INFO - 正在下载第 015/015 页...
2026-03-04 03:45:02 - mkk_comic - app.py:511 - INFO - 下载完成!
2026-03-04 03:45:02 - mkk_comic - app.py:512 - INFO - 成功下载: 15/15 页
2026-03-04 03:45:02 - mkk_comic - app.py:523 - INFO - 章节下载完成，等待 5.7 秒后继续...
2026-03-04 03:45:08 - mkk_comic - app.py:494 - INFO - 正在下载第166章: 第142话    UUID:987b830a-5208-11ee-8e11-d3d228a76de6
2026-03-04 03:45:09 - mkk_comic - app.py:502 - INFO - 创建目录: ./out/電鋸人/第142话
2026-03-04 03:45:09 - mkk_comic - app.py:505 - INFO - 开始下载: 電鋸人 - 第142话
2026-03-04 03:45:09 - mkk_comic - app.py:506 - INFO - 总页数: 14
2026-03-04 03:45:09 - mkk_comic - app.py:587 - INFO - 正在下载第 001/014 页...
2026-03-04 03:45:09 - mkk_comic - app.py:587 - INFO - 正在下载第 002/014 页...
2026-03-04 03:45:09 - mkk_comic - app.py:587 - INFO - 正在下载第 003/014 页...
2026-03-04 03:45:09 - mkk_comic - app.py:587 - INFO - 正在下载第 004/014 页...
2026-03-04 03:45:09 - mkk_comic - app.py:587 - INFO - 正在下载第 005/014 页...
2026-03-04 03:45:09 - mkk_comic - app.py:587 - INFO - 正在下载第 006/014 页...
2026-03-04 03:45:09 - mkk_comic - app.py:587 - INFO - 正在下载第 007/014 页...
2026-03-04 03:45:09 - mkk_comic - app.py:587 - INFO - 正在下载第 008/014 页...
2026-03-04 03:45:09 - mkk_comic - app.py:587 - INFO - 正在下载第 009/014 页...
2026-03-04 03:45:09 - mkk_comic - app.py:587 - INFO - 正在下载第 010/014 页...
2026-03-04 03:45:09 - mkk_comic - app.py:587 - INFO - 正在下载第 011/014 页...
2026-03-04 03:45:09 - mkk_comic - app.py:587 - INFO - 正在下载第 012/014 页...
2026-03-04 03:45:10 - mkk_comic - app.py:587 - INFO - 正在下载第 013/014 页...
2026-03-04 03:45:10 - mkk_comic - app.py:587 - INFO - 正在下载第 014/014 页...
2026-03-04 03:45:10 - mkk_comic - app.py:511 - INFO - 下载完成!
2026-03-04 03:45:10 - mkk_comic - app.py:512 - INFO - 成功下载: 14/14 页
2026-03-04 03:45:10 - mkk_comic - app.py:523 - INFO - 章节下载完成，等待 5.9 秒后继续...
2026-03-04 03:45:16 - mkk_comic - app.py:494 - INFO - 正在下载第167章: 第143话    UUID:34868124-5753-11ee-90ca-d3d228a76de6
2026-03-04 03:45:17 - mkk_comic - app.py:502 - INFO - 创建目录: ./out/電鋸人/第143话
2026-03-04 03:45:17 - mkk_comic - app.py:505 - INFO - 开始下载: 電鋸人 - 第143话
2026-03-04 03:45:17 - mkk_comic - app.py:506 - INFO - 总页数: 15
2026-03-04 03:45:17 - mkk_comic - app.py:587 - INFO - 正在下载第 001/015 页...
2026-03-04 03:45:17 - mkk_comic - app.py:587 - INFO - 正在下载第 002/015 页...
2026-03-04 03:45:17 - mkk_comic - app.py:587 - INFO - 正在下载第 003/015 页...
2026-03-04 03:45:17 - mkk_comic - app.py:587 - INFO - 正在下载第 004/015 页...
2026-03-04 03:45:17 - mkk_comic - app.py:587 - INFO - 正在下载第 005/015 页...
2026-03-04 03:45:17 - mkk_comic - app.py:587 - INFO - 正在下载第 006/015 页...
2026-03-04 03:45:17 - mkk_comic - app.py:587 - INFO - 正在下载第 007/015 页...
2026-03-04 03:45:17 - mkk_comic - app.py:587 - INFO - 正在下载第 008/015 页...
2026-03-04 03:45:17 - mkk_comic - app.py:587 - INFO - 正在下载第 009/015 页...
2026-03-04 03:45:18 - mkk_comic - app.py:587 - INFO - 正在下载第 010/015 页...
2026-03-04 03:45:18 - mkk_comic - app.py:587 - INFO - 正在下载第 011/015 页...
2026-03-04 03:45:18 - mkk_comic - app.py:587 - INFO - 正在下载第 012/015 页...
2026-03-04 03:45:18 - mkk_comic - app.py:587 - INFO - 正在下载第 013/015 页...
2026-03-04 03:45:18 - mkk_comic - app.py:587 - INFO - 正在下载第 014/015 页...
2026-03-04 03:45:18 - mkk_comic - app.py:587 - INFO - 正在下载第 015/015 页...
2026-03-04 03:45:18 - mkk_comic - app.py:511 - INFO - 下载完成!
2026-03-04 03:45:18 - mkk_comic - app.py:512 - INFO - 成功下载: 15/15 页
2026-03-04 03:45:18 - mkk_comic - app.py:523 - INFO - 章节下载完成，等待 7.1 秒后继续...
2026-03-04 03:45:26 - mkk_comic - app.py:494 - INFO - 正在下载第168章: 第144话    UUID:7059c198-5d2f-11ee-93e4-d3d228a76de6
2026-03-04 03:45:26 - mkk_comic - app.py:502 - INFO - 创建目录: ./out/電鋸人/第144话
2026-03-04 03:45:26 - mkk_comic - app.py:505 - INFO - 开始下载: 電鋸人 - 第144话
2026-03-04 03:45:26 - mkk_comic - app.py:506 - INFO - 总页数: 15
2026-03-04 03:45:26 - mkk_comic - app.py:587 - INFO - 正在下载第 001/015 页...
2026-03-04 03:45:26 - mkk_comic - app.py:587 - INFO - 正在下载第 002/015 页...
2026-03-04 03:45:26 - mkk_comic - app.py:587 - INFO - 正在下载第 003/015 页...
2026-03-04 03:45:26 - mkk_comic - app.py:587 - INFO - 正在下载第 004/015 页...
2026-03-04 03:45:26 - mkk_comic - app.py:587 - INFO - 正在下载第 005/015 页...
2026-03-04 03:45:27 - mkk_comic - app.py:587 - INFO - 正在下载第 006/015 页...
2026-03-04 03:45:27 - mkk_comic - app.py:587 - INFO - 正在下载第 007/015 页...
2026-03-04 03:45:27 - mkk_comic - app.py:587 - INFO - 正在下载第 008/015 页...
2026-03-04 03:45:27 - mkk_comic - app.py:587 - INFO - 正在下载第 009/015 页...
2026-03-04 03:45:27 - mkk_comic - app.py:587 - INFO - 正在下载第 010/015 页...
2026-03-04 03:45:27 - mkk_comic - app.py:587 - INFO - 正在下载第 011/015 页...
2026-03-04 03:45:27 - mkk_comic - app.py:587 - INFO - 正在下载第 012/015 页...
2026-03-04 03:45:27 - mkk_comic - app.py:587 - INFO - 正在下载第 013/015 页...
2026-03-04 03:45:27 - mkk_comic - app.py:587 - INFO - 正在下载第 014/015 页...
2026-03-04 03:45:27 - mkk_comic - app.py:587 - INFO - 正在下载第 015/015 页...
2026-03-04 03:45:27 - mkk_comic - app.py:511 - INFO - 下载完成!
2026-03-04 03:45:27 - mkk_comic - app.py:512 - INFO - 成功下载: 15/15 页
2026-03-04 03:45:27 - mkk_comic - app.py:523 - INFO - 章节下载完成，等待 8.1 秒后继续...
2026-03-04 03:45:36 - mkk_comic - app.py:494 - INFO - 正在下载第169章: 第145话    UUID:b05c40fe-6829-11ee-8053-55b00c27fb36
2026-03-04 03:45:37 - mkk_comic - app.py:502 - INFO - 创建目录: ./out/電鋸人/第145话
2026-03-04 03:45:37 - mkk_comic - app.py:505 - INFO - 开始下载: 電鋸人 - 第145话
2026-03-04 03:45:37 - mkk_comic - app.py:506 - INFO - 总页数: 16
2026-03-04 03:45:37 - mkk_comic - app.py:587 - INFO - 正在下载第 001/016 页...
2026-03-04 03:45:37 - mkk_comic - app.py:587 - INFO - 正在下载第 002/016 页...
2026-03-04 03:45:37 - mkk_comic - app.py:587 - INFO - 正在下载第 003/016 页...
2026-03-04 03:45:37 - mkk_comic - app.py:587 - INFO - 正在下载第 004/016 页...
2026-03-04 03:45:37 - mkk_comic - app.py:587 - INFO - 正在下载第 005/016 页...
2026-03-04 03:45:37 - mkk_comic - app.py:587 - INFO - 正在下载第 006/016 页...
2026-03-04 03:45:37 - mkk_comic - app.py:587 - INFO - 正在下载第 007/016 页...
2026-03-04 03:45:37 - mkk_comic - app.py:587 - INFO - 正在下载第 008/016 页...
2026-03-04 03:45:37 - mkk_comic - app.py:587 - INFO - 正在下载第 009/016 页...
2026-03-04 03:45:37 - mkk_comic - app.py:587 - INFO - 正在下载第 010/016 页...
2026-03-04 03:45:37 - mkk_comic - app.py:587 - INFO - 正在下载第 011/016 页...
2026-03-04 03:45:37 - mkk_comic - app.py:587 - INFO - 正在下载第 012/016 页...
2026-03-04 03:45:37 - mkk_comic - app.py:587 - INFO - 正在下载第 013/016 页...
2026-03-04 03:45:37 - mkk_comic - app.py:587 - INFO - 正在下载第 014/016 页...
2026-03-04 03:45:37 - mkk_comic - app.py:587 - INFO - 正在下载第 015/016 页...
2026-03-04 03:45:37 - mkk_comic - app.py:587 - INFO - 正在下载第 016/016 页...
2026-03-04 03:45:38 - mkk_comic - app.py:511 - INFO - 下载完成!
2026-03-04 03:45:38 - mkk_comic - app.py:512 - INFO - 成功下载: 16/16 页
2026-03-04 03:45:38 - mkk_comic - app.py:523 - INFO - 章节下载完成，等待 9.4 秒后继续...
2026-03-04 03:45:48 - mkk_comic - app.py:494 - INFO - 正在下载第170章: 第146话    UUID:ab29c2be-6d65-11ee-833d-55b00c27fb36
2026-03-04 03:45:48 - mkk_comic - app.py:502 - INFO - 创建目录: ./out/電鋸人/第146话
2026-03-04 03:45:48 - mkk_comic - app.py:505 - INFO - 开始下载: 電鋸人 - 第146话
2026-03-04 03:45:48 - mkk_comic - app.py:506 - INFO - 总页数: 17
2026-03-04 03:45:48 - mkk_comic - app.py:587 - INFO - 正在下载第 001/017 页...
2026-03-04 03:45:48 - mkk_comic - app.py:587 - INFO - 正在下载第 002/017 页...
2026-03-04 03:45:48 - mkk_comic - app.py:587 - INFO - 正在下载第 003/017 页...
2026-03-04 03:45:48 - mkk_comic - app.py:587 - INFO - 正在下载第 004/017 页...
2026-03-04 03:45:48 - mkk_comic - app.py:587 - INFO - 正在下载第 005/017 页...
2026-03-04 03:45:49 - mkk_comic - app.py:587 - INFO - 正在下载第 006/017 页...
2026-03-04 03:45:49 - mkk_comic - app.py:587 - INFO - 正在下载第 007/017 页...
2026-03-04 03:45:49 - mkk_comic - app.py:587 - INFO - 正在下载第 008/017 页...
2026-03-04 03:45:49 - mkk_comic - app.py:587 - INFO - 正在下载第 009/017 页...
2026-03-04 03:45:49 - mkk_comic - app.py:587 - INFO - 正在下载第 010/017 页...
2026-03-04 03:45:49 - mkk_comic - app.py:587 - INFO - 正在下载第 011/017 页...
2026-03-04 03:45:49 - mkk_comic - app.py:587 - INFO - 正在下载第 012/017 页...
2026-03-04 03:45:49 - mkk_comic - app.py:587 - INFO - 正在下载第 013/017 页...
2026-03-04 03:45:49 - mkk_comic - app.py:587 - INFO - 正在下载第 014/017 页...
2026-03-04 03:45:49 - mkk_comic - app.py:587 - INFO - 正在下载第 015/017 页...
2026-03-04 03:45:49 - mkk_comic - app.py:587 - INFO - 正在下载第 016/017 页...
2026-03-04 03:45:49 - mkk_comic - app.py:587 - INFO - 正在下载第 017/017 页...
2026-03-04 03:45:49 - mkk_comic - app.py:511 - INFO - 下载完成!
2026-03-04 03:45:49 - mkk_comic - app.py:512 - INFO - 成功下载: 17/17 页
2026-03-04 03:45:49 - mkk_comic - app.py:523 - INFO - 章节下载完成，等待 9.9 秒后继续...
2026-03-04 03:46:00 - mkk_comic - app.py:494 - INFO - 正在下载第171章: 第147话    UUID:1452fa08-78a1-11ee-887f-55b00c27fb36
2026-03-04 03:46:01 - mkk_comic - app.py:502 - INFO - 创建目录: ./out/電鋸人/第147话
2026-03-04 03:46:01 - mkk_comic - app.py:505 - INFO - 开始下载: 電鋸人 - 第147话
2026-03-04 03:46:01 - mkk_comic - app.py:506 - INFO - 总页数: 15
2026-03-04 03:46:01 - mkk_comic - app.py:587 - INFO - 正在下载第 001/015 页...
2026-03-04 03:46:01 - mkk_comic - app.py:587 - INFO - 正在下载第 002/015 页...
2026-03-04 03:46:01 - mkk_comic - app.py:587 - INFO - 正在下载第 003/015 页...
2026-03-04 03:46:01 - mkk_comic - app.py:587 - INFO - 正在下载第 004/015 页...
2026-03-04 03:46:01 - mkk_comic - app.py:587 - INFO - 正在下载第 005/015 页...
2026-03-04 03:46:01 - mkk_comic - app.py:587 - INFO - 正在下载第 006/015 页...
2026-03-04 03:46:01 - mkk_comic - app.py:587 - INFO - 正在下载第 007/015 页...
2026-03-04 03:46:01 - mkk_comic - app.py:587 - INFO - 正在下载第 008/015 页...
2026-03-04 03:46:01 - mkk_comic - app.py:587 - INFO - 正在下载第 009/015 页...
2026-03-04 03:46:01 - mkk_comic - app.py:587 - INFO - 正在下载第 010/015 页...
2026-03-04 03:46:01 - mkk_comic - app.py:587 - INFO - 正在下载第 011/015 页...
2026-03-04 03:46:01 - mkk_comic - app.py:587 - INFO - 正在下载第 012/015 页...
2026-03-04 03:46:01 - mkk_comic - app.py:587 - INFO - 正在下载第 013/015 页...
2026-03-04 03:46:01 - mkk_comic - app.py:587 - INFO - 正在下载第 014/015 页...
2026-03-04 03:46:01 - mkk_comic - app.py:587 - INFO - 正在下载第 015/015 页...
2026-03-04 03:46:02 - mkk_comic - app.py:511 - INFO - 下载完成!
2026-03-04 03:46:02 - mkk_comic - app.py:512 - INFO - 成功下载: 15/15 页
2026-03-04 03:46:02 - mkk_comic - app.py:523 - INFO - 章节下载完成，等待 7.5 秒后继续...
2026-03-04 03:46:10 - mkk_comic - app.py:494 - INFO - 正在下载第172章: 第148话    UUID:3f838b78-850a-11ee-908d-55b00c27fb36
2026-03-04 03:46:10 - mkk_comic - app.py:502 - INFO - 创建目录: ./out/電鋸人/第148话
2026-03-04 03:46:10 - mkk_comic - app.py:505 - INFO - 开始下载: 電鋸人 - 第148话
2026-03-04 03:46:10 - mkk_comic - app.py:506 - INFO - 总页数: 17
2026-03-04 03:46:10 - mkk_comic - app.py:587 - INFO - 正在下载第 001/017 页...
2026-03-04 03:46:10 - mkk_comic - app.py:587 - INFO - 正在下载第 002/017 页...
2026-03-04 03:46:10 - mkk_comic - app.py:587 - INFO - 正在下载第 003/017 页...
2026-03-04 03:46:10 - mkk_comic - app.py:587 - INFO - 正在下载第 004/017 页...
2026-03-04 03:46:10 - mkk_comic - app.py:587 - INFO - 正在下载第 005/017 页...
2026-03-04 03:46:11 - mkk_comic - app.py:587 - INFO - 正在下载第 006/017 页...
2026-03-04 03:46:11 - mkk_comic - app.py:587 - INFO - 正在下载第 007/017 页...
2026-03-04 03:46:11 - mkk_comic - app.py:587 - INFO - 正在下载第 008/017 页...
2026-03-04 03:46:11 - mkk_comic - app.py:587 - INFO - 正在下载第 009/017 页...
2026-03-04 03:46:11 - mkk_comic - app.py:587 - INFO - 正在下载第 010/017 页...
2026-03-04 03:46:11 - mkk_comic - app.py:587 - INFO - 正在下载第 011/017 页...
2026-03-04 03:46:11 - mkk_comic - app.py:587 - INFO - 正在下载第 012/017 页...
2026-03-04 03:46:11 - mkk_comic - app.py:587 - INFO - 正在下载第 013/017 页...
2026-03-04 03:46:11 - mkk_comic - app.py:587 - INFO - 正在下载第 014/017 页...
2026-03-04 03:46:11 - mkk_comic - app.py:587 - INFO - 正在下载第 015/017 页...
2026-03-04 03:46:11 - mkk_comic - app.py:587 - INFO - 正在下载第 016/017 页...
2026-03-04 03:46:11 - mkk_comic - app.py:587 - INFO - 正在下载第 017/017 页...
2026-03-04 03:46:11 - mkk_comic - app.py:511 - INFO - 下载完成!
2026-03-04 03:46:11 - mkk_comic - app.py:512 - INFO - 成功下载: 17/17 页
2026-03-04 03:46:11 - mkk_comic - app.py:523 - INFO - 章节下载完成，等待 5.9 秒后继续...
2026-03-04 03:46:18 - mkk_comic - app.py:494 - INFO - 正在下载第173章: 第149话    UUID:c116ccbe-8932-11ee-92c2-55b00c27fb36
2026-03-04 03:46:19 - mkk_comic - app.py:502 - INFO - 创建目录: ./out/電鋸人/第149话
2026-03-04 03:46:19 - mkk_comic - app.py:505 - INFO - 开始下载: 電鋸人 - 第149话
2026-03-04 03:46:19 - mkk_comic - app.py:506 - INFO - 总页数: 20
2026-03-04 03:46:19 - mkk_comic - app.py:587 - INFO - 正在下载第 001/020 页...
2026-03-04 03:46:19 - mkk_comic - app.py:587 - INFO - 正在下载第 002/020 页...
2026-03-04 03:46:19 - mkk_comic - app.py:587 - INFO - 正在下载第 003/020 页...
2026-03-04 03:46:19 - mkk_comic - app.py:587 - INFO - 正在下载第 004/020 页...
2026-03-04 03:46:19 - mkk_comic - app.py:587 - INFO - 正在下载第 005/020 页...
2026-03-04 03:46:19 - mkk_comic - app.py:587 - INFO - 正在下载第 006/020 页...
2026-03-04 03:46:19 - mkk_comic - app.py:587 - INFO - 正在下载第 007/020 页...
2026-03-04 03:46:19 - mkk_comic - app.py:587 - INFO - 正在下载第 008/020 页...
2026-03-04 03:46:19 - mkk_comic - app.py:587 - INFO - 正在下载第 009/020 页...
2026-03-04 03:46:19 - mkk_comic - app.py:587 - INFO - 正在下载第 010/020 页...
2026-03-04 03:46:19 - mkk_comic - app.py:587 - INFO - 正在下载第 011/020 页...
2026-03-04 03:46:19 - mkk_comic - app.py:587 - INFO - 正在下载第 012/020 页...
2026-03-04 03:46:19 - mkk_comic - app.py:587 - INFO - 正在下载第 013/020 页...
2026-03-04 03:46:19 - mkk_comic - app.py:587 - INFO - 正在下载第 014/020 页...
2026-03-04 03:46:19 - mkk_comic - app.py:587 - INFO - 正在下载第 015/020 页...
2026-03-04 03:46:19 - mkk_comic - app.py:587 - INFO - 正在下载第 016/020 页...
2026-03-04 03:46:19 - mkk_comic - app.py:587 - INFO - 正在下载第 017/020 页...
2026-03-04 03:46:19 - mkk_comic - app.py:587 - INFO - 正在下载第 018/020 页...
2026-03-04 03:46:19 - mkk_comic - app.py:587 - INFO - 正在下载第 019/020 页...
2026-03-04 03:46:19 - mkk_comic - app.py:587 - INFO - 正在下载第 020/020 页...
2026-03-04 03:46:20 - mkk_comic - app.py:511 - INFO - 下载完成!
2026-03-04 03:46:20 - mkk_comic - app.py:512 - INFO - 成功下载: 20/20 页
2026-03-04 03:46:20 - mkk_comic - app.py:523 - INFO - 章节下载完成，等待 6.6 秒后继续...
2026-03-04 03:46:27 - mkk_comic - app.py:494 - INFO - 正在下载第174章: 第150话    UUID:49b2f0b6-9432-11ee-99f0-55b00c27fb36
2026-03-04 03:46:27 - mkk_comic - app.py:502 - INFO - 创建目录: ./out/電鋸人/第150话
2026-03-04 03:46:27 - mkk_comic - app.py:505 - INFO - 开始下载: 電鋸人 - 第150话
2026-03-04 03:46:27 - mkk_comic - app.py:506 - INFO - 总页数: 17
2026-03-04 03:46:27 - mkk_comic - app.py:587 - INFO - 正在下载第 001/017 页...
2026-03-04 03:46:27 - mkk_comic - app.py:587 - INFO - 正在下载第 002/017 页...
2026-03-04 03:46:27 - mkk_comic - app.py:587 - INFO - 正在下载第 003/017 页...
2026-03-04 03:46:27 - mkk_comic - app.py:587 - INFO - 正在下载第 004/017 页...
2026-03-04 03:46:27 - mkk_comic - app.py:587 - INFO - 正在下载第 005/017 页...
2026-03-04 03:46:28 - mkk_comic - app.py:587 - INFO - 正在下载第 006/017 页...
2026-03-04 03:46:28 - mkk_comic - app.py:587 - INFO - 正在下载第 007/017 页...
2026-03-04 03:46:28 - mkk_comic - app.py:587 - INFO - 正在下载第 008/017 页...
2026-03-04 03:46:28 - mkk_comic - app.py:587 - INFO - 正在下载第 009/017 页...
2026-03-04 03:46:28 - mkk_comic - app.py:587 - INFO - 正在下载第 010/017 页...
2026-03-04 03:46:28 - mkk_comic - app.py:587 - INFO - 正在下载第 011/017 页...
2026-03-04 03:46:28 - mkk_comic - app.py:587 - INFO - 正在下载第 012/017 页...
2026-03-04 03:46:28 - mkk_comic - app.py:587 - INFO - 正在下载第 013/017 页...
2026-03-04 03:46:28 - mkk_comic - app.py:587 - INFO - 正在下载第 014/017 页...
2026-03-04 03:46:28 - mkk_comic - app.py:587 - INFO - 正在下载第 015/017 页...
2026-03-04 03:46:28 - mkk_comic - app.py:587 - INFO - 正在下载第 016/017 页...
2026-03-04 03:46:28 - mkk_comic - app.py:587 - INFO - 正在下载第 017/017 页...
2026-03-04 03:46:28 - mkk_comic - app.py:511 - INFO - 下载完成!
2026-03-04 03:46:28 - mkk_comic - app.py:512 - INFO - 成功下载: 17/17 页
2026-03-04 03:46:28 - mkk_comic - app.py:523 - INFO - 章节下载完成，等待 9.6 秒后继续...
2026-03-04 03:46:38 - mkk_comic - app.py:863 - INFO - ===== 检查更新完成 =====

