2026-03-06 03:53:09 - mkk_comic - app.py:868 - INFO - 运行环境：GitHub Actions（自动化模式）
2026-03-06 03:53:09 - mkk_comic - app.py:825 - INFO - ===== 开始检查更新=====
2026-03-06 03:53:09 - mkk_comic - app.py:843 - INFO - 【海贼王】上次下载至第159章
2026-03-06 03:53:10 - mkk_comic - app.py:850 - INFO - 【海贼王】检测到更新！最新：380章
2026-03-06 03:53:10 - mkk_comic - app.py:853 - INFO - 【海贼王】最大下载限制为10章-需下载160~169章）
2026-03-06 03:53:10 - mkk_comic - app.py:494 - INFO - 正在下载第160章: 955話    UUID:4b86633c-d55c-11e9-93a8-024352452ce0
2026-03-06 03:53:11 - mkk_comic - app.py:502 - INFO - 创建目录: ./out/海贼王/955話
2026-03-06 03:53:11 - mkk_comic - app.py:505 - INFO - 开始下载: 海贼王 - 955話
2026-03-06 03:53:11 - mkk_comic - app.py:506 - INFO - 总页数: 15
2026-03-06 03:53:11 - mkk_comic - app.py:587 - INFO - 正在下载第 001/015 页...
2026-03-06 03:53:11 - mkk_comic - app.py:587 - INFO - 正在下载第 002/015 页...
2026-03-06 03:53:11 - mkk_comic - app.py:587 - INFO - 正在下载第 003/015 页...
2026-03-06 03:53:11 - mkk_comic - app.py:587 - INFO - 正在下载第 004/015 页...
2026-03-06 03:53:11 - mkk_comic - app.py:587 - INFO - 正在下载第 005/015 页...
2026-03-06 03:53:11 - mkk_comic - app.py:587 - INFO - 正在下载第 006/015 页...
2026-03-06 03:53:11 - mkk_comic - app.py:587 - INFO - 正在下载第 007/015 页...
2026-03-06 03:53:12 - mkk_comic - app.py:587 - INFO - 正在下载第 008/015 页...
2026-03-06 03:53:12 - mkk_comic - app.py:587 - INFO - 正在下载第 009/015 页...
2026-03-06 03:53:12 - mkk_comic - app.py:587 - INFO - 正在下载第 010/015 页...
2026-03-06 03:53:12 - mkk_comic - app.py:587 - INFO - 正在下载第 011/015 页...
2026-03-06 03:53:12 - mkk_comic - app.py:587 - INFO - 正在下载第 012/015 页...
2026-03-06 03:53:12 - mkk_comic - app.py:587 - INFO - 正在下载第 013/015 页...
2026-03-06 03:53:12 - mkk_comic - app.py:587 - INFO - 正在下载第 014/015 页...
2026-03-06 03:53:12 - mkk_comic - app.py:587 - INFO - 正在下载第 015/015 页...
2026-03-06 03:53:12 - mkk_comic - app.py:511 - INFO - 下载完成!
2026-03-06 03:53:12 - mkk_comic - app.py:512 - INFO - 成功下载: 15/15 页
2026-03-06 03:53:12 - mkk_comic - app.py:523 - INFO - 章节下载完成，等待 8.2 秒后继续...
2026-03-06 03:53:21 - mkk_comic - app.py:494 - INFO - 正在下载第161章: 956話    UUID:8ce1d264-dadf-11e9-9470-024352452ce0
2026-03-06 03:53:22 - mkk_comic - app.py:502 - INFO - 创建目录: ./out/海贼王/956話
2026-03-06 03:53:22 - mkk_comic - app.py:505 - INFO - 开始下载: 海贼王 - 956話
2026-03-06 03:53:22 - mkk_comic - app.py:506 - INFO - 总页数: 17
2026-03-06 03:53:22 - mkk_comic - app.py:587 - INFO - 正在下载第 001/017 页...
2026-03-06 03:53:22 - mkk_comic - app.py:587 - INFO - 正在下载第 002/017 页...
2026-03-06 03:53:22 - mkk_comic - app.py:587 - INFO - 正在下载第 003/017 页...
2026-03-06 03:53:22 - mkk_comic - app.py:587 - INFO - 正在下载第 004/017 页...
2026-03-06 03:53:22 - mkk_comic - app.py:587 - INFO - 正在下载第 005/017 页...
2026-03-06 03:53:22 - mkk_comic - app.py:587 - INFO - 正在下载第 006/017 页...
2026-03-06 03:53:22 - mkk_comic - app.py:587 - INFO - 正在下载第 007/017 页...
2026-03-06 03:53:22 - mkk_comic - app.py:587 - INFO - 正在下载第 008/017 页...
2026-03-06 03:53:22 - mkk_comic - app.py:587 - INFO - 正在下载第 009/017 页...
2026-03-06 03:53:22 - mkk_comic - app.py:587 - INFO - 正在下载第 010/017 页...
2026-03-06 03:53:22 - mkk_comic - app.py:587 - INFO - 正在下载第 011/017 页...
2026-03-06 03:53:22 - mkk_comic - app.py:587 - INFO - 正在下载第 012/017 页...
2026-03-06 03:53:22 - mkk_comic - app.py:587 - INFO - 正在下载第 013/017 页...
2026-03-06 03:53:22 - mkk_comic - app.py:587 - INFO - 正在下载第 014/017 页...
2026-03-06 03:53:22 - mkk_comic - app.py:587 - INFO - 正在下载第 015/017 页...
2026-03-06 03:53:22 - mkk_comic - app.py:587 - INFO - 正在下载第 016/017 页...
2026-03-06 03:53:22 - mkk_comic - app.py:587 - INFO - 正在下载第 017/017 页...
2026-03-06 03:53:24 - mkk_comic - app.py:511 - INFO - 下载完成!
2026-03-06 03:53:24 - mkk_comic - app.py:512 - INFO - 成功下载: 17/17 页
2026-03-06 03:53:24 - mkk_comic - app.py:523 - INFO - 章节下载完成，等待 6.6 秒后继续...
2026-03-06 03:53:32 - mkk_comic - app.py:494 - INFO - 正在下载第162章: 957話    UUID:bb9874ba-e4fc-11e9-95a8-024352452ce0
2026-03-06 03:53:32 - mkk_comic - app.py:502 - INFO - 创建目录: ./out/海贼王/957話
2026-03-06 03:53:32 - mkk_comic - app.py:505 - INFO - 开始下载: 海贼王 - 957話
2026-03-06 03:53:32 - mkk_comic - app.py:506 - INFO - 总页数: 19
2026-03-06 03:53:32 - mkk_comic - app.py:587 - INFO - 正在下载第 001/019 页...
2026-03-06 03:53:32 - mkk_comic - app.py:587 - INFO - 正在下载第 002/019 页...
2026-03-06 03:53:32 - mkk_comic - app.py:587 - INFO - 正在下载第 003/019 页...
2026-03-06 03:53:32 - mkk_comic - app.py:587 - INFO - 正在下载第 004/019 页...
2026-03-06 03:53:32 - mkk_comic - app.py:587 - INFO - 正在下载第 005/019 页...
2026-03-06 03:53:33 - mkk_comic - app.py:587 - INFO - 正在下载第 006/019 页...
2026-03-06 03:53:33 - mkk_comic - app.py:587 - INFO - 正在下载第 007/019 页...
2026-03-06 03:53:33 - mkk_comic - app.py:587 - INFO - 正在下载第 008/019 页...
2026-03-06 03:53:33 - mkk_comic - app.py:587 - INFO - 正在下载第 009/019 页...
2026-03-06 03:53:33 - mkk_comic - app.py:587 - INFO - 正在下载第 010/019 页...
2026-03-06 03:53:33 - mkk_comic - app.py:587 - INFO - 正在下载第 011/019 页...
2026-03-06 03:53:33 - mkk_comic - app.py:587 - INFO - 正在下载第 012/019 页...
2026-03-06 03:53:33 - mkk_comic - app.py:587 - INFO - 正在下载第 013/019 页...
2026-03-06 03:53:33 - mkk_comic - app.py:587 - INFO - 正在下载第 014/019 页...
2026-03-06 03:53:33 - mkk_comic - app.py:587 - INFO - 正在下载第 015/019 页...
2026-03-06 03:53:33 - mkk_comic - app.py:587 - INFO - 正在下载第 016/019 页...
2026-03-06 03:53:33 - mkk_comic - app.py:587 - INFO - 正在下载第 017/019 页...
2026-03-06 03:53:33 - mkk_comic - app.py:587 - INFO - 正在下载第 018/019 页...
2026-03-06 03:53:33 - mkk_comic - app.py:587 - INFO - 正在下载第 019/019 页...
2026-03-06 03:53:33 - mkk_comic - app.py:511 - INFO - 下载完成!
2026-03-06 03:53:33 - mkk_comic - app.py:512 - INFO - 成功下载: 19/19 页
2026-03-06 03:53:33 - mkk_comic - app.py:523 - INFO - 章节下载完成，等待 7.8 秒后继续...
2026-03-06 03:53:42 - mkk_comic - app.py:494 - INFO - 正在下载第163章: 958話    UUID:e9bfc67a-e756-11e9-9602-024352452ce0
2026-03-06 03:53:43 - mkk_comic - app.py:502 - INFO - 创建目录: ./out/海贼王/958話
2026-03-06 03:53:43 - mkk_comic - app.py:505 - INFO - 开始下载: 海贼王 - 958話
2026-03-06 03:53:43 - mkk_comic - app.py:506 - INFO - 总页数: 13
2026-03-06 03:53:43 - mkk_comic - app.py:587 - INFO - 正在下载第 001/013 页...
2026-03-06 03:53:43 - mkk_comic - app.py:587 - INFO - 正在下载第 002/013 页...
2026-03-06 03:53:43 - mkk_comic - app.py:587 - INFO - 正在下载第 003/013 页...
2026-03-06 03:53:43 - mkk_comic - app.py:587 - INFO - 正在下载第 004/013 页...
2026-03-06 03:53:43 - mkk_comic - app.py:587 - INFO - 正在下载第 005/013 页...
2026-03-06 03:53:43 - mkk_comic - app.py:587 - INFO - 正在下载第 006/013 页...
2026-03-06 03:53:43 - mkk_comic - app.py:587 - INFO - 正在下载第 007/013 页...
2026-03-06 03:53:43 - mkk_comic - app.py:587 - INFO - 正在下载第 008/013 页...
2026-03-06 03:53:43 - mkk_comic - app.py:587 - INFO - 正在下载第 009/013 页...
2026-03-06 03:53:43 - mkk_comic - app.py:587 - INFO - 正在下载第 010/013 页...
2026-03-06 03:53:43 - mkk_comic - app.py:587 - INFO - 正在下载第 011/013 页...
2026-03-06 03:53:43 - mkk_comic - app.py:587 - INFO - 正在下载第 012/013 页...
2026-03-06 03:53:43 - mkk_comic - app.py:587 - INFO - 正在下载第 013/013 页...
2026-03-06 03:53:44 - mkk_comic - app.py:511 - INFO - 下载完成!
2026-03-06 03:53:44 - mkk_comic - app.py:512 - INFO - 成功下载: 13/13 页
2026-03-06 03:53:44 - mkk_comic - app.py:523 - INFO - 章节下载完成，等待 9.0 秒后继续...
2026-03-06 03:53:53 - mkk_comic - app.py:494 - INFO - 正在下载第164章: 959話    UUID:3766fb22-f40f-11e9-97b0-024352452ce0
2026-03-06 03:53:54 - mkk_comic - app.py:502 - INFO - 创建目录: ./out/海贼王/959話
2026-03-06 03:53:54 - mkk_comic - app.py:505 - INFO - 开始下载: 海贼王 - 959話
2026-03-06 03:53:54 - mkk_comic - app.py:506 - INFO - 总页数: 17
2026-03-06 03:53:54 - mkk_comic - app.py:587 - INFO - 正在下载第 001/017 页...
2026-03-06 03:53:54 - mkk_comic - app.py:587 - INFO - 正在下载第 002/017 页...
2026-03-06 03:53:54 - mkk_comic - app.py:587 - INFO - 正在下载第 003/017 页...
2026-03-06 03:53:54 - mkk_comic - app.py:587 - INFO - 正在下载第 004/017 页...
2026-03-06 03:53:54 - mkk_comic - app.py:587 - INFO - 正在下载第 005/017 页...
2026-03-06 03:53:54 - mkk_comic - app.py:587 - INFO - 正在下载第 006/017 页...
2026-03-06 03:53:54 - mkk_comic - app.py:587 - INFO - 正在下载第 007/017 页...
2026-03-06 03:53:54 - mkk_comic - app.py:587 - INFO - 正在下载第 008/017 页...
2026-03-06 03:53:54 - mkk_comic - app.py:587 - INFO - 正在下载第 009/017 页...
2026-03-06 03:53:54 - mkk_comic - app.py:587 - INFO - 正在下载第 010/017 页...
2026-03-06 03:53:54 - mkk_comic - app.py:587 - INFO - 正在下载第 011/017 页...
2026-03-06 03:53:54 - mkk_comic - app.py:587 - INFO - 正在下载第 012/017 页...
2026-03-06 03:53:54 - mkk_comic - app.py:587 - INFO - 正在下载第 013/017 页...
2026-03-06 03:53:54 - mkk_comic - app.py:587 - INFO - 正在下载第 014/017 页...
2026-03-06 03:53:55 - mkk_comic - app.py:587 - INFO - 正在下载第 015/017 页...
2026-03-06 03:53:55 - mkk_comic - app.py:587 - INFO - 正在下载第 016/017 页...
2026-03-06 03:53:55 - mkk_comic - app.py:587 - INFO - 正在下载第 017/017 页...
2026-03-06 03:53:55 - mkk_comic - app.py:511 - INFO - 下载完成!
2026-03-06 03:53:55 - mkk_comic - app.py:512 - INFO - 成功下载: 17/17 页
2026-03-06 03:53:55 - mkk_comic - app.py:523 - INFO - 章节下载完成，等待 5.6 秒后继续...
2026-03-06 03:54:01 - mkk_comic - app.py:494 - INFO - 正在下载第165章: 960話    UUID:3e4e9b6e-f71d-11e9-980e-024352452ce0
2026-03-06 03:54:02 - mkk_comic - app.py:502 - INFO - 创建目录: ./out/海贼王/960話
2026-03-06 03:54:02 - mkk_comic - app.py:505 - INFO - 开始下载: 海贼王 - 960話
2026-03-06 03:54:02 - mkk_comic - app.py:506 - INFO - 总页数: 15
2026-03-06 03:54:02 - mkk_comic - app.py:587 - INFO - 正在下载第 001/015 页...
2026-03-06 03:54:02 - mkk_comic - app.py:587 - INFO - 正在下载第 002/015 页...
2026-03-06 03:54:02 - mkk_comic - app.py:587 - INFO - 正在下载第 003/015 页...
2026-03-06 03:54:02 - mkk_comic - app.py:587 - INFO - 正在下载第 004/015 页...
2026-03-06 03:54:02 - mkk_comic - app.py:587 - INFO - 正在下载第 005/015 页...
2026-03-06 03:54:02 - mkk_comic - app.py:587 - INFO - 正在下载第 006/015 页...
2026-03-06 03:54:02 - mkk_comic - app.py:587 - INFO - 正在下载第 007/015 页...
2026-03-06 03:54:02 - mkk_comic - app.py:587 - INFO - 正在下载第 008/015 页...
2026-03-06 03:54:02 - mkk_comic - app.py:587 - INFO - 正在下载第 009/015 页...
2026-03-06 03:54:02 - mkk_comic - app.py:587 - INFO - 正在下载第 010/015 页...
2026-03-06 03:54:02 - mkk_comic - app.py:587 - INFO - 正在下载第 011/015 页...
2026-03-06 03:54:02 - mkk_comic - app.py:587 - INFO - 正在下载第 012/015 页...
2026-03-06 03:54:02 - mkk_comic - app.py:587 - INFO - 正在下载第 013/015 页...
2026-03-06 03:54:02 - mkk_comic - app.py:587 - INFO - 正在下载第 014/015 页...
2026-03-06 03:54:02 - mkk_comic - app.py:587 - INFO - 正在下载第 015/015 页...
2026-03-06 03:54:03 - mkk_comic - app.py:511 - INFO - 下载完成!
2026-03-06 03:54:03 - mkk_comic - app.py:512 - INFO - 成功下载: 15/15 页
2026-03-06 03:54:03 - mkk_comic - app.py:523 - INFO - 章节下载完成，等待 9.5 秒后继续...
2026-03-06 03:54:13 - mkk_comic - app.py:494 - INFO - 正在下载第166章: 961話    UUID:3045f69e-fd5c-11e9-98af-024352452ce0
2026-03-06 03:54:14 - mkk_comic - app.py:502 - INFO - 创建目录: ./out/海贼王/961話
2026-03-06 03:54:14 - mkk_comic - app.py:505 - INFO - 开始下载: 海贼王 - 961話
2026-03-06 03:54:14 - mkk_comic - app.py:506 - INFO - 总页数: 15
2026-03-06 03:54:14 - mkk_comic - app.py:587 - INFO - 正在下载第 001/015 页...
2026-03-06 03:54:14 - mkk_comic - app.py:587 - INFO - 正在下载第 002/015 页...
2026-03-06 03:54:14 - mkk_comic - app.py:587 - INFO - 正在下载第 003/015 页...
2026-03-06 03:54:14 - mkk_comic - app.py:587 - INFO - 正在下载第 004/015 页...
2026-03-06 03:54:14 - mkk_comic - app.py:587 - INFO - 正在下载第 005/015 页...
2026-03-06 03:54:14 - mkk_comic - app.py:587 - INFO - 正在下载第 006/015 页...
2026-03-06 03:54:14 - mkk_comic - app.py:587 - INFO - 正在下载第 007/015 页...
2026-03-06 03:54:14 - mkk_comic - app.py:587 - INFO - 正在下载第 008/015 页...
2026-03-06 03:54:14 - mkk_comic - app.py:587 - INFO - 正在下载第 009/015 页...
2026-03-06 03:54:14 - mkk_comic - app.py:587 - INFO - 正在下载第 010/015 页...
2026-03-06 03:54:14 - mkk_comic - app.py:587 - INFO - 正在下载第 011/015 页...
2026-03-06 03:54:14 - mkk_comic - app.py:587 - INFO - 正在下载第 012/015 页...
2026-03-06 03:54:14 - mkk_comic - app.py:587 - INFO - 正在下载第 013/015 页...
2026-03-06 03:54:14 - mkk_comic - app.py:587 - INFO - 正在下载第 014/015 页...
2026-03-06 03:54:14 - mkk_comic - app.py:587 - INFO - 正在下载第 015/015 页...
2026-03-06 03:54:15 - mkk_comic - app.py:511 - INFO - 下载完成!
2026-03-06 03:54:15 - mkk_comic - app.py:512 - INFO - 成功下载: 15/15 页
2026-03-06 03:54:15 - mkk_comic - app.py:523 - INFO - 章节下载完成，等待 7.7 秒后继续...
2026-03-06 03:54:23 - mkk_comic - app.py:494 - INFO - 正在下载第167章: 962話    UUID:e8b6f88c-0c56-11ea-9a2d-024352452ce0
2026-03-06 03:54:24 - mkk_comic - app.py:502 - INFO - 创建目录: ./out/海贼王/962話
2026-03-06 03:54:24 - mkk_comic - app.py:505 - INFO - 开始下载: 海贼王 - 962話
2026-03-06 03:54:24 - mkk_comic - app.py:506 - INFO - 总页数: 13
2026-03-06 03:54:24 - mkk_comic - app.py:587 - INFO - 正在下载第 001/013 页...
2026-03-06 03:54:24 - mkk_comic - app.py:587 - INFO - 正在下载第 002/013 页...
2026-03-06 03:54:24 - mkk_comic - app.py:587 - INFO - 正在下载第 003/013 页...
2026-03-06 03:54:24 - mkk_comic - app.py:587 - INFO - 正在下载第 004/013 页...
2026-03-06 03:54:24 - mkk_comic - app.py:587 - INFO - 正在下载第 005/013 页...
2026-03-06 03:54:24 - mkk_comic - app.py:587 - INFO - 正在下载第 006/013 页...
2026-03-06 03:54:24 - mkk_comic - app.py:587 - INFO - 正在下载第 007/013 页...
2026-03-06 03:54:24 - mkk_comic - app.py:587 - INFO - 正在下载第 008/013 页...
2026-03-06 03:54:24 - mkk_comic - app.py:587 - INFO - 正在下载第 009/013 页...
2026-03-06 03:54:24 - mkk_comic - app.py:587 - INFO - 正在下载第 010/013 页...
2026-03-06 03:54:24 - mkk_comic - app.py:587 - INFO - 正在下载第 011/013 页...
2026-03-06 03:54:24 - mkk_comic - app.py:587 - INFO - 正在下载第 012/013 页...
2026-03-06 03:54:24 - mkk_comic - app.py:587 - INFO - 正在下载第 013/013 页...
2026-03-06 03:54:24 - mkk_comic - app.py:511 - INFO - 下载完成!
2026-03-06 03:54:24 - mkk_comic - app.py:512 - INFO - 成功下载: 13/13 页
2026-03-06 03:54:24 - mkk_comic - app.py:523 - INFO - 章节下载完成，等待 7.1 秒后继续...
2026-03-06 03:54:32 - mkk_comic - app.py:494 - INFO - 正在下载第168章: 963話    UUID:c7d7ec4c-0de2-11ea-9a7f-024352452ce0
2026-03-06 03:54:33 - mkk_comic - app.py:502 - INFO - 创建目录: ./out/海贼王/963話
2026-03-06 03:54:33 - mkk_comic - app.py:505 - INFO - 开始下载: 海贼王 - 963話
2026-03-06 03:54:33 - mkk_comic - app.py:506 - INFO - 总页数: 14
2026-03-06 03:54:33 - mkk_comic - app.py:587 - INFO - 正在下载第 001/014 页...
2026-03-06 03:54:33 - mkk_comic - app.py:587 - INFO - 正在下载第 002/014 页...
2026-03-06 03:54:33 - mkk_comic - app.py:587 - INFO - 正在下载第 003/014 页...
2026-03-06 03:54:33 - mkk_comic - app.py:587 - INFO - 正在下载第 004/014 页...
2026-03-06 03:54:33 - mkk_comic - app.py:587 - INFO - 正在下载第 005/014 页...
2026-03-06 03:54:33 - mkk_comic - app.py:587 - INFO - 正在下载第 006/014 页...
2026-03-06 03:54:33 - mkk_comic - app.py:587 - INFO - 正在下载第 007/014 页...
2026-03-06 03:54:33 - mkk_comic - app.py:587 - INFO - 正在下载第 008/014 页...
2026-03-06 03:54:33 - mkk_comic - app.py:587 - INFO - 正在下载第 009/014 页...
2026-03-06 03:54:33 - mkk_comic - app.py:587 - INFO - 正在下载第 010/014 页...
2026-03-06 03:54:33 - mkk_comic - app.py:587 - INFO - 正在下载第 011/014 页...
2026-03-06 03:54:33 - mkk_comic - app.py:587 - INFO - 正在下载第 012/014 页...
2026-03-06 03:54:33 - mkk_comic - app.py:587 - INFO - 正在下载第 013/014 页...
2026-03-06 03:54:33 - mkk_comic - app.py:587 - INFO - 正在下载第 014/014 页...
2026-03-06 03:54:34 - mkk_comic - app.py:511 - INFO - 下载完成!
2026-03-06 03:54:34 - mkk_comic - app.py:512 - INFO - 成功下载: 14/14 页
2026-03-06 03:54:34 - mkk_comic - app.py:523 - INFO - 章节下载完成，等待 6.4 秒后继续...
2026-03-06 03:54:41 - mkk_comic - app.py:494 - INFO - 正在下载第169章: 964話    UUID:69c07594-1b51-11ea-9c32-024352452ce0
2026-03-06 03:54:41 - mkk_comic - app.py:502 - INFO - 创建目录: ./out/海贼王/964話
2026-03-06 03:54:41 - mkk_comic - app.py:505 - INFO - 开始下载: 海贼王 - 964話
2026-03-06 03:54:41 - mkk_comic - app.py:506 - INFO - 总页数: 17
2026-03-06 03:54:41 - mkk_comic - app.py:587 - INFO - 正在下载第 001/017 页...
2026-03-06 03:54:41 - mkk_comic - app.py:587 - INFO - 正在下载第 002/017 页...
2026-03-06 03:54:41 - mkk_comic - app.py:587 - INFO - 正在下载第 003/017 页...
2026-03-06 03:54:41 - mkk_comic - app.py:587 - INFO - 正在下载第 004/017 页...
2026-03-06 03:54:41 - mkk_comic - app.py:587 - INFO - 正在下载第 005/017 页...
2026-03-06 03:54:42 - mkk_comic - app.py:587 - INFO - 正在下载第 006/017 页...
2026-03-06 03:54:42 - mkk_comic - app.py:587 - INFO - 正在下载第 007/017 页...
2026-03-06 03:54:42 - mkk_comic - app.py:587 - INFO - 正在下载第 008/017 页...
2026-03-06 03:54:42 - mkk_comic - app.py:587 - INFO - 正在下载第 009/017 页...
2026-03-06 03:54:42 - mkk_comic - app.py:587 - INFO - 正在下载第 010/017 页...
2026-03-06 03:54:42 - mkk_comic - app.py:587 - INFO - 正在下载第 011/017 页...
2026-03-06 03:54:42 - mkk_comic - app.py:587 - INFO - 正在下载第 012/017 页...
2026-03-06 03:54:42 - mkk_comic - app.py:587 - INFO - 正在下载第 013/017 页...
2026-03-06 03:54:42 - mkk_comic - app.py:587 - INFO - 正在下载第 014/017 页...
2026-03-06 03:54:42 - mkk_comic - app.py:587 - INFO - 正在下载第 015/017 页...
2026-03-06 03:54:42 - mkk_comic - app.py:587 - INFO - 正在下载第 016/017 页...
2026-03-06 03:54:42 - mkk_comic - app.py:587 - INFO - 正在下载第 017/017 页...
2026-03-06 03:54:42 - mkk_comic - app.py:511 - INFO - 下载完成!
2026-03-06 03:54:42 - mkk_comic - app.py:512 - INFO - 成功下载: 17/17 页
2026-03-06 03:54:42 - mkk_comic - app.py:523 - INFO - 章节下载完成，等待 7.3 秒后继续...
2026-03-06 03:54:50 - mkk_comic - app.py:843 - INFO - 【电锯人】上次下载至第189章
2026-03-06 03:54:50 - mkk_comic - app.py:850 - INFO - 【电锯人】检测到更新！最新：256章
2026-03-06 03:54:50 - mkk_comic - app.py:853 - INFO - 【电锯人】最大下载限制为15章-需下载190~204章）
2026-03-06 03:54:51 - mkk_comic - app.py:494 - INFO - 正在下载第190章: 第166话    UUID:7764a4fa-18f8-11ef-898d-3f487b7d9a9a
2026-03-06 03:54:52 - mkk_comic - app.py:502 - INFO - 创建目录: ./out/電鋸人/第166话
2026-03-06 03:54:52 - mkk_comic - app.py:505 - INFO - 开始下载: 電鋸人 - 第166话
2026-03-06 03:54:52 - mkk_comic - app.py:506 - INFO - 总页数: 16
2026-03-06 03:54:52 - mkk_comic - app.py:587 - INFO - 正在下载第 001/016 页...
2026-03-06 03:54:52 - mkk_comic - app.py:587 - INFO - 正在下载第 002/016 页...
2026-03-06 03:54:52 - mkk_comic - app.py:587 - INFO - 正在下载第 003/016 页...
2026-03-06 03:54:52 - mkk_comic - app.py:587 - INFO - 正在下载第 004/016 页...
2026-03-06 03:54:52 - mkk_comic - app.py:587 - INFO - 正在下载第 005/016 页...
2026-03-06 03:54:52 - mkk_comic - app.py:587 - INFO - 正在下载第 006/016 页...
2026-03-06 03:54:52 - mkk_comic - app.py:587 - INFO - 正在下载第 007/016 页...
2026-03-06 03:54:52 - mkk_comic - app.py:587 - INFO - 正在下载第 008/016 页...
2026-03-06 03:54:52 - mkk_comic - app.py:587 - INFO - 正在下载第 009/016 页...
2026-03-06 03:54:52 - mkk_comic - app.py:587 - INFO - 正在下载第 010/016 页...
2026-03-06 03:54:52 - mkk_comic - app.py:587 - INFO - 正在下载第 011/016 页...
2026-03-06 03:54:52 - mkk_comic - app.py:587 - INFO - 正在下载第 012/016 页...
2026-03-06 03:54:52 - mkk_comic - app.py:587 - INFO - 正在下载第 013/016 页...
2026-03-06 03:54:52 - mkk_comic - app.py:587 - INFO - 正在下载第 014/016 页...
2026-03-06 03:54:52 - mkk_comic - app.py:587 - INFO - 正在下载第 015/016 页...
2026-03-06 03:54:52 - mkk_comic - app.py:587 - INFO - 正在下载第 016/016 页...
2026-03-06 03:54:52 - mkk_comic - app.py:511 - INFO - 下载完成!
2026-03-06 03:54:52 - mkk_comic - app.py:512 - INFO - 成功下载: 16/16 页
2026-03-06 03:54:52 - mkk_comic - app.py:523 - INFO - 章节下载完成，等待 8.5 秒后继续...
2026-03-06 03:55:02 - mkk_comic - app.py:494 - INFO - 正在下载第191章: 第167话    UUID:caf509f2-2316-11ef-8dac-3f487b7d9a9a
2026-03-06 03:55:02 - mkk_comic - app.py:502 - INFO - 创建目录: ./out/電鋸人/第167话
2026-03-06 03:55:02 - mkk_comic - app.py:505 - INFO - 开始下载: 電鋸人 - 第167话
2026-03-06 03:55:02 - mkk_comic - app.py:506 - INFO - 总页数: 16
2026-03-06 03:55:02 - mkk_comic - app.py:587 - INFO - 正在下载第 001/016 页...
2026-03-06 03:55:02 - mkk_comic - app.py:587 - INFO - 正在下载第 002/016 页...
2026-03-06 03:55:02 - mkk_comic - app.py:587 - INFO - 正在下载第 003/016 页...
2026-03-06 03:55:02 - mkk_comic - app.py:587 - INFO - 正在下载第 004/016 页...
2026-03-06 03:55:02 - mkk_comic - app.py:587 - INFO - 正在下载第 005/016 页...
2026-03-06 03:55:03 - mkk_comic - app.py:587 - INFO - 正在下载第 006/016 页...
2026-03-06 03:55:03 - mkk_comic - app.py:587 - INFO - 正在下载第 007/016 页...
2026-03-06 03:55:03 - mkk_comic - app.py:587 - INFO - 正在下载第 008/016 页...
2026-03-06 03:55:03 - mkk_comic - app.py:587 - INFO - 正在下载第 009/016 页...
2026-03-06 03:55:03 - mkk_comic - app.py:587 - INFO - 正在下载第 010/016 页...
2026-03-06 03:55:03 - mkk_comic - app.py:587 - INFO - 正在下载第 011/016 页...
2026-03-06 03:55:03 - mkk_comic - app.py:587 - INFO - 正在下载第 012/016 页...
2026-03-06 03:55:03 - mkk_comic - app.py:587 - INFO - 正在下载第 013/016 页...
2026-03-06 03:55:03 - mkk_comic - app.py:587 - INFO - 正在下载第 014/016 页...
2026-03-06 03:55:03 - mkk_comic - app.py:587 - INFO - 正在下载第 015/016 页...
2026-03-06 03:55:03 - mkk_comic - app.py:587 - INFO - 正在下载第 016/016 页...
2026-03-06 03:55:03 - mkk_comic - app.py:511 - INFO - 下载完成!
2026-03-06 03:55:03 - mkk_comic - app.py:512 - INFO - 成功下载: 16/16 页
2026-03-06 03:55:03 - mkk_comic - app.py:523 - INFO - 章节下载完成，等待 8.4 秒后继续...
2026-03-06 03:55:12 - mkk_comic - app.py:494 - INFO - 正在下载第192章: 第168话    UUID:8bfa284a-2983-11ef-9133-3f487b7d9a9a
2026-03-06 03:55:13 - mkk_comic - app.py:502 - INFO - 创建目录: ./out/電鋸人/第168话
2026-03-06 03:55:13 - mkk_comic - app.py:505 - INFO - 开始下载: 電鋸人 - 第168话
2026-03-06 03:55:13 - mkk_comic - app.py:506 - INFO - 总页数: 15
2026-03-06 03:55:13 - mkk_comic - app.py:587 - INFO - 正在下载第 001/015 页...
2026-03-06 03:55:13 - mkk_comic - app.py:587 - INFO - 正在下载第 002/015 页...
2026-03-06 03:55:13 - mkk_comic - app.py:587 - INFO - 正在下载第 003/015 页...
2026-03-06 03:55:13 - mkk_comic - app.py:587 - INFO - 正在下载第 004/015 页...
2026-03-06 03:55:13 - mkk_comic - app.py:587 - INFO - 正在下载第 005/015 页...
2026-03-06 03:55:13 - mkk_comic - app.py:587 - INFO - 正在下载第 006/015 页...
2026-03-06 03:55:13 - mkk_comic - app.py:587 - INFO - 正在下载第 007/015 页...
2026-03-06 03:55:13 - mkk_comic - app.py:587 - INFO - 正在下载第 008/015 页...
2026-03-06 03:55:13 - mkk_comic - app.py:587 - INFO - 正在下载第 009/015 页...
2026-03-06 03:55:13 - mkk_comic - app.py:587 - INFO - 正在下载第 010/015 页...
2026-03-06 03:55:14 - mkk_comic - app.py:587 - INFO - 正在下载第 011/015 页...
2026-03-06 03:55:14 - mkk_comic - app.py:587 - INFO - 正在下载第 012/015 页...
2026-03-06 03:55:14 - mkk_comic - app.py:587 - INFO - 正在下载第 013/015 页...
2026-03-06 03:55:14 - mkk_comic - app.py:587 - INFO - 正在下载第 014/015 页...
2026-03-06 03:55:14 - mkk_comic - app.py:587 - INFO - 正在下载第 015/015 页...
2026-03-06 03:55:14 - mkk_comic - app.py:511 - INFO - 下载完成!
2026-03-06 03:55:14 - mkk_comic - app.py:512 - INFO - 成功下载: 15/15 页
2026-03-06 03:55:14 - mkk_comic - app.py:523 - INFO - 章节下载完成，等待 6.3 秒后继续...
2026-03-06 03:55:21 - mkk_comic - app.py:494 - INFO - 正在下载第193章: 第169话    UUID:c856beea-3426-11ef-9506-3f487b7d9a9a
2026-03-06 03:55:21 - mkk_comic - app.py:502 - INFO - 创建目录: ./out/電鋸人/第169话
2026-03-06 03:55:21 - mkk_comic - app.py:505 - INFO - 开始下载: 電鋸人 - 第169话
2026-03-06 03:55:21 - mkk_comic - app.py:506 - INFO - 总页数: 16
2026-03-06 03:55:21 - mkk_comic - app.py:587 - INFO - 正在下载第 001/016 页...
2026-03-06 03:55:21 - mkk_comic - app.py:587 - INFO - 正在下载第 002/016 页...
2026-03-06 03:55:21 - mkk_comic - app.py:587 - INFO - 正在下载第 003/016 页...
2026-03-06 03:55:21 - mkk_comic - app.py:587 - INFO - 正在下载第 004/016 页...
2026-03-06 03:55:21 - mkk_comic - app.py:587 - INFO - 正在下载第 005/016 页...
2026-03-06 03:55:22 - mkk_comic - app.py:587 - INFO - 正在下载第 006/016 页...
2026-03-06 03:55:22 - mkk_comic - app.py:587 - INFO - 正在下载第 007/016 页...
2026-03-06 03:55:22 - mkk_comic - app.py:587 - INFO - 正在下载第 008/016 页...
2026-03-06 03:55:22 - mkk_comic - app.py:587 - INFO - 正在下载第 009/016 页...
2026-03-06 03:55:22 - mkk_comic - app.py:587 - INFO - 正在下载第 010/016 页...
2026-03-06 03:55:22 - mkk_comic - app.py:587 - INFO - 正在下载第 011/016 页...
2026-03-06 03:55:22 - mkk_comic - app.py:587 - INFO - 正在下载第 012/016 页...
2026-03-06 03:55:22 - mkk_comic - app.py:587 - INFO - 正在下载第 013/016 页...
2026-03-06 03:55:22 - mkk_comic - app.py:587 - INFO - 正在下载第 014/016 页...
2026-03-06 03:55:22 - mkk_comic - app.py:587 - INFO - 正在下载第 015/016 页...
2026-03-06 03:55:22 - mkk_comic - app.py:587 - INFO - 正在下载第 016/016 页...
2026-03-06 03:55:22 - mkk_comic - app.py:511 - INFO - 下载完成!
2026-03-06 03:55:22 - mkk_comic - app.py:512 - INFO - 成功下载: 16/16 页
2026-03-06 03:55:22 - mkk_comic - app.py:523 - INFO - 章节下载完成，等待 7.0 秒后继续...
2026-03-06 03:55:30 - mkk_comic - app.py:494 - INFO - 正在下载第194章: 第170话    UUID:4705a208-3ab0-11ef-973d-3f487b7d9a9a
2026-03-06 03:55:31 - mkk_comic - app.py:502 - INFO - 创建目录: ./out/電鋸人/第170话
2026-03-06 03:55:31 - mkk_comic - app.py:505 - INFO - 开始下载: 電鋸人 - 第170话
2026-03-06 03:55:31 - mkk_comic - app.py:506 - INFO - 总页数: 15
2026-03-06 03:55:31 - mkk_comic - app.py:587 - INFO - 正在下载第 001/015 页...
2026-03-06 03:55:31 - mkk_comic - app.py:587 - INFO - 正在下载第 002/015 页...
2026-03-06 03:55:31 - mkk_comic - app.py:587 - INFO - 正在下载第 003/015 页...
2026-03-06 03:55:31 - mkk_comic - app.py:587 - INFO - 正在下载第 004/015 页...
2026-03-06 03:55:31 - mkk_comic - app.py:587 - INFO - 正在下载第 005/015 页...
2026-03-06 03:55:31 - mkk_comic - app.py:587 - INFO - 正在下载第 006/015 页...
2026-03-06 03:55:31 - mkk_comic - app.py:587 - INFO - 正在下载第 007/015 页...
2026-03-06 03:55:31 - mkk_comic - app.py:587 - INFO - 正在下载第 008/015 页...
2026-03-06 03:55:31 - mkk_comic - app.py:587 - INFO - 正在下载第 009/015 页...
2026-03-06 03:55:31 - mkk_comic - app.py:587 - INFO - 正在下载第 010/015 页...
2026-03-06 03:55:31 - mkk_comic - app.py:587 - INFO - 正在下载第 011/015 页...
2026-03-06 03:55:31 - mkk_comic - app.py:587 - INFO - 正在下载第 012/015 页...
2026-03-06 03:55:31 - mkk_comic - app.py:587 - INFO - 正在下载第 013/015 页...
2026-03-06 03:55:31 - mkk_comic - app.py:587 - INFO - 正在下载第 014/015 页...
2026-03-06 03:55:31 - mkk_comic - app.py:587 - INFO - 正在下载第 015/015 页...
2026-03-06 03:55:31 - mkk_comic - app.py:511 - INFO - 下载完成!
2026-03-06 03:55:31 - mkk_comic - app.py:512 - INFO - 成功下载: 15/15 页
2026-03-06 03:55:31 - mkk_comic - app.py:523 - INFO - 章节下载完成，等待 6.4 秒后继续...
2026-03-06 03:55:39 - mkk_comic - app.py:494 - INFO - 正在下载第195章: 第171话    UUID:63fb2d3a-44b3-11ef-9ad4-3f487b7d9a9a
2026-03-06 03:55:39 - mkk_comic - app.py:502 - INFO - 创建目录: ./out/電鋸人/第171话
2026-03-06 03:55:39 - mkk_comic - app.py:505 - INFO - 开始下载: 電鋸人 - 第171话
2026-03-06 03:55:39 - mkk_comic - app.py:506 - INFO - 总页数: 15
2026-03-06 03:55:39 - mkk_comic - app.py:587 - INFO - 正在下载第 001/015 页...
2026-03-06 03:55:39 - mkk_comic - app.py:587 - INFO - 正在下载第 002/015 页...
2026-03-06 03:55:39 - mkk_comic - app.py:587 - INFO - 正在下载第 003/015 页...
2026-03-06 03:55:39 - mkk_comic - app.py:587 - INFO - 正在下载第 004/015 页...
2026-03-06 03:55:39 - mkk_comic - app.py:587 - INFO - 正在下载第 005/015 页...
2026-03-06 03:55:39 - mkk_comic - app.py:587 - INFO - 正在下载第 006/015 页...
2026-03-06 03:55:39 - mkk_comic - app.py:587 - INFO - 正在下载第 007/015 页...
2026-03-06 03:55:39 - mkk_comic - app.py:587 - INFO - 正在下载第 008/015 页...
2026-03-06 03:55:40 - mkk_comic - app.py:587 - INFO - 正在下载第 009/015 页...
2026-03-06 03:55:40 - mkk_comic - app.py:587 - INFO - 正在下载第 010/015 页...
2026-03-06 03:55:40 - mkk_comic - app.py:587 - INFO - 正在下载第 011/015 页...
2026-03-06 03:55:40 - mkk_comic - app.py:587 - INFO - 正在下载第 012/015 页...
2026-03-06 03:55:40 - mkk_comic - app.py:587 - INFO - 正在下载第 013/015 页...
2026-03-06 03:55:40 - mkk_comic - app.py:587 - INFO - 正在下载第 014/015 页...
2026-03-06 03:55:40 - mkk_comic - app.py:587 - INFO - 正在下载第 015/015 页...
2026-03-06 03:55:40 - mkk_comic - app.py:511 - INFO - 下载完成!
2026-03-06 03:55:40 - mkk_comic - app.py:512 - INFO - 成功下载: 15/15 页
2026-03-06 03:55:40 - mkk_comic - app.py:523 - INFO - 章节下载完成，等待 6.5 秒后继续...
2026-03-06 03:55:47 - mkk_comic - app.py:494 - INFO - 正在下载第196章: 第172话    UUID:5a3fba28-4a34-11ef-9f81-3f487b7d9a9a
2026-03-06 03:55:48 - mkk_comic - app.py:502 - INFO - 创建目录: ./out/電鋸人/第172话
2026-03-06 03:55:48 - mkk_comic - app.py:505 - INFO - 开始下载: 電鋸人 - 第172话
2026-03-06 03:55:48 - mkk_comic - app.py:506 - INFO - 总页数: 16
2026-03-06 03:55:48 - mkk_comic - app.py:587 - INFO - 正在下载第 001/016 页...
2026-03-06 03:55:48 - mkk_comic - app.py:587 - INFO - 正在下载第 002/016 页...
2026-03-06 03:55:48 - mkk_comic - app.py:587 - INFO - 正在下载第 003/016 页...
2026-03-06 03:55:48 - mkk_comic - app.py:587 - INFO - 正在下载第 004/016 页...
2026-03-06 03:55:48 - mkk_comic - app.py:587 - INFO - 正在下载第 005/016 页...
2026-03-06 03:55:48 - mkk_comic - app.py:587 - INFO - 正在下载第 006/016 页...
2026-03-06 03:55:48 - mkk_comic - app.py:587 - INFO - 正在下载第 007/016 页...
2026-03-06 03:55:48 - mkk_comic - app.py:587 - INFO - 正在下载第 008/016 页...
2026-03-06 03:55:48 - mkk_comic - app.py:587 - INFO - 正在下载第 009/016 页...
2026-03-06 03:55:48 - mkk_comic - app.py:587 - INFO - 正在下载第 010/016 页...
2026-03-06 03:55:48 - mkk_comic - app.py:587 - INFO - 正在下载第 011/016 页...
2026-03-06 03:55:48 - mkk_comic - app.py:587 - INFO - 正在下载第 012/016 页...
2026-03-06 03:55:48 - mkk_comic - app.py:587 - INFO - 正在下载第 013/016 页...
2026-03-06 03:55:48 - mkk_comic - app.py:587 - INFO - 正在下载第 014/016 页...
2026-03-06 03:55:48 - mkk_comic - app.py:587 - INFO - 正在下载第 015/016 页...
2026-03-06 03:55:48 - mkk_comic - app.py:587 - INFO - 正在下载第 016/016 页...
2026-03-06 03:55:49 - mkk_comic - app.py:511 - INFO - 下载完成!
2026-03-06 03:55:49 - mkk_comic - app.py:512 - INFO - 成功下载: 16/16 页
2026-03-06 03:55:49 - mkk_comic - app.py:523 - INFO - 章节下载完成，等待 6.7 秒后继续...
2026-03-06 03:55:56 - mkk_comic - app.py:494 - INFO - 正在下载第197章: 第173话    UUID:85a26e00-553c-11ef-a50c-3f487b7d9a9a
2026-03-06 03:55:57 - mkk_comic - app.py:502 - INFO - 创建目录: ./out/電鋸人/第173话
2026-03-06 03:55:57 - mkk_comic - app.py:505 - INFO - 开始下载: 電鋸人 - 第173话
2026-03-06 03:55:57 - mkk_comic - app.py:506 - INFO - 总页数: 15
2026-03-06 03:55:57 - mkk_comic - app.py:587 - INFO - 正在下载第 001/015 页...
2026-03-06 03:55:57 - mkk_comic - app.py:587 - INFO - 正在下载第 002/015 页...
2026-03-06 03:55:57 - mkk_comic - app.py:587 - INFO - 正在下载第 003/015 页...
2026-03-06 03:55:57 - mkk_comic - app.py:587 - INFO - 正在下载第 004/015 页...
2026-03-06 03:55:57 - mkk_comic - app.py:587 - INFO - 正在下载第 005/015 页...
2026-03-06 03:55:57 - mkk_comic - app.py:587 - INFO - 正在下载第 006/015 页...
2026-03-06 03:55:57 - mkk_comic - app.py:587 - INFO - 正在下载第 007/015 页...
2026-03-06 03:55:57 - mkk_comic - app.py:587 - INFO - 正在下载第 008/015 页...
2026-03-06 03:55:57 - mkk_comic - app.py:587 - INFO - 正在下载第 009/015 页...
2026-03-06 03:55:57 - mkk_comic - app.py:587 - INFO - 正在下载第 010/015 页...
2026-03-06 03:55:57 - mkk_comic - app.py:587 - INFO - 正在下载第 011/015 页...
2026-03-06 03:55:57 - mkk_comic - app.py:587 - INFO - 正在下载第 012/015 页...
2026-03-06 03:55:57 - mkk_comic - app.py:587 - INFO - 正在下载第 013/015 页...
2026-03-06 03:55:57 - mkk_comic - app.py:587 - INFO - 正在下载第 014/015 页...
2026-03-06 03:55:57 - mkk_comic - app.py:587 - INFO - 正在下载第 015/015 页...
2026-03-06 03:55:58 - mkk_comic - app.py:511 - INFO - 下载完成!
2026-03-06 03:55:58 - mkk_comic - app.py:512 - INFO - 成功下载: 15/15 页
2026-03-06 03:55:58 - mkk_comic - app.py:523 - INFO - 章节下载完成，等待 9.2 秒后继续...
2026-03-06 03:56:08 - mkk_comic - app.py:494 - INFO - 正在下载第198章: 第174话    UUID:0bc3a728-5aac-11ef-a90c-3f487b7d9a9a
2026-03-06 03:56:08 - mkk_comic - app.py:502 - INFO - 创建目录: ./out/電鋸人/第174话
2026-03-06 03:56:08 - mkk_comic - app.py:505 - INFO - 开始下载: 電鋸人 - 第174话
2026-03-06 03:56:08 - mkk_comic - app.py:506 - INFO - 总页数: 17
2026-03-06 03:56:08 - mkk_comic - app.py:587 - INFO - 正在下载第 001/017 页...
2026-03-06 03:56:08 - mkk_comic - app.py:587 - INFO - 正在下载第 002/017 页...
2026-03-06 03:56:08 - mkk_comic - app.py:587 - INFO - 正在下载第 003/017 页...
2026-03-06 03:56:08 - mkk_comic - app.py:587 - INFO - 正在下载第 004/017 页...
2026-03-06 03:56:08 - mkk_comic - app.py:587 - INFO - 正在下载第 005/017 页...
2026-03-06 03:56:09 - mkk_comic - app.py:587 - INFO - 正在下载第 006/017 页...
2026-03-06 03:56:09 - mkk_comic - app.py:587 - INFO - 正在下载第 007/017 页...
2026-03-06 03:56:09 - mkk_comic - app.py:587 - INFO - 正在下载第 008/017 页...
2026-03-06 03:56:09 - mkk_comic - app.py:587 - INFO - 正在下载第 009/017 页...
2026-03-06 03:56:09 - mkk_comic - app.py:587 - INFO - 正在下载第 010/017 页...
2026-03-06 03:56:09 - mkk_comic - app.py:587 - INFO - 正在下载第 011/017 页...
2026-03-06 03:56:09 - mkk_comic - app.py:587 - INFO - 正在下载第 012/017 页...
2026-03-06 03:56:09 - mkk_comic - app.py:587 - INFO - 正在下载第 013/017 页...
2026-03-06 03:56:09 - mkk_comic - app.py:587 - INFO - 正在下载第 014/017 页...
2026-03-06 03:56:09 - mkk_comic - app.py:587 - INFO - 正在下载第 015/017 页...
2026-03-06 03:56:09 - mkk_comic - app.py:587 - INFO - 正在下载第 016/017 页...
2026-03-06 03:56:09 - mkk_comic - app.py:587 - INFO - 正在下载第 017/017 页...
2026-03-06 03:56:09 - mkk_comic - app.py:511 - INFO - 下载完成!
2026-03-06 03:56:09 - mkk_comic - app.py:512 - INFO - 成功下载: 17/17 页
2026-03-06 03:56:09 - mkk_comic - app.py:523 - INFO - 章节下载完成，等待 5.5 秒后继续...
2026-03-06 03:56:15 - mkk_comic - app.py:494 - INFO - 正在下载第199章: 第175话    UUID:c03643b8-5f85-11ef-aaf1-3f487b7d9a9a
2026-03-06 03:56:16 - mkk_comic - app.py:502 - INFO - 创建目录: ./out/電鋸人/第175话
2026-03-06 03:56:16 - mkk_comic - app.py:505 - INFO - 开始下载: 電鋸人 - 第175话
2026-03-06 03:56:16 - mkk_comic - app.py:506 - INFO - 总页数: 16
2026-03-06 03:56:16 - mkk_comic - app.py:587 - INFO - 正在下载第 001/016 页...
2026-03-06 03:56:16 - mkk_comic - app.py:587 - INFO - 正在下载第 002/016 页...
2026-03-06 03:56:16 - mkk_comic - app.py:587 - INFO - 正在下载第 003/016 页...
2026-03-06 03:56:16 - mkk_comic - app.py:587 - INFO - 正在下载第 004/016 页...
2026-03-06 03:56:16 - mkk_comic - app.py:587 - INFO - 正在下载第 005/016 页...
2026-03-06 03:56:16 - mkk_comic - app.py:587 - INFO - 正在下载第 006/016 页...
2026-03-06 03:56:16 - mkk_comic - app.py:587 - INFO - 正在下载第 007/016 页...
2026-03-06 03:56:16 - mkk_comic - app.py:587 - INFO - 正在下载第 008/016 页...
2026-03-06 03:56:16 - mkk_comic - app.py:587 - INFO - 正在下载第 009/016 页...
2026-03-06 03:56:16 - mkk_comic - app.py:587 - INFO - 正在下载第 010/016 页...
2026-03-06 03:56:17 - mkk_comic - app.py:587 - INFO - 正在下载第 011/016 页...
2026-03-06 03:56:17 - mkk_comic - app.py:587 - INFO - 正在下载第 012/016 页...
2026-03-06 03:56:17 - mkk_comic - app.py:587 - INFO - 正在下载第 013/016 页...
2026-03-06 03:56:17 - mkk_comic - app.py:587 - INFO - 正在下载第 014/016 页...
2026-03-06 03:56:17 - mkk_comic - app.py:587 - INFO - 正在下载第 015/016 页...
2026-03-06 03:56:17 - mkk_comic - app.py:587 - INFO - 正在下载第 016/016 页...
2026-03-06 03:56:17 - mkk_comic - app.py:511 - INFO - 下载完成!
2026-03-06 03:56:17 - mkk_comic - app.py:512 - INFO - 成功下载: 16/16 页
2026-03-06 03:56:17 - mkk_comic - app.py:523 - INFO - 章节下载完成，等待 9.4 秒后继续...
2026-03-06 03:56:27 - mkk_comic - app.py:494 - INFO - 正在下载第200章: 第176话    UUID:07c0d29c-6a8b-11ef-af87-3f487b7d9a9a
2026-03-06 03:56:28 - mkk_comic - app.py:502 - INFO - 创建目录: ./out/電鋸人/第176话
2026-03-06 03:56:28 - mkk_comic - app.py:505 - INFO - 开始下载: 電鋸人 - 第176话
2026-03-06 03:56:28 - mkk_comic - app.py:506 - INFO - 总页数: 18
2026-03-06 03:56:28 - mkk_comic - app.py:587 - INFO - 正在下载第 001/018 页...
2026-03-06 03:56:28 - mkk_comic - app.py:587 - INFO - 正在下载第 002/018 页...
2026-03-06 03:56:28 - mkk_comic - app.py:587 - INFO - 正在下载第 003/018 页...
2026-03-06 03:56:28 - mkk_comic - app.py:587 - INFO - 正在下载第 004/018 页...
2026-03-06 03:56:28 - mkk_comic - app.py:587 - INFO - 正在下载第 005/018 页...
2026-03-06 03:56:28 - mkk_comic - app.py:587 - INFO - 正在下载第 006/018 页...
2026-03-06 03:56:28 - mkk_comic - app.py:587 - INFO - 正在下载第 007/018 页...
2026-03-06 03:56:28 - mkk_comic - app.py:587 - INFO - 正在下载第 008/018 页...
2026-03-06 03:56:28 - mkk_comic - app.py:587 - INFO - 正在下载第 009/018 页...
2026-03-06 03:56:28 - mkk_comic - app.py:587 - INFO - 正在下载第 010/018 页...
2026-03-06 03:56:28 - mkk_comic - app.py:587 - INFO - 正在下载第 011/018 页...
2026-03-06 03:56:28 - mkk_comic - app.py:587 - INFO - 正在下载第 012/018 页...
2026-03-06 03:56:28 - mkk_comic - app.py:587 - INFO - 正在下载第 013/018 页...
2026-03-06 03:56:28 - mkk_comic - app.py:587 - INFO - 正在下载第 014/018 页...
2026-03-06 03:56:28 - mkk_comic - app.py:587 - INFO - 正在下载第 015/018 页...
2026-03-06 03:56:28 - mkk_comic - app.py:587 - INFO - 正在下载第 016/018 页...
2026-03-06 03:56:28 - mkk_comic - app.py:587 - INFO - 正在下载第 017/018 页...
2026-03-06 03:56:28 - mkk_comic - app.py:587 - INFO - 正在下载第 018/018 页...
2026-03-06 03:56:29 - mkk_comic - app.py:511 - INFO - 下载完成!
2026-03-06 03:56:29 - mkk_comic - app.py:512 - INFO - 成功下载: 18/18 页
2026-03-06 03:56:29 - mkk_comic - app.py:523 - INFO - 章节下载完成，等待 7.6 秒后继续...
2026-03-06 03:56:37 - mkk_comic - app.py:494 - INFO - 正在下载第201章: 第177话    UUID:115d8436-757f-11ef-b4f0-3f487b7d9a9a
2026-03-06 03:56:38 - mkk_comic - app.py:502 - INFO - 创建目录: ./out/電鋸人/第177话
2026-03-06 03:56:38 - mkk_comic - app.py:505 - INFO - 开始下载: 電鋸人 - 第177话
2026-03-06 03:56:38 - mkk_comic - app.py:506 - INFO - 总页数: 16
2026-03-06 03:56:38 - mkk_comic - app.py:587 - INFO - 正在下载第 001/016 页...
2026-03-06 03:56:38 - mkk_comic - app.py:587 - INFO - 正在下载第 002/016 页...
2026-03-06 03:56:38 - mkk_comic - app.py:587 - INFO - 正在下载第 003/016 页...
2026-03-06 03:56:38 - mkk_comic - app.py:587 - INFO - 正在下载第 004/016 页...
2026-03-06 03:56:38 - mkk_comic - app.py:587 - INFO - 正在下载第 005/016 页...
2026-03-06 03:56:38 - mkk_comic - app.py:587 - INFO - 正在下载第 006/016 页...
2026-03-06 03:56:38 - mkk_comic - app.py:587 - INFO - 正在下载第 007/016 页...
2026-03-06 03:56:38 - mkk_comic - app.py:587 - INFO - 正在下载第 008/016 页...
2026-03-06 03:56:38 - mkk_comic - app.py:587 - INFO - 正在下载第 009/016 页...
2026-03-06 03:56:38 - mkk_comic - app.py:587 - INFO - 正在下载第 010/016 页...
2026-03-06 03:56:38 - mkk_comic - app.py:587 - INFO - 正在下载第 011/016 页...
2026-03-06 03:56:38 - mkk_comic - app.py:587 - INFO - 正在下载第 012/016 页...
2026-03-06 03:56:38 - mkk_comic - app.py:587 - INFO - 正在下载第 013/016 页...
2026-03-06 03:56:38 - mkk_comic - app.py:587 - INFO - 正在下载第 014/016 页...
2026-03-06 03:56:38 - mkk_comic - app.py:587 - INFO - 正在下载第 015/016 页...
2026-03-06 03:56:38 - mkk_comic - app.py:587 - INFO - 正在下载第 016/016 页...
2026-03-06 03:56:39 - mkk_comic - app.py:511 - INFO - 下载完成!
2026-03-06 03:56:39 - mkk_comic - app.py:512 - INFO - 成功下载: 16/16 页
2026-03-06 03:56:39 - mkk_comic - app.py:523 - INFO - 章节下载完成，等待 9.9 秒后继续...
2026-03-06 03:56:49 - mkk_comic - app.py:494 - INFO - 正在下载第202章: 第178话    UUID:aa176ac4-7af8-11ef-b738-3f487b7d9a9a
2026-03-06 03:56:50 - mkk_comic - app.py:502 - INFO - 创建目录: ./out/電鋸人/第178话
2026-03-06 03:56:50 - mkk_comic - app.py:505 - INFO - 开始下载: 電鋸人 - 第178话
2026-03-06 03:56:50 - mkk_comic - app.py:506 - INFO - 总页数: 17
2026-03-06 03:56:50 - mkk_comic - app.py:587 - INFO - 正在下载第 001/017 页...
2026-03-06 03:56:50 - mkk_comic - app.py:587 - INFO - 正在下载第 002/017 页...
2026-03-06 03:56:50 - mkk_comic - app.py:587 - INFO - 正在下载第 003/017 页...
2026-03-06 03:56:50 - mkk_comic - app.py:587 - INFO - 正在下载第 004/017 页...
2026-03-06 03:56:50 - mkk_comic - app.py:587 - INFO - 正在下载第 005/017 页...
2026-03-06 03:56:50 - mkk_comic - app.py:587 - INFO - 正在下载第 006/017 页...
2026-03-06 03:56:50 - mkk_comic - app.py:587 - INFO - 正在下载第 007/017 页...
2026-03-06 03:56:50 - mkk_comic - app.py:587 - INFO - 正在下载第 008/017 页...
2026-03-06 03:56:50 - mkk_comic - app.py:587 - INFO - 正在下载第 009/017 页...
2026-03-06 03:56:50 - mkk_comic - app.py:587 - INFO - 正在下载第 010/017 页...
2026-03-06 03:56:50 - mkk_comic - app.py:587 - INFO - 正在下载第 011/017 页...
2026-03-06 03:56:50 - mkk_comic - app.py:587 - INFO - 正在下载第 012/017 页...
2026-03-06 03:56:50 - mkk_comic - app.py:587 - INFO - 正在下载第 013/017 页...
2026-03-06 03:56:50 - mkk_comic - app.py:587 - INFO - 正在下载第 014/017 页...
2026-03-06 03:56:50 - mkk_comic - app.py:587 - INFO - 正在下载第 015/017 页...
2026-03-06 03:56:51 - mkk_comic - app.py:587 - INFO - 正在下载第 016/017 页...
2026-03-06 03:56:51 - mkk_comic - app.py:587 - INFO - 正在下载第 017/017 页...
2026-03-06 03:56:51 - mkk_comic - app.py:511 - INFO - 下载完成!
2026-03-06 03:56:51 - mkk_comic - app.py:512 - INFO - 成功下载: 17/17 页
2026-03-06 03:56:51 - mkk_comic - app.py:523 - INFO - 章节下载完成，等待 8.8 秒后继续...
2026-03-06 03:57:00 - mkk_comic - app.py:494 - INFO - 正在下载第203章: 第179话    UUID:d7dc08e8-80a2-11ef-ba4d-3f487b7d9a9a
2026-03-06 03:57:01 - mkk_comic - app.py:502 - INFO - 创建目录: ./out/電鋸人/第179话
2026-03-06 03:57:01 - mkk_comic - app.py:505 - INFO - 开始下载: 電鋸人 - 第179话
2026-03-06 03:57:01 - mkk_comic - app.py:506 - INFO - 总页数: 17
2026-03-06 03:57:01 - mkk_comic - app.py:587 - INFO - 正在下载第 001/017 页...
2026-03-06 03:57:01 - mkk_comic - app.py:587 - INFO - 正在下载第 002/017 页...
2026-03-06 03:57:01 - mkk_comic - app.py:587 - INFO - 正在下载第 003/017 页...
2026-03-06 03:57:01 - mkk_comic - app.py:587 - INFO - 正在下载第 004/017 页...
2026-03-06 03:57:01 - mkk_comic - app.py:587 - INFO - 正在下载第 005/017 页...
2026-03-06 03:57:01 - mkk_comic - app.py:587 - INFO - 正在下载第 006/017 页...
2026-03-06 03:57:01 - mkk_comic - app.py:587 - INFO - 正在下载第 007/017 页...
2026-03-06 03:57:01 - mkk_comic - app.py:587 - INFO - 正在下载第 008/017 页...
2026-03-06 03:57:01 - mkk_comic - app.py:587 - INFO - 正在下载第 009/017 页...
2026-03-06 03:57:02 - mkk_comic - app.py:587 - INFO - 正在下载第 010/017 页...
2026-03-06 03:57:02 - mkk_comic - app.py:587 - INFO - 正在下载第 011/017 页...
2026-03-06 03:57:02 - mkk_comic - app.py:587 - INFO - 正在下载第 012/017 页...
2026-03-06 03:57:02 - mkk_comic - app.py:587 - INFO - 正在下载第 013/017 页...
2026-03-06 03:57:02 - mkk_comic - app.py:587 - INFO - 正在下载第 014/017 页...
2026-03-06 03:57:02 - mkk_comic - app.py:587 - INFO - 正在下载第 015/017 页...
2026-03-06 03:57:02 - mkk_comic - app.py:587 - INFO - 正在下载第 016/017 页...
2026-03-06 03:57:02 - mkk_comic - app.py:587 - INFO - 正在下载第 017/017 页...
2026-03-06 03:57:02 - mkk_comic - app.py:511 - INFO - 下载完成!
2026-03-06 03:57:02 - mkk_comic - app.py:512 - INFO - 成功下载: 17/17 页
2026-03-06 03:57:02 - mkk_comic - app.py:523 - INFO - 章节下载完成，等待 5.3 秒后继续...
2026-03-06 03:57:08 - mkk_comic - app.py:494 - INFO - 正在下载第204章: 第180话    UUID:2809bbe2-8b8b-11ef-bf12-3f487b7d9a9a
2026-03-06 03:57:09 - mkk_comic - app.py:502 - INFO - 创建目录: ./out/電鋸人/第180话
2026-03-06 03:57:09 - mkk_comic - app.py:505 - INFO - 开始下载: 電鋸人 - 第180话
2026-03-06 03:57:09 - mkk_comic - app.py:506 - INFO - 总页数: 18
2026-03-06 03:57:09 - mkk_comic - app.py:587 - INFO - 正在下载第 001/018 页...
2026-03-06 03:57:09 - mkk_comic - app.py:587 - INFO - 正在下载第 002/018 页...
2026-03-06 03:57:09 - mkk_comic - app.py:587 - INFO - 正在下载第 003/018 页...
2026-03-06 03:57:09 - mkk_comic - app.py:587 - INFO - 正在下载第 004/018 页...
2026-03-06 03:57:09 - mkk_comic - app.py:587 - INFO - 正在下载第 005/018 页...
2026-03-06 03:57:09 - mkk_comic - app.py:587 - INFO - 正在下载第 006/018 页...
2026-03-06 03:57:09 - mkk_comic - app.py:587 - INFO - 正在下载第 007/018 页...
2026-03-06 03:57:09 - mkk_comic - app.py:587 - INFO - 正在下载第 008/018 页...
2026-03-06 03:57:09 - mkk_comic - app.py:587 - INFO - 正在下载第 009/018 页...
2026-03-06 03:57:09 - mkk_comic - app.py:587 - INFO - 正在下载第 010/018 页...
2026-03-06 03:57:09 - mkk_comic - app.py:587 - INFO - 正在下载第 011/018 页...
2026-03-06 03:57:09 - mkk_comic - app.py:587 - INFO - 正在下载第 012/018 页...
2026-03-06 03:57:09 - mkk_comic - app.py:587 - INFO - 正在下载第 013/018 页...
2026-03-06 03:57:09 - mkk_comic - app.py:587 - INFO - 正在下载第 014/018 页...
2026-03-06 03:57:10 - mkk_comic - app.py:587 - INFO - 正在下载第 015/018 页...
2026-03-06 03:57:10 - mkk_comic - app.py:587 - INFO - 正在下载第 016/018 页...
2026-03-06 03:57:10 - mkk_comic - app.py:587 - INFO - 正在下载第 017/018 页...
2026-03-06 03:57:10 - mkk_comic - app.py:587 - INFO - 正在下载第 018/018 页...
2026-03-06 03:57:10 - mkk_comic - app.py:511 - INFO - 下载完成!
2026-03-06 03:57:10 - mkk_comic - app.py:512 - INFO - 成功下载: 18/18 页
2026-03-06 03:57:10 - mkk_comic - app.py:523 - INFO - 章节下载完成，等待 5.1 秒后继续...
2026-03-06 03:57:15 - mkk_comic - app.py:863 - INFO - ===== 检查更新完成 =====

