2026-03-29 11:16:28 - mkk_comic - app.py:868 - INFO - 运行环境：GitHub Actions（自动化模式）
2026-03-29 11:16:28 - mkk_comic - app.py:825 - INFO - ===== 开始检查更新=====
2026-03-29 11:16:28 - mkk_comic - app.py:843 - INFO - 【海贼王】上次下载至第382章
2026-03-29 11:16:28 - mkk_comic - app.py:846 - INFO - 该漫画更新至382章，不需要更新
2026-03-29 11:16:28 - mkk_comic - app.py:843 - INFO - 【电锯人】上次下载至第258章
2026-03-29 11:16:29 - mkk_comic - app.py:846 - INFO - 该漫画更新至258章，不需要更新
2026-03-29 11:16:29 - mkk_comic - app.py:843 - INFO - 【魔都精兵的奴隸】上次下载至第0章
2026-03-29 11:16:30 - mkk_comic - app.py:850 - INFO - 【魔都精兵的奴隸】检测到更新！最新：200章
2026-03-29 11:16:30 - mkk_comic - app.py:853 - INFO - 【魔都精兵的奴隸】最大下载限制为30章-需下载1~30章）
2026-03-29 11:16:31 - mkk_comic - app.py:494 - INFO - 正在下载第1章: 第01话    UUID:52615840-10a4-11e9-b68d-00163e0ca5bd
2026-03-29 11:16:32 - mkk_comic - app.py:502 - INFO - 创建目录: ./out/魔都精兵的奴隸/第01话
2026-03-29 11:16:32 - mkk_comic - app.py:505 - INFO - 开始下载: 魔都精兵的奴隸 - 第01话
2026-03-29 11:16:32 - mkk_comic - app.py:506 - INFO - 总页数: 61
2026-03-29 11:16:32 - mkk_comic - app.py:587 - INFO - 正在下载第 001/061 页...
2026-03-29 11:16:32 - mkk_comic - app.py:587 - INFO - 正在下载第 002/061 页...
2026-03-29 11:16:32 - mkk_comic - app.py:587 - INFO - 正在下载第 003/061 页...
2026-03-29 11:16:32 - mkk_comic - app.py:587 - INFO - 正在下载第 004/061 页...
2026-03-29 11:16:32 - mkk_comic - app.py:587 - INFO - 正在下载第 005/061 页...
2026-03-29 11:16:32 - mkk_comic - app.py:587 - INFO - 正在下载第 006/061 页...
2026-03-29 11:16:32 - mkk_comic - app.py:587 - INFO - 正在下载第 007/061 页...
2026-03-29 11:16:32 - mkk_comic - app.py:587 - INFO - 正在下载第 008/061 页...
2026-03-29 11:16:32 - mkk_comic - app.py:587 - INFO - 正在下载第 009/061 页...
2026-03-29 11:16:32 - mkk_comic - app.py:587 - INFO - 正在下载第 010/061 页...
2026-03-29 11:16:32 - mkk_comic - app.py:587 - INFO - 正在下载第 011/061 页...
2026-03-29 11:16:32 - mkk_comic - app.py:587 - INFO - 正在下载第 012/061 页...
2026-03-29 11:16:32 - mkk_comic - app.py:587 - INFO - 正在下载第 013/061 页...
2026-03-29 11:16:32 - mkk_comic - app.py:587 - INFO - 正在下载第 014/061 页...
2026-03-29 11:16:32 - mkk_comic - app.py:587 - INFO - 正在下载第 015/061 页...
2026-03-29 11:16:32 - mkk_comic - app.py:587 - INFO - 正在下载第 016/061 页...
2026-03-29 11:16:32 - mkk_comic - app.py:587 - INFO - 正在下载第 017/061 页...
2026-03-29 11:16:32 - mkk_comic - app.py:587 - INFO - 正在下载第 018/061 页...
2026-03-29 11:16:32 - mkk_comic - app.py:587 - INFO - 正在下载第 019/061 页...
2026-03-29 11:16:32 - mkk_comic - app.py:587 - INFO - 正在下载第 020/061 页...
2026-03-29 11:16:32 - mkk_comic - app.py:587 - INFO - 正在下载第 021/061 页...
2026-03-29 11:16:32 - mkk_comic - app.py:587 - INFO - 正在下载第 022/061 页...
2026-03-29 11:16:32 - mkk_comic - app.py:587 - INFO - 正在下载第 023/061 页...
2026-03-29 11:16:32 - mkk_comic - app.py:587 - INFO - 正在下载第 024/061 页...
2026-03-29 11:16:32 - mkk_comic - app.py:587 - INFO - 正在下载第 025/061 页...
2026-03-29 11:16:32 - mkk_comic - app.py:587 - INFO - 正在下载第 026/061 页...
2026-03-29 11:16:32 - mkk_comic - app.py:587 - INFO - 正在下载第 027/061 页...
2026-03-29 11:16:32 - mkk_comic - app.py:587 - INFO - 正在下载第 028/061 页...
2026-03-29 11:16:32 - mkk_comic - app.py:587 - INFO - 正在下载第 029/061 页...
2026-03-29 11:16:32 - mkk_comic - app.py:587 - INFO - 正在下载第 030/061 页...
2026-03-29 11:16:32 - mkk_comic - app.py:587 - INFO - 正在下载第 031/061 页...
2026-03-29 11:16:32 - mkk_comic - app.py:587 - INFO - 正在下载第 032/061 页...
2026-03-29 11:16:32 - mkk_comic - app.py:587 - INFO - 正在下载第 033/061 页...
2026-03-29 11:16:32 - mkk_comic - app.py:587 - INFO - 正在下载第 034/061 页...
2026-03-29 11:16:32 - mkk_comic - app.py:587 - INFO - 正在下载第 035/061 页...
2026-03-29 11:16:32 - mkk_comic - app.py:587 - INFO - 正在下载第 036/061 页...
2026-03-29 11:16:32 - mkk_comic - app.py:587 - INFO - 正在下载第 037/061 页...
2026-03-29 11:16:33 - mkk_comic - app.py:587 - INFO - 正在下载第 038/061 页...
2026-03-29 11:16:33 - mkk_comic - app.py:587 - INFO - 正在下载第 039/061 页...
2026-03-29 11:16:33 - mkk_comic - app.py:587 - INFO - 正在下载第 040/061 页...
2026-03-29 11:16:33 - mkk_comic - app.py:587 - INFO - 正在下载第 041/061 页...
2026-03-29 11:16:33 - mkk_comic - app.py:587 - INFO - 正在下载第 042/061 页...
2026-03-29 11:16:33 - mkk_comic - app.py:587 - INFO - 正在下载第 043/061 页...
2026-03-29 11:16:33 - mkk_comic - app.py:587 - INFO - 正在下载第 044/061 页...
2026-03-29 11:16:33 - mkk_comic - app.py:587 - INFO - 正在下载第 045/061 页...
2026-03-29 11:16:33 - mkk_comic - app.py:587 - INFO - 正在下载第 046/061 页...
2026-03-29 11:16:33 - mkk_comic - app.py:587 - INFO - 正在下载第 047/061 页...
2026-03-29 11:16:33 - mkk_comic - app.py:587 - INFO - 正在下载第 048/061 页...
2026-03-29 11:16:33 - mkk_comic - app.py:587 - INFO - 正在下载第 049/061 页...
2026-03-29 11:16:33 - mkk_comic - app.py:587 - INFO - 正在下载第 050/061 页...
2026-03-29 11:16:33 - mkk_comic - app.py:587 - INFO - 正在下载第 051/061 页...
2026-03-29 11:16:33 - mkk_comic - app.py:587 - INFO - 正在下载第 052/061 页...
2026-03-29 11:16:33 - mkk_comic - app.py:587 - INFO - 正在下载第 053/061 页...
2026-03-29 11:16:33 - mkk_comic - app.py:587 - INFO - 正在下载第 054/061 页...
2026-03-29 11:16:33 - mkk_comic - app.py:587 - INFO - 正在下载第 055/061 页...
2026-03-29 11:16:33 - mkk_comic - app.py:587 - INFO - 正在下载第 056/061 页...
2026-03-29 11:16:33 - mkk_comic - app.py:587 - INFO - 正在下载第 057/061 页...
2026-03-29 11:16:33 - mkk_comic - app.py:587 - INFO - 正在下载第 058/061 页...
2026-03-29 11:16:33 - mkk_comic - app.py:587 - INFO - 正在下载第 059/061 页...
2026-03-29 11:16:33 - mkk_comic - app.py:587 - INFO - 正在下载第 060/061 页...
2026-03-29 11:16:33 - mkk_comic - app.py:587 - INFO - 正在下载第 061/061 页...
2026-03-29 11:16:33 - mkk_comic - app.py:511 - INFO - 下载完成!
2026-03-29 11:16:33 - mkk_comic - app.py:512 - INFO - 成功下载: 61/61 页
2026-03-29 11:16:33 - mkk_comic - app.py:523 - INFO - 章节下载完成，等待 6.0 秒后继续...
2026-03-29 11:16:40 - mkk_comic - app.py:494 - INFO - 正在下载第2章: 第02话    UUID:c2d8f146-17b6-11e9-bfa4-00163e0ca5bd
2026-03-29 11:16:41 - mkk_comic - app.py:502 - INFO - 创建目录: ./out/魔都精兵的奴隸/第02话
2026-03-29 11:16:41 - mkk_comic - app.py:505 - INFO - 开始下载: 魔都精兵的奴隸 - 第02话
2026-03-29 11:16:41 - mkk_comic - app.py:506 - INFO - 总页数: 52
2026-03-29 11:16:41 - mkk_comic - app.py:587 - INFO - 正在下载第 001/052 页...
2026-03-29 11:16:41 - mkk_comic - app.py:587 - INFO - 正在下载第 002/052 页...
2026-03-29 11:16:41 - mkk_comic - app.py:587 - INFO - 正在下载第 003/052 页...
2026-03-29 11:16:41 - mkk_comic - app.py:587 - INFO - 正在下载第 004/052 页...
2026-03-29 11:16:41 - mkk_comic - app.py:587 - INFO - 正在下载第 005/052 页...
2026-03-29 11:16:41 - mkk_comic - app.py:587 - INFO - 正在下载第 006/052 页...
2026-03-29 11:16:41 - mkk_comic - app.py:587 - INFO - 正在下载第 007/052 页...
2026-03-29 11:16:41 - mkk_comic - app.py:587 - INFO - 正在下载第 008/052 页...
2026-03-29 11:16:41 - mkk_comic - app.py:587 - INFO - 正在下载第 009/052 页...
2026-03-29 11:16:41 - mkk_comic - app.py:587 - INFO - 正在下载第 010/052 页...
2026-03-29 11:16:41 - mkk_comic - app.py:587 - INFO - 正在下载第 011/052 页...
2026-03-29 11:16:41 - mkk_comic - app.py:587 - INFO - 正在下载第 012/052 页...
2026-03-29 11:16:41 - mkk_comic - app.py:587 - INFO - 正在下载第 013/052 页...
2026-03-29 11:16:41 - mkk_comic - app.py:587 - INFO - 正在下载第 014/052 页...
2026-03-29 11:16:41 - mkk_comic - app.py:587 - INFO - 正在下载第 015/052 页...
2026-03-29 11:16:41 - mkk_comic - app.py:587 - INFO - 正在下载第 016/052 页...
2026-03-29 11:16:41 - mkk_comic - app.py:587 - INFO - 正在下载第 017/052 页...
2026-03-29 11:16:41 - mkk_comic - app.py:587 - INFO - 正在下载第 018/052 页...
2026-03-29 11:16:41 - mkk_comic - app.py:587 - INFO - 正在下载第 019/052 页...
2026-03-29 11:16:41 - mkk_comic - app.py:587 - INFO - 正在下载第 020/052 页...
2026-03-29 11:16:41 - mkk_comic - app.py:587 - INFO - 正在下载第 021/052 页...
2026-03-29 11:16:41 - mkk_comic - app.py:587 - INFO - 正在下载第 022/052 页...
2026-03-29 11:16:41 - mkk_comic - app.py:587 - INFO - 正在下载第 023/052 页...
2026-03-29 11:16:41 - mkk_comic - app.py:587 - INFO - 正在下载第 024/052 页...
2026-03-29 11:16:41 - mkk_comic - app.py:587 - INFO - 正在下载第 025/052 页...
2026-03-29 11:16:41 - mkk_comic - app.py:587 - INFO - 正在下载第 026/052 页...
2026-03-29 11:16:41 - mkk_comic - app.py:587 - INFO - 正在下载第 027/052 页...
2026-03-29 11:16:41 - mkk_comic - app.py:587 - INFO - 正在下载第 028/052 页...
2026-03-29 11:16:41 - mkk_comic - app.py:587 - INFO - 正在下载第 029/052 页...
2026-03-29 11:16:41 - mkk_comic - app.py:587 - INFO - 正在下载第 030/052 页...
2026-03-29 11:16:41 - mkk_comic - app.py:587 - INFO - 正在下载第 031/052 页...
2026-03-29 11:16:41 - mkk_comic - app.py:587 - INFO - 正在下载第 032/052 页...
2026-03-29 11:16:41 - mkk_comic - app.py:587 - INFO - 正在下载第 033/052 页...
2026-03-29 11:16:41 - mkk_comic - app.py:587 - INFO - 正在下载第 034/052 页...
2026-03-29 11:16:42 - mkk_comic - app.py:587 - INFO - 正在下载第 035/052 页...
2026-03-29 11:16:42 - mkk_comic - app.py:587 - INFO - 正在下载第 036/052 页...
2026-03-29 11:16:42 - mkk_comic - app.py:587 - INFO - 正在下载第 037/052 页...
2026-03-29 11:16:42 - mkk_comic - app.py:587 - INFO - 正在下载第 038/052 页...
2026-03-29 11:16:42 - mkk_comic - app.py:587 - INFO - 正在下载第 039/052 页...
2026-03-29 11:16:42 - mkk_comic - app.py:587 - INFO - 正在下载第 040/052 页...
2026-03-29 11:16:42 - mkk_comic - app.py:587 - INFO - 正在下载第 041/052 页...
2026-03-29 11:16:42 - mkk_comic - app.py:587 - INFO - 正在下载第 042/052 页...
2026-03-29 11:16:42 - mkk_comic - app.py:587 - INFO - 正在下载第 043/052 页...
2026-03-29 11:16:42 - mkk_comic - app.py:587 - INFO - 正在下载第 044/052 页...
2026-03-29 11:16:42 - mkk_comic - app.py:587 - INFO - 正在下载第 045/052 页...
2026-03-29 11:16:42 - mkk_comic - app.py:587 - INFO - 正在下载第 046/052 页...
2026-03-29 11:16:42 - mkk_comic - app.py:587 - INFO - 正在下载第 047/052 页...
2026-03-29 11:16:42 - mkk_comic - app.py:587 - INFO - 正在下载第 048/052 页...
2026-03-29 11:16:42 - mkk_comic - app.py:587 - INFO - 正在下载第 049/052 页...
2026-03-29 11:16:42 - mkk_comic - app.py:587 - INFO - 正在下载第 050/052 页...
2026-03-29 11:16:42 - mkk_comic - app.py:587 - INFO - 正在下载第 051/052 页...
2026-03-29 11:16:42 - mkk_comic - app.py:587 - INFO - 正在下载第 052/052 页...
2026-03-29 11:16:42 - mkk_comic - app.py:511 - INFO - 下载完成!
2026-03-29 11:16:42 - mkk_comic - app.py:512 - INFO - 成功下载: 52/52 页
2026-03-29 11:16:42 - mkk_comic - app.py:523 - INFO - 章节下载完成，等待 7.0 秒后继续...
2026-03-29 11:16:50 - mkk_comic - app.py:494 - INFO - 正在下载第3章: 第03话    UUID:c83952b8-1d2c-11e9-8ff6-00163e0ca5bd
2026-03-29 11:16:51 - mkk_comic - app.py:502 - INFO - 创建目录: ./out/魔都精兵的奴隸/第03话
2026-03-29 11:16:51 - mkk_comic - app.py:505 - INFO - 开始下载: 魔都精兵的奴隸 - 第03话
2026-03-29 11:16:51 - mkk_comic - app.py:506 - INFO - 总页数: 23
2026-03-29 11:16:51 - mkk_comic - app.py:587 - INFO - 正在下载第 001/023 页...
2026-03-29 11:16:51 - mkk_comic - app.py:587 - INFO - 正在下载第 002/023 页...
2026-03-29 11:16:51 - mkk_comic - app.py:587 - INFO - 正在下载第 003/023 页...
2026-03-29 11:16:51 - mkk_comic - app.py:587 - INFO - 正在下载第 004/023 页...
2026-03-29 11:16:51 - mkk_comic - app.py:587 - INFO - 正在下载第 005/023 页...
2026-03-29 11:16:51 - mkk_comic - app.py:587 - INFO - 正在下载第 006/023 页...
2026-03-29 11:16:51 - mkk_comic - app.py:587 - INFO - 正在下载第 007/023 页...
2026-03-29 11:16:51 - mkk_comic - app.py:587 - INFO - 正在下载第 008/023 页...
2026-03-29 11:16:51 - mkk_comic - app.py:587 - INFO - 正在下载第 009/023 页...
2026-03-29 11:16:51 - mkk_comic - app.py:587 - INFO - 正在下载第 010/023 页...
2026-03-29 11:16:51 - mkk_comic - app.py:587 - INFO - 正在下载第 011/023 页...
2026-03-29 11:16:51 - mkk_comic - app.py:587 - INFO - 正在下载第 012/023 页...
2026-03-29 11:16:51 - mkk_comic - app.py:587 - INFO - 正在下载第 013/023 页...
2026-03-29 11:16:51 - mkk_comic - app.py:587 - INFO - 正在下载第 014/023 页...
2026-03-29 11:16:51 - mkk_comic - app.py:587 - INFO - 正在下载第 015/023 页...
2026-03-29 11:16:51 - mkk_comic - app.py:587 - INFO - 正在下载第 016/023 页...
2026-03-29 11:16:51 - mkk_comic - app.py:587 - INFO - 正在下载第 017/023 页...
2026-03-29 11:16:51 - mkk_comic - app.py:587 - INFO - 正在下载第 018/023 页...
2026-03-29 11:16:51 - mkk_comic - app.py:587 - INFO - 正在下载第 019/023 页...
2026-03-29 11:16:51 - mkk_comic - app.py:587 - INFO - 正在下载第 020/023 页...
2026-03-29 11:16:51 - mkk_comic - app.py:587 - INFO - 正在下载第 021/023 页...
2026-03-29 11:16:51 - mkk_comic - app.py:587 - INFO - 正在下载第 022/023 页...
2026-03-29 11:16:51 - mkk_comic - app.py:587 - INFO - 正在下载第 023/023 页...
2026-03-29 11:16:51 - mkk_comic - app.py:511 - INFO - 下载完成!
2026-03-29 11:16:51 - mkk_comic - app.py:512 - INFO - 成功下载: 23/23 页
2026-03-29 11:16:51 - mkk_comic - app.py:523 - INFO - 章节下载完成，等待 9.7 秒后继续...
2026-03-29 11:17:02 - mkk_comic - app.py:494 - INFO - 正在下载第4章: 第04话    UUID:4c3da750-261d-11e9-9b14-00163e0ca5bd
2026-03-29 11:17:03 - mkk_comic - app.py:502 - INFO - 创建目录: ./out/魔都精兵的奴隸/第04话
2026-03-29 11:17:03 - mkk_comic - app.py:505 - INFO - 开始下载: 魔都精兵的奴隸 - 第04话
2026-03-29 11:17:03 - mkk_comic - app.py:506 - INFO - 总页数: 21
2026-03-29 11:17:03 - mkk_comic - app.py:587 - INFO - 正在下载第 001/021 页...
2026-03-29 11:17:03 - mkk_comic - app.py:587 - INFO - 正在下载第 002/021 页...
2026-03-29 11:17:03 - mkk_comic - app.py:587 - INFO - 正在下载第 003/021 页...
2026-03-29 11:17:03 - mkk_comic - app.py:587 - INFO - 正在下载第 004/021 页...
2026-03-29 11:17:03 - mkk_comic - app.py:587 - INFO - 正在下载第 005/021 页...
2026-03-29 11:17:03 - mkk_comic - app.py:587 - INFO - 正在下载第 006/021 页...
2026-03-29 11:17:03 - mkk_comic - app.py:587 - INFO - 正在下载第 007/021 页...
2026-03-29 11:17:03 - mkk_comic - app.py:587 - INFO - 正在下载第 008/021 页...
2026-03-29 11:17:03 - mkk_comic - app.py:587 - INFO - 正在下载第 009/021 页...
2026-03-29 11:17:03 - mkk_comic - app.py:587 - INFO - 正在下载第 010/021 页...
2026-03-29 11:17:03 - mkk_comic - app.py:587 - INFO - 正在下载第 011/021 页...
2026-03-29 11:17:03 - mkk_comic - app.py:587 - INFO - 正在下载第 012/021 页...
2026-03-29 11:17:03 - mkk_comic - app.py:587 - INFO - 正在下载第 013/021 页...
2026-03-29 11:17:03 - mkk_comic - app.py:587 - INFO - 正在下载第 014/021 页...
2026-03-29 11:17:03 - mkk_comic - app.py:587 - INFO - 正在下载第 015/021 页...
2026-03-29 11:17:03 - mkk_comic - app.py:587 - INFO - 正在下载第 016/021 页...
2026-03-29 11:17:03 - mkk_comic - app.py:587 - INFO - 正在下载第 017/021 页...
2026-03-29 11:17:03 - mkk_comic - app.py:587 - INFO - 正在下载第 018/021 页...
2026-03-29 11:17:03 - mkk_comic - app.py:587 - INFO - 正在下载第 019/021 页...
2026-03-29 11:17:03 - mkk_comic - app.py:587 - INFO - 正在下载第 020/021 页...
2026-03-29 11:17:03 - mkk_comic - app.py:587 - INFO - 正在下载第 021/021 页...
2026-03-29 11:17:03 - mkk_comic - app.py:511 - INFO - 下载完成!
2026-03-29 11:17:03 - mkk_comic - app.py:512 - INFO - 成功下载: 21/21 页
2026-03-29 11:17:03 - mkk_comic - app.py:523 - INFO - 章节下载完成，等待 9.2 秒后继续...
2026-03-29 11:17:13 - mkk_comic - app.py:494 - INFO - 正在下载第5章: 第05话    UUID:2fb21446-2ee6-11e9-9eae-00163e0ca5bd
2026-03-29 11:17:14 - mkk_comic - app.py:502 - INFO - 创建目录: ./out/魔都精兵的奴隸/第05话
2026-03-29 11:17:14 - mkk_comic - app.py:505 - INFO - 开始下载: 魔都精兵的奴隸 - 第05话
2026-03-29 11:17:14 - mkk_comic - app.py:506 - INFO - 总页数: 23
2026-03-29 11:17:14 - mkk_comic - app.py:587 - INFO - 正在下载第 001/023 页...
2026-03-29 11:17:14 - mkk_comic - app.py:587 - INFO - 正在下载第 002/023 页...
2026-03-29 11:17:14 - mkk_comic - app.py:587 - INFO - 正在下载第 003/023 页...
2026-03-29 11:17:14 - mkk_comic - app.py:587 - INFO - 正在下载第 004/023 页...
2026-03-29 11:17:14 - mkk_comic - app.py:587 - INFO - 正在下载第 005/023 页...
2026-03-29 11:17:14 - mkk_comic - app.py:587 - INFO - 正在下载第 006/023 页...
2026-03-29 11:17:14 - mkk_comic - app.py:587 - INFO - 正在下载第 007/023 页...
2026-03-29 11:17:14 - mkk_comic - app.py:587 - INFO - 正在下载第 008/023 页...
2026-03-29 11:17:14 - mkk_comic - app.py:587 - INFO - 正在下载第 009/023 页...
2026-03-29 11:17:14 - mkk_comic - app.py:587 - INFO - 正在下载第 010/023 页...
2026-03-29 11:17:14 - mkk_comic - app.py:587 - INFO - 正在下载第 011/023 页...
2026-03-29 11:17:14 - mkk_comic - app.py:587 - INFO - 正在下载第 012/023 页...
2026-03-29 11:17:14 - mkk_comic - app.py:587 - INFO - 正在下载第 013/023 页...
2026-03-29 11:17:14 - mkk_comic - app.py:587 - INFO - 正在下载第 014/023 页...
2026-03-29 11:17:14 - mkk_comic - app.py:587 - INFO - 正在下载第 015/023 页...
2026-03-29 11:17:14 - mkk_comic - app.py:587 - INFO - 正在下载第 016/023 页...
2026-03-29 11:17:14 - mkk_comic - app.py:587 - INFO - 正在下载第 017/023 页...
2026-03-29 11:17:14 - mkk_comic - app.py:587 - INFO - 正在下载第 018/023 页...
2026-03-29 11:17:14 - mkk_comic - app.py:587 - INFO - 正在下载第 019/023 页...
2026-03-29 11:17:14 - mkk_comic - app.py:587 - INFO - 正在下载第 020/023 页...
2026-03-29 11:17:14 - mkk_comic - app.py:587 - INFO - 正在下载第 021/023 页...
2026-03-29 11:17:14 - mkk_comic - app.py:587 - INFO - 正在下载第 022/023 页...
2026-03-29 11:17:14 - mkk_comic - app.py:587 - INFO - 正在下载第 023/023 页...
2026-03-29 11:17:15 - mkk_comic - app.py:511 - INFO - 下载完成!
2026-03-29 11:17:15 - mkk_comic - app.py:512 - INFO - 成功下载: 23/23 页
2026-03-29 11:17:15 - mkk_comic - app.py:523 - INFO - 章节下载完成，等待 5.3 秒后继续...
2026-03-29 11:17:21 - mkk_comic - app.py:494 - INFO - 正在下载第6章: 第06话    UUID:2f6db2ae-344c-11e9-995a-00163e0ca5bd
2026-03-29 11:17:21 - mkk_comic - app.py:502 - INFO - 创建目录: ./out/魔都精兵的奴隸/第06话
2026-03-29 11:17:21 - mkk_comic - app.py:505 - INFO - 开始下载: 魔都精兵的奴隸 - 第06话
2026-03-29 11:17:21 - mkk_comic - app.py:506 - INFO - 总页数: 19
2026-03-29 11:17:21 - mkk_comic - app.py:587 - INFO - 正在下载第 001/019 页...
2026-03-29 11:17:21 - mkk_comic - app.py:587 - INFO - 正在下载第 002/019 页...
2026-03-29 11:17:21 - mkk_comic - app.py:587 - INFO - 正在下载第 003/019 页...
2026-03-29 11:17:21 - mkk_comic - app.py:587 - INFO - 正在下载第 004/019 页...
2026-03-29 11:17:21 - mkk_comic - app.py:587 - INFO - 正在下载第 005/019 页...
2026-03-29 11:17:22 - mkk_comic - app.py:587 - INFO - 正在下载第 006/019 页...
2026-03-29 11:17:22 - mkk_comic - app.py:587 - INFO - 正在下载第 007/019 页...
2026-03-29 11:17:22 - mkk_comic - app.py:587 - INFO - 正在下载第 008/019 页...
2026-03-29 11:17:22 - mkk_comic - app.py:587 - INFO - 正在下载第 009/019 页...
2026-03-29 11:17:22 - mkk_comic - app.py:587 - INFO - 正在下载第 010/019 页...
2026-03-29 11:17:22 - mkk_comic - app.py:587 - INFO - 正在下载第 011/019 页...
2026-03-29 11:17:22 - mkk_comic - app.py:587 - INFO - 正在下载第 012/019 页...
2026-03-29 11:17:22 - mkk_comic - app.py:587 - INFO - 正在下载第 013/019 页...
2026-03-29 11:17:22 - mkk_comic - app.py:587 - INFO - 正在下载第 014/019 页...
2026-03-29 11:17:22 - mkk_comic - app.py:587 - INFO - 正在下载第 015/019 页...
2026-03-29 11:17:22 - mkk_comic - app.py:587 - INFO - 正在下载第 016/019 页...
2026-03-29 11:17:22 - mkk_comic - app.py:587 - INFO - 正在下载第 017/019 页...
2026-03-29 11:17:22 - mkk_comic - app.py:587 - INFO - 正在下载第 018/019 页...
2026-03-29 11:17:22 - mkk_comic - app.py:587 - INFO - 正在下载第 019/019 页...
2026-03-29 11:17:22 - mkk_comic - app.py:511 - INFO - 下载完成!
2026-03-29 11:17:22 - mkk_comic - app.py:512 - INFO - 成功下载: 19/19 页
2026-03-29 11:17:22 - mkk_comic - app.py:523 - INFO - 章节下载完成，等待 6.4 秒后继续...
2026-03-29 11:17:29 - mkk_comic - app.py:494 - INFO - 正在下载第7章: 第07话    UUID:5281b5fa-3d8a-11e9-a68e-00163e0ca5bd
2026-03-29 11:17:30 - mkk_comic - app.py:502 - INFO - 创建目录: ./out/魔都精兵的奴隸/第07话
2026-03-29 11:17:30 - mkk_comic - app.py:505 - INFO - 开始下载: 魔都精兵的奴隸 - 第07话
2026-03-29 11:17:30 - mkk_comic - app.py:506 - INFO - 总页数: 22
2026-03-29 11:17:30 - mkk_comic - app.py:587 - INFO - 正在下载第 001/022 页...
2026-03-29 11:17:30 - mkk_comic - app.py:587 - INFO - 正在下载第 002/022 页...
2026-03-29 11:17:30 - mkk_comic - app.py:587 - INFO - 正在下载第 003/022 页...
2026-03-29 11:17:30 - mkk_comic - app.py:587 - INFO - 正在下载第 004/022 页...
2026-03-29 11:17:30 - mkk_comic - app.py:587 - INFO - 正在下载第 005/022 页...
2026-03-29 11:17:30 - mkk_comic - app.py:587 - INFO - 正在下载第 006/022 页...
2026-03-29 11:17:30 - mkk_comic - app.py:587 - INFO - 正在下载第 007/022 页...
2026-03-29 11:17:30 - mkk_comic - app.py:587 - INFO - 正在下载第 008/022 页...
2026-03-29 11:17:30 - mkk_comic - app.py:587 - INFO - 正在下载第 009/022 页...
2026-03-29 11:17:30 - mkk_comic - app.py:587 - INFO - 正在下载第 010/022 页...
2026-03-29 11:17:30 - mkk_comic - app.py:587 - INFO - 正在下载第 011/022 页...
2026-03-29 11:17:30 - mkk_comic - app.py:587 - INFO - 正在下载第 012/022 页...
2026-03-29 11:17:30 - mkk_comic - app.py:587 - INFO - 正在下载第 013/022 页...
2026-03-29 11:17:30 - mkk_comic - app.py:587 - INFO - 正在下载第 014/022 页...
2026-03-29 11:17:30 - mkk_comic - app.py:587 - INFO - 正在下载第 015/022 页...
2026-03-29 11:17:30 - mkk_comic - app.py:587 - INFO - 正在下载第 016/022 页...
2026-03-29 11:17:30 - mkk_comic - app.py:587 - INFO - 正在下载第 017/022 页...
2026-03-29 11:17:30 - mkk_comic - app.py:587 - INFO - 正在下载第 018/022 页...
2026-03-29 11:17:30 - mkk_comic - app.py:587 - INFO - 正在下载第 019/022 页...
2026-03-29 11:17:30 - mkk_comic - app.py:587 - INFO - 正在下载第 020/022 页...
2026-03-29 11:17:30 - mkk_comic - app.py:587 - INFO - 正在下载第 021/022 页...
2026-03-29 11:17:30 - mkk_comic - app.py:587 - INFO - 正在下载第 022/022 页...
2026-03-29 11:17:31 - mkk_comic - app.py:511 - INFO - 下载完成!
2026-03-29 11:17:31 - mkk_comic - app.py:512 - INFO - 成功下载: 22/22 页
2026-03-29 11:17:31 - mkk_comic - app.py:523 - INFO - 章节下载完成，等待 5.2 秒后继续...
2026-03-29 11:17:36 - mkk_comic - app.py:494 - INFO - 正在下载第8章: 第08话    UUID:3880c9dc-5551-11e9-b025-00163e0ca5bd
2026-03-29 11:17:37 - mkk_comic - app.py:502 - INFO - 创建目录: ./out/魔都精兵的奴隸/第08话
2026-03-29 11:17:37 - mkk_comic - app.py:505 - INFO - 开始下载: 魔都精兵的奴隸 - 第08话
2026-03-29 11:17:37 - mkk_comic - app.py:506 - INFO - 总页数: 17
2026-03-29 11:17:37 - mkk_comic - app.py:587 - INFO - 正在下载第 001/017 页...
2026-03-29 11:17:37 - mkk_comic - app.py:587 - INFO - 正在下载第 002/017 页...
2026-03-29 11:17:37 - mkk_comic - app.py:587 - INFO - 正在下载第 003/017 页...
2026-03-29 11:17:37 - mkk_comic - app.py:587 - INFO - 正在下载第 004/017 页...
2026-03-29 11:17:37 - mkk_comic - app.py:587 - INFO - 正在下载第 005/017 页...
2026-03-29 11:17:37 - mkk_comic - app.py:587 - INFO - 正在下载第 006/017 页...
2026-03-29 11:17:37 - mkk_comic - app.py:587 - INFO - 正在下载第 007/017 页...
2026-03-29 11:17:37 - mkk_comic - app.py:587 - INFO - 正在下载第 008/017 页...
2026-03-29 11:17:37 - mkk_comic - app.py:587 - INFO - 正在下载第 009/017 页...
2026-03-29 11:17:37 - mkk_comic - app.py:587 - INFO - 正在下载第 010/017 页...
2026-03-29 11:17:38 - mkk_comic - app.py:587 - INFO - 正在下载第 011/017 页...
2026-03-29 11:17:38 - mkk_comic - app.py:587 - INFO - 正在下载第 012/017 页...
2026-03-29 11:17:38 - mkk_comic - app.py:587 - INFO - 正在下载第 013/017 页...
2026-03-29 11:17:38 - mkk_comic - app.py:587 - INFO - 正在下载第 014/017 页...
2026-03-29 11:17:38 - mkk_comic - app.py:587 - INFO - 正在下载第 015/017 页...
2026-03-29 11:17:38 - mkk_comic - app.py:587 - INFO - 正在下载第 016/017 页...
2026-03-29 11:17:38 - mkk_comic - app.py:587 - INFO - 正在下载第 017/017 页...
2026-03-29 11:17:38 - mkk_comic - app.py:511 - INFO - 下载完成!
2026-03-29 11:17:38 - mkk_comic - app.py:512 - INFO - 成功下载: 17/17 页
2026-03-29 11:17:38 - mkk_comic - app.py:523 - INFO - 章节下载完成，等待 7.9 秒后继续...
2026-03-29 11:17:46 - mkk_comic - app.py:494 - INFO - 正在下载第9章: 第09话    UUID:3880f344-5551-11e9-b025-00163e0ca5bd
2026-03-29 11:17:47 - mkk_comic - app.py:502 - INFO - 创建目录: ./out/魔都精兵的奴隸/第09话
2026-03-29 11:17:47 - mkk_comic - app.py:505 - INFO - 开始下载: 魔都精兵的奴隸 - 第09话
2026-03-29 11:17:47 - mkk_comic - app.py:506 - INFO - 总页数: 22
2026-03-29 11:17:47 - mkk_comic - app.py:587 - INFO - 正在下载第 001/022 页...
2026-03-29 11:17:47 - mkk_comic - app.py:587 - INFO - 正在下载第 002/022 页...
2026-03-29 11:17:47 - mkk_comic - app.py:587 - INFO - 正在下载第 003/022 页...
2026-03-29 11:17:47 - mkk_comic - app.py:587 - INFO - 正在下载第 004/022 页...
2026-03-29 11:17:47 - mkk_comic - app.py:587 - INFO - 正在下载第 005/022 页...
2026-03-29 11:17:47 - mkk_comic - app.py:587 - INFO - 正在下载第 006/022 页...
2026-03-29 11:17:47 - mkk_comic - app.py:587 - INFO - 正在下载第 007/022 页...
2026-03-29 11:17:47 - mkk_comic - app.py:587 - INFO - 正在下载第 008/022 页...
2026-03-29 11:17:47 - mkk_comic - app.py:587 - INFO - 正在下载第 009/022 页...
2026-03-29 11:17:47 - mkk_comic - app.py:587 - INFO - 正在下载第 010/022 页...
2026-03-29 11:17:47 - mkk_comic - app.py:587 - INFO - 正在下载第 011/022 页...
2026-03-29 11:17:47 - mkk_comic - app.py:587 - INFO - 正在下载第 012/022 页...
2026-03-29 11:17:47 - mkk_comic - app.py:587 - INFO - 正在下载第 013/022 页...
2026-03-29 11:17:48 - mkk_comic - app.py:587 - INFO - 正在下载第 014/022 页...
2026-03-29 11:17:48 - mkk_comic - app.py:587 - INFO - 正在下载第 015/022 页...
2026-03-29 11:17:48 - mkk_comic - app.py:587 - INFO - 正在下载第 016/022 页...
2026-03-29 11:17:48 - mkk_comic - app.py:587 - INFO - 正在下载第 017/022 页...
2026-03-29 11:17:48 - mkk_comic - app.py:587 - INFO - 正在下载第 018/022 页...
2026-03-29 11:17:48 - mkk_comic - app.py:587 - INFO - 正在下载第 019/022 页...
2026-03-29 11:17:48 - mkk_comic - app.py:587 - INFO - 正在下载第 020/022 页...
2026-03-29 11:17:48 - mkk_comic - app.py:587 - INFO - 正在下载第 021/022 页...
2026-03-29 11:17:48 - mkk_comic - app.py:587 - INFO - 正在下载第 022/022 页...
2026-03-29 11:17:48 - mkk_comic - app.py:511 - INFO - 下载完成!
2026-03-29 11:17:48 - mkk_comic - app.py:512 - INFO - 成功下载: 22/22 页
2026-03-29 11:17:48 - mkk_comic - app.py:523 - INFO - 章节下载完成，等待 5.2 秒后继续...
2026-03-29 11:17:54 - mkk_comic - app.py:494 - INFO - 正在下载第10章: 第10话    UUID:3e413d42-68c6-11e9-a3eb-00163e0ca5bd
2026-03-29 11:17:55 - mkk_comic - app.py:502 - INFO - 创建目录: ./out/魔都精兵的奴隸/第10话
2026-03-29 11:17:55 - mkk_comic - app.py:505 - INFO - 开始下载: 魔都精兵的奴隸 - 第10话
2026-03-29 11:17:55 - mkk_comic - app.py:506 - INFO - 总页数: 21
2026-03-29 11:17:55 - mkk_comic - app.py:587 - INFO - 正在下载第 001/021 页...
2026-03-29 11:17:55 - mkk_comic - app.py:587 - INFO - 正在下载第 002/021 页...
2026-03-29 11:17:55 - mkk_comic - app.py:587 - INFO - 正在下载第 003/021 页...
2026-03-29 11:17:55 - mkk_comic - app.py:587 - INFO - 正在下载第 004/021 页...
2026-03-29 11:17:55 - mkk_comic - app.py:587 - INFO - 正在下载第 005/021 页...
2026-03-29 11:17:55 - mkk_comic - app.py:587 - INFO - 正在下载第 006/021 页...
2026-03-29 11:17:55 - mkk_comic - app.py:587 - INFO - 正在下载第 007/021 页...
2026-03-29 11:17:55 - mkk_comic - app.py:587 - INFO - 正在下载第 008/021 页...
2026-03-29 11:17:55 - mkk_comic - app.py:587 - INFO - 正在下载第 009/021 页...
2026-03-29 11:17:55 - mkk_comic - app.py:587 - INFO - 正在下载第 010/021 页...
2026-03-29 11:17:55 - mkk_comic - app.py:587 - INFO - 正在下载第 011/021 页...
2026-03-29 11:17:55 - mkk_comic - app.py:587 - INFO - 正在下载第 012/021 页...
2026-03-29 11:17:55 - mkk_comic - app.py:587 - INFO - 正在下载第 013/021 页...
2026-03-29 11:17:55 - mkk_comic - app.py:587 - INFO - 正在下载第 014/021 页...
2026-03-29 11:17:55 - mkk_comic - app.py:587 - INFO - 正在下载第 015/021 页...
2026-03-29 11:17:55 - mkk_comic - app.py:587 - INFO - 正在下载第 016/021 页...
2026-03-29 11:17:55 - mkk_comic - app.py:587 - INFO - 正在下载第 017/021 页...
2026-03-29 11:17:55 - mkk_comic - app.py:587 - INFO - 正在下载第 018/021 页...
2026-03-29 11:17:55 - mkk_comic - app.py:587 - INFO - 正在下载第 019/021 页...
2026-03-29 11:17:55 - mkk_comic - app.py:587 - INFO - 正在下载第 020/021 页...
2026-03-29 11:17:55 - mkk_comic - app.py:587 - INFO - 正在下载第 021/021 页...
2026-03-29 11:17:56 - mkk_comic - app.py:511 - INFO - 下载完成!
2026-03-29 11:17:56 - mkk_comic - app.py:512 - INFO - 成功下载: 21/21 页
2026-03-29 11:17:56 - mkk_comic - app.py:523 - INFO - 章节下载完成，等待 8.7 秒后继续...
2026-03-29 11:18:05 - mkk_comic - app.py:494 - INFO - 正在下载第11章: 第11话    UUID:b4b804ec-6b69-11e9-98ba-00163e0ca5bd
2026-03-29 11:18:06 - mkk_comic - app.py:502 - INFO - 创建目录: ./out/魔都精兵的奴隸/第11话
2026-03-29 11:18:06 - mkk_comic - app.py:505 - INFO - 开始下载: 魔都精兵的奴隸 - 第11话
2026-03-29 11:18:06 - mkk_comic - app.py:506 - INFO - 总页数: 20
2026-03-29 11:18:06 - mkk_comic - app.py:587 - INFO - 正在下载第 001/020 页...
2026-03-29 11:18:06 - mkk_comic - app.py:587 - INFO - 正在下载第 002/020 页...
2026-03-29 11:18:06 - mkk_comic - app.py:587 - INFO - 正在下载第 003/020 页...
2026-03-29 11:18:06 - mkk_comic - app.py:587 - INFO - 正在下载第 004/020 页...
2026-03-29 11:18:06 - mkk_comic - app.py:587 - INFO - 正在下载第 005/020 页...
2026-03-29 11:18:06 - mkk_comic - app.py:587 - INFO - 正在下载第 006/020 页...
2026-03-29 11:18:06 - mkk_comic - app.py:587 - INFO - 正在下载第 007/020 页...
2026-03-29 11:18:06 - mkk_comic - app.py:587 - INFO - 正在下载第 008/020 页...
2026-03-29 11:18:06 - mkk_comic - app.py:587 - INFO - 正在下载第 009/020 页...
2026-03-29 11:18:06 - mkk_comic - app.py:587 - INFO - 正在下载第 010/020 页...
2026-03-29 11:18:06 - mkk_comic - app.py:587 - INFO - 正在下载第 011/020 页...
2026-03-29 11:18:06 - mkk_comic - app.py:587 - INFO - 正在下载第 012/020 页...
2026-03-29 11:18:06 - mkk_comic - app.py:587 - INFO - 正在下载第 013/020 页...
2026-03-29 11:18:06 - mkk_comic - app.py:587 - INFO - 正在下载第 014/020 页...
2026-03-29 11:18:06 - mkk_comic - app.py:587 - INFO - 正在下载第 015/020 页...
2026-03-29 11:18:06 - mkk_comic - app.py:587 - INFO - 正在下载第 016/020 页...
2026-03-29 11:18:06 - mkk_comic - app.py:587 - INFO - 正在下载第 017/020 页...
2026-03-29 11:18:06 - mkk_comic - app.py:587 - INFO - 正在下载第 018/020 页...
2026-03-29 11:18:06 - mkk_comic - app.py:587 - INFO - 正在下载第 019/020 页...
2026-03-29 11:18:06 - mkk_comic - app.py:587 - INFO - 正在下载第 020/020 页...
2026-03-29 11:18:06 - mkk_comic - app.py:511 - INFO - 下载完成!
2026-03-29 11:18:06 - mkk_comic - app.py:512 - INFO - 成功下载: 20/20 页
2026-03-29 11:18:06 - mkk_comic - app.py:523 - INFO - 章节下载完成，等待 9.2 秒后继续...
2026-03-29 11:18:16 - mkk_comic - app.py:494 - INFO - 正在下载第12章: 第12话    UUID:a1657cb0-7647-11e9-9765-00163e0ca5bd
2026-03-29 11:18:17 - mkk_comic - app.py:502 - INFO - 创建目录: ./out/魔都精兵的奴隸/第12话
2026-03-29 11:18:17 - mkk_comic - app.py:505 - INFO - 开始下载: 魔都精兵的奴隸 - 第12话
2026-03-29 11:18:17 - mkk_comic - app.py:506 - INFO - 总页数: 20
2026-03-29 11:18:17 - mkk_comic - app.py:587 - INFO - 正在下载第 001/020 页...
2026-03-29 11:18:17 - mkk_comic - app.py:587 - INFO - 正在下载第 002/020 页...
2026-03-29 11:18:17 - mkk_comic - app.py:587 - INFO - 正在下载第 003/020 页...
2026-03-29 11:18:17 - mkk_comic - app.py:587 - INFO - 正在下载第 004/020 页...
2026-03-29 11:18:17 - mkk_comic - app.py:587 - INFO - 正在下载第 005/020 页...
2026-03-29 11:18:17 - mkk_comic - app.py:587 - INFO - 正在下载第 006/020 页...
2026-03-29 11:18:17 - mkk_comic - app.py:587 - INFO - 正在下载第 007/020 页...
2026-03-29 11:18:17 - mkk_comic - app.py:587 - INFO - 正在下载第 008/020 页...
2026-03-29 11:18:17 - mkk_comic - app.py:587 - INFO - 正在下载第 009/020 页...
2026-03-29 11:18:17 - mkk_comic - app.py:587 - INFO - 正在下载第 010/020 页...
2026-03-29 11:18:17 - mkk_comic - app.py:587 - INFO - 正在下载第 011/020 页...
2026-03-29 11:18:17 - mkk_comic - app.py:587 - INFO - 正在下载第 012/020 页...
2026-03-29 11:18:17 - mkk_comic - app.py:587 - INFO - 正在下载第 013/020 页...
2026-03-29 11:18:17 - mkk_comic - app.py:587 - INFO - 正在下载第 014/020 页...
2026-03-29 11:18:17 - mkk_comic - app.py:587 - INFO - 正在下载第 015/020 页...
2026-03-29 11:18:17 - mkk_comic - app.py:587 - INFO - 正在下载第 016/020 页...
2026-03-29 11:18:17 - mkk_comic - app.py:587 - INFO - 正在下载第 017/020 页...
2026-03-29 11:18:17 - mkk_comic - app.py:587 - INFO - 正在下载第 018/020 页...
2026-03-29 11:18:17 - mkk_comic - app.py:587 - INFO - 正在下载第 019/020 页...
2026-03-29 11:18:17 - mkk_comic - app.py:587 - INFO - 正在下载第 020/020 页...
2026-03-29 11:18:18 - mkk_comic - app.py:511 - INFO - 下载完成!
2026-03-29 11:18:18 - mkk_comic - app.py:512 - INFO - 成功下载: 20/20 页
2026-03-29 11:18:18 - mkk_comic - app.py:523 - INFO - 章节下载完成，等待 5.9 秒后继续...
2026-03-29 11:18:24 - mkk_comic - app.py:494 - INFO - 正在下载第13章: 第13话    UUID:c31cd290-8092-11e9-9b6f-00163e0ca5bd
2026-03-29 11:18:25 - mkk_comic - app.py:502 - INFO - 创建目录: ./out/魔都精兵的奴隸/第13话
2026-03-29 11:18:25 - mkk_comic - app.py:505 - INFO - 开始下载: 魔都精兵的奴隸 - 第13话
2026-03-29 11:18:25 - mkk_comic - app.py:506 - INFO - 总页数: 20
2026-03-29 11:18:25 - mkk_comic - app.py:587 - INFO - 正在下载第 001/020 页...
2026-03-29 11:18:25 - mkk_comic - app.py:587 - INFO - 正在下载第 002/020 页...
2026-03-29 11:18:25 - mkk_comic - app.py:587 - INFO - 正在下载第 003/020 页...
2026-03-29 11:18:25 - mkk_comic - app.py:587 - INFO - 正在下载第 004/020 页...
2026-03-29 11:18:25 - mkk_comic - app.py:587 - INFO - 正在下载第 005/020 页...
2026-03-29 11:18:25 - mkk_comic - app.py:587 - INFO - 正在下载第 006/020 页...
2026-03-29 11:18:25 - mkk_comic - app.py:587 - INFO - 正在下载第 007/020 页...
2026-03-29 11:18:25 - mkk_comic - app.py:587 - INFO - 正在下载第 008/020 页...
2026-03-29 11:18:25 - mkk_comic - app.py:587 - INFO - 正在下载第 009/020 页...
2026-03-29 11:18:25 - mkk_comic - app.py:587 - INFO - 正在下载第 010/020 页...
2026-03-29 11:18:25 - mkk_comic - app.py:587 - INFO - 正在下载第 011/020 页...
2026-03-29 11:18:25 - mkk_comic - app.py:587 - INFO - 正在下载第 012/020 页...
2026-03-29 11:18:25 - mkk_comic - app.py:587 - INFO - 正在下载第 013/020 页...
2026-03-29 11:18:25 - mkk_comic - app.py:587 - INFO - 正在下载第 014/020 页...
2026-03-29 11:18:25 - mkk_comic - app.py:587 - INFO - 正在下载第 015/020 页...
2026-03-29 11:18:25 - mkk_comic - app.py:587 - INFO - 正在下载第 016/020 页...
2026-03-29 11:18:25 - mkk_comic - app.py:587 - INFO - 正在下载第 017/020 页...
2026-03-29 11:18:25 - mkk_comic - app.py:587 - INFO - 正在下载第 018/020 页...
2026-03-29 11:18:25 - mkk_comic - app.py:587 - INFO - 正在下载第 019/020 页...
2026-03-29 11:18:25 - mkk_comic - app.py:587 - INFO - 正在下载第 020/020 页...
2026-03-29 11:18:26 - mkk_comic - app.py:511 - INFO - 下载完成!
2026-03-29 11:18:26 - mkk_comic - app.py:512 - INFO - 成功下载: 20/20 页
2026-03-29 11:18:26 - mkk_comic - app.py:523 - INFO - 章节下载完成，等待 5.9 秒后继续...
2026-03-29 11:18:32 - mkk_comic - app.py:494 - INFO - 正在下载第14章: 第14话    UUID:6fee2d0e-9112-11e9-9d7a-00163e0ca5bd
2026-03-29 11:18:33 - mkk_comic - app.py:502 - INFO - 创建目录: ./out/魔都精兵的奴隸/第14话
2026-03-29 11:18:33 - mkk_comic - app.py:505 - INFO - 开始下载: 魔都精兵的奴隸 - 第14话
2026-03-29 11:18:33 - mkk_comic - app.py:506 - INFO - 总页数: 22
2026-03-29 11:18:33 - mkk_comic - app.py:587 - INFO - 正在下载第 001/022 页...
2026-03-29 11:18:33 - mkk_comic - app.py:587 - INFO - 正在下载第 002/022 页...
2026-03-29 11:18:33 - mkk_comic - app.py:587 - INFO - 正在下载第 003/022 页...
2026-03-29 11:18:33 - mkk_comic - app.py:587 - INFO - 正在下载第 004/022 页...
2026-03-29 11:18:33 - mkk_comic - app.py:587 - INFO - 正在下载第 005/022 页...
2026-03-29 11:18:33 - mkk_comic - app.py:587 - INFO - 正在下载第 006/022 页...
2026-03-29 11:18:33 - mkk_comic - app.py:587 - INFO - 正在下载第 007/022 页...
2026-03-29 11:18:33 - mkk_comic - app.py:587 - INFO - 正在下载第 008/022 页...
2026-03-29 11:18:33 - mkk_comic - app.py:587 - INFO - 正在下载第 009/022 页...
2026-03-29 11:18:33 - mkk_comic - app.py:587 - INFO - 正在下载第 010/022 页...
2026-03-29 11:18:33 - mkk_comic - app.py:587 - INFO - 正在下载第 011/022 页...
2026-03-29 11:18:33 - mkk_comic - app.py:587 - INFO - 正在下载第 012/022 页...
2026-03-29 11:18:33 - mkk_comic - app.py:587 - INFO - 正在下载第 013/022 页...
2026-03-29 11:18:33 - mkk_comic - app.py:587 - INFO - 正在下载第 014/022 页...
2026-03-29 11:18:33 - mkk_comic - app.py:587 - INFO - 正在下载第 015/022 页...
2026-03-29 11:18:33 - mkk_comic - app.py:587 - INFO - 正在下载第 016/022 页...
2026-03-29 11:18:33 - mkk_comic - app.py:587 - INFO - 正在下载第 017/022 页...
2026-03-29 11:18:33 - mkk_comic - app.py:587 - INFO - 正在下载第 018/022 页...
2026-03-29 11:18:33 - mkk_comic - app.py:587 - INFO - 正在下载第 019/022 页...
2026-03-29 11:18:33 - mkk_comic - app.py:587 - INFO - 正在下载第 020/022 页...
2026-03-29 11:18:33 - mkk_comic - app.py:587 - INFO - 正在下载第 021/022 页...
2026-03-29 11:18:33 - mkk_comic - app.py:587 - INFO - 正在下载第 022/022 页...
2026-03-29 11:18:34 - mkk_comic - app.py:511 - INFO - 下载完成!
2026-03-29 11:18:34 - mkk_comic - app.py:512 - INFO - 成功下载: 22/22 页
2026-03-29 11:18:34 - mkk_comic - app.py:523 - INFO - 章节下载完成，等待 10.0 秒后继续...
2026-03-29 11:18:44 - mkk_comic - app.py:494 - INFO - 正在下载第15章: 第15话    UUID:4c40e2f0-99ac-11e9-874f-00163e0ca5bd
2026-03-29 11:18:45 - mkk_comic - app.py:502 - INFO - 创建目录: ./out/魔都精兵的奴隸/第15话
2026-03-29 11:18:45 - mkk_comic - app.py:505 - INFO - 开始下载: 魔都精兵的奴隸 - 第15话
2026-03-29 11:18:45 - mkk_comic - app.py:506 - INFO - 总页数: 22
2026-03-29 11:18:45 - mkk_comic - app.py:587 - INFO - 正在下载第 001/022 页...
2026-03-29 11:18:45 - mkk_comic - app.py:587 - INFO - 正在下载第 002/022 页...
2026-03-29 11:18:45 - mkk_comic - app.py:587 - INFO - 正在下载第 003/022 页...
2026-03-29 11:18:45 - mkk_comic - app.py:587 - INFO - 正在下载第 004/022 页...
2026-03-29 11:18:45 - mkk_comic - app.py:587 - INFO - 正在下载第 005/022 页...
2026-03-29 11:18:45 - mkk_comic - app.py:587 - INFO - 正在下载第 006/022 页...
2026-03-29 11:18:45 - mkk_comic - app.py:587 - INFO - 正在下载第 007/022 页...
2026-03-29 11:18:45 - mkk_comic - app.py:587 - INFO - 正在下载第 008/022 页...
2026-03-29 11:18:45 - mkk_comic - app.py:587 - INFO - 正在下载第 009/022 页...
2026-03-29 11:18:45 - mkk_comic - app.py:587 - INFO - 正在下载第 010/022 页...
2026-03-29 11:18:45 - mkk_comic - app.py:587 - INFO - 正在下载第 011/022 页...
2026-03-29 11:18:45 - mkk_comic - app.py:587 - INFO - 正在下载第 012/022 页...
2026-03-29 11:18:45 - mkk_comic - app.py:587 - INFO - 正在下载第 013/022 页...
2026-03-29 11:18:45 - mkk_comic - app.py:587 - INFO - 正在下载第 014/022 页...
2026-03-29 11:18:45 - mkk_comic - app.py:587 - INFO - 正在下载第 015/022 页...
2026-03-29 11:18:45 - mkk_comic - app.py:587 - INFO - 正在下载第 016/022 页...
2026-03-29 11:18:45 - mkk_comic - app.py:587 - INFO - 正在下载第 017/022 页...
2026-03-29 11:18:45 - mkk_comic - app.py:587 - INFO - 正在下载第 018/022 页...
2026-03-29 11:18:45 - mkk_comic - app.py:587 - INFO - 正在下载第 019/022 页...
2026-03-29 11:18:46 - mkk_comic - app.py:587 - INFO - 正在下载第 020/022 页...
2026-03-29 11:18:46 - mkk_comic - app.py:587 - INFO - 正在下载第 021/022 页...
2026-03-29 11:18:46 - mkk_comic - app.py:587 - INFO - 正在下载第 022/022 页...
2026-03-29 11:18:46 - mkk_comic - app.py:511 - INFO - 下载完成!
2026-03-29 11:18:46 - mkk_comic - app.py:512 - INFO - 成功下载: 22/22 页
2026-03-29 11:18:46 - mkk_comic - app.py:523 - INFO - 章节下载完成，等待 9.7 秒后继续...
2026-03-29 11:18:56 - mkk_comic - app.py:494 - INFO - 正在下载第16章: 第16话    UUID:3a98c1da-a4a6-11e9-9098-00163e0ca5bd
2026-03-29 11:18:57 - mkk_comic - app.py:502 - INFO - 创建目录: ./out/魔都精兵的奴隸/第16话
2026-03-29 11:18:57 - mkk_comic - app.py:505 - INFO - 开始下载: 魔都精兵的奴隸 - 第16话
2026-03-29 11:18:57 - mkk_comic - app.py:506 - INFO - 总页数: 21
2026-03-29 11:18:57 - mkk_comic - app.py:587 - INFO - 正在下载第 001/021 页...
2026-03-29 11:18:57 - mkk_comic - app.py:587 - INFO - 正在下载第 002/021 页...
2026-03-29 11:18:57 - mkk_comic - app.py:587 - INFO - 正在下载第 003/021 页...
2026-03-29 11:18:57 - mkk_comic - app.py:587 - INFO - 正在下载第 004/021 页...
2026-03-29 11:18:57 - mkk_comic - app.py:587 - INFO - 正在下载第 005/021 页...
2026-03-29 11:18:57 - mkk_comic - app.py:587 - INFO - 正在下载第 006/021 页...
2026-03-29 11:18:57 - mkk_comic - app.py:587 - INFO - 正在下载第 007/021 页...
2026-03-29 11:18:57 - mkk_comic - app.py:587 - INFO - 正在下载第 008/021 页...
2026-03-29 11:18:57 - mkk_comic - app.py:587 - INFO - 正在下载第 009/021 页...
2026-03-29 11:18:57 - mkk_comic - app.py:587 - INFO - 正在下载第 010/021 页...
2026-03-29 11:18:57 - mkk_comic - app.py:587 - INFO - 正在下载第 011/021 页...
2026-03-29 11:18:57 - mkk_comic - app.py:587 - INFO - 正在下载第 012/021 页...
2026-03-29 11:18:57 - mkk_comic - app.py:587 - INFO - 正在下载第 013/021 页...
2026-03-29 11:18:57 - mkk_comic - app.py:587 - INFO - 正在下载第 014/021 页...
2026-03-29 11:18:57 - mkk_comic - app.py:587 - INFO - 正在下载第 015/021 页...
2026-03-29 11:18:57 - mkk_comic - app.py:587 - INFO - 正在下载第 016/021 页...
2026-03-29 11:18:57 - mkk_comic - app.py:587 - INFO - 正在下载第 017/021 页...
2026-03-29 11:18:57 - mkk_comic - app.py:587 - INFO - 正在下载第 018/021 页...
2026-03-29 11:18:57 - mkk_comic - app.py:587 - INFO - 正在下载第 019/021 页...
2026-03-29 11:18:57 - mkk_comic - app.py:587 - INFO - 正在下载第 020/021 页...
2026-03-29 11:18:57 - mkk_comic - app.py:587 - INFO - 正在下载第 021/021 页...
2026-03-29 11:18:58 - mkk_comic - app.py:511 - INFO - 下载完成!
2026-03-29 11:18:58 - mkk_comic - app.py:512 - INFO - 成功下载: 21/21 页
2026-03-29 11:18:58 - mkk_comic - app.py:523 - INFO - 章节下载完成，等待 9.6 秒后继续...
2026-03-29 11:19:08 - mkk_comic - app.py:494 - INFO - 正在下载第17章: 第17话    UUID:079a9b08-b088-11e9-b8d8-00163e0ca5bd
2026-03-29 11:19:09 - mkk_comic - app.py:502 - INFO - 创建目录: ./out/魔都精兵的奴隸/第17话
2026-03-29 11:19:09 - mkk_comic - app.py:505 - INFO - 开始下载: 魔都精兵的奴隸 - 第17话
2026-03-29 11:19:09 - mkk_comic - app.py:506 - INFO - 总页数: 21
2026-03-29 11:19:09 - mkk_comic - app.py:587 - INFO - 正在下载第 001/021 页...
2026-03-29 11:19:09 - mkk_comic - app.py:587 - INFO - 正在下载第 002/021 页...
2026-03-29 11:19:09 - mkk_comic - app.py:587 - INFO - 正在下载第 003/021 页...
2026-03-29 11:19:09 - mkk_comic - app.py:587 - INFO - 正在下载第 004/021 页...
2026-03-29 11:19:09 - mkk_comic - app.py:587 - INFO - 正在下载第 005/021 页...
2026-03-29 11:19:09 - mkk_comic - app.py:587 - INFO - 正在下载第 006/021 页...
2026-03-29 11:19:09 - mkk_comic - app.py:587 - INFO - 正在下载第 007/021 页...
2026-03-29 11:19:09 - mkk_comic - app.py:587 - INFO - 正在下载第 008/021 页...
2026-03-29 11:19:09 - mkk_comic - app.py:587 - INFO - 正在下载第 009/021 页...
2026-03-29 11:19:09 - mkk_comic - app.py:587 - INFO - 正在下载第 010/021 页...
2026-03-29 11:19:09 - mkk_comic - app.py:587 - INFO - 正在下载第 011/021 页...
2026-03-29 11:19:09 - mkk_comic - app.py:587 - INFO - 正在下载第 012/021 页...
2026-03-29 11:19:09 - mkk_comic - app.py:587 - INFO - 正在下载第 013/021 页...
2026-03-29 11:19:09 - mkk_comic - app.py:587 - INFO - 正在下载第 014/021 页...
2026-03-29 11:19:09 - mkk_comic - app.py:587 - INFO - 正在下载第 015/021 页...
2026-03-29 11:19:09 - mkk_comic - app.py:587 - INFO - 正在下载第 016/021 页...
2026-03-29 11:19:09 - mkk_comic - app.py:587 - INFO - 正在下载第 017/021 页...
2026-03-29 11:19:09 - mkk_comic - app.py:587 - INFO - 正在下载第 018/021 页...
2026-03-29 11:19:09 - mkk_comic - app.py:587 - INFO - 正在下载第 019/021 页...
2026-03-29 11:19:09 - mkk_comic - app.py:587 - INFO - 正在下载第 020/021 页...
2026-03-29 11:19:09 - mkk_comic - app.py:587 - INFO - 正在下载第 021/021 页...
2026-03-29 11:19:09 - mkk_comic - app.py:511 - INFO - 下载完成!
2026-03-29 11:19:09 - mkk_comic - app.py:512 - INFO - 成功下载: 21/21 页
2026-03-29 11:19:09 - mkk_comic - app.py:523 - INFO - 章节下载完成，等待 8.2 秒后继续...
2026-03-29 11:19:18 - mkk_comic - app.py:494 - INFO - 正在下载第18章: 第18话    UUID:a19bec5c-c0fa-11e9-89ff-00163e0ca5bd
2026-03-29 11:19:19 - mkk_comic - app.py:502 - INFO - 创建目录: ./out/魔都精兵的奴隸/第18话
2026-03-29 11:19:19 - mkk_comic - app.py:505 - INFO - 开始下载: 魔都精兵的奴隸 - 第18话
2026-03-29 11:19:19 - mkk_comic - app.py:506 - INFO - 总页数: 21
2026-03-29 11:19:19 - mkk_comic - app.py:587 - INFO - 正在下载第 001/021 页...
2026-03-29 11:19:19 - mkk_comic - app.py:587 - INFO - 正在下载第 002/021 页...
2026-03-29 11:19:19 - mkk_comic - app.py:587 - INFO - 正在下载第 003/021 页...
2026-03-29 11:19:19 - mkk_comic - app.py:587 - INFO - 正在下载第 004/021 页...
2026-03-29 11:19:19 - mkk_comic - app.py:587 - INFO - 正在下载第 005/021 页...
2026-03-29 11:19:19 - mkk_comic - app.py:587 - INFO - 正在下载第 006/021 页...
2026-03-29 11:19:19 - mkk_comic - app.py:587 - INFO - 正在下载第 007/021 页...
2026-03-29 11:19:19 - mkk_comic - app.py:587 - INFO - 正在下载第 008/021 页...
2026-03-29 11:19:19 - mkk_comic - app.py:587 - INFO - 正在下载第 009/021 页...
2026-03-29 11:19:19 - mkk_comic - app.py:587 - INFO - 正在下载第 010/021 页...
2026-03-29 11:19:19 - mkk_comic - app.py:587 - INFO - 正在下载第 011/021 页...
2026-03-29 11:19:19 - mkk_comic - app.py:587 - INFO - 正在下载第 012/021 页...
2026-03-29 11:19:19 - mkk_comic - app.py:587 - INFO - 正在下载第 013/021 页...
2026-03-29 11:19:19 - mkk_comic - app.py:587 - INFO - 正在下载第 014/021 页...
2026-03-29 11:19:19 - mkk_comic - app.py:587 - INFO - 正在下载第 015/021 页...
2026-03-29 11:19:19 - mkk_comic - app.py:587 - INFO - 正在下载第 016/021 页...
2026-03-29 11:19:19 - mkk_comic - app.py:587 - INFO - 正在下载第 017/021 页...
2026-03-29 11:19:19 - mkk_comic - app.py:587 - INFO - 正在下载第 018/021 页...
2026-03-29 11:19:19 - mkk_comic - app.py:587 - INFO - 正在下载第 019/021 页...
2026-03-29 11:19:19 - mkk_comic - app.py:587 - INFO - 正在下载第 020/021 页...
2026-03-29 11:19:20 - mkk_comic - app.py:587 - INFO - 正在下载第 021/021 页...
2026-03-29 11:19:20 - mkk_comic - app.py:511 - INFO - 下载完成!
2026-03-29 11:19:20 - mkk_comic - app.py:512 - INFO - 成功下载: 21/21 页
2026-03-29 11:19:20 - mkk_comic - app.py:523 - INFO - 章节下载完成，等待 8.5 秒后继续...
2026-03-29 11:19:29 - mkk_comic - app.py:494 - INFO - 正在下载第19章: 第19话    UUID:9645af60-c644-11e9-b599-00163e0ca5bd
2026-03-29 11:19:30 - mkk_comic - app.py:502 - INFO - 创建目录: ./out/魔都精兵的奴隸/第19话
2026-03-29 11:19:30 - mkk_comic - app.py:505 - INFO - 开始下载: 魔都精兵的奴隸 - 第19话
2026-03-29 11:19:30 - mkk_comic - app.py:506 - INFO - 总页数: 17
2026-03-29 11:19:30 - mkk_comic - app.py:587 - INFO - 正在下载第 001/017 页...
2026-03-29 11:19:30 - mkk_comic - app.py:587 - INFO - 正在下载第 002/017 页...
2026-03-29 11:19:30 - mkk_comic - app.py:587 - INFO - 正在下载第 003/017 页...
2026-03-29 11:19:30 - mkk_comic - app.py:587 - INFO - 正在下载第 004/017 页...
2026-03-29 11:19:30 - mkk_comic - app.py:587 - INFO - 正在下载第 005/017 页...
2026-03-29 11:19:30 - mkk_comic - app.py:587 - INFO - 正在下载第 006/017 页...
2026-03-29 11:19:30 - mkk_comic - app.py:587 - INFO - 正在下载第 007/017 页...
2026-03-29 11:19:30 - mkk_comic - app.py:587 - INFO - 正在下载第 008/017 页...
2026-03-29 11:19:30 - mkk_comic - app.py:587 - INFO - 正在下载第 009/017 页...
2026-03-29 11:19:30 - mkk_comic - app.py:587 - INFO - 正在下载第 010/017 页...
2026-03-29 11:19:30 - mkk_comic - app.py:587 - INFO - 正在下载第 011/017 页...
2026-03-29 11:19:30 - mkk_comic - app.py:587 - INFO - 正在下载第 012/017 页...
2026-03-29 11:19:30 - mkk_comic - app.py:587 - INFO - 正在下载第 013/017 页...
2026-03-29 11:19:30 - mkk_comic - app.py:587 - INFO - 正在下载第 014/017 页...
2026-03-29 11:19:30 - mkk_comic - app.py:587 - INFO - 正在下载第 015/017 页...
2026-03-29 11:19:30 - mkk_comic - app.py:587 - INFO - 正在下载第 016/017 页...
2026-03-29 11:19:30 - mkk_comic - app.py:587 - INFO - 正在下载第 017/017 页...
2026-03-29 11:19:30 - mkk_comic - app.py:511 - INFO - 下载完成!
2026-03-29 11:19:30 - mkk_comic - app.py:512 - INFO - 成功下载: 17/17 页
2026-03-29 11:19:30 - mkk_comic - app.py:523 - INFO - 章节下载完成，等待 7.5 秒后继续...
2026-03-29 11:19:38 - mkk_comic - app.py:494 - INFO - 正在下载第20章: 第20话    UUID:942a15be-d241-11e9-8500-00163e0ca5bd
2026-03-29 11:19:39 - mkk_comic - app.py:502 - INFO - 创建目录: ./out/魔都精兵的奴隸/第20话
2026-03-29 11:19:39 - mkk_comic - app.py:505 - INFO - 开始下载: 魔都精兵的奴隸 - 第20话
2026-03-29 11:19:39 - mkk_comic - app.py:506 - INFO - 总页数: 20
2026-03-29 11:19:39 - mkk_comic - app.py:587 - INFO - 正在下载第 001/020 页...
2026-03-29 11:19:39 - mkk_comic - app.py:587 - INFO - 正在下载第 002/020 页...
2026-03-29 11:19:39 - mkk_comic - app.py:587 - INFO - 正在下载第 003/020 页...
2026-03-29 11:19:39 - mkk_comic - app.py:587 - INFO - 正在下载第 004/020 页...
2026-03-29 11:19:39 - mkk_comic - app.py:587 - INFO - 正在下载第 005/020 页...
2026-03-29 11:19:39 - mkk_comic - app.py:587 - INFO - 正在下载第 006/020 页...
2026-03-29 11:19:39 - mkk_comic - app.py:587 - INFO - 正在下载第 007/020 页...
2026-03-29 11:19:39 - mkk_comic - app.py:587 - INFO - 正在下载第 008/020 页...
2026-03-29 11:19:39 - mkk_comic - app.py:587 - INFO - 正在下载第 009/020 页...
2026-03-29 11:19:39 - mkk_comic - app.py:587 - INFO - 正在下载第 010/020 页...
2026-03-29 11:19:39 - mkk_comic - app.py:587 - INFO - 正在下载第 011/020 页...
2026-03-29 11:19:39 - mkk_comic - app.py:587 - INFO - 正在下载第 012/020 页...
2026-03-29 11:19:39 - mkk_comic - app.py:587 - INFO - 正在下载第 013/020 页...
2026-03-29 11:19:39 - mkk_comic - app.py:587 - INFO - 正在下载第 014/020 页...
2026-03-29 11:19:39 - mkk_comic - app.py:587 - INFO - 正在下载第 015/020 页...
2026-03-29 11:19:39 - mkk_comic - app.py:587 - INFO - 正在下载第 016/020 页...
2026-03-29 11:19:39 - mkk_comic - app.py:587 - INFO - 正在下载第 017/020 页...
2026-03-29 11:19:39 - mkk_comic - app.py:587 - INFO - 正在下载第 018/020 页...
2026-03-29 11:19:39 - mkk_comic - app.py:587 - INFO - 正在下载第 019/020 页...
2026-03-29 11:19:40 - mkk_comic - app.py:587 - INFO - 正在下载第 020/020 页...
2026-03-29 11:19:40 - mkk_comic - app.py:511 - INFO - 下载完成!
2026-03-29 11:19:40 - mkk_comic - app.py:512 - INFO - 成功下载: 20/20 页
2026-03-29 11:19:40 - mkk_comic - app.py:523 - INFO - 章节下载完成，等待 9.3 秒后继续...
2026-03-29 11:19:50 - mkk_comic - app.py:494 - INFO - 正在下载第21章: 第21话    UUID:f61fa094-eac0-11e9-b52d-00163e0ca5bd
2026-03-29 11:19:51 - mkk_comic - app.py:502 - INFO - 创建目录: ./out/魔都精兵的奴隸/第21话
2026-03-29 11:19:51 - mkk_comic - app.py:505 - INFO - 开始下载: 魔都精兵的奴隸 - 第21话
2026-03-29 11:19:51 - mkk_comic - app.py:506 - INFO - 总页数: 17
2026-03-29 11:19:51 - mkk_comic - app.py:587 - INFO - 正在下载第 001/017 页...
2026-03-29 11:19:51 - mkk_comic - app.py:587 - INFO - 正在下载第 002/017 页...
2026-03-29 11:19:51 - mkk_comic - app.py:587 - INFO - 正在下载第 003/017 页...
2026-03-29 11:19:51 - mkk_comic - app.py:587 - INFO - 正在下载第 004/017 页...
2026-03-29 11:19:51 - mkk_comic - app.py:587 - INFO - 正在下载第 005/017 页...
2026-03-29 11:19:51 - mkk_comic - app.py:587 - INFO - 正在下载第 006/017 页...
2026-03-29 11:19:51 - mkk_comic - app.py:587 - INFO - 正在下载第 007/017 页...
2026-03-29 11:19:51 - mkk_comic - app.py:587 - INFO - 正在下载第 008/017 页...
2026-03-29 11:19:51 - mkk_comic - app.py:587 - INFO - 正在下载第 009/017 页...
2026-03-29 11:19:51 - mkk_comic - app.py:587 - INFO - 正在下载第 010/017 页...
2026-03-29 11:19:51 - mkk_comic - app.py:587 - INFO - 正在下载第 011/017 页...
2026-03-29 11:19:51 - mkk_comic - app.py:587 - INFO - 正在下载第 012/017 页...
2026-03-29 11:19:51 - mkk_comic - app.py:587 - INFO - 正在下载第 013/017 页...
2026-03-29 11:19:51 - mkk_comic - app.py:587 - INFO - 正在下载第 014/017 页...
2026-03-29 11:19:51 - mkk_comic - app.py:587 - INFO - 正在下载第 015/017 页...
2026-03-29 11:19:51 - mkk_comic - app.py:587 - INFO - 正在下载第 016/017 页...
2026-03-29 11:19:51 - mkk_comic - app.py:587 - INFO - 正在下载第 017/017 页...
2026-03-29 11:19:52 - mkk_comic - app.py:511 - INFO - 下载完成!
2026-03-29 11:19:52 - mkk_comic - app.py:512 - INFO - 成功下载: 17/17 页
2026-03-29 11:19:52 - mkk_comic - app.py:523 - INFO - 章节下载完成，等待 7.8 秒后继续...
2026-03-29 11:20:00 - mkk_comic - app.py:494 - INFO - 正在下载第22章: 第22话    UUID:f61fcb1e-eac0-11e9-b52d-00163e0ca5bd
2026-03-29 11:20:01 - mkk_comic - app.py:502 - INFO - 创建目录: ./out/魔都精兵的奴隸/第22话
2026-03-29 11:20:01 - mkk_comic - app.py:505 - INFO - 开始下载: 魔都精兵的奴隸 - 第22话
2026-03-29 11:20:01 - mkk_comic - app.py:506 - INFO - 总页数: 17
2026-03-29 11:20:01 - mkk_comic - app.py:587 - INFO - 正在下载第 001/017 页...
2026-03-29 11:20:01 - mkk_comic - app.py:587 - INFO - 正在下载第 002/017 页...
2026-03-29 11:20:01 - mkk_comic - app.py:587 - INFO - 正在下载第 003/017 页...
2026-03-29 11:20:01 - mkk_comic - app.py:587 - INFO - 正在下载第 004/017 页...
2026-03-29 11:20:01 - mkk_comic - app.py:587 - INFO - 正在下载第 005/017 页...
2026-03-29 11:20:01 - mkk_comic - app.py:587 - INFO - 正在下载第 006/017 页...
2026-03-29 11:20:01 - mkk_comic - app.py:587 - INFO - 正在下载第 007/017 页...
2026-03-29 11:20:01 - mkk_comic - app.py:587 - INFO - 正在下载第 008/017 页...
2026-03-29 11:20:01 - mkk_comic - app.py:587 - INFO - 正在下载第 009/017 页...
2026-03-29 11:20:01 - mkk_comic - app.py:587 - INFO - 正在下载第 010/017 页...
2026-03-29 11:20:01 - mkk_comic - app.py:587 - INFO - 正在下载第 011/017 页...
2026-03-29 11:20:01 - mkk_comic - app.py:587 - INFO - 正在下载第 012/017 页...
2026-03-29 11:20:01 - mkk_comic - app.py:587 - INFO - 正在下载第 013/017 页...
2026-03-29 11:20:01 - mkk_comic - app.py:587 - INFO - 正在下载第 014/017 页...
2026-03-29 11:20:01 - mkk_comic - app.py:587 - INFO - 正在下载第 015/017 页...
2026-03-29 11:20:01 - mkk_comic - app.py:587 - INFO - 正在下载第 016/017 页...
2026-03-29 11:20:01 - mkk_comic - app.py:587 - INFO - 正在下载第 017/017 页...
2026-03-29 11:20:01 - mkk_comic - app.py:511 - INFO - 下载完成!
2026-03-29 11:20:01 - mkk_comic - app.py:512 - INFO - 成功下载: 17/17 页
2026-03-29 11:20:01 - mkk_comic - app.py:523 - INFO - 章节下载完成，等待 6.0 秒后继续...
2026-03-29 11:20:08 - mkk_comic - app.py:494 - INFO - 正在下载第23章: 第23话    UUID:7816dba2-f41d-11e9-bc16-00163e0ca5bd
2026-03-29 11:20:09 - mkk_comic - app.py:502 - INFO - 创建目录: ./out/魔都精兵的奴隸/第23话
2026-03-29 11:20:09 - mkk_comic - app.py:505 - INFO - 开始下载: 魔都精兵的奴隸 - 第23话
2026-03-29 11:20:09 - mkk_comic - app.py:506 - INFO - 总页数: 17
2026-03-29 11:20:09 - mkk_comic - app.py:587 - INFO - 正在下载第 001/017 页...
2026-03-29 11:20:09 - mkk_comic - app.py:587 - INFO - 正在下载第 002/017 页...
2026-03-29 11:20:09 - mkk_comic - app.py:587 - INFO - 正在下载第 003/017 页...
2026-03-29 11:20:09 - mkk_comic - app.py:587 - INFO - 正在下载第 004/017 页...
2026-03-29 11:20:09 - mkk_comic - app.py:587 - INFO - 正在下载第 005/017 页...
2026-03-29 11:20:09 - mkk_comic - app.py:587 - INFO - 正在下载第 006/017 页...
2026-03-29 11:20:09 - mkk_comic - app.py:587 - INFO - 正在下载第 007/017 页...
2026-03-29 11:20:09 - mkk_comic - app.py:587 - INFO - 正在下载第 008/017 页...
2026-03-29 11:20:09 - mkk_comic - app.py:587 - INFO - 正在下载第 009/017 页...
2026-03-29 11:20:09 - mkk_comic - app.py:587 - INFO - 正在下载第 010/017 页...
2026-03-29 11:20:09 - mkk_comic - app.py:587 - INFO - 正在下载第 011/017 页...
2026-03-29 11:20:09 - mkk_comic - app.py:587 - INFO - 正在下载第 012/017 页...
2026-03-29 11:20:09 - mkk_comic - app.py:587 - INFO - 正在下载第 013/017 页...
2026-03-29 11:20:09 - mkk_comic - app.py:587 - INFO - 正在下载第 014/017 页...
2026-03-29 11:20:09 - mkk_comic - app.py:587 - INFO - 正在下载第 015/017 页...
2026-03-29 11:20:09 - mkk_comic - app.py:587 - INFO - 正在下载第 016/017 页...
2026-03-29 11:20:09 - mkk_comic - app.py:587 - INFO - 正在下载第 017/017 页...
2026-03-29 11:20:09 - mkk_comic - app.py:511 - INFO - 下载完成!
2026-03-29 11:20:09 - mkk_comic - app.py:512 - INFO - 成功下载: 17/17 页
2026-03-29 11:20:09 - mkk_comic - app.py:523 - INFO - 章节下载完成，等待 5.6 秒后继续...
2026-03-29 11:20:16 - mkk_comic - app.py:494 - INFO - 正在下载第24章: 第24话    UUID:9e53a282-fe63-11e9-aac8-00163e0ca5bd
2026-03-29 11:20:16 - mkk_comic - app.py:502 - INFO - 创建目录: ./out/魔都精兵的奴隸/第24话
2026-03-29 11:20:16 - mkk_comic - app.py:505 - INFO - 开始下载: 魔都精兵的奴隸 - 第24话
2026-03-29 11:20:16 - mkk_comic - app.py:506 - INFO - 总页数: 17
2026-03-29 11:20:16 - mkk_comic - app.py:587 - INFO - 正在下载第 001/017 页...
2026-03-29 11:20:16 - mkk_comic - app.py:587 - INFO - 正在下载第 002/017 页...
2026-03-29 11:20:16 - mkk_comic - app.py:587 - INFO - 正在下载第 003/017 页...
2026-03-29 11:20:16 - mkk_comic - app.py:587 - INFO - 正在下载第 004/017 页...
2026-03-29 11:20:16 - mkk_comic - app.py:587 - INFO - 正在下载第 005/017 页...
2026-03-29 11:20:17 - mkk_comic - app.py:587 - INFO - 正在下载第 006/017 页...
2026-03-29 11:20:17 - mkk_comic - app.py:587 - INFO - 正在下载第 007/017 页...
2026-03-29 11:20:17 - mkk_comic - app.py:587 - INFO - 正在下载第 008/017 页...
2026-03-29 11:20:17 - mkk_comic - app.py:587 - INFO - 正在下载第 009/017 页...
2026-03-29 11:20:17 - mkk_comic - app.py:587 - INFO - 正在下载第 010/017 页...
2026-03-29 11:20:17 - mkk_comic - app.py:587 - INFO - 正在下载第 011/017 页...
2026-03-29 11:20:17 - mkk_comic - app.py:587 - INFO - 正在下载第 012/017 页...
2026-03-29 11:20:17 - mkk_comic - app.py:587 - INFO - 正在下载第 013/017 页...
2026-03-29 11:20:17 - mkk_comic - app.py:587 - INFO - 正在下载第 014/017 页...
2026-03-29 11:20:17 - mkk_comic - app.py:587 - INFO - 正在下载第 015/017 页...
2026-03-29 11:20:17 - mkk_comic - app.py:587 - INFO - 正在下载第 016/017 页...
2026-03-29 11:20:17 - mkk_comic - app.py:587 - INFO - 正在下载第 017/017 页...
2026-03-29 11:20:17 - mkk_comic - app.py:511 - INFO - 下载完成!
2026-03-29 11:20:17 - mkk_comic - app.py:512 - INFO - 成功下载: 17/17 页
2026-03-29 11:20:17 - mkk_comic - app.py:523 - INFO - 章节下载完成，等待 8.6 秒后继续...
2026-03-29 11:20:26 - mkk_comic - app.py:494 - INFO - 正在下载第25章: 出张版    UUID:956b5976-0e17-11ea-b01f-00163e0ca5bd
2026-03-29 11:20:27 - mkk_comic - app.py:502 - INFO - 创建目录: ./out/魔都精兵的奴隸/出张版
2026-03-29 11:20:27 - mkk_comic - app.py:505 - INFO - 开始下载: 魔都精兵的奴隸 - 出张版
2026-03-29 11:20:27 - mkk_comic - app.py:506 - INFO - 总页数: 29
2026-03-29 11:20:27 - mkk_comic - app.py:587 - INFO - 正在下载第 001/029 页...
2026-03-29 11:20:27 - mkk_comic - app.py:587 - INFO - 正在下载第 002/029 页...
2026-03-29 11:20:27 - mkk_comic - app.py:587 - INFO - 正在下载第 003/029 页...
2026-03-29 11:20:27 - mkk_comic - app.py:587 - INFO - 正在下载第 004/029 页...
2026-03-29 11:20:27 - mkk_comic - app.py:587 - INFO - 正在下载第 005/029 页...
2026-03-29 11:20:27 - mkk_comic - app.py:587 - INFO - 正在下载第 006/029 页...
2026-03-29 11:20:27 - mkk_comic - app.py:587 - INFO - 正在下载第 007/029 页...
2026-03-29 11:20:27 - mkk_comic - app.py:587 - INFO - 正在下载第 008/029 页...
2026-03-29 11:20:27 - mkk_comic - app.py:587 - INFO - 正在下载第 009/029 页...
2026-03-29 11:20:27 - mkk_comic - app.py:587 - INFO - 正在下载第 010/029 页...
2026-03-29 11:20:27 - mkk_comic - app.py:587 - INFO - 正在下载第 011/029 页...
2026-03-29 11:20:27 - mkk_comic - app.py:587 - INFO - 正在下载第 012/029 页...
2026-03-29 11:20:27 - mkk_comic - app.py:587 - INFO - 正在下载第 013/029 页...
2026-03-29 11:20:27 - mkk_comic - app.py:587 - INFO - 正在下载第 014/029 页...
2026-03-29 11:20:27 - mkk_comic - app.py:587 - INFO - 正在下载第 015/029 页...
2026-03-29 11:20:27 - mkk_comic - app.py:587 - INFO - 正在下载第 016/029 页...
2026-03-29 11:20:27 - mkk_comic - app.py:587 - INFO - 正在下载第 017/029 页...
2026-03-29 11:20:27 - mkk_comic - app.py:587 - INFO - 正在下载第 018/029 页...
2026-03-29 11:20:27 - mkk_comic - app.py:587 - INFO - 正在下载第 019/029 页...
2026-03-29 11:20:27 - mkk_comic - app.py:587 - INFO - 正在下载第 020/029 页...
2026-03-29 11:20:28 - mkk_comic - app.py:587 - INFO - 正在下载第 021/029 页...
2026-03-29 11:20:28 - mkk_comic - app.py:587 - INFO - 正在下载第 022/029 页...
2026-03-29 11:20:28 - mkk_comic - app.py:587 - INFO - 正在下载第 023/029 页...
2026-03-29 11:20:28 - mkk_comic - app.py:587 - INFO - 正在下载第 024/029 页...
2026-03-29 11:20:28 - mkk_comic - app.py:587 - INFO - 正在下载第 025/029 页...
2026-03-29 11:20:28 - mkk_comic - app.py:587 - INFO - 正在下载第 026/029 页...
2026-03-29 11:20:28 - mkk_comic - app.py:587 - INFO - 正在下载第 027/029 页...
2026-03-29 11:20:28 - mkk_comic - app.py:587 - INFO - 正在下载第 028/029 页...
2026-03-29 11:20:28 - mkk_comic - app.py:587 - INFO - 正在下载第 029/029 页...
2026-03-29 11:20:28 - mkk_comic - app.py:511 - INFO - 下载完成!
2026-03-29 11:20:28 - mkk_comic - app.py:512 - INFO - 成功下载: 29/29 页
2026-03-29 11:20:28 - mkk_comic - app.py:523 - INFO - 章节下载完成，等待 5.2 秒后继续...
2026-03-29 11:20:34 - mkk_comic - app.py:494 - INFO - 正在下载第26章: 第25话    UUID:6ef0f984-234f-11ea-854d-00163e0ca5bd
2026-03-29 11:20:35 - mkk_comic - app.py:502 - INFO - 创建目录: ./out/魔都精兵的奴隸/第25话
2026-03-29 11:20:35 - mkk_comic - app.py:505 - INFO - 开始下载: 魔都精兵的奴隸 - 第25话
2026-03-29 11:20:35 - mkk_comic - app.py:506 - INFO - 总页数: 22
2026-03-29 11:20:35 - mkk_comic - app.py:587 - INFO - 正在下载第 001/022 页...
2026-03-29 11:20:35 - mkk_comic - app.py:587 - INFO - 正在下载第 002/022 页...
2026-03-29 11:20:35 - mkk_comic - app.py:587 - INFO - 正在下载第 003/022 页...
2026-03-29 11:20:35 - mkk_comic - app.py:587 - INFO - 正在下载第 004/022 页...
2026-03-29 11:20:35 - mkk_comic - app.py:587 - INFO - 正在下载第 005/022 页...
2026-03-29 11:20:35 - mkk_comic - app.py:587 - INFO - 正在下载第 006/022 页...
2026-03-29 11:20:35 - mkk_comic - app.py:587 - INFO - 正在下载第 007/022 页...
2026-03-29 11:20:35 - mkk_comic - app.py:587 - INFO - 正在下载第 008/022 页...
2026-03-29 11:20:35 - mkk_comic - app.py:587 - INFO - 正在下载第 009/022 页...
2026-03-29 11:20:35 - mkk_comic - app.py:587 - INFO - 正在下载第 010/022 页...
2026-03-29 11:20:35 - mkk_comic - app.py:587 - INFO - 正在下载第 011/022 页...
2026-03-29 11:20:35 - mkk_comic - app.py:587 - INFO - 正在下载第 012/022 页...
2026-03-29 11:20:35 - mkk_comic - app.py:587 - INFO - 正在下载第 013/022 页...
2026-03-29 11:20:35 - mkk_comic - app.py:587 - INFO - 正在下载第 014/022 页...
2026-03-29 11:20:35 - mkk_comic - app.py:587 - INFO - 正在下载第 015/022 页...
2026-03-29 11:20:35 - mkk_comic - app.py:587 - INFO - 正在下载第 016/022 页...
2026-03-29 11:20:35 - mkk_comic - app.py:587 - INFO - 正在下载第 017/022 页...
2026-03-29 11:20:35 - mkk_comic - app.py:587 - INFO - 正在下载第 018/022 页...
2026-03-29 11:20:35 - mkk_comic - app.py:587 - INFO - 正在下载第 019/022 页...
2026-03-29 11:20:35 - mkk_comic - app.py:587 - INFO - 正在下载第 020/022 页...
2026-03-29 11:20:35 - mkk_comic - app.py:587 - INFO - 正在下载第 021/022 页...
2026-03-29 11:20:35 - mkk_comic - app.py:587 - INFO - 正在下载第 022/022 页...
2026-03-29 11:20:35 - mkk_comic - app.py:511 - INFO - 下载完成!
2026-03-29 11:20:35 - mkk_comic - app.py:512 - INFO - 成功下载: 22/22 页
2026-03-29 11:20:35 - mkk_comic - app.py:523 - INFO - 章节下载完成，等待 6.0 秒后继续...
2026-03-29 11:20:42 - mkk_comic - app.py:494 - INFO - 正在下载第27章: 第26话    UUID:554b911e-2a62-11ea-9c7a-00163e0ca5bd
2026-03-29 11:20:43 - mkk_comic - app.py:502 - INFO - 创建目录: ./out/魔都精兵的奴隸/第26话
2026-03-29 11:20:43 - mkk_comic - app.py:505 - INFO - 开始下载: 魔都精兵的奴隸 - 第26话
2026-03-29 11:20:43 - mkk_comic - app.py:506 - INFO - 总页数: 21
2026-03-29 11:20:43 - mkk_comic - app.py:587 - INFO - 正在下载第 001/021 页...
2026-03-29 11:20:43 - mkk_comic - app.py:587 - INFO - 正在下载第 002/021 页...
2026-03-29 11:20:43 - mkk_comic - app.py:587 - INFO - 正在下载第 003/021 页...
2026-03-29 11:20:43 - mkk_comic - app.py:587 - INFO - 正在下载第 004/021 页...
2026-03-29 11:20:43 - mkk_comic - app.py:587 - INFO - 正在下载第 005/021 页...
2026-03-29 11:20:43 - mkk_comic - app.py:587 - INFO - 正在下载第 006/021 页...
2026-03-29 11:20:43 - mkk_comic - app.py:587 - INFO - 正在下载第 007/021 页...
2026-03-29 11:20:43 - mkk_comic - app.py:587 - INFO - 正在下载第 008/021 页...
2026-03-29 11:20:43 - mkk_comic - app.py:587 - INFO - 正在下载第 009/021 页...
2026-03-29 11:20:43 - mkk_comic - app.py:587 - INFO - 正在下载第 010/021 页...
2026-03-29 11:20:43 - mkk_comic - app.py:587 - INFO - 正在下载第 011/021 页...
2026-03-29 11:20:43 - mkk_comic - app.py:587 - INFO - 正在下载第 012/021 页...
2026-03-29 11:20:43 - mkk_comic - app.py:587 - INFO - 正在下载第 013/021 页...
2026-03-29 11:20:43 - mkk_comic - app.py:587 - INFO - 正在下载第 014/021 页...
2026-03-29 11:20:43 - mkk_comic - app.py:587 - INFO - 正在下载第 015/021 页...
2026-03-29 11:20:43 - mkk_comic - app.py:587 - INFO - 正在下载第 016/021 页...
2026-03-29 11:20:43 - mkk_comic - app.py:587 - INFO - 正在下载第 017/021 页...
2026-03-29 11:20:43 - mkk_comic - app.py:587 - INFO - 正在下载第 018/021 页...
2026-03-29 11:20:43 - mkk_comic - app.py:587 - INFO - 正在下载第 019/021 页...
2026-03-29 11:20:43 - mkk_comic - app.py:587 - INFO - 正在下载第 020/021 页...
2026-03-29 11:20:43 - mkk_comic - app.py:587 - INFO - 正在下载第 021/021 页...
2026-03-29 11:20:43 - mkk_comic - app.py:511 - INFO - 下载完成!
2026-03-29 11:20:43 - mkk_comic - app.py:512 - INFO - 成功下载: 21/21 页
2026-03-29 11:20:43 - mkk_comic - app.py:523 - INFO - 章节下载完成，等待 7.8 秒后继续...
2026-03-29 11:20:52 - mkk_comic - app.py:494 - INFO - 正在下载第28章: 第27话    UUID:faa4a304-3565-11ea-816a-00163e0ca5bd
2026-03-29 11:20:53 - mkk_comic - app.py:502 - INFO - 创建目录: ./out/魔都精兵的奴隸/第27话
2026-03-29 11:20:53 - mkk_comic - app.py:505 - INFO - 开始下载: 魔都精兵的奴隸 - 第27话
2026-03-29 11:20:53 - mkk_comic - app.py:506 - INFO - 总页数: 21
2026-03-29 11:20:53 - mkk_comic - app.py:587 - INFO - 正在下载第 001/021 页...
2026-03-29 11:20:53 - mkk_comic - app.py:587 - INFO - 正在下载第 002/021 页...
2026-03-29 11:20:53 - mkk_comic - app.py:587 - INFO - 正在下载第 003/021 页...
2026-03-29 11:20:53 - mkk_comic - app.py:587 - INFO - 正在下载第 004/021 页...
2026-03-29 11:20:53 - mkk_comic - app.py:587 - INFO - 正在下载第 005/021 页...
2026-03-29 11:20:53 - mkk_comic - app.py:587 - INFO - 正在下载第 006/021 页...
2026-03-29 11:20:53 - mkk_comic - app.py:587 - INFO - 正在下载第 007/021 页...
2026-03-29 11:20:53 - mkk_comic - app.py:587 - INFO - 正在下载第 008/021 页...
2026-03-29 11:20:53 - mkk_comic - app.py:587 - INFO - 正在下载第 009/021 页...
2026-03-29 11:20:53 - mkk_comic - app.py:587 - INFO - 正在下载第 010/021 页...
2026-03-29 11:20:53 - mkk_comic - app.py:587 - INFO - 正在下载第 011/021 页...
2026-03-29 11:20:53 - mkk_comic - app.py:587 - INFO - 正在下载第 012/021 页...
2026-03-29 11:20:53 - mkk_comic - app.py:587 - INFO - 正在下载第 013/021 页...
2026-03-29 11:20:53 - mkk_comic - app.py:587 - INFO - 正在下载第 014/021 页...
2026-03-29 11:20:53 - mkk_comic - app.py:587 - INFO - 正在下载第 015/021 页...
2026-03-29 11:20:53 - mkk_comic - app.py:587 - INFO - 正在下载第 016/021 页...
2026-03-29 11:20:53 - mkk_comic - app.py:587 - INFO - 正在下载第 017/021 页...
2026-03-29 11:20:53 - mkk_comic - app.py:587 - INFO - 正在下载第 018/021 页...
2026-03-29 11:20:53 - mkk_comic - app.py:587 - INFO - 正在下载第 019/021 页...
2026-03-29 11:20:53 - mkk_comic - app.py:587 - INFO - 正在下载第 020/021 页...
2026-03-29 11:20:53 - mkk_comic - app.py:587 - INFO - 正在下载第 021/021 页...
2026-03-29 11:20:53 - mkk_comic - app.py:511 - INFO - 下载完成!
2026-03-29 11:20:53 - mkk_comic - app.py:512 - INFO - 成功下载: 21/21 页
2026-03-29 11:20:53 - mkk_comic - app.py:523 - INFO - 章节下载完成，等待 6.7 秒后继续...
2026-03-29 11:21:01 - mkk_comic - app.py:494 - INFO - 正在下载第29章: 第28话    UUID:343bfea2-3e10-11ea-8a89-00163e0ca5bd
2026-03-29 11:21:02 - mkk_comic - app.py:502 - INFO - 创建目录: ./out/魔都精兵的奴隸/第28话
2026-03-29 11:21:02 - mkk_comic - app.py:505 - INFO - 开始下载: 魔都精兵的奴隸 - 第28话
2026-03-29 11:21:02 - mkk_comic - app.py:506 - INFO - 总页数: 21
2026-03-29 11:21:02 - mkk_comic - app.py:587 - INFO - 正在下载第 001/021 页...
2026-03-29 11:21:02 - mkk_comic - app.py:587 - INFO - 正在下载第 002/021 页...
2026-03-29 11:21:02 - mkk_comic - app.py:587 - INFO - 正在下载第 003/021 页...
2026-03-29 11:21:02 - mkk_comic - app.py:587 - INFO - 正在下载第 004/021 页...
2026-03-29 11:21:02 - mkk_comic - app.py:587 - INFO - 正在下载第 005/021 页...
2026-03-29 11:21:02 - mkk_comic - app.py:587 - INFO - 正在下载第 006/021 页...
2026-03-29 11:21:02 - mkk_comic - app.py:587 - INFO - 正在下载第 007/021 页...
2026-03-29 11:21:02 - mkk_comic - app.py:587 - INFO - 正在下载第 008/021 页...
2026-03-29 11:21:02 - mkk_comic - app.py:587 - INFO - 正在下载第 009/021 页...
2026-03-29 11:21:02 - mkk_comic - app.py:587 - INFO - 正在下载第 010/021 页...
2026-03-29 11:21:02 - mkk_comic - app.py:587 - INFO - 正在下载第 011/021 页...
2026-03-29 11:21:02 - mkk_comic - app.py:587 - INFO - 正在下载第 012/021 页...
2026-03-29 11:21:02 - mkk_comic - app.py:587 - INFO - 正在下载第 013/021 页...
2026-03-29 11:21:02 - mkk_comic - app.py:587 - INFO - 正在下载第 014/021 页...
2026-03-29 11:21:02 - mkk_comic - app.py:587 - INFO - 正在下载第 015/021 页...
2026-03-29 11:21:02 - mkk_comic - app.py:587 - INFO - 正在下载第 016/021 页...
2026-03-29 11:21:02 - mkk_comic - app.py:587 - INFO - 正在下载第 017/021 页...
2026-03-29 11:21:02 - mkk_comic - app.py:587 - INFO - 正在下载第 018/021 页...
2026-03-29 11:21:02 - mkk_comic - app.py:587 - INFO - 正在下载第 019/021 页...
2026-03-29 11:21:02 - mkk_comic - app.py:587 - INFO - 正在下载第 020/021 页...
2026-03-29 11:21:02 - mkk_comic - app.py:587 - INFO - 正在下载第 021/021 页...
2026-03-29 11:21:02 - mkk_comic - app.py:511 - INFO - 下载完成!
2026-03-29 11:21:02 - mkk_comic - app.py:512 - INFO - 成功下载: 21/21 页
2026-03-29 11:21:02 - mkk_comic - app.py:523 - INFO - 章节下载完成，等待 7.8 秒后继续...
2026-03-29 11:21:11 - mkk_comic - app.py:494 - INFO - 正在下载第30章: 第29话    UUID:7db8bdcc-4a9a-11ea-a36e-00163e0ca5bd
2026-03-29 11:21:11 - mkk_comic - app.py:502 - INFO - 创建目录: ./out/魔都精兵的奴隸/第29话
2026-03-29 11:21:11 - mkk_comic - app.py:505 - INFO - 开始下载: 魔都精兵的奴隸 - 第29话
2026-03-29 11:21:11 - mkk_comic - app.py:506 - INFO - 总页数: 20
2026-03-29 11:21:11 - mkk_comic - app.py:587 - INFO - 正在下载第 001/020 页...
2026-03-29 11:21:11 - mkk_comic - app.py:587 - INFO - 正在下载第 002/020 页...
2026-03-29 11:21:11 - mkk_comic - app.py:587 - INFO - 正在下载第 003/020 页...
2026-03-29 11:21:11 - mkk_comic - app.py:587 - INFO - 正在下载第 004/020 页...
2026-03-29 11:21:11 - mkk_comic - app.py:587 - INFO - 正在下载第 005/020 页...
2026-03-29 11:21:12 - mkk_comic - app.py:587 - INFO - 正在下载第 006/020 页...
2026-03-29 11:21:12 - mkk_comic - app.py:587 - INFO - 正在下载第 007/020 页...
2026-03-29 11:21:12 - mkk_comic - app.py:587 - INFO - 正在下载第 008/020 页...
2026-03-29 11:21:12 - mkk_comic - app.py:587 - INFO - 正在下载第 009/020 页...
2026-03-29 11:21:12 - mkk_comic - app.py:587 - INFO - 正在下载第 010/020 页...
2026-03-29 11:21:12 - mkk_comic - app.py:587 - INFO - 正在下载第 011/020 页...
2026-03-29 11:21:12 - mkk_comic - app.py:587 - INFO - 正在下载第 012/020 页...
2026-03-29 11:21:12 - mkk_comic - app.py:587 - INFO - 正在下载第 013/020 页...
2026-03-29 11:21:12 - mkk_comic - app.py:587 - INFO - 正在下载第 014/020 页...
2026-03-29 11:21:12 - mkk_comic - app.py:587 - INFO - 正在下载第 015/020 页...
2026-03-29 11:21:12 - mkk_comic - app.py:587 - INFO - 正在下载第 016/020 页...
2026-03-29 11:21:12 - mkk_comic - app.py:587 - INFO - 正在下载第 017/020 页...
2026-03-29 11:21:12 - mkk_comic - app.py:587 - INFO - 正在下载第 018/020 页...
2026-03-29 11:21:12 - mkk_comic - app.py:587 - INFO - 正在下载第 019/020 页...
2026-03-29 11:21:12 - mkk_comic - app.py:587 - INFO - 正在下载第 020/020 页...
2026-03-29 11:21:12 - mkk_comic - app.py:511 - INFO - 下载完成!
2026-03-29 11:21:12 - mkk_comic - app.py:512 - INFO - 成功下载: 20/20 页
2026-03-29 11:21:12 - mkk_comic - app.py:523 - INFO - 章节下载完成，等待 9.5 秒后继续...
2026-03-29 11:21:21 - mkk_comic - app.py:863 - INFO - ===== 检查更新完成 =====

