2026-03-21 03:39:00 - mkk_comic - app.py:868 - INFO - 运行环境：GitHub Actions（自动化模式）
2026-03-21 03:39:00 - mkk_comic - app.py:825 - INFO - ===== 开始检查更新=====
2026-03-21 03:39:00 - mkk_comic - app.py:843 - INFO - 【海贼王】上次下载至第319章
2026-03-21 03:39:00 - mkk_comic - app.py:850 - INFO - 【海贼王】检测到更新！最新：381章
2026-03-21 03:39:00 - mkk_comic - app.py:853 - INFO - 【海贼王】最大下载限制为10章-需下载320~329章）
2026-03-21 03:39:01 - mkk_comic - app.py:494 - INFO - 正在下载第320章: 第1115话    UUID:ee598112-1c08-11ef-8a65-3f487b7d9a9a
2026-03-21 03:39:02 - mkk_comic - app.py:502 - INFO - 创建目录: ./out/海贼王/第1115话
2026-03-21 03:39:02 - mkk_comic - app.py:505 - INFO - 开始下载: 海贼王 - 第1115话
2026-03-21 03:39:02 - mkk_comic - app.py:506 - INFO - 总页数: 17
2026-03-21 03:39:02 - mkk_comic - app.py:587 - INFO - 正在下载第 001/017 页...
2026-03-21 03:39:02 - mkk_comic - app.py:587 - INFO - 正在下载第 002/017 页...
2026-03-21 03:39:02 - mkk_comic - app.py:587 - INFO - 正在下载第 003/017 页...
2026-03-21 03:39:02 - mkk_comic - app.py:587 - INFO - 正在下载第 004/017 页...
2026-03-21 03:39:02 - mkk_comic - app.py:587 - INFO - 正在下载第 005/017 页...
2026-03-21 03:39:02 - mkk_comic - app.py:587 - INFO - 正在下载第 006/017 页...
2026-03-21 03:39:02 - mkk_comic - app.py:587 - INFO - 正在下载第 007/017 页...
2026-03-21 03:39:02 - mkk_comic - app.py:587 - INFO - 正在下载第 008/017 页...
2026-03-21 03:39:02 - mkk_comic - app.py:587 - INFO - 正在下载第 009/017 页...
2026-03-21 03:39:02 - mkk_comic - app.py:587 - INFO - 正在下载第 010/017 页...
2026-03-21 03:39:02 - mkk_comic - app.py:587 - INFO - 正在下载第 011/017 页...
2026-03-21 03:39:02 - mkk_comic - app.py:587 - INFO - 正在下载第 012/017 页...
2026-03-21 03:39:02 - mkk_comic - app.py:587 - INFO - 正在下载第 013/017 页...
2026-03-21 03:39:02 - mkk_comic - app.py:587 - INFO - 正在下载第 014/017 页...
2026-03-21 03:39:03 - mkk_comic - app.py:587 - INFO - 正在下载第 015/017 页...
2026-03-21 03:39:03 - mkk_comic - app.py:587 - INFO - 正在下载第 016/017 页...
2026-03-21 03:39:03 - mkk_comic - app.py:587 - INFO - 正在下载第 017/017 页...
2026-03-21 03:39:03 - mkk_comic - app.py:511 - INFO - 下载完成!
2026-03-21 03:39:03 - mkk_comic - app.py:512 - INFO - 成功下载: 17/17 页
2026-03-21 03:39:03 - mkk_comic - app.py:523 - INFO - 章节下载完成，等待 5.2 秒后继续...
2026-03-21 03:39:09 - mkk_comic - app.py:494 - INFO - 正在下载第321章: 第1116话    UUID:841ce49c-2248-11ef-8d35-3f487b7d9a9a
2026-03-21 03:39:10 - mkk_comic - app.py:502 - INFO - 创建目录: ./out/海贼王/第1116话
2026-03-21 03:39:10 - mkk_comic - app.py:505 - INFO - 开始下载: 海贼王 - 第1116话
2026-03-21 03:39:10 - mkk_comic - app.py:506 - INFO - 总页数: 13
2026-03-21 03:39:10 - mkk_comic - app.py:587 - INFO - 正在下载第 001/013 页...
2026-03-21 03:39:10 - mkk_comic - app.py:587 - INFO - 正在下载第 002/013 页...
2026-03-21 03:39:10 - mkk_comic - app.py:587 - INFO - 正在下载第 003/013 页...
2026-03-21 03:39:10 - mkk_comic - app.py:587 - INFO - 正在下载第 004/013 页...
2026-03-21 03:39:10 - mkk_comic - app.py:587 - INFO - 正在下载第 005/013 页...
2026-03-21 03:39:10 - mkk_comic - app.py:587 - INFO - 正在下载第 006/013 页...
2026-03-21 03:39:10 - mkk_comic - app.py:587 - INFO - 正在下载第 007/013 页...
2026-03-21 03:39:10 - mkk_comic - app.py:587 - INFO - 正在下载第 008/013 页...
2026-03-21 03:39:10 - mkk_comic - app.py:587 - INFO - 正在下载第 009/013 页...
2026-03-21 03:39:10 - mkk_comic - app.py:587 - INFO - 正在下载第 010/013 页...
2026-03-21 03:39:10 - mkk_comic - app.py:587 - INFO - 正在下载第 011/013 页...
2026-03-21 03:39:10 - mkk_comic - app.py:587 - INFO - 正在下载第 012/013 页...
2026-03-21 03:39:10 - mkk_comic - app.py:587 - INFO - 正在下载第 013/013 页...
2026-03-21 03:39:10 - mkk_comic - app.py:511 - INFO - 下载完成!
2026-03-21 03:39:10 - mkk_comic - app.py:512 - INFO - 成功下载: 13/13 页
2026-03-21 03:39:10 - mkk_comic - app.py:523 - INFO - 章节下载完成，等待 9.7 秒后继续...
2026-03-21 03:39:21 - mkk_comic - app.py:494 - INFO - 正在下载第322章: 第1117话    UUID:352026e2-2d6a-11ef-92d7-3f487b7d9a9a
2026-03-21 03:39:21 - mkk_comic - app.py:502 - INFO - 创建目录: ./out/海贼王/第1117话
2026-03-21 03:39:21 - mkk_comic - app.py:505 - INFO - 开始下载: 海贼王 - 第1117话
2026-03-21 03:39:21 - mkk_comic - app.py:506 - INFO - 总页数: 17
2026-03-21 03:39:21 - mkk_comic - app.py:587 - INFO - 正在下载第 001/017 页...
2026-03-21 03:39:21 - mkk_comic - app.py:587 - INFO - 正在下载第 002/017 页...
2026-03-21 03:39:21 - mkk_comic - app.py:587 - INFO - 正在下载第 003/017 页...
2026-03-21 03:39:21 - mkk_comic - app.py:587 - INFO - 正在下载第 004/017 页...
2026-03-21 03:39:21 - mkk_comic - app.py:587 - INFO - 正在下载第 005/017 页...
2026-03-21 03:39:21 - mkk_comic - app.py:587 - INFO - 正在下载第 006/017 页...
2026-03-21 03:39:21 - mkk_comic - app.py:587 - INFO - 正在下载第 007/017 页...
2026-03-21 03:39:21 - mkk_comic - app.py:587 - INFO - 正在下载第 008/017 页...
2026-03-21 03:39:22 - mkk_comic - app.py:587 - INFO - 正在下载第 009/017 页...
2026-03-21 03:39:22 - mkk_comic - app.py:587 - INFO - 正在下载第 010/017 页...
2026-03-21 03:39:22 - mkk_comic - app.py:587 - INFO - 正在下载第 011/017 页...
2026-03-21 03:39:22 - mkk_comic - app.py:587 - INFO - 正在下载第 012/017 页...
2026-03-21 03:39:22 - mkk_comic - app.py:587 - INFO - 正在下载第 013/017 页...
2026-03-21 03:39:22 - mkk_comic - app.py:587 - INFO - 正在下载第 014/017 页...
2026-03-21 03:39:22 - mkk_comic - app.py:587 - INFO - 正在下载第 015/017 页...
2026-03-21 03:39:22 - mkk_comic - app.py:587 - INFO - 正在下载第 016/017 页...
2026-03-21 03:39:22 - mkk_comic - app.py:587 - INFO - 正在下载第 017/017 页...
2026-03-21 03:39:22 - mkk_comic - app.py:511 - INFO - 下载完成!
2026-03-21 03:39:22 - mkk_comic - app.py:512 - INFO - 成功下载: 17/17 页
2026-03-21 03:39:22 - mkk_comic - app.py:523 - INFO - 章节下载完成，等待 6.4 秒后继续...
2026-03-21 03:39:29 - mkk_comic - app.py:494 - INFO - 正在下载第323章: 第1118话    UUID:3499bad2-31f5-11ef-93e7-3f487b7d9a9a
2026-03-21 03:39:30 - mkk_comic - app.py:502 - INFO - 创建目录: ./out/海贼王/第1118话
2026-03-21 03:39:30 - mkk_comic - app.py:505 - INFO - 开始下载: 海贼王 - 第1118话
2026-03-21 03:39:30 - mkk_comic - app.py:506 - INFO - 总页数: 13
2026-03-21 03:39:30 - mkk_comic - app.py:587 - INFO - 正在下载第 001/013 页...
2026-03-21 03:39:30 - mkk_comic - app.py:587 - INFO - 正在下载第 002/013 页...
2026-03-21 03:39:30 - mkk_comic - app.py:587 - INFO - 正在下载第 003/013 页...
2026-03-21 03:39:30 - mkk_comic - app.py:587 - INFO - 正在下载第 004/013 页...
2026-03-21 03:39:30 - mkk_comic - app.py:587 - INFO - 正在下载第 005/013 页...
2026-03-21 03:39:30 - mkk_comic - app.py:587 - INFO - 正在下载第 006/013 页...
2026-03-21 03:39:30 - mkk_comic - app.py:587 - INFO - 正在下载第 007/013 页...
2026-03-21 03:39:30 - mkk_comic - app.py:587 - INFO - 正在下载第 008/013 页...
2026-03-21 03:39:30 - mkk_comic - app.py:587 - INFO - 正在下载第 009/013 页...
2026-03-21 03:39:30 - mkk_comic - app.py:587 - INFO - 正在下载第 010/013 页...
2026-03-21 03:39:30 - mkk_comic - app.py:587 - INFO - 正在下载第 011/013 页...
2026-03-21 03:39:30 - mkk_comic - app.py:587 - INFO - 正在下载第 012/013 页...
2026-03-21 03:39:30 - mkk_comic - app.py:587 - INFO - 正在下载第 013/013 页...
2026-03-21 03:39:32 - mkk_comic - app.py:511 - INFO - 下载完成!
2026-03-21 03:39:32 - mkk_comic - app.py:512 - INFO - 成功下载: 13/13 页
2026-03-21 03:39:32 - mkk_comic - app.py:523 - INFO - 章节下载完成，等待 8.9 秒后继续...
2026-03-21 03:39:41 - mkk_comic - app.py:494 - INFO - 正在下载第324章: 第1119话    UUID:40aa04ea-3870-11ef-9685-3f487b7d9a9a
2026-03-21 03:39:42 - mkk_comic - app.py:502 - INFO - 创建目录: ./out/海贼王/第1119话
2026-03-21 03:39:42 - mkk_comic - app.py:505 - INFO - 开始下载: 海贼王 - 第1119话
2026-03-21 03:39:42 - mkk_comic - app.py:506 - INFO - 总页数: 13
2026-03-21 03:39:42 - mkk_comic - app.py:587 - INFO - 正在下载第 001/013 页...
2026-03-21 03:39:42 - mkk_comic - app.py:587 - INFO - 正在下载第 002/013 页...
2026-03-21 03:39:42 - mkk_comic - app.py:587 - INFO - 正在下载第 003/013 页...
2026-03-21 03:39:42 - mkk_comic - app.py:587 - INFO - 正在下载第 004/013 页...
2026-03-21 03:39:42 - mkk_comic - app.py:587 - INFO - 正在下载第 005/013 页...
2026-03-21 03:39:42 - mkk_comic - app.py:587 - INFO - 正在下载第 006/013 页...
2026-03-21 03:39:42 - mkk_comic - app.py:587 - INFO - 正在下载第 007/013 页...
2026-03-21 03:39:42 - mkk_comic - app.py:587 - INFO - 正在下载第 008/013 页...
2026-03-21 03:39:42 - mkk_comic - app.py:587 - INFO - 正在下载第 009/013 页...
2026-03-21 03:39:42 - mkk_comic - app.py:587 - INFO - 正在下载第 010/013 页...
2026-03-21 03:39:42 - mkk_comic - app.py:587 - INFO - 正在下载第 011/013 页...
2026-03-21 03:39:42 - mkk_comic - app.py:587 - INFO - 正在下载第 012/013 页...
2026-03-21 03:39:42 - mkk_comic - app.py:587 - INFO - 正在下载第 013/013 页...
2026-03-21 03:39:42 - mkk_comic - app.py:511 - INFO - 下载完成!
2026-03-21 03:39:42 - mkk_comic - app.py:512 - INFO - 成功下载: 13/13 页
2026-03-21 03:39:42 - mkk_comic - app.py:523 - INFO - 章节下载完成，等待 9.4 秒后继续...
2026-03-21 03:39:53 - mkk_comic - app.py:494 - INFO - 正在下载第325章: 第1120话    UUID:575c033c-434c-11ef-9a65-3f487b7d9a9a
2026-03-21 03:39:53 - mkk_comic - app.py:502 - INFO - 创建目录: ./out/海贼王/第1120话
2026-03-21 03:39:53 - mkk_comic - app.py:505 - INFO - 开始下载: 海贼王 - 第1120话
2026-03-21 03:39:53 - mkk_comic - app.py:506 - INFO - 总页数: 19
2026-03-21 03:39:53 - mkk_comic - app.py:587 - INFO - 正在下载第 001/019 页...
2026-03-21 03:39:53 - mkk_comic - app.py:587 - INFO - 正在下载第 002/019 页...
2026-03-21 03:39:53 - mkk_comic - app.py:587 - INFO - 正在下载第 003/019 页...
2026-03-21 03:39:53 - mkk_comic - app.py:587 - INFO - 正在下载第 004/019 页...
2026-03-21 03:39:53 - mkk_comic - app.py:587 - INFO - 正在下载第 005/019 页...
2026-03-21 03:39:53 - mkk_comic - app.py:587 - INFO - 正在下载第 006/019 页...
2026-03-21 03:39:53 - mkk_comic - app.py:587 - INFO - 正在下载第 007/019 页...
2026-03-21 03:39:53 - mkk_comic - app.py:587 - INFO - 正在下载第 008/019 页...
2026-03-21 03:39:53 - mkk_comic - app.py:587 - INFO - 正在下载第 009/019 页...
2026-03-21 03:39:53 - mkk_comic - app.py:587 - INFO - 正在下载第 010/019 页...
2026-03-21 03:39:54 - mkk_comic - app.py:587 - INFO - 正在下载第 011/019 页...
2026-03-21 03:39:54 - mkk_comic - app.py:587 - INFO - 正在下载第 012/019 页...
2026-03-21 03:39:54 - mkk_comic - app.py:587 - INFO - 正在下载第 013/019 页...
2026-03-21 03:39:54 - mkk_comic - app.py:587 - INFO - 正在下载第 014/019 页...
2026-03-21 03:39:54 - mkk_comic - app.py:587 - INFO - 正在下载第 015/019 页...
2026-03-21 03:39:54 - mkk_comic - app.py:587 - INFO - 正在下载第 016/019 页...
2026-03-21 03:39:54 - mkk_comic - app.py:587 - INFO - 正在下载第 017/019 页...
2026-03-21 03:39:54 - mkk_comic - app.py:587 - INFO - 正在下载第 018/019 页...
2026-03-21 03:39:54 - mkk_comic - app.py:587 - INFO - 正在下载第 019/019 页...
2026-03-21 03:39:54 - mkk_comic - app.py:511 - INFO - 下载完成!
2026-03-21 03:39:54 - mkk_comic - app.py:512 - INFO - 成功下载: 19/19 页
2026-03-21 03:39:54 - mkk_comic - app.py:523 - INFO - 章节下载完成，等待 9.7 秒后继续...
2026-03-21 03:40:04 - mkk_comic - app.py:494 - INFO - 正在下载第326章: 第1121话    UUID:4ab52528-4801-11ef-9cbb-3f487b7d9a9a
2026-03-21 03:40:05 - mkk_comic - app.py:502 - INFO - 创建目录: ./out/海贼王/第1121话
2026-03-21 03:40:05 - mkk_comic - app.py:505 - INFO - 开始下载: 海贼王 - 第1121话
2026-03-21 03:40:05 - mkk_comic - app.py:506 - INFO - 总页数: 17
2026-03-21 03:40:05 - mkk_comic - app.py:587 - INFO - 正在下载第 001/017 页...
2026-03-21 03:40:05 - mkk_comic - app.py:587 - INFO - 正在下载第 002/017 页...
2026-03-21 03:40:05 - mkk_comic - app.py:587 - INFO - 正在下载第 003/017 页...
2026-03-21 03:40:05 - mkk_comic - app.py:587 - INFO - 正在下载第 004/017 页...
2026-03-21 03:40:05 - mkk_comic - app.py:587 - INFO - 正在下载第 005/017 页...
2026-03-21 03:40:05 - mkk_comic - app.py:587 - INFO - 正在下载第 006/017 页...
2026-03-21 03:40:05 - mkk_comic - app.py:587 - INFO - 正在下载第 007/017 页...
2026-03-21 03:40:05 - mkk_comic - app.py:587 - INFO - 正在下载第 008/017 页...
2026-03-21 03:40:05 - mkk_comic - app.py:587 - INFO - 正在下载第 009/017 页...
2026-03-21 03:40:05 - mkk_comic - app.py:587 - INFO - 正在下载第 010/017 页...
2026-03-21 03:40:05 - mkk_comic - app.py:587 - INFO - 正在下载第 011/017 页...
2026-03-21 03:40:05 - mkk_comic - app.py:587 - INFO - 正在下载第 012/017 页...
2026-03-21 03:40:05 - mkk_comic - app.py:587 - INFO - 正在下载第 013/017 页...
2026-03-21 03:40:05 - mkk_comic - app.py:587 - INFO - 正在下载第 014/017 页...
2026-03-21 03:40:05 - mkk_comic - app.py:587 - INFO - 正在下载第 015/017 页...
2026-03-21 03:40:06 - mkk_comic - app.py:587 - INFO - 正在下载第 016/017 页...
2026-03-21 03:40:06 - mkk_comic - app.py:587 - INFO - 正在下载第 017/017 页...
2026-03-21 03:40:06 - mkk_comic - app.py:511 - INFO - 下载完成!
2026-03-21 03:40:06 - mkk_comic - app.py:512 - INFO - 成功下载: 17/17 页
2026-03-21 03:40:06 - mkk_comic - app.py:523 - INFO - 章节下载完成，等待 8.2 秒后继续...
2026-03-21 03:40:14 - mkk_comic - app.py:494 - INFO - 正在下载第327章: 第1122话    UUID:cad3d33a-53b9-11ef-a49e-3f487b7d9a9a
2026-03-21 03:40:15 - mkk_comic - app.py:502 - INFO - 创建目录: ./out/海贼王/第1122话
2026-03-21 03:40:15 - mkk_comic - app.py:505 - INFO - 开始下载: 海贼王 - 第1122话
2026-03-21 03:40:15 - mkk_comic - app.py:506 - INFO - 总页数: 16
2026-03-21 03:40:15 - mkk_comic - app.py:587 - INFO - 正在下载第 001/016 页...
2026-03-21 03:40:15 - mkk_comic - app.py:587 - INFO - 正在下载第 002/016 页...
2026-03-21 03:40:15 - mkk_comic - app.py:587 - INFO - 正在下载第 003/016 页...
2026-03-21 03:40:15 - mkk_comic - app.py:587 - INFO - 正在下载第 004/016 页...
2026-03-21 03:40:15 - mkk_comic - app.py:587 - INFO - 正在下载第 005/016 页...
2026-03-21 03:40:15 - mkk_comic - app.py:587 - INFO - 正在下载第 006/016 页...
2026-03-21 03:40:15 - mkk_comic - app.py:587 - INFO - 正在下载第 007/016 页...
2026-03-21 03:40:15 - mkk_comic - app.py:587 - INFO - 正在下载第 008/016 页...
2026-03-21 03:40:15 - mkk_comic - app.py:587 - INFO - 正在下载第 009/016 页...
2026-03-21 03:40:15 - mkk_comic - app.py:587 - INFO - 正在下载第 010/016 页...
2026-03-21 03:40:15 - mkk_comic - app.py:587 - INFO - 正在下载第 011/016 页...
2026-03-21 03:40:15 - mkk_comic - app.py:587 - INFO - 正在下载第 012/016 页...
2026-03-21 03:40:16 - mkk_comic - app.py:587 - INFO - 正在下载第 013/016 页...
2026-03-21 03:40:16 - mkk_comic - app.py:587 - INFO - 正在下载第 014/016 页...
2026-03-21 03:40:16 - mkk_comic - app.py:587 - INFO - 正在下载第 015/016 页...
2026-03-21 03:40:16 - mkk_comic - app.py:587 - INFO - 正在下载第 016/016 页...
2026-03-21 03:40:16 - mkk_comic - app.py:511 - INFO - 下载完成!
2026-03-21 03:40:16 - mkk_comic - app.py:512 - INFO - 成功下载: 16/16 页
2026-03-21 03:40:16 - mkk_comic - app.py:523 - INFO - 章节下载完成，等待 8.1 秒后继续...
2026-03-21 03:40:25 - mkk_comic - app.py:494 - INFO - 正在下载第328章: 第1123话    UUID:41053466-5dda-11ef-aa3f-3f487b7d9a9a
2026-03-21 03:40:25 - mkk_comic - app.py:502 - INFO - 创建目录: ./out/海贼王/第1123话
2026-03-21 03:40:25 - mkk_comic - app.py:505 - INFO - 开始下载: 海贼王 - 第1123话
2026-03-21 03:40:25 - mkk_comic - app.py:506 - INFO - 总页数: 17
2026-03-21 03:40:25 - mkk_comic - app.py:587 - INFO - 正在下载第 001/017 页...
2026-03-21 03:40:25 - mkk_comic - app.py:587 - INFO - 正在下载第 002/017 页...
2026-03-21 03:40:25 - mkk_comic - app.py:587 - INFO - 正在下载第 003/017 页...
2026-03-21 03:40:25 - mkk_comic - app.py:587 - INFO - 正在下载第 004/017 页...
2026-03-21 03:40:25 - mkk_comic - app.py:587 - INFO - 正在下载第 005/017 页...
2026-03-21 03:40:25 - mkk_comic - app.py:587 - INFO - 正在下载第 006/017 页...
2026-03-21 03:40:25 - mkk_comic - app.py:587 - INFO - 正在下载第 007/017 页...
2026-03-21 03:40:25 - mkk_comic - app.py:587 - INFO - 正在下载第 008/017 页...
2026-03-21 03:40:25 - mkk_comic - app.py:587 - INFO - 正在下载第 009/017 页...
2026-03-21 03:40:25 - mkk_comic - app.py:587 - INFO - 正在下载第 010/017 页...
2026-03-21 03:40:25 - mkk_comic - app.py:587 - INFO - 正在下载第 011/017 页...
2026-03-21 03:40:25 - mkk_comic - app.py:587 - INFO - 正在下载第 012/017 页...
2026-03-21 03:40:26 - mkk_comic - app.py:587 - INFO - 正在下载第 013/017 页...
2026-03-21 03:40:26 - mkk_comic - app.py:587 - INFO - 正在下载第 014/017 页...
2026-03-21 03:40:26 - mkk_comic - app.py:587 - INFO - 正在下载第 015/017 页...
2026-03-21 03:40:26 - mkk_comic - app.py:587 - INFO - 正在下载第 016/017 页...
2026-03-21 03:40:26 - mkk_comic - app.py:587 - INFO - 正在下载第 017/017 页...
2026-03-21 03:40:27 - mkk_comic - app.py:511 - INFO - 下载完成!
2026-03-21 03:40:27 - mkk_comic - app.py:512 - INFO - 成功下载: 17/17 页
2026-03-21 03:40:27 - mkk_comic - app.py:523 - INFO - 章节下载完成，等待 8.5 秒后继续...
2026-03-21 03:40:36 - mkk_comic - app.py:494 - INFO - 正在下载第329章: 第1124话    UUID:c69f4282-636c-11ef-ac34-3f487b7d9a9a
2026-03-21 03:40:37 - mkk_comic - app.py:502 - INFO - 创建目录: ./out/海贼王/第1124话
2026-03-21 03:40:37 - mkk_comic - app.py:505 - INFO - 开始下载: 海贼王 - 第1124话
2026-03-21 03:40:37 - mkk_comic - app.py:506 - INFO - 总页数: 13
2026-03-21 03:40:37 - mkk_comic - app.py:587 - INFO - 正在下载第 001/013 页...
2026-03-21 03:40:37 - mkk_comic - app.py:587 - INFO - 正在下载第 002/013 页...
2026-03-21 03:40:37 - mkk_comic - app.py:587 - INFO - 正在下载第 003/013 页...
2026-03-21 03:40:37 - mkk_comic - app.py:587 - INFO - 正在下载第 004/013 页...
2026-03-21 03:40:37 - mkk_comic - app.py:587 - INFO - 正在下载第 005/013 页...
2026-03-21 03:40:37 - mkk_comic - app.py:587 - INFO - 正在下载第 006/013 页...
2026-03-21 03:40:37 - mkk_comic - app.py:587 - INFO - 正在下载第 007/013 页...
2026-03-21 03:40:37 - mkk_comic - app.py:587 - INFO - 正在下载第 008/013 页...
2026-03-21 03:40:37 - mkk_comic - app.py:587 - INFO - 正在下载第 009/013 页...
2026-03-21 03:40:37 - mkk_comic - app.py:587 - INFO - 正在下载第 010/013 页...
2026-03-21 03:40:37 - mkk_comic - app.py:587 - INFO - 正在下载第 011/013 页...
2026-03-21 03:40:37 - mkk_comic - app.py:587 - INFO - 正在下载第 012/013 页...
2026-03-21 03:40:37 - mkk_comic - app.py:587 - INFO - 正在下载第 013/013 页...
2026-03-21 03:40:37 - mkk_comic - app.py:511 - INFO - 下载完成!
2026-03-21 03:40:37 - mkk_comic - app.py:512 - INFO - 成功下载: 13/13 页
2026-03-21 03:40:37 - mkk_comic - app.py:523 - INFO - 章节下载完成，等待 9.5 秒后继续...
2026-03-21 03:40:47 - mkk_comic - app.py:843 - INFO - 【电锯人】上次下载至第257章
2026-03-21 03:40:47 - mkk_comic - app.py:846 - INFO - 该漫画更新至257章，不需要更新
2026-03-21 03:40:47 - mkk_comic - app.py:863 - INFO - ===== 检查更新完成 =====

