2026-03-12 03:57:04 - mkk_comic - app.py:868 - INFO - 运行环境：GitHub Actions（自动化模式）
2026-03-12 03:57:04 - mkk_comic - app.py:825 - INFO - ===== 开始检查更新=====
2026-03-12 03:57:04 - mkk_comic - app.py:843 - INFO - 【海贼王】上次下载至第219章
2026-03-12 03:57:04 - mkk_comic - app.py:850 - INFO - 【海贼王】检测到更新！最新：381章
2026-03-12 03:57:04 - mkk_comic - app.py:853 - INFO - 【海贼王】最大下载限制为10章-需下载220~229章）
2026-03-12 03:57:05 - mkk_comic - app.py:494 - INFO - 正在下载第220章: 1015话    UUID:89705d5c-c733-11eb-bca8-024352452ce0
2026-03-12 03:57:06 - mkk_comic - app.py:502 - INFO - 创建目录: ./out/海贼王/1015话
2026-03-12 03:57:06 - mkk_comic - app.py:505 - INFO - 开始下载: 海贼王 - 1015话
2026-03-12 03:57:06 - mkk_comic - app.py:506 - INFO - 总页数: 17
2026-03-12 03:57:06 - mkk_comic - app.py:587 - INFO - 正在下载第 001/017 页...
2026-03-12 03:57:06 - mkk_comic - app.py:587 - INFO - 正在下载第 002/017 页...
2026-03-12 03:57:06 - mkk_comic - app.py:587 - INFO - 正在下载第 003/017 页...
2026-03-12 03:57:06 - mkk_comic - app.py:587 - INFO - 正在下载第 004/017 页...
2026-03-12 03:57:06 - mkk_comic - app.py:587 - INFO - 正在下载第 005/017 页...
2026-03-12 03:57:06 - mkk_comic - app.py:587 - INFO - 正在下载第 006/017 页...
2026-03-12 03:57:06 - mkk_comic - app.py:587 - INFO - 正在下载第 007/017 页...
2026-03-12 03:57:06 - mkk_comic - app.py:587 - INFO - 正在下载第 008/017 页...
2026-03-12 03:57:06 - mkk_comic - app.py:587 - INFO - 正在下载第 009/017 页...
2026-03-12 03:57:06 - mkk_comic - app.py:587 - INFO - 正在下载第 010/017 页...
2026-03-12 03:57:06 - mkk_comic - app.py:587 - INFO - 正在下载第 011/017 页...
2026-03-12 03:57:06 - mkk_comic - app.py:587 - INFO - 正在下载第 012/017 页...
2026-03-12 03:57:06 - mkk_comic - app.py:587 - INFO - 正在下载第 013/017 页...
2026-03-12 03:57:06 - mkk_comic - app.py:587 - INFO - 正在下载第 014/017 页...
2026-03-12 03:57:06 - mkk_comic - app.py:587 - INFO - 正在下载第 015/017 页...
2026-03-12 03:57:06 - mkk_comic - app.py:587 - INFO - 正在下载第 016/017 页...
2026-03-12 03:57:06 - mkk_comic - app.py:587 - INFO - 正在下载第 017/017 页...
2026-03-12 03:57:07 - mkk_comic - app.py:511 - INFO - 下载完成!
2026-03-12 03:57:07 - mkk_comic - app.py:512 - INFO - 成功下载: 17/17 页
2026-03-12 03:57:07 - mkk_comic - app.py:523 - INFO - 章节下载完成，等待 6.0 秒后继续...
2026-03-12 03:57:13 - mkk_comic - app.py:494 - INFO - 正在下载第221章: 1016话    UUID:7820bea4-cbe6-11eb-bf8e-024352452ce0
2026-03-12 03:57:14 - mkk_comic - app.py:502 - INFO - 创建目录: ./out/海贼王/1016话
2026-03-12 03:57:14 - mkk_comic - app.py:505 - INFO - 开始下载: 海贼王 - 1016话
2026-03-12 03:57:14 - mkk_comic - app.py:506 - INFO - 总页数: 15
2026-03-12 03:57:14 - mkk_comic - app.py:587 - INFO - 正在下载第 001/015 页...
2026-03-12 03:57:14 - mkk_comic - app.py:587 - INFO - 正在下载第 002/015 页...
2026-03-12 03:57:14 - mkk_comic - app.py:587 - INFO - 正在下载第 003/015 页...
2026-03-12 03:57:14 - mkk_comic - app.py:587 - INFO - 正在下载第 004/015 页...
2026-03-12 03:57:14 - mkk_comic - app.py:587 - INFO - 正在下载第 005/015 页...
2026-03-12 03:57:14 - mkk_comic - app.py:587 - INFO - 正在下载第 006/015 页...
2026-03-12 03:57:14 - mkk_comic - app.py:587 - INFO - 正在下载第 007/015 页...
2026-03-12 03:57:14 - mkk_comic - app.py:587 - INFO - 正在下载第 008/015 页...
2026-03-12 03:57:15 - mkk_comic - app.py:587 - INFO - 正在下载第 009/015 页...
2026-03-12 03:57:15 - mkk_comic - app.py:587 - INFO - 正在下载第 010/015 页...
2026-03-12 03:57:15 - mkk_comic - app.py:587 - INFO - 正在下载第 011/015 页...
2026-03-12 03:57:15 - mkk_comic - app.py:587 - INFO - 正在下载第 012/015 页...
2026-03-12 03:57:15 - mkk_comic - app.py:587 - INFO - 正在下载第 013/015 页...
2026-03-12 03:57:15 - mkk_comic - app.py:587 - INFO - 正在下载第 014/015 页...
2026-03-12 03:57:15 - mkk_comic - app.py:587 - INFO - 正在下载第 015/015 页...
2026-03-12 03:57:16 - mkk_comic - app.py:511 - INFO - 下载完成!
2026-03-12 03:57:16 - mkk_comic - app.py:512 - INFO - 成功下载: 15/15 页
2026-03-12 03:57:16 - mkk_comic - app.py:523 - INFO - 章节下载完成，等待 7.2 秒后继续...
2026-03-12 03:57:24 - mkk_comic - app.py:494 - INFO - 正在下载第222章: 1017话    UUID:24d7451a-d7b2-11eb-861d-024352452ce0
2026-03-12 03:57:25 - mkk_comic - app.py:502 - INFO - 创建目录: ./out/海贼王/1017话
2026-03-12 03:57:25 - mkk_comic - app.py:505 - INFO - 开始下载: 海贼王 - 1017话
2026-03-12 03:57:25 - mkk_comic - app.py:506 - INFO - 总页数: 17
2026-03-12 03:57:25 - mkk_comic - app.py:587 - INFO - 正在下载第 001/017 页...
2026-03-12 03:57:25 - mkk_comic - app.py:587 - INFO - 正在下载第 002/017 页...
2026-03-12 03:57:25 - mkk_comic - app.py:587 - INFO - 正在下载第 003/017 页...
2026-03-12 03:57:25 - mkk_comic - app.py:587 - INFO - 正在下载第 004/017 页...
2026-03-12 03:57:25 - mkk_comic - app.py:587 - INFO - 正在下载第 005/017 页...
2026-03-12 03:57:25 - mkk_comic - app.py:587 - INFO - 正在下载第 006/017 页...
2026-03-12 03:57:25 - mkk_comic - app.py:587 - INFO - 正在下载第 007/017 页...
2026-03-12 03:57:25 - mkk_comic - app.py:587 - INFO - 正在下载第 008/017 页...
2026-03-12 03:57:25 - mkk_comic - app.py:587 - INFO - 正在下载第 009/017 页...
2026-03-12 03:57:25 - mkk_comic - app.py:587 - INFO - 正在下载第 010/017 页...
2026-03-12 03:57:25 - mkk_comic - app.py:587 - INFO - 正在下载第 011/017 页...
2026-03-12 03:57:25 - mkk_comic - app.py:587 - INFO - 正在下载第 012/017 页...
2026-03-12 03:57:25 - mkk_comic - app.py:587 - INFO - 正在下载第 013/017 页...
2026-03-12 03:57:25 - mkk_comic - app.py:587 - INFO - 正在下载第 014/017 页...
2026-03-12 03:57:25 - mkk_comic - app.py:587 - INFO - 正在下载第 015/017 页...
2026-03-12 03:57:25 - mkk_comic - app.py:587 - INFO - 正在下载第 016/017 页...
2026-03-12 03:57:25 - mkk_comic - app.py:587 - INFO - 正在下载第 017/017 页...
2026-03-12 03:57:25 - mkk_comic - app.py:511 - INFO - 下载完成!
2026-03-12 03:57:25 - mkk_comic - app.py:512 - INFO - 成功下载: 17/17 页
2026-03-12 03:57:25 - mkk_comic - app.py:523 - INFO - 章节下载完成，等待 8.5 秒后继续...
2026-03-12 03:57:35 - mkk_comic - app.py:494 - INFO - 正在下载第223章: 1018话    UUID:f87bbb58-dd2f-11eb-8a5c-024352452ce0
2026-03-12 03:57:35 - mkk_comic - app.py:502 - INFO - 创建目录: ./out/海贼王/1018话
2026-03-12 03:57:35 - mkk_comic - app.py:505 - INFO - 开始下载: 海贼王 - 1018话
2026-03-12 03:57:35 - mkk_comic - app.py:506 - INFO - 总页数: 17
2026-03-12 03:57:35 - mkk_comic - app.py:587 - INFO - 正在下载第 001/017 页...
2026-03-12 03:57:35 - mkk_comic - app.py:587 - INFO - 正在下载第 002/017 页...
2026-03-12 03:57:35 - mkk_comic - app.py:587 - INFO - 正在下载第 003/017 页...
2026-03-12 03:57:35 - mkk_comic - app.py:587 - INFO - 正在下载第 004/017 页...
2026-03-12 03:57:35 - mkk_comic - app.py:587 - INFO - 正在下载第 005/017 页...
2026-03-12 03:57:36 - mkk_comic - app.py:587 - INFO - 正在下载第 006/017 页...
2026-03-12 03:57:36 - mkk_comic - app.py:587 - INFO - 正在下载第 007/017 页...
2026-03-12 03:57:36 - mkk_comic - app.py:587 - INFO - 正在下载第 008/017 页...
2026-03-12 03:57:36 - mkk_comic - app.py:587 - INFO - 正在下载第 009/017 页...
2026-03-12 03:57:36 - mkk_comic - app.py:587 - INFO - 正在下载第 010/017 页...
2026-03-12 03:57:36 - mkk_comic - app.py:587 - INFO - 正在下载第 011/017 页...
2026-03-12 03:57:36 - mkk_comic - app.py:587 - INFO - 正在下载第 012/017 页...
2026-03-12 03:57:36 - mkk_comic - app.py:587 - INFO - 正在下载第 013/017 页...
2026-03-12 03:57:36 - mkk_comic - app.py:587 - INFO - 正在下载第 014/017 页...
2026-03-12 03:57:36 - mkk_comic - app.py:587 - INFO - 正在下载第 015/017 页...
2026-03-12 03:57:36 - mkk_comic - app.py:587 - INFO - 正在下载第 016/017 页...
2026-03-12 03:57:36 - mkk_comic - app.py:587 - INFO - 正在下载第 017/017 页...
2026-03-12 03:57:36 - mkk_comic - app.py:511 - INFO - 下载完成!
2026-03-12 03:57:36 - mkk_comic - app.py:512 - INFO - 成功下载: 17/17 页
2026-03-12 03:57:36 - mkk_comic - app.py:523 - INFO - 章节下载完成，等待 7.2 秒后继续...
2026-03-12 03:57:44 - mkk_comic - app.py:494 - INFO - 正在下载第224章: 1019话    UUID:c91a0c4c-e7e9-11eb-90a3-024352452ce0
2026-03-12 03:57:45 - mkk_comic - app.py:502 - INFO - 创建目录: ./out/海贼王/1019话
2026-03-12 03:57:45 - mkk_comic - app.py:505 - INFO - 开始下载: 海贼王 - 1019话
2026-03-12 03:57:45 - mkk_comic - app.py:506 - INFO - 总页数: 20
2026-03-12 03:57:45 - mkk_comic - app.py:587 - INFO - 正在下载第 001/020 页...
2026-03-12 03:57:45 - mkk_comic - app.py:587 - INFO - 正在下载第 002/020 页...
2026-03-12 03:57:45 - mkk_comic - app.py:587 - INFO - 正在下载第 003/020 页...
2026-03-12 03:57:45 - mkk_comic - app.py:587 - INFO - 正在下载第 004/020 页...
2026-03-12 03:57:45 - mkk_comic - app.py:587 - INFO - 正在下载第 005/020 页...
2026-03-12 03:57:45 - mkk_comic - app.py:587 - INFO - 正在下载第 006/020 页...
2026-03-12 03:57:45 - mkk_comic - app.py:587 - INFO - 正在下载第 007/020 页...
2026-03-12 03:57:45 - mkk_comic - app.py:587 - INFO - 正在下载第 008/020 页...
2026-03-12 03:57:45 - mkk_comic - app.py:587 - INFO - 正在下载第 009/020 页...
2026-03-12 03:57:45 - mkk_comic - app.py:587 - INFO - 正在下载第 010/020 页...
2026-03-12 03:57:46 - mkk_comic - app.py:587 - INFO - 正在下载第 011/020 页...
2026-03-12 03:57:46 - mkk_comic - app.py:587 - INFO - 正在下载第 012/020 页...
2026-03-12 03:57:46 - mkk_comic - app.py:587 - INFO - 正在下载第 013/020 页...
2026-03-12 03:57:46 - mkk_comic - app.py:587 - INFO - 正在下载第 014/020 页...
2026-03-12 03:57:46 - mkk_comic - app.py:587 - INFO - 正在下载第 015/020 页...
2026-03-12 03:57:46 - mkk_comic - app.py:587 - INFO - 正在下载第 016/020 页...
2026-03-12 03:57:46 - mkk_comic - app.py:587 - INFO - 正在下载第 017/020 页...
2026-03-12 03:57:46 - mkk_comic - app.py:587 - INFO - 正在下载第 018/020 页...
2026-03-12 03:57:46 - mkk_comic - app.py:587 - INFO - 正在下载第 019/020 页...
2026-03-12 03:57:46 - mkk_comic - app.py:587 - INFO - 正在下载第 020/020 页...
2026-03-12 03:57:46 - mkk_comic - app.py:511 - INFO - 下载完成!
2026-03-12 03:57:46 - mkk_comic - app.py:512 - INFO - 成功下载: 20/20 页
2026-03-12 03:57:46 - mkk_comic - app.py:523 - INFO - 章节下载完成，等待 8.2 秒后继续...
2026-03-12 03:57:55 - mkk_comic - app.py:494 - INFO - 正在下载第225章: 1020话    UUID:e6803542-f331-11eb-9825-024352452ce0
2026-03-12 03:57:56 - mkk_comic - app.py:502 - INFO - 创建目录: ./out/海贼王/1020话
2026-03-12 03:57:56 - mkk_comic - app.py:505 - INFO - 开始下载: 海贼王 - 1020话
2026-03-12 03:57:56 - mkk_comic - app.py:506 - INFO - 总页数: 17
2026-03-12 03:57:56 - mkk_comic - app.py:587 - INFO - 正在下载第 001/017 页...
2026-03-12 03:57:56 - mkk_comic - app.py:587 - INFO - 正在下载第 002/017 页...
2026-03-12 03:57:56 - mkk_comic - app.py:587 - INFO - 正在下载第 003/017 页...
2026-03-12 03:57:56 - mkk_comic - app.py:587 - INFO - 正在下载第 004/017 页...
2026-03-12 03:57:56 - mkk_comic - app.py:587 - INFO - 正在下载第 005/017 页...
2026-03-12 03:57:56 - mkk_comic - app.py:587 - INFO - 正在下载第 006/017 页...
2026-03-12 03:57:56 - mkk_comic - app.py:587 - INFO - 正在下载第 007/017 页...
2026-03-12 03:57:56 - mkk_comic - app.py:587 - INFO - 正在下载第 008/017 页...
2026-03-12 03:57:56 - mkk_comic - app.py:587 - INFO - 正在下载第 009/017 页...
2026-03-12 03:57:56 - mkk_comic - app.py:587 - INFO - 正在下载第 010/017 页...
2026-03-12 03:57:56 - mkk_comic - app.py:587 - INFO - 正在下载第 011/017 页...
2026-03-12 03:57:56 - mkk_comic - app.py:587 - INFO - 正在下载第 012/017 页...
2026-03-12 03:57:56 - mkk_comic - app.py:587 - INFO - 正在下载第 013/017 页...
2026-03-12 03:57:56 - mkk_comic - app.py:587 - INFO - 正在下载第 014/017 页...
2026-03-12 03:57:56 - mkk_comic - app.py:587 - INFO - 正在下载第 015/017 页...
2026-03-12 03:57:56 - mkk_comic - app.py:587 - INFO - 正在下载第 016/017 页...
2026-03-12 03:57:57 - mkk_comic - app.py:587 - INFO - 正在下载第 017/017 页...
2026-03-12 03:57:58 - mkk_comic - app.py:511 - INFO - 下载完成!
2026-03-12 03:57:58 - mkk_comic - app.py:512 - INFO - 成功下载: 17/17 页
2026-03-12 03:57:58 - mkk_comic - app.py:523 - INFO - 章节下载完成，等待 7.6 秒后继续...
2026-03-12 03:58:06 - mkk_comic - app.py:494 - INFO - 正在下载第226章: 1021话    UUID:5b49b5f4-f979-11eb-9cfa-024352452ce0
2026-03-12 03:58:07 - mkk_comic - app.py:502 - INFO - 创建目录: ./out/海贼王/1021话
2026-03-12 03:58:07 - mkk_comic - app.py:505 - INFO - 开始下载: 海贼王 - 1021话
2026-03-12 03:58:07 - mkk_comic - app.py:506 - INFO - 总页数: 17
2026-03-12 03:58:07 - mkk_comic - app.py:587 - INFO - 正在下载第 001/017 页...
2026-03-12 03:58:07 - mkk_comic - app.py:587 - INFO - 正在下载第 002/017 页...
2026-03-12 03:58:07 - mkk_comic - app.py:587 - INFO - 正在下载第 003/017 页...
2026-03-12 03:58:07 - mkk_comic - app.py:587 - INFO - 正在下载第 004/017 页...
2026-03-12 03:58:07 - mkk_comic - app.py:587 - INFO - 正在下载第 005/017 页...
2026-03-12 03:58:07 - mkk_comic - app.py:587 - INFO - 正在下载第 006/017 页...
2026-03-12 03:58:07 - mkk_comic - app.py:587 - INFO - 正在下载第 007/017 页...
2026-03-12 03:58:07 - mkk_comic - app.py:587 - INFO - 正在下载第 008/017 页...
2026-03-12 03:58:07 - mkk_comic - app.py:587 - INFO - 正在下载第 009/017 页...
2026-03-12 03:58:07 - mkk_comic - app.py:587 - INFO - 正在下载第 010/017 页...
2026-03-12 03:58:07 - mkk_comic - app.py:587 - INFO - 正在下载第 011/017 页...
2026-03-12 03:58:07 - mkk_comic - app.py:587 - INFO - 正在下载第 012/017 页...
2026-03-12 03:58:07 - mkk_comic - app.py:587 - INFO - 正在下载第 013/017 页...
2026-03-12 03:58:07 - mkk_comic - app.py:587 - INFO - 正在下载第 014/017 页...
2026-03-12 03:58:07 - mkk_comic - app.py:587 - INFO - 正在下载第 015/017 页...
2026-03-12 03:58:07 - mkk_comic - app.py:587 - INFO - 正在下载第 016/017 页...
2026-03-12 03:58:07 - mkk_comic - app.py:587 - INFO - 正在下载第 017/017 页...
2026-03-12 03:58:07 - mkk_comic - app.py:511 - INFO - 下载完成!
2026-03-12 03:58:07 - mkk_comic - app.py:512 - INFO - 成功下载: 17/17 页
2026-03-12 03:58:07 - mkk_comic - app.py:523 - INFO - 章节下载完成，等待 6.4 秒后继续...
2026-03-12 03:58:15 - mkk_comic - app.py:494 - INFO - 正在下载第227章: 1022话    UUID:432950a0-03c5-11ec-a6d1-024352452ce0
2026-03-12 03:58:15 - mkk_comic - app.py:502 - INFO - 创建目录: ./out/海贼王/1022话
2026-03-12 03:58:15 - mkk_comic - app.py:505 - INFO - 开始下载: 海贼王 - 1022话
2026-03-12 03:58:15 - mkk_comic - app.py:506 - INFO - 总页数: 17
2026-03-12 03:58:15 - mkk_comic - app.py:587 - INFO - 正在下载第 001/017 页...
2026-03-12 03:58:15 - mkk_comic - app.py:587 - INFO - 正在下载第 002/017 页...
2026-03-12 03:58:15 - mkk_comic - app.py:587 - INFO - 正在下载第 003/017 页...
2026-03-12 03:58:15 - mkk_comic - app.py:587 - INFO - 正在下载第 004/017 页...
2026-03-12 03:58:15 - mkk_comic - app.py:587 - INFO - 正在下载第 005/017 页...
2026-03-12 03:58:16 - mkk_comic - app.py:587 - INFO - 正在下载第 006/017 页...
2026-03-12 03:58:16 - mkk_comic - app.py:587 - INFO - 正在下载第 007/017 页...
2026-03-12 03:58:16 - mkk_comic - app.py:587 - INFO - 正在下载第 008/017 页...
2026-03-12 03:58:16 - mkk_comic - app.py:587 - INFO - 正在下载第 009/017 页...
2026-03-12 03:58:16 - mkk_comic - app.py:587 - INFO - 正在下载第 010/017 页...
2026-03-12 03:58:16 - mkk_comic - app.py:587 - INFO - 正在下载第 011/017 页...
2026-03-12 03:58:16 - mkk_comic - app.py:587 - INFO - 正在下载第 012/017 页...
2026-03-12 03:58:16 - mkk_comic - app.py:587 - INFO - 正在下载第 013/017 页...
2026-03-12 03:58:16 - mkk_comic - app.py:587 - INFO - 正在下载第 014/017 页...
2026-03-12 03:58:16 - mkk_comic - app.py:587 - INFO - 正在下载第 015/017 页...
2026-03-12 03:58:16 - mkk_comic - app.py:587 - INFO - 正在下载第 016/017 页...
2026-03-12 03:58:16 - mkk_comic - app.py:587 - INFO - 正在下载第 017/017 页...
2026-03-12 03:58:16 - mkk_comic - app.py:511 - INFO - 下载完成!
2026-03-12 03:58:16 - mkk_comic - app.py:512 - INFO - 成功下载: 17/17 页
2026-03-12 03:58:16 - mkk_comic - app.py:523 - INFO - 章节下载完成，等待 7.4 秒后继续...
2026-03-12 03:58:24 - mkk_comic - app.py:494 - INFO - 正在下载第228章: 1023话    UUID:04a0460a-0937-11ec-abc3-024352452ce0
2026-03-12 03:58:25 - mkk_comic - app.py:502 - INFO - 创建目录: ./out/海贼王/1023话
2026-03-12 03:58:25 - mkk_comic - app.py:505 - INFO - 开始下载: 海贼王 - 1023话
2026-03-12 03:58:25 - mkk_comic - app.py:506 - INFO - 总页数: 17
2026-03-12 03:58:25 - mkk_comic - app.py:587 - INFO - 正在下载第 001/017 页...
2026-03-12 03:58:25 - mkk_comic - app.py:587 - INFO - 正在下载第 002/017 页...
2026-03-12 03:58:25 - mkk_comic - app.py:587 - INFO - 正在下载第 003/017 页...
2026-03-12 03:58:25 - mkk_comic - app.py:587 - INFO - 正在下载第 004/017 页...
2026-03-12 03:58:25 - mkk_comic - app.py:587 - INFO - 正在下载第 005/017 页...
2026-03-12 03:58:25 - mkk_comic - app.py:587 - INFO - 正在下载第 006/017 页...
2026-03-12 03:58:25 - mkk_comic - app.py:587 - INFO - 正在下载第 007/017 页...
2026-03-12 03:58:25 - mkk_comic - app.py:587 - INFO - 正在下载第 008/017 页...
2026-03-12 03:58:25 - mkk_comic - app.py:587 - INFO - 正在下载第 009/017 页...
2026-03-12 03:58:26 - mkk_comic - app.py:587 - INFO - 正在下载第 010/017 页...
2026-03-12 03:58:26 - mkk_comic - app.py:587 - INFO - 正在下载第 011/017 页...
2026-03-12 03:58:26 - mkk_comic - app.py:587 - INFO - 正在下载第 012/017 页...
2026-03-12 03:58:26 - mkk_comic - app.py:587 - INFO - 正在下载第 013/017 页...
2026-03-12 03:58:26 - mkk_comic - app.py:587 - INFO - 正在下载第 014/017 页...
2026-03-12 03:58:26 - mkk_comic - app.py:587 - INFO - 正在下载第 015/017 页...
2026-03-12 03:58:26 - mkk_comic - app.py:587 - INFO - 正在下载第 016/017 页...
2026-03-12 03:58:26 - mkk_comic - app.py:587 - INFO - 正在下载第 017/017 页...
2026-03-12 03:58:26 - mkk_comic - app.py:511 - INFO - 下载完成!
2026-03-12 03:58:26 - mkk_comic - app.py:512 - INFO - 成功下载: 17/17 页
2026-03-12 03:58:26 - mkk_comic - app.py:523 - INFO - 章节下载完成，等待 6.2 秒后继续...
2026-03-12 03:58:33 - mkk_comic - app.py:494 - INFO - 正在下载第229章: 1024话    UUID:71dae5e8-0ec0-11ec-afeb-024352452ce0
2026-03-12 03:58:34 - mkk_comic - app.py:502 - INFO - 创建目录: ./out/海贼王/1024话
2026-03-12 03:58:34 - mkk_comic - app.py:505 - INFO - 开始下载: 海贼王 - 1024话
2026-03-12 03:58:34 - mkk_comic - app.py:506 - INFO - 总页数: 17
2026-03-12 03:58:34 - mkk_comic - app.py:587 - INFO - 正在下载第 001/017 页...
2026-03-12 03:58:34 - mkk_comic - app.py:587 - INFO - 正在下载第 002/017 页...
2026-03-12 03:58:34 - mkk_comic - app.py:587 - INFO - 正在下载第 003/017 页...
2026-03-12 03:58:34 - mkk_comic - app.py:587 - INFO - 正在下载第 004/017 页...
2026-03-12 03:58:34 - mkk_comic - app.py:587 - INFO - 正在下载第 005/017 页...
2026-03-12 03:58:34 - mkk_comic - app.py:587 - INFO - 正在下载第 006/017 页...
2026-03-12 03:58:34 - mkk_comic - app.py:587 - INFO - 正在下载第 007/017 页...
2026-03-12 03:58:34 - mkk_comic - app.py:587 - INFO - 正在下载第 008/017 页...
2026-03-12 03:58:34 - mkk_comic - app.py:587 - INFO - 正在下载第 009/017 页...
2026-03-12 03:58:34 - mkk_comic - app.py:587 - INFO - 正在下载第 010/017 页...
2026-03-12 03:58:34 - mkk_comic - app.py:587 - INFO - 正在下载第 011/017 页...
2026-03-12 03:58:34 - mkk_comic - app.py:587 - INFO - 正在下载第 012/017 页...
2026-03-12 03:58:34 - mkk_comic - app.py:587 - INFO - 正在下载第 013/017 页...
2026-03-12 03:58:34 - mkk_comic - app.py:587 - INFO - 正在下载第 014/017 页...
2026-03-12 03:58:34 - mkk_comic - app.py:587 - INFO - 正在下载第 015/017 页...
2026-03-12 03:58:34 - mkk_comic - app.py:587 - INFO - 正在下载第 016/017 页...
2026-03-12 03:58:34 - mkk_comic - app.py:587 - INFO - 正在下载第 017/017 页...
2026-03-12 03:58:35 - mkk_comic - app.py:511 - INFO - 下载完成!
2026-03-12 03:58:35 - mkk_comic - app.py:512 - INFO - 成功下载: 17/17 页
2026-03-12 03:58:35 - mkk_comic - app.py:523 - INFO - 章节下载完成，等待 5.5 秒后继续...
2026-03-12 03:58:41 - mkk_comic - app.py:843 - INFO - 【电锯人】上次下载至第256章
2026-03-12 03:58:42 - mkk_comic - app.py:850 - INFO - 【电锯人】检测到更新！最新：257章
2026-03-12 03:58:42 - mkk_comic - app.py:853 - INFO - 【电锯人】最大下载限制为15章-需下载257~257章）
2026-03-12 03:58:42 - mkk_comic - app.py:494 - INFO - 正在下载第257章: 第231话    UUID:89c3d362-1d0a-11f1-a635-fa163e02432f
2026-03-12 03:58:43 - mkk_comic - app.py:502 - INFO - 创建目录: ./out/電鋸人/第231话
2026-03-12 03:58:43 - mkk_comic - app.py:505 - INFO - 开始下载: 電鋸人 - 第231话
2026-03-12 03:58:43 - mkk_comic - app.py:506 - INFO - 总页数: 14
2026-03-12 03:58:43 - mkk_comic - app.py:587 - INFO - 正在下载第 001/014 页...
2026-03-12 03:58:43 - mkk_comic - app.py:587 - INFO - 正在下载第 002/014 页...
2026-03-12 03:58:43 - mkk_comic - app.py:587 - INFO - 正在下载第 003/014 页...
2026-03-12 03:58:43 - mkk_comic - app.py:587 - INFO - 正在下载第 004/014 页...
2026-03-12 03:58:43 - mkk_comic - app.py:587 - INFO - 正在下载第 005/014 页...
2026-03-12 03:58:43 - mkk_comic - app.py:587 - INFO - 正在下载第 006/014 页...
2026-03-12 03:58:43 - mkk_comic - app.py:587 - INFO - 正在下载第 007/014 页...
2026-03-12 03:58:43 - mkk_comic - app.py:587 - INFO - 正在下载第 008/014 页...
2026-03-12 03:58:43 - mkk_comic - app.py:587 - INFO - 正在下载第 009/014 页...
2026-03-12 03:58:43 - mkk_comic - app.py:587 - INFO - 正在下载第 010/014 页...
2026-03-12 03:58:43 - mkk_comic - app.py:587 - INFO - 正在下载第 011/014 页...
2026-03-12 03:58:43 - mkk_comic - app.py:587 - INFO - 正在下载第 012/014 页...
2026-03-12 03:58:43 - mkk_comic - app.py:587 - INFO - 正在下载第 013/014 页...
2026-03-12 03:58:43 - mkk_comic - app.py:587 - INFO - 正在下载第 014/014 页...
2026-03-12 03:58:44 - mkk_comic - app.py:511 - INFO - 下载完成!
2026-03-12 03:58:44 - mkk_comic - app.py:512 - INFO - 成功下载: 14/14 页
2026-03-12 03:58:44 - mkk_comic - app.py:523 - INFO - 章节下载完成，等待 9.5 秒后继续...
2026-03-12 03:58:53 - mkk_comic - app.py:863 - INFO - ===== 检查更新完成 =====

