2026-03-02 03:56:28 - mkk_comic - app.py:868 - INFO - 运行环境：GitHub Actions（自动化模式）
2026-03-02 03:56:28 - mkk_comic - app.py:825 - INFO - ===== 开始检查更新=====
2026-03-02 03:56:28 - mkk_comic - app.py:843 - INFO - 【海贼王】上次下载至第119章
2026-03-02 03:56:29 - mkk_comic - app.py:850 - INFO - 【海贼王】检测到更新！最新：379章
2026-03-02 03:56:29 - mkk_comic - app.py:853 - INFO - 【海贼王】最大下载限制为10章-需下载120~129章）
2026-03-02 03:56:30 - mkk_comic - app.py:494 - INFO - 正在下载第120章: 915话    UUID:381548fc-c7da-11e8-8833-024352452ce0
2026-03-02 03:56:30 - mkk_comic - app.py:502 - INFO - 创建目录: ./out/海贼王/915话
2026-03-02 03:56:30 - mkk_comic - app.py:505 - INFO - 开始下载: 海贼王 - 915话
2026-03-02 03:56:30 - mkk_comic - app.py:506 - INFO - 总页数: 16
2026-03-02 03:56:30 - mkk_comic - app.py:587 - INFO - 正在下载第 001/016 页...
2026-03-02 03:56:30 - mkk_comic - app.py:587 - INFO - 正在下载第 002/016 页...
2026-03-02 03:56:30 - mkk_comic - app.py:587 - INFO - 正在下载第 003/016 页...
2026-03-02 03:56:30 - mkk_comic - app.py:587 - INFO - 正在下载第 004/016 页...
2026-03-02 03:56:30 - mkk_comic - app.py:587 - INFO - 正在下载第 005/016 页...
2026-03-02 03:56:30 - mkk_comic - app.py:587 - INFO - 正在下载第 006/016 页...
2026-03-02 03:56:30 - mkk_comic - app.py:587 - INFO - 正在下载第 007/016 页...
2026-03-02 03:56:30 - mkk_comic - app.py:587 - INFO - 正在下载第 008/016 页...
2026-03-02 03:56:30 - mkk_comic - app.py:587 - INFO - 正在下载第 009/016 页...
2026-03-02 03:56:30 - mkk_comic - app.py:587 - INFO - 正在下载第 010/016 页...
2026-03-02 03:56:30 - mkk_comic - app.py:587 - INFO - 正在下载第 011/016 页...
2026-03-02 03:56:30 - mkk_comic - app.py:587 - INFO - 正在下载第 012/016 页...
2026-03-02 03:56:31 - mkk_comic - app.py:587 - INFO - 正在下载第 013/016 页...
2026-03-02 03:56:31 - mkk_comic - app.py:587 - INFO - 正在下载第 014/016 页...
2026-03-02 03:56:31 - mkk_comic - app.py:587 - INFO - 正在下载第 015/016 页...
2026-03-02 03:56:31 - mkk_comic - app.py:587 - INFO - 正在下载第 016/016 页...
2026-03-02 03:56:31 - mkk_comic - app.py:511 - INFO - 下载完成!
2026-03-02 03:56:31 - mkk_comic - app.py:512 - INFO - 成功下载: 16/16 页
2026-03-02 03:56:31 - mkk_comic - app.py:523 - INFO - 章节下载完成，等待 9.4 秒后继续...
2026-03-02 03:56:41 - mkk_comic - app.py:494 - INFO - 正在下载第121章: 916话    UUID:3eadcb90-c7da-11e8-8833-024352452ce0
2026-03-02 03:56:41 - mkk_comic - app.py:502 - INFO - 创建目录: ./out/海贼王/916话
2026-03-02 03:56:41 - mkk_comic - app.py:505 - INFO - 开始下载: 海贼王 - 916话
2026-03-02 03:56:41 - mkk_comic - app.py:506 - INFO - 总页数: 22
2026-03-02 03:56:41 - mkk_comic - app.py:587 - INFO - 正在下载第 001/022 页...
2026-03-02 03:56:41 - mkk_comic - app.py:587 - INFO - 正在下载第 002/022 页...
2026-03-02 03:56:41 - mkk_comic - app.py:587 - INFO - 正在下载第 003/022 页...
2026-03-02 03:56:41 - mkk_comic - app.py:587 - INFO - 正在下载第 004/022 页...
2026-03-02 03:56:41 - mkk_comic - app.py:587 - INFO - 正在下载第 005/022 页...
2026-03-02 03:56:42 - mkk_comic - app.py:587 - INFO - 正在下载第 006/022 页...
2026-03-02 03:56:42 - mkk_comic - app.py:587 - INFO - 正在下载第 007/022 页...
2026-03-02 03:56:42 - mkk_comic - app.py:587 - INFO - 正在下载第 008/022 页...
2026-03-02 03:56:42 - mkk_comic - app.py:587 - INFO - 正在下载第 009/022 页...
2026-03-02 03:56:42 - mkk_comic - app.py:587 - INFO - 正在下载第 010/022 页...
2026-03-02 03:56:42 - mkk_comic - app.py:587 - INFO - 正在下载第 011/022 页...
2026-03-02 03:56:42 - mkk_comic - app.py:587 - INFO - 正在下载第 012/022 页...
2026-03-02 03:56:42 - mkk_comic - app.py:587 - INFO - 正在下载第 013/022 页...
2026-03-02 03:56:42 - mkk_comic - app.py:587 - INFO - 正在下载第 014/022 页...
2026-03-02 03:56:42 - mkk_comic - app.py:587 - INFO - 正在下载第 015/022 页...
2026-03-02 03:56:42 - mkk_comic - app.py:587 - INFO - 正在下载第 016/022 页...
2026-03-02 03:56:42 - mkk_comic - app.py:587 - INFO - 正在下载第 017/022 页...
2026-03-02 03:56:42 - mkk_comic - app.py:587 - INFO - 正在下载第 018/022 页...
2026-03-02 03:56:42 - mkk_comic - app.py:587 - INFO - 正在下载第 019/022 页...
2026-03-02 03:56:42 - mkk_comic - app.py:587 - INFO - 正在下载第 020/022 页...
2026-03-02 03:56:42 - mkk_comic - app.py:587 - INFO - 正在下载第 021/022 页...
2026-03-02 03:56:42 - mkk_comic - app.py:587 - INFO - 正在下载第 022/022 页...
2026-03-02 03:56:42 - mkk_comic - app.py:511 - INFO - 下载完成!
2026-03-02 03:56:42 - mkk_comic - app.py:512 - INFO - 成功下载: 22/22 页
2026-03-02 03:56:42 - mkk_comic - app.py:523 - INFO - 章节下载完成，等待 6.3 秒后继续...
2026-03-02 03:56:49 - mkk_comic - app.py:494 - INFO - 正在下载第122章: 917话    UUID:42311c66-c7da-11e8-8833-024352452ce0
2026-03-02 03:56:50 - mkk_comic - app.py:502 - INFO - 创建目录: ./out/海贼王/917话
2026-03-02 03:56:50 - mkk_comic - app.py:505 - INFO - 开始下载: 海贼王 - 917话
2026-03-02 03:56:50 - mkk_comic - app.py:506 - INFO - 总页数: 17
2026-03-02 03:56:50 - mkk_comic - app.py:587 - INFO - 正在下载第 001/017 页...
2026-03-02 03:56:50 - mkk_comic - app.py:587 - INFO - 正在下载第 002/017 页...
2026-03-02 03:56:50 - mkk_comic - app.py:587 - INFO - 正在下载第 003/017 页...
2026-03-02 03:56:50 - mkk_comic - app.py:587 - INFO - 正在下载第 004/017 页...
2026-03-02 03:56:50 - mkk_comic - app.py:587 - INFO - 正在下载第 005/017 页...
2026-03-02 03:56:50 - mkk_comic - app.py:587 - INFO - 正在下载第 006/017 页...
2026-03-02 03:56:50 - mkk_comic - app.py:587 - INFO - 正在下载第 007/017 页...
2026-03-02 03:56:50 - mkk_comic - app.py:587 - INFO - 正在下载第 008/017 页...
2026-03-02 03:56:50 - mkk_comic - app.py:587 - INFO - 正在下载第 009/017 页...
2026-03-02 03:56:50 - mkk_comic - app.py:587 - INFO - 正在下载第 010/017 页...
2026-03-02 03:56:50 - mkk_comic - app.py:587 - INFO - 正在下载第 011/017 页...
2026-03-02 03:56:50 - mkk_comic - app.py:587 - INFO - 正在下载第 012/017 页...
2026-03-02 03:56:50 - mkk_comic - app.py:587 - INFO - 正在下载第 013/017 页...
2026-03-02 03:56:50 - mkk_comic - app.py:587 - INFO - 正在下载第 014/017 页...
2026-03-02 03:56:50 - mkk_comic - app.py:587 - INFO - 正在下载第 015/017 页...
2026-03-02 03:56:50 - mkk_comic - app.py:587 - INFO - 正在下载第 016/017 页...
2026-03-02 03:56:50 - mkk_comic - app.py:587 - INFO - 正在下载第 017/017 页...
2026-03-02 03:56:50 - mkk_comic - app.py:511 - INFO - 下载完成!
2026-03-02 03:56:50 - mkk_comic - app.py:512 - INFO - 成功下载: 17/17 页
2026-03-02 03:56:50 - mkk_comic - app.py:523 - INFO - 章节下载完成，等待 5.5 秒后继续...
2026-03-02 03:56:57 - mkk_comic - app.py:494 - INFO - 正在下载第123章: 918话    UUID:edcc3f74-c7da-11e8-8833-024352452ce0
2026-03-02 03:56:57 - mkk_comic - app.py:502 - INFO - 创建目录: ./out/海贼王/918话
2026-03-02 03:56:57 - mkk_comic - app.py:505 - INFO - 开始下载: 海贼王 - 918话
2026-03-02 03:56:57 - mkk_comic - app.py:506 - INFO - 总页数: 17
2026-03-02 03:56:57 - mkk_comic - app.py:587 - INFO - 正在下载第 001/017 页...
2026-03-02 03:56:57 - mkk_comic - app.py:587 - INFO - 正在下载第 002/017 页...
2026-03-02 03:56:57 - mkk_comic - app.py:587 - INFO - 正在下载第 003/017 页...
2026-03-02 03:56:57 - mkk_comic - app.py:587 - INFO - 正在下载第 004/017 页...
2026-03-02 03:56:57 - mkk_comic - app.py:587 - INFO - 正在下载第 005/017 页...
2026-03-02 03:56:57 - mkk_comic - app.py:587 - INFO - 正在下载第 006/017 页...
2026-03-02 03:56:57 - mkk_comic - app.py:587 - INFO - 正在下载第 007/017 页...
2026-03-02 03:56:57 - mkk_comic - app.py:587 - INFO - 正在下载第 008/017 页...
2026-03-02 03:56:57 - mkk_comic - app.py:587 - INFO - 正在下载第 009/017 页...
2026-03-02 03:56:57 - mkk_comic - app.py:587 - INFO - 正在下载第 010/017 页...
2026-03-02 03:56:57 - mkk_comic - app.py:587 - INFO - 正在下载第 011/017 页...
2026-03-02 03:56:57 - mkk_comic - app.py:587 - INFO - 正在下载第 012/017 页...
2026-03-02 03:56:57 - mkk_comic - app.py:587 - INFO - 正在下载第 013/017 页...
2026-03-02 03:56:57 - mkk_comic - app.py:587 - INFO - 正在下载第 014/017 页...
2026-03-02 03:56:58 - mkk_comic - app.py:587 - INFO - 正在下载第 015/017 页...
2026-03-02 03:56:58 - mkk_comic - app.py:587 - INFO - 正在下载第 016/017 页...
2026-03-02 03:56:58 - mkk_comic - app.py:587 - INFO - 正在下载第 017/017 页...
2026-03-02 03:56:58 - mkk_comic - app.py:511 - INFO - 下载完成!
2026-03-02 03:56:58 - mkk_comic - app.py:512 - INFO - 成功下载: 17/17 页
2026-03-02 03:56:58 - mkk_comic - app.py:523 - INFO - 章节下载完成，等待 9.4 秒后继续...
2026-03-02 03:57:08 - mkk_comic - app.py:494 - INFO - 正在下载第124章: 919话    UUID:f2768174-c7da-11e8-8833-024352452ce0
2026-03-02 03:57:08 - mkk_comic - app.py:502 - INFO - 创建目录: ./out/海贼王/919话
2026-03-02 03:57:08 - mkk_comic - app.py:505 - INFO - 开始下载: 海贼王 - 919话
2026-03-02 03:57:08 - mkk_comic - app.py:506 - INFO - 总页数: 16
2026-03-02 03:57:08 - mkk_comic - app.py:587 - INFO - 正在下载第 001/016 页...
2026-03-02 03:57:08 - mkk_comic - app.py:587 - INFO - 正在下载第 002/016 页...
2026-03-02 03:57:08 - mkk_comic - app.py:587 - INFO - 正在下载第 003/016 页...
2026-03-02 03:57:08 - mkk_comic - app.py:587 - INFO - 正在下载第 004/016 页...
2026-03-02 03:57:08 - mkk_comic - app.py:587 - INFO - 正在下载第 005/016 页...
2026-03-02 03:57:08 - mkk_comic - app.py:587 - INFO - 正在下载第 006/016 页...
2026-03-02 03:57:08 - mkk_comic - app.py:587 - INFO - 正在下载第 007/016 页...
2026-03-02 03:57:08 - mkk_comic - app.py:587 - INFO - 正在下载第 008/016 页...
2026-03-02 03:57:08 - mkk_comic - app.py:587 - INFO - 正在下载第 009/016 页...
2026-03-02 03:57:08 - mkk_comic - app.py:587 - INFO - 正在下载第 010/016 页...
2026-03-02 03:57:09 - mkk_comic - app.py:587 - INFO - 正在下载第 011/016 页...
2026-03-02 03:57:09 - mkk_comic - app.py:587 - INFO - 正在下载第 012/016 页...
2026-03-02 03:57:09 - mkk_comic - app.py:587 - INFO - 正在下载第 013/016 页...
2026-03-02 03:57:09 - mkk_comic - app.py:587 - INFO - 正在下载第 014/016 页...
2026-03-02 03:57:09 - mkk_comic - app.py:587 - INFO - 正在下载第 015/016 页...
2026-03-02 03:57:09 - mkk_comic - app.py:587 - INFO - 正在下载第 016/016 页...
2026-03-02 03:57:09 - mkk_comic - app.py:511 - INFO - 下载完成!
2026-03-02 03:57:09 - mkk_comic - app.py:512 - INFO - 成功下载: 16/16 页
2026-03-02 03:57:09 - mkk_comic - app.py:523 - INFO - 章节下载完成，等待 6.9 秒后继续...
2026-03-02 03:57:16 - mkk_comic - app.py:494 - INFO - 正在下载第125章: 920话    UUID:f65d520e-c7da-11e8-8833-024352452ce0
2026-03-02 03:57:17 - mkk_comic - app.py:502 - INFO - 创建目录: ./out/海贼王/920话
2026-03-02 03:57:17 - mkk_comic - app.py:505 - INFO - 开始下载: 海贼王 - 920话
2026-03-02 03:57:17 - mkk_comic - app.py:506 - INFO - 总页数: 17
2026-03-02 03:57:17 - mkk_comic - app.py:587 - INFO - 正在下载第 001/017 页...
2026-03-02 03:57:17 - mkk_comic - app.py:587 - INFO - 正在下载第 002/017 页...
2026-03-02 03:57:17 - mkk_comic - app.py:587 - INFO - 正在下载第 003/017 页...
2026-03-02 03:57:17 - mkk_comic - app.py:587 - INFO - 正在下载第 004/017 页...
2026-03-02 03:57:17 - mkk_comic - app.py:587 - INFO - 正在下载第 005/017 页...
2026-03-02 03:57:17 - mkk_comic - app.py:587 - INFO - 正在下载第 006/017 页...
2026-03-02 03:57:17 - mkk_comic - app.py:587 - INFO - 正在下载第 007/017 页...
2026-03-02 03:57:17 - mkk_comic - app.py:587 - INFO - 正在下载第 008/017 页...
2026-03-02 03:57:17 - mkk_comic - app.py:587 - INFO - 正在下载第 009/017 页...
2026-03-02 03:57:17 - mkk_comic - app.py:587 - INFO - 正在下载第 010/017 页...
2026-03-02 03:57:17 - mkk_comic - app.py:587 - INFO - 正在下载第 011/017 页...
2026-03-02 03:57:17 - mkk_comic - app.py:587 - INFO - 正在下载第 012/017 页...
2026-03-02 03:57:17 - mkk_comic - app.py:587 - INFO - 正在下载第 013/017 页...
2026-03-02 03:57:17 - mkk_comic - app.py:587 - INFO - 正在下载第 014/017 页...
2026-03-02 03:57:17 - mkk_comic - app.py:587 - INFO - 正在下载第 015/017 页...
2026-03-02 03:57:17 - mkk_comic - app.py:587 - INFO - 正在下载第 016/017 页...
2026-03-02 03:57:17 - mkk_comic - app.py:587 - INFO - 正在下载第 017/017 页...
2026-03-02 03:57:18 - mkk_comic - app.py:511 - INFO - 下载完成!
2026-03-02 03:57:18 - mkk_comic - app.py:512 - INFO - 成功下载: 17/17 页
2026-03-02 03:57:18 - mkk_comic - app.py:523 - INFO - 章节下载完成，等待 9.9 秒后继续...
2026-03-02 03:57:29 - mkk_comic - app.py:494 - INFO - 正在下载第126章: 921话    UUID:0cb02ec6-1152-11e9-89a1-024352452ce0
2026-03-02 03:57:29 - mkk_comic - app.py:502 - INFO - 创建目录: ./out/海贼王/921话
2026-03-02 03:57:29 - mkk_comic - app.py:505 - INFO - 开始下载: 海贼王 - 921话
2026-03-02 03:57:29 - mkk_comic - app.py:506 - INFO - 总页数: 19
2026-03-02 03:57:29 - mkk_comic - app.py:587 - INFO - 正在下载第 001/019 页...
2026-03-02 03:57:29 - mkk_comic - app.py:587 - INFO - 正在下载第 002/019 页...
2026-03-02 03:57:29 - mkk_comic - app.py:587 - INFO - 正在下载第 003/019 页...
2026-03-02 03:57:29 - mkk_comic - app.py:587 - INFO - 正在下载第 004/019 页...
2026-03-02 03:57:29 - mkk_comic - app.py:587 - INFO - 正在下载第 005/019 页...
2026-03-02 03:57:29 - mkk_comic - app.py:587 - INFO - 正在下载第 006/019 页...
2026-03-02 03:57:29 - mkk_comic - app.py:587 - INFO - 正在下载第 007/019 页...
2026-03-02 03:57:30 - mkk_comic - app.py:587 - INFO - 正在下载第 008/019 页...
2026-03-02 03:57:30 - mkk_comic - app.py:587 - INFO - 正在下载第 009/019 页...
2026-03-02 03:57:30 - mkk_comic - app.py:587 - INFO - 正在下载第 010/019 页...
2026-03-02 03:57:30 - mkk_comic - app.py:587 - INFO - 正在下载第 011/019 页...
2026-03-02 03:57:30 - mkk_comic - app.py:587 - INFO - 正在下载第 012/019 页...
2026-03-02 03:57:30 - mkk_comic - app.py:587 - INFO - 正在下载第 013/019 页...
2026-03-02 03:57:30 - mkk_comic - app.py:587 - INFO - 正在下载第 014/019 页...
2026-03-02 03:57:30 - mkk_comic - app.py:587 - INFO - 正在下载第 015/019 页...
2026-03-02 03:57:30 - mkk_comic - app.py:587 - INFO - 正在下载第 016/019 页...
2026-03-02 03:57:30 - mkk_comic - app.py:587 - INFO - 正在下载第 017/019 页...
2026-03-02 03:57:30 - mkk_comic - app.py:587 - INFO - 正在下载第 018/019 页...
2026-03-02 03:57:30 - mkk_comic - app.py:587 - INFO - 正在下载第 019/019 页...
2026-03-02 03:57:30 - mkk_comic - app.py:511 - INFO - 下载完成!
2026-03-02 03:57:30 - mkk_comic - app.py:512 - INFO - 成功下载: 19/19 页
2026-03-02 03:57:30 - mkk_comic - app.py:523 - INFO - 章节下载完成，等待 8.8 秒后继续...
2026-03-02 03:57:39 - mkk_comic - app.py:494 - INFO - 正在下载第127章: 922话    UUID:0fd6b858-1152-11e9-89a1-024352452ce0
2026-03-02 03:57:40 - mkk_comic - app.py:502 - INFO - 创建目录: ./out/海贼王/922话
2026-03-02 03:57:40 - mkk_comic - app.py:505 - INFO - 开始下载: 海贼王 - 922话
2026-03-02 03:57:40 - mkk_comic - app.py:506 - INFO - 总页数: 16
2026-03-02 03:57:40 - mkk_comic - app.py:587 - INFO - 正在下载第 001/016 页...
2026-03-02 03:57:40 - mkk_comic - app.py:587 - INFO - 正在下载第 002/016 页...
2026-03-02 03:57:40 - mkk_comic - app.py:587 - INFO - 正在下载第 003/016 页...
2026-03-02 03:57:40 - mkk_comic - app.py:587 - INFO - 正在下载第 004/016 页...
2026-03-02 03:57:40 - mkk_comic - app.py:587 - INFO - 正在下载第 005/016 页...
2026-03-02 03:57:40 - mkk_comic - app.py:587 - INFO - 正在下载第 006/016 页...
2026-03-02 03:57:40 - mkk_comic - app.py:587 - INFO - 正在下载第 007/016 页...
2026-03-02 03:57:40 - mkk_comic - app.py:587 - INFO - 正在下载第 008/016 页...
2026-03-02 03:57:40 - mkk_comic - app.py:587 - INFO - 正在下载第 009/016 页...
2026-03-02 03:57:40 - mkk_comic - app.py:587 - INFO - 正在下载第 010/016 页...
2026-03-02 03:57:40 - mkk_comic - app.py:587 - INFO - 正在下载第 011/016 页...
2026-03-02 03:57:40 - mkk_comic - app.py:587 - INFO - 正在下载第 012/016 页...
2026-03-02 03:57:40 - mkk_comic - app.py:587 - INFO - 正在下载第 013/016 页...
2026-03-02 03:57:40 - mkk_comic - app.py:587 - INFO - 正在下载第 014/016 页...
2026-03-02 03:57:40 - mkk_comic - app.py:587 - INFO - 正在下载第 015/016 页...
2026-03-02 03:57:40 - mkk_comic - app.py:587 - INFO - 正在下载第 016/016 页...
2026-03-02 03:57:41 - mkk_comic - app.py:511 - INFO - 下载完成!
2026-03-02 03:57:41 - mkk_comic - app.py:512 - INFO - 成功下载: 16/16 页
2026-03-02 03:57:41 - mkk_comic - app.py:523 - INFO - 章节下载完成，等待 6.8 秒后继续...
2026-03-02 03:57:49 - mkk_comic - app.py:494 - INFO - 正在下载第128章: 923话    UUID:148b6ef9-1152-11e9-89a1-024352452ce0
2026-03-02 03:57:49 - mkk_comic - app.py:502 - INFO - 创建目录: ./out/海贼王/923话
2026-03-02 03:57:49 - mkk_comic - app.py:505 - INFO - 开始下载: 海贼王 - 923话
2026-03-02 03:57:49 - mkk_comic - app.py:506 - INFO - 总页数: 14
2026-03-02 03:57:49 - mkk_comic - app.py:587 - INFO - 正在下载第 001/014 页...
2026-03-02 03:57:49 - mkk_comic - app.py:587 - INFO - 正在下载第 002/014 页...
2026-03-02 03:57:49 - mkk_comic - app.py:587 - INFO - 正在下载第 003/014 页...
2026-03-02 03:57:49 - mkk_comic - app.py:587 - INFO - 正在下载第 004/014 页...
2026-03-02 03:57:49 - mkk_comic - app.py:587 - INFO - 正在下载第 005/014 页...
2026-03-02 03:57:50 - mkk_comic - app.py:587 - INFO - 正在下载第 006/014 页...
2026-03-02 03:57:50 - mkk_comic - app.py:587 - INFO - 正在下载第 007/014 页...
2026-03-02 03:57:50 - mkk_comic - app.py:587 - INFO - 正在下载第 008/014 页...
2026-03-02 03:57:50 - mkk_comic - app.py:587 - INFO - 正在下载第 009/014 页...
2026-03-02 03:57:50 - mkk_comic - app.py:587 - INFO - 正在下载第 010/014 页...
2026-03-02 03:57:50 - mkk_comic - app.py:587 - INFO - 正在下载第 011/014 页...
2026-03-02 03:57:50 - mkk_comic - app.py:587 - INFO - 正在下载第 012/014 页...
2026-03-02 03:57:50 - mkk_comic - app.py:587 - INFO - 正在下载第 013/014 页...
2026-03-02 03:57:50 - mkk_comic - app.py:587 - INFO - 正在下载第 014/014 页...
2026-03-02 03:57:50 - mkk_comic - app.py:511 - INFO - 下载完成!
2026-03-02 03:57:50 - mkk_comic - app.py:512 - INFO - 成功下载: 14/14 页
2026-03-02 03:57:50 - mkk_comic - app.py:523 - INFO - 章节下载完成，等待 8.5 秒后继续...
2026-03-02 03:57:59 - mkk_comic - app.py:494 - INFO - 正在下载第129章: 924话    UUID:1a8ef018-1152-11e9-89a1-024352452ce0
2026-03-02 03:58:00 - mkk_comic - app.py:502 - INFO - 创建目录: ./out/海贼王/924话
2026-03-02 03:58:00 - mkk_comic - app.py:505 - INFO - 开始下载: 海贼王 - 924话
2026-03-02 03:58:00 - mkk_comic - app.py:506 - INFO - 总页数: 16
2026-03-02 03:58:00 - mkk_comic - app.py:587 - INFO - 正在下载第 001/016 页...
2026-03-02 03:58:00 - mkk_comic - app.py:587 - INFO - 正在下载第 002/016 页...
2026-03-02 03:58:00 - mkk_comic - app.py:587 - INFO - 正在下载第 003/016 页...
2026-03-02 03:58:00 - mkk_comic - app.py:587 - INFO - 正在下载第 004/016 页...
2026-03-02 03:58:00 - mkk_comic - app.py:587 - INFO - 正在下载第 005/016 页...
2026-03-02 03:58:00 - mkk_comic - app.py:587 - INFO - 正在下载第 006/016 页...
2026-03-02 03:58:00 - mkk_comic - app.py:587 - INFO - 正在下载第 007/016 页...
2026-03-02 03:58:00 - mkk_comic - app.py:587 - INFO - 正在下载第 008/016 页...
2026-03-02 03:58:00 - mkk_comic - app.py:587 - INFO - 正在下载第 009/016 页...
2026-03-02 03:58:00 - mkk_comic - app.py:587 - INFO - 正在下载第 010/016 页...
2026-03-02 03:58:00 - mkk_comic - app.py:587 - INFO - 正在下载第 011/016 页...
2026-03-02 03:58:00 - mkk_comic - app.py:587 - INFO - 正在下载第 012/016 页...
2026-03-02 03:58:00 - mkk_comic - app.py:587 - INFO - 正在下载第 013/016 页...
2026-03-02 03:58:00 - mkk_comic - app.py:587 - INFO - 正在下载第 014/016 页...
2026-03-02 03:58:00 - mkk_comic - app.py:587 - INFO - 正在下载第 015/016 页...
2026-03-02 03:58:00 - mkk_comic - app.py:587 - INFO - 正在下载第 016/016 页...
2026-03-02 03:58:00 - mkk_comic - app.py:511 - INFO - 下载完成!
2026-03-02 03:58:00 - mkk_comic - app.py:512 - INFO - 成功下载: 16/16 页
2026-03-02 03:58:00 - mkk_comic - app.py:523 - INFO - 章节下载完成，等待 8.2 秒后继续...
2026-03-02 03:58:09 - mkk_comic - app.py:843 - INFO - 【电锯人】上次下载至第129章
2026-03-02 03:58:09 - mkk_comic - app.py:850 - INFO - 【电锯人】检测到更新！最新：256章
2026-03-02 03:58:09 - mkk_comic - app.py:853 - INFO - 【电锯人】最大下载限制为15章-需下载130~144章）
2026-03-02 03:58:10 - mkk_comic - app.py:494 - INFO - 正在下载第130章: 第106话    UUID:fd04c2ba-49cf-11ed-8455-024352452ce0
2026-03-02 03:58:10 - mkk_comic - app.py:502 - INFO - 创建目录: ./out/電鋸人/第106话
2026-03-02 03:58:10 - mkk_comic - app.py:505 - INFO - 开始下载: 電鋸人 - 第106话
2026-03-02 03:58:10 - mkk_comic - app.py:506 - INFO - 总页数: 17
2026-03-02 03:58:10 - mkk_comic - app.py:587 - INFO - 正在下载第 001/017 页...
2026-03-02 03:58:10 - mkk_comic - app.py:587 - INFO - 正在下载第 002/017 页...
2026-03-02 03:58:10 - mkk_comic - app.py:587 - INFO - 正在下载第 003/017 页...
2026-03-02 03:58:10 - mkk_comic - app.py:587 - INFO - 正在下载第 004/017 页...
2026-03-02 03:58:10 - mkk_comic - app.py:587 - INFO - 正在下载第 005/017 页...
2026-03-02 03:58:10 - mkk_comic - app.py:587 - INFO - 正在下载第 006/017 页...
2026-03-02 03:58:10 - mkk_comic - app.py:587 - INFO - 正在下载第 007/017 页...
2026-03-02 03:58:10 - mkk_comic - app.py:587 - INFO - 正在下载第 008/017 页...
2026-03-02 03:58:10 - mkk_comic - app.py:587 - INFO - 正在下载第 009/017 页...
2026-03-02 03:58:10 - mkk_comic - app.py:587 - INFO - 正在下载第 010/017 页...
2026-03-02 03:58:11 - mkk_comic - app.py:587 - INFO - 正在下载第 011/017 页...
2026-03-02 03:58:11 - mkk_comic - app.py:587 - INFO - 正在下载第 012/017 页...
2026-03-02 03:58:11 - mkk_comic - app.py:587 - INFO - 正在下载第 013/017 页...
2026-03-02 03:58:11 - mkk_comic - app.py:587 - INFO - 正在下载第 014/017 页...
2026-03-02 03:58:11 - mkk_comic - app.py:587 - INFO - 正在下载第 015/017 页...
2026-03-02 03:58:11 - mkk_comic - app.py:587 - INFO - 正在下载第 016/017 页...
2026-03-02 03:58:11 - mkk_comic - app.py:587 - INFO - 正在下载第 017/017 页...
2026-03-02 03:58:11 - mkk_comic - app.py:511 - INFO - 下载完成!
2026-03-02 03:58:11 - mkk_comic - app.py:512 - INFO - 成功下载: 17/17 页
2026-03-02 03:58:11 - mkk_comic - app.py:523 - INFO - 章节下载完成，等待 6.3 秒后继续...
2026-03-02 03:58:18 - mkk_comic - app.py:494 - INFO - 正在下载第131章: 第107话    UUID:50399ea2-4f56-11ed-8a7f-024352452ce0
2026-03-02 03:58:18 - mkk_comic - app.py:502 - INFO - 创建目录: ./out/電鋸人/第107话
2026-03-02 03:58:18 - mkk_comic - app.py:505 - INFO - 开始下载: 電鋸人 - 第107话
2026-03-02 03:58:18 - mkk_comic - app.py:506 - INFO - 总页数: 20
2026-03-02 03:58:18 - mkk_comic - app.py:587 - INFO - 正在下载第 001/020 页...
2026-03-02 03:58:18 - mkk_comic - app.py:587 - INFO - 正在下载第 002/020 页...
2026-03-02 03:58:18 - mkk_comic - app.py:587 - INFO - 正在下载第 003/020 页...
2026-03-02 03:58:18 - mkk_comic - app.py:587 - INFO - 正在下载第 004/020 页...
2026-03-02 03:58:18 - mkk_comic - app.py:587 - INFO - 正在下载第 005/020 页...
2026-03-02 03:58:18 - mkk_comic - app.py:587 - INFO - 正在下载第 006/020 页...
2026-03-02 03:58:18 - mkk_comic - app.py:587 - INFO - 正在下载第 007/020 页...
2026-03-02 03:58:18 - mkk_comic - app.py:587 - INFO - 正在下载第 008/020 页...
2026-03-02 03:58:18 - mkk_comic - app.py:587 - INFO - 正在下载第 009/020 页...
2026-03-02 03:58:18 - mkk_comic - app.py:587 - INFO - 正在下载第 010/020 页...
2026-03-02 03:58:18 - mkk_comic - app.py:587 - INFO - 正在下载第 011/020 页...
2026-03-02 03:58:18 - mkk_comic - app.py:587 - INFO - 正在下载第 012/020 页...
2026-03-02 03:58:18 - mkk_comic - app.py:587 - INFO - 正在下载第 013/020 页...
2026-03-02 03:58:18 - mkk_comic - app.py:587 - INFO - 正在下载第 014/020 页...
2026-03-02 03:58:18 - mkk_comic - app.py:587 - INFO - 正在下载第 015/020 页...
2026-03-02 03:58:18 - mkk_comic - app.py:587 - INFO - 正在下载第 016/020 页...
2026-03-02 03:58:18 - mkk_comic - app.py:587 - INFO - 正在下载第 017/020 页...
2026-03-02 03:58:18 - mkk_comic - app.py:587 - INFO - 正在下载第 018/020 页...
2026-03-02 03:58:18 - mkk_comic - app.py:587 - INFO - 正在下载第 019/020 页...
2026-03-02 03:58:18 - mkk_comic - app.py:587 - INFO - 正在下载第 020/020 页...
2026-03-02 03:58:19 - mkk_comic - app.py:511 - INFO - 下载完成!
2026-03-02 03:58:19 - mkk_comic - app.py:512 - INFO - 成功下载: 20/20 页
2026-03-02 03:58:19 - mkk_comic - app.py:523 - INFO - 章节下载完成，等待 8.2 秒后继续...
2026-03-02 03:58:27 - mkk_comic - app.py:494 - INFO - 正在下载第132章: 第108话    UUID:8474189c-54e1-11ed-9021-024352452ce0
2026-03-02 03:58:28 - mkk_comic - app.py:502 - INFO - 创建目录: ./out/電鋸人/第108话
2026-03-02 03:58:28 - mkk_comic - app.py:505 - INFO - 开始下载: 電鋸人 - 第108话
2026-03-02 03:58:28 - mkk_comic - app.py:506 - INFO - 总页数: 17
2026-03-02 03:58:28 - mkk_comic - app.py:587 - INFO - 正在下载第 001/017 页...
2026-03-02 03:58:28 - mkk_comic - app.py:587 - INFO - 正在下载第 002/017 页...
2026-03-02 03:58:28 - mkk_comic - app.py:587 - INFO - 正在下载第 003/017 页...
2026-03-02 03:58:28 - mkk_comic - app.py:587 - INFO - 正在下载第 004/017 页...
2026-03-02 03:58:28 - mkk_comic - app.py:587 - INFO - 正在下载第 005/017 页...
2026-03-02 03:58:28 - mkk_comic - app.py:587 - INFO - 正在下载第 006/017 页...
2026-03-02 03:58:28 - mkk_comic - app.py:587 - INFO - 正在下载第 007/017 页...
2026-03-02 03:58:28 - mkk_comic - app.py:587 - INFO - 正在下载第 008/017 页...
2026-03-02 03:58:28 - mkk_comic - app.py:587 - INFO - 正在下载第 009/017 页...
2026-03-02 03:58:28 - mkk_comic - app.py:587 - INFO - 正在下载第 010/017 页...
2026-03-02 03:58:28 - mkk_comic - app.py:587 - INFO - 正在下载第 011/017 页...
2026-03-02 03:58:28 - mkk_comic - app.py:587 - INFO - 正在下载第 012/017 页...
2026-03-02 03:58:28 - mkk_comic - app.py:587 - INFO - 正在下载第 013/017 页...
2026-03-02 03:58:28 - mkk_comic - app.py:587 - INFO - 正在下载第 014/017 页...
2026-03-02 03:58:28 - mkk_comic - app.py:587 - INFO - 正在下载第 015/017 页...
2026-03-02 03:58:28 - mkk_comic - app.py:587 - INFO - 正在下载第 016/017 页...
2026-03-02 03:58:28 - mkk_comic - app.py:587 - INFO - 正在下载第 017/017 页...
2026-03-02 03:58:28 - mkk_comic - app.py:511 - INFO - 下载完成!
2026-03-02 03:58:28 - mkk_comic - app.py:512 - INFO - 成功下载: 17/17 页
2026-03-02 03:58:28 - mkk_comic - app.py:523 - INFO - 章节下载完成，等待 9.2 秒后继续...
2026-03-02 03:58:38 - mkk_comic - app.py:494 - INFO - 正在下载第133章: 第109话    UUID:6c7f0266-5a8f-11ed-961c-024352452ce0
2026-03-02 03:58:39 - mkk_comic - app.py:502 - INFO - 创建目录: ./out/電鋸人/第109话
2026-03-02 03:58:39 - mkk_comic - app.py:505 - INFO - 开始下载: 電鋸人 - 第109话
2026-03-02 03:58:39 - mkk_comic - app.py:506 - INFO - 总页数: 16
2026-03-02 03:58:39 - mkk_comic - app.py:587 - INFO - 正在下载第 001/016 页...
2026-03-02 03:58:39 - mkk_comic - app.py:587 - INFO - 正在下载第 002/016 页...
2026-03-02 03:58:39 - mkk_comic - app.py:587 - INFO - 正在下载第 003/016 页...
2026-03-02 03:58:39 - mkk_comic - app.py:587 - INFO - 正在下载第 004/016 页...
2026-03-02 03:58:39 - mkk_comic - app.py:587 - INFO - 正在下载第 005/016 页...
2026-03-02 03:58:39 - mkk_comic - app.py:587 - INFO - 正在下载第 006/016 页...
2026-03-02 03:58:39 - mkk_comic - app.py:587 - INFO - 正在下载第 007/016 页...
2026-03-02 03:58:39 - mkk_comic - app.py:587 - INFO - 正在下载第 008/016 页...
2026-03-02 03:58:39 - mkk_comic - app.py:587 - INFO - 正在下载第 009/016 页...
2026-03-02 03:58:39 - mkk_comic - app.py:587 - INFO - 正在下载第 010/016 页...
2026-03-02 03:58:39 - mkk_comic - app.py:587 - INFO - 正在下载第 011/016 页...
2026-03-02 03:58:39 - mkk_comic - app.py:587 - INFO - 正在下载第 012/016 页...
2026-03-02 03:58:39 - mkk_comic - app.py:587 - INFO - 正在下载第 013/016 页...
2026-03-02 03:58:39 - mkk_comic - app.py:587 - INFO - 正在下载第 014/016 页...
2026-03-02 03:58:39 - mkk_comic - app.py:587 - INFO - 正在下载第 015/016 页...
2026-03-02 03:58:39 - mkk_comic - app.py:587 - INFO - 正在下载第 016/016 页...
2026-03-02 03:58:39 - mkk_comic - app.py:511 - INFO - 下载完成!
2026-03-02 03:58:39 - mkk_comic - app.py:512 - INFO - 成功下载: 16/16 页
2026-03-02 03:58:39 - mkk_comic - app.py:523 - INFO - 章节下载完成，等待 7.4 秒后继续...
2026-03-02 03:58:47 - mkk_comic - app.py:494 - INFO - 正在下载第134章: 第110话    UUID:faaf4192-601e-11ed-9cec-024352452ce0
2026-03-02 03:58:48 - mkk_comic - app.py:502 - INFO - 创建目录: ./out/電鋸人/第110话
2026-03-02 03:58:48 - mkk_comic - app.py:505 - INFO - 开始下载: 電鋸人 - 第110话
2026-03-02 03:58:48 - mkk_comic - app.py:506 - INFO - 总页数: 19
2026-03-02 03:58:48 - mkk_comic - app.py:587 - INFO - 正在下载第 001/019 页...
2026-03-02 03:58:48 - mkk_comic - app.py:587 - INFO - 正在下载第 002/019 页...
2026-03-02 03:58:48 - mkk_comic - app.py:587 - INFO - 正在下载第 003/019 页...
2026-03-02 03:58:48 - mkk_comic - app.py:587 - INFO - 正在下载第 004/019 页...
2026-03-02 03:58:48 - mkk_comic - app.py:587 - INFO - 正在下载第 005/019 页...
2026-03-02 03:58:48 - mkk_comic - app.py:587 - INFO - 正在下载第 006/019 页...
2026-03-02 03:58:48 - mkk_comic - app.py:587 - INFO - 正在下载第 007/019 页...
2026-03-02 03:58:48 - mkk_comic - app.py:587 - INFO - 正在下载第 008/019 页...
2026-03-02 03:58:48 - mkk_comic - app.py:587 - INFO - 正在下载第 009/019 页...
2026-03-02 03:58:48 - mkk_comic - app.py:587 - INFO - 正在下载第 010/019 页...
2026-03-02 03:58:48 - mkk_comic - app.py:587 - INFO - 正在下载第 011/019 页...
2026-03-02 03:58:48 - mkk_comic - app.py:587 - INFO - 正在下载第 012/019 页...
2026-03-02 03:58:48 - mkk_comic - app.py:587 - INFO - 正在下载第 013/019 页...
2026-03-02 03:58:48 - mkk_comic - app.py:587 - INFO - 正在下载第 014/019 页...
2026-03-02 03:58:48 - mkk_comic - app.py:587 - INFO - 正在下载第 015/019 页...
2026-03-02 03:58:48 - mkk_comic - app.py:587 - INFO - 正在下载第 016/019 页...
2026-03-02 03:58:48 - mkk_comic - app.py:587 - INFO - 正在下载第 017/019 页...
2026-03-02 03:58:48 - mkk_comic - app.py:587 - INFO - 正在下载第 018/019 页...
2026-03-02 03:58:48 - mkk_comic - app.py:587 - INFO - 正在下载第 019/019 页...
2026-03-02 03:58:48 - mkk_comic - app.py:511 - INFO - 下载完成!
2026-03-02 03:58:48 - mkk_comic - app.py:512 - INFO - 成功下载: 19/19 页
2026-03-02 03:58:48 - mkk_comic - app.py:523 - INFO - 章节下载完成，等待 9.9 秒后继续...
2026-03-02 03:58:58 - mkk_comic - app.py:494 - INFO - 正在下载第135章: 第111话    UUID:ed1a7bf8-672d-11ed-a590-024352452ce0
2026-03-02 03:58:59 - mkk_comic - app.py:502 - INFO - 创建目录: ./out/電鋸人/第111话
2026-03-02 03:58:59 - mkk_comic - app.py:505 - INFO - 开始下载: 電鋸人 - 第111话
2026-03-02 03:58:59 - mkk_comic - app.py:506 - INFO - 总页数: 17
2026-03-02 03:58:59 - mkk_comic - app.py:587 - INFO - 正在下载第 001/017 页...
2026-03-02 03:58:59 - mkk_comic - app.py:587 - INFO - 正在下载第 002/017 页...
2026-03-02 03:58:59 - mkk_comic - app.py:587 - INFO - 正在下载第 003/017 页...
2026-03-02 03:58:59 - mkk_comic - app.py:587 - INFO - 正在下载第 004/017 页...
2026-03-02 03:58:59 - mkk_comic - app.py:587 - INFO - 正在下载第 005/017 页...
2026-03-02 03:58:59 - mkk_comic - app.py:587 - INFO - 正在下载第 006/017 页...
2026-03-02 03:58:59 - mkk_comic - app.py:587 - INFO - 正在下载第 007/017 页...
2026-03-02 03:58:59 - mkk_comic - app.py:587 - INFO - 正在下载第 008/017 页...
2026-03-02 03:58:59 - mkk_comic - app.py:587 - INFO - 正在下载第 009/017 页...
2026-03-02 03:58:59 - mkk_comic - app.py:587 - INFO - 正在下载第 010/017 页...
2026-03-02 03:58:59 - mkk_comic - app.py:587 - INFO - 正在下载第 011/017 页...
2026-03-02 03:58:59 - mkk_comic - app.py:587 - INFO - 正在下载第 012/017 页...
2026-03-02 03:58:59 - mkk_comic - app.py:587 - INFO - 正在下载第 013/017 页...
2026-03-02 03:58:59 - mkk_comic - app.py:587 - INFO - 正在下载第 014/017 页...
2026-03-02 03:58:59 - mkk_comic - app.py:587 - INFO - 正在下载第 015/017 页...
2026-03-02 03:58:59 - mkk_comic - app.py:587 - INFO - 正在下载第 016/017 页...
2026-03-02 03:58:59 - mkk_comic - app.py:587 - INFO - 正在下载第 017/017 页...
2026-03-02 03:58:59 - mkk_comic - app.py:511 - INFO - 下载完成!
2026-03-02 03:58:59 - mkk_comic - app.py:512 - INFO - 成功下载: 17/17 页
2026-03-02 03:58:59 - mkk_comic - app.py:523 - INFO - 章节下载完成，等待 5.7 秒后继续...
2026-03-02 03:59:06 - mkk_comic - app.py:494 - INFO - 正在下载第136章: 第112话    UUID:e44a7afc-6b27-11ed-ac00-024352452ce0
2026-03-02 03:59:06 - mkk_comic - app.py:502 - INFO - 创建目录: ./out/電鋸人/第112话
2026-03-02 03:59:06 - mkk_comic - app.py:505 - INFO - 开始下载: 電鋸人 - 第112话
2026-03-02 03:59:06 - mkk_comic - app.py:506 - INFO - 总页数: 28
2026-03-02 03:59:06 - mkk_comic - app.py:587 - INFO - 正在下载第 001/028 页...
2026-03-02 03:59:06 - mkk_comic - app.py:587 - INFO - 正在下载第 002/028 页...
2026-03-02 03:59:06 - mkk_comic - app.py:587 - INFO - 正在下载第 003/028 页...
2026-03-02 03:59:06 - mkk_comic - app.py:587 - INFO - 正在下载第 004/028 页...
2026-03-02 03:59:06 - mkk_comic - app.py:587 - INFO - 正在下载第 005/028 页...
2026-03-02 03:59:06 - mkk_comic - app.py:587 - INFO - 正在下载第 006/028 页...
2026-03-02 03:59:06 - mkk_comic - app.py:587 - INFO - 正在下载第 007/028 页...
2026-03-02 03:59:06 - mkk_comic - app.py:587 - INFO - 正在下载第 008/028 页...
2026-03-02 03:59:06 - mkk_comic - app.py:587 - INFO - 正在下载第 009/028 页...
2026-03-02 03:59:06 - mkk_comic - app.py:587 - INFO - 正在下载第 010/028 页...
2026-03-02 03:59:06 - mkk_comic - app.py:587 - INFO - 正在下载第 011/028 页...
2026-03-02 03:59:06 - mkk_comic - app.py:587 - INFO - 正在下载第 012/028 页...
2026-03-02 03:59:06 - mkk_comic - app.py:587 - INFO - 正在下载第 013/028 页...
2026-03-02 03:59:06 - mkk_comic - app.py:587 - INFO - 正在下载第 014/028 页...
2026-03-02 03:59:06 - mkk_comic - app.py:587 - INFO - 正在下载第 015/028 页...
2026-03-02 03:59:06 - mkk_comic - app.py:587 - INFO - 正在下载第 016/028 页...
2026-03-02 03:59:06 - mkk_comic - app.py:587 - INFO - 正在下载第 017/028 页...
2026-03-02 03:59:06 - mkk_comic - app.py:587 - INFO - 正在下载第 018/028 页...
2026-03-02 03:59:06 - mkk_comic - app.py:587 - INFO - 正在下载第 019/028 页...
2026-03-02 03:59:06 - mkk_comic - app.py:587 - INFO - 正在下载第 020/028 页...
2026-03-02 03:59:06 - mkk_comic - app.py:587 - INFO - 正在下载第 021/028 页...
2026-03-02 03:59:06 - mkk_comic - app.py:587 - INFO - 正在下载第 022/028 页...
2026-03-02 03:59:06 - mkk_comic - app.py:587 - INFO - 正在下载第 023/028 页...
2026-03-02 03:59:07 - mkk_comic - app.py:587 - INFO - 正在下载第 024/028 页...
2026-03-02 03:59:07 - mkk_comic - app.py:587 - INFO - 正在下载第 025/028 页...
2026-03-02 03:59:07 - mkk_comic - app.py:587 - INFO - 正在下载第 026/028 页...
2026-03-02 03:59:07 - mkk_comic - app.py:587 - INFO - 正在下载第 027/028 页...
2026-03-02 03:59:07 - mkk_comic - app.py:587 - INFO - 正在下载第 028/028 页...
2026-03-02 03:59:07 - mkk_comic - app.py:511 - INFO - 下载完成!
2026-03-02 03:59:07 - mkk_comic - app.py:512 - INFO - 成功下载: 28/28 页
2026-03-02 03:59:07 - mkk_comic - app.py:523 - INFO - 章节下载完成，等待 9.7 秒后继续...
2026-03-02 03:59:17 - mkk_comic - app.py:494 - INFO - 正在下载第137章: 第113话    UUID:1783f146-7622-11ed-b8a3-024352452ce0
2026-03-02 03:59:18 - mkk_comic - app.py:502 - INFO - 创建目录: ./out/電鋸人/第113话
2026-03-02 03:59:18 - mkk_comic - app.py:505 - INFO - 开始下载: 電鋸人 - 第113话
2026-03-02 03:59:18 - mkk_comic - app.py:506 - INFO - 总页数: 18
2026-03-02 03:59:18 - mkk_comic - app.py:587 - INFO - 正在下载第 001/018 页...
2026-03-02 03:59:18 - mkk_comic - app.py:587 - INFO - 正在下载第 002/018 页...
2026-03-02 03:59:18 - mkk_comic - app.py:587 - INFO - 正在下载第 003/018 页...
2026-03-02 03:59:18 - mkk_comic - app.py:587 - INFO - 正在下载第 004/018 页...
2026-03-02 03:59:18 - mkk_comic - app.py:587 - INFO - 正在下载第 005/018 页...
2026-03-02 03:59:18 - mkk_comic - app.py:587 - INFO - 正在下载第 006/018 页...
2026-03-02 03:59:18 - mkk_comic - app.py:587 - INFO - 正在下载第 007/018 页...
2026-03-02 03:59:18 - mkk_comic - app.py:587 - INFO - 正在下载第 008/018 页...
2026-03-02 03:59:18 - mkk_comic - app.py:587 - INFO - 正在下载第 009/018 页...
2026-03-02 03:59:18 - mkk_comic - app.py:587 - INFO - 正在下载第 010/018 页...
2026-03-02 03:59:18 - mkk_comic - app.py:587 - INFO - 正在下载第 011/018 页...
2026-03-02 03:59:18 - mkk_comic - app.py:587 - INFO - 正在下载第 012/018 页...
2026-03-02 03:59:18 - mkk_comic - app.py:587 - INFO - 正在下载第 013/018 页...
2026-03-02 03:59:18 - mkk_comic - app.py:587 - INFO - 正在下载第 014/018 页...
2026-03-02 03:59:18 - mkk_comic - app.py:587 - INFO - 正在下载第 015/018 页...
2026-03-02 03:59:18 - mkk_comic - app.py:587 - INFO - 正在下载第 016/018 页...
2026-03-02 03:59:18 - mkk_comic - app.py:587 - INFO - 正在下载第 017/018 页...
2026-03-02 03:59:18 - mkk_comic - app.py:587 - INFO - 正在下载第 018/018 页...
2026-03-02 03:59:18 - mkk_comic - app.py:511 - INFO - 下载完成!
2026-03-02 03:59:18 - mkk_comic - app.py:512 - INFO - 成功下载: 18/18 页
2026-03-02 03:59:18 - mkk_comic - app.py:523 - INFO - 章节下载完成，等待 9.4 秒后继续...
2026-03-02 03:59:28 - mkk_comic - app.py:494 - INFO - 正在下载第138章: 第114话    UUID:befcc470-8130-11ed-8351-024352452ce0
2026-03-02 03:59:28 - mkk_comic - app.py:502 - INFO - 创建目录: ./out/電鋸人/第114话
2026-03-02 03:59:28 - mkk_comic - app.py:505 - INFO - 开始下载: 電鋸人 - 第114话
2026-03-02 03:59:28 - mkk_comic - app.py:506 - INFO - 总页数: 24
2026-03-02 03:59:28 - mkk_comic - app.py:587 - INFO - 正在下载第 001/024 页...
2026-03-02 03:59:28 - mkk_comic - app.py:587 - INFO - 正在下载第 002/024 页...
2026-03-02 03:59:29 - mkk_comic - app.py:587 - INFO - 正在下载第 003/024 页...
2026-03-02 03:59:29 - mkk_comic - app.py:587 - INFO - 正在下载第 004/024 页...
2026-03-02 03:59:29 - mkk_comic - app.py:587 - INFO - 正在下载第 005/024 页...
2026-03-02 03:59:29 - mkk_comic - app.py:587 - INFO - 正在下载第 006/024 页...
2026-03-02 03:59:29 - mkk_comic - app.py:587 - INFO - 正在下载第 007/024 页...
2026-03-02 03:59:29 - mkk_comic - app.py:587 - INFO - 正在下载第 008/024 页...
2026-03-02 03:59:29 - mkk_comic - app.py:587 - INFO - 正在下载第 009/024 页...
2026-03-02 03:59:29 - mkk_comic - app.py:587 - INFO - 正在下载第 010/024 页...
2026-03-02 03:59:29 - mkk_comic - app.py:587 - INFO - 正在下载第 011/024 页...
2026-03-02 03:59:29 - mkk_comic - app.py:587 - INFO - 正在下载第 012/024 页...
2026-03-02 03:59:29 - mkk_comic - app.py:587 - INFO - 正在下载第 013/024 页...
2026-03-02 03:59:29 - mkk_comic - app.py:587 - INFO - 正在下载第 014/024 页...
2026-03-02 03:59:29 - mkk_comic - app.py:587 - INFO - 正在下载第 015/024 页...
2026-03-02 03:59:29 - mkk_comic - app.py:587 - INFO - 正在下载第 016/024 页...
2026-03-02 03:59:29 - mkk_comic - app.py:587 - INFO - 正在下载第 017/024 页...
2026-03-02 03:59:29 - mkk_comic - app.py:587 - INFO - 正在下载第 018/024 页...
2026-03-02 03:59:29 - mkk_comic - app.py:587 - INFO - 正在下载第 019/024 页...
2026-03-02 03:59:29 - mkk_comic - app.py:587 - INFO - 正在下载第 020/024 页...
2026-03-02 03:59:29 - mkk_comic - app.py:587 - INFO - 正在下载第 021/024 页...
2026-03-02 03:59:29 - mkk_comic - app.py:587 - INFO - 正在下载第 022/024 页...
2026-03-02 03:59:29 - mkk_comic - app.py:587 - INFO - 正在下载第 023/024 页...
2026-03-02 03:59:29 - mkk_comic - app.py:587 - INFO - 正在下载第 024/024 页...
2026-03-02 03:59:29 - mkk_comic - app.py:511 - INFO - 下载完成!
2026-03-02 03:59:29 - mkk_comic - app.py:512 - INFO - 成功下载: 24/24 页
2026-03-02 03:59:29 - mkk_comic - app.py:523 - INFO - 章节下载完成，等待 7.2 秒后继续...
2026-03-02 03:59:37 - mkk_comic - app.py:494 - INFO - 正在下载第139章: 第115话    UUID:f481208e-864c-11ed-866f-024352452ce0
2026-03-02 03:59:37 - mkk_comic - app.py:502 - INFO - 创建目录: ./out/電鋸人/第115话
2026-03-02 03:59:37 - mkk_comic - app.py:505 - INFO - 开始下载: 電鋸人 - 第115话
2026-03-02 03:59:37 - mkk_comic - app.py:506 - INFO - 总页数: 11
2026-03-02 03:59:37 - mkk_comic - app.py:587 - INFO - 正在下载第 001/011 页...
2026-03-02 03:59:37 - mkk_comic - app.py:587 - INFO - 正在下载第 002/011 页...
2026-03-02 03:59:37 - mkk_comic - app.py:587 - INFO - 正在下载第 003/011 页...
2026-03-02 03:59:37 - mkk_comic - app.py:587 - INFO - 正在下载第 004/011 页...
2026-03-02 03:59:37 - mkk_comic - app.py:587 - INFO - 正在下载第 005/011 页...
2026-03-02 03:59:38 - mkk_comic - app.py:587 - INFO - 正在下载第 006/011 页...
2026-03-02 03:59:38 - mkk_comic - app.py:587 - INFO - 正在下载第 007/011 页...
2026-03-02 03:59:38 - mkk_comic - app.py:587 - INFO - 正在下载第 008/011 页...
2026-03-02 03:59:38 - mkk_comic - app.py:587 - INFO - 正在下载第 009/011 页...
2026-03-02 03:59:38 - mkk_comic - app.py:587 - INFO - 正在下载第 010/011 页...
2026-03-02 03:59:38 - mkk_comic - app.py:587 - INFO - 正在下载第 011/011 页...
2026-03-02 03:59:38 - mkk_comic - app.py:511 - INFO - 下载完成!
2026-03-02 03:59:38 - mkk_comic - app.py:512 - INFO - 成功下载: 11/11 页
2026-03-02 03:59:38 - mkk_comic - app.py:523 - INFO - 章节下载完成，等待 7.1 秒后继续...
2026-03-02 03:59:45 - mkk_comic - app.py:494 - INFO - 正在下载第140章: 第116话    UUID:af8c3b40-8bd2-11ed-8a41-024352452ce0
2026-03-02 03:59:46 - mkk_comic - app.py:502 - INFO - 创建目录: ./out/電鋸人/第116话
2026-03-02 03:59:46 - mkk_comic - app.py:505 - INFO - 开始下载: 電鋸人 - 第116话
2026-03-02 03:59:46 - mkk_comic - app.py:506 - INFO - 总页数: 20
2026-03-02 03:59:46 - mkk_comic - app.py:587 - INFO - 正在下载第 001/020 页...
2026-03-02 03:59:46 - mkk_comic - app.py:587 - INFO - 正在下载第 002/020 页...
2026-03-02 03:59:46 - mkk_comic - app.py:587 - INFO - 正在下载第 003/020 页...
2026-03-02 03:59:46 - mkk_comic - app.py:587 - INFO - 正在下载第 004/020 页...
2026-03-02 03:59:46 - mkk_comic - app.py:587 - INFO - 正在下载第 005/020 页...
2026-03-02 03:59:46 - mkk_comic - app.py:587 - INFO - 正在下载第 006/020 页...
2026-03-02 03:59:46 - mkk_comic - app.py:587 - INFO - 正在下载第 007/020 页...
2026-03-02 03:59:46 - mkk_comic - app.py:587 - INFO - 正在下载第 008/020 页...
2026-03-02 03:59:46 - mkk_comic - app.py:587 - INFO - 正在下载第 009/020 页...
2026-03-02 03:59:46 - mkk_comic - app.py:587 - INFO - 正在下载第 010/020 页...
2026-03-02 03:59:46 - mkk_comic - app.py:587 - INFO - 正在下载第 011/020 页...
2026-03-02 03:59:46 - mkk_comic - app.py:587 - INFO - 正在下载第 012/020 页...
2026-03-02 03:59:46 - mkk_comic - app.py:587 - INFO - 正在下载第 013/020 页...
2026-03-02 03:59:46 - mkk_comic - app.py:587 - INFO - 正在下载第 014/020 页...
2026-03-02 03:59:46 - mkk_comic - app.py:587 - INFO - 正在下载第 015/020 页...
2026-03-02 03:59:46 - mkk_comic - app.py:587 - INFO - 正在下载第 016/020 页...
2026-03-02 03:59:46 - mkk_comic - app.py:587 - INFO - 正在下载第 017/020 页...
2026-03-02 03:59:46 - mkk_comic - app.py:587 - INFO - 正在下载第 018/020 页...
2026-03-02 03:59:46 - mkk_comic - app.py:587 - INFO - 正在下载第 019/020 页...
2026-03-02 03:59:46 - mkk_comic - app.py:587 - INFO - 正在下载第 020/020 页...
2026-03-02 03:59:46 - mkk_comic - app.py:511 - INFO - 下载完成!
2026-03-02 03:59:46 - mkk_comic - app.py:512 - INFO - 成功下载: 20/20 页
2026-03-02 03:59:46 - mkk_comic - app.py:523 - INFO - 章节下载完成，等待 8.2 秒后继续...
2026-03-02 03:59:55 - mkk_comic - app.py:494 - INFO - 正在下载第141章: 第117话    UUID:5e7fb032-9155-11ed-8de0-024352452ce0
2026-03-02 03:59:56 - mkk_comic - app.py:502 - INFO - 创建目录: ./out/電鋸人/第117话
2026-03-02 03:59:56 - mkk_comic - app.py:505 - INFO - 开始下载: 電鋸人 - 第117话
2026-03-02 03:59:56 - mkk_comic - app.py:506 - INFO - 总页数: 19
2026-03-02 03:59:56 - mkk_comic - app.py:587 - INFO - 正在下载第 001/019 页...
2026-03-02 03:59:56 - mkk_comic - app.py:587 - INFO - 正在下载第 002/019 页...
2026-03-02 03:59:56 - mkk_comic - app.py:587 - INFO - 正在下载第 003/019 页...
2026-03-02 03:59:56 - mkk_comic - app.py:587 - INFO - 正在下载第 004/019 页...
2026-03-02 03:59:56 - mkk_comic - app.py:587 - INFO - 正在下载第 005/019 页...
2026-03-02 03:59:56 - mkk_comic - app.py:587 - INFO - 正在下载第 006/019 页...
2026-03-02 03:59:56 - mkk_comic - app.py:587 - INFO - 正在下载第 007/019 页...
2026-03-02 03:59:56 - mkk_comic - app.py:587 - INFO - 正在下载第 008/019 页...
2026-03-02 03:59:56 - mkk_comic - app.py:587 - INFO - 正在下载第 009/019 页...
2026-03-02 03:59:56 - mkk_comic - app.py:587 - INFO - 正在下载第 010/019 页...
2026-03-02 03:59:56 - mkk_comic - app.py:587 - INFO - 正在下载第 011/019 页...
2026-03-02 03:59:56 - mkk_comic - app.py:587 - INFO - 正在下载第 012/019 页...
2026-03-02 03:59:56 - mkk_comic - app.py:587 - INFO - 正在下载第 013/019 页...
2026-03-02 03:59:56 - mkk_comic - app.py:587 - INFO - 正在下载第 014/019 页...
2026-03-02 03:59:56 - mkk_comic - app.py:587 - INFO - 正在下载第 015/019 页...
2026-03-02 03:59:56 - mkk_comic - app.py:587 - INFO - 正在下载第 016/019 页...
2026-03-02 03:59:56 - mkk_comic - app.py:587 - INFO - 正在下载第 017/019 页...
2026-03-02 03:59:56 - mkk_comic - app.py:587 - INFO - 正在下载第 018/019 页...
2026-03-02 03:59:56 - mkk_comic - app.py:587 - INFO - 正在下载第 019/019 页...
2026-03-02 03:59:56 - mkk_comic - app.py:511 - INFO - 下载完成!
2026-03-02 03:59:56 - mkk_comic - app.py:512 - INFO - 成功下载: 19/19 页
2026-03-02 03:59:56 - mkk_comic - app.py:523 - INFO - 章节下载完成，等待 5.4 秒后继续...
2026-03-02 04:00:02 - mkk_comic - app.py:494 - INFO - 正在下载第142章: 第118话    UUID:ef20f8e4-96d7-11ed-91b1-024352452ce0
2026-03-02 04:00:03 - mkk_comic - app.py:502 - INFO - 创建目录: ./out/電鋸人/第118话
2026-03-02 04:00:03 - mkk_comic - app.py:505 - INFO - 开始下载: 電鋸人 - 第118话
2026-03-02 04:00:03 - mkk_comic - app.py:506 - INFO - 总页数: 14
2026-03-02 04:00:03 - mkk_comic - app.py:587 - INFO - 正在下载第 001/014 页...
2026-03-02 04:00:03 - mkk_comic - app.py:587 - INFO - 正在下载第 002/014 页...
2026-03-02 04:00:03 - mkk_comic - app.py:587 - INFO - 正在下载第 003/014 页...
2026-03-02 04:00:03 - mkk_comic - app.py:587 - INFO - 正在下载第 004/014 页...
2026-03-02 04:00:03 - mkk_comic - app.py:587 - INFO - 正在下载第 005/014 页...
2026-03-02 04:00:03 - mkk_comic - app.py:587 - INFO - 正在下载第 006/014 页...
2026-03-02 04:00:03 - mkk_comic - app.py:587 - INFO - 正在下载第 007/014 页...
2026-03-02 04:00:03 - mkk_comic - app.py:587 - INFO - 正在下载第 008/014 页...
2026-03-02 04:00:03 - mkk_comic - app.py:587 - INFO - 正在下载第 009/014 页...
2026-03-02 04:00:03 - mkk_comic - app.py:587 - INFO - 正在下载第 010/014 页...
2026-03-02 04:00:03 - mkk_comic - app.py:587 - INFO - 正在下载第 011/014 页...
2026-03-02 04:00:03 - mkk_comic - app.py:587 - INFO - 正在下载第 012/014 页...
2026-03-02 04:00:03 - mkk_comic - app.py:587 - INFO - 正在下载第 013/014 页...
2026-03-02 04:00:03 - mkk_comic - app.py:587 - INFO - 正在下载第 014/014 页...
2026-03-02 04:00:03 - mkk_comic - app.py:511 - INFO - 下载完成!
2026-03-02 04:00:03 - mkk_comic - app.py:512 - INFO - 成功下载: 14/14 页
2026-03-02 04:00:03 - mkk_comic - app.py:523 - INFO - 章节下载完成，等待 9.7 秒后继续...
2026-03-02 04:00:14 - mkk_comic - app.py:494 - INFO - 正在下载第143章: 第119话    UUID:15d14734-a1d0-11ed-97dd-024352452ce0
2026-03-02 04:00:14 - mkk_comic - app.py:502 - INFO - 创建目录: ./out/電鋸人/第119话
2026-03-02 04:00:14 - mkk_comic - app.py:505 - INFO - 开始下载: 電鋸人 - 第119话
2026-03-02 04:00:14 - mkk_comic - app.py:506 - INFO - 总页数: 16
2026-03-02 04:00:14 - mkk_comic - app.py:587 - INFO - 正在下载第 001/016 页...
2026-03-02 04:00:14 - mkk_comic - app.py:587 - INFO - 正在下载第 002/016 页...
2026-03-02 04:00:14 - mkk_comic - app.py:587 - INFO - 正在下载第 003/016 页...
2026-03-02 04:00:14 - mkk_comic - app.py:587 - INFO - 正在下载第 004/016 页...
2026-03-02 04:00:14 - mkk_comic - app.py:587 - INFO - 正在下载第 005/016 页...
2026-03-02 04:00:14 - mkk_comic - app.py:587 - INFO - 正在下载第 006/016 页...
2026-03-02 04:00:14 - mkk_comic - app.py:587 - INFO - 正在下载第 007/016 页...
2026-03-02 04:00:14 - mkk_comic - app.py:587 - INFO - 正在下载第 008/016 页...
2026-03-02 04:00:14 - mkk_comic - app.py:587 - INFO - 正在下载第 009/016 页...
2026-03-02 04:00:14 - mkk_comic - app.py:587 - INFO - 正在下载第 010/016 页...
2026-03-02 04:00:14 - mkk_comic - app.py:587 - INFO - 正在下载第 011/016 页...
2026-03-02 04:00:14 - mkk_comic - app.py:587 - INFO - 正在下载第 012/016 页...
2026-03-02 04:00:14 - mkk_comic - app.py:587 - INFO - 正在下载第 013/016 页...
2026-03-02 04:00:14 - mkk_comic - app.py:587 - INFO - 正在下载第 014/016 页...
2026-03-02 04:00:14 - mkk_comic - app.py:587 - INFO - 正在下载第 015/016 页...
2026-03-02 04:00:14 - mkk_comic - app.py:587 - INFO - 正在下载第 016/016 页...
2026-03-02 04:00:15 - mkk_comic - app.py:511 - INFO - 下载完成!
2026-03-02 04:00:15 - mkk_comic - app.py:512 - INFO - 成功下载: 16/16 页
2026-03-02 04:00:15 - mkk_comic - app.py:523 - INFO - 章节下载完成，等待 7.0 秒后继续...
2026-03-02 04:00:22 - mkk_comic - app.py:494 - INFO - 正在下载第144章: 第120话    UUID:12311044-acc7-11ed-a0f2-024352452ce0
2026-03-02 04:00:23 - mkk_comic - app.py:502 - INFO - 创建目录: ./out/電鋸人/第120话
2026-03-02 04:00:23 - mkk_comic - app.py:505 - INFO - 开始下载: 電鋸人 - 第120话
2026-03-02 04:00:23 - mkk_comic - app.py:506 - INFO - 总页数: 16
2026-03-02 04:00:23 - mkk_comic - app.py:587 - INFO - 正在下载第 001/016 页...
2026-03-02 04:00:23 - mkk_comic - app.py:587 - INFO - 正在下载第 002/016 页...
2026-03-02 04:00:23 - mkk_comic - app.py:587 - INFO - 正在下载第 003/016 页...
2026-03-02 04:00:23 - mkk_comic - app.py:587 - INFO - 正在下载第 004/016 页...
2026-03-02 04:00:23 - mkk_comic - app.py:587 - INFO - 正在下载第 005/016 页...
2026-03-02 04:00:23 - mkk_comic - app.py:587 - INFO - 正在下载第 006/016 页...
2026-03-02 04:00:23 - mkk_comic - app.py:587 - INFO - 正在下载第 007/016 页...
2026-03-02 04:00:23 - mkk_comic - app.py:587 - INFO - 正在下载第 008/016 页...
2026-03-02 04:00:23 - mkk_comic - app.py:587 - INFO - 正在下载第 009/016 页...
2026-03-02 04:00:23 - mkk_comic - app.py:587 - INFO - 正在下载第 010/016 页...
2026-03-02 04:00:23 - mkk_comic - app.py:587 - INFO - 正在下载第 011/016 页...
2026-03-02 04:00:23 - mkk_comic - app.py:587 - INFO - 正在下载第 012/016 页...
2026-03-02 04:00:23 - mkk_comic - app.py:587 - INFO - 正在下载第 013/016 页...
2026-03-02 04:00:23 - mkk_comic - app.py:587 - INFO - 正在下载第 014/016 页...
2026-03-02 04:00:23 - mkk_comic - app.py:587 - INFO - 正在下载第 015/016 页...
2026-03-02 04:00:23 - mkk_comic - app.py:587 - INFO - 正在下载第 016/016 页...
2026-03-02 04:00:23 - mkk_comic - app.py:511 - INFO - 下载完成!
2026-03-02 04:00:23 - mkk_comic - app.py:512 - INFO - 成功下载: 16/16 页
2026-03-02 04:00:23 - mkk_comic - app.py:523 - INFO - 章节下载完成，等待 5.6 秒后继续...
2026-03-02 04:00:29 - mkk_comic - app.py:863 - INFO - ===== 检查更新完成 =====

