2026-03-22 04:02:57 - mkk_comic - app.py:868 - INFO - 运行环境：GitHub Actions（自动化模式）
2026-03-22 04:02:57 - mkk_comic - app.py:825 - INFO - ===== 开始检查更新=====
2026-03-22 04:02:57 - mkk_comic - app.py:843 - INFO - 【海贼王】上次下载至第329章
2026-03-22 04:02:58 - mkk_comic - app.py:850 - INFO - 【海贼王】检测到更新！最新：381章
2026-03-22 04:02:58 - mkk_comic - app.py:853 - INFO - 【海贼王】最大下载限制为10章-需下载330~339章）
2026-03-22 04:02:59 - mkk_comic - app.py:494 - INFO - 正在下载第330章: 第1125话    UUID:10bd1468-6e88-11ef-b1cd-3f487b7d9a9a
2026-03-22 04:03:00 - mkk_comic - app.py:502 - INFO - 创建目录: ./out/海贼王/第1125话
2026-03-22 04:03:00 - mkk_comic - app.py:505 - INFO - 开始下载: 海贼王 - 第1125话
2026-03-22 04:03:00 - mkk_comic - app.py:506 - INFO - 总页数: 17
2026-03-22 04:03:00 - mkk_comic - app.py:587 - INFO - 正在下载第 001/017 页...
2026-03-22 04:03:00 - mkk_comic - app.py:587 - INFO - 正在下载第 002/017 页...
2026-03-22 04:03:00 - mkk_comic - app.py:587 - INFO - 正在下载第 003/017 页...
2026-03-22 04:03:00 - mkk_comic - app.py:587 - INFO - 正在下载第 004/017 页...
2026-03-22 04:03:00 - mkk_comic - app.py:587 - INFO - 正在下载第 005/017 页...
2026-03-22 04:03:00 - mkk_comic - app.py:587 - INFO - 正在下载第 006/017 页...
2026-03-22 04:03:00 - mkk_comic - app.py:587 - INFO - 正在下载第 007/017 页...
2026-03-22 04:03:00 - mkk_comic - app.py:587 - INFO - 正在下载第 008/017 页...
2026-03-22 04:03:00 - mkk_comic - app.py:587 - INFO - 正在下载第 009/017 页...
2026-03-22 04:03:00 - mkk_comic - app.py:587 - INFO - 正在下载第 010/017 页...
2026-03-22 04:03:00 - mkk_comic - app.py:587 - INFO - 正在下载第 011/017 页...
2026-03-22 04:03:00 - mkk_comic - app.py:587 - INFO - 正在下载第 012/017 页...
2026-03-22 04:03:00 - mkk_comic - app.py:587 - INFO - 正在下载第 013/017 页...
2026-03-22 04:03:00 - mkk_comic - app.py:587 - INFO - 正在下载第 014/017 页...
2026-03-22 04:03:00 - mkk_comic - app.py:587 - INFO - 正在下载第 015/017 页...
2026-03-22 04:03:00 - mkk_comic - app.py:587 - INFO - 正在下载第 016/017 页...
2026-03-22 04:03:00 - mkk_comic - app.py:587 - INFO - 正在下载第 017/017 页...
2026-03-22 04:03:00 - mkk_comic - app.py:511 - INFO - 下载完成!
2026-03-22 04:03:00 - mkk_comic - app.py:512 - INFO - 成功下载: 17/17 页
2026-03-22 04:03:00 - mkk_comic - app.py:523 - INFO - 章节下载完成，等待 5.8 秒后继续...
2026-03-22 04:03:07 - mkk_comic - app.py:494 - INFO - 正在下载第331章: 第1126话    UUID:e29e2d74-74b3-11ef-b4a6-3f487b7d9a9a
2026-03-22 04:03:08 - mkk_comic - app.py:502 - INFO - 创建目录: ./out/海贼王/第1126话
2026-03-22 04:03:08 - mkk_comic - app.py:505 - INFO - 开始下载: 海贼王 - 第1126话
2026-03-22 04:03:08 - mkk_comic - app.py:506 - INFO - 总页数: 17
2026-03-22 04:03:08 - mkk_comic - app.py:587 - INFO - 正在下载第 001/017 页...
2026-03-22 04:03:08 - mkk_comic - app.py:587 - INFO - 正在下载第 002/017 页...
2026-03-22 04:03:08 - mkk_comic - app.py:587 - INFO - 正在下载第 003/017 页...
2026-03-22 04:03:08 - mkk_comic - app.py:587 - INFO - 正在下载第 004/017 页...
2026-03-22 04:03:08 - mkk_comic - app.py:587 - INFO - 正在下载第 005/017 页...
2026-03-22 04:03:08 - mkk_comic - app.py:587 - INFO - 正在下载第 006/017 页...
2026-03-22 04:03:08 - mkk_comic - app.py:587 - INFO - 正在下载第 007/017 页...
2026-03-22 04:03:08 - mkk_comic - app.py:587 - INFO - 正在下载第 008/017 页...
2026-03-22 04:03:08 - mkk_comic - app.py:587 - INFO - 正在下载第 009/017 页...
2026-03-22 04:03:08 - mkk_comic - app.py:587 - INFO - 正在下载第 010/017 页...
2026-03-22 04:03:08 - mkk_comic - app.py:587 - INFO - 正在下载第 011/017 页...
2026-03-22 04:03:08 - mkk_comic - app.py:587 - INFO - 正在下载第 012/017 页...
2026-03-22 04:03:08 - mkk_comic - app.py:587 - INFO - 正在下载第 013/017 页...
2026-03-22 04:03:08 - mkk_comic - app.py:587 - INFO - 正在下载第 014/017 页...
2026-03-22 04:03:08 - mkk_comic - app.py:587 - INFO - 正在下载第 015/017 页...
2026-03-22 04:03:08 - mkk_comic - app.py:587 - INFO - 正在下载第 016/017 页...
2026-03-22 04:03:08 - mkk_comic - app.py:587 - INFO - 正在下载第 017/017 页...
2026-03-22 04:03:08 - mkk_comic - app.py:511 - INFO - 下载完成!
2026-03-22 04:03:08 - mkk_comic - app.py:512 - INFO - 成功下载: 17/17 页
2026-03-22 04:03:08 - mkk_comic - app.py:523 - INFO - 章节下载完成，等待 7.1 秒后继续...
2026-03-22 04:03:16 - mkk_comic - app.py:494 - INFO - 正在下载第332章: 第1127话    UUID:87e0a62c-7a27-11ef-b6ce-3f487b7d9a9a
2026-03-22 04:03:17 - mkk_comic - app.py:502 - INFO - 创建目录: ./out/海贼王/第1127话
2026-03-22 04:03:17 - mkk_comic - app.py:505 - INFO - 开始下载: 海贼王 - 第1127话
2026-03-22 04:03:17 - mkk_comic - app.py:506 - INFO - 总页数: 15
2026-03-22 04:03:17 - mkk_comic - app.py:587 - INFO - 正在下载第 001/015 页...
2026-03-22 04:03:17 - mkk_comic - app.py:587 - INFO - 正在下载第 002/015 页...
2026-03-22 04:03:17 - mkk_comic - app.py:587 - INFO - 正在下载第 003/015 页...
2026-03-22 04:03:17 - mkk_comic - app.py:587 - INFO - 正在下载第 004/015 页...
2026-03-22 04:03:17 - mkk_comic - app.py:587 - INFO - 正在下载第 005/015 页...
2026-03-22 04:03:17 - mkk_comic - app.py:587 - INFO - 正在下载第 006/015 页...
2026-03-22 04:03:17 - mkk_comic - app.py:587 - INFO - 正在下载第 007/015 页...
2026-03-22 04:03:17 - mkk_comic - app.py:587 - INFO - 正在下载第 008/015 页...
2026-03-22 04:03:17 - mkk_comic - app.py:587 - INFO - 正在下载第 009/015 页...
2026-03-22 04:03:17 - mkk_comic - app.py:587 - INFO - 正在下载第 010/015 页...
2026-03-22 04:03:17 - mkk_comic - app.py:587 - INFO - 正在下载第 011/015 页...
2026-03-22 04:03:17 - mkk_comic - app.py:587 - INFO - 正在下载第 012/015 页...
2026-03-22 04:03:17 - mkk_comic - app.py:587 - INFO - 正在下载第 013/015 页...
2026-03-22 04:03:17 - mkk_comic - app.py:587 - INFO - 正在下载第 014/015 页...
2026-03-22 04:03:17 - mkk_comic - app.py:587 - INFO - 正在下载第 015/015 页...
2026-03-22 04:03:17 - mkk_comic - app.py:511 - INFO - 下载完成!
2026-03-22 04:03:17 - mkk_comic - app.py:512 - INFO - 成功下载: 15/15 页
2026-03-22 04:03:17 - mkk_comic - app.py:523 - INFO - 章节下载完成，等待 5.4 秒后继续...
2026-03-22 04:03:23 - mkk_comic - app.py:494 - INFO - 正在下载第333章: 第1128话    UUID:96111274-8493-11ef-bbd2-3f487b7d9a9a
2026-03-22 04:03:24 - mkk_comic - app.py:502 - INFO - 创建目录: ./out/海贼王/第1128话
2026-03-22 04:03:24 - mkk_comic - app.py:505 - INFO - 开始下载: 海贼王 - 第1128话
2026-03-22 04:03:24 - mkk_comic - app.py:506 - INFO - 总页数: 19
2026-03-22 04:03:24 - mkk_comic - app.py:587 - INFO - 正在下载第 001/019 页...
2026-03-22 04:03:24 - mkk_comic - app.py:587 - INFO - 正在下载第 002/019 页...
2026-03-22 04:03:24 - mkk_comic - app.py:587 - INFO - 正在下载第 003/019 页...
2026-03-22 04:03:24 - mkk_comic - app.py:587 - INFO - 正在下载第 004/019 页...
2026-03-22 04:03:24 - mkk_comic - app.py:587 - INFO - 正在下载第 005/019 页...
2026-03-22 04:03:24 - mkk_comic - app.py:587 - INFO - 正在下载第 006/019 页...
2026-03-22 04:03:24 - mkk_comic - app.py:587 - INFO - 正在下载第 007/019 页...
2026-03-22 04:03:24 - mkk_comic - app.py:587 - INFO - 正在下载第 008/019 页...
2026-03-22 04:03:24 - mkk_comic - app.py:587 - INFO - 正在下载第 009/019 页...
2026-03-22 04:03:24 - mkk_comic - app.py:587 - INFO - 正在下载第 010/019 页...
2026-03-22 04:03:24 - mkk_comic - app.py:587 - INFO - 正在下载第 011/019 页...
2026-03-22 04:03:24 - mkk_comic - app.py:587 - INFO - 正在下载第 012/019 页...
2026-03-22 04:03:24 - mkk_comic - app.py:587 - INFO - 正在下载第 013/019 页...
2026-03-22 04:03:24 - mkk_comic - app.py:587 - INFO - 正在下载第 014/019 页...
2026-03-22 04:03:24 - mkk_comic - app.py:587 - INFO - 正在下载第 015/019 页...
2026-03-22 04:03:25 - mkk_comic - app.py:587 - INFO - 正在下载第 016/019 页...
2026-03-22 04:03:25 - mkk_comic - app.py:587 - INFO - 正在下载第 017/019 页...
2026-03-22 04:03:25 - mkk_comic - app.py:587 - INFO - 正在下载第 018/019 页...
2026-03-22 04:03:25 - mkk_comic - app.py:587 - INFO - 正在下载第 019/019 页...
2026-03-22 04:03:25 - mkk_comic - app.py:511 - INFO - 下载完成!
2026-03-22 04:03:25 - mkk_comic - app.py:512 - INFO - 成功下载: 19/19 页
2026-03-22 04:03:25 - mkk_comic - app.py:523 - INFO - 章节下载完成，等待 9.7 秒后继续...
2026-03-22 04:03:35 - mkk_comic - app.py:494 - INFO - 正在下载第334章: 第1129话    UUID:c0dabbae-8a92-11ef-beb5-3f487b7d9a9a
2026-03-22 04:03:36 - mkk_comic - app.py:502 - INFO - 创建目录: ./out/海贼王/第1129话
2026-03-22 04:03:36 - mkk_comic - app.py:505 - INFO - 开始下载: 海贼王 - 第1129话
2026-03-22 04:03:36 - mkk_comic - app.py:506 - INFO - 总页数: 17
2026-03-22 04:03:36 - mkk_comic - app.py:587 - INFO - 正在下载第 001/017 页...
2026-03-22 04:03:36 - mkk_comic - app.py:587 - INFO - 正在下载第 002/017 页...
2026-03-22 04:03:36 - mkk_comic - app.py:587 - INFO - 正在下载第 003/017 页...
2026-03-22 04:03:36 - mkk_comic - app.py:587 - INFO - 正在下载第 004/017 页...
2026-03-22 04:03:36 - mkk_comic - app.py:587 - INFO - 正在下载第 005/017 页...
2026-03-22 04:03:36 - mkk_comic - app.py:587 - INFO - 正在下载第 006/017 页...
2026-03-22 04:03:36 - mkk_comic - app.py:587 - INFO - 正在下载第 007/017 页...
2026-03-22 04:03:36 - mkk_comic - app.py:587 - INFO - 正在下载第 008/017 页...
2026-03-22 04:03:36 - mkk_comic - app.py:587 - INFO - 正在下载第 009/017 页...
2026-03-22 04:03:36 - mkk_comic - app.py:587 - INFO - 正在下载第 010/017 页...
2026-03-22 04:03:36 - mkk_comic - app.py:587 - INFO - 正在下载第 011/017 页...
2026-03-22 04:03:36 - mkk_comic - app.py:587 - INFO - 正在下载第 012/017 页...
2026-03-22 04:03:36 - mkk_comic - app.py:587 - INFO - 正在下载第 013/017 页...
2026-03-22 04:03:36 - mkk_comic - app.py:587 - INFO - 正在下载第 014/017 页...
2026-03-22 04:03:36 - mkk_comic - app.py:587 - INFO - 正在下载第 015/017 页...
2026-03-22 04:03:36 - mkk_comic - app.py:587 - INFO - 正在下载第 016/017 页...
2026-03-22 04:03:36 - mkk_comic - app.py:587 - INFO - 正在下载第 017/017 页...
2026-03-22 04:03:36 - mkk_comic - app.py:511 - INFO - 下载完成!
2026-03-22 04:03:36 - mkk_comic - app.py:512 - INFO - 成功下载: 17/17 页
2026-03-22 04:03:36 - mkk_comic - app.py:523 - INFO - 章节下载完成，等待 7.6 秒后继续...
2026-03-22 04:03:45 - mkk_comic - app.py:494 - INFO - 正在下载第335章: 第1130话    UUID:52571442-8f48-11ef-819e-3f487b7d9a9a
2026-03-22 04:03:45 - mkk_comic - app.py:502 - INFO - 创建目录: ./out/海贼王/第1130话
2026-03-22 04:03:45 - mkk_comic - app.py:505 - INFO - 开始下载: 海贼王 - 第1130话
2026-03-22 04:03:45 - mkk_comic - app.py:506 - INFO - 总页数: 15
2026-03-22 04:03:45 - mkk_comic - app.py:587 - INFO - 正在下载第 001/015 页...
2026-03-22 04:03:45 - mkk_comic - app.py:587 - INFO - 正在下载第 002/015 页...
2026-03-22 04:03:45 - mkk_comic - app.py:587 - INFO - 正在下载第 003/015 页...
2026-03-22 04:03:45 - mkk_comic - app.py:587 - INFO - 正在下载第 004/015 页...
2026-03-22 04:03:45 - mkk_comic - app.py:587 - INFO - 正在下载第 005/015 页...
2026-03-22 04:03:46 - mkk_comic - app.py:587 - INFO - 正在下载第 006/015 页...
2026-03-22 04:03:46 - mkk_comic - app.py:587 - INFO - 正在下载第 007/015 页...
2026-03-22 04:03:46 - mkk_comic - app.py:587 - INFO - 正在下载第 008/015 页...
2026-03-22 04:03:46 - mkk_comic - app.py:587 - INFO - 正在下载第 009/015 页...
2026-03-22 04:03:46 - mkk_comic - app.py:587 - INFO - 正在下载第 010/015 页...
2026-03-22 04:03:46 - mkk_comic - app.py:587 - INFO - 正在下载第 011/015 页...
2026-03-22 04:03:46 - mkk_comic - app.py:587 - INFO - 正在下载第 012/015 页...
2026-03-22 04:03:46 - mkk_comic - app.py:587 - INFO - 正在下载第 013/015 页...
2026-03-22 04:03:46 - mkk_comic - app.py:587 - INFO - 正在下载第 014/015 页...
2026-03-22 04:03:46 - mkk_comic - app.py:587 - INFO - 正在下载第 015/015 页...
2026-03-22 04:03:46 - mkk_comic - app.py:511 - INFO - 下载完成!
2026-03-22 04:03:46 - mkk_comic - app.py:512 - INFO - 成功下载: 15/15 页
2026-03-22 04:03:46 - mkk_comic - app.py:523 - INFO - 章节下载完成，等待 6.6 秒后继续...
2026-03-22 04:03:53 - mkk_comic - app.py:494 - INFO - 正在下载第336章: 第1131话    UUID:f915923a-a033-11ef-8a5f-3f487b7d9a9a
2026-03-22 04:03:54 - mkk_comic - app.py:502 - INFO - 创建目录: ./out/海贼王/第1131话
2026-03-22 04:03:54 - mkk_comic - app.py:505 - INFO - 开始下载: 海贼王 - 第1131话
2026-03-22 04:03:54 - mkk_comic - app.py:506 - INFO - 总页数: 15
2026-03-22 04:03:54 - mkk_comic - app.py:587 - INFO - 正在下载第 001/015 页...
2026-03-22 04:03:54 - mkk_comic - app.py:587 - INFO - 正在下载第 002/015 页...
2026-03-22 04:03:54 - mkk_comic - app.py:587 - INFO - 正在下载第 003/015 页...
2026-03-22 04:03:54 - mkk_comic - app.py:587 - INFO - 正在下载第 004/015 页...
2026-03-22 04:03:54 - mkk_comic - app.py:587 - INFO - 正在下载第 005/015 页...
2026-03-22 04:03:54 - mkk_comic - app.py:587 - INFO - 正在下载第 006/015 页...
2026-03-22 04:03:54 - mkk_comic - app.py:587 - INFO - 正在下载第 007/015 页...
2026-03-22 04:03:54 - mkk_comic - app.py:587 - INFO - 正在下载第 008/015 页...
2026-03-22 04:03:54 - mkk_comic - app.py:587 - INFO - 正在下载第 009/015 页...
2026-03-22 04:03:54 - mkk_comic - app.py:587 - INFO - 正在下载第 010/015 页...
2026-03-22 04:03:54 - mkk_comic - app.py:587 - INFO - 正在下载第 011/015 页...
2026-03-22 04:03:54 - mkk_comic - app.py:587 - INFO - 正在下载第 012/015 页...
2026-03-22 04:03:54 - mkk_comic - app.py:587 - INFO - 正在下载第 013/015 页...
2026-03-22 04:03:54 - mkk_comic - app.py:587 - INFO - 正在下载第 014/015 页...
2026-03-22 04:03:54 - mkk_comic - app.py:587 - INFO - 正在下载第 015/015 页...
2026-03-22 04:03:54 - mkk_comic - app.py:511 - INFO - 下载完成!
2026-03-22 04:03:54 - mkk_comic - app.py:512 - INFO - 成功下载: 15/15 页
2026-03-22 04:03:54 - mkk_comic - app.py:523 - INFO - 章节下载完成，等待 9.6 秒后继续...
2026-03-22 04:04:05 - mkk_comic - app.py:494 - INFO - 正在下载第337章: 第1132话    UUID:6686a2b2-af9a-11ef-90fe-3f487b7d9a9a
2026-03-22 04:04:05 - mkk_comic - app.py:502 - INFO - 创建目录: ./out/海贼王/第1132话
2026-03-22 04:04:05 - mkk_comic - app.py:505 - INFO - 开始下载: 海贼王 - 第1132话
2026-03-22 04:04:05 - mkk_comic - app.py:506 - INFO - 总页数: 17
2026-03-22 04:04:05 - mkk_comic - app.py:587 - INFO - 正在下载第 001/017 页...
2026-03-22 04:04:05 - mkk_comic - app.py:587 - INFO - 正在下载第 002/017 页...
2026-03-22 04:04:05 - mkk_comic - app.py:587 - INFO - 正在下载第 003/017 页...
2026-03-22 04:04:05 - mkk_comic - app.py:587 - INFO - 正在下载第 004/017 页...
2026-03-22 04:04:05 - mkk_comic - app.py:587 - INFO - 正在下载第 005/017 页...
2026-03-22 04:04:06 - mkk_comic - app.py:587 - INFO - 正在下载第 006/017 页...
2026-03-22 04:04:06 - mkk_comic - app.py:587 - INFO - 正在下载第 007/017 页...
2026-03-22 04:04:06 - mkk_comic - app.py:587 - INFO - 正在下载第 008/017 页...
2026-03-22 04:04:06 - mkk_comic - app.py:587 - INFO - 正在下载第 009/017 页...
2026-03-22 04:04:06 - mkk_comic - app.py:587 - INFO - 正在下载第 010/017 页...
2026-03-22 04:04:06 - mkk_comic - app.py:587 - INFO - 正在下载第 011/017 页...
2026-03-22 04:04:06 - mkk_comic - app.py:587 - INFO - 正在下载第 012/017 页...
2026-03-22 04:04:06 - mkk_comic - app.py:587 - INFO - 正在下载第 013/017 页...
2026-03-22 04:04:06 - mkk_comic - app.py:587 - INFO - 正在下载第 014/017 页...
2026-03-22 04:04:06 - mkk_comic - app.py:587 - INFO - 正在下载第 015/017 页...
2026-03-22 04:04:06 - mkk_comic - app.py:587 - INFO - 正在下载第 016/017 页...
2026-03-22 04:04:06 - mkk_comic - app.py:587 - INFO - 正在下载第 017/017 页...
2026-03-22 04:04:06 - mkk_comic - app.py:511 - INFO - 下载完成!
2026-03-22 04:04:06 - mkk_comic - app.py:512 - INFO - 成功下载: 17/17 页
2026-03-22 04:04:06 - mkk_comic - app.py:523 - INFO - 章节下载完成，等待 9.6 秒后继续...
2026-03-22 04:04:16 - mkk_comic - app.py:494 - INFO - 正在下载第338章: 第1133话    UUID:ac86dbf8-b5d3-11ef-9599-3f487b7d9a9a
2026-03-22 04:04:17 - mkk_comic - app.py:502 - INFO - 创建目录: ./out/海贼王/第1133话
2026-03-22 04:04:17 - mkk_comic - app.py:505 - INFO - 开始下载: 海贼王 - 第1133话
2026-03-22 04:04:17 - mkk_comic - app.py:506 - INFO - 总页数: 17
2026-03-22 04:04:17 - mkk_comic - app.py:587 - INFO - 正在下载第 001/017 页...
2026-03-22 04:04:17 - mkk_comic - app.py:587 - INFO - 正在下载第 002/017 页...
2026-03-22 04:04:17 - mkk_comic - app.py:587 - INFO - 正在下载第 003/017 页...
2026-03-22 04:04:17 - mkk_comic - app.py:587 - INFO - 正在下载第 004/017 页...
2026-03-22 04:04:17 - mkk_comic - app.py:587 - INFO - 正在下载第 005/017 页...
2026-03-22 04:04:17 - mkk_comic - app.py:587 - INFO - 正在下载第 006/017 页...
2026-03-22 04:04:17 - mkk_comic - app.py:587 - INFO - 正在下载第 007/017 页...
2026-03-22 04:04:17 - mkk_comic - app.py:587 - INFO - 正在下载第 008/017 页...
2026-03-22 04:04:17 - mkk_comic - app.py:587 - INFO - 正在下载第 009/017 页...
2026-03-22 04:04:17 - mkk_comic - app.py:587 - INFO - 正在下载第 010/017 页...
2026-03-22 04:04:17 - mkk_comic - app.py:587 - INFO - 正在下载第 011/017 页...
2026-03-22 04:04:17 - mkk_comic - app.py:587 - INFO - 正在下载第 012/017 页...
2026-03-22 04:04:18 - mkk_comic - app.py:587 - INFO - 正在下载第 013/017 页...
2026-03-22 04:04:18 - mkk_comic - app.py:587 - INFO - 正在下载第 014/017 页...
2026-03-22 04:04:18 - mkk_comic - app.py:587 - INFO - 正在下载第 015/017 页...
2026-03-22 04:04:18 - mkk_comic - app.py:587 - INFO - 正在下载第 016/017 页...
2026-03-22 04:04:18 - mkk_comic - app.py:587 - INFO - 正在下载第 017/017 页...
2026-03-22 04:04:18 - mkk_comic - app.py:511 - INFO - 下载完成!
2026-03-22 04:04:18 - mkk_comic - app.py:512 - INFO - 成功下载: 17/17 页
2026-03-22 04:04:18 - mkk_comic - app.py:523 - INFO - 章节下载完成，等待 9.2 秒后继续...
2026-03-22 04:04:28 - mkk_comic - app.py:494 - INFO - 正在下载第339章: 第1134话    UUID:0213c494-c0e9-11ef-9cdb-3f487b7d9a9a
2026-03-22 04:04:28 - mkk_comic - app.py:502 - INFO - 创建目录: ./out/海贼王/第1134话
2026-03-22 04:04:28 - mkk_comic - app.py:505 - INFO - 开始下载: 海贼王 - 第1134话
2026-03-22 04:04:28 - mkk_comic - app.py:506 - INFO - 总页数: 19
2026-03-22 04:04:28 - mkk_comic - app.py:587 - INFO - 正在下载第 001/019 页...
2026-03-22 04:04:28 - mkk_comic - app.py:587 - INFO - 正在下载第 002/019 页...
2026-03-22 04:04:28 - mkk_comic - app.py:587 - INFO - 正在下载第 003/019 页...
2026-03-22 04:04:28 - mkk_comic - app.py:587 - INFO - 正在下载第 004/019 页...
2026-03-22 04:04:28 - mkk_comic - app.py:587 - INFO - 正在下载第 005/019 页...
2026-03-22 04:04:28 - mkk_comic - app.py:587 - INFO - 正在下载第 006/019 页...
2026-03-22 04:04:28 - mkk_comic - app.py:587 - INFO - 正在下载第 007/019 页...
2026-03-22 04:04:28 - mkk_comic - app.py:587 - INFO - 正在下载第 008/019 页...
2026-03-22 04:04:28 - mkk_comic - app.py:587 - INFO - 正在下载第 009/019 页...
2026-03-22 04:04:28 - mkk_comic - app.py:587 - INFO - 正在下载第 010/019 页...
2026-03-22 04:04:29 - mkk_comic - app.py:587 - INFO - 正在下载第 011/019 页...
2026-03-22 04:04:29 - mkk_comic - app.py:587 - INFO - 正在下载第 012/019 页...
2026-03-22 04:04:29 - mkk_comic - app.py:587 - INFO - 正在下载第 013/019 页...
2026-03-22 04:04:29 - mkk_comic - app.py:587 - INFO - 正在下载第 014/019 页...
2026-03-22 04:04:29 - mkk_comic - app.py:587 - INFO - 正在下载第 015/019 页...
2026-03-22 04:04:29 - mkk_comic - app.py:587 - INFO - 正在下载第 016/019 页...
2026-03-22 04:04:29 - mkk_comic - app.py:587 - INFO - 正在下载第 017/019 页...
2026-03-22 04:04:29 - mkk_comic - app.py:587 - INFO - 正在下载第 018/019 页...
2026-03-22 04:04:29 - mkk_comic - app.py:587 - INFO - 正在下载第 019/019 页...
2026-03-22 04:04:29 - mkk_comic - app.py:511 - INFO - 下载完成!
2026-03-22 04:04:29 - mkk_comic - app.py:512 - INFO - 成功下载: 19/19 页
2026-03-22 04:04:29 - mkk_comic - app.py:523 - INFO - 章节下载完成，等待 6.4 秒后继续...
2026-03-22 04:04:35 - mkk_comic - app.py:843 - INFO - 【电锯人】上次下载至第257章
2026-03-22 04:04:36 - mkk_comic - app.py:846 - INFO - 该漫画更新至257章，不需要更新
2026-03-22 04:04:36 - mkk_comic - app.py:863 - INFO - ===== 检查更新完成 =====

