2026-03-25 04:02:25 - mkk_comic - app.py:868 - INFO - 运行环境：GitHub Actions（自动化模式）
2026-03-25 04:02:25 - mkk_comic - app.py:825 - INFO - ===== 开始检查更新=====
2026-03-25 04:02:25 - mkk_comic - app.py:843 - INFO - 【海贼王】上次下载至第359章
2026-03-25 04:02:26 - mkk_comic - app.py:850 - INFO - 【海贼王】检测到更新！最新：381章
2026-03-25 04:02:26 - mkk_comic - app.py:853 - INFO - 【海贼王】最大下载限制为10章-需下载360~369章）
2026-03-25 04:02:26 - mkk_comic - app.py:494 - INFO - 正在下载第360章: 第1155话    UUID:39ef2961-6da9-11f0-9b13-fa163e02432f
2026-03-25 04:02:27 - mkk_comic - app.py:502 - INFO - 创建目录: ./out/海贼王/第1155话
2026-03-25 04:02:27 - mkk_comic - app.py:505 - INFO - 开始下载: 海贼王 - 第1155话
2026-03-25 04:02:27 - mkk_comic - app.py:506 - INFO - 总页数: 17
2026-03-25 04:02:27 - mkk_comic - app.py:587 - INFO - 正在下载第 001/017 页...
2026-03-25 04:02:27 - mkk_comic - app.py:587 - INFO - 正在下载第 002/017 页...
2026-03-25 04:02:27 - mkk_comic - app.py:587 - INFO - 正在下载第 003/017 页...
2026-03-25 04:02:27 - mkk_comic - app.py:587 - INFO - 正在下载第 004/017 页...
2026-03-25 04:02:27 - mkk_comic - app.py:587 - INFO - 正在下载第 005/017 页...
2026-03-25 04:02:27 - mkk_comic - app.py:587 - INFO - 正在下载第 006/017 页...
2026-03-25 04:02:27 - mkk_comic - app.py:587 - INFO - 正在下载第 007/017 页...
2026-03-25 04:02:27 - mkk_comic - app.py:587 - INFO - 正在下载第 008/017 页...
2026-03-25 04:02:27 - mkk_comic - app.py:587 - INFO - 正在下载第 009/017 页...
2026-03-25 04:02:27 - mkk_comic - app.py:587 - INFO - 正在下载第 010/017 页...
2026-03-25 04:02:27 - mkk_comic - app.py:587 - INFO - 正在下载第 011/017 页...
2026-03-25 04:02:27 - mkk_comic - app.py:587 - INFO - 正在下载第 012/017 页...
2026-03-25 04:02:27 - mkk_comic - app.py:587 - INFO - 正在下载第 013/017 页...
2026-03-25 04:02:27 - mkk_comic - app.py:587 - INFO - 正在下载第 014/017 页...
2026-03-25 04:02:27 - mkk_comic - app.py:587 - INFO - 正在下载第 015/017 页...
2026-03-25 04:02:27 - mkk_comic - app.py:587 - INFO - 正在下载第 016/017 页...
2026-03-25 04:02:28 - mkk_comic - app.py:587 - INFO - 正在下载第 017/017 页...
2026-03-25 04:02:28 - mkk_comic - app.py:511 - INFO - 下载完成!
2026-03-25 04:02:28 - mkk_comic - app.py:512 - INFO - 成功下载: 17/17 页
2026-03-25 04:02:28 - mkk_comic - app.py:523 - INFO - 章节下载完成，等待 8.4 秒后继续...
2026-03-25 04:02:37 - mkk_comic - app.py:494 - INFO - 正在下载第361章: 第1156话    UUID:537d602e-7288-11f0-8982-fa163e02432f
2026-03-25 04:02:38 - mkk_comic - app.py:502 - INFO - 创建目录: ./out/海贼王/第1156话
2026-03-25 04:02:38 - mkk_comic - app.py:505 - INFO - 开始下载: 海贼王 - 第1156话
2026-03-25 04:02:38 - mkk_comic - app.py:506 - INFO - 总页数: 19
2026-03-25 04:02:38 - mkk_comic - app.py:587 - INFO - 正在下载第 001/019 页...
2026-03-25 04:02:38 - mkk_comic - app.py:587 - INFO - 正在下载第 002/019 页...
2026-03-25 04:02:38 - mkk_comic - app.py:587 - INFO - 正在下载第 003/019 页...
2026-03-25 04:02:38 - mkk_comic - app.py:587 - INFO - 正在下载第 004/019 页...
2026-03-25 04:02:38 - mkk_comic - app.py:587 - INFO - 正在下载第 005/019 页...
2026-03-25 04:02:38 - mkk_comic - app.py:587 - INFO - 正在下载第 006/019 页...
2026-03-25 04:02:38 - mkk_comic - app.py:587 - INFO - 正在下载第 007/019 页...
2026-03-25 04:02:38 - mkk_comic - app.py:587 - INFO - 正在下载第 008/019 页...
2026-03-25 04:02:38 - mkk_comic - app.py:587 - INFO - 正在下载第 009/019 页...
2026-03-25 04:02:38 - mkk_comic - app.py:587 - INFO - 正在下载第 010/019 页...
2026-03-25 04:02:38 - mkk_comic - app.py:587 - INFO - 正在下载第 011/019 页...
2026-03-25 04:02:38 - mkk_comic - app.py:587 - INFO - 正在下载第 012/019 页...
2026-03-25 04:02:38 - mkk_comic - app.py:587 - INFO - 正在下载第 013/019 页...
2026-03-25 04:02:38 - mkk_comic - app.py:587 - INFO - 正在下载第 014/019 页...
2026-03-25 04:02:38 - mkk_comic - app.py:587 - INFO - 正在下载第 015/019 页...
2026-03-25 04:02:38 - mkk_comic - app.py:587 - INFO - 正在下载第 016/019 页...
2026-03-25 04:02:38 - mkk_comic - app.py:587 - INFO - 正在下载第 017/019 页...
2026-03-25 04:02:38 - mkk_comic - app.py:587 - INFO - 正在下载第 018/019 页...
2026-03-25 04:02:38 - mkk_comic - app.py:587 - INFO - 正在下载第 019/019 页...
2026-03-25 04:02:38 - mkk_comic - app.py:511 - INFO - 下载完成!
2026-03-25 04:02:38 - mkk_comic - app.py:512 - INFO - 成功下载: 19/19 页
2026-03-25 04:02:38 - mkk_comic - app.py:523 - INFO - 章节下载完成，等待 7.4 秒后继续...
2026-03-25 04:02:46 - mkk_comic - app.py:494 - INFO - 正在下载第362章: 第1157话    UUID:31e5f6b8-a355-11f0-aa9d-fa163e02432f
2026-03-25 04:02:47 - mkk_comic - app.py:502 - INFO - 创建目录: ./out/海贼王/第1157话
2026-03-25 04:02:47 - mkk_comic - app.py:505 - INFO - 开始下载: 海贼王 - 第1157话
2026-03-25 04:02:47 - mkk_comic - app.py:506 - INFO - 总页数: 15
2026-03-25 04:02:47 - mkk_comic - app.py:587 - INFO - 正在下载第 001/015 页...
2026-03-25 04:02:47 - mkk_comic - app.py:587 - INFO - 正在下载第 002/015 页...
2026-03-25 04:02:47 - mkk_comic - app.py:587 - INFO - 正在下载第 003/015 页...
2026-03-25 04:02:47 - mkk_comic - app.py:587 - INFO - 正在下载第 004/015 页...
2026-03-25 04:02:47 - mkk_comic - app.py:587 - INFO - 正在下载第 005/015 页...
2026-03-25 04:02:47 - mkk_comic - app.py:587 - INFO - 正在下载第 006/015 页...
2026-03-25 04:02:47 - mkk_comic - app.py:587 - INFO - 正在下载第 007/015 页...
2026-03-25 04:02:47 - mkk_comic - app.py:587 - INFO - 正在下载第 008/015 页...
2026-03-25 04:02:47 - mkk_comic - app.py:587 - INFO - 正在下载第 009/015 页...
2026-03-25 04:02:47 - mkk_comic - app.py:587 - INFO - 正在下载第 010/015 页...
2026-03-25 04:02:47 - mkk_comic - app.py:587 - INFO - 正在下载第 011/015 页...
2026-03-25 04:02:47 - mkk_comic - app.py:587 - INFO - 正在下载第 012/015 页...
2026-03-25 04:02:47 - mkk_comic - app.py:587 - INFO - 正在下载第 013/015 页...
2026-03-25 04:02:47 - mkk_comic - app.py:587 - INFO - 正在下载第 014/015 页...
2026-03-25 04:02:47 - mkk_comic - app.py:587 - INFO - 正在下载第 015/015 页...
2026-03-25 04:02:48 - mkk_comic - app.py:511 - INFO - 下载完成!
2026-03-25 04:02:48 - mkk_comic - app.py:512 - INFO - 成功下载: 15/15 页
2026-03-25 04:02:48 - mkk_comic - app.py:523 - INFO - 章节下载完成，等待 7.6 秒后继续...
2026-03-25 04:02:56 - mkk_comic - app.py:494 - INFO - 正在下载第363章: 第1158话    UUID:363d7009-a355-11f0-9951-fa163e02432f
2026-03-25 04:02:57 - mkk_comic - app.py:502 - INFO - 创建目录: ./out/海贼王/第1158话
2026-03-25 04:02:57 - mkk_comic - app.py:505 - INFO - 开始下载: 海贼王 - 第1158话
2026-03-25 04:02:57 - mkk_comic - app.py:506 - INFO - 总页数: 14
2026-03-25 04:02:57 - mkk_comic - app.py:587 - INFO - 正在下载第 001/014 页...
2026-03-25 04:02:57 - mkk_comic - app.py:587 - INFO - 正在下载第 002/014 页...
2026-03-25 04:02:57 - mkk_comic - app.py:587 - INFO - 正在下载第 003/014 页...
2026-03-25 04:02:57 - mkk_comic - app.py:587 - INFO - 正在下载第 004/014 页...
2026-03-25 04:02:57 - mkk_comic - app.py:587 - INFO - 正在下载第 005/014 页...
2026-03-25 04:02:57 - mkk_comic - app.py:587 - INFO - 正在下载第 006/014 页...
2026-03-25 04:02:57 - mkk_comic - app.py:587 - INFO - 正在下载第 007/014 页...
2026-03-25 04:02:57 - mkk_comic - app.py:587 - INFO - 正在下载第 008/014 页...
2026-03-25 04:02:57 - mkk_comic - app.py:587 - INFO - 正在下载第 009/014 页...
2026-03-25 04:02:57 - mkk_comic - app.py:587 - INFO - 正在下载第 010/014 页...
2026-03-25 04:02:57 - mkk_comic - app.py:587 - INFO - 正在下载第 011/014 页...
2026-03-25 04:02:58 - mkk_comic - app.py:587 - INFO - 正在下载第 012/014 页...
2026-03-25 04:02:58 - mkk_comic - app.py:587 - INFO - 正在下载第 013/014 页...
2026-03-25 04:02:58 - mkk_comic - app.py:587 - INFO - 正在下载第 014/014 页...
2026-03-25 04:02:58 - mkk_comic - app.py:511 - INFO - 下载完成!
2026-03-25 04:02:58 - mkk_comic - app.py:512 - INFO - 成功下载: 14/14 页
2026-03-25 04:02:58 - mkk_comic - app.py:523 - INFO - 章节下载完成，等待 7.1 秒后继续...
2026-03-25 04:03:06 - mkk_comic - app.py:494 - INFO - 正在下载第364章: 第1159话    UUID:3aaa114a-a355-11f0-85f3-fa163e02432f
2026-03-25 04:03:06 - mkk_comic - app.py:502 - INFO - 创建目录: ./out/海贼王/第1159话
2026-03-25 04:03:06 - mkk_comic - app.py:505 - INFO - 开始下载: 海贼王 - 第1159话
2026-03-25 04:03:06 - mkk_comic - app.py:506 - INFO - 总页数: 17
2026-03-25 04:03:06 - mkk_comic - app.py:587 - INFO - 正在下载第 001/017 页...
2026-03-25 04:03:06 - mkk_comic - app.py:587 - INFO - 正在下载第 002/017 页...
2026-03-25 04:03:06 - mkk_comic - app.py:587 - INFO - 正在下载第 003/017 页...
2026-03-25 04:03:06 - mkk_comic - app.py:587 - INFO - 正在下载第 004/017 页...
2026-03-25 04:03:06 - mkk_comic - app.py:587 - INFO - 正在下载第 005/017 页...
2026-03-25 04:03:06 - mkk_comic - app.py:587 - INFO - 正在下载第 006/017 页...
2026-03-25 04:03:06 - mkk_comic - app.py:587 - INFO - 正在下载第 007/017 页...
2026-03-25 04:03:06 - mkk_comic - app.py:587 - INFO - 正在下载第 008/017 页...
2026-03-25 04:03:06 - mkk_comic - app.py:587 - INFO - 正在下载第 009/017 页...
2026-03-25 04:03:06 - mkk_comic - app.py:587 - INFO - 正在下载第 010/017 页...
2026-03-25 04:03:07 - mkk_comic - app.py:587 - INFO - 正在下载第 011/017 页...
2026-03-25 04:03:07 - mkk_comic - app.py:587 - INFO - 正在下载第 012/017 页...
2026-03-25 04:03:07 - mkk_comic - app.py:587 - INFO - 正在下载第 013/017 页...
2026-03-25 04:03:07 - mkk_comic - app.py:587 - INFO - 正在下载第 014/017 页...
2026-03-25 04:03:07 - mkk_comic - app.py:587 - INFO - 正在下载第 015/017 页...
2026-03-25 04:03:07 - mkk_comic - app.py:587 - INFO - 正在下载第 016/017 页...
2026-03-25 04:03:07 - mkk_comic - app.py:587 - INFO - 正在下载第 017/017 页...
2026-03-25 04:03:07 - mkk_comic - app.py:511 - INFO - 下载完成!
2026-03-25 04:03:07 - mkk_comic - app.py:512 - INFO - 成功下载: 17/17 页
2026-03-25 04:03:07 - mkk_comic - app.py:523 - INFO - 章节下载完成，等待 9.3 秒后继续...
2026-03-25 04:03:17 - mkk_comic - app.py:494 - INFO - 正在下载第365章: 第1160话    UUID:3f4f8260-a355-11f0-8134-fa163e02432f
2026-03-25 04:03:18 - mkk_comic - app.py:502 - INFO - 创建目录: ./out/海贼王/第1160话
2026-03-25 04:03:18 - mkk_comic - app.py:505 - INFO - 开始下载: 海贼王 - 第1160话
2026-03-25 04:03:18 - mkk_comic - app.py:506 - INFO - 总页数: 15
2026-03-25 04:03:18 - mkk_comic - app.py:587 - INFO - 正在下载第 001/015 页...
2026-03-25 04:03:18 - mkk_comic - app.py:587 - INFO - 正在下载第 002/015 页...
2026-03-25 04:03:18 - mkk_comic - app.py:587 - INFO - 正在下载第 003/015 页...
2026-03-25 04:03:18 - mkk_comic - app.py:587 - INFO - 正在下载第 004/015 页...
2026-03-25 04:03:18 - mkk_comic - app.py:587 - INFO - 正在下载第 005/015 页...
2026-03-25 04:03:18 - mkk_comic - app.py:587 - INFO - 正在下载第 006/015 页...
2026-03-25 04:03:18 - mkk_comic - app.py:587 - INFO - 正在下载第 007/015 页...
2026-03-25 04:03:18 - mkk_comic - app.py:587 - INFO - 正在下载第 008/015 页...
2026-03-25 04:03:18 - mkk_comic - app.py:587 - INFO - 正在下载第 009/015 页...
2026-03-25 04:03:18 - mkk_comic - app.py:587 - INFO - 正在下载第 010/015 页...
2026-03-25 04:03:18 - mkk_comic - app.py:587 - INFO - 正在下载第 011/015 页...
2026-03-25 04:03:18 - mkk_comic - app.py:587 - INFO - 正在下载第 012/015 页...
2026-03-25 04:03:18 - mkk_comic - app.py:587 - INFO - 正在下载第 013/015 页...
2026-03-25 04:03:18 - mkk_comic - app.py:587 - INFO - 正在下载第 014/015 页...
2026-03-25 04:03:18 - mkk_comic - app.py:587 - INFO - 正在下载第 015/015 页...
2026-03-25 04:03:18 - mkk_comic - app.py:511 - INFO - 下载完成!
2026-03-25 04:03:18 - mkk_comic - app.py:512 - INFO - 成功下载: 15/15 页
2026-03-25 04:03:18 - mkk_comic - app.py:523 - INFO - 章节下载完成，等待 5.8 秒后继续...
2026-03-25 04:03:25 - mkk_comic - app.py:494 - INFO - 正在下载第366章: 第1161话    UUID:44eebfb5-a355-11f0-9185-fa163e02432f
2026-03-25 04:03:26 - mkk_comic - app.py:502 - INFO - 创建目录: ./out/海贼王/第1161话
2026-03-25 04:03:26 - mkk_comic - app.py:505 - INFO - 开始下载: 海贼王 - 第1161话
2026-03-25 04:03:26 - mkk_comic - app.py:506 - INFO - 总页数: 17
2026-03-25 04:03:26 - mkk_comic - app.py:587 - INFO - 正在下载第 001/017 页...
2026-03-25 04:03:26 - mkk_comic - app.py:587 - INFO - 正在下载第 002/017 页...
2026-03-25 04:03:26 - mkk_comic - app.py:587 - INFO - 正在下载第 003/017 页...
2026-03-25 04:03:26 - mkk_comic - app.py:587 - INFO - 正在下载第 004/017 页...
2026-03-25 04:03:26 - mkk_comic - app.py:587 - INFO - 正在下载第 005/017 页...
2026-03-25 04:03:26 - mkk_comic - app.py:587 - INFO - 正在下载第 006/017 页...
2026-03-25 04:03:26 - mkk_comic - app.py:587 - INFO - 正在下载第 007/017 页...
2026-03-25 04:03:26 - mkk_comic - app.py:587 - INFO - 正在下载第 008/017 页...
2026-03-25 04:03:26 - mkk_comic - app.py:587 - INFO - 正在下载第 009/017 页...
2026-03-25 04:03:26 - mkk_comic - app.py:587 - INFO - 正在下载第 010/017 页...
2026-03-25 04:03:26 - mkk_comic - app.py:587 - INFO - 正在下载第 011/017 页...
2026-03-25 04:03:26 - mkk_comic - app.py:587 - INFO - 正在下载第 012/017 页...
2026-03-25 04:03:26 - mkk_comic - app.py:587 - INFO - 正在下载第 013/017 页...
2026-03-25 04:03:26 - mkk_comic - app.py:587 - INFO - 正在下载第 014/017 页...
2026-03-25 04:03:26 - mkk_comic - app.py:587 - INFO - 正在下载第 015/017 页...
2026-03-25 04:03:26 - mkk_comic - app.py:587 - INFO - 正在下载第 016/017 页...
2026-03-25 04:03:26 - mkk_comic - app.py:587 - INFO - 正在下载第 017/017 页...
2026-03-25 04:03:26 - mkk_comic - app.py:511 - INFO - 下载完成!
2026-03-25 04:03:26 - mkk_comic - app.py:512 - INFO - 成功下载: 17/17 页
2026-03-25 04:03:26 - mkk_comic - app.py:523 - INFO - 章节下载完成，等待 5.2 秒后继续...
2026-03-25 04:03:32 - mkk_comic - app.py:494 - INFO - 正在下载第367章: 第1162话    UUID:07908704-abf3-11f0-845f-fa163e4baef8
2026-03-25 04:03:33 - mkk_comic - app.py:502 - INFO - 创建目录: ./out/海贼王/第1162话
2026-03-25 04:03:33 - mkk_comic - app.py:505 - INFO - 开始下载: 海贼王 - 第1162话
2026-03-25 04:03:33 - mkk_comic - app.py:506 - INFO - 总页数: 16
2026-03-25 04:03:33 - mkk_comic - app.py:587 - INFO - 正在下载第 001/016 页...
2026-03-25 04:03:33 - mkk_comic - app.py:587 - INFO - 正在下载第 002/016 页...
2026-03-25 04:03:33 - mkk_comic - app.py:587 - INFO - 正在下载第 003/016 页...
2026-03-25 04:03:33 - mkk_comic - app.py:587 - INFO - 正在下载第 004/016 页...
2026-03-25 04:03:33 - mkk_comic - app.py:587 - INFO - 正在下载第 005/016 页...
2026-03-25 04:03:33 - mkk_comic - app.py:587 - INFO - 正在下载第 006/016 页...
2026-03-25 04:03:33 - mkk_comic - app.py:587 - INFO - 正在下载第 007/016 页...
2026-03-25 04:03:33 - mkk_comic - app.py:587 - INFO - 正在下载第 008/016 页...
2026-03-25 04:03:33 - mkk_comic - app.py:587 - INFO - 正在下载第 009/016 页...
2026-03-25 04:03:33 - mkk_comic - app.py:587 - INFO - 正在下载第 010/016 页...
2026-03-25 04:03:33 - mkk_comic - app.py:587 - INFO - 正在下载第 011/016 页...
2026-03-25 04:03:33 - mkk_comic - app.py:587 - INFO - 正在下载第 012/016 页...
2026-03-25 04:03:33 - mkk_comic - app.py:587 - INFO - 正在下载第 013/016 页...
2026-03-25 04:03:33 - mkk_comic - app.py:587 - INFO - 正在下载第 014/016 页...
2026-03-25 04:03:33 - mkk_comic - app.py:587 - INFO - 正在下载第 015/016 页...
2026-03-25 04:03:33 - mkk_comic - app.py:587 - INFO - 正在下载第 016/016 页...
2026-03-25 04:03:33 - mkk_comic - app.py:511 - INFO - 下载完成!
2026-03-25 04:03:33 - mkk_comic - app.py:512 - INFO - 成功下载: 16/16 页
2026-03-25 04:03:33 - mkk_comic - app.py:523 - INFO - 章节下载完成，等待 6.0 秒后继续...
2026-03-25 04:03:40 - mkk_comic - app.py:494 - INFO - 正在下载第368章: 第1163话    UUID:45af07e6-b3d1-11f0-8fc6-fa163e02432f
2026-03-25 04:03:41 - mkk_comic - app.py:502 - INFO - 创建目录: ./out/海贼王/第1163话
2026-03-25 04:03:41 - mkk_comic - app.py:505 - INFO - 开始下载: 海贼王 - 第1163话
2026-03-25 04:03:41 - mkk_comic - app.py:506 - INFO - 总页数: 14
2026-03-25 04:03:41 - mkk_comic - app.py:587 - INFO - 正在下载第 001/014 页...
2026-03-25 04:03:41 - mkk_comic - app.py:587 - INFO - 正在下载第 002/014 页...
2026-03-25 04:03:41 - mkk_comic - app.py:587 - INFO - 正在下载第 003/014 页...
2026-03-25 04:03:41 - mkk_comic - app.py:587 - INFO - 正在下载第 004/014 页...
2026-03-25 04:03:41 - mkk_comic - app.py:587 - INFO - 正在下载第 005/014 页...
2026-03-25 04:03:41 - mkk_comic - app.py:587 - INFO - 正在下载第 006/014 页...
2026-03-25 04:03:41 - mkk_comic - app.py:587 - INFO - 正在下载第 007/014 页...
2026-03-25 04:03:41 - mkk_comic - app.py:587 - INFO - 正在下载第 008/014 页...
2026-03-25 04:03:41 - mkk_comic - app.py:587 - INFO - 正在下载第 009/014 页...
2026-03-25 04:03:41 - mkk_comic - app.py:587 - INFO - 正在下载第 010/014 页...
2026-03-25 04:03:41 - mkk_comic - app.py:587 - INFO - 正在下载第 011/014 页...
2026-03-25 04:03:41 - mkk_comic - app.py:587 - INFO - 正在下载第 012/014 页...
2026-03-25 04:03:41 - mkk_comic - app.py:587 - INFO - 正在下载第 013/014 页...
2026-03-25 04:03:41 - mkk_comic - app.py:587 - INFO - 正在下载第 014/014 页...
2026-03-25 04:03:41 - mkk_comic - app.py:511 - INFO - 下载完成!
2026-03-25 04:03:41 - mkk_comic - app.py:512 - INFO - 成功下载: 14/14 页
2026-03-25 04:03:41 - mkk_comic - app.py:523 - INFO - 章节下载完成，等待 6.0 秒后继续...
2026-03-25 04:03:48 - mkk_comic - app.py:494 - INFO - 正在下载第369章: 第1164话    UUID:53152b6a-bab2-11f0-8f4c-fa163e4baef8
2026-03-25 04:03:49 - mkk_comic - app.py:502 - INFO - 创建目录: ./out/海贼王/第1164话
2026-03-25 04:03:49 - mkk_comic - app.py:505 - INFO - 开始下载: 海贼王 - 第1164话
2026-03-25 04:03:49 - mkk_comic - app.py:506 - INFO - 总页数: 14
2026-03-25 04:03:49 - mkk_comic - app.py:587 - INFO - 正在下载第 001/014 页...
2026-03-25 04:03:49 - mkk_comic - app.py:587 - INFO - 正在下载第 002/014 页...
2026-03-25 04:03:49 - mkk_comic - app.py:587 - INFO - 正在下载第 003/014 页...
2026-03-25 04:03:49 - mkk_comic - app.py:587 - INFO - 正在下载第 004/014 页...
2026-03-25 04:03:49 - mkk_comic - app.py:587 - INFO - 正在下载第 005/014 页...
2026-03-25 04:03:49 - mkk_comic - app.py:587 - INFO - 正在下载第 006/014 页...
2026-03-25 04:03:49 - mkk_comic - app.py:587 - INFO - 正在下载第 007/014 页...
2026-03-25 04:03:49 - mkk_comic - app.py:587 - INFO - 正在下载第 008/014 页...
2026-03-25 04:03:49 - mkk_comic - app.py:587 - INFO - 正在下载第 009/014 页...
2026-03-25 04:03:49 - mkk_comic - app.py:587 - INFO - 正在下载第 010/014 页...
2026-03-25 04:03:49 - mkk_comic - app.py:587 - INFO - 正在下载第 011/014 页...
2026-03-25 04:03:49 - mkk_comic - app.py:587 - INFO - 正在下载第 012/014 页...
2026-03-25 04:03:49 - mkk_comic - app.py:587 - INFO - 正在下载第 013/014 页...
2026-03-25 04:03:49 - mkk_comic - app.py:587 - INFO - 正在下载第 014/014 页...
2026-03-25 04:03:49 - mkk_comic - app.py:511 - INFO - 下载完成!
2026-03-25 04:03:49 - mkk_comic - app.py:512 - INFO - 成功下载: 14/14 页
2026-03-25 04:03:49 - mkk_comic - app.py:523 - INFO - 章节下载完成，等待 7.0 秒后继续...
2026-03-25 04:03:56 - mkk_comic - app.py:843 - INFO - 【电锯人】上次下载至第257章
2026-03-25 04:03:57 - mkk_comic - app.py:846 - INFO - 该漫画更新至257章，不需要更新
2026-03-25 04:03:57 - mkk_comic - app.py:863 - INFO - ===== 检查更新完成 =====

