2025-12-27 03:10:24 - mkk_comic - app.py:863 - INFO - 运行环境：GitHub Actions（自动化模式）
2025-12-27 03:10:24 - mkk_comic - app.py:820 - INFO - ===== 开始检查更新=====
2025-12-27 03:10:24 - mkk_comic - app.py:838 - INFO - 【海贼王】上次下载至第37章
2025-12-27 03:10:25 - mkk_comic - app.py:845 - INFO - 【海贼王】检测到更新！最新：374章
2025-12-27 03:10:25 - mkk_comic - app.py:848 - INFO - 【海贼王】最大下载限制为5章-需下载38~42章）
2025-12-27 03:10:26 - mkk_comic - app.py:494 - INFO - 正在下载第38章: 38卷    UUID:c6577226-c7bf-11e8-8821-024352452ce0
2025-12-27 03:10:27 - mkk_comic - app.py:502 - INFO - 创建目录: ./out/海贼王/38卷
2025-12-27 03:10:27 - mkk_comic - app.py:505 - INFO - 开始下载: 海贼王 - 38卷
2025-12-27 03:10:27 - mkk_comic - app.py:506 - INFO - 总页数: 217
2025-12-27 03:10:27 - mkk_comic - app.py:582 - INFO - 正在下载第 001/217 页...
2025-12-27 03:10:27 - mkk_comic - app.py:582 - INFO - 正在下载第 002/217 页...
2025-12-27 03:10:27 - mkk_comic - app.py:582 - INFO - 正在下载第 003/217 页...
2025-12-27 03:10:27 - mkk_comic - app.py:582 - INFO - 正在下载第 004/217 页...
2025-12-27 03:10:27 - mkk_comic - app.py:582 - INFO - 正在下载第 005/217 页...
2025-12-27 03:10:27 - mkk_comic - app.py:582 - INFO - 正在下载第 006/217 页...
2025-12-27 03:10:27 - mkk_comic - app.py:582 - INFO - 正在下载第 007/217 页...
2025-12-27 03:10:27 - mkk_comic - app.py:582 - INFO - 正在下载第 008/217 页...
2025-12-27 03:10:27 - mkk_comic - app.py:582 - INFO - 正在下载第 009/217 页...
2025-12-27 03:10:27 - mkk_comic - app.py:582 - INFO - 正在下载第 010/217 页...
2025-12-27 03:10:27 - mkk_comic - app.py:582 - INFO - 正在下载第 011/217 页...
2025-12-27 03:10:27 - mkk_comic - app.py:582 - INFO - 正在下载第 012/217 页...
2025-12-27 03:10:27 - mkk_comic - app.py:582 - INFO - 正在下载第 013/217 页...
2025-12-27 03:10:27 - mkk_comic - app.py:582 - INFO - 正在下载第 014/217 页...
2025-12-27 03:10:27 - mkk_comic - app.py:582 - INFO - 正在下载第 015/217 页...
2025-12-27 03:10:28 - mkk_comic - app.py:582 - INFO - 正在下载第 016/217 页...
2025-12-27 03:10:28 - mkk_comic - app.py:582 - INFO - 正在下载第 017/217 页...
2025-12-27 03:10:28 - mkk_comic - app.py:582 - INFO - 正在下载第 018/217 页...
2025-12-27 03:10:28 - mkk_comic - app.py:582 - INFO - 正在下载第 019/217 页...
2025-12-27 03:10:28 - mkk_comic - app.py:582 - INFO - 正在下载第 020/217 页...
2025-12-27 03:10:28 - mkk_comic - app.py:582 - INFO - 正在下载第 021/217 页...
2025-12-27 03:10:28 - mkk_comic - app.py:582 - INFO - 正在下载第 022/217 页...
2025-12-27 03:10:28 - mkk_comic - app.py:582 - INFO - 正在下载第 023/217 页...
2025-12-27 03:10:28 - mkk_comic - app.py:582 - INFO - 正在下载第 024/217 页...
2025-12-27 03:10:28 - mkk_comic - app.py:582 - INFO - 正在下载第 025/217 页...
2025-12-27 03:10:28 - mkk_comic - app.py:582 - INFO - 正在下载第 026/217 页...
2025-12-27 03:10:28 - mkk_comic - app.py:582 - INFO - 正在下载第 027/217 页...
2025-12-27 03:10:28 - mkk_comic - app.py:582 - INFO - 正在下载第 028/217 页...
2025-12-27 03:10:28 - mkk_comic - app.py:582 - INFO - 正在下载第 029/217 页...
2025-12-27 03:10:28 - mkk_comic - app.py:582 - INFO - 正在下载第 030/217 页...
2025-12-27 03:10:28 - mkk_comic - app.py:582 - INFO - 正在下载第 031/217 页...
2025-12-27 03:10:28 - mkk_comic - app.py:582 - INFO - 正在下载第 032/217 页...
2025-12-27 03:10:28 - mkk_comic - app.py:582 - INFO - 正在下载第 033/217 页...
2025-12-27 03:10:28 - mkk_comic - app.py:582 - INFO - 正在下载第 034/217 页...
2025-12-27 03:10:28 - mkk_comic - app.py:582 - INFO - 正在下载第 035/217 页...
2025-12-27 03:10:28 - mkk_comic - app.py:582 - INFO - 正在下载第 036/217 页...
2025-12-27 03:10:28 - mkk_comic - app.py:582 - INFO - 正在下载第 037/217 页...
2025-12-27 03:10:28 - mkk_comic - app.py:582 - INFO - 正在下载第 038/217 页...
2025-12-27 03:10:28 - mkk_comic - app.py:582 - INFO - 正在下载第 039/217 页...
2025-12-27 03:10:28 - mkk_comic - app.py:582 - INFO - 正在下载第 040/217 页...
2025-12-27 03:10:28 - mkk_comic - app.py:582 - INFO - 正在下载第 041/217 页...
2025-12-27 03:10:28 - mkk_comic - app.py:582 - INFO - 正在下载第 042/217 页...
2025-12-27 03:10:28 - mkk_comic - app.py:582 - INFO - 正在下载第 043/217 页...
2025-12-27 03:10:28 - mkk_comic - app.py:582 - INFO - 正在下载第 044/217 页...
2025-12-27 03:10:29 - mkk_comic - app.py:582 - INFO - 正在下载第 045/217 页...
2025-12-27 03:10:29 - mkk_comic - app.py:582 - INFO - 正在下载第 046/217 页...
2025-12-27 03:10:29 - mkk_comic - app.py:582 - INFO - 正在下载第 047/217 页...
2025-12-27 03:10:29 - mkk_comic - app.py:582 - INFO - 正在下载第 048/217 页...
2025-12-27 03:10:29 - mkk_comic - app.py:582 - INFO - 正在下载第 049/217 页...
2025-12-27 03:10:29 - mkk_comic - app.py:582 - INFO - 正在下载第 050/217 页...
2025-12-27 03:10:29 - mkk_comic - app.py:582 - INFO - 正在下载第 051/217 页...
2025-12-27 03:10:29 - mkk_comic - app.py:582 - INFO - 正在下载第 052/217 页...
2025-12-27 03:10:29 - mkk_comic - app.py:582 - INFO - 正在下载第 053/217 页...
2025-12-27 03:10:29 - mkk_comic - app.py:582 - INFO - 正在下载第 054/217 页...
2025-12-27 03:10:29 - mkk_comic - app.py:582 - INFO - 正在下载第 055/217 页...
2025-12-27 03:10:29 - mkk_comic - app.py:582 - INFO - 正在下载第 056/217 页...
2025-12-27 03:10:29 - mkk_comic - app.py:582 - INFO - 正在下载第 057/217 页...
2025-12-27 03:10:29 - mkk_comic - app.py:582 - INFO - 正在下载第 058/217 页...
2025-12-27 03:10:29 - mkk_comic - app.py:582 - INFO - 正在下载第 059/217 页...
2025-12-27 03:10:29 - mkk_comic - app.py:582 - INFO - 正在下载第 060/217 页...
2025-12-27 03:10:29 - mkk_comic - app.py:582 - INFO - 正在下载第 061/217 页...
2025-12-27 03:10:29 - mkk_comic - app.py:582 - INFO - 正在下载第 062/217 页...
2025-12-27 03:10:29 - mkk_comic - app.py:582 - INFO - 正在下载第 063/217 页...
2025-12-27 03:10:29 - mkk_comic - app.py:582 - INFO - 正在下载第 064/217 页...
2025-12-27 03:10:29 - mkk_comic - app.py:582 - INFO - 正在下载第 065/217 页...
2025-12-27 03:10:29 - mkk_comic - app.py:582 - INFO - 正在下载第 066/217 页...
2025-12-27 03:10:29 - mkk_comic - app.py:582 - INFO - 正在下载第 067/217 页...
2025-12-27 03:10:29 - mkk_comic - app.py:582 - INFO - 正在下载第 068/217 页...
2025-12-27 03:10:30 - mkk_comic - app.py:582 - INFO - 正在下载第 069/217 页...
2025-12-27 03:10:30 - mkk_comic - app.py:582 - INFO - 正在下载第 070/217 页...
2025-12-27 03:10:30 - mkk_comic - app.py:582 - INFO - 正在下载第 071/217 页...
2025-12-27 03:10:30 - mkk_comic - app.py:582 - INFO - 正在下载第 072/217 页...
2025-12-27 03:10:30 - mkk_comic - app.py:582 - INFO - 正在下载第 073/217 页...
2025-12-27 03:10:30 - mkk_comic - app.py:582 - INFO - 正在下载第 074/217 页...
2025-12-27 03:10:30 - mkk_comic - app.py:582 - INFO - 正在下载第 075/217 页...
2025-12-27 03:10:30 - mkk_comic - app.py:582 - INFO - 正在下载第 076/217 页...
2025-12-27 03:10:30 - mkk_comic - app.py:582 - INFO - 正在下载第 077/217 页...
2025-12-27 03:10:30 - mkk_comic - app.py:582 - INFO - 正在下载第 078/217 页...
2025-12-27 03:10:30 - mkk_comic - app.py:582 - INFO - 正在下载第 079/217 页...
2025-12-27 03:10:30 - mkk_comic - app.py:582 - INFO - 正在下载第 080/217 页...
2025-12-27 03:10:30 - mkk_comic - app.py:582 - INFO - 正在下载第 081/217 页...
2025-12-27 03:10:30 - mkk_comic - app.py:582 - INFO - 正在下载第 082/217 页...
2025-12-27 03:10:30 - mkk_comic - app.py:582 - INFO - 正在下载第 083/217 页...
2025-12-27 03:10:30 - mkk_comic - app.py:582 - INFO - 正在下载第 084/217 页...
2025-12-27 03:10:30 - mkk_comic - app.py:582 - INFO - 正在下载第 085/217 页...
2025-12-27 03:10:30 - mkk_comic - app.py:582 - INFO - 正在下载第 086/217 页...
2025-12-27 03:10:30 - mkk_comic - app.py:582 - INFO - 正在下载第 087/217 页...
2025-12-27 03:10:30 - mkk_comic - app.py:582 - INFO - 正在下载第 088/217 页...
2025-12-27 03:10:30 - mkk_comic - app.py:582 - INFO - 正在下载第 089/217 页...
2025-12-27 03:10:30 - mkk_comic - app.py:582 - INFO - 正在下载第 090/217 页...
2025-12-27 03:10:30 - mkk_comic - app.py:582 - INFO - 正在下载第 091/217 页...
2025-12-27 03:10:30 - mkk_comic - app.py:582 - INFO - 正在下载第 092/217 页...
2025-12-27 03:10:30 - mkk_comic - app.py:582 - INFO - 正在下载第 093/217 页...
2025-12-27 03:10:30 - mkk_comic - app.py:582 - INFO - 正在下载第 094/217 页...
2025-12-27 03:10:30 - mkk_comic - app.py:582 - INFO - 正在下载第 095/217 页...
2025-12-27 03:10:30 - mkk_comic - app.py:582 - INFO - 正在下载第 096/217 页...
2025-12-27 03:10:30 - mkk_comic - app.py:582 - INFO - 正在下载第 097/217 页...
2025-12-27 03:10:30 - mkk_comic - app.py:582 - INFO - 正在下载第 098/217 页...
2025-12-27 03:10:30 - mkk_comic - app.py:582 - INFO - 正在下载第 099/217 页...
2025-12-27 03:10:30 - mkk_comic - app.py:582 - INFO - 正在下载第 100/217 页...
2025-12-27 03:10:30 - mkk_comic - app.py:582 - INFO - 正在下载第 101/217 页...
2025-12-27 03:10:31 - mkk_comic - app.py:582 - INFO - 正在下载第 102/217 页...
2025-12-27 03:10:31 - mkk_comic - app.py:582 - INFO - 正在下载第 103/217 页...
2025-12-27 03:10:31 - mkk_comic - app.py:582 - INFO - 正在下载第 104/217 页...
2025-12-27 03:10:31 - mkk_comic - app.py:582 - INFO - 正在下载第 105/217 页...
2025-12-27 03:10:31 - mkk_comic - app.py:582 - INFO - 正在下载第 106/217 页...
2025-12-27 03:10:31 - mkk_comic - app.py:582 - INFO - 正在下载第 107/217 页...
2025-12-27 03:10:31 - mkk_comic - app.py:582 - INFO - 正在下载第 108/217 页...
2025-12-27 03:10:31 - mkk_comic - app.py:582 - INFO - 正在下载第 109/217 页...
2025-12-27 03:10:31 - mkk_comic - app.py:582 - INFO - 正在下载第 110/217 页...
2025-12-27 03:10:31 - mkk_comic - app.py:582 - INFO - 正在下载第 111/217 页...
2025-12-27 03:10:31 - mkk_comic - app.py:582 - INFO - 正在下载第 112/217 页...
2025-12-27 03:10:31 - mkk_comic - app.py:582 - INFO - 正在下载第 113/217 页...
2025-12-27 03:10:31 - mkk_comic - app.py:582 - INFO - 正在下载第 114/217 页...
2025-12-27 03:10:31 - mkk_comic - app.py:582 - INFO - 正在下载第 115/217 页...
2025-12-27 03:10:31 - mkk_comic - app.py:582 - INFO - 正在下载第 116/217 页...
2025-12-27 03:10:31 - mkk_comic - app.py:582 - INFO - 正在下载第 117/217 页...
2025-12-27 03:10:31 - mkk_comic - app.py:582 - INFO - 正在下载第 118/217 页...
2025-12-27 03:10:31 - mkk_comic - app.py:582 - INFO - 正在下载第 119/217 页...
2025-12-27 03:10:31 - mkk_comic - app.py:582 - INFO - 正在下载第 120/217 页...
2025-12-27 03:10:31 - mkk_comic - app.py:582 - INFO - 正在下载第 121/217 页...
2025-12-27 03:10:31 - mkk_comic - app.py:582 - INFO - 正在下载第 122/217 页...
2025-12-27 03:10:31 - mkk_comic - app.py:582 - INFO - 正在下载第 123/217 页...
2025-12-27 03:10:31 - mkk_comic - app.py:582 - INFO - 正在下载第 124/217 页...
2025-12-27 03:10:31 - mkk_comic - app.py:582 - INFO - 正在下载第 125/217 页...
2025-12-27 03:10:31 - mkk_comic - app.py:582 - INFO - 正在下载第 126/217 页...
2025-12-27 03:10:31 - mkk_comic - app.py:582 - INFO - 正在下载第 127/217 页...
2025-12-27 03:10:31 - mkk_comic - app.py:582 - INFO - 正在下载第 128/217 页...
2025-12-27 03:10:31 - mkk_comic - app.py:582 - INFO - 正在下载第 129/217 页...
2025-12-27 03:10:31 - mkk_comic - app.py:582 - INFO - 正在下载第 130/217 页...
2025-12-27 03:10:32 - mkk_comic - app.py:582 - INFO - 正在下载第 131/217 页...
2025-12-27 03:10:32 - mkk_comic - app.py:582 - INFO - 正在下载第 132/217 页...
2025-12-27 03:10:32 - mkk_comic - app.py:582 - INFO - 正在下载第 133/217 页...
2025-12-27 03:10:32 - mkk_comic - app.py:582 - INFO - 正在下载第 134/217 页...
2025-12-27 03:10:32 - mkk_comic - app.py:582 - INFO - 正在下载第 135/217 页...
2025-12-27 03:10:32 - mkk_comic - app.py:582 - INFO - 正在下载第 136/217 页...
2025-12-27 03:10:32 - mkk_comic - app.py:582 - INFO - 正在下载第 137/217 页...
2025-12-27 03:10:32 - mkk_comic - app.py:582 - INFO - 正在下载第 138/217 页...
2025-12-27 03:10:32 - mkk_comic - app.py:582 - INFO - 正在下载第 139/217 页...
2025-12-27 03:10:32 - mkk_comic - app.py:582 - INFO - 正在下载第 140/217 页...
2025-12-27 03:10:32 - mkk_comic - app.py:582 - INFO - 正在下载第 141/217 页...
2025-12-27 03:10:32 - mkk_comic - app.py:582 - INFO - 正在下载第 142/217 页...
2025-12-27 03:10:32 - mkk_comic - app.py:582 - INFO - 正在下载第 143/217 页...
2025-12-27 03:10:32 - mkk_comic - app.py:582 - INFO - 正在下载第 144/217 页...
2025-12-27 03:10:32 - mkk_comic - app.py:582 - INFO - 正在下载第 145/217 页...
2025-12-27 03:10:32 - mkk_comic - app.py:582 - INFO - 正在下载第 146/217 页...
2025-12-27 03:10:32 - mkk_comic - app.py:582 - INFO - 正在下载第 147/217 页...
2025-12-27 03:10:32 - mkk_comic - app.py:582 - INFO - 正在下载第 148/217 页...
2025-12-27 03:10:32 - mkk_comic - app.py:582 - INFO - 正在下载第 149/217 页...
2025-12-27 03:10:32 - mkk_comic - app.py:582 - INFO - 正在下载第 150/217 页...
2025-12-27 03:10:32 - mkk_comic - app.py:582 - INFO - 正在下载第 151/217 页...
2025-12-27 03:10:32 - mkk_comic - app.py:582 - INFO - 正在下载第 152/217 页...
2025-12-27 03:10:32 - mkk_comic - app.py:582 - INFO - 正在下载第 153/217 页...
2025-12-27 03:10:32 - mkk_comic - app.py:582 - INFO - 正在下载第 154/217 页...
2025-12-27 03:10:32 - mkk_comic - app.py:582 - INFO - 正在下载第 155/217 页...
2025-12-27 03:10:32 - mkk_comic - app.py:582 - INFO - 正在下载第 156/217 页...
2025-12-27 03:10:32 - mkk_comic - app.py:582 - INFO - 正在下载第 157/217 页...
2025-12-27 03:10:32 - mkk_comic - app.py:582 - INFO - 正在下载第 158/217 页...
2025-12-27 03:10:32 - mkk_comic - app.py:582 - INFO - 正在下载第 159/217 页...
2025-12-27 03:10:32 - mkk_comic - app.py:582 - INFO - 正在下载第 160/217 页...
2025-12-27 03:10:33 - mkk_comic - app.py:582 - INFO - 正在下载第 161/217 页...
2025-12-27 03:10:33 - mkk_comic - app.py:582 - INFO - 正在下载第 162/217 页...
2025-12-27 03:10:33 - mkk_comic - app.py:582 - INFO - 正在下载第 163/217 页...
2025-12-27 03:10:33 - mkk_comic - app.py:582 - INFO - 正在下载第 164/217 页...
2025-12-27 03:10:33 - mkk_comic - app.py:582 - INFO - 正在下载第 165/217 页...
2025-12-27 03:10:33 - mkk_comic - app.py:582 - INFO - 正在下载第 166/217 页...
2025-12-27 03:10:33 - mkk_comic - app.py:582 - INFO - 正在下载第 167/217 页...
2025-12-27 03:10:33 - mkk_comic - app.py:582 - INFO - 正在下载第 168/217 页...
2025-12-27 03:10:33 - mkk_comic - app.py:582 - INFO - 正在下载第 169/217 页...
2025-12-27 03:10:33 - mkk_comic - app.py:582 - INFO - 正在下载第 170/217 页...
2025-12-27 03:10:33 - mkk_comic - app.py:582 - INFO - 正在下载第 171/217 页...
2025-12-27 03:10:33 - mkk_comic - app.py:582 - INFO - 正在下载第 172/217 页...
2025-12-27 03:10:33 - mkk_comic - app.py:582 - INFO - 正在下载第 173/217 页...
2025-12-27 03:10:33 - mkk_comic - app.py:582 - INFO - 正在下载第 174/217 页...
2025-12-27 03:10:33 - mkk_comic - app.py:582 - INFO - 正在下载第 175/217 页...
2025-12-27 03:10:33 - mkk_comic - app.py:582 - INFO - 正在下载第 176/217 页...
2025-12-27 03:10:33 - mkk_comic - app.py:582 - INFO - 正在下载第 177/217 页...
2025-12-27 03:10:33 - mkk_comic - app.py:582 - INFO - 正在下载第 178/217 页...
2025-12-27 03:10:33 - mkk_comic - app.py:582 - INFO - 正在下载第 179/217 页...
2025-12-27 03:10:33 - mkk_comic - app.py:582 - INFO - 正在下载第 180/217 页...
2025-12-27 03:10:33 - mkk_comic - app.py:582 - INFO - 正在下载第 181/217 页...
2025-12-27 03:10:33 - mkk_comic - app.py:582 - INFO - 正在下载第 182/217 页...
2025-12-27 03:10:33 - mkk_comic - app.py:582 - INFO - 正在下载第 183/217 页...
2025-12-27 03:10:33 - mkk_comic - app.py:582 - INFO - 正在下载第 184/217 页...
2025-12-27 03:10:33 - mkk_comic - app.py:582 - INFO - 正在下载第 185/217 页...
2025-12-27 03:10:33 - mkk_comic - app.py:582 - INFO - 正在下载第 186/217 页...
2025-12-27 03:10:33 - mkk_comic - app.py:582 - INFO - 正在下载第 187/217 页...
2025-12-27 03:10:33 - mkk_comic - app.py:582 - INFO - 正在下载第 188/217 页...
2025-12-27 03:10:33 - mkk_comic - app.py:582 - INFO - 正在下载第 189/217 页...
2025-12-27 03:10:33 - mkk_comic - app.py:582 - INFO - 正在下载第 190/217 页...
2025-12-27 03:10:33 - mkk_comic - app.py:582 - INFO - 正在下载第 191/217 页...
2025-12-27 03:10:33 - mkk_comic - app.py:582 - INFO - 正在下载第 192/217 页...
2025-12-27 03:10:33 - mkk_comic - app.py:582 - INFO - 正在下载第 193/217 页...
2025-12-27 03:10:33 - mkk_comic - app.py:582 - INFO - 正在下载第 194/217 页...
2025-12-27 03:10:33 - mkk_comic - app.py:582 - INFO - 正在下载第 195/217 页...
2025-12-27 03:10:34 - mkk_comic - app.py:582 - INFO - 正在下载第 196/217 页...
2025-12-27 03:10:34 - mkk_comic - app.py:582 - INFO - 正在下载第 197/217 页...
2025-12-27 03:10:34 - mkk_comic - app.py:582 - INFO - 正在下载第 198/217 页...
2025-12-27 03:10:34 - mkk_comic - app.py:582 - INFO - 正在下载第 199/217 页...
2025-12-27 03:10:34 - mkk_comic - app.py:582 - INFO - 正在下载第 200/217 页...
2025-12-27 03:10:34 - mkk_comic - app.py:582 - INFO - 正在下载第 201/217 页...
2025-12-27 03:10:34 - mkk_comic - app.py:582 - INFO - 正在下载第 202/217 页...
2025-12-27 03:10:34 - mkk_comic - app.py:582 - INFO - 正在下载第 203/217 页...
2025-12-27 03:10:34 - mkk_comic - app.py:582 - INFO - 正在下载第 204/217 页...
2025-12-27 03:10:34 - mkk_comic - app.py:582 - INFO - 正在下载第 205/217 页...
2025-12-27 03:10:34 - mkk_comic - app.py:582 - INFO - 正在下载第 206/217 页...
2025-12-27 03:10:34 - mkk_comic - app.py:582 - INFO - 正在下载第 207/217 页...
2025-12-27 03:10:34 - mkk_comic - app.py:582 - INFO - 正在下载第 208/217 页...
2025-12-27 03:10:34 - mkk_comic - app.py:582 - INFO - 正在下载第 209/217 页...
2025-12-27 03:10:34 - mkk_comic - app.py:582 - INFO - 正在下载第 210/217 页...
2025-12-27 03:10:34 - mkk_comic - app.py:582 - INFO - 正在下载第 211/217 页...
2025-12-27 03:10:34 - mkk_comic - app.py:582 - INFO - 正在下载第 212/217 页...
2025-12-27 03:10:34 - mkk_comic - app.py:582 - INFO - 正在下载第 213/217 页...
2025-12-27 03:10:34 - mkk_comic - app.py:582 - INFO - 正在下载第 214/217 页...
2025-12-27 03:10:34 - mkk_comic - app.py:582 - INFO - 正在下载第 215/217 页...
2025-12-27 03:10:34 - mkk_comic - app.py:582 - INFO - 正在下载第 216/217 页...
2025-12-27 03:10:34 - mkk_comic - app.py:582 - INFO - 正在下载第 217/217 页...
2025-12-27 03:10:34 - mkk_comic - app.py:511 - INFO - 下载完成!
2025-12-27 03:10:34 - mkk_comic - app.py:512 - INFO - 成功下载: 217/217 页
2025-12-27 03:10:35 - mkk_comic - app.py:494 - INFO - 正在下载第39章: 39卷    UUID:d1d02f26-c7bf-11e8-8821-024352452ce0
2025-12-27 03:10:36 - mkk_comic - app.py:502 - INFO - 创建目录: ./out/海贼王/39卷
2025-12-27 03:10:36 - mkk_comic - app.py:505 - INFO - 开始下载: 海贼王 - 39卷
2025-12-27 03:10:36 - mkk_comic - app.py:506 - INFO - 总页数: 217
2025-12-27 03:10:36 - mkk_comic - app.py:582 - INFO - 正在下载第 001/217 页...
2025-12-27 03:10:36 - mkk_comic - app.py:582 - INFO - 正在下载第 002/217 页...
2025-12-27 03:10:36 - mkk_comic - app.py:582 - INFO - 正在下载第 003/217 页...
2025-12-27 03:10:36 - mkk_comic - app.py:582 - INFO - 正在下载第 004/217 页...
2025-12-27 03:10:36 - mkk_comic - app.py:582 - INFO - 正在下载第 005/217 页...
2025-12-27 03:10:36 - mkk_comic - app.py:582 - INFO - 正在下载第 006/217 页...
2025-12-27 03:10:36 - mkk_comic - app.py:582 - INFO - 正在下载第 007/217 页...
2025-12-27 03:10:36 - mkk_comic - app.py:582 - INFO - 正在下载第 008/217 页...
2025-12-27 03:10:36 - mkk_comic - app.py:582 - INFO - 正在下载第 009/217 页...
2025-12-27 03:10:36 - mkk_comic - app.py:582 - INFO - 正在下载第 010/217 页...
2025-12-27 03:10:36 - mkk_comic - app.py:582 - INFO - 正在下载第 011/217 页...
2025-12-27 03:10:36 - mkk_comic - app.py:582 - INFO - 正在下载第 012/217 页...
2025-12-27 03:10:36 - mkk_comic - app.py:582 - INFO - 正在下载第 013/217 页...
2025-12-27 03:10:36 - mkk_comic - app.py:582 - INFO - 正在下载第 014/217 页...
2025-12-27 03:10:36 - mkk_comic - app.py:582 - INFO - 正在下载第 015/217 页...
2025-12-27 03:10:36 - mkk_comic - app.py:582 - INFO - 正在下载第 016/217 页...
2025-12-27 03:10:36 - mkk_comic - app.py:582 - INFO - 正在下载第 017/217 页...
2025-12-27 03:10:36 - mkk_comic - app.py:582 - INFO - 正在下载第 018/217 页...
2025-12-27 03:10:36 - mkk_comic - app.py:582 - INFO - 正在下载第 019/217 页...
2025-12-27 03:10:37 - mkk_comic - app.py:582 - INFO - 正在下载第 020/217 页...
2025-12-27 03:10:37 - mkk_comic - app.py:582 - INFO - 正在下载第 021/217 页...
2025-12-27 03:10:37 - mkk_comic - app.py:582 - INFO - 正在下载第 022/217 页...
2025-12-27 03:10:37 - mkk_comic - app.py:582 - INFO - 正在下载第 023/217 页...
2025-12-27 03:10:37 - mkk_comic - app.py:582 - INFO - 正在下载第 024/217 页...
2025-12-27 03:10:37 - mkk_comic - app.py:582 - INFO - 正在下载第 025/217 页...
2025-12-27 03:10:37 - mkk_comic - app.py:582 - INFO - 正在下载第 026/217 页...
2025-12-27 03:10:37 - mkk_comic - app.py:582 - INFO - 正在下载第 027/217 页...
2025-12-27 03:10:37 - mkk_comic - app.py:582 - INFO - 正在下载第 028/217 页...
2025-12-27 03:10:37 - mkk_comic - app.py:582 - INFO - 正在下载第 029/217 页...
2025-12-27 03:10:37 - mkk_comic - app.py:582 - INFO - 正在下载第 030/217 页...
2025-12-27 03:10:37 - mkk_comic - app.py:582 - INFO - 正在下载第 031/217 页...
2025-12-27 03:10:37 - mkk_comic - app.py:582 - INFO - 正在下载第 032/217 页...
2025-12-27 03:10:37 - mkk_comic - app.py:582 - INFO - 正在下载第 033/217 页...
2025-12-27 03:10:37 - mkk_comic - app.py:582 - INFO - 正在下载第 034/217 页...
2025-12-27 03:10:37 - mkk_comic - app.py:582 - INFO - 正在下载第 035/217 页...
2025-12-27 03:10:37 - mkk_comic - app.py:582 - INFO - 正在下载第 036/217 页...
2025-12-27 03:10:37 - mkk_comic - app.py:582 - INFO - 正在下载第 037/217 页...
2025-12-27 03:10:37 - mkk_comic - app.py:582 - INFO - 正在下载第 038/217 页...
2025-12-27 03:10:37 - mkk_comic - app.py:582 - INFO - 正在下载第 039/217 页...
2025-12-27 03:10:37 - mkk_comic - app.py:582 - INFO - 正在下载第 040/217 页...
2025-12-27 03:10:37 - mkk_comic - app.py:582 - INFO - 正在下载第 041/217 页...
2025-12-27 03:10:37 - mkk_comic - app.py:582 - INFO - 正在下载第 042/217 页...
2025-12-27 03:10:37 - mkk_comic - app.py:582 - INFO - 正在下载第 043/217 页...
2025-12-27 03:10:37 - mkk_comic - app.py:582 - INFO - 正在下载第 044/217 页...
2025-12-27 03:10:37 - mkk_comic - app.py:582 - INFO - 正在下载第 045/217 页...
2025-12-27 03:10:37 - mkk_comic - app.py:582 - INFO - 正在下载第 046/217 页...
2025-12-27 03:10:37 - mkk_comic - app.py:582 - INFO - 正在下载第 047/217 页...
2025-12-27 03:10:37 - mkk_comic - app.py:582 - INFO - 正在下载第 048/217 页...
2025-12-27 03:10:37 - mkk_comic - app.py:582 - INFO - 正在下载第 049/217 页...
2025-12-27 03:10:37 - mkk_comic - app.py:582 - INFO - 正在下载第 050/217 页...
2025-12-27 03:10:37 - mkk_comic - app.py:582 - INFO - 正在下载第 051/217 页...
2025-12-27 03:10:37 - mkk_comic - app.py:582 - INFO - 正在下载第 052/217 页...
2025-12-27 03:10:37 - mkk_comic - app.py:582 - INFO - 正在下载第 053/217 页...
2025-12-27 03:10:37 - mkk_comic - app.py:582 - INFO - 正在下载第 054/217 页...
2025-12-27 03:10:37 - mkk_comic - app.py:582 - INFO - 正在下载第 055/217 页...
2025-12-27 03:10:38 - mkk_comic - app.py:582 - INFO - 正在下载第 056/217 页...
2025-12-27 03:10:38 - mkk_comic - app.py:582 - INFO - 正在下载第 057/217 页...
2025-12-27 03:10:38 - mkk_comic - app.py:582 - INFO - 正在下载第 058/217 页...
2025-12-27 03:10:38 - mkk_comic - app.py:582 - INFO - 正在下载第 059/217 页...
2025-12-27 03:10:38 - mkk_comic - app.py:582 - INFO - 正在下载第 060/217 页...
2025-12-27 03:10:38 - mkk_comic - app.py:582 - INFO - 正在下载第 061/217 页...
2025-12-27 03:10:38 - mkk_comic - app.py:582 - INFO - 正在下载第 062/217 页...
2025-12-27 03:10:38 - mkk_comic - app.py:582 - INFO - 正在下载第 063/217 页...
2025-12-27 03:10:38 - mkk_comic - app.py:582 - INFO - 正在下载第 064/217 页...
2025-12-27 03:10:38 - mkk_comic - app.py:582 - INFO - 正在下载第 065/217 页...
2025-12-27 03:10:38 - mkk_comic - app.py:582 - INFO - 正在下载第 066/217 页...
2025-12-27 03:10:38 - mkk_comic - app.py:582 - INFO - 正在下载第 067/217 页...
2025-12-27 03:10:38 - mkk_comic - app.py:582 - INFO - 正在下载第 068/217 页...
2025-12-27 03:10:38 - mkk_comic - app.py:582 - INFO - 正在下载第 069/217 页...
2025-12-27 03:10:38 - mkk_comic - app.py:582 - INFO - 正在下载第 070/217 页...
2025-12-27 03:10:38 - mkk_comic - app.py:582 - INFO - 正在下载第 071/217 页...
2025-12-27 03:10:38 - mkk_comic - app.py:582 - INFO - 正在下载第 072/217 页...
2025-12-27 03:10:38 - mkk_comic - app.py:582 - INFO - 正在下载第 073/217 页...
2025-12-27 03:10:38 - mkk_comic - app.py:582 - INFO - 正在下载第 074/217 页...
2025-12-27 03:10:38 - mkk_comic - app.py:582 - INFO - 正在下载第 075/217 页...
2025-12-27 03:10:38 - mkk_comic - app.py:582 - INFO - 正在下载第 076/217 页...
2025-12-27 03:10:38 - mkk_comic - app.py:582 - INFO - 正在下载第 077/217 页...
2025-12-27 03:10:38 - mkk_comic - app.py:582 - INFO - 正在下载第 078/217 页...
2025-12-27 03:10:38 - mkk_comic - app.py:582 - INFO - 正在下载第 079/217 页...
2025-12-27 03:10:38 - mkk_comic - app.py:582 - INFO - 正在下载第 080/217 页...
2025-12-27 03:10:38 - mkk_comic - app.py:582 - INFO - 正在下载第 081/217 页...
2025-12-27 03:10:38 - mkk_comic - app.py:582 - INFO - 正在下载第 082/217 页...
2025-12-27 03:10:38 - mkk_comic - app.py:582 - INFO - 正在下载第 083/217 页...
2025-12-27 03:10:38 - mkk_comic - app.py:582 - INFO - 正在下载第 084/217 页...
2025-12-27 03:10:38 - mkk_comic - app.py:582 - INFO - 正在下载第 085/217 页...
2025-12-27 03:10:38 - mkk_comic - app.py:582 - INFO - 正在下载第 086/217 页...
2025-12-27 03:10:38 - mkk_comic - app.py:582 - INFO - 正在下载第 087/217 页...
2025-12-27 03:10:39 - mkk_comic - app.py:582 - INFO - 正在下载第 088/217 页...
2025-12-27 03:10:39 - mkk_comic - app.py:582 - INFO - 正在下载第 089/217 页...
2025-12-27 03:10:39 - mkk_comic - app.py:582 - INFO - 正在下载第 090/217 页...
2025-12-27 03:10:39 - mkk_comic - app.py:582 - INFO - 正在下载第 091/217 页...
2025-12-27 03:10:39 - mkk_comic - app.py:582 - INFO - 正在下载第 092/217 页...
2025-12-27 03:10:39 - mkk_comic - app.py:582 - INFO - 正在下载第 093/217 页...
2025-12-27 03:10:39 - mkk_comic - app.py:582 - INFO - 正在下载第 094/217 页...
2025-12-27 03:10:39 - mkk_comic - app.py:582 - INFO - 正在下载第 095/217 页...
2025-12-27 03:10:39 - mkk_comic - app.py:582 - INFO - 正在下载第 096/217 页...
2025-12-27 03:10:39 - mkk_comic - app.py:582 - INFO - 正在下载第 097/217 页...
2025-12-27 03:10:39 - mkk_comic - app.py:582 - INFO - 正在下载第 098/217 页...
2025-12-27 03:10:39 - mkk_comic - app.py:582 - INFO - 正在下载第 099/217 页...
2025-12-27 03:10:39 - mkk_comic - app.py:582 - INFO - 正在下载第 100/217 页...
2025-12-27 03:10:39 - mkk_comic - app.py:582 - INFO - 正在下载第 101/217 页...
2025-12-27 03:10:39 - mkk_comic - app.py:582 - INFO - 正在下载第 102/217 页...
2025-12-27 03:10:39 - mkk_comic - app.py:582 - INFO - 正在下载第 103/217 页...
2025-12-27 03:10:39 - mkk_comic - app.py:582 - INFO - 正在下载第 104/217 页...
2025-12-27 03:10:39 - mkk_comic - app.py:582 - INFO - 正在下载第 105/217 页...
2025-12-27 03:10:39 - mkk_comic - app.py:582 - INFO - 正在下载第 106/217 页...
2025-12-27 03:10:39 - mkk_comic - app.py:582 - INFO - 正在下载第 107/217 页...
2025-12-27 03:10:39 - mkk_comic - app.py:582 - INFO - 正在下载第 108/217 页...
2025-12-27 03:10:39 - mkk_comic - app.py:582 - INFO - 正在下载第 109/217 页...
2025-12-27 03:10:39 - mkk_comic - app.py:582 - INFO - 正在下载第 110/217 页...
2025-12-27 03:10:39 - mkk_comic - app.py:582 - INFO - 正在下载第 111/217 页...
2025-12-27 03:10:39 - mkk_comic - app.py:582 - INFO - 正在下载第 112/217 页...
2025-12-27 03:10:39 - mkk_comic - app.py:582 - INFO - 正在下载第 113/217 页...
2025-12-27 03:10:39 - mkk_comic - app.py:582 - INFO - 正在下载第 114/217 页...
2025-12-27 03:10:39 - mkk_comic - app.py:582 - INFO - 正在下载第 115/217 页...
2025-12-27 03:10:39 - mkk_comic - app.py:582 - INFO - 正在下载第 116/217 页...
2025-12-27 03:10:39 - mkk_comic - app.py:582 - INFO - 正在下载第 117/217 页...
2025-12-27 03:10:40 - mkk_comic - app.py:582 - INFO - 正在下载第 118/217 页...
2025-12-27 03:10:40 - mkk_comic - app.py:582 - INFO - 正在下载第 119/217 页...
2025-12-27 03:10:40 - mkk_comic - app.py:582 - INFO - 正在下载第 120/217 页...
2025-12-27 03:10:40 - mkk_comic - app.py:582 - INFO - 正在下载第 121/217 页...
2025-12-27 03:10:40 - mkk_comic - app.py:582 - INFO - 正在下载第 122/217 页...
2025-12-27 03:10:40 - mkk_comic - app.py:582 - INFO - 正在下载第 123/217 页...
2025-12-27 03:10:40 - mkk_comic - app.py:582 - INFO - 正在下载第 124/217 页...
2025-12-27 03:10:40 - mkk_comic - app.py:582 - INFO - 正在下载第 125/217 页...
2025-12-27 03:10:40 - mkk_comic - app.py:582 - INFO - 正在下载第 126/217 页...
2025-12-27 03:10:40 - mkk_comic - app.py:582 - INFO - 正在下载第 127/217 页...
2025-12-27 03:10:40 - mkk_comic - app.py:582 - INFO - 正在下载第 128/217 页...
2025-12-27 03:10:40 - mkk_comic - app.py:582 - INFO - 正在下载第 129/217 页...
2025-12-27 03:10:40 - mkk_comic - app.py:582 - INFO - 正在下载第 130/217 页...
2025-12-27 03:10:40 - mkk_comic - app.py:582 - INFO - 正在下载第 131/217 页...
2025-12-27 03:10:40 - mkk_comic - app.py:582 - INFO - 正在下载第 132/217 页...
2025-12-27 03:10:40 - mkk_comic - app.py:582 - INFO - 正在下载第 133/217 页...
2025-12-27 03:10:40 - mkk_comic - app.py:582 - INFO - 正在下载第 134/217 页...
2025-12-27 03:10:40 - mkk_comic - app.py:582 - INFO - 正在下载第 135/217 页...
2025-12-27 03:10:40 - mkk_comic - app.py:582 - INFO - 正在下载第 136/217 页...
2025-12-27 03:10:40 - mkk_comic - app.py:582 - INFO - 正在下载第 137/217 页...
2025-12-27 03:10:40 - mkk_comic - app.py:582 - INFO - 正在下载第 138/217 页...
2025-12-27 03:10:40 - mkk_comic - app.py:582 - INFO - 正在下载第 139/217 页...
2025-12-27 03:10:40 - mkk_comic - app.py:582 - INFO - 正在下载第 140/217 页...
2025-12-27 03:10:40 - mkk_comic - app.py:582 - INFO - 正在下载第 141/217 页...
2025-12-27 03:10:40 - mkk_comic - app.py:582 - INFO - 正在下载第 142/217 页...
2025-12-27 03:10:40 - mkk_comic - app.py:582 - INFO - 正在下载第 143/217 页...
2025-12-27 03:10:40 - mkk_comic - app.py:582 - INFO - 正在下载第 144/217 页...
2025-12-27 03:10:40 - mkk_comic - app.py:582 - INFO - 正在下载第 145/217 页...
2025-12-27 03:10:40 - mkk_comic - app.py:582 - INFO - 正在下载第 146/217 页...
2025-12-27 03:10:40 - mkk_comic - app.py:582 - INFO - 正在下载第 147/217 页...
2025-12-27 03:10:40 - mkk_comic - app.py:582 - INFO - 正在下载第 148/217 页...
2025-12-27 03:10:40 - mkk_comic - app.py:582 - INFO - 正在下载第 149/217 页...
2025-12-27 03:10:40 - mkk_comic - app.py:582 - INFO - 正在下载第 150/217 页...
2025-12-27 03:10:40 - mkk_comic - app.py:582 - INFO - 正在下载第 151/217 页...
2025-12-27 03:10:40 - mkk_comic - app.py:582 - INFO - 正在下载第 152/217 页...
2025-12-27 03:10:41 - mkk_comic - app.py:582 - INFO - 正在下载第 153/217 页...
2025-12-27 03:10:41 - mkk_comic - app.py:582 - INFO - 正在下载第 154/217 页...
2025-12-27 03:10:41 - mkk_comic - app.py:582 - INFO - 正在下载第 155/217 页...
2025-12-27 03:10:41 - mkk_comic - app.py:582 - INFO - 正在下载第 156/217 页...
2025-12-27 03:10:41 - mkk_comic - app.py:582 - INFO - 正在下载第 157/217 页...
2025-12-27 03:10:41 - mkk_comic - app.py:582 - INFO - 正在下载第 158/217 页...
2025-12-27 03:10:41 - mkk_comic - app.py:582 - INFO - 正在下载第 159/217 页...
2025-12-27 03:10:41 - mkk_comic - app.py:582 - INFO - 正在下载第 160/217 页...
2025-12-27 03:10:41 - mkk_comic - app.py:582 - INFO - 正在下载第 161/217 页...
2025-12-27 03:10:41 - mkk_comic - app.py:582 - INFO - 正在下载第 162/217 页...
2025-12-27 03:10:41 - mkk_comic - app.py:582 - INFO - 正在下载第 163/217 页...
2025-12-27 03:10:41 - mkk_comic - app.py:582 - INFO - 正在下载第 164/217 页...
2025-12-27 03:10:41 - mkk_comic - app.py:582 - INFO - 正在下载第 165/217 页...
2025-12-27 03:10:41 - mkk_comic - app.py:582 - INFO - 正在下载第 166/217 页...
2025-12-27 03:10:41 - mkk_comic - app.py:582 - INFO - 正在下载第 167/217 页...
2025-12-27 03:10:41 - mkk_comic - app.py:582 - INFO - 正在下载第 168/217 页...
2025-12-27 03:10:41 - mkk_comic - app.py:582 - INFO - 正在下载第 169/217 页...
2025-12-27 03:10:41 - mkk_comic - app.py:582 - INFO - 正在下载第 170/217 页...
2025-12-27 03:10:41 - mkk_comic - app.py:582 - INFO - 正在下载第 171/217 页...
2025-12-27 03:10:41 - mkk_comic - app.py:582 - INFO - 正在下载第 172/217 页...
2025-12-27 03:10:41 - mkk_comic - app.py:582 - INFO - 正在下载第 173/217 页...
2025-12-27 03:10:41 - mkk_comic - app.py:582 - INFO - 正在下载第 174/217 页...
2025-12-27 03:10:41 - mkk_comic - app.py:582 - INFO - 正在下载第 175/217 页...
2025-12-27 03:10:41 - mkk_comic - app.py:582 - INFO - 正在下载第 176/217 页...
2025-12-27 03:10:41 - mkk_comic - app.py:582 - INFO - 正在下载第 177/217 页...
2025-12-27 03:10:41 - mkk_comic - app.py:582 - INFO - 正在下载第 178/217 页...
2025-12-27 03:10:41 - mkk_comic - app.py:582 - INFO - 正在下载第 179/217 页...
2025-12-27 03:10:41 - mkk_comic - app.py:582 - INFO - 正在下载第 180/217 页...
2025-12-27 03:10:41 - mkk_comic - app.py:582 - INFO - 正在下载第 181/217 页...
2025-12-27 03:10:41 - mkk_comic - app.py:582 - INFO - 正在下载第 182/217 页...
2025-12-27 03:10:41 - mkk_comic - app.py:582 - INFO - 正在下载第 183/217 页...
2025-12-27 03:10:41 - mkk_comic - app.py:582 - INFO - 正在下载第 184/217 页...
2025-12-27 03:10:41 - mkk_comic - app.py:582 - INFO - 正在下载第 185/217 页...
2025-12-27 03:10:42 - mkk_comic - app.py:582 - INFO - 正在下载第 186/217 页...
2025-12-27 03:10:42 - mkk_comic - app.py:582 - INFO - 正在下载第 187/217 页...
2025-12-27 03:10:42 - mkk_comic - app.py:582 - INFO - 正在下载第 188/217 页...
2025-12-27 03:10:42 - mkk_comic - app.py:582 - INFO - 正在下载第 189/217 页...
2025-12-27 03:10:42 - mkk_comic - app.py:582 - INFO - 正在下载第 190/217 页...
2025-12-27 03:10:42 - mkk_comic - app.py:582 - INFO - 正在下载第 191/217 页...
2025-12-27 03:10:42 - mkk_comic - app.py:582 - INFO - 正在下载第 192/217 页...
2025-12-27 03:10:42 - mkk_comic - app.py:582 - INFO - 正在下载第 193/217 页...
2025-12-27 03:10:42 - mkk_comic - app.py:582 - INFO - 正在下载第 194/217 页...
2025-12-27 03:10:42 - mkk_comic - app.py:582 - INFO - 正在下载第 195/217 页...
2025-12-27 03:10:42 - mkk_comic - app.py:582 - INFO - 正在下载第 196/217 页...
2025-12-27 03:10:42 - mkk_comic - app.py:582 - INFO - 正在下载第 197/217 页...
2025-12-27 03:10:42 - mkk_comic - app.py:582 - INFO - 正在下载第 198/217 页...
2025-12-27 03:10:42 - mkk_comic - app.py:582 - INFO - 正在下载第 199/217 页...
2025-12-27 03:10:42 - mkk_comic - app.py:582 - INFO - 正在下载第 200/217 页...
2025-12-27 03:10:42 - mkk_comic - app.py:582 - INFO - 正在下载第 201/217 页...
2025-12-27 03:10:42 - mkk_comic - app.py:582 - INFO - 正在下载第 202/217 页...
2025-12-27 03:10:42 - mkk_comic - app.py:582 - INFO - 正在下载第 203/217 页...
2025-12-27 03:10:42 - mkk_comic - app.py:582 - INFO - 正在下载第 204/217 页...
2025-12-27 03:10:42 - mkk_comic - app.py:582 - INFO - 正在下载第 205/217 页...
2025-12-27 03:10:42 - mkk_comic - app.py:582 - INFO - 正在下载第 206/217 页...
2025-12-27 03:10:42 - mkk_comic - app.py:582 - INFO - 正在下载第 207/217 页...
2025-12-27 03:10:42 - mkk_comic - app.py:582 - INFO - 正在下载第 208/217 页...
2025-12-27 03:10:42 - mkk_comic - app.py:582 - INFO - 正在下载第 209/217 页...
2025-12-27 03:10:42 - mkk_comic - app.py:582 - INFO - 正在下载第 210/217 页...
2025-12-27 03:10:42 - mkk_comic - app.py:582 - INFO - 正在下载第 211/217 页...
2025-12-27 03:10:43 - mkk_comic - app.py:582 - INFO - 正在下载第 212/217 页...
2025-12-27 03:10:43 - mkk_comic - app.py:582 - INFO - 正在下载第 213/217 页...
2025-12-27 03:10:43 - mkk_comic - app.py:582 - INFO - 正在下载第 214/217 页...
2025-12-27 03:10:43 - mkk_comic - app.py:582 - INFO - 正在下载第 215/217 页...
2025-12-27 03:10:43 - mkk_comic - app.py:582 - INFO - 正在下载第 216/217 页...
2025-12-27 03:10:43 - mkk_comic - app.py:582 - INFO - 正在下载第 217/217 页...
2025-12-27 03:10:43 - mkk_comic - app.py:511 - INFO - 下载完成!
2025-12-27 03:10:43 - mkk_comic - app.py:512 - INFO - 成功下载: 217/217 页
2025-12-27 03:10:44 - mkk_comic - app.py:494 - INFO - 正在下载第40章: 40卷    UUID:d7f6057c-c7bf-11e8-8821-024352452ce0
2025-12-27 03:10:45 - mkk_comic - app.py:502 - INFO - 创建目录: ./out/海贼王/40卷
2025-12-27 03:10:45 - mkk_comic - app.py:505 - INFO - 开始下载: 海贼王 - 40卷
2025-12-27 03:10:45 - mkk_comic - app.py:506 - INFO - 总页数: 231
2025-12-27 03:10:45 - mkk_comic - app.py:582 - INFO - 正在下载第 001/231 页...
2025-12-27 03:10:45 - mkk_comic - app.py:582 - INFO - 正在下载第 002/231 页...
2025-12-27 03:10:45 - mkk_comic - app.py:582 - INFO - 正在下载第 003/231 页...
2025-12-27 03:10:45 - mkk_comic - app.py:582 - INFO - 正在下载第 004/231 页...
2025-12-27 03:10:45 - mkk_comic - app.py:582 - INFO - 正在下载第 005/231 页...
2025-12-27 03:10:45 - mkk_comic - app.py:582 - INFO - 正在下载第 006/231 页...
2025-12-27 03:10:45 - mkk_comic - app.py:582 - INFO - 正在下载第 007/231 页...
2025-12-27 03:10:45 - mkk_comic - app.py:582 - INFO - 正在下载第 008/231 页...
2025-12-27 03:10:45 - mkk_comic - app.py:582 - INFO - 正在下载第 009/231 页...
2025-12-27 03:10:45 - mkk_comic - app.py:582 - INFO - 正在下载第 010/231 页...
2025-12-27 03:10:45 - mkk_comic - app.py:582 - INFO - 正在下载第 011/231 页...
2025-12-27 03:10:45 - mkk_comic - app.py:582 - INFO - 正在下载第 012/231 页...
2025-12-27 03:10:45 - mkk_comic - app.py:582 - INFO - 正在下载第 013/231 页...
2025-12-27 03:10:45 - mkk_comic - app.py:582 - INFO - 正在下载第 014/231 页...
2025-12-27 03:10:45 - mkk_comic - app.py:582 - INFO - 正在下载第 015/231 页...
2025-12-27 03:10:45 - mkk_comic - app.py:582 - INFO - 正在下载第 016/231 页...
2025-12-27 03:10:45 - mkk_comic - app.py:582 - INFO - 正在下载第 017/231 页...
2025-12-27 03:10:45 - mkk_comic - app.py:582 - INFO - 正在下载第 018/231 页...
2025-12-27 03:10:45 - mkk_comic - app.py:582 - INFO - 正在下载第 019/231 页...
2025-12-27 03:10:45 - mkk_comic - app.py:582 - INFO - 正在下载第 020/231 页...
2025-12-27 03:10:45 - mkk_comic - app.py:582 - INFO - 正在下载第 021/231 页...
2025-12-27 03:10:45 - mkk_comic - app.py:582 - INFO - 正在下载第 022/231 页...
2025-12-27 03:10:45 - mkk_comic - app.py:582 - INFO - 正在下载第 023/231 页...
2025-12-27 03:10:45 - mkk_comic - app.py:582 - INFO - 正在下载第 024/231 页...
2025-12-27 03:10:45 - mkk_comic - app.py:582 - INFO - 正在下载第 025/231 页...
2025-12-27 03:10:45 - mkk_comic - app.py:582 - INFO - 正在下载第 026/231 页...
2025-12-27 03:10:45 - mkk_comic - app.py:582 - INFO - 正在下载第 027/231 页...
2025-12-27 03:10:45 - mkk_comic - app.py:582 - INFO - 正在下载第 028/231 页...
2025-12-27 03:10:45 - mkk_comic - app.py:582 - INFO - 正在下载第 029/231 页...
2025-12-27 03:10:45 - mkk_comic - app.py:582 - INFO - 正在下载第 030/231 页...
2025-12-27 03:10:45 - mkk_comic - app.py:582 - INFO - 正在下载第 031/231 页...
2025-12-27 03:10:45 - mkk_comic - app.py:582 - INFO - 正在下载第 032/231 页...
2025-12-27 03:10:45 - mkk_comic - app.py:582 - INFO - 正在下载第 033/231 页...
2025-12-27 03:10:45 - mkk_comic - app.py:582 - INFO - 正在下载第 034/231 页...
2025-12-27 03:10:46 - mkk_comic - app.py:582 - INFO - 正在下载第 035/231 页...
2025-12-27 03:10:46 - mkk_comic - app.py:582 - INFO - 正在下载第 036/231 页...
2025-12-27 03:10:46 - mkk_comic - app.py:582 - INFO - 正在下载第 037/231 页...
2025-12-27 03:10:46 - mkk_comic - app.py:582 - INFO - 正在下载第 038/231 页...
2025-12-27 03:10:46 - mkk_comic - app.py:582 - INFO - 正在下载第 039/231 页...
2025-12-27 03:10:46 - mkk_comic - app.py:582 - INFO - 正在下载第 040/231 页...
2025-12-27 03:10:46 - mkk_comic - app.py:582 - INFO - 正在下载第 041/231 页...
2025-12-27 03:10:46 - mkk_comic - app.py:582 - INFO - 正在下载第 042/231 页...
2025-12-27 03:10:46 - mkk_comic - app.py:582 - INFO - 正在下载第 043/231 页...
2025-12-27 03:10:46 - mkk_comic - app.py:582 - INFO - 正在下载第 044/231 页...
2025-12-27 03:10:46 - mkk_comic - app.py:582 - INFO - 正在下载第 045/231 页...
2025-12-27 03:10:46 - mkk_comic - app.py:582 - INFO - 正在下载第 046/231 页...
2025-12-27 03:10:46 - mkk_comic - app.py:582 - INFO - 正在下载第 047/231 页...
2025-12-27 03:10:46 - mkk_comic - app.py:582 - INFO - 正在下载第 048/231 页...
2025-12-27 03:10:46 - mkk_comic - app.py:582 - INFO - 正在下载第 049/231 页...
2025-12-27 03:10:46 - mkk_comic - app.py:582 - INFO - 正在下载第 050/231 页...
2025-12-27 03:10:46 - mkk_comic - app.py:582 - INFO - 正在下载第 051/231 页...
2025-12-27 03:10:46 - mkk_comic - app.py:582 - INFO - 正在下载第 052/231 页...
2025-12-27 03:10:46 - mkk_comic - app.py:582 - INFO - 正在下载第 053/231 页...
2025-12-27 03:10:46 - mkk_comic - app.py:582 - INFO - 正在下载第 054/231 页...
2025-12-27 03:10:46 - mkk_comic - app.py:582 - INFO - 正在下载第 055/231 页...
2025-12-27 03:10:46 - mkk_comic - app.py:582 - INFO - 正在下载第 056/231 页...
2025-12-27 03:10:46 - mkk_comic - app.py:582 - INFO - 正在下载第 057/231 页...
2025-12-27 03:10:46 - mkk_comic - app.py:582 - INFO - 正在下载第 058/231 页...
2025-12-27 03:10:46 - mkk_comic - app.py:582 - INFO - 正在下载第 059/231 页...
2025-12-27 03:10:46 - mkk_comic - app.py:582 - INFO - 正在下载第 060/231 页...
2025-12-27 03:10:46 - mkk_comic - app.py:582 - INFO - 正在下载第 061/231 页...
2025-12-27 03:10:46 - mkk_comic - app.py:582 - INFO - 正在下载第 062/231 页...
2025-12-27 03:10:46 - mkk_comic - app.py:582 - INFO - 正在下载第 063/231 页...
2025-12-27 03:10:46 - mkk_comic - app.py:582 - INFO - 正在下载第 064/231 页...
2025-12-27 03:10:46 - mkk_comic - app.py:582 - INFO - 正在下载第 065/231 页...
2025-12-27 03:10:47 - mkk_comic - app.py:582 - INFO - 正在下载第 066/231 页...
2025-12-27 03:10:47 - mkk_comic - app.py:582 - INFO - 正在下载第 067/231 页...
2025-12-27 03:10:47 - mkk_comic - app.py:582 - INFO - 正在下载第 068/231 页...
2025-12-27 03:10:47 - mkk_comic - app.py:582 - INFO - 正在下载第 069/231 页...
2025-12-27 03:10:47 - mkk_comic - app.py:582 - INFO - 正在下载第 070/231 页...
2025-12-27 03:10:47 - mkk_comic - app.py:582 - INFO - 正在下载第 071/231 页...
2025-12-27 03:10:47 - mkk_comic - app.py:582 - INFO - 正在下载第 072/231 页...
2025-12-27 03:10:47 - mkk_comic - app.py:582 - INFO - 正在下载第 073/231 页...
2025-12-27 03:10:47 - mkk_comic - app.py:582 - INFO - 正在下载第 074/231 页...
2025-12-27 03:10:47 - mkk_comic - app.py:582 - INFO - 正在下载第 075/231 页...
2025-12-27 03:10:47 - mkk_comic - app.py:582 - INFO - 正在下载第 076/231 页...
2025-12-27 03:10:47 - mkk_comic - app.py:582 - INFO - 正在下载第 077/231 页...
2025-12-27 03:10:47 - mkk_comic - app.py:582 - INFO - 正在下载第 078/231 页...
2025-12-27 03:10:47 - mkk_comic - app.py:582 - INFO - 正在下载第 079/231 页...
2025-12-27 03:10:47 - mkk_comic - app.py:582 - INFO - 正在下载第 080/231 页...
2025-12-27 03:10:47 - mkk_comic - app.py:582 - INFO - 正在下载第 081/231 页...
2025-12-27 03:10:47 - mkk_comic - app.py:582 - INFO - 正在下载第 082/231 页...
2025-12-27 03:10:47 - mkk_comic - app.py:582 - INFO - 正在下载第 083/231 页...
2025-12-27 03:10:47 - mkk_comic - app.py:582 - INFO - 正在下载第 084/231 页...
2025-12-27 03:10:47 - mkk_comic - app.py:582 - INFO - 正在下载第 085/231 页...
2025-12-27 03:10:47 - mkk_comic - app.py:582 - INFO - 正在下载第 086/231 页...
2025-12-27 03:10:47 - mkk_comic - app.py:582 - INFO - 正在下载第 087/231 页...
2025-12-27 03:10:47 - mkk_comic - app.py:582 - INFO - 正在下载第 088/231 页...
2025-12-27 03:10:47 - mkk_comic - app.py:582 - INFO - 正在下载第 089/231 页...
2025-12-27 03:10:47 - mkk_comic - app.py:582 - INFO - 正在下载第 090/231 页...
2025-12-27 03:10:47 - mkk_comic - app.py:582 - INFO - 正在下载第 091/231 页...
2025-12-27 03:10:47 - mkk_comic - app.py:582 - INFO - 正在下载第 092/231 页...
2025-12-27 03:10:47 - mkk_comic - app.py:582 - INFO - 正在下载第 093/231 页...
2025-12-27 03:10:47 - mkk_comic - app.py:582 - INFO - 正在下载第 094/231 页...
2025-12-27 03:10:47 - mkk_comic - app.py:582 - INFO - 正在下载第 095/231 页...
2025-12-27 03:10:47 - mkk_comic - app.py:582 - INFO - 正在下载第 096/231 页...
2025-12-27 03:10:47 - mkk_comic - app.py:582 - INFO - 正在下载第 097/231 页...
2025-12-27 03:10:48 - mkk_comic - app.py:582 - INFO - 正在下载第 098/231 页...
2025-12-27 03:10:48 - mkk_comic - app.py:582 - INFO - 正在下载第 099/231 页...
2025-12-27 03:10:48 - mkk_comic - app.py:582 - INFO - 正在下载第 100/231 页...
2025-12-27 03:10:48 - mkk_comic - app.py:582 - INFO - 正在下载第 101/231 页...
2025-12-27 03:10:48 - mkk_comic - app.py:582 - INFO - 正在下载第 102/231 页...
2025-12-27 03:10:48 - mkk_comic - app.py:582 - INFO - 正在下载第 103/231 页...
2025-12-27 03:10:48 - mkk_comic - app.py:582 - INFO - 正在下载第 104/231 页...
2025-12-27 03:10:48 - mkk_comic - app.py:582 - INFO - 正在下载第 105/231 页...
2025-12-27 03:10:48 - mkk_comic - app.py:582 - INFO - 正在下载第 106/231 页...
2025-12-27 03:10:48 - mkk_comic - app.py:582 - INFO - 正在下载第 107/231 页...
2025-12-27 03:10:48 - mkk_comic - app.py:582 - INFO - 正在下载第 108/231 页...
2025-12-27 03:10:48 - mkk_comic - app.py:582 - INFO - 正在下载第 109/231 页...
2025-12-27 03:10:48 - mkk_comic - app.py:582 - INFO - 正在下载第 110/231 页...
2025-12-27 03:10:48 - mkk_comic - app.py:582 - INFO - 正在下载第 111/231 页...
2025-12-27 03:10:48 - mkk_comic - app.py:582 - INFO - 正在下载第 112/231 页...
2025-12-27 03:10:48 - mkk_comic - app.py:582 - INFO - 正在下载第 113/231 页...
2025-12-27 03:10:48 - mkk_comic - app.py:582 - INFO - 正在下载第 114/231 页...
2025-12-27 03:10:48 - mkk_comic - app.py:582 - INFO - 正在下载第 115/231 页...
2025-12-27 03:10:48 - mkk_comic - app.py:582 - INFO - 正在下载第 116/231 页...
2025-12-27 03:10:48 - mkk_comic - app.py:582 - INFO - 正在下载第 117/231 页...
2025-12-27 03:10:48 - mkk_comic - app.py:582 - INFO - 正在下载第 118/231 页...
2025-12-27 03:10:48 - mkk_comic - app.py:582 - INFO - 正在下载第 119/231 页...
2025-12-27 03:10:48 - mkk_comic - app.py:582 - INFO - 正在下载第 120/231 页...
2025-12-27 03:10:48 - mkk_comic - app.py:582 - INFO - 正在下载第 121/231 页...
2025-12-27 03:10:48 - mkk_comic - app.py:582 - INFO - 正在下载第 122/231 页...
2025-12-27 03:10:48 - mkk_comic - app.py:582 - INFO - 正在下载第 123/231 页...
2025-12-27 03:10:48 - mkk_comic - app.py:582 - INFO - 正在下载第 124/231 页...
2025-12-27 03:10:48 - mkk_comic - app.py:582 - INFO - 正在下载第 125/231 页...
2025-12-27 03:10:48 - mkk_comic - app.py:582 - INFO - 正在下载第 126/231 页...
2025-12-27 03:10:48 - mkk_comic - app.py:582 - INFO - 正在下载第 127/231 页...
2025-12-27 03:10:48 - mkk_comic - app.py:582 - INFO - 正在下载第 128/231 页...
2025-12-27 03:10:48 - mkk_comic - app.py:582 - INFO - 正在下载第 129/231 页...
2025-12-27 03:10:48 - mkk_comic - app.py:582 - INFO - 正在下载第 130/231 页...
2025-12-27 03:10:49 - mkk_comic - app.py:582 - INFO - 正在下载第 131/231 页...
2025-12-27 03:10:49 - mkk_comic - app.py:582 - INFO - 正在下载第 132/231 页...
2025-12-27 03:10:49 - mkk_comic - app.py:582 - INFO - 正在下载第 133/231 页...
2025-12-27 03:10:49 - mkk_comic - app.py:582 - INFO - 正在下载第 134/231 页...
2025-12-27 03:10:49 - mkk_comic - app.py:582 - INFO - 正在下载第 135/231 页...
2025-12-27 03:10:49 - mkk_comic - app.py:582 - INFO - 正在下载第 136/231 页...
2025-12-27 03:10:49 - mkk_comic - app.py:582 - INFO - 正在下载第 137/231 页...
2025-12-27 03:10:49 - mkk_comic - app.py:582 - INFO - 正在下载第 138/231 页...
2025-12-27 03:10:49 - mkk_comic - app.py:582 - INFO - 正在下载第 139/231 页...
2025-12-27 03:10:49 - mkk_comic - app.py:582 - INFO - 正在下载第 140/231 页...
2025-12-27 03:10:49 - mkk_comic - app.py:582 - INFO - 正在下载第 141/231 页...
2025-12-27 03:10:49 - mkk_comic - app.py:582 - INFO - 正在下载第 142/231 页...
2025-12-27 03:10:49 - mkk_comic - app.py:582 - INFO - 正在下载第 143/231 页...
2025-12-27 03:10:49 - mkk_comic - app.py:582 - INFO - 正在下载第 144/231 页...
2025-12-27 03:10:49 - mkk_comic - app.py:582 - INFO - 正在下载第 145/231 页...
2025-12-27 03:10:49 - mkk_comic - app.py:582 - INFO - 正在下载第 146/231 页...
2025-12-27 03:10:49 - mkk_comic - app.py:582 - INFO - 正在下载第 147/231 页...
2025-12-27 03:10:49 - mkk_comic - app.py:582 - INFO - 正在下载第 148/231 页...
2025-12-27 03:10:49 - mkk_comic - app.py:582 - INFO - 正在下载第 149/231 页...
2025-12-27 03:10:49 - mkk_comic - app.py:582 - INFO - 正在下载第 150/231 页...
2025-12-27 03:10:49 - mkk_comic - app.py:582 - INFO - 正在下载第 151/231 页...
2025-12-27 03:10:49 - mkk_comic - app.py:582 - INFO - 正在下载第 152/231 页...
2025-12-27 03:10:49 - mkk_comic - app.py:582 - INFO - 正在下载第 153/231 页...
2025-12-27 03:10:49 - mkk_comic - app.py:582 - INFO - 正在下载第 154/231 页...
2025-12-27 03:10:49 - mkk_comic - app.py:582 - INFO - 正在下载第 155/231 页...
2025-12-27 03:10:49 - mkk_comic - app.py:582 - INFO - 正在下载第 156/231 页...
2025-12-27 03:10:49 - mkk_comic - app.py:582 - INFO - 正在下载第 157/231 页...
2025-12-27 03:10:49 - mkk_comic - app.py:582 - INFO - 正在下载第 158/231 页...
2025-12-27 03:10:49 - mkk_comic - app.py:582 - INFO - 正在下载第 159/231 页...
2025-12-27 03:10:49 - mkk_comic - app.py:582 - INFO - 正在下载第 160/231 页...
2025-12-27 03:10:49 - mkk_comic - app.py:582 - INFO - 正在下载第 161/231 页...
2025-12-27 03:10:49 - mkk_comic - app.py:582 - INFO - 正在下载第 162/231 页...
2025-12-27 03:10:49 - mkk_comic - app.py:582 - INFO - 正在下载第 163/231 页...
2025-12-27 03:10:50 - mkk_comic - app.py:582 - INFO - 正在下载第 164/231 页...
2025-12-27 03:10:50 - mkk_comic - app.py:582 - INFO - 正在下载第 165/231 页...
2025-12-27 03:10:50 - mkk_comic - app.py:582 - INFO - 正在下载第 166/231 页...
2025-12-27 03:10:50 - mkk_comic - app.py:582 - INFO - 正在下载第 167/231 页...
2025-12-27 03:10:50 - mkk_comic - app.py:582 - INFO - 正在下载第 168/231 页...
2025-12-27 03:10:50 - mkk_comic - app.py:582 - INFO - 正在下载第 169/231 页...
2025-12-27 03:10:50 - mkk_comic - app.py:582 - INFO - 正在下载第 170/231 页...
2025-12-27 03:10:50 - mkk_comic - app.py:582 - INFO - 正在下载第 171/231 页...
2025-12-27 03:10:50 - mkk_comic - app.py:582 - INFO - 正在下载第 172/231 页...
2025-12-27 03:10:50 - mkk_comic - app.py:582 - INFO - 正在下载第 173/231 页...
2025-12-27 03:10:50 - mkk_comic - app.py:582 - INFO - 正在下载第 174/231 页...
2025-12-27 03:10:50 - mkk_comic - app.py:582 - INFO - 正在下载第 175/231 页...
2025-12-27 03:10:50 - mkk_comic - app.py:582 - INFO - 正在下载第 176/231 页...
2025-12-27 03:10:50 - mkk_comic - app.py:582 - INFO - 正在下载第 177/231 页...
2025-12-27 03:10:50 - mkk_comic - app.py:582 - INFO - 正在下载第 178/231 页...
2025-12-27 03:10:50 - mkk_comic - app.py:582 - INFO - 正在下载第 179/231 页...
2025-12-27 03:10:50 - mkk_comic - app.py:582 - INFO - 正在下载第 180/231 页...
2025-12-27 03:10:50 - mkk_comic - app.py:582 - INFO - 正在下载第 181/231 页...
2025-12-27 03:10:50 - mkk_comic - app.py:582 - INFO - 正在下载第 182/231 页...
2025-12-27 03:10:50 - mkk_comic - app.py:582 - INFO - 正在下载第 183/231 页...
2025-12-27 03:10:50 - mkk_comic - app.py:582 - INFO - 正在下载第 184/231 页...
2025-12-27 03:10:50 - mkk_comic - app.py:582 - INFO - 正在下载第 185/231 页...
2025-12-27 03:10:50 - mkk_comic - app.py:582 - INFO - 正在下载第 186/231 页...
2025-12-27 03:10:50 - mkk_comic - app.py:582 - INFO - 正在下载第 187/231 页...
2025-12-27 03:10:50 - mkk_comic - app.py:582 - INFO - 正在下载第 188/231 页...
2025-12-27 03:10:50 - mkk_comic - app.py:582 - INFO - 正在下载第 189/231 页...
2025-12-27 03:10:50 - mkk_comic - app.py:582 - INFO - 正在下载第 190/231 页...
2025-12-27 03:10:50 - mkk_comic - app.py:582 - INFO - 正在下载第 191/231 页...
2025-12-27 03:10:50 - mkk_comic - app.py:582 - INFO - 正在下载第 192/231 页...
2025-12-27 03:10:50 - mkk_comic - app.py:582 - INFO - 正在下载第 193/231 页...
2025-12-27 03:10:50 - mkk_comic - app.py:582 - INFO - 正在下载第 194/231 页...
2025-12-27 03:10:50 - mkk_comic - app.py:582 - INFO - 正在下载第 195/231 页...
2025-12-27 03:10:50 - mkk_comic - app.py:582 - INFO - 正在下载第 196/231 页...
2025-12-27 03:10:50 - mkk_comic - app.py:582 - INFO - 正在下载第 197/231 页...
2025-12-27 03:10:51 - mkk_comic - app.py:582 - INFO - 正在下载第 198/231 页...
2025-12-27 03:10:51 - mkk_comic - app.py:582 - INFO - 正在下载第 199/231 页...
2025-12-27 03:10:51 - mkk_comic - app.py:582 - INFO - 正在下载第 200/231 页...
2025-12-27 03:10:51 - mkk_comic - app.py:582 - INFO - 正在下载第 201/231 页...
2025-12-27 03:10:51 - mkk_comic - app.py:582 - INFO - 正在下载第 202/231 页...
2025-12-27 03:10:51 - mkk_comic - app.py:582 - INFO - 正在下载第 203/231 页...
2025-12-27 03:10:51 - mkk_comic - app.py:582 - INFO - 正在下载第 204/231 页...
2025-12-27 03:10:51 - mkk_comic - app.py:582 - INFO - 正在下载第 205/231 页...
2025-12-27 03:10:51 - mkk_comic - app.py:582 - INFO - 正在下载第 206/231 页...
2025-12-27 03:10:51 - mkk_comic - app.py:582 - INFO - 正在下载第 207/231 页...
2025-12-27 03:10:51 - mkk_comic - app.py:582 - INFO - 正在下载第 208/231 页...
2025-12-27 03:10:51 - mkk_comic - app.py:582 - INFO - 正在下载第 209/231 页...
2025-12-27 03:10:51 - mkk_comic - app.py:582 - INFO - 正在下载第 210/231 页...
2025-12-27 03:10:51 - mkk_comic - app.py:582 - INFO - 正在下载第 211/231 页...
2025-12-27 03:10:51 - mkk_comic - app.py:582 - INFO - 正在下载第 212/231 页...
2025-12-27 03:10:51 - mkk_comic - app.py:582 - INFO - 正在下载第 213/231 页...
2025-12-27 03:10:51 - mkk_comic - app.py:582 - INFO - 正在下载第 214/231 页...
2025-12-27 03:10:51 - mkk_comic - app.py:582 - INFO - 正在下载第 215/231 页...
2025-12-27 03:10:51 - mkk_comic - app.py:582 - INFO - 正在下载第 216/231 页...
2025-12-27 03:10:51 - mkk_comic - app.py:582 - INFO - 正在下载第 217/231 页...
2025-12-27 03:10:51 - mkk_comic - app.py:582 - INFO - 正在下载第 218/231 页...
2025-12-27 03:10:51 - mkk_comic - app.py:582 - INFO - 正在下载第 219/231 页...
2025-12-27 03:10:51 - mkk_comic - app.py:582 - INFO - 正在下载第 220/231 页...
2025-12-27 03:10:51 - mkk_comic - app.py:582 - INFO - 正在下载第 221/231 页...
2025-12-27 03:10:51 - mkk_comic - app.py:582 - INFO - 正在下载第 222/231 页...
2025-12-27 03:10:51 - mkk_comic - app.py:582 - INFO - 正在下载第 223/231 页...
2025-12-27 03:10:51 - mkk_comic - app.py:582 - INFO - 正在下载第 224/231 页...
2025-12-27 03:10:51 - mkk_comic - app.py:582 - INFO - 正在下载第 225/231 页...
2025-12-27 03:10:51 - mkk_comic - app.py:582 - INFO - 正在下载第 226/231 页...
2025-12-27 03:10:51 - mkk_comic - app.py:582 - INFO - 正在下载第 227/231 页...
2025-12-27 03:10:51 - mkk_comic - app.py:582 - INFO - 正在下载第 228/231 页...
2025-12-27 03:10:51 - mkk_comic - app.py:582 - INFO - 正在下载第 229/231 页...
2025-12-27 03:10:51 - mkk_comic - app.py:582 - INFO - 正在下载第 230/231 页...
2025-12-27 03:10:52 - mkk_comic - app.py:582 - INFO - 正在下载第 231/231 页...
2025-12-27 03:10:52 - mkk_comic - app.py:511 - INFO - 下载完成!
2025-12-27 03:10:52 - mkk_comic - app.py:512 - INFO - 成功下载: 231/231 页
2025-12-27 03:10:53 - mkk_comic - app.py:494 - INFO - 正在下载第41章: 41卷    UUID:df237b38-c7bf-11e8-8821-024352452ce0
2025-12-27 03:10:54 - mkk_comic - app.py:502 - INFO - 创建目录: ./out/海贼王/41卷
2025-12-27 03:10:54 - mkk_comic - app.py:505 - INFO - 开始下载: 海贼王 - 41卷
2025-12-27 03:10:54 - mkk_comic - app.py:506 - INFO - 总页数: 222
2025-12-27 03:10:54 - mkk_comic - app.py:582 - INFO - 正在下载第 001/222 页...
2025-12-27 03:10:54 - mkk_comic - app.py:582 - INFO - 正在下载第 002/222 页...
2025-12-27 03:10:54 - mkk_comic - app.py:582 - INFO - 正在下载第 003/222 页...
2025-12-27 03:10:54 - mkk_comic - app.py:582 - INFO - 正在下载第 004/222 页...
2025-12-27 03:10:54 - mkk_comic - app.py:582 - INFO - 正在下载第 005/222 页...
2025-12-27 03:10:54 - mkk_comic - app.py:582 - INFO - 正在下载第 006/222 页...
2025-12-27 03:10:54 - mkk_comic - app.py:582 - INFO - 正在下载第 007/222 页...
2025-12-27 03:10:54 - mkk_comic - app.py:582 - INFO - 正在下载第 008/222 页...
2025-12-27 03:10:54 - mkk_comic - app.py:582 - INFO - 正在下载第 009/222 页...
2025-12-27 03:10:54 - mkk_comic - app.py:582 - INFO - 正在下载第 010/222 页...
2025-12-27 03:10:54 - mkk_comic - app.py:582 - INFO - 正在下载第 011/222 页...
2025-12-27 03:10:54 - mkk_comic - app.py:582 - INFO - 正在下载第 012/222 页...
2025-12-27 03:10:54 - mkk_comic - app.py:582 - INFO - 正在下载第 013/222 页...
2025-12-27 03:10:54 - mkk_comic - app.py:582 - INFO - 正在下载第 014/222 页...
2025-12-27 03:10:54 - mkk_comic - app.py:582 - INFO - 正在下载第 015/222 页...
2025-12-27 03:10:54 - mkk_comic - app.py:582 - INFO - 正在下载第 016/222 页...
2025-12-27 03:10:54 - mkk_comic - app.py:582 - INFO - 正在下载第 017/222 页...
2025-12-27 03:10:54 - mkk_comic - app.py:582 - INFO - 正在下载第 018/222 页...
2025-12-27 03:10:54 - mkk_comic - app.py:582 - INFO - 正在下载第 019/222 页...
2025-12-27 03:10:54 - mkk_comic - app.py:582 - INFO - 正在下载第 020/222 页...
2025-12-27 03:10:54 - mkk_comic - app.py:582 - INFO - 正在下载第 021/222 页...
2025-12-27 03:10:54 - mkk_comic - app.py:582 - INFO - 正在下载第 022/222 页...
2025-12-27 03:10:54 - mkk_comic - app.py:582 - INFO - 正在下载第 023/222 页...
2025-12-27 03:10:54 - mkk_comic - app.py:582 - INFO - 正在下载第 024/222 页...
2025-12-27 03:10:54 - mkk_comic - app.py:582 - INFO - 正在下载第 025/222 页...
2025-12-27 03:10:54 - mkk_comic - app.py:582 - INFO - 正在下载第 026/222 页...
2025-12-27 03:10:54 - mkk_comic - app.py:582 - INFO - 正在下载第 027/222 页...
2025-12-27 03:10:54 - mkk_comic - app.py:582 - INFO - 正在下载第 028/222 页...
2025-12-27 03:10:54 - mkk_comic - app.py:582 - INFO - 正在下载第 029/222 页...
2025-12-27 03:10:54 - mkk_comic - app.py:582 - INFO - 正在下载第 030/222 页...
2025-12-27 03:10:54 - mkk_comic - app.py:582 - INFO - 正在下载第 031/222 页...
2025-12-27 03:10:54 - mkk_comic - app.py:582 - INFO - 正在下载第 032/222 页...
2025-12-27 03:10:54 - mkk_comic - app.py:582 - INFO - 正在下载第 033/222 页...
2025-12-27 03:10:55 - mkk_comic - app.py:582 - INFO - 正在下载第 034/222 页...
2025-12-27 03:10:55 - mkk_comic - app.py:582 - INFO - 正在下载第 035/222 页...
2025-12-27 03:10:55 - mkk_comic - app.py:582 - INFO - 正在下载第 036/222 页...
2025-12-27 03:10:55 - mkk_comic - app.py:582 - INFO - 正在下载第 037/222 页...
2025-12-27 03:10:55 - mkk_comic - app.py:582 - INFO - 正在下载第 038/222 页...
2025-12-27 03:10:55 - mkk_comic - app.py:582 - INFO - 正在下载第 039/222 页...
2025-12-27 03:10:55 - mkk_comic - app.py:582 - INFO - 正在下载第 040/222 页...
2025-12-27 03:10:55 - mkk_comic - app.py:582 - INFO - 正在下载第 041/222 页...
2025-12-27 03:10:55 - mkk_comic - app.py:582 - INFO - 正在下载第 042/222 页...
2025-12-27 03:10:55 - mkk_comic - app.py:582 - INFO - 正在下载第 043/222 页...
2025-12-27 03:10:55 - mkk_comic - app.py:582 - INFO - 正在下载第 044/222 页...
2025-12-27 03:10:55 - mkk_comic - app.py:582 - INFO - 正在下载第 045/222 页...
2025-12-27 03:10:55 - mkk_comic - app.py:582 - INFO - 正在下载第 046/222 页...
2025-12-27 03:10:55 - mkk_comic - app.py:582 - INFO - 正在下载第 047/222 页...
2025-12-27 03:10:55 - mkk_comic - app.py:582 - INFO - 正在下载第 048/222 页...
2025-12-27 03:10:55 - mkk_comic - app.py:582 - INFO - 正在下载第 049/222 页...
2025-12-27 03:10:55 - mkk_comic - app.py:582 - INFO - 正在下载第 050/222 页...
2025-12-27 03:10:55 - mkk_comic - app.py:582 - INFO - 正在下载第 051/222 页...
2025-12-27 03:10:55 - mkk_comic - app.py:582 - INFO - 正在下载第 052/222 页...
2025-12-27 03:10:55 - mkk_comic - app.py:582 - INFO - 正在下载第 053/222 页...
2025-12-27 03:10:55 - mkk_comic - app.py:582 - INFO - 正在下载第 054/222 页...
2025-12-27 03:10:55 - mkk_comic - app.py:582 - INFO - 正在下载第 055/222 页...
2025-12-27 03:10:55 - mkk_comic - app.py:582 - INFO - 正在下载第 056/222 页...
2025-12-27 03:10:55 - mkk_comic - app.py:582 - INFO - 正在下载第 057/222 页...
2025-12-27 03:10:55 - mkk_comic - app.py:582 - INFO - 正在下载第 058/222 页...
2025-12-27 03:10:55 - mkk_comic - app.py:582 - INFO - 正在下载第 059/222 页...
2025-12-27 03:10:55 - mkk_comic - app.py:582 - INFO - 正在下载第 060/222 页...
2025-12-27 03:10:55 - mkk_comic - app.py:582 - INFO - 正在下载第 061/222 页...
2025-12-27 03:10:55 - mkk_comic - app.py:582 - INFO - 正在下载第 062/222 页...
2025-12-27 03:10:55 - mkk_comic - app.py:582 - INFO - 正在下载第 063/222 页...
2025-12-27 03:10:55 - mkk_comic - app.py:582 - INFO - 正在下载第 064/222 页...
2025-12-27 03:10:55 - mkk_comic - app.py:582 - INFO - 正在下载第 065/222 页...
2025-12-27 03:10:56 - mkk_comic - app.py:582 - INFO - 正在下载第 066/222 页...
2025-12-27 03:10:56 - mkk_comic - app.py:582 - INFO - 正在下载第 067/222 页...
2025-12-27 03:10:56 - mkk_comic - app.py:582 - INFO - 正在下载第 068/222 页...
2025-12-27 03:10:56 - mkk_comic - app.py:582 - INFO - 正在下载第 069/222 页...
2025-12-27 03:10:56 - mkk_comic - app.py:582 - INFO - 正在下载第 070/222 页...
2025-12-27 03:10:56 - mkk_comic - app.py:582 - INFO - 正在下载第 071/222 页...
2025-12-27 03:10:56 - mkk_comic - app.py:582 - INFO - 正在下载第 072/222 页...
2025-12-27 03:10:56 - mkk_comic - app.py:582 - INFO - 正在下载第 073/222 页...
2025-12-27 03:10:56 - mkk_comic - app.py:582 - INFO - 正在下载第 074/222 页...
2025-12-27 03:10:56 - mkk_comic - app.py:582 - INFO - 正在下载第 075/222 页...
2025-12-27 03:10:56 - mkk_comic - app.py:582 - INFO - 正在下载第 076/222 页...
2025-12-27 03:10:56 - mkk_comic - app.py:582 - INFO - 正在下载第 077/222 页...
2025-12-27 03:10:56 - mkk_comic - app.py:582 - INFO - 正在下载第 078/222 页...
2025-12-27 03:10:56 - mkk_comic - app.py:582 - INFO - 正在下载第 079/222 页...
2025-12-27 03:10:56 - mkk_comic - app.py:582 - INFO - 正在下载第 080/222 页...
2025-12-27 03:10:56 - mkk_comic - app.py:582 - INFO - 正在下载第 081/222 页...
2025-12-27 03:10:56 - mkk_comic - app.py:582 - INFO - 正在下载第 082/222 页...
2025-12-27 03:10:56 - mkk_comic - app.py:582 - INFO - 正在下载第 083/222 页...
2025-12-27 03:10:56 - mkk_comic - app.py:582 - INFO - 正在下载第 084/222 页...
2025-12-27 03:10:56 - mkk_comic - app.py:582 - INFO - 正在下载第 085/222 页...
2025-12-27 03:10:56 - mkk_comic - app.py:582 - INFO - 正在下载第 086/222 页...
2025-12-27 03:10:56 - mkk_comic - app.py:582 - INFO - 正在下载第 087/222 页...
2025-12-27 03:10:56 - mkk_comic - app.py:582 - INFO - 正在下载第 088/222 页...
2025-12-27 03:10:56 - mkk_comic - app.py:582 - INFO - 正在下载第 089/222 页...
2025-12-27 03:10:56 - mkk_comic - app.py:582 - INFO - 正在下载第 090/222 页...
2025-12-27 03:10:56 - mkk_comic - app.py:582 - INFO - 正在下载第 091/222 页...
2025-12-27 03:10:56 - mkk_comic - app.py:582 - INFO - 正在下载第 092/222 页...
2025-12-27 03:10:56 - mkk_comic - app.py:582 - INFO - 正在下载第 093/222 页...
2025-12-27 03:10:56 - mkk_comic - app.py:582 - INFO - 正在下载第 094/222 页...
2025-12-27 03:10:56 - mkk_comic - app.py:582 - INFO - 正在下载第 095/222 页...
2025-12-27 03:10:56 - mkk_comic - app.py:582 - INFO - 正在下载第 096/222 页...
2025-12-27 03:10:56 - mkk_comic - app.py:582 - INFO - 正在下载第 097/222 页...
2025-12-27 03:10:56 - mkk_comic - app.py:582 - INFO - 正在下载第 098/222 页...
2025-12-27 03:10:56 - mkk_comic - app.py:582 - INFO - 正在下载第 099/222 页...
2025-12-27 03:10:56 - mkk_comic - app.py:582 - INFO - 正在下载第 100/222 页...
2025-12-27 03:10:56 - mkk_comic - app.py:582 - INFO - 正在下载第 101/222 页...
2025-12-27 03:10:57 - mkk_comic - app.py:582 - INFO - 正在下载第 102/222 页...
2025-12-27 03:10:57 - mkk_comic - app.py:582 - INFO - 正在下载第 103/222 页...
2025-12-27 03:10:57 - mkk_comic - app.py:582 - INFO - 正在下载第 104/222 页...
2025-12-27 03:10:57 - mkk_comic - app.py:582 - INFO - 正在下载第 105/222 页...
2025-12-27 03:10:57 - mkk_comic - app.py:582 - INFO - 正在下载第 106/222 页...
2025-12-27 03:10:57 - mkk_comic - app.py:582 - INFO - 正在下载第 107/222 页...
2025-12-27 03:10:57 - mkk_comic - app.py:582 - INFO - 正在下载第 108/222 页...
2025-12-27 03:10:57 - mkk_comic - app.py:582 - INFO - 正在下载第 109/222 页...
2025-12-27 03:10:57 - mkk_comic - app.py:582 - INFO - 正在下载第 110/222 页...
2025-12-27 03:10:57 - mkk_comic - app.py:582 - INFO - 正在下载第 111/222 页...
2025-12-27 03:10:57 - mkk_comic - app.py:582 - INFO - 正在下载第 112/222 页...
2025-12-27 03:10:57 - mkk_comic - app.py:582 - INFO - 正在下载第 113/222 页...
2025-12-27 03:10:57 - mkk_comic - app.py:582 - INFO - 正在下载第 114/222 页...
2025-12-27 03:10:57 - mkk_comic - app.py:582 - INFO - 正在下载第 115/222 页...
2025-12-27 03:10:57 - mkk_comic - app.py:582 - INFO - 正在下载第 116/222 页...
2025-12-27 03:10:57 - mkk_comic - app.py:582 - INFO - 正在下载第 117/222 页...
2025-12-27 03:10:57 - mkk_comic - app.py:582 - INFO - 正在下载第 118/222 页...
2025-12-27 03:10:57 - mkk_comic - app.py:582 - INFO - 正在下载第 119/222 页...
2025-12-27 03:10:57 - mkk_comic - app.py:582 - INFO - 正在下载第 120/222 页...
2025-12-27 03:10:57 - mkk_comic - app.py:582 - INFO - 正在下载第 121/222 页...
2025-12-27 03:10:57 - mkk_comic - app.py:582 - INFO - 正在下载第 122/222 页...
2025-12-27 03:10:57 - mkk_comic - app.py:582 - INFO - 正在下载第 123/222 页...
2025-12-27 03:10:57 - mkk_comic - app.py:582 - INFO - 正在下载第 124/222 页...
2025-12-27 03:10:57 - mkk_comic - app.py:582 - INFO - 正在下载第 125/222 页...
2025-12-27 03:10:57 - mkk_comic - app.py:582 - INFO - 正在下载第 126/222 页...
2025-12-27 03:10:57 - mkk_comic - app.py:582 - INFO - 正在下载第 127/222 页...
2025-12-27 03:10:57 - mkk_comic - app.py:582 - INFO - 正在下载第 128/222 页...
2025-12-27 03:10:57 - mkk_comic - app.py:582 - INFO - 正在下载第 129/222 页...
2025-12-27 03:10:57 - mkk_comic - app.py:582 - INFO - 正在下载第 130/222 页...
2025-12-27 03:10:57 - mkk_comic - app.py:582 - INFO - 正在下载第 131/222 页...
2025-12-27 03:10:57 - mkk_comic - app.py:582 - INFO - 正在下载第 132/222 页...
2025-12-27 03:10:57 - mkk_comic - app.py:582 - INFO - 正在下载第 133/222 页...
2025-12-27 03:10:57 - mkk_comic - app.py:582 - INFO - 正在下载第 134/222 页...
2025-12-27 03:10:57 - mkk_comic - app.py:582 - INFO - 正在下载第 135/222 页...
2025-12-27 03:10:57 - mkk_comic - app.py:582 - INFO - 正在下载第 136/222 页...
2025-12-27 03:10:57 - mkk_comic - app.py:582 - INFO - 正在下载第 137/222 页...
2025-12-27 03:10:57 - mkk_comic - app.py:582 - INFO - 正在下载第 138/222 页...
2025-12-27 03:10:58 - mkk_comic - app.py:582 - INFO - 正在下载第 139/222 页...
2025-12-27 03:10:58 - mkk_comic - app.py:582 - INFO - 正在下载第 140/222 页...
2025-12-27 03:10:58 - mkk_comic - app.py:582 - INFO - 正在下载第 141/222 页...
2025-12-27 03:10:58 - mkk_comic - app.py:582 - INFO - 正在下载第 142/222 页...
2025-12-27 03:10:58 - mkk_comic - app.py:582 - INFO - 正在下载第 143/222 页...
2025-12-27 03:10:58 - mkk_comic - app.py:582 - INFO - 正在下载第 144/222 页...
2025-12-27 03:10:58 - mkk_comic - app.py:582 - INFO - 正在下载第 145/222 页...
2025-12-27 03:10:58 - mkk_comic - app.py:582 - INFO - 正在下载第 146/222 页...
2025-12-27 03:10:58 - mkk_comic - app.py:582 - INFO - 正在下载第 147/222 页...
2025-12-27 03:10:58 - mkk_comic - app.py:582 - INFO - 正在下载第 148/222 页...
2025-12-27 03:10:58 - mkk_comic - app.py:582 - INFO - 正在下载第 149/222 页...
2025-12-27 03:10:58 - mkk_comic - app.py:582 - INFO - 正在下载第 150/222 页...
2025-12-27 03:10:58 - mkk_comic - app.py:582 - INFO - 正在下载第 151/222 页...
2025-12-27 03:10:58 - mkk_comic - app.py:582 - INFO - 正在下载第 152/222 页...
2025-12-27 03:10:58 - mkk_comic - app.py:582 - INFO - 正在下载第 153/222 页...
2025-12-27 03:10:58 - mkk_comic - app.py:582 - INFO - 正在下载第 154/222 页...
2025-12-27 03:10:58 - mkk_comic - app.py:582 - INFO - 正在下载第 155/222 页...
2025-12-27 03:10:58 - mkk_comic - app.py:582 - INFO - 正在下载第 156/222 页...
2025-12-27 03:10:58 - mkk_comic - app.py:582 - INFO - 正在下载第 157/222 页...
2025-12-27 03:10:58 - mkk_comic - app.py:582 - INFO - 正在下载第 158/222 页...
2025-12-27 03:10:58 - mkk_comic - app.py:582 - INFO - 正在下载第 159/222 页...
2025-12-27 03:10:58 - mkk_comic - app.py:582 - INFO - 正在下载第 160/222 页...
2025-12-27 03:10:58 - mkk_comic - app.py:582 - INFO - 正在下载第 161/222 页...
2025-12-27 03:10:58 - mkk_comic - app.py:582 - INFO - 正在下载第 162/222 页...
2025-12-27 03:10:58 - mkk_comic - app.py:582 - INFO - 正在下载第 163/222 页...
2025-12-27 03:10:58 - mkk_comic - app.py:582 - INFO - 正在下载第 164/222 页...
2025-12-27 03:10:58 - mkk_comic - app.py:582 - INFO - 正在下载第 165/222 页...
2025-12-27 03:10:58 - mkk_comic - app.py:582 - INFO - 正在下载第 166/222 页...
2025-12-27 03:10:58 - mkk_comic - app.py:582 - INFO - 正在下载第 167/222 页...
2025-12-27 03:10:58 - mkk_comic - app.py:582 - INFO - 正在下载第 168/222 页...
2025-12-27 03:10:58 - mkk_comic - app.py:582 - INFO - 正在下载第 169/222 页...
2025-12-27 03:10:58 - mkk_comic - app.py:582 - INFO - 正在下载第 170/222 页...
2025-12-27 03:10:58 - mkk_comic - app.py:582 - INFO - 正在下载第 171/222 页...
2025-12-27 03:10:59 - mkk_comic - app.py:582 - INFO - 正在下载第 172/222 页...
2025-12-27 03:10:59 - mkk_comic - app.py:582 - INFO - 正在下载第 173/222 页...
2025-12-27 03:10:59 - mkk_comic - app.py:582 - INFO - 正在下载第 174/222 页...
2025-12-27 03:10:59 - mkk_comic - app.py:582 - INFO - 正在下载第 175/222 页...
2025-12-27 03:10:59 - mkk_comic - app.py:582 - INFO - 正在下载第 176/222 页...
2025-12-27 03:10:59 - mkk_comic - app.py:582 - INFO - 正在下载第 177/222 页...
2025-12-27 03:10:59 - mkk_comic - app.py:582 - INFO - 正在下载第 178/222 页...
2025-12-27 03:10:59 - mkk_comic - app.py:582 - INFO - 正在下载第 179/222 页...
2025-12-27 03:10:59 - mkk_comic - app.py:582 - INFO - 正在下载第 180/222 页...
2025-12-27 03:10:59 - mkk_comic - app.py:582 - INFO - 正在下载第 181/222 页...
2025-12-27 03:10:59 - mkk_comic - app.py:582 - INFO - 正在下载第 182/222 页...
2025-12-27 03:10:59 - mkk_comic - app.py:582 - INFO - 正在下载第 183/222 页...
2025-12-27 03:10:59 - mkk_comic - app.py:582 - INFO - 正在下载第 184/222 页...
2025-12-27 03:10:59 - mkk_comic - app.py:582 - INFO - 正在下载第 185/222 页...
2025-12-27 03:10:59 - mkk_comic - app.py:582 - INFO - 正在下载第 186/222 页...
2025-12-27 03:10:59 - mkk_comic - app.py:582 - INFO - 正在下载第 187/222 页...
2025-12-27 03:10:59 - mkk_comic - app.py:582 - INFO - 正在下载第 188/222 页...
2025-12-27 03:10:59 - mkk_comic - app.py:582 - INFO - 正在下载第 189/222 页...
2025-12-27 03:10:59 - mkk_comic - app.py:582 - INFO - 正在下载第 190/222 页...
2025-12-27 03:10:59 - mkk_comic - app.py:582 - INFO - 正在下载第 191/222 页...
2025-12-27 03:10:59 - mkk_comic - app.py:582 - INFO - 正在下载第 192/222 页...
2025-12-27 03:10:59 - mkk_comic - app.py:582 - INFO - 正在下载第 193/222 页...
2025-12-27 03:10:59 - mkk_comic - app.py:582 - INFO - 正在下载第 194/222 页...
2025-12-27 03:10:59 - mkk_comic - app.py:582 - INFO - 正在下载第 195/222 页...
2025-12-27 03:10:59 - mkk_comic - app.py:582 - INFO - 正在下载第 196/222 页...
2025-12-27 03:10:59 - mkk_comic - app.py:582 - INFO - 正在下载第 197/222 页...
2025-12-27 03:10:59 - mkk_comic - app.py:582 - INFO - 正在下载第 198/222 页...
2025-12-27 03:10:59 - mkk_comic - app.py:582 - INFO - 正在下载第 199/222 页...
2025-12-27 03:10:59 - mkk_comic - app.py:582 - INFO - 正在下载第 200/222 页...
2025-12-27 03:10:59 - mkk_comic - app.py:582 - INFO - 正在下载第 201/222 页...
2025-12-27 03:11:00 - mkk_comic - app.py:582 - INFO - 正在下载第 202/222 页...
2025-12-27 03:11:00 - mkk_comic - app.py:582 - INFO - 正在下载第 203/222 页...
2025-12-27 03:11:00 - mkk_comic - app.py:582 - INFO - 正在下载第 204/222 页...
2025-12-27 03:11:00 - mkk_comic - app.py:582 - INFO - 正在下载第 205/222 页...
2025-12-27 03:11:00 - mkk_comic - app.py:582 - INFO - 正在下载第 206/222 页...
2025-12-27 03:11:00 - mkk_comic - app.py:582 - INFO - 正在下载第 207/222 页...
2025-12-27 03:11:00 - mkk_comic - app.py:582 - INFO - 正在下载第 208/222 页...
2025-12-27 03:11:00 - mkk_comic - app.py:582 - INFO - 正在下载第 209/222 页...
2025-12-27 03:11:00 - mkk_comic - app.py:582 - INFO - 正在下载第 210/222 页...
2025-12-27 03:11:00 - mkk_comic - app.py:582 - INFO - 正在下载第 211/222 页...
2025-12-27 03:11:00 - mkk_comic - app.py:582 - INFO - 正在下载第 212/222 页...
2025-12-27 03:11:00 - mkk_comic - app.py:582 - INFO - 正在下载第 213/222 页...
2025-12-27 03:11:00 - mkk_comic - app.py:582 - INFO - 正在下载第 214/222 页...
2025-12-27 03:11:00 - mkk_comic - app.py:582 - INFO - 正在下载第 215/222 页...
2025-12-27 03:11:00 - mkk_comic - app.py:582 - INFO - 正在下载第 216/222 页...
2025-12-27 03:11:00 - mkk_comic - app.py:582 - INFO - 正在下载第 217/222 页...
2025-12-27 03:11:00 - mkk_comic - app.py:582 - INFO - 正在下载第 218/222 页...
2025-12-27 03:11:00 - mkk_comic - app.py:582 - INFO - 正在下载第 219/222 页...
2025-12-27 03:11:00 - mkk_comic - app.py:582 - INFO - 正在下载第 220/222 页...
2025-12-27 03:11:00 - mkk_comic - app.py:582 - INFO - 正在下载第 221/222 页...
2025-12-27 03:11:00 - mkk_comic - app.py:582 - INFO - 正在下载第 222/222 页...
2025-12-27 03:11:00 - mkk_comic - app.py:511 - INFO - 下载完成!
2025-12-27 03:11:00 - mkk_comic - app.py:512 - INFO - 成功下载: 222/222 页
2025-12-27 03:11:01 - mkk_comic - app.py:494 - INFO - 正在下载第42章: 42卷    UUID:e89f5c3a-c7bf-11e8-8821-024352452ce0
2025-12-27 03:11:02 - mkk_comic - app.py:502 - INFO - 创建目录: ./out/海贼王/42卷
2025-12-27 03:11:02 - mkk_comic - app.py:505 - INFO - 开始下载: 海贼王 - 42卷
2025-12-27 03:11:02 - mkk_comic - app.py:506 - INFO - 总页数: 216
2025-12-27 03:11:02 - mkk_comic - app.py:582 - INFO - 正在下载第 001/216 页...
2025-12-27 03:11:02 - mkk_comic - app.py:582 - INFO - 正在下载第 002/216 页...
2025-12-27 03:11:02 - mkk_comic - app.py:582 - INFO - 正在下载第 003/216 页...
2025-12-27 03:11:02 - mkk_comic - app.py:582 - INFO - 正在下载第 004/216 页...
2025-12-27 03:11:02 - mkk_comic - app.py:582 - INFO - 正在下载第 005/216 页...
2025-12-27 03:11:02 - mkk_comic - app.py:582 - INFO - 正在下载第 006/216 页...
2025-12-27 03:11:02 - mkk_comic - app.py:582 - INFO - 正在下载第 007/216 页...
2025-12-27 03:11:02 - mkk_comic - app.py:582 - INFO - 正在下载第 008/216 页...
2025-12-27 03:11:02 - mkk_comic - app.py:582 - INFO - 正在下载第 009/216 页...
2025-12-27 03:11:02 - mkk_comic - app.py:582 - INFO - 正在下载第 010/216 页...
2025-12-27 03:11:02 - mkk_comic - app.py:582 - INFO - 正在下载第 011/216 页...
2025-12-27 03:11:02 - mkk_comic - app.py:582 - INFO - 正在下载第 012/216 页...
2025-12-27 03:11:02 - mkk_comic - app.py:582 - INFO - 正在下载第 013/216 页...
2025-12-27 03:11:02 - mkk_comic - app.py:582 - INFO - 正在下载第 014/216 页...
2025-12-27 03:11:03 - mkk_comic - app.py:582 - INFO - 正在下载第 015/216 页...
2025-12-27 03:11:03 - mkk_comic - app.py:582 - INFO - 正在下载第 016/216 页...
2025-12-27 03:11:03 - mkk_comic - app.py:582 - INFO - 正在下载第 017/216 页...
2025-12-27 03:11:03 - mkk_comic - app.py:582 - INFO - 正在下载第 018/216 页...
2025-12-27 03:11:03 - mkk_comic - app.py:582 - INFO - 正在下载第 019/216 页...
2025-12-27 03:11:03 - mkk_comic - app.py:582 - INFO - 正在下载第 020/216 页...
2025-12-27 03:11:03 - mkk_comic - app.py:582 - INFO - 正在下载第 021/216 页...
2025-12-27 03:11:03 - mkk_comic - app.py:582 - INFO - 正在下载第 022/216 页...
2025-12-27 03:11:03 - mkk_comic - app.py:582 - INFO - 正在下载第 023/216 页...
2025-12-27 03:11:03 - mkk_comic - app.py:582 - INFO - 正在下载第 024/216 页...
2025-12-27 03:11:03 - mkk_comic - app.py:582 - INFO - 正在下载第 025/216 页...
2025-12-27 03:11:03 - mkk_comic - app.py:582 - INFO - 正在下载第 026/216 页...
2025-12-27 03:11:03 - mkk_comic - app.py:582 - INFO - 正在下载第 027/216 页...
2025-12-27 03:11:03 - mkk_comic - app.py:582 - INFO - 正在下载第 028/216 页...
2025-12-27 03:11:03 - mkk_comic - app.py:582 - INFO - 正在下载第 029/216 页...
2025-12-27 03:11:03 - mkk_comic - app.py:582 - INFO - 正在下载第 030/216 页...
2025-12-27 03:11:03 - mkk_comic - app.py:582 - INFO - 正在下载第 031/216 页...
2025-12-27 03:11:03 - mkk_comic - app.py:582 - INFO - 正在下载第 032/216 页...
2025-12-27 03:11:03 - mkk_comic - app.py:582 - INFO - 正在下载第 033/216 页...
2025-12-27 03:11:03 - mkk_comic - app.py:582 - INFO - 正在下载第 034/216 页...
2025-12-27 03:11:03 - mkk_comic - app.py:582 - INFO - 正在下载第 035/216 页...
2025-12-27 03:11:03 - mkk_comic - app.py:582 - INFO - 正在下载第 036/216 页...
2025-12-27 03:11:03 - mkk_comic - app.py:582 - INFO - 正在下载第 037/216 页...
2025-12-27 03:11:03 - mkk_comic - app.py:582 - INFO - 正在下载第 038/216 页...
2025-12-27 03:11:03 - mkk_comic - app.py:582 - INFO - 正在下载第 039/216 页...
2025-12-27 03:11:03 - mkk_comic - app.py:582 - INFO - 正在下载第 040/216 页...
2025-12-27 03:11:03 - mkk_comic - app.py:582 - INFO - 正在下载第 041/216 页...
2025-12-27 03:11:03 - mkk_comic - app.py:582 - INFO - 正在下载第 042/216 页...
2025-12-27 03:11:03 - mkk_comic - app.py:582 - INFO - 正在下载第 043/216 页...
2025-12-27 03:11:03 - mkk_comic - app.py:582 - INFO - 正在下载第 044/216 页...
2025-12-27 03:11:03 - mkk_comic - app.py:582 - INFO - 正在下载第 045/216 页...
2025-12-27 03:11:03 - mkk_comic - app.py:582 - INFO - 正在下载第 046/216 页...
2025-12-27 03:11:04 - mkk_comic - app.py:582 - INFO - 正在下载第 047/216 页...
2025-12-27 03:11:04 - mkk_comic - app.py:582 - INFO - 正在下载第 048/216 页...
2025-12-27 03:11:04 - mkk_comic - app.py:582 - INFO - 正在下载第 049/216 页...
2025-12-27 03:11:04 - mkk_comic - app.py:582 - INFO - 正在下载第 050/216 页...
2025-12-27 03:11:04 - mkk_comic - app.py:582 - INFO - 正在下载第 051/216 页...
2025-12-27 03:11:04 - mkk_comic - app.py:582 - INFO - 正在下载第 052/216 页...
2025-12-27 03:11:04 - mkk_comic - app.py:582 - INFO - 正在下载第 053/216 页...
2025-12-27 03:11:04 - mkk_comic - app.py:582 - INFO - 正在下载第 054/216 页...
2025-12-27 03:11:04 - mkk_comic - app.py:582 - INFO - 正在下载第 055/216 页...
2025-12-27 03:11:04 - mkk_comic - app.py:582 - INFO - 正在下载第 056/216 页...
2025-12-27 03:11:04 - mkk_comic - app.py:582 - INFO - 正在下载第 057/216 页...
2025-12-27 03:11:04 - mkk_comic - app.py:582 - INFO - 正在下载第 058/216 页...
2025-12-27 03:11:04 - mkk_comic - app.py:582 - INFO - 正在下载第 059/216 页...
2025-12-27 03:11:04 - mkk_comic - app.py:582 - INFO - 正在下载第 060/216 页...
2025-12-27 03:11:04 - mkk_comic - app.py:582 - INFO - 正在下载第 061/216 页...
2025-12-27 03:11:04 - mkk_comic - app.py:582 - INFO - 正在下载第 062/216 页...
2025-12-27 03:11:04 - mkk_comic - app.py:582 - INFO - 正在下载第 063/216 页...
2025-12-27 03:11:04 - mkk_comic - app.py:582 - INFO - 正在下载第 064/216 页...
2025-12-27 03:11:04 - mkk_comic - app.py:582 - INFO - 正在下载第 065/216 页...
2025-12-27 03:11:04 - mkk_comic - app.py:582 - INFO - 正在下载第 066/216 页...
2025-12-27 03:11:04 - mkk_comic - app.py:582 - INFO - 正在下载第 067/216 页...
2025-12-27 03:11:04 - mkk_comic - app.py:582 - INFO - 正在下载第 068/216 页...
2025-12-27 03:11:04 - mkk_comic - app.py:582 - INFO - 正在下载第 069/216 页...
2025-12-27 03:11:04 - mkk_comic - app.py:582 - INFO - 正在下载第 070/216 页...
2025-12-27 03:11:04 - mkk_comic - app.py:582 - INFO - 正在下载第 071/216 页...
2025-12-27 03:11:04 - mkk_comic - app.py:582 - INFO - 正在下载第 072/216 页...
2025-12-27 03:11:04 - mkk_comic - app.py:582 - INFO - 正在下载第 073/216 页...
2025-12-27 03:11:04 - mkk_comic - app.py:582 - INFO - 正在下载第 074/216 页...
2025-12-27 03:11:04 - mkk_comic - app.py:582 - INFO - 正在下载第 075/216 页...
2025-12-27 03:11:04 - mkk_comic - app.py:582 - INFO - 正在下载第 076/216 页...
2025-12-27 03:11:04 - mkk_comic - app.py:582 - INFO - 正在下载第 077/216 页...
2025-12-27 03:11:04 - mkk_comic - app.py:582 - INFO - 正在下载第 078/216 页...
2025-12-27 03:11:04 - mkk_comic - app.py:582 - INFO - 正在下载第 079/216 页...
2025-12-27 03:11:05 - mkk_comic - app.py:582 - INFO - 正在下载第 080/216 页...
2025-12-27 03:11:05 - mkk_comic - app.py:582 - INFO - 正在下载第 081/216 页...
2025-12-27 03:11:05 - mkk_comic - app.py:582 - INFO - 正在下载第 082/216 页...
2025-12-27 03:11:05 - mkk_comic - app.py:582 - INFO - 正在下载第 083/216 页...
2025-12-27 03:11:05 - mkk_comic - app.py:582 - INFO - 正在下载第 084/216 页...
2025-12-27 03:11:05 - mkk_comic - app.py:582 - INFO - 正在下载第 085/216 页...
2025-12-27 03:11:05 - mkk_comic - app.py:582 - INFO - 正在下载第 086/216 页...
2025-12-27 03:11:05 - mkk_comic - app.py:582 - INFO - 正在下载第 087/216 页...
2025-12-27 03:11:05 - mkk_comic - app.py:582 - INFO - 正在下载第 088/216 页...
2025-12-27 03:11:05 - mkk_comic - app.py:582 - INFO - 正在下载第 089/216 页...
2025-12-27 03:11:05 - mkk_comic - app.py:582 - INFO - 正在下载第 090/216 页...
2025-12-27 03:11:05 - mkk_comic - app.py:582 - INFO - 正在下载第 091/216 页...
2025-12-27 03:11:05 - mkk_comic - app.py:582 - INFO - 正在下载第 092/216 页...
2025-12-27 03:11:05 - mkk_comic - app.py:582 - INFO - 正在下载第 093/216 页...
2025-12-27 03:11:05 - mkk_comic - app.py:582 - INFO - 正在下载第 094/216 页...
2025-12-27 03:11:05 - mkk_comic - app.py:582 - INFO - 正在下载第 095/216 页...
2025-12-27 03:11:05 - mkk_comic - app.py:582 - INFO - 正在下载第 096/216 页...
2025-12-27 03:11:05 - mkk_comic - app.py:582 - INFO - 正在下载第 097/216 页...
2025-12-27 03:11:05 - mkk_comic - app.py:582 - INFO - 正在下载第 098/216 页...
2025-12-27 03:11:05 - mkk_comic - app.py:582 - INFO - 正在下载第 099/216 页...
2025-12-27 03:11:05 - mkk_comic - app.py:582 - INFO - 正在下载第 100/216 页...
2025-12-27 03:11:05 - mkk_comic - app.py:582 - INFO - 正在下载第 101/216 页...
2025-12-27 03:11:05 - mkk_comic - app.py:582 - INFO - 正在下载第 102/216 页...
2025-12-27 03:11:05 - mkk_comic - app.py:582 - INFO - 正在下载第 103/216 页...
2025-12-27 03:11:05 - mkk_comic - app.py:582 - INFO - 正在下载第 104/216 页...
2025-12-27 03:11:05 - mkk_comic - app.py:582 - INFO - 正在下载第 105/216 页...
2025-12-27 03:11:05 - mkk_comic - app.py:582 - INFO - 正在下载第 106/216 页...
2025-12-27 03:11:05 - mkk_comic - app.py:582 - INFO - 正在下载第 107/216 页...
2025-12-27 03:11:05 - mkk_comic - app.py:582 - INFO - 正在下载第 108/216 页...
2025-12-27 03:11:05 - mkk_comic - app.py:582 - INFO - 正在下载第 109/216 页...
2025-12-27 03:11:05 - mkk_comic - app.py:582 - INFO - 正在下载第 110/216 页...
2025-12-27 03:11:05 - mkk_comic - app.py:582 - INFO - 正在下载第 111/216 页...
2025-12-27 03:11:05 - mkk_comic - app.py:582 - INFO - 正在下载第 112/216 页...
2025-12-27 03:11:06 - mkk_comic - app.py:582 - INFO - 正在下载第 113/216 页...
2025-12-27 03:11:06 - mkk_comic - app.py:582 - INFO - 正在下载第 114/216 页...
2025-12-27 03:11:06 - mkk_comic - app.py:582 - INFO - 正在下载第 115/216 页...
2025-12-27 03:11:06 - mkk_comic - app.py:582 - INFO - 正在下载第 116/216 页...
2025-12-27 03:11:06 - mkk_comic - app.py:582 - INFO - 正在下载第 117/216 页...
2025-12-27 03:11:06 - mkk_comic - app.py:582 - INFO - 正在下载第 118/216 页...
2025-12-27 03:11:06 - mkk_comic - app.py:582 - INFO - 正在下载第 119/216 页...
2025-12-27 03:11:06 - mkk_comic - app.py:582 - INFO - 正在下载第 120/216 页...
2025-12-27 03:11:06 - mkk_comic - app.py:582 - INFO - 正在下载第 121/216 页...
2025-12-27 03:11:06 - mkk_comic - app.py:582 - INFO - 正在下载第 122/216 页...
2025-12-27 03:11:06 - mkk_comic - app.py:582 - INFO - 正在下载第 123/216 页...
2025-12-27 03:11:06 - mkk_comic - app.py:582 - INFO - 正在下载第 124/216 页...
2025-12-27 03:11:06 - mkk_comic - app.py:582 - INFO - 正在下载第 125/216 页...
2025-12-27 03:11:06 - mkk_comic - app.py:582 - INFO - 正在下载第 126/216 页...
2025-12-27 03:11:06 - mkk_comic - app.py:582 - INFO - 正在下载第 127/216 页...
2025-12-27 03:11:06 - mkk_comic - app.py:582 - INFO - 正在下载第 128/216 页...
2025-12-27 03:11:06 - mkk_comic - app.py:582 - INFO - 正在下载第 129/216 页...
2025-12-27 03:11:06 - mkk_comic - app.py:582 - INFO - 正在下载第 130/216 页...
2025-12-27 03:11:06 - mkk_comic - app.py:582 - INFO - 正在下载第 131/216 页...
2025-12-27 03:11:06 - mkk_comic - app.py:582 - INFO - 正在下载第 132/216 页...
2025-12-27 03:11:06 - mkk_comic - app.py:582 - INFO - 正在下载第 133/216 页...
2025-12-27 03:11:06 - mkk_comic - app.py:582 - INFO - 正在下载第 134/216 页...
2025-12-27 03:11:06 - mkk_comic - app.py:582 - INFO - 正在下载第 135/216 页...
2025-12-27 03:11:06 - mkk_comic - app.py:582 - INFO - 正在下载第 136/216 页...
2025-12-27 03:11:06 - mkk_comic - app.py:582 - INFO - 正在下载第 137/216 页...
2025-12-27 03:11:06 - mkk_comic - app.py:582 - INFO - 正在下载第 138/216 页...
2025-12-27 03:11:06 - mkk_comic - app.py:582 - INFO - 正在下载第 139/216 页...
2025-12-27 03:11:06 - mkk_comic - app.py:582 - INFO - 正在下载第 140/216 页...
2025-12-27 03:11:06 - mkk_comic - app.py:582 - INFO - 正在下载第 141/216 页...
2025-12-27 03:11:06 - mkk_comic - app.py:582 - INFO - 正在下载第 142/216 页...
2025-12-27 03:11:06 - mkk_comic - app.py:582 - INFO - 正在下载第 143/216 页...
2025-12-27 03:11:07 - mkk_comic - app.py:582 - INFO - 正在下载第 144/216 页...
2025-12-27 03:11:07 - mkk_comic - app.py:582 - INFO - 正在下载第 145/216 页...
2025-12-27 03:11:07 - mkk_comic - app.py:582 - INFO - 正在下载第 146/216 页...
2025-12-27 03:11:07 - mkk_comic - app.py:582 - INFO - 正在下载第 147/216 页...
2025-12-27 03:11:07 - mkk_comic - app.py:582 - INFO - 正在下载第 148/216 页...
2025-12-27 03:11:07 - mkk_comic - app.py:582 - INFO - 正在下载第 149/216 页...
2025-12-27 03:11:07 - mkk_comic - app.py:582 - INFO - 正在下载第 150/216 页...
2025-12-27 03:11:07 - mkk_comic - app.py:582 - INFO - 正在下载第 151/216 页...
2025-12-27 03:11:07 - mkk_comic - app.py:582 - INFO - 正在下载第 152/216 页...
2025-12-27 03:11:07 - mkk_comic - app.py:582 - INFO - 正在下载第 153/216 页...
2025-12-27 03:11:07 - mkk_comic - app.py:582 - INFO - 正在下载第 154/216 页...
2025-12-27 03:11:07 - mkk_comic - app.py:582 - INFO - 正在下载第 155/216 页...
2025-12-27 03:11:07 - mkk_comic - app.py:582 - INFO - 正在下载第 156/216 页...
2025-12-27 03:11:07 - mkk_comic - app.py:582 - INFO - 正在下载第 157/216 页...
2025-12-27 03:11:07 - mkk_comic - app.py:582 - INFO - 正在下载第 158/216 页...
2025-12-27 03:11:07 - mkk_comic - app.py:582 - INFO - 正在下载第 159/216 页...
2025-12-27 03:11:07 - mkk_comic - app.py:582 - INFO - 正在下载第 160/216 页...
2025-12-27 03:11:07 - mkk_comic - app.py:582 - INFO - 正在下载第 161/216 页...
2025-12-27 03:11:07 - mkk_comic - app.py:582 - INFO - 正在下载第 162/216 页...
2025-12-27 03:11:07 - mkk_comic - app.py:582 - INFO - 正在下载第 163/216 页...
2025-12-27 03:11:07 - mkk_comic - app.py:582 - INFO - 正在下载第 164/216 页...
2025-12-27 03:11:07 - mkk_comic - app.py:582 - INFO - 正在下载第 165/216 页...
2025-12-27 03:11:07 - mkk_comic - app.py:582 - INFO - 正在下载第 166/216 页...
2025-12-27 03:11:07 - mkk_comic - app.py:582 - INFO - 正在下载第 167/216 页...
2025-12-27 03:11:07 - mkk_comic - app.py:582 - INFO - 正在下载第 168/216 页...
2025-12-27 03:11:07 - mkk_comic - app.py:582 - INFO - 正在下载第 169/216 页...
2025-12-27 03:11:07 - mkk_comic - app.py:582 - INFO - 正在下载第 170/216 页...
2025-12-27 03:11:07 - mkk_comic - app.py:582 - INFO - 正在下载第 171/216 页...
2025-12-27 03:11:07 - mkk_comic - app.py:582 - INFO - 正在下载第 172/216 页...
2025-12-27 03:11:07 - mkk_comic - app.py:582 - INFO - 正在下载第 173/216 页...
2025-12-27 03:11:07 - mkk_comic - app.py:582 - INFO - 正在下载第 174/216 页...
2025-12-27 03:11:08 - mkk_comic - app.py:582 - INFO - 正在下载第 175/216 页...
2025-12-27 03:11:08 - mkk_comic - app.py:582 - INFO - 正在下载第 176/216 页...
2025-12-27 03:11:08 - mkk_comic - app.py:582 - INFO - 正在下载第 177/216 页...
2025-12-27 03:11:08 - mkk_comic - app.py:582 - INFO - 正在下载第 178/216 页...
2025-12-27 03:11:08 - mkk_comic - app.py:582 - INFO - 正在下载第 179/216 页...
2025-12-27 03:11:08 - mkk_comic - app.py:582 - INFO - 正在下载第 180/216 页...
2025-12-27 03:11:08 - mkk_comic - app.py:582 - INFO - 正在下载第 181/216 页...
2025-12-27 03:11:08 - mkk_comic - app.py:582 - INFO - 正在下载第 182/216 页...
2025-12-27 03:11:08 - mkk_comic - app.py:582 - INFO - 正在下载第 183/216 页...
2025-12-27 03:11:08 - mkk_comic - app.py:582 - INFO - 正在下载第 184/216 页...
2025-12-27 03:11:08 - mkk_comic - app.py:582 - INFO - 正在下载第 185/216 页...
2025-12-27 03:11:08 - mkk_comic - app.py:582 - INFO - 正在下载第 186/216 页...
2025-12-27 03:11:08 - mkk_comic - app.py:582 - INFO - 正在下载第 187/216 页...
2025-12-27 03:11:08 - mkk_comic - app.py:582 - INFO - 正在下载第 188/216 页...
2025-12-27 03:11:08 - mkk_comic - app.py:582 - INFO - 正在下载第 189/216 页...
2025-12-27 03:11:08 - mkk_comic - app.py:582 - INFO - 正在下载第 190/216 页...
2025-12-27 03:11:08 - mkk_comic - app.py:582 - INFO - 正在下载第 191/216 页...
2025-12-27 03:11:08 - mkk_comic - app.py:582 - INFO - 正在下载第 192/216 页...
2025-12-27 03:11:08 - mkk_comic - app.py:582 - INFO - 正在下载第 193/216 页...
2025-12-27 03:11:08 - mkk_comic - app.py:582 - INFO - 正在下载第 194/216 页...
2025-12-27 03:11:08 - mkk_comic - app.py:582 - INFO - 正在下载第 195/216 页...
2025-12-27 03:11:08 - mkk_comic - app.py:582 - INFO - 正在下载第 196/216 页...
2025-12-27 03:11:08 - mkk_comic - app.py:582 - INFO - 正在下载第 197/216 页...
2025-12-27 03:11:08 - mkk_comic - app.py:582 - INFO - 正在下载第 198/216 页...
2025-12-27 03:11:08 - mkk_comic - app.py:582 - INFO - 正在下载第 199/216 页...
2025-12-27 03:11:08 - mkk_comic - app.py:582 - INFO - 正在下载第 200/216 页...
2025-12-27 03:11:08 - mkk_comic - app.py:582 - INFO - 正在下载第 201/216 页...
2025-12-27 03:11:08 - mkk_comic - app.py:582 - INFO - 正在下载第 202/216 页...
2025-12-27 03:11:08 - mkk_comic - app.py:582 - INFO - 正在下载第 203/216 页...
2025-12-27 03:11:08 - mkk_comic - app.py:582 - INFO - 正在下载第 204/216 页...
2025-12-27 03:11:08 - mkk_comic - app.py:582 - INFO - 正在下载第 205/216 页...
2025-12-27 03:11:08 - mkk_comic - app.py:582 - INFO - 正在下载第 206/216 页...
2025-12-27 03:11:08 - mkk_comic - app.py:582 - INFO - 正在下载第 207/216 页...
2025-12-27 03:11:09 - mkk_comic - app.py:582 - INFO - 正在下载第 208/216 页...
2025-12-27 03:11:09 - mkk_comic - app.py:582 - INFO - 正在下载第 209/216 页...
2025-12-27 03:11:09 - mkk_comic - app.py:582 - INFO - 正在下载第 210/216 页...
2025-12-27 03:11:09 - mkk_comic - app.py:582 - INFO - 正在下载第 211/216 页...
2025-12-27 03:11:09 - mkk_comic - app.py:582 - INFO - 正在下载第 212/216 页...
2025-12-27 03:11:09 - mkk_comic - app.py:582 - INFO - 正在下载第 213/216 页...
2025-12-27 03:11:09 - mkk_comic - app.py:582 - INFO - 正在下载第 214/216 页...
2025-12-27 03:11:09 - mkk_comic - app.py:582 - INFO - 正在下载第 215/216 页...
2025-12-27 03:11:09 - mkk_comic - app.py:582 - INFO - 正在下载第 216/216 页...
2025-12-27 03:11:09 - mkk_comic - app.py:511 - INFO - 下载完成!
2025-12-27 03:11:09 - mkk_comic - app.py:512 - INFO - 成功下载: 216/216 页
2025-12-27 03:11:09 - mkk_comic - app.py:838 - INFO - 【电锯人】上次下载至第36章
2025-12-27 03:11:10 - mkk_comic - app.py:845 - INFO - 【电锯人】检测到更新！最新：250章
2025-12-27 03:11:10 - mkk_comic - app.py:848 - INFO - 【电锯人】最大下载限制为5章-需下载37~41章）
2025-12-27 03:11:11 - mkk_comic - app.py:494 - INFO - 正在下载第37章: 03卷附录    UUID:8e7eef30-bf37-11e9-8b58-00163e0ca5bd
2025-12-27 03:11:12 - mkk_comic - app.py:502 - INFO - 创建目录: ./out/電鋸人/03卷附录
2025-12-27 03:11:12 - mkk_comic - app.py:505 - INFO - 开始下载: 電鋸人 - 03卷附录
2025-12-27 03:11:12 - mkk_comic - app.py:506 - INFO - 总页数: 23
2025-12-27 03:11:12 - mkk_comic - app.py:582 - INFO - 正在下载第 001/023 页...
2025-12-27 03:11:12 - mkk_comic - app.py:582 - INFO - 正在下载第 002/023 页...
2025-12-27 03:11:12 - mkk_comic - app.py:582 - INFO - 正在下载第 003/023 页...
2025-12-27 03:11:12 - mkk_comic - app.py:582 - INFO - 正在下载第 004/023 页...
2025-12-27 03:11:12 - mkk_comic - app.py:582 - INFO - 正在下载第 005/023 页...
2025-12-27 03:11:12 - mkk_comic - app.py:582 - INFO - 正在下载第 006/023 页...
2025-12-27 03:11:12 - mkk_comic - app.py:582 - INFO - 正在下载第 007/023 页...
2025-12-27 03:11:12 - mkk_comic - app.py:582 - INFO - 正在下载第 008/023 页...
2025-12-27 03:11:12 - mkk_comic - app.py:582 - INFO - 正在下载第 009/023 页...
2025-12-27 03:11:12 - mkk_comic - app.py:582 - INFO - 正在下载第 010/023 页...
2025-12-27 03:11:12 - mkk_comic - app.py:582 - INFO - 正在下载第 011/023 页...
2025-12-27 03:11:12 - mkk_comic - app.py:582 - INFO - 正在下载第 012/023 页...
2025-12-27 03:11:12 - mkk_comic - app.py:582 - INFO - 正在下载第 013/023 页...
2025-12-27 03:11:12 - mkk_comic - app.py:582 - INFO - 正在下载第 014/023 页...
2025-12-27 03:11:12 - mkk_comic - app.py:582 - INFO - 正在下载第 015/023 页...
2025-12-27 03:11:12 - mkk_comic - app.py:582 - INFO - 正在下载第 016/023 页...
2025-12-27 03:11:12 - mkk_comic - app.py:582 - INFO - 正在下载第 017/023 页...
2025-12-27 03:11:12 - mkk_comic - app.py:582 - INFO - 正在下载第 018/023 页...
2025-12-27 03:11:12 - mkk_comic - app.py:582 - INFO - 正在下载第 019/023 页...
2025-12-27 03:11:12 - mkk_comic - app.py:582 - INFO - 正在下载第 020/023 页...
2025-12-27 03:11:12 - mkk_comic - app.py:582 - INFO - 正在下载第 021/023 页...
2025-12-27 03:11:12 - mkk_comic - app.py:582 - INFO - 正在下载第 022/023 页...
2025-12-27 03:11:12 - mkk_comic - app.py:582 - INFO - 正在下载第 023/023 页...
2025-12-27 03:11:12 - mkk_comic - app.py:511 - INFO - 下载完成!
2025-12-27 03:11:12 - mkk_comic - app.py:512 - INFO - 成功下载: 23/23 页
2025-12-27 03:11:13 - mkk_comic - app.py:494 - INFO - 正在下载第38章: 第34话    UUID:a5d4c040-d320-11e9-b85d-00163e0ca5bd
2025-12-27 03:11:14 - mkk_comic - app.py:502 - INFO - 创建目录: ./out/電鋸人/第34话
2025-12-27 03:11:14 - mkk_comic - app.py:505 - INFO - 开始下载: 電鋸人 - 第34话
2025-12-27 03:11:14 - mkk_comic - app.py:506 - INFO - 总页数: 19
2025-12-27 03:11:14 - mkk_comic - app.py:582 - INFO - 正在下载第 001/019 页...
2025-12-27 03:11:14 - mkk_comic - app.py:582 - INFO - 正在下载第 002/019 页...
2025-12-27 03:11:14 - mkk_comic - app.py:582 - INFO - 正在下载第 003/019 页...
2025-12-27 03:11:14 - mkk_comic - app.py:582 - INFO - 正在下载第 004/019 页...
2025-12-27 03:11:14 - mkk_comic - app.py:582 - INFO - 正在下载第 005/019 页...
2025-12-27 03:11:14 - mkk_comic - app.py:582 - INFO - 正在下载第 006/019 页...
2025-12-27 03:11:14 - mkk_comic - app.py:582 - INFO - 正在下载第 007/019 页...
2025-12-27 03:11:14 - mkk_comic - app.py:582 - INFO - 正在下载第 008/019 页...
2025-12-27 03:11:14 - mkk_comic - app.py:582 - INFO - 正在下载第 009/019 页...
2025-12-27 03:11:14 - mkk_comic - app.py:582 - INFO - 正在下载第 010/019 页...
2025-12-27 03:11:14 - mkk_comic - app.py:582 - INFO - 正在下载第 011/019 页...
2025-12-27 03:11:14 - mkk_comic - app.py:582 - INFO - 正在下载第 012/019 页...
2025-12-27 03:11:14 - mkk_comic - app.py:582 - INFO - 正在下载第 013/019 页...
2025-12-27 03:11:14 - mkk_comic - app.py:582 - INFO - 正在下载第 014/019 页...
2025-12-27 03:11:15 - mkk_comic - app.py:582 - INFO - 正在下载第 015/019 页...
2025-12-27 03:11:15 - mkk_comic - app.py:582 - INFO - 正在下载第 016/019 页...
2025-12-27 03:11:15 - mkk_comic - app.py:582 - INFO - 正在下载第 017/019 页...
2025-12-27 03:11:15 - mkk_comic - app.py:582 - INFO - 正在下载第 018/019 页...
2025-12-27 03:11:15 - mkk_comic - app.py:582 - INFO - 正在下载第 019/019 页...
2025-12-27 03:11:15 - mkk_comic - app.py:511 - INFO - 下载完成!
2025-12-27 03:11:15 - mkk_comic - app.py:512 - INFO - 成功下载: 19/19 页
2025-12-27 03:11:16 - mkk_comic - app.py:494 - INFO - 正在下载第39章: 第35话    UUID:a5d4eb7e-d320-11e9-b85d-00163e0ca5bd
2025-12-27 03:11:17 - mkk_comic - app.py:502 - INFO - 创建目录: ./out/電鋸人/第35话
2025-12-27 03:11:17 - mkk_comic - app.py:505 - INFO - 开始下载: 電鋸人 - 第35话
2025-12-27 03:11:17 - mkk_comic - app.py:506 - INFO - 总页数: 20
2025-12-27 03:11:17 - mkk_comic - app.py:582 - INFO - 正在下载第 001/020 页...
2025-12-27 03:11:17 - mkk_comic - app.py:582 - INFO - 正在下载第 002/020 页...
2025-12-27 03:11:17 - mkk_comic - app.py:582 - INFO - 正在下载第 003/020 页...
2025-12-27 03:11:17 - mkk_comic - app.py:582 - INFO - 正在下载第 004/020 页...
2025-12-27 03:11:17 - mkk_comic - app.py:582 - INFO - 正在下载第 005/020 页...
2025-12-27 03:11:17 - mkk_comic - app.py:582 - INFO - 正在下载第 006/020 页...
2025-12-27 03:11:17 - mkk_comic - app.py:582 - INFO - 正在下载第 007/020 页...
2025-12-27 03:11:17 - mkk_comic - app.py:582 - INFO - 正在下载第 008/020 页...
2025-12-27 03:11:17 - mkk_comic - app.py:582 - INFO - 正在下载第 009/020 页...
2025-12-27 03:11:17 - mkk_comic - app.py:582 - INFO - 正在下载第 010/020 页...
2025-12-27 03:11:17 - mkk_comic - app.py:582 - INFO - 正在下载第 011/020 页...
2025-12-27 03:11:17 - mkk_comic - app.py:582 - INFO - 正在下载第 012/020 页...
2025-12-27 03:11:17 - mkk_comic - app.py:582 - INFO - 正在下载第 013/020 页...
2025-12-27 03:11:17 - mkk_comic - app.py:582 - INFO - 正在下载第 014/020 页...
2025-12-27 03:11:17 - mkk_comic - app.py:582 - INFO - 正在下载第 015/020 页...
2025-12-27 03:11:17 - mkk_comic - app.py:582 - INFO - 正在下载第 016/020 页...
2025-12-27 03:11:17 - mkk_comic - app.py:582 - INFO - 正在下载第 017/020 页...
2025-12-27 03:11:17 - mkk_comic - app.py:582 - INFO - 正在下载第 018/020 页...
2025-12-27 03:11:17 - mkk_comic - app.py:582 - INFO - 正在下载第 019/020 页...
2025-12-27 03:11:17 - mkk_comic - app.py:582 - INFO - 正在下载第 020/020 页...
2025-12-27 03:11:17 - mkk_comic - app.py:511 - INFO - 下载完成!
2025-12-27 03:11:17 - mkk_comic - app.py:512 - INFO - 成功下载: 20/20 页
2025-12-27 03:11:18 - mkk_comic - app.py:494 - INFO - 正在下载第40章: 第36话    UUID:a5d51392-d320-11e9-b85d-00163e0ca5bd
2025-12-27 03:11:19 - mkk_comic - app.py:502 - INFO - 创建目录: ./out/電鋸人/第36话
2025-12-27 03:11:19 - mkk_comic - app.py:505 - INFO - 开始下载: 電鋸人 - 第36话
2025-12-27 03:11:19 - mkk_comic - app.py:506 - INFO - 总页数: 20
2025-12-27 03:11:19 - mkk_comic - app.py:582 - INFO - 正在下载第 001/020 页...
2025-12-27 03:11:19 - mkk_comic - app.py:582 - INFO - 正在下载第 002/020 页...
2025-12-27 03:11:19 - mkk_comic - app.py:582 - INFO - 正在下载第 003/020 页...
2025-12-27 03:11:19 - mkk_comic - app.py:582 - INFO - 正在下载第 004/020 页...
2025-12-27 03:11:19 - mkk_comic - app.py:582 - INFO - 正在下载第 005/020 页...
2025-12-27 03:11:19 - mkk_comic - app.py:582 - INFO - 正在下载第 006/020 页...
2025-12-27 03:11:19 - mkk_comic - app.py:582 - INFO - 正在下载第 007/020 页...
2025-12-27 03:11:19 - mkk_comic - app.py:582 - INFO - 正在下载第 008/020 页...
2025-12-27 03:11:19 - mkk_comic - app.py:582 - INFO - 正在下载第 009/020 页...
2025-12-27 03:11:19 - mkk_comic - app.py:582 - INFO - 正在下载第 010/020 页...
2025-12-27 03:11:19 - mkk_comic - app.py:582 - INFO - 正在下载第 011/020 页...
2025-12-27 03:11:19 - mkk_comic - app.py:582 - INFO - 正在下载第 012/020 页...
2025-12-27 03:11:19 - mkk_comic - app.py:582 - INFO - 正在下载第 013/020 页...
2025-12-27 03:11:19 - mkk_comic - app.py:582 - INFO - 正在下载第 014/020 页...
2025-12-27 03:11:19 - mkk_comic - app.py:582 - INFO - 正在下载第 015/020 页...
2025-12-27 03:11:19 - mkk_comic - app.py:582 - INFO - 正在下载第 016/020 页...
2025-12-27 03:11:19 - mkk_comic - app.py:582 - INFO - 正在下载第 017/020 页...
2025-12-27 03:11:19 - mkk_comic - app.py:582 - INFO - 正在下载第 018/020 页...
2025-12-27 03:11:19 - mkk_comic - app.py:582 - INFO - 正在下载第 019/020 页...
2025-12-27 03:11:19 - mkk_comic - app.py:582 - INFO - 正在下载第 020/020 页...
2025-12-27 03:11:20 - mkk_comic - app.py:511 - INFO - 下载完成!
2025-12-27 03:11:20 - mkk_comic - app.py:512 - INFO - 成功下载: 20/20 页
2025-12-27 03:11:21 - mkk_comic - app.py:494 - INFO - 正在下载第41章: 第37话    UUID:a5d5411e-d320-11e9-b85d-00163e0ca5bd
2025-12-27 03:11:22 - mkk_comic - app.py:502 - INFO - 创建目录: ./out/電鋸人/第37话
2025-12-27 03:11:22 - mkk_comic - app.py:505 - INFO - 开始下载: 電鋸人 - 第37话
2025-12-27 03:11:22 - mkk_comic - app.py:506 - INFO - 总页数: 18
2025-12-27 03:11:22 - mkk_comic - app.py:582 - INFO - 正在下载第 001/018 页...
2025-12-27 03:11:22 - mkk_comic - app.py:582 - INFO - 正在下载第 002/018 页...
2025-12-27 03:11:22 - mkk_comic - app.py:582 - INFO - 正在下载第 003/018 页...
2025-12-27 03:11:22 - mkk_comic - app.py:582 - INFO - 正在下载第 004/018 页...
2025-12-27 03:11:22 - mkk_comic - app.py:582 - INFO - 正在下载第 005/018 页...
2025-12-27 03:11:22 - mkk_comic - app.py:582 - INFO - 正在下载第 006/018 页...
2025-12-27 03:11:22 - mkk_comic - app.py:582 - INFO - 正在下载第 007/018 页...
2025-12-27 03:11:22 - mkk_comic - app.py:582 - INFO - 正在下载第 008/018 页...
2025-12-27 03:11:22 - mkk_comic - app.py:582 - INFO - 正在下载第 009/018 页...
2025-12-27 03:11:22 - mkk_comic - app.py:582 - INFO - 正在下载第 010/018 页...
2025-12-27 03:11:22 - mkk_comic - app.py:582 - INFO - 正在下载第 011/018 页...
2025-12-27 03:11:22 - mkk_comic - app.py:582 - INFO - 正在下载第 012/018 页...
2025-12-27 03:11:22 - mkk_comic - app.py:582 - INFO - 正在下载第 013/018 页...
2025-12-27 03:11:22 - mkk_comic - app.py:582 - INFO - 正在下载第 014/018 页...
2025-12-27 03:11:22 - mkk_comic - app.py:582 - INFO - 正在下载第 015/018 页...
2025-12-27 03:11:22 - mkk_comic - app.py:582 - INFO - 正在下载第 016/018 页...
2025-12-27 03:11:22 - mkk_comic - app.py:582 - INFO - 正在下载第 017/018 页...
2025-12-27 03:11:22 - mkk_comic - app.py:582 - INFO - 正在下载第 018/018 页...
2025-12-27 03:11:22 - mkk_comic - app.py:511 - INFO - 下载完成!
2025-12-27 03:11:22 - mkk_comic - app.py:512 - INFO - 成功下载: 18/18 页
2025-12-27 03:11:22 - mkk_comic - app.py:858 - INFO - ===== 检查更新完成 =====

