2026-03-09 03:59:34 - mkk_comic - app.py:868 - INFO - 运行环境：GitHub Actions（自动化模式）
2026-03-09 03:59:34 - mkk_comic - app.py:825 - INFO - ===== 开始检查更新=====
2026-03-09 03:59:34 - mkk_comic - app.py:843 - INFO - 【海贼王】上次下载至第189章
2026-03-09 03:59:35 - mkk_comic - app.py:850 - INFO - 【海贼王】检测到更新！最新：380章
2026-03-09 03:59:35 - mkk_comic - app.py:853 - INFO - 【海贼王】最大下载限制为10章-需下载190~199章）
2026-03-09 03:59:35 - mkk_comic - app.py:494 - INFO - 正在下载第190章: 985話    UUID:ecd0f52c-c83e-11ea-87cf-024352452ce0
2026-03-09 03:59:36 - mkk_comic - app.py:502 - INFO - 创建目录: ./out/海贼王/985話
2026-03-09 03:59:36 - mkk_comic - app.py:505 - INFO - 开始下载: 海贼王 - 985話
2026-03-09 03:59:36 - mkk_comic - app.py:506 - INFO - 总页数: 15
2026-03-09 03:59:36 - mkk_comic - app.py:587 - INFO - 正在下载第 001/015 页...
2026-03-09 03:59:36 - mkk_comic - app.py:587 - INFO - 正在下载第 002/015 页...
2026-03-09 03:59:36 - mkk_comic - app.py:587 - INFO - 正在下载第 003/015 页...
2026-03-09 03:59:36 - mkk_comic - app.py:587 - INFO - 正在下载第 004/015 页...
2026-03-09 03:59:36 - mkk_comic - app.py:587 - INFO - 正在下载第 005/015 页...
2026-03-09 03:59:36 - mkk_comic - app.py:587 - INFO - 正在下载第 006/015 页...
2026-03-09 03:59:36 - mkk_comic - app.py:587 - INFO - 正在下载第 007/015 页...
2026-03-09 03:59:36 - mkk_comic - app.py:587 - INFO - 正在下载第 008/015 页...
2026-03-09 03:59:36 - mkk_comic - app.py:587 - INFO - 正在下载第 009/015 页...
2026-03-09 03:59:36 - mkk_comic - app.py:587 - INFO - 正在下载第 010/015 页...
2026-03-09 03:59:36 - mkk_comic - app.py:587 - INFO - 正在下载第 011/015 页...
2026-03-09 03:59:36 - mkk_comic - app.py:587 - INFO - 正在下载第 012/015 页...
2026-03-09 03:59:37 - mkk_comic - app.py:587 - INFO - 正在下载第 013/015 页...
2026-03-09 03:59:37 - mkk_comic - app.py:587 - INFO - 正在下载第 014/015 页...
2026-03-09 03:59:37 - mkk_comic - app.py:587 - INFO - 正在下载第 015/015 页...
2026-03-09 03:59:37 - mkk_comic - app.py:511 - INFO - 下载完成!
2026-03-09 03:59:37 - mkk_comic - app.py:512 - INFO - 成功下载: 15/15 页
2026-03-09 03:59:37 - mkk_comic - app.py:523 - INFO - 章节下载完成，等待 6.3 秒后继续...
2026-03-09 03:59:44 - mkk_comic - app.py:494 - INFO - 正在下载第191章: 986話    UUID:11fe0f50-d4ca-11ea-896a-024352452ce0
2026-03-09 03:59:45 - mkk_comic - app.py:502 - INFO - 创建目录: ./out/海贼王/986話
2026-03-09 03:59:45 - mkk_comic - app.py:505 - INFO - 开始下载: 海贼王 - 986話
2026-03-09 03:59:45 - mkk_comic - app.py:506 - INFO - 总页数: 16
2026-03-09 03:59:45 - mkk_comic - app.py:587 - INFO - 正在下载第 001/016 页...
2026-03-09 03:59:45 - mkk_comic - app.py:587 - INFO - 正在下载第 002/016 页...
2026-03-09 03:59:45 - mkk_comic - app.py:587 - INFO - 正在下载第 003/016 页...
2026-03-09 03:59:45 - mkk_comic - app.py:587 - INFO - 正在下载第 004/016 页...
2026-03-09 03:59:45 - mkk_comic - app.py:587 - INFO - 正在下载第 005/016 页...
2026-03-09 03:59:45 - mkk_comic - app.py:587 - INFO - 正在下载第 006/016 页...
2026-03-09 03:59:45 - mkk_comic - app.py:587 - INFO - 正在下载第 007/016 页...
2026-03-09 03:59:45 - mkk_comic - app.py:587 - INFO - 正在下载第 008/016 页...
2026-03-09 03:59:45 - mkk_comic - app.py:587 - INFO - 正在下载第 009/016 页...
2026-03-09 03:59:45 - mkk_comic - app.py:587 - INFO - 正在下载第 010/016 页...
2026-03-09 03:59:45 - mkk_comic - app.py:587 - INFO - 正在下载第 011/016 页...
2026-03-09 03:59:45 - mkk_comic - app.py:587 - INFO - 正在下载第 012/016 页...
2026-03-09 03:59:45 - mkk_comic - app.py:587 - INFO - 正在下载第 013/016 页...
2026-03-09 03:59:45 - mkk_comic - app.py:587 - INFO - 正在下载第 014/016 页...
2026-03-09 03:59:45 - mkk_comic - app.py:587 - INFO - 正在下载第 015/016 页...
2026-03-09 03:59:45 - mkk_comic - app.py:587 - INFO - 正在下载第 016/016 页...
2026-03-09 03:59:46 - mkk_comic - app.py:511 - INFO - 下载完成!
2026-03-09 03:59:46 - mkk_comic - app.py:512 - INFO - 成功下载: 16/16 页
2026-03-09 03:59:46 - mkk_comic - app.py:523 - INFO - 章节下载完成，等待 5.7 秒后继续...
2026-03-09 03:59:52 - mkk_comic - app.py:494 - INFO - 正在下载第192章: 987話    UUID:b52717da-d894-11ea-89ca-024352452ce0
2026-03-09 03:59:53 - mkk_comic - app.py:502 - INFO - 创建目录: ./out/海贼王/987話
2026-03-09 03:59:53 - mkk_comic - app.py:505 - INFO - 开始下载: 海贼王 - 987話
2026-03-09 03:59:53 - mkk_comic - app.py:506 - INFO - 总页数: 13
2026-03-09 03:59:53 - mkk_comic - app.py:587 - INFO - 正在下载第 001/013 页...
2026-03-09 03:59:53 - mkk_comic - app.py:587 - INFO - 正在下载第 002/013 页...
2026-03-09 03:59:53 - mkk_comic - app.py:587 - INFO - 正在下载第 003/013 页...
2026-03-09 03:59:53 - mkk_comic - app.py:587 - INFO - 正在下载第 004/013 页...
2026-03-09 03:59:53 - mkk_comic - app.py:587 - INFO - 正在下载第 005/013 页...
2026-03-09 03:59:53 - mkk_comic - app.py:587 - INFO - 正在下载第 006/013 页...
2026-03-09 03:59:53 - mkk_comic - app.py:587 - INFO - 正在下载第 007/013 页...
2026-03-09 03:59:53 - mkk_comic - app.py:587 - INFO - 正在下载第 008/013 页...
2026-03-09 03:59:53 - mkk_comic - app.py:587 - INFO - 正在下载第 009/013 页...
2026-03-09 03:59:53 - mkk_comic - app.py:587 - INFO - 正在下载第 010/013 页...
2026-03-09 03:59:53 - mkk_comic - app.py:587 - INFO - 正在下载第 011/013 页...
2026-03-09 03:59:53 - mkk_comic - app.py:587 - INFO - 正在下载第 012/013 页...
2026-03-09 03:59:53 - mkk_comic - app.py:587 - INFO - 正在下载第 013/013 页...
2026-03-09 03:59:54 - mkk_comic - app.py:511 - INFO - 下载完成!
2026-03-09 03:59:54 - mkk_comic - app.py:512 - INFO - 成功下载: 13/13 页
2026-03-09 03:59:54 - mkk_comic - app.py:523 - INFO - 章节下载完成，等待 6.5 秒后继续...
2026-03-09 04:00:01 - mkk_comic - app.py:494 - INFO - 正在下载第193章: 988話    UUID:386c3bee-e843-11ea-8b70-024352452ce0
2026-03-09 04:00:01 - mkk_comic - app.py:502 - INFO - 创建目录: ./out/海贼王/988話
2026-03-09 04:00:01 - mkk_comic - app.py:505 - INFO - 开始下载: 海贼王 - 988話
2026-03-09 04:00:01 - mkk_comic - app.py:506 - INFO - 总页数: 13
2026-03-09 04:00:01 - mkk_comic - app.py:587 - INFO - 正在下载第 001/013 页...
2026-03-09 04:00:01 - mkk_comic - app.py:587 - INFO - 正在下载第 002/013 页...
2026-03-09 04:00:01 - mkk_comic - app.py:587 - INFO - 正在下载第 003/013 页...
2026-03-09 04:00:01 - mkk_comic - app.py:587 - INFO - 正在下载第 004/013 页...
2026-03-09 04:00:01 - mkk_comic - app.py:587 - INFO - 正在下载第 005/013 页...
2026-03-09 04:00:02 - mkk_comic - app.py:587 - INFO - 正在下载第 006/013 页...
2026-03-09 04:00:02 - mkk_comic - app.py:587 - INFO - 正在下载第 007/013 页...
2026-03-09 04:00:02 - mkk_comic - app.py:587 - INFO - 正在下载第 008/013 页...
2026-03-09 04:00:02 - mkk_comic - app.py:587 - INFO - 正在下载第 009/013 页...
2026-03-09 04:00:02 - mkk_comic - app.py:587 - INFO - 正在下载第 010/013 页...
2026-03-09 04:00:02 - mkk_comic - app.py:587 - INFO - 正在下载第 011/013 页...
2026-03-09 04:00:02 - mkk_comic - app.py:587 - INFO - 正在下载第 012/013 页...
2026-03-09 04:00:02 - mkk_comic - app.py:587 - INFO - 正在下载第 013/013 页...
2026-03-09 04:00:02 - mkk_comic - app.py:511 - INFO - 下载完成!
2026-03-09 04:00:02 - mkk_comic - app.py:512 - INFO - 成功下载: 13/13 页
2026-03-09 04:00:02 - mkk_comic - app.py:523 - INFO - 章节下载完成，等待 8.5 秒后继续...
2026-03-09 04:00:11 - mkk_comic - app.py:494 - INFO - 正在下载第194章: 989話    UUID:535a860c-f295-11ea-8c66-024352452ce0
2026-03-09 04:00:12 - mkk_comic - app.py:502 - INFO - 创建目录: ./out/海贼王/989話
2026-03-09 04:00:12 - mkk_comic - app.py:505 - INFO - 开始下载: 海贼王 - 989話
2026-03-09 04:00:12 - mkk_comic - app.py:506 - INFO - 总页数: 15
2026-03-09 04:00:12 - mkk_comic - app.py:587 - INFO - 正在下载第 001/015 页...
2026-03-09 04:00:12 - mkk_comic - app.py:587 - INFO - 正在下载第 002/015 页...
2026-03-09 04:00:12 - mkk_comic - app.py:587 - INFO - 正在下载第 003/015 页...
2026-03-09 04:00:12 - mkk_comic - app.py:587 - INFO - 正在下载第 004/015 页...
2026-03-09 04:00:12 - mkk_comic - app.py:587 - INFO - 正在下载第 005/015 页...
2026-03-09 04:00:12 - mkk_comic - app.py:587 - INFO - 正在下载第 006/015 页...
2026-03-09 04:00:12 - mkk_comic - app.py:587 - INFO - 正在下载第 007/015 页...
2026-03-09 04:00:12 - mkk_comic - app.py:587 - INFO - 正在下载第 008/015 页...
2026-03-09 04:00:12 - mkk_comic - app.py:587 - INFO - 正在下载第 009/015 页...
2026-03-09 04:00:12 - mkk_comic - app.py:587 - INFO - 正在下载第 010/015 页...
2026-03-09 04:00:12 - mkk_comic - app.py:587 - INFO - 正在下载第 011/015 页...
2026-03-09 04:00:12 - mkk_comic - app.py:587 - INFO - 正在下载第 012/015 页...
2026-03-09 04:00:12 - mkk_comic - app.py:587 - INFO - 正在下载第 013/015 页...
2026-03-09 04:00:12 - mkk_comic - app.py:587 - INFO - 正在下载第 014/015 页...
2026-03-09 04:00:13 - mkk_comic - app.py:587 - INFO - 正在下载第 015/015 页...
2026-03-09 04:00:13 - mkk_comic - app.py:511 - INFO - 下载完成!
2026-03-09 04:00:13 - mkk_comic - app.py:512 - INFO - 成功下载: 15/15 页
2026-03-09 04:00:13 - mkk_comic - app.py:523 - INFO - 章节下载完成，等待 7.8 秒后继续...
2026-03-09 04:00:21 - mkk_comic - app.py:494 - INFO - 正在下载第195章: 990話    UUID:e13bd87e-f4ff-11ea-8ca2-024352452ce0
2026-03-09 04:00:22 - mkk_comic - app.py:502 - INFO - 创建目录: ./out/海贼王/990話
2026-03-09 04:00:22 - mkk_comic - app.py:505 - INFO - 开始下载: 海贼王 - 990話
2026-03-09 04:00:22 - mkk_comic - app.py:506 - INFO - 总页数: 16
2026-03-09 04:00:22 - mkk_comic - app.py:587 - INFO - 正在下载第 001/016 页...
2026-03-09 04:00:22 - mkk_comic - app.py:587 - INFO - 正在下载第 002/016 页...
2026-03-09 04:00:22 - mkk_comic - app.py:587 - INFO - 正在下载第 003/016 页...
2026-03-09 04:00:22 - mkk_comic - app.py:587 - INFO - 正在下载第 004/016 页...
2026-03-09 04:00:22 - mkk_comic - app.py:587 - INFO - 正在下载第 005/016 页...
2026-03-09 04:00:22 - mkk_comic - app.py:587 - INFO - 正在下载第 006/016 页...
2026-03-09 04:00:22 - mkk_comic - app.py:587 - INFO - 正在下载第 007/016 页...
2026-03-09 04:00:22 - mkk_comic - app.py:587 - INFO - 正在下载第 008/016 页...
2026-03-09 04:00:22 - mkk_comic - app.py:587 - INFO - 正在下载第 009/016 页...
2026-03-09 04:00:22 - mkk_comic - app.py:587 - INFO - 正在下载第 010/016 页...
2026-03-09 04:00:22 - mkk_comic - app.py:587 - INFO - 正在下载第 011/016 页...
2026-03-09 04:00:22 - mkk_comic - app.py:587 - INFO - 正在下载第 012/016 页...
2026-03-09 04:00:22 - mkk_comic - app.py:587 - INFO - 正在下载第 013/016 页...
2026-03-09 04:00:22 - mkk_comic - app.py:587 - INFO - 正在下载第 014/016 页...
2026-03-09 04:00:23 - mkk_comic - app.py:587 - INFO - 正在下载第 015/016 页...
2026-03-09 04:00:23 - mkk_comic - app.py:587 - INFO - 正在下载第 016/016 页...
2026-03-09 04:00:23 - mkk_comic - app.py:511 - INFO - 下载完成!
2026-03-09 04:00:23 - mkk_comic - app.py:512 - INFO - 成功下载: 16/16 页
2026-03-09 04:00:23 - mkk_comic - app.py:523 - INFO - 章节下载完成，等待 6.1 秒后继续...
2026-03-09 04:00:29 - mkk_comic - app.py:494 - INFO - 正在下载第196章: 991話    UUID:4b812300-0249-11eb-af1d-024352452ce0
2026-03-09 04:00:30 - mkk_comic - app.py:502 - INFO - 创建目录: ./out/海贼王/991話
2026-03-09 04:00:30 - mkk_comic - app.py:505 - INFO - 开始下载: 海贼王 - 991話
2026-03-09 04:00:30 - mkk_comic - app.py:506 - INFO - 总页数: 17
2026-03-09 04:00:30 - mkk_comic - app.py:587 - INFO - 正在下载第 001/017 页...
2026-03-09 04:00:30 - mkk_comic - app.py:587 - INFO - 正在下载第 002/017 页...
2026-03-09 04:00:30 - mkk_comic - app.py:587 - INFO - 正在下载第 003/017 页...
2026-03-09 04:00:30 - mkk_comic - app.py:587 - INFO - 正在下载第 004/017 页...
2026-03-09 04:00:30 - mkk_comic - app.py:587 - INFO - 正在下载第 005/017 页...
2026-03-09 04:00:30 - mkk_comic - app.py:587 - INFO - 正在下载第 006/017 页...
2026-03-09 04:00:30 - mkk_comic - app.py:587 - INFO - 正在下载第 007/017 页...
2026-03-09 04:00:30 - mkk_comic - app.py:587 - INFO - 正在下载第 008/017 页...
2026-03-09 04:00:30 - mkk_comic - app.py:587 - INFO - 正在下载第 009/017 页...
2026-03-09 04:00:30 - mkk_comic - app.py:587 - INFO - 正在下载第 010/017 页...
2026-03-09 04:00:31 - mkk_comic - app.py:587 - INFO - 正在下载第 011/017 页...
2026-03-09 04:00:31 - mkk_comic - app.py:587 - INFO - 正在下载第 012/017 页...
2026-03-09 04:00:31 - mkk_comic - app.py:587 - INFO - 正在下载第 013/017 页...
2026-03-09 04:00:31 - mkk_comic - app.py:587 - INFO - 正在下载第 014/017 页...
2026-03-09 04:00:31 - mkk_comic - app.py:587 - INFO - 正在下载第 015/017 页...
2026-03-09 04:00:31 - mkk_comic - app.py:587 - INFO - 正在下载第 016/017 页...
2026-03-09 04:00:31 - mkk_comic - app.py:587 - INFO - 正在下载第 017/017 页...
2026-03-09 04:00:31 - mkk_comic - app.py:511 - INFO - 下载完成!
2026-03-09 04:00:31 - mkk_comic - app.py:512 - INFO - 成功下载: 17/17 页
2026-03-09 04:00:31 - mkk_comic - app.py:523 - INFO - 章节下载完成，等待 9.1 秒后继续...
2026-03-09 04:00:41 - mkk_comic - app.py:494 - INFO - 正在下载第197章: 992話    UUID:30a0fac6-11f1-11eb-b112-024352452ce0
2026-03-09 04:00:42 - mkk_comic - app.py:502 - INFO - 创建目录: ./out/海贼王/992話
2026-03-09 04:00:42 - mkk_comic - app.py:505 - INFO - 开始下载: 海贼王 - 992話
2026-03-09 04:00:42 - mkk_comic - app.py:506 - INFO - 总页数: 14
2026-03-09 04:00:42 - mkk_comic - app.py:587 - INFO - 正在下载第 001/014 页...
2026-03-09 04:00:42 - mkk_comic - app.py:587 - INFO - 正在下载第 002/014 页...
2026-03-09 04:00:42 - mkk_comic - app.py:587 - INFO - 正在下载第 003/014 页...
2026-03-09 04:00:42 - mkk_comic - app.py:587 - INFO - 正在下载第 004/014 页...
2026-03-09 04:00:42 - mkk_comic - app.py:587 - INFO - 正在下载第 005/014 页...
2026-03-09 04:00:42 - mkk_comic - app.py:587 - INFO - 正在下载第 006/014 页...
2026-03-09 04:00:42 - mkk_comic - app.py:587 - INFO - 正在下载第 007/014 页...
2026-03-09 04:00:42 - mkk_comic - app.py:587 - INFO - 正在下载第 008/014 页...
2026-03-09 04:00:42 - mkk_comic - app.py:587 - INFO - 正在下载第 009/014 页...
2026-03-09 04:00:42 - mkk_comic - app.py:587 - INFO - 正在下载第 010/014 页...
2026-03-09 04:00:42 - mkk_comic - app.py:587 - INFO - 正在下载第 011/014 页...
2026-03-09 04:00:42 - mkk_comic - app.py:587 - INFO - 正在下载第 012/014 页...
2026-03-09 04:00:42 - mkk_comic - app.py:587 - INFO - 正在下载第 013/014 页...
2026-03-09 04:00:42 - mkk_comic - app.py:587 - INFO - 正在下载第 014/014 页...
2026-03-09 04:00:42 - mkk_comic - app.py:511 - INFO - 下载完成!
2026-03-09 04:00:42 - mkk_comic - app.py:512 - INFO - 成功下载: 14/14 页
2026-03-09 04:00:42 - mkk_comic - app.py:523 - INFO - 章节下载完成，等待 9.7 秒后继续...
2026-03-09 04:00:53 - mkk_comic - app.py:494 - INFO - 正在下载第198章: 993話    UUID:73b76952-1931-11eb-b25e-024352452ce0
2026-03-09 04:00:53 - mkk_comic - app.py:502 - INFO - 创建目录: ./out/海贼王/993話
2026-03-09 04:00:53 - mkk_comic - app.py:505 - INFO - 开始下载: 海贼王 - 993話
2026-03-09 04:00:53 - mkk_comic - app.py:506 - INFO - 总页数: 17
2026-03-09 04:00:53 - mkk_comic - app.py:587 - INFO - 正在下载第 001/017 页...
2026-03-09 04:00:53 - mkk_comic - app.py:587 - INFO - 正在下载第 002/017 页...
2026-03-09 04:00:53 - mkk_comic - app.py:587 - INFO - 正在下载第 003/017 页...
2026-03-09 04:00:53 - mkk_comic - app.py:587 - INFO - 正在下载第 004/017 页...
2026-03-09 04:00:53 - mkk_comic - app.py:587 - INFO - 正在下载第 005/017 页...
2026-03-09 04:00:53 - mkk_comic - app.py:587 - INFO - 正在下载第 006/017 页...
2026-03-09 04:00:53 - mkk_comic - app.py:587 - INFO - 正在下载第 007/017 页...
2026-03-09 04:00:53 - mkk_comic - app.py:587 - INFO - 正在下载第 008/017 页...
2026-03-09 04:00:54 - mkk_comic - app.py:587 - INFO - 正在下载第 009/017 页...
2026-03-09 04:00:54 - mkk_comic - app.py:587 - INFO - 正在下载第 010/017 页...
2026-03-09 04:00:54 - mkk_comic - app.py:587 - INFO - 正在下载第 011/017 页...
2026-03-09 04:00:54 - mkk_comic - app.py:587 - INFO - 正在下载第 012/017 页...
2026-03-09 04:00:54 - mkk_comic - app.py:587 - INFO - 正在下载第 013/017 页...
2026-03-09 04:00:54 - mkk_comic - app.py:587 - INFO - 正在下载第 014/017 页...
2026-03-09 04:00:54 - mkk_comic - app.py:587 - INFO - 正在下载第 015/017 页...
2026-03-09 04:00:54 - mkk_comic - app.py:587 - INFO - 正在下载第 016/017 页...
2026-03-09 04:00:54 - mkk_comic - app.py:587 - INFO - 正在下载第 017/017 页...
2026-03-09 04:00:54 - mkk_comic - app.py:511 - INFO - 下载完成!
2026-03-09 04:00:54 - mkk_comic - app.py:512 - INFO - 成功下载: 17/17 页
2026-03-09 04:00:54 - mkk_comic - app.py:523 - INFO - 章节下载完成，等待 6.5 秒后继续...
2026-03-09 04:01:02 - mkk_comic - app.py:494 - INFO - 正在下载第199章: 994話    UUID:d096811a-29aa-11eb-b5c5-024352452ce0
2026-03-09 04:01:02 - mkk_comic - app.py:502 - INFO - 创建目录: ./out/海贼王/994話
2026-03-09 04:01:02 - mkk_comic - app.py:505 - INFO - 开始下载: 海贼王 - 994話
2026-03-09 04:01:02 - mkk_comic - app.py:506 - INFO - 总页数: 17
2026-03-09 04:01:02 - mkk_comic - app.py:587 - INFO - 正在下载第 001/017 页...
2026-03-09 04:01:02 - mkk_comic - app.py:587 - INFO - 正在下载第 002/017 页...
2026-03-09 04:01:02 - mkk_comic - app.py:587 - INFO - 正在下载第 003/017 页...
2026-03-09 04:01:02 - mkk_comic - app.py:587 - INFO - 正在下载第 004/017 页...
2026-03-09 04:01:02 - mkk_comic - app.py:587 - INFO - 正在下载第 005/017 页...
2026-03-09 04:01:02 - mkk_comic - app.py:587 - INFO - 正在下载第 006/017 页...
2026-03-09 04:01:02 - mkk_comic - app.py:587 - INFO - 正在下载第 007/017 页...
2026-03-09 04:01:02 - mkk_comic - app.py:587 - INFO - 正在下载第 008/017 页...
2026-03-09 04:01:03 - mkk_comic - app.py:587 - INFO - 正在下载第 009/017 页...
2026-03-09 04:01:03 - mkk_comic - app.py:587 - INFO - 正在下载第 010/017 页...
2026-03-09 04:01:03 - mkk_comic - app.py:587 - INFO - 正在下载第 011/017 页...
2026-03-09 04:01:03 - mkk_comic - app.py:587 - INFO - 正在下载第 012/017 页...
2026-03-09 04:01:03 - mkk_comic - app.py:587 - INFO - 正在下载第 013/017 页...
2026-03-09 04:01:03 - mkk_comic - app.py:587 - INFO - 正在下载第 014/017 页...
2026-03-09 04:01:03 - mkk_comic - app.py:587 - INFO - 正在下载第 015/017 页...
2026-03-09 04:01:03 - mkk_comic - app.py:587 - INFO - 正在下载第 016/017 页...
2026-03-09 04:01:03 - mkk_comic - app.py:587 - INFO - 正在下载第 017/017 页...
2026-03-09 04:01:03 - mkk_comic - app.py:511 - INFO - 下载完成!
2026-03-09 04:01:03 - mkk_comic - app.py:512 - INFO - 成功下载: 17/17 页
2026-03-09 04:01:03 - mkk_comic - app.py:523 - INFO - 章节下载完成，等待 9.6 秒后继续...
2026-03-09 04:01:13 - mkk_comic - app.py:843 - INFO - 【电锯人】上次下载至第234章
2026-03-09 04:01:14 - mkk_comic - app.py:850 - INFO - 【电锯人】检测到更新！最新：256章
2026-03-09 04:01:14 - mkk_comic - app.py:853 - INFO - 【电锯人】最大下载限制为15章-需下载235~249章）
2026-03-09 04:01:14 - mkk_comic - app.py:494 - INFO - 正在下载第235章: 第211话    UUID:9cf6f15c-77eb-11f0-a00a-fa163e02432f
2026-03-09 04:01:15 - mkk_comic - app.py:502 - INFO - 创建目录: ./out/電鋸人/第211话
2026-03-09 04:01:15 - mkk_comic - app.py:505 - INFO - 开始下载: 電鋸人 - 第211话
2026-03-09 04:01:15 - mkk_comic - app.py:506 - INFO - 总页数: 9
2026-03-09 04:01:15 - mkk_comic - app.py:587 - INFO - 正在下载第 001/009 页...
2026-03-09 04:01:15 - mkk_comic - app.py:587 - INFO - 正在下载第 002/009 页...
2026-03-09 04:01:15 - mkk_comic - app.py:587 - INFO - 正在下载第 003/009 页...
2026-03-09 04:01:15 - mkk_comic - app.py:587 - INFO - 正在下载第 004/009 页...
2026-03-09 04:01:15 - mkk_comic - app.py:587 - INFO - 正在下载第 005/009 页...
2026-03-09 04:01:15 - mkk_comic - app.py:587 - INFO - 正在下载第 006/009 页...
2026-03-09 04:01:15 - mkk_comic - app.py:587 - INFO - 正在下载第 007/009 页...
2026-03-09 04:01:15 - mkk_comic - app.py:587 - INFO - 正在下载第 008/009 页...
2026-03-09 04:01:15 - mkk_comic - app.py:587 - INFO - 正在下载第 009/009 页...
2026-03-09 04:01:15 - mkk_comic - app.py:511 - INFO - 下载完成!
2026-03-09 04:01:15 - mkk_comic - app.py:512 - INFO - 成功下载: 9/9 页
2026-03-09 04:01:15 - mkk_comic - app.py:523 - INFO - 章节下载完成，等待 7.2 秒后继续...
2026-03-09 04:01:23 - mkk_comic - app.py:494 - INFO - 正在下载第236章: 第212话    UUID:9cda3788-7d6b-11f0-8721-fa163e02432f
2026-03-09 04:01:24 - mkk_comic - app.py:502 - INFO - 创建目录: ./out/電鋸人/第212话
2026-03-09 04:01:24 - mkk_comic - app.py:505 - INFO - 开始下载: 電鋸人 - 第212话
2026-03-09 04:01:24 - mkk_comic - app.py:506 - INFO - 总页数: 11
2026-03-09 04:01:24 - mkk_comic - app.py:587 - INFO - 正在下载第 001/011 页...
2026-03-09 04:01:24 - mkk_comic - app.py:587 - INFO - 正在下载第 002/011 页...
2026-03-09 04:01:24 - mkk_comic - app.py:587 - INFO - 正在下载第 003/011 页...
2026-03-09 04:01:24 - mkk_comic - app.py:587 - INFO - 正在下载第 004/011 页...
2026-03-09 04:01:24 - mkk_comic - app.py:587 - INFO - 正在下载第 005/011 页...
2026-03-09 04:01:24 - mkk_comic - app.py:587 - INFO - 正在下载第 006/011 页...
2026-03-09 04:01:24 - mkk_comic - app.py:587 - INFO - 正在下载第 007/011 页...
2026-03-09 04:01:24 - mkk_comic - app.py:587 - INFO - 正在下载第 008/011 页...
2026-03-09 04:01:24 - mkk_comic - app.py:587 - INFO - 正在下载第 009/011 页...
2026-03-09 04:01:24 - mkk_comic - app.py:587 - INFO - 正在下载第 010/011 页...
2026-03-09 04:01:24 - mkk_comic - app.py:587 - INFO - 正在下载第 011/011 页...
2026-03-09 04:01:25 - mkk_comic - app.py:511 - INFO - 下载完成!
2026-03-09 04:01:25 - mkk_comic - app.py:512 - INFO - 成功下载: 11/11 页
2026-03-09 04:01:25 - mkk_comic - app.py:523 - INFO - 章节下载完成，等待 7.5 秒后继续...
2026-03-09 04:01:33 - mkk_comic - app.py:494 - INFO - 正在下载第237章: 第213话    UUID:5ecab08e-88a7-11f0-a62d-fa163e02432f
2026-03-09 04:01:34 - mkk_comic - app.py:502 - INFO - 创建目录: ./out/電鋸人/第213话
2026-03-09 04:01:34 - mkk_comic - app.py:505 - INFO - 开始下载: 電鋸人 - 第213话
2026-03-09 04:01:34 - mkk_comic - app.py:506 - INFO - 总页数: 12
2026-03-09 04:01:34 - mkk_comic - app.py:587 - INFO - 正在下载第 001/012 页...
2026-03-09 04:01:34 - mkk_comic - app.py:587 - INFO - 正在下载第 002/012 页...
2026-03-09 04:01:34 - mkk_comic - app.py:587 - INFO - 正在下载第 003/012 页...
2026-03-09 04:01:34 - mkk_comic - app.py:587 - INFO - 正在下载第 004/012 页...
2026-03-09 04:01:34 - mkk_comic - app.py:587 - INFO - 正在下载第 005/012 页...
2026-03-09 04:01:34 - mkk_comic - app.py:587 - INFO - 正在下载第 006/012 页...
2026-03-09 04:01:34 - mkk_comic - app.py:587 - INFO - 正在下载第 007/012 页...
2026-03-09 04:01:34 - mkk_comic - app.py:587 - INFO - 正在下载第 008/012 页...
2026-03-09 04:01:34 - mkk_comic - app.py:587 - INFO - 正在下载第 009/012 页...
2026-03-09 04:01:34 - mkk_comic - app.py:587 - INFO - 正在下载第 010/012 页...
2026-03-09 04:01:34 - mkk_comic - app.py:587 - INFO - 正在下载第 011/012 页...
2026-03-09 04:01:34 - mkk_comic - app.py:587 - INFO - 正在下载第 012/012 页...
2026-03-09 04:01:34 - mkk_comic - app.py:511 - INFO - 下载完成!
2026-03-09 04:01:34 - mkk_comic - app.py:512 - INFO - 成功下载: 12/12 页
2026-03-09 04:01:34 - mkk_comic - app.py:523 - INFO - 章节下载完成，等待 7.5 秒后继续...
2026-03-09 04:01:42 - mkk_comic - app.py:494 - INFO - 正在下载第238章: 第214话    UUID:6f50131f-938c-11f0-8468-fa163e02432f
2026-03-09 04:01:43 - mkk_comic - app.py:502 - INFO - 创建目录: ./out/電鋸人/第214话
2026-03-09 04:01:43 - mkk_comic - app.py:505 - INFO - 开始下载: 電鋸人 - 第214话
2026-03-09 04:01:43 - mkk_comic - app.py:506 - INFO - 总页数: 13
2026-03-09 04:01:43 - mkk_comic - app.py:587 - INFO - 正在下载第 001/013 页...
2026-03-09 04:01:43 - mkk_comic - app.py:587 - INFO - 正在下载第 002/013 页...
2026-03-09 04:01:43 - mkk_comic - app.py:587 - INFO - 正在下载第 003/013 页...
2026-03-09 04:01:43 - mkk_comic - app.py:587 - INFO - 正在下载第 004/013 页...
2026-03-09 04:01:43 - mkk_comic - app.py:587 - INFO - 正在下载第 005/013 页...
2026-03-09 04:01:43 - mkk_comic - app.py:587 - INFO - 正在下载第 006/013 页...
2026-03-09 04:01:43 - mkk_comic - app.py:587 - INFO - 正在下载第 007/013 页...
2026-03-09 04:01:43 - mkk_comic - app.py:587 - INFO - 正在下载第 008/013 页...
2026-03-09 04:01:43 - mkk_comic - app.py:587 - INFO - 正在下载第 009/013 页...
2026-03-09 04:01:43 - mkk_comic - app.py:587 - INFO - 正在下载第 010/013 页...
2026-03-09 04:01:44 - mkk_comic - app.py:587 - INFO - 正在下载第 011/013 页...
2026-03-09 04:01:44 - mkk_comic - app.py:587 - INFO - 正在下载第 012/013 页...
2026-03-09 04:01:44 - mkk_comic - app.py:587 - INFO - 正在下载第 013/013 页...
2026-03-09 04:01:44 - mkk_comic - app.py:511 - INFO - 下载完成!
2026-03-09 04:01:44 - mkk_comic - app.py:512 - INFO - 成功下载: 13/13 页
2026-03-09 04:01:44 - mkk_comic - app.py:523 - INFO - 章节下载完成，等待 6.1 秒后继续...
2026-03-09 04:01:51 - mkk_comic - app.py:494 - INFO - 正在下载第239章: 剧场版特典    UUID:84dbcd55-968e-11f0-9d07-fa163e02432f
2026-03-09 04:01:51 - mkk_comic - app.py:502 - INFO - 创建目录: ./out/電鋸人/剧场版特典
2026-03-09 04:01:51 - mkk_comic - app.py:505 - INFO - 开始下载: 電鋸人 - 剧场版特典
2026-03-09 04:01:51 - mkk_comic - app.py:506 - INFO - 总页数: 2
2026-03-09 04:01:51 - mkk_comic - app.py:587 - INFO - 正在下载第 001/002 页...
2026-03-09 04:01:51 - mkk_comic - app.py:587 - INFO - 正在下载第 002/002 页...
2026-03-09 04:01:51 - mkk_comic - app.py:511 - INFO - 下载完成!
2026-03-09 04:01:51 - mkk_comic - app.py:512 - INFO - 成功下载: 2/2 页
2026-03-09 04:01:51 - mkk_comic - app.py:523 - INFO - 章节下载完成，等待 5.7 秒后继续...
2026-03-09 04:01:58 - mkk_comic - app.py:494 - INFO - 正在下载第240章: 第215话    UUID:bd5ee873-99aa-11f0-900c-fa163e4baef8
2026-03-09 04:01:58 - mkk_comic - app.py:502 - INFO - 创建目录: ./out/電鋸人/第215话
2026-03-09 04:01:58 - mkk_comic - app.py:505 - INFO - 开始下载: 電鋸人 - 第215话
2026-03-09 04:01:58 - mkk_comic - app.py:506 - INFO - 总页数: 14
2026-03-09 04:01:58 - mkk_comic - app.py:587 - INFO - 正在下载第 001/014 页...
2026-03-09 04:01:58 - mkk_comic - app.py:587 - INFO - 正在下载第 002/014 页...
2026-03-09 04:01:58 - mkk_comic - app.py:587 - INFO - 正在下载第 003/014 页...
2026-03-09 04:01:58 - mkk_comic - app.py:587 - INFO - 正在下载第 004/014 页...
2026-03-09 04:01:58 - mkk_comic - app.py:587 - INFO - 正在下载第 005/014 页...
2026-03-09 04:01:59 - mkk_comic - app.py:587 - INFO - 正在下载第 006/014 页...
2026-03-09 04:01:59 - mkk_comic - app.py:587 - INFO - 正在下载第 007/014 页...
2026-03-09 04:01:59 - mkk_comic - app.py:587 - INFO - 正在下载第 008/014 页...
2026-03-09 04:01:59 - mkk_comic - app.py:587 - INFO - 正在下载第 009/014 页...
2026-03-09 04:01:59 - mkk_comic - app.py:587 - INFO - 正在下载第 010/014 页...
2026-03-09 04:01:59 - mkk_comic - app.py:587 - INFO - 正在下载第 011/014 页...
2026-03-09 04:01:59 - mkk_comic - app.py:587 - INFO - 正在下载第 012/014 页...
2026-03-09 04:01:59 - mkk_comic - app.py:587 - INFO - 正在下载第 013/014 页...
2026-03-09 04:01:59 - mkk_comic - app.py:587 - INFO - 正在下载第 014/014 页...
2026-03-09 04:01:59 - mkk_comic - app.py:511 - INFO - 下载完成!
2026-03-09 04:01:59 - mkk_comic - app.py:512 - INFO - 成功下载: 14/14 页
2026-03-09 04:01:59 - mkk_comic - app.py:523 - INFO - 章节下载完成，等待 7.2 秒后继续...
2026-03-09 04:02:07 - mkk_comic - app.py:494 - INFO - 正在下载第241章: 第216话    UUID:df12de18-9f3f-11f0-a2c6-fa163e4baef8
2026-03-09 04:02:08 - mkk_comic - app.py:502 - INFO - 创建目录: ./out/電鋸人/第216话
2026-03-09 04:02:08 - mkk_comic - app.py:505 - INFO - 开始下载: 電鋸人 - 第216话
2026-03-09 04:02:08 - mkk_comic - app.py:506 - INFO - 总页数: 14
2026-03-09 04:02:08 - mkk_comic - app.py:587 - INFO - 正在下载第 001/014 页...
2026-03-09 04:02:08 - mkk_comic - app.py:587 - INFO - 正在下载第 002/014 页...
2026-03-09 04:02:08 - mkk_comic - app.py:587 - INFO - 正在下载第 003/014 页...
2026-03-09 04:02:08 - mkk_comic - app.py:587 - INFO - 正在下载第 004/014 页...
2026-03-09 04:02:08 - mkk_comic - app.py:587 - INFO - 正在下载第 005/014 页...
2026-03-09 04:02:08 - mkk_comic - app.py:587 - INFO - 正在下载第 006/014 页...
2026-03-09 04:02:08 - mkk_comic - app.py:587 - INFO - 正在下载第 007/014 页...
2026-03-09 04:02:08 - mkk_comic - app.py:587 - INFO - 正在下载第 008/014 页...
2026-03-09 04:02:08 - mkk_comic - app.py:587 - INFO - 正在下载第 009/014 页...
2026-03-09 04:02:08 - mkk_comic - app.py:587 - INFO - 正在下载第 010/014 页...
2026-03-09 04:02:08 - mkk_comic - app.py:587 - INFO - 正在下载第 011/014 页...
2026-03-09 04:02:08 - mkk_comic - app.py:587 - INFO - 正在下载第 012/014 页...
2026-03-09 04:02:08 - mkk_comic - app.py:587 - INFO - 正在下载第 013/014 页...
2026-03-09 04:02:08 - mkk_comic - app.py:587 - INFO - 正在下载第 014/014 页...
2026-03-09 04:02:08 - mkk_comic - app.py:511 - INFO - 下载完成!
2026-03-09 04:02:08 - mkk_comic - app.py:512 - INFO - 成功下载: 14/14 页
2026-03-09 04:02:08 - mkk_comic - app.py:523 - INFO - 章节下载完成，等待 8.2 秒后继续...
2026-03-09 04:02:17 - mkk_comic - app.py:494 - INFO - 正在下载第242章: 第217话    UUID:a702b9ea-a98f-11f0-a956-fa163e4baef8
2026-03-09 04:02:18 - mkk_comic - app.py:502 - INFO - 创建目录: ./out/電鋸人/第217话
2026-03-09 04:02:18 - mkk_comic - app.py:505 - INFO - 开始下载: 電鋸人 - 第217话
2026-03-09 04:02:18 - mkk_comic - app.py:506 - INFO - 总页数: 14
2026-03-09 04:02:18 - mkk_comic - app.py:587 - INFO - 正在下载第 001/014 页...
2026-03-09 04:02:18 - mkk_comic - app.py:587 - INFO - 正在下载第 002/014 页...
2026-03-09 04:02:18 - mkk_comic - app.py:587 - INFO - 正在下载第 003/014 页...
2026-03-09 04:02:18 - mkk_comic - app.py:587 - INFO - 正在下载第 004/014 页...
2026-03-09 04:02:18 - mkk_comic - app.py:587 - INFO - 正在下载第 005/014 页...
2026-03-09 04:02:18 - mkk_comic - app.py:587 - INFO - 正在下载第 006/014 页...
2026-03-09 04:02:18 - mkk_comic - app.py:587 - INFO - 正在下载第 007/014 页...
2026-03-09 04:02:18 - mkk_comic - app.py:587 - INFO - 正在下载第 008/014 页...
2026-03-09 04:02:18 - mkk_comic - app.py:587 - INFO - 正在下载第 009/014 页...
2026-03-09 04:02:18 - mkk_comic - app.py:587 - INFO - 正在下载第 010/014 页...
2026-03-09 04:02:18 - mkk_comic - app.py:587 - INFO - 正在下载第 011/014 页...
2026-03-09 04:02:18 - mkk_comic - app.py:587 - INFO - 正在下载第 012/014 页...
2026-03-09 04:02:18 - mkk_comic - app.py:587 - INFO - 正在下载第 013/014 页...
2026-03-09 04:02:18 - mkk_comic - app.py:587 - INFO - 正在下载第 014/014 页...
2026-03-09 04:02:19 - mkk_comic - app.py:511 - INFO - 下载完成!
2026-03-09 04:02:19 - mkk_comic - app.py:512 - INFO - 成功下载: 14/14 页
2026-03-09 04:02:19 - mkk_comic - app.py:523 - INFO - 章节下载完成，等待 7.7 秒后继续...
2026-03-09 04:02:27 - mkk_comic - app.py:494 - INFO - 正在下载第243章: 第218话    UUID:6cd25198-b60f-11f0-b7a9-fa163e4baef8
2026-03-09 04:02:28 - mkk_comic - app.py:502 - INFO - 创建目录: ./out/電鋸人/第218话
2026-03-09 04:02:28 - mkk_comic - app.py:505 - INFO - 开始下载: 電鋸人 - 第218话
2026-03-09 04:02:28 - mkk_comic - app.py:506 - INFO - 总页数: 13
2026-03-09 04:02:28 - mkk_comic - app.py:587 - INFO - 正在下载第 001/013 页...
2026-03-09 04:02:28 - mkk_comic - app.py:587 - INFO - 正在下载第 002/013 页...
2026-03-09 04:02:28 - mkk_comic - app.py:587 - INFO - 正在下载第 003/013 页...
2026-03-09 04:02:28 - mkk_comic - app.py:587 - INFO - 正在下载第 004/013 页...
2026-03-09 04:02:28 - mkk_comic - app.py:587 - INFO - 正在下载第 005/013 页...
2026-03-09 04:02:28 - mkk_comic - app.py:587 - INFO - 正在下载第 006/013 页...
2026-03-09 04:02:28 - mkk_comic - app.py:587 - INFO - 正在下载第 007/013 页...
2026-03-09 04:02:28 - mkk_comic - app.py:587 - INFO - 正在下载第 008/013 页...
2026-03-09 04:02:28 - mkk_comic - app.py:587 - INFO - 正在下载第 009/013 页...
2026-03-09 04:02:28 - mkk_comic - app.py:587 - INFO - 正在下载第 010/013 页...
2026-03-09 04:02:28 - mkk_comic - app.py:587 - INFO - 正在下载第 011/013 页...
2026-03-09 04:02:28 - mkk_comic - app.py:587 - INFO - 正在下载第 012/013 页...
2026-03-09 04:02:28 - mkk_comic - app.py:587 - INFO - 正在下载第 013/013 页...
2026-03-09 04:02:29 - mkk_comic - app.py:511 - INFO - 下载完成!
2026-03-09 04:02:29 - mkk_comic - app.py:512 - INFO - 成功下载: 13/13 页
2026-03-09 04:02:29 - mkk_comic - app.py:523 - INFO - 章节下载完成，等待 9.8 秒后继续...
2026-03-09 04:02:39 - mkk_comic - app.py:494 - INFO - 正在下载第244章: 第219话    UUID:e2491194-b9ea-11f0-8f17-fa163e4baef8
2026-03-09 04:02:40 - mkk_comic - app.py:502 - INFO - 创建目录: ./out/電鋸人/第219话
2026-03-09 04:02:40 - mkk_comic - app.py:505 - INFO - 开始下载: 電鋸人 - 第219话
2026-03-09 04:02:40 - mkk_comic - app.py:506 - INFO - 总页数: 15
2026-03-09 04:02:40 - mkk_comic - app.py:587 - INFO - 正在下载第 001/015 页...
2026-03-09 04:02:40 - mkk_comic - app.py:587 - INFO - 正在下载第 002/015 页...
2026-03-09 04:02:40 - mkk_comic - app.py:587 - INFO - 正在下载第 003/015 页...
2026-03-09 04:02:40 - mkk_comic - app.py:587 - INFO - 正在下载第 004/015 页...
2026-03-09 04:02:40 - mkk_comic - app.py:587 - INFO - 正在下载第 005/015 页...
2026-03-09 04:02:40 - mkk_comic - app.py:587 - INFO - 正在下载第 006/015 页...
2026-03-09 04:02:40 - mkk_comic - app.py:587 - INFO - 正在下载第 007/015 页...
2026-03-09 04:02:40 - mkk_comic - app.py:587 - INFO - 正在下载第 008/015 页...
2026-03-09 04:02:40 - mkk_comic - app.py:587 - INFO - 正在下载第 009/015 页...
2026-03-09 04:02:40 - mkk_comic - app.py:587 - INFO - 正在下载第 010/015 页...
2026-03-09 04:02:40 - mkk_comic - app.py:587 - INFO - 正在下载第 011/015 页...
2026-03-09 04:02:40 - mkk_comic - app.py:587 - INFO - 正在下载第 012/015 页...
2026-03-09 04:02:40 - mkk_comic - app.py:587 - INFO - 正在下载第 013/015 页...
2026-03-09 04:02:40 - mkk_comic - app.py:587 - INFO - 正在下载第 014/015 页...
2026-03-09 04:02:40 - mkk_comic - app.py:587 - INFO - 正在下载第 015/015 页...
2026-03-09 04:02:40 - mkk_comic - app.py:511 - INFO - 下载完成!
2026-03-09 04:02:40 - mkk_comic - app.py:512 - INFO - 成功下载: 15/15 页
2026-03-09 04:02:40 - mkk_comic - app.py:523 - INFO - 章节下载完成，等待 7.5 秒后继续...
2026-03-09 04:02:49 - mkk_comic - app.py:494 - INFO - 正在下载第245章: 第220话    UUID:4b941965-c039-11f0-b25b-fa163e02432f
2026-03-09 04:02:49 - mkk_comic - app.py:502 - INFO - 创建目录: ./out/電鋸人/第220话
2026-03-09 04:02:49 - mkk_comic - app.py:505 - INFO - 开始下载: 電鋸人 - 第220话
2026-03-09 04:02:49 - mkk_comic - app.py:506 - INFO - 总页数: 12
2026-03-09 04:02:49 - mkk_comic - app.py:587 - INFO - 正在下载第 001/012 页...
2026-03-09 04:02:49 - mkk_comic - app.py:587 - INFO - 正在下载第 002/012 页...
2026-03-09 04:02:49 - mkk_comic - app.py:587 - INFO - 正在下载第 003/012 页...
2026-03-09 04:02:49 - mkk_comic - app.py:587 - INFO - 正在下载第 004/012 页...
2026-03-09 04:02:49 - mkk_comic - app.py:587 - INFO - 正在下载第 005/012 页...
2026-03-09 04:02:49 - mkk_comic - app.py:587 - INFO - 正在下载第 006/012 页...
2026-03-09 04:02:49 - mkk_comic - app.py:587 - INFO - 正在下载第 007/012 页...
2026-03-09 04:02:50 - mkk_comic - app.py:587 - INFO - 正在下载第 008/012 页...
2026-03-09 04:02:50 - mkk_comic - app.py:587 - INFO - 正在下载第 009/012 页...
2026-03-09 04:02:50 - mkk_comic - app.py:587 - INFO - 正在下载第 010/012 页...
2026-03-09 04:02:50 - mkk_comic - app.py:587 - INFO - 正在下载第 011/012 页...
2026-03-09 04:02:50 - mkk_comic - app.py:587 - INFO - 正在下载第 012/012 页...
2026-03-09 04:02:50 - mkk_comic - app.py:511 - INFO - 下载完成!
2026-03-09 04:02:50 - mkk_comic - app.py:512 - INFO - 成功下载: 12/12 页
2026-03-09 04:02:50 - mkk_comic - app.py:523 - INFO - 章节下载完成，等待 6.0 秒后继续...
2026-03-09 04:02:57 - mkk_comic - app.py:494 - INFO - 正在下载第246章: 第221话    UUID:a6a0276c-d0bb-11f0-8d76-fa163e4baef8
2026-03-09 04:02:57 - mkk_comic - app.py:502 - INFO - 创建目录: ./out/電鋸人/第221话
2026-03-09 04:02:57 - mkk_comic - app.py:505 - INFO - 开始下载: 電鋸人 - 第221话
2026-03-09 04:02:57 - mkk_comic - app.py:506 - INFO - 总页数: 14
2026-03-09 04:02:57 - mkk_comic - app.py:587 - INFO - 正在下载第 001/014 页...
2026-03-09 04:02:57 - mkk_comic - app.py:587 - INFO - 正在下载第 002/014 页...
2026-03-09 04:02:57 - mkk_comic - app.py:587 - INFO - 正在下载第 003/014 页...
2026-03-09 04:02:57 - mkk_comic - app.py:587 - INFO - 正在下载第 004/014 页...
2026-03-09 04:02:57 - mkk_comic - app.py:587 - INFO - 正在下载第 005/014 页...
2026-03-09 04:02:57 - mkk_comic - app.py:587 - INFO - 正在下载第 006/014 页...
2026-03-09 04:02:58 - mkk_comic - app.py:587 - INFO - 正在下载第 007/014 页...
2026-03-09 04:02:58 - mkk_comic - app.py:587 - INFO - 正在下载第 008/014 页...
2026-03-09 04:02:58 - mkk_comic - app.py:587 - INFO - 正在下载第 009/014 页...
2026-03-09 04:02:58 - mkk_comic - app.py:587 - INFO - 正在下载第 010/014 页...
2026-03-09 04:02:58 - mkk_comic - app.py:587 - INFO - 正在下载第 011/014 页...
2026-03-09 04:02:58 - mkk_comic - app.py:587 - INFO - 正在下载第 012/014 页...
2026-03-09 04:02:58 - mkk_comic - app.py:587 - INFO - 正在下载第 013/014 页...
2026-03-09 04:02:58 - mkk_comic - app.py:587 - INFO - 正在下载第 014/014 页...
2026-03-09 04:02:58 - mkk_comic - app.py:511 - INFO - 下载完成!
2026-03-09 04:02:58 - mkk_comic - app.py:512 - INFO - 成功下载: 14/14 页
2026-03-09 04:02:58 - mkk_comic - app.py:523 - INFO - 章节下载完成，等待 9.3 秒后继续...
2026-03-09 04:03:08 - mkk_comic - app.py:494 - INFO - 正在下载第247章: 第222话    UUID:a9e4e258-d0bb-11f0-8883-fa163e4baef8
2026-03-09 04:03:09 - mkk_comic - app.py:502 - INFO - 创建目录: ./out/電鋸人/第222话
2026-03-09 04:03:09 - mkk_comic - app.py:505 - INFO - 开始下载: 電鋸人 - 第222话
2026-03-09 04:03:09 - mkk_comic - app.py:506 - INFO - 总页数: 15
2026-03-09 04:03:09 - mkk_comic - app.py:587 - INFO - 正在下载第 001/015 页...
2026-03-09 04:03:09 - mkk_comic - app.py:587 - INFO - 正在下载第 002/015 页...
2026-03-09 04:03:09 - mkk_comic - app.py:587 - INFO - 正在下载第 003/015 页...
2026-03-09 04:03:09 - mkk_comic - app.py:587 - INFO - 正在下载第 004/015 页...
2026-03-09 04:03:09 - mkk_comic - app.py:587 - INFO - 正在下载第 005/015 页...
2026-03-09 04:03:09 - mkk_comic - app.py:587 - INFO - 正在下载第 006/015 页...
2026-03-09 04:03:09 - mkk_comic - app.py:587 - INFO - 正在下载第 007/015 页...
2026-03-09 04:03:09 - mkk_comic - app.py:587 - INFO - 正在下载第 008/015 页...
2026-03-09 04:03:09 - mkk_comic - app.py:587 - INFO - 正在下载第 009/015 页...
2026-03-09 04:03:09 - mkk_comic - app.py:587 - INFO - 正在下载第 010/015 页...
2026-03-09 04:03:09 - mkk_comic - app.py:587 - INFO - 正在下载第 011/015 页...
2026-03-09 04:03:09 - mkk_comic - app.py:587 - INFO - 正在下载第 012/015 页...
2026-03-09 04:03:09 - mkk_comic - app.py:587 - INFO - 正在下载第 013/015 页...
2026-03-09 04:03:09 - mkk_comic - app.py:587 - INFO - 正在下载第 014/015 页...
2026-03-09 04:03:09 - mkk_comic - app.py:587 - INFO - 正在下载第 015/015 页...
2026-03-09 04:03:09 - mkk_comic - app.py:511 - INFO - 下载完成!
2026-03-09 04:03:09 - mkk_comic - app.py:512 - INFO - 成功下载: 15/15 页
2026-03-09 04:03:09 - mkk_comic - app.py:523 - INFO - 章节下载完成，等待 6.0 秒后继续...
2026-03-09 04:03:16 - mkk_comic - app.py:494 - INFO - 正在下载第248章: 第3次人气投票结果&冠军番外篇    UUID:902cd112-d0d4-11f0-967f-fa163e4baef8
2026-03-09 04:03:17 - mkk_comic - app.py:502 - INFO - 创建目录: ./out/電鋸人/第3次人气投票结果&冠军番外篇
2026-03-09 04:03:17 - mkk_comic - app.py:505 - INFO - 开始下载: 電鋸人 - 第3次人气投票结果&冠军番外篇
2026-03-09 04:03:17 - mkk_comic - app.py:506 - INFO - 总页数: 5
2026-03-09 04:03:17 - mkk_comic - app.py:587 - INFO - 正在下载第 001/005 页...
2026-03-09 04:03:17 - mkk_comic - app.py:587 - INFO - 正在下载第 002/005 页...
2026-03-09 04:03:17 - mkk_comic - app.py:587 - INFO - 正在下载第 003/005 页...
2026-03-09 04:03:17 - mkk_comic - app.py:587 - INFO - 正在下载第 004/005 页...
2026-03-09 04:03:17 - mkk_comic - app.py:587 - INFO - 正在下载第 005/005 页...
2026-03-09 04:03:18 - mkk_comic - app.py:511 - INFO - 下载完成!
2026-03-09 04:03:18 - mkk_comic - app.py:512 - INFO - 成功下载: 5/5 页
2026-03-09 04:03:18 - mkk_comic - app.py:523 - INFO - 章节下载完成，等待 9.6 秒后继续...
2026-03-09 04:03:28 - mkk_comic - app.py:494 - INFO - 正在下载第249章: 第223话    UUID:6b7b1a66-dbc2-11f0-9f1e-fa163e4baef8
2026-03-09 04:03:29 - mkk_comic - app.py:502 - INFO - 创建目录: ./out/電鋸人/第223话
2026-03-09 04:03:29 - mkk_comic - app.py:505 - INFO - 开始下载: 電鋸人 - 第223话
2026-03-09 04:03:29 - mkk_comic - app.py:506 - INFO - 总页数: 15
2026-03-09 04:03:29 - mkk_comic - app.py:587 - INFO - 正在下载第 001/015 页...
2026-03-09 04:03:29 - mkk_comic - app.py:587 - INFO - 正在下载第 002/015 页...
2026-03-09 04:03:29 - mkk_comic - app.py:587 - INFO - 正在下载第 003/015 页...
2026-03-09 04:03:29 - mkk_comic - app.py:587 - INFO - 正在下载第 004/015 页...
2026-03-09 04:03:29 - mkk_comic - app.py:587 - INFO - 正在下载第 005/015 页...
2026-03-09 04:03:29 - mkk_comic - app.py:587 - INFO - 正在下载第 006/015 页...
2026-03-09 04:03:29 - mkk_comic - app.py:587 - INFO - 正在下载第 007/015 页...
2026-03-09 04:03:29 - mkk_comic - app.py:587 - INFO - 正在下载第 008/015 页...
2026-03-09 04:03:29 - mkk_comic - app.py:587 - INFO - 正在下载第 009/015 页...
2026-03-09 04:03:29 - mkk_comic - app.py:587 - INFO - 正在下载第 010/015 页...
2026-03-09 04:03:29 - mkk_comic - app.py:587 - INFO - 正在下载第 011/015 页...
2026-03-09 04:03:29 - mkk_comic - app.py:587 - INFO - 正在下载第 012/015 页...
2026-03-09 04:03:29 - mkk_comic - app.py:587 - INFO - 正在下载第 013/015 页...
2026-03-09 04:03:29 - mkk_comic - app.py:587 - INFO - 正在下载第 014/015 页...
2026-03-09 04:03:29 - mkk_comic - app.py:587 - INFO - 正在下载第 015/015 页...
2026-03-09 04:03:29 - mkk_comic - app.py:511 - INFO - 下载完成!
2026-03-09 04:03:29 - mkk_comic - app.py:512 - INFO - 成功下载: 15/15 页
2026-03-09 04:03:29 - mkk_comic - app.py:523 - INFO - 章节下载完成，等待 6.6 秒后继续...
2026-03-09 04:03:36 - mkk_comic - app.py:863 - INFO - ===== 检查更新完成 =====

