2026-03-28 04:01:54 - mkk_comic - app.py:868 - INFO - 运行环境：GitHub Actions（自动化模式）
2026-03-28 04:01:54 - mkk_comic - app.py:825 - INFO - ===== 开始检查更新=====
2026-03-28 04:01:54 - mkk_comic - app.py:843 - INFO - 【海贼王】上次下载至第381章
2026-03-28 04:01:55 - mkk_comic - app.py:850 - INFO - 【海贼王】检测到更新！最新：382章
2026-03-28 04:01:55 - mkk_comic - app.py:853 - INFO - 【海贼王】最大下载限制为10章-需下载382~382章）
2026-03-28 04:01:56 - mkk_comic - app.py:494 - INFO - 正在下载第382章: 第1177话    UUID:8734ac0f-29ac-11f1-83a6-fa163e02432f
2026-03-28 04:01:56 - mkk_comic - app.py:502 - INFO - 创建目录: ./out/海贼王/第1177话
2026-03-28 04:01:56 - mkk_comic - app.py:505 - INFO - 开始下载: 海贼王 - 第1177话
2026-03-28 04:01:56 - mkk_comic - app.py:506 - INFO - 总页数: 16
2026-03-28 04:01:56 - mkk_comic - app.py:587 - INFO - 正在下载第 001/016 页...
2026-03-28 04:01:56 - mkk_comic - app.py:587 - INFO - 正在下载第 002/016 页...
2026-03-28 04:01:56 - mkk_comic - app.py:587 - INFO - 正在下载第 003/016 页...
2026-03-28 04:01:56 - mkk_comic - app.py:587 - INFO - 正在下载第 004/016 页...
2026-03-28 04:01:56 - mkk_comic - app.py:587 - INFO - 正在下载第 005/016 页...
2026-03-28 04:01:57 - mkk_comic - app.py:587 - INFO - 正在下载第 006/016 页...
2026-03-28 04:01:57 - mkk_comic - app.py:587 - INFO - 正在下载第 007/016 页...
2026-03-28 04:01:57 - mkk_comic - app.py:587 - INFO - 正在下载第 008/016 页...
2026-03-28 04:01:57 - mkk_comic - app.py:587 - INFO - 正在下载第 009/016 页...
2026-03-28 04:01:57 - mkk_comic - app.py:587 - INFO - 正在下载第 010/016 页...
2026-03-28 04:01:57 - mkk_comic - app.py:587 - INFO - 正在下载第 011/016 页...
2026-03-28 04:01:57 - mkk_comic - app.py:587 - INFO - 正在下载第 012/016 页...
2026-03-28 04:01:57 - mkk_comic - app.py:587 - INFO - 正在下载第 013/016 页...
2026-03-28 04:01:57 - mkk_comic - app.py:587 - INFO - 正在下载第 014/016 页...
2026-03-28 04:01:57 - mkk_comic - app.py:587 - INFO - 正在下载第 015/016 页...
2026-03-28 04:01:57 - mkk_comic - app.py:587 - INFO - 正在下载第 016/016 页...
2026-03-28 04:01:57 - mkk_comic - app.py:511 - INFO - 下载完成!
2026-03-28 04:01:57 - mkk_comic - app.py:512 - INFO - 成功下载: 16/16 页
2026-03-28 04:01:57 - mkk_comic - app.py:523 - INFO - 章节下载完成，等待 7.5 秒后继续...
2026-03-28 04:02:04 - mkk_comic - app.py:843 - INFO - 【电锯人】上次下载至第258章
2026-03-28 04:02:05 - mkk_comic - app.py:846 - INFO - 该漫画更新至258章，不需要更新
2026-03-28 04:02:05 - mkk_comic - app.py:863 - INFO - ===== 检查更新完成 =====

