2026-03-01 04:05:59 - mkk_comic - app.py:863 - INFO - 运行环境：GitHub Actions（自动化模式）
2026-03-01 04:05:59 - mkk_comic - app.py:820 - INFO - ===== 开始检查更新=====
2026-03-01 04:06:00 - mkk_comic - app.py:838 - INFO - 【海贼王】上次下载至第94章
2026-03-01 04:06:00 - mkk_comic - app.py:845 - INFO - 【海贼王】检测到更新！最新：379章
2026-03-01 04:06:00 - mkk_comic - app.py:848 - INFO - 【海贼王】最大下载限制为5章-需下载95~99章）
2026-03-01 04:06:01 - mkk_comic - app.py:494 - INFO - 正在下载第95章: 95卷    UUID:c36feca4-135f-11ef-87bd-3f487b7d9a9a
2026-03-01 04:06:02 - mkk_comic - app.py:502 - INFO - 创建目录: ./out/海贼王/95卷
2026-03-01 04:06:02 - mkk_comic - app.py:505 - INFO - 开始下载: 海贼王 - 95卷
2026-03-01 04:06:02 - mkk_comic - app.py:506 - INFO - 总页数: 204
2026-03-01 04:06:02 - mkk_comic - app.py:582 - INFO - 正在下载第 001/204 页...
2026-03-01 04:06:02 - mkk_comic - app.py:582 - INFO - 正在下载第 002/204 页...
2026-03-01 04:06:02 - mkk_comic - app.py:582 - INFO - 正在下载第 003/204 页...
2026-03-01 04:06:02 - mkk_comic - app.py:582 - INFO - 正在下载第 004/204 页...
2026-03-01 04:06:02 - mkk_comic - app.py:582 - INFO - 正在下载第 005/204 页...
2026-03-01 04:06:02 - mkk_comic - app.py:582 - INFO - 正在下载第 006/204 页...
2026-03-01 04:06:02 - mkk_comic - app.py:582 - INFO - 正在下载第 007/204 页...
2026-03-01 04:06:02 - mkk_comic - app.py:582 - INFO - 正在下载第 008/204 页...
2026-03-01 04:06:02 - mkk_comic - app.py:582 - INFO - 正在下载第 009/204 页...
2026-03-01 04:06:02 - mkk_comic - app.py:582 - INFO - 正在下载第 010/204 页...
2026-03-01 04:06:02 - mkk_comic - app.py:582 - INFO - 正在下载第 011/204 页...
2026-03-01 04:06:02 - mkk_comic - app.py:582 - INFO - 正在下载第 012/204 页...
2026-03-01 04:06:02 - mkk_comic - app.py:582 - INFO - 正在下载第 013/204 页...
2026-03-01 04:06:02 - mkk_comic - app.py:582 - INFO - 正在下载第 014/204 页...
2026-03-01 04:06:02 - mkk_comic - app.py:582 - INFO - 正在下载第 015/204 页...
2026-03-01 04:06:02 - mkk_comic - app.py:582 - INFO - 正在下载第 016/204 页...
2026-03-01 04:06:02 - mkk_comic - app.py:582 - INFO - 正在下载第 017/204 页...
2026-03-01 04:06:02 - mkk_comic - app.py:582 - INFO - 正在下载第 018/204 页...
2026-03-01 04:06:02 - mkk_comic - app.py:582 - INFO - 正在下载第 019/204 页...
2026-03-01 04:06:02 - mkk_comic - app.py:582 - INFO - 正在下载第 020/204 页...
2026-03-01 04:06:02 - mkk_comic - app.py:582 - INFO - 正在下载第 021/204 页...
2026-03-01 04:06:02 - mkk_comic - app.py:582 - INFO - 正在下载第 022/204 页...
2026-03-01 04:06:02 - mkk_comic - app.py:582 - INFO - 正在下载第 023/204 页...
2026-03-01 04:06:02 - mkk_comic - app.py:582 - INFO - 正在下载第 024/204 页...
2026-03-01 04:06:02 - mkk_comic - app.py:582 - INFO - 正在下载第 025/204 页...
2026-03-01 04:06:02 - mkk_comic - app.py:582 - INFO - 正在下载第 026/204 页...
2026-03-01 04:06:02 - mkk_comic - app.py:582 - INFO - 正在下载第 027/204 页...
2026-03-01 04:06:02 - mkk_comic - app.py:582 - INFO - 正在下载第 028/204 页...
2026-03-01 04:06:02 - mkk_comic - app.py:582 - INFO - 正在下载第 029/204 页...
2026-03-01 04:06:02 - mkk_comic - app.py:582 - INFO - 正在下载第 030/204 页...
2026-03-01 04:06:02 - mkk_comic - app.py:582 - INFO - 正在下载第 031/204 页...
2026-03-01 04:06:02 - mkk_comic - app.py:582 - INFO - 正在下载第 032/204 页...
2026-03-01 04:06:02 - mkk_comic - app.py:582 - INFO - 正在下载第 033/204 页...
2026-03-01 04:06:02 - mkk_comic - app.py:582 - INFO - 正在下载第 034/204 页...
2026-03-01 04:06:03 - mkk_comic - app.py:582 - INFO - 正在下载第 035/204 页...
2026-03-01 04:06:03 - mkk_comic - app.py:582 - INFO - 正在下载第 036/204 页...
2026-03-01 04:06:03 - mkk_comic - app.py:582 - INFO - 正在下载第 037/204 页...
2026-03-01 04:06:03 - mkk_comic - app.py:582 - INFO - 正在下载第 038/204 页...
2026-03-01 04:06:03 - mkk_comic - app.py:582 - INFO - 正在下载第 039/204 页...
2026-03-01 04:06:03 - mkk_comic - app.py:582 - INFO - 正在下载第 040/204 页...
2026-03-01 04:06:03 - mkk_comic - app.py:582 - INFO - 正在下载第 041/204 页...
2026-03-01 04:06:03 - mkk_comic - app.py:582 - INFO - 正在下载第 042/204 页...
2026-03-01 04:06:03 - mkk_comic - app.py:582 - INFO - 正在下载第 043/204 页...
2026-03-01 04:06:03 - mkk_comic - app.py:582 - INFO - 正在下载第 044/204 页...
2026-03-01 04:06:03 - mkk_comic - app.py:582 - INFO - 正在下载第 045/204 页...
2026-03-01 04:06:03 - mkk_comic - app.py:582 - INFO - 正在下载第 046/204 页...
2026-03-01 04:06:03 - mkk_comic - app.py:582 - INFO - 正在下载第 047/204 页...
2026-03-01 04:06:03 - mkk_comic - app.py:582 - INFO - 正在下载第 048/204 页...
2026-03-01 04:06:03 - mkk_comic - app.py:582 - INFO - 正在下载第 049/204 页...
2026-03-01 04:06:03 - mkk_comic - app.py:582 - INFO - 正在下载第 050/204 页...
2026-03-01 04:06:03 - mkk_comic - app.py:582 - INFO - 正在下载第 051/204 页...
2026-03-01 04:06:03 - mkk_comic - app.py:582 - INFO - 正在下载第 052/204 页...
2026-03-01 04:06:03 - mkk_comic - app.py:582 - INFO - 正在下载第 053/204 页...
2026-03-01 04:06:03 - mkk_comic - app.py:582 - INFO - 正在下载第 054/204 页...
2026-03-01 04:06:03 - mkk_comic - app.py:582 - INFO - 正在下载第 055/204 页...
2026-03-01 04:06:03 - mkk_comic - app.py:582 - INFO - 正在下载第 056/204 页...
2026-03-01 04:06:03 - mkk_comic - app.py:582 - INFO - 正在下载第 057/204 页...
2026-03-01 04:06:03 - mkk_comic - app.py:582 - INFO - 正在下载第 058/204 页...
2026-03-01 04:06:03 - mkk_comic - app.py:582 - INFO - 正在下载第 059/204 页...
2026-03-01 04:06:03 - mkk_comic - app.py:582 - INFO - 正在下载第 060/204 页...
2026-03-01 04:06:03 - mkk_comic - app.py:582 - INFO - 正在下载第 061/204 页...
2026-03-01 04:06:03 - mkk_comic - app.py:582 - INFO - 正在下载第 062/204 页...
2026-03-01 04:06:03 - mkk_comic - app.py:582 - INFO - 正在下载第 063/204 页...
2026-03-01 04:06:03 - mkk_comic - app.py:582 - INFO - 正在下载第 064/204 页...
2026-03-01 04:06:03 - mkk_comic - app.py:582 - INFO - 正在下载第 065/204 页...
2026-03-01 04:06:03 - mkk_comic - app.py:582 - INFO - 正在下载第 066/204 页...
2026-03-01 04:06:03 - mkk_comic - app.py:582 - INFO - 正在下载第 067/204 页...
2026-03-01 04:06:03 - mkk_comic - app.py:582 - INFO - 正在下载第 068/204 页...
2026-03-01 04:06:03 - mkk_comic - app.py:582 - INFO - 正在下载第 069/204 页...
2026-03-01 04:06:03 - mkk_comic - app.py:582 - INFO - 正在下载第 070/204 页...
2026-03-01 04:06:03 - mkk_comic - app.py:582 - INFO - 正在下载第 071/204 页...
2026-03-01 04:06:03 - mkk_comic - app.py:582 - INFO - 正在下载第 072/204 页...
2026-03-01 04:06:03 - mkk_comic - app.py:582 - INFO - 正在下载第 073/204 页...
2026-03-01 04:06:04 - mkk_comic - app.py:582 - INFO - 正在下载第 074/204 页...
2026-03-01 04:06:04 - mkk_comic - app.py:582 - INFO - 正在下载第 075/204 页...
2026-03-01 04:06:04 - mkk_comic - app.py:582 - INFO - 正在下载第 076/204 页...
2026-03-01 04:06:04 - mkk_comic - app.py:582 - INFO - 正在下载第 077/204 页...
2026-03-01 04:06:04 - mkk_comic - app.py:582 - INFO - 正在下载第 078/204 页...
2026-03-01 04:06:04 - mkk_comic - app.py:582 - INFO - 正在下载第 079/204 页...
2026-03-01 04:06:04 - mkk_comic - app.py:582 - INFO - 正在下载第 080/204 页...
2026-03-01 04:06:04 - mkk_comic - app.py:582 - INFO - 正在下载第 081/204 页...
2026-03-01 04:06:04 - mkk_comic - app.py:582 - INFO - 正在下载第 082/204 页...
2026-03-01 04:06:04 - mkk_comic - app.py:582 - INFO - 正在下载第 083/204 页...
2026-03-01 04:06:04 - mkk_comic - app.py:582 - INFO - 正在下载第 084/204 页...
2026-03-01 04:06:04 - mkk_comic - app.py:582 - INFO - 正在下载第 085/204 页...
2026-03-01 04:06:04 - mkk_comic - app.py:582 - INFO - 正在下载第 086/204 页...
2026-03-01 04:06:04 - mkk_comic - app.py:582 - INFO - 正在下载第 087/204 页...
2026-03-01 04:06:04 - mkk_comic - app.py:582 - INFO - 正在下载第 088/204 页...
2026-03-01 04:06:04 - mkk_comic - app.py:582 - INFO - 正在下载第 089/204 页...
2026-03-01 04:06:04 - mkk_comic - app.py:582 - INFO - 正在下载第 090/204 页...
2026-03-01 04:06:04 - mkk_comic - app.py:582 - INFO - 正在下载第 091/204 页...
2026-03-01 04:06:04 - mkk_comic - app.py:582 - INFO - 正在下载第 092/204 页...
2026-03-01 04:06:04 - mkk_comic - app.py:582 - INFO - 正在下载第 093/204 页...
2026-03-01 04:06:04 - mkk_comic - app.py:582 - INFO - 正在下载第 094/204 页...
2026-03-01 04:06:04 - mkk_comic - app.py:582 - INFO - 正在下载第 095/204 页...
2026-03-01 04:06:04 - mkk_comic - app.py:582 - INFO - 正在下载第 096/204 页...
2026-03-01 04:06:04 - mkk_comic - app.py:582 - INFO - 正在下载第 097/204 页...
2026-03-01 04:06:04 - mkk_comic - app.py:582 - INFO - 正在下载第 098/204 页...
2026-03-01 04:06:04 - mkk_comic - app.py:582 - INFO - 正在下载第 099/204 页...
2026-03-01 04:06:04 - mkk_comic - app.py:582 - INFO - 正在下载第 100/204 页...
2026-03-01 04:06:04 - mkk_comic - app.py:582 - INFO - 正在下载第 101/204 页...
2026-03-01 04:06:04 - mkk_comic - app.py:582 - INFO - 正在下载第 102/204 页...
2026-03-01 04:06:04 - mkk_comic - app.py:582 - INFO - 正在下载第 103/204 页...
2026-03-01 04:06:04 - mkk_comic - app.py:582 - INFO - 正在下载第 104/204 页...
2026-03-01 04:06:04 - mkk_comic - app.py:582 - INFO - 正在下载第 105/204 页...
2026-03-01 04:06:04 - mkk_comic - app.py:582 - INFO - 正在下载第 106/204 页...
2026-03-01 04:06:05 - mkk_comic - app.py:582 - INFO - 正在下载第 107/204 页...
2026-03-01 04:06:05 - mkk_comic - app.py:582 - INFO - 正在下载第 108/204 页...
2026-03-01 04:06:05 - mkk_comic - app.py:582 - INFO - 正在下载第 109/204 页...
2026-03-01 04:06:05 - mkk_comic - app.py:582 - INFO - 正在下载第 110/204 页...
2026-03-01 04:06:05 - mkk_comic - app.py:582 - INFO - 正在下载第 111/204 页...
2026-03-01 04:06:05 - mkk_comic - app.py:582 - INFO - 正在下载第 112/204 页...
2026-03-01 04:06:05 - mkk_comic - app.py:582 - INFO - 正在下载第 113/204 页...
2026-03-01 04:06:05 - mkk_comic - app.py:582 - INFO - 正在下载第 114/204 页...
2026-03-01 04:06:05 - mkk_comic - app.py:582 - INFO - 正在下载第 115/204 页...
2026-03-01 04:06:05 - mkk_comic - app.py:582 - INFO - 正在下载第 116/204 页...
2026-03-01 04:06:05 - mkk_comic - app.py:582 - INFO - 正在下载第 117/204 页...
2026-03-01 04:06:05 - mkk_comic - app.py:582 - INFO - 正在下载第 118/204 页...
2026-03-01 04:06:05 - mkk_comic - app.py:582 - INFO - 正在下载第 119/204 页...
2026-03-01 04:06:05 - mkk_comic - app.py:582 - INFO - 正在下载第 120/204 页...
2026-03-01 04:06:05 - mkk_comic - app.py:582 - INFO - 正在下载第 121/204 页...
2026-03-01 04:06:05 - mkk_comic - app.py:582 - INFO - 正在下载第 122/204 页...
2026-03-01 04:06:05 - mkk_comic - app.py:582 - INFO - 正在下载第 123/204 页...
2026-03-01 04:06:05 - mkk_comic - app.py:582 - INFO - 正在下载第 124/204 页...
2026-03-01 04:06:05 - mkk_comic - app.py:582 - INFO - 正在下载第 125/204 页...
2026-03-01 04:06:05 - mkk_comic - app.py:582 - INFO - 正在下载第 126/204 页...
2026-03-01 04:06:05 - mkk_comic - app.py:582 - INFO - 正在下载第 127/204 页...
2026-03-01 04:06:05 - mkk_comic - app.py:582 - INFO - 正在下载第 128/204 页...
2026-03-01 04:06:05 - mkk_comic - app.py:582 - INFO - 正在下载第 129/204 页...
2026-03-01 04:06:05 - mkk_comic - app.py:582 - INFO - 正在下载第 130/204 页...
2026-03-01 04:06:05 - mkk_comic - app.py:582 - INFO - 正在下载第 131/204 页...
2026-03-01 04:06:05 - mkk_comic - app.py:582 - INFO - 正在下载第 132/204 页...
2026-03-01 04:06:05 - mkk_comic - app.py:582 - INFO - 正在下载第 133/204 页...
2026-03-01 04:06:05 - mkk_comic - app.py:582 - INFO - 正在下载第 134/204 页...
2026-03-01 04:06:05 - mkk_comic - app.py:582 - INFO - 正在下载第 135/204 页...
2026-03-01 04:06:05 - mkk_comic - app.py:582 - INFO - 正在下载第 136/204 页...
2026-03-01 04:06:05 - mkk_comic - app.py:582 - INFO - 正在下载第 137/204 页...
2026-03-01 04:06:05 - mkk_comic - app.py:582 - INFO - 正在下载第 138/204 页...
2026-03-01 04:06:05 - mkk_comic - app.py:582 - INFO - 正在下载第 139/204 页...
2026-03-01 04:06:05 - mkk_comic - app.py:582 - INFO - 正在下载第 140/204 页...
2026-03-01 04:06:06 - mkk_comic - app.py:582 - INFO - 正在下载第 141/204 页...
2026-03-01 04:06:06 - mkk_comic - app.py:582 - INFO - 正在下载第 142/204 页...
2026-03-01 04:06:06 - mkk_comic - app.py:582 - INFO - 正在下载第 143/204 页...
2026-03-01 04:06:06 - mkk_comic - app.py:582 - INFO - 正在下载第 144/204 页...
2026-03-01 04:06:06 - mkk_comic - app.py:582 - INFO - 正在下载第 145/204 页...
2026-03-01 04:06:06 - mkk_comic - app.py:582 - INFO - 正在下载第 146/204 页...
2026-03-01 04:06:06 - mkk_comic - app.py:582 - INFO - 正在下载第 147/204 页...
2026-03-01 04:06:06 - mkk_comic - app.py:582 - INFO - 正在下载第 148/204 页...
2026-03-01 04:06:06 - mkk_comic - app.py:582 - INFO - 正在下载第 149/204 页...
2026-03-01 04:06:06 - mkk_comic - app.py:582 - INFO - 正在下载第 150/204 页...
2026-03-01 04:06:06 - mkk_comic - app.py:582 - INFO - 正在下载第 151/204 页...
2026-03-01 04:06:06 - mkk_comic - app.py:582 - INFO - 正在下载第 152/204 页...
2026-03-01 04:06:06 - mkk_comic - app.py:582 - INFO - 正在下载第 153/204 页...
2026-03-01 04:06:06 - mkk_comic - app.py:582 - INFO - 正在下载第 154/204 页...
2026-03-01 04:06:06 - mkk_comic - app.py:582 - INFO - 正在下载第 155/204 页...
2026-03-01 04:06:06 - mkk_comic - app.py:582 - INFO - 正在下载第 156/204 页...
2026-03-01 04:06:06 - mkk_comic - app.py:582 - INFO - 正在下载第 157/204 页...
2026-03-01 04:06:06 - mkk_comic - app.py:582 - INFO - 正在下载第 158/204 页...
2026-03-01 04:06:06 - mkk_comic - app.py:582 - INFO - 正在下载第 159/204 页...
2026-03-01 04:06:06 - mkk_comic - app.py:582 - INFO - 正在下载第 160/204 页...
2026-03-01 04:06:06 - mkk_comic - app.py:582 - INFO - 正在下载第 161/204 页...
2026-03-01 04:06:06 - mkk_comic - app.py:582 - INFO - 正在下载第 162/204 页...
2026-03-01 04:06:06 - mkk_comic - app.py:582 - INFO - 正在下载第 163/204 页...
2026-03-01 04:06:06 - mkk_comic - app.py:582 - INFO - 正在下载第 164/204 页...
2026-03-01 04:06:06 - mkk_comic - app.py:582 - INFO - 正在下载第 165/204 页...
2026-03-01 04:06:06 - mkk_comic - app.py:582 - INFO - 正在下载第 166/204 页...
2026-03-01 04:06:06 - mkk_comic - app.py:582 - INFO - 正在下载第 167/204 页...
2026-03-01 04:06:06 - mkk_comic - app.py:582 - INFO - 正在下载第 168/204 页...
2026-03-01 04:06:06 - mkk_comic - app.py:582 - INFO - 正在下载第 169/204 页...
2026-03-01 04:06:06 - mkk_comic - app.py:582 - INFO - 正在下载第 170/204 页...
2026-03-01 04:06:06 - mkk_comic - app.py:582 - INFO - 正在下载第 171/204 页...
2026-03-01 04:06:07 - mkk_comic - app.py:582 - INFO - 正在下载第 172/204 页...
2026-03-01 04:06:07 - mkk_comic - app.py:582 - INFO - 正在下载第 173/204 页...
2026-03-01 04:06:07 - mkk_comic - app.py:582 - INFO - 正在下载第 174/204 页...
2026-03-01 04:06:07 - mkk_comic - app.py:582 - INFO - 正在下载第 175/204 页...
2026-03-01 04:06:07 - mkk_comic - app.py:582 - INFO - 正在下载第 176/204 页...
2026-03-01 04:06:07 - mkk_comic - app.py:582 - INFO - 正在下载第 177/204 页...
2026-03-01 04:06:07 - mkk_comic - app.py:582 - INFO - 正在下载第 178/204 页...
2026-03-01 04:06:07 - mkk_comic - app.py:582 - INFO - 正在下载第 179/204 页...
2026-03-01 04:06:07 - mkk_comic - app.py:582 - INFO - 正在下载第 180/204 页...
2026-03-01 04:06:07 - mkk_comic - app.py:582 - INFO - 正在下载第 181/204 页...
2026-03-01 04:06:07 - mkk_comic - app.py:582 - INFO - 正在下载第 182/204 页...
2026-03-01 04:06:07 - mkk_comic - app.py:582 - INFO - 正在下载第 183/204 页...
2026-03-01 04:06:07 - mkk_comic - app.py:582 - INFO - 正在下载第 184/204 页...
2026-03-01 04:06:07 - mkk_comic - app.py:582 - INFO - 正在下载第 185/204 页...
2026-03-01 04:06:07 - mkk_comic - app.py:582 - INFO - 正在下载第 186/204 页...
2026-03-01 04:06:07 - mkk_comic - app.py:582 - INFO - 正在下载第 187/204 页...
2026-03-01 04:06:07 - mkk_comic - app.py:582 - INFO - 正在下载第 188/204 页...
2026-03-01 04:06:07 - mkk_comic - app.py:582 - INFO - 正在下载第 189/204 页...
2026-03-01 04:06:07 - mkk_comic - app.py:582 - INFO - 正在下载第 190/204 页...
2026-03-01 04:06:07 - mkk_comic - app.py:582 - INFO - 正在下载第 191/204 页...
2026-03-01 04:06:07 - mkk_comic - app.py:582 - INFO - 正在下载第 192/204 页...
2026-03-01 04:06:07 - mkk_comic - app.py:582 - INFO - 正在下载第 193/204 页...
2026-03-01 04:06:07 - mkk_comic - app.py:582 - INFO - 正在下载第 194/204 页...
2026-03-01 04:06:07 - mkk_comic - app.py:582 - INFO - 正在下载第 195/204 页...
2026-03-01 04:06:07 - mkk_comic - app.py:582 - INFO - 正在下载第 196/204 页...
2026-03-01 04:06:07 - mkk_comic - app.py:582 - INFO - 正在下载第 197/204 页...
2026-03-01 04:06:07 - mkk_comic - app.py:582 - INFO - 正在下载第 198/204 页...
2026-03-01 04:06:07 - mkk_comic - app.py:582 - INFO - 正在下载第 199/204 页...
2026-03-01 04:06:07 - mkk_comic - app.py:582 - INFO - 正在下载第 200/204 页...
2026-03-01 04:06:07 - mkk_comic - app.py:582 - INFO - 正在下载第 201/204 页...
2026-03-01 04:06:07 - mkk_comic - app.py:582 - INFO - 正在下载第 202/204 页...
2026-03-01 04:06:07 - mkk_comic - app.py:582 - INFO - 正在下载第 203/204 页...
2026-03-01 04:06:07 - mkk_comic - app.py:582 - INFO - 正在下载第 204/204 页...
2026-03-01 04:06:08 - mkk_comic - app.py:511 - INFO - 下载完成!
2026-03-01 04:06:08 - mkk_comic - app.py:512 - INFO - 成功下载: 204/204 页
2026-03-01 04:06:09 - mkk_comic - app.py:494 - INFO - 正在下载第96章: 96卷    UUID:805fd70d-1360-11ef-87bf-3f487b7d9a9a
2026-03-01 04:06:10 - mkk_comic - app.py:502 - INFO - 创建目录: ./out/海贼王/96卷
2026-03-01 04:06:10 - mkk_comic - app.py:505 - INFO - 开始下载: 海贼王 - 96卷
2026-03-01 04:06:10 - mkk_comic - app.py:506 - INFO - 总页数: 196
2026-03-01 04:06:10 - mkk_comic - app.py:582 - INFO - 正在下载第 001/196 页...
2026-03-01 04:06:10 - mkk_comic - app.py:582 - INFO - 正在下载第 002/196 页...
2026-03-01 04:06:10 - mkk_comic - app.py:582 - INFO - 正在下载第 003/196 页...
2026-03-01 04:06:10 - mkk_comic - app.py:582 - INFO - 正在下载第 004/196 页...
2026-03-01 04:06:10 - mkk_comic - app.py:582 - INFO - 正在下载第 005/196 页...
2026-03-01 04:06:10 - mkk_comic - app.py:582 - INFO - 正在下载第 006/196 页...
2026-03-01 04:06:10 - mkk_comic - app.py:582 - INFO - 正在下载第 007/196 页...
2026-03-01 04:06:10 - mkk_comic - app.py:582 - INFO - 正在下载第 008/196 页...
2026-03-01 04:06:10 - mkk_comic - app.py:582 - INFO - 正在下载第 009/196 页...
2026-03-01 04:06:10 - mkk_comic - app.py:582 - INFO - 正在下载第 010/196 页...
2026-03-01 04:06:10 - mkk_comic - app.py:582 - INFO - 正在下载第 011/196 页...
2026-03-01 04:06:10 - mkk_comic - app.py:582 - INFO - 正在下载第 012/196 页...
2026-03-01 04:06:10 - mkk_comic - app.py:582 - INFO - 正在下载第 013/196 页...
2026-03-01 04:06:10 - mkk_comic - app.py:582 - INFO - 正在下载第 014/196 页...
2026-03-01 04:06:10 - mkk_comic - app.py:582 - INFO - 正在下载第 015/196 页...
2026-03-01 04:06:10 - mkk_comic - app.py:582 - INFO - 正在下载第 016/196 页...
2026-03-01 04:06:10 - mkk_comic - app.py:582 - INFO - 正在下载第 017/196 页...
2026-03-01 04:06:10 - mkk_comic - app.py:582 - INFO - 正在下载第 018/196 页...
2026-03-01 04:06:10 - mkk_comic - app.py:582 - INFO - 正在下载第 019/196 页...
2026-03-01 04:06:10 - mkk_comic - app.py:582 - INFO - 正在下载第 020/196 页...
2026-03-01 04:06:10 - mkk_comic - app.py:582 - INFO - 正在下载第 021/196 页...
2026-03-01 04:06:10 - mkk_comic - app.py:582 - INFO - 正在下载第 022/196 页...
2026-03-01 04:06:10 - mkk_comic - app.py:582 - INFO - 正在下载第 023/196 页...
2026-03-01 04:06:10 - mkk_comic - app.py:582 - INFO - 正在下载第 024/196 页...
2026-03-01 04:06:10 - mkk_comic - app.py:582 - INFO - 正在下载第 025/196 页...
2026-03-01 04:06:10 - mkk_comic - app.py:582 - INFO - 正在下载第 026/196 页...
2026-03-01 04:06:10 - mkk_comic - app.py:582 - INFO - 正在下载第 027/196 页...
2026-03-01 04:06:10 - mkk_comic - app.py:582 - INFO - 正在下载第 028/196 页...
2026-03-01 04:06:10 - mkk_comic - app.py:582 - INFO - 正在下载第 029/196 页...
2026-03-01 04:06:10 - mkk_comic - app.py:582 - INFO - 正在下载第 030/196 页...
2026-03-01 04:06:10 - mkk_comic - app.py:582 - INFO - 正在下载第 031/196 页...
2026-03-01 04:06:10 - mkk_comic - app.py:582 - INFO - 正在下载第 032/196 页...
2026-03-01 04:06:10 - mkk_comic - app.py:582 - INFO - 正在下载第 033/196 页...
2026-03-01 04:06:10 - mkk_comic - app.py:582 - INFO - 正在下载第 034/196 页...
2026-03-01 04:06:10 - mkk_comic - app.py:582 - INFO - 正在下载第 035/196 页...
2026-03-01 04:06:10 - mkk_comic - app.py:582 - INFO - 正在下载第 036/196 页...
2026-03-01 04:06:10 - mkk_comic - app.py:582 - INFO - 正在下载第 037/196 页...
2026-03-01 04:06:11 - mkk_comic - app.py:582 - INFO - 正在下载第 038/196 页...
2026-03-01 04:06:11 - mkk_comic - app.py:582 - INFO - 正在下载第 039/196 页...
2026-03-01 04:06:11 - mkk_comic - app.py:582 - INFO - 正在下载第 040/196 页...
2026-03-01 04:06:11 - mkk_comic - app.py:582 - INFO - 正在下载第 041/196 页...
2026-03-01 04:06:11 - mkk_comic - app.py:582 - INFO - 正在下载第 042/196 页...
2026-03-01 04:06:11 - mkk_comic - app.py:582 - INFO - 正在下载第 043/196 页...
2026-03-01 04:06:11 - mkk_comic - app.py:582 - INFO - 正在下载第 044/196 页...
2026-03-01 04:06:11 - mkk_comic - app.py:582 - INFO - 正在下载第 045/196 页...
2026-03-01 04:06:11 - mkk_comic - app.py:582 - INFO - 正在下载第 046/196 页...
2026-03-01 04:06:11 - mkk_comic - app.py:582 - INFO - 正在下载第 047/196 页...
2026-03-01 04:06:11 - mkk_comic - app.py:582 - INFO - 正在下载第 048/196 页...
2026-03-01 04:06:11 - mkk_comic - app.py:582 - INFO - 正在下载第 049/196 页...
2026-03-01 04:06:11 - mkk_comic - app.py:582 - INFO - 正在下载第 050/196 页...
2026-03-01 04:06:11 - mkk_comic - app.py:582 - INFO - 正在下载第 051/196 页...
2026-03-01 04:06:11 - mkk_comic - app.py:582 - INFO - 正在下载第 052/196 页...
2026-03-01 04:06:11 - mkk_comic - app.py:582 - INFO - 正在下载第 053/196 页...
2026-03-01 04:06:11 - mkk_comic - app.py:582 - INFO - 正在下载第 054/196 页...
2026-03-01 04:06:11 - mkk_comic - app.py:582 - INFO - 正在下载第 055/196 页...
2026-03-01 04:06:11 - mkk_comic - app.py:582 - INFO - 正在下载第 056/196 页...
2026-03-01 04:06:11 - mkk_comic - app.py:582 - INFO - 正在下载第 057/196 页...
2026-03-01 04:06:11 - mkk_comic - app.py:582 - INFO - 正在下载第 058/196 页...
2026-03-01 04:06:11 - mkk_comic - app.py:582 - INFO - 正在下载第 059/196 页...
2026-03-01 04:06:11 - mkk_comic - app.py:582 - INFO - 正在下载第 060/196 页...
2026-03-01 04:06:11 - mkk_comic - app.py:582 - INFO - 正在下载第 061/196 页...
2026-03-01 04:06:11 - mkk_comic - app.py:582 - INFO - 正在下载第 062/196 页...
2026-03-01 04:06:11 - mkk_comic - app.py:582 - INFO - 正在下载第 063/196 页...
2026-03-01 04:06:11 - mkk_comic - app.py:582 - INFO - 正在下载第 064/196 页...
2026-03-01 04:06:11 - mkk_comic - app.py:582 - INFO - 正在下载第 065/196 页...
2026-03-01 04:06:11 - mkk_comic - app.py:582 - INFO - 正在下载第 066/196 页...
2026-03-01 04:06:11 - mkk_comic - app.py:582 - INFO - 正在下载第 067/196 页...
2026-03-01 04:06:11 - mkk_comic - app.py:582 - INFO - 正在下载第 068/196 页...
2026-03-01 04:06:11 - mkk_comic - app.py:582 - INFO - 正在下载第 069/196 页...
2026-03-01 04:06:11 - mkk_comic - app.py:582 - INFO - 正在下载第 070/196 页...
2026-03-01 04:06:11 - mkk_comic - app.py:582 - INFO - 正在下载第 071/196 页...
2026-03-01 04:06:11 - mkk_comic - app.py:582 - INFO - 正在下载第 072/196 页...
2026-03-01 04:06:12 - mkk_comic - app.py:582 - INFO - 正在下载第 073/196 页...
2026-03-01 04:06:12 - mkk_comic - app.py:582 - INFO - 正在下载第 074/196 页...
2026-03-01 04:06:12 - mkk_comic - app.py:582 - INFO - 正在下载第 075/196 页...
2026-03-01 04:06:12 - mkk_comic - app.py:582 - INFO - 正在下载第 076/196 页...
2026-03-01 04:06:12 - mkk_comic - app.py:582 - INFO - 正在下载第 077/196 页...
2026-03-01 04:06:12 - mkk_comic - app.py:582 - INFO - 正在下载第 078/196 页...
2026-03-01 04:06:12 - mkk_comic - app.py:582 - INFO - 正在下载第 079/196 页...
2026-03-01 04:06:12 - mkk_comic - app.py:582 - INFO - 正在下载第 080/196 页...
2026-03-01 04:06:12 - mkk_comic - app.py:582 - INFO - 正在下载第 081/196 页...
2026-03-01 04:06:12 - mkk_comic - app.py:582 - INFO - 正在下载第 082/196 页...
2026-03-01 04:06:12 - mkk_comic - app.py:582 - INFO - 正在下载第 083/196 页...
2026-03-01 04:06:12 - mkk_comic - app.py:582 - INFO - 正在下载第 084/196 页...
2026-03-01 04:06:12 - mkk_comic - app.py:582 - INFO - 正在下载第 085/196 页...
2026-03-01 04:06:12 - mkk_comic - app.py:582 - INFO - 正在下载第 086/196 页...
2026-03-01 04:06:12 - mkk_comic - app.py:582 - INFO - 正在下载第 087/196 页...
2026-03-01 04:06:12 - mkk_comic - app.py:582 - INFO - 正在下载第 088/196 页...
2026-03-01 04:06:12 - mkk_comic - app.py:582 - INFO - 正在下载第 089/196 页...
2026-03-01 04:06:12 - mkk_comic - app.py:582 - INFO - 正在下载第 090/196 页...
2026-03-01 04:06:12 - mkk_comic - app.py:582 - INFO - 正在下载第 091/196 页...
2026-03-01 04:06:12 - mkk_comic - app.py:582 - INFO - 正在下载第 092/196 页...
2026-03-01 04:06:12 - mkk_comic - app.py:582 - INFO - 正在下载第 093/196 页...
2026-03-01 04:06:12 - mkk_comic - app.py:582 - INFO - 正在下载第 094/196 页...
2026-03-01 04:06:12 - mkk_comic - app.py:582 - INFO - 正在下载第 095/196 页...
2026-03-01 04:06:12 - mkk_comic - app.py:582 - INFO - 正在下载第 096/196 页...
2026-03-01 04:06:12 - mkk_comic - app.py:582 - INFO - 正在下载第 097/196 页...
2026-03-01 04:06:12 - mkk_comic - app.py:582 - INFO - 正在下载第 098/196 页...
2026-03-01 04:06:12 - mkk_comic - app.py:582 - INFO - 正在下载第 099/196 页...
2026-03-01 04:06:12 - mkk_comic - app.py:582 - INFO - 正在下载第 100/196 页...
2026-03-01 04:06:12 - mkk_comic - app.py:582 - INFO - 正在下载第 101/196 页...
2026-03-01 04:06:12 - mkk_comic - app.py:582 - INFO - 正在下载第 102/196 页...
2026-03-01 04:06:12 - mkk_comic - app.py:582 - INFO - 正在下载第 103/196 页...
2026-03-01 04:06:12 - mkk_comic - app.py:582 - INFO - 正在下载第 104/196 页...
2026-03-01 04:06:12 - mkk_comic - app.py:582 - INFO - 正在下载第 105/196 页...
2026-03-01 04:06:12 - mkk_comic - app.py:582 - INFO - 正在下载第 106/196 页...
2026-03-01 04:06:12 - mkk_comic - app.py:582 - INFO - 正在下载第 107/196 页...
2026-03-01 04:06:12 - mkk_comic - app.py:582 - INFO - 正在下载第 108/196 页...
2026-03-01 04:06:12 - mkk_comic - app.py:582 - INFO - 正在下载第 109/196 页...
2026-03-01 04:06:13 - mkk_comic - app.py:582 - INFO - 正在下载第 110/196 页...
2026-03-01 04:06:13 - mkk_comic - app.py:582 - INFO - 正在下载第 111/196 页...
2026-03-01 04:06:13 - mkk_comic - app.py:582 - INFO - 正在下载第 112/196 页...
2026-03-01 04:06:13 - mkk_comic - app.py:582 - INFO - 正在下载第 113/196 页...
2026-03-01 04:06:13 - mkk_comic - app.py:582 - INFO - 正在下载第 114/196 页...
2026-03-01 04:06:13 - mkk_comic - app.py:582 - INFO - 正在下载第 115/196 页...
2026-03-01 04:06:13 - mkk_comic - app.py:582 - INFO - 正在下载第 116/196 页...
2026-03-01 04:06:13 - mkk_comic - app.py:582 - INFO - 正在下载第 117/196 页...
2026-03-01 04:06:13 - mkk_comic - app.py:582 - INFO - 正在下载第 118/196 页...
2026-03-01 04:06:13 - mkk_comic - app.py:582 - INFO - 正在下载第 119/196 页...
2026-03-01 04:06:13 - mkk_comic - app.py:582 - INFO - 正在下载第 120/196 页...
2026-03-01 04:06:13 - mkk_comic - app.py:582 - INFO - 正在下载第 121/196 页...
2026-03-01 04:06:13 - mkk_comic - app.py:582 - INFO - 正在下载第 122/196 页...
2026-03-01 04:06:13 - mkk_comic - app.py:582 - INFO - 正在下载第 123/196 页...
2026-03-01 04:06:13 - mkk_comic - app.py:582 - INFO - 正在下载第 124/196 页...
2026-03-01 04:06:13 - mkk_comic - app.py:582 - INFO - 正在下载第 125/196 页...
2026-03-01 04:06:13 - mkk_comic - app.py:582 - INFO - 正在下载第 126/196 页...
2026-03-01 04:06:13 - mkk_comic - app.py:582 - INFO - 正在下载第 127/196 页...
2026-03-01 04:06:13 - mkk_comic - app.py:582 - INFO - 正在下载第 128/196 页...
2026-03-01 04:06:13 - mkk_comic - app.py:582 - INFO - 正在下载第 129/196 页...
2026-03-01 04:06:13 - mkk_comic - app.py:582 - INFO - 正在下载第 130/196 页...
2026-03-01 04:06:13 - mkk_comic - app.py:582 - INFO - 正在下载第 131/196 页...
2026-03-01 04:06:13 - mkk_comic - app.py:582 - INFO - 正在下载第 132/196 页...
2026-03-01 04:06:13 - mkk_comic - app.py:582 - INFO - 正在下载第 133/196 页...
2026-03-01 04:06:13 - mkk_comic - app.py:582 - INFO - 正在下载第 134/196 页...
2026-03-01 04:06:13 - mkk_comic - app.py:582 - INFO - 正在下载第 135/196 页...
2026-03-01 04:06:13 - mkk_comic - app.py:582 - INFO - 正在下载第 136/196 页...
2026-03-01 04:06:13 - mkk_comic - app.py:582 - INFO - 正在下载第 137/196 页...
2026-03-01 04:06:13 - mkk_comic - app.py:582 - INFO - 正在下载第 138/196 页...
2026-03-01 04:06:13 - mkk_comic - app.py:582 - INFO - 正在下载第 139/196 页...
2026-03-01 04:06:13 - mkk_comic - app.py:582 - INFO - 正在下载第 140/196 页...
2026-03-01 04:06:13 - mkk_comic - app.py:582 - INFO - 正在下载第 141/196 页...
2026-03-01 04:06:13 - mkk_comic - app.py:582 - INFO - 正在下载第 142/196 页...
2026-03-01 04:06:13 - mkk_comic - app.py:582 - INFO - 正在下载第 143/196 页...
2026-03-01 04:06:13 - mkk_comic - app.py:582 - INFO - 正在下载第 144/196 页...
2026-03-01 04:06:13 - mkk_comic - app.py:582 - INFO - 正在下载第 145/196 页...
2026-03-01 04:06:13 - mkk_comic - app.py:582 - INFO - 正在下载第 146/196 页...
2026-03-01 04:06:14 - mkk_comic - app.py:582 - INFO - 正在下载第 147/196 页...
2026-03-01 04:06:14 - mkk_comic - app.py:582 - INFO - 正在下载第 148/196 页...
2026-03-01 04:06:14 - mkk_comic - app.py:582 - INFO - 正在下载第 149/196 页...
2026-03-01 04:06:14 - mkk_comic - app.py:582 - INFO - 正在下载第 150/196 页...
2026-03-01 04:06:14 - mkk_comic - app.py:582 - INFO - 正在下载第 151/196 页...
2026-03-01 04:06:14 - mkk_comic - app.py:582 - INFO - 正在下载第 152/196 页...
2026-03-01 04:06:14 - mkk_comic - app.py:582 - INFO - 正在下载第 153/196 页...
2026-03-01 04:06:14 - mkk_comic - app.py:582 - INFO - 正在下载第 154/196 页...
2026-03-01 04:06:14 - mkk_comic - app.py:582 - INFO - 正在下载第 155/196 页...
2026-03-01 04:06:14 - mkk_comic - app.py:582 - INFO - 正在下载第 156/196 页...
2026-03-01 04:06:14 - mkk_comic - app.py:582 - INFO - 正在下载第 157/196 页...
2026-03-01 04:06:14 - mkk_comic - app.py:582 - INFO - 正在下载第 158/196 页...
2026-03-01 04:06:14 - mkk_comic - app.py:582 - INFO - 正在下载第 159/196 页...
2026-03-01 04:06:14 - mkk_comic - app.py:582 - INFO - 正在下载第 160/196 页...
2026-03-01 04:06:14 - mkk_comic - app.py:582 - INFO - 正在下载第 161/196 页...
2026-03-01 04:06:14 - mkk_comic - app.py:582 - INFO - 正在下载第 162/196 页...
2026-03-01 04:06:14 - mkk_comic - app.py:582 - INFO - 正在下载第 163/196 页...
2026-03-01 04:06:14 - mkk_comic - app.py:582 - INFO - 正在下载第 164/196 页...
2026-03-01 04:06:14 - mkk_comic - app.py:582 - INFO - 正在下载第 165/196 页...
2026-03-01 04:06:14 - mkk_comic - app.py:582 - INFO - 正在下载第 166/196 页...
2026-03-01 04:06:14 - mkk_comic - app.py:582 - INFO - 正在下载第 167/196 页...
2026-03-01 04:06:14 - mkk_comic - app.py:582 - INFO - 正在下载第 168/196 页...
2026-03-01 04:06:14 - mkk_comic - app.py:582 - INFO - 正在下载第 169/196 页...
2026-03-01 04:06:14 - mkk_comic - app.py:582 - INFO - 正在下载第 170/196 页...
2026-03-01 04:06:14 - mkk_comic - app.py:582 - INFO - 正在下载第 171/196 页...
2026-03-01 04:06:14 - mkk_comic - app.py:582 - INFO - 正在下载第 172/196 页...
2026-03-01 04:06:14 - mkk_comic - app.py:582 - INFO - 正在下载第 173/196 页...
2026-03-01 04:06:14 - mkk_comic - app.py:582 - INFO - 正在下载第 174/196 页...
2026-03-01 04:06:14 - mkk_comic - app.py:582 - INFO - 正在下载第 175/196 页...
2026-03-01 04:06:14 - mkk_comic - app.py:582 - INFO - 正在下载第 176/196 页...
2026-03-01 04:06:14 - mkk_comic - app.py:582 - INFO - 正在下载第 177/196 页...
2026-03-01 04:06:14 - mkk_comic - app.py:582 - INFO - 正在下载第 178/196 页...
2026-03-01 04:06:14 - mkk_comic - app.py:582 - INFO - 正在下载第 179/196 页...
2026-03-01 04:06:14 - mkk_comic - app.py:582 - INFO - 正在下载第 180/196 页...
2026-03-01 04:06:14 - mkk_comic - app.py:582 - INFO - 正在下载第 181/196 页...
2026-03-01 04:06:15 - mkk_comic - app.py:582 - INFO - 正在下载第 182/196 页...
2026-03-01 04:06:15 - mkk_comic - app.py:582 - INFO - 正在下载第 183/196 页...
2026-03-01 04:06:15 - mkk_comic - app.py:582 - INFO - 正在下载第 184/196 页...
2026-03-01 04:06:15 - mkk_comic - app.py:582 - INFO - 正在下载第 185/196 页...
2026-03-01 04:06:15 - mkk_comic - app.py:582 - INFO - 正在下载第 186/196 页...
2026-03-01 04:06:15 - mkk_comic - app.py:582 - INFO - 正在下载第 187/196 页...
2026-03-01 04:06:15 - mkk_comic - app.py:582 - INFO - 正在下载第 188/196 页...
2026-03-01 04:06:15 - mkk_comic - app.py:582 - INFO - 正在下载第 189/196 页...
2026-03-01 04:06:15 - mkk_comic - app.py:582 - INFO - 正在下载第 190/196 页...
2026-03-01 04:06:15 - mkk_comic - app.py:582 - INFO - 正在下载第 191/196 页...
2026-03-01 04:06:15 - mkk_comic - app.py:582 - INFO - 正在下载第 192/196 页...
2026-03-01 04:06:15 - mkk_comic - app.py:582 - INFO - 正在下载第 193/196 页...
2026-03-01 04:06:15 - mkk_comic - app.py:582 - INFO - 正在下载第 194/196 页...
2026-03-01 04:06:15 - mkk_comic - app.py:582 - INFO - 正在下载第 195/196 页...
2026-03-01 04:06:15 - mkk_comic - app.py:582 - INFO - 正在下载第 196/196 页...
2026-03-01 04:06:15 - mkk_comic - app.py:511 - INFO - 下载完成!
2026-03-01 04:06:15 - mkk_comic - app.py:512 - INFO - 成功下载: 196/196 页
2026-03-01 04:06:16 - mkk_comic - app.py:494 - INFO - 正在下载第97章: 97卷    UUID:85ce0f6b-1360-11ef-87bf-3f487b7d9a9a
2026-03-01 04:06:16 - mkk_comic - app.py:502 - INFO - 创建目录: ./out/海贼王/97卷
2026-03-01 04:06:16 - mkk_comic - app.py:505 - INFO - 开始下载: 海贼王 - 97卷
2026-03-01 04:06:16 - mkk_comic - app.py:506 - INFO - 总页数: 195
2026-03-01 04:06:16 - mkk_comic - app.py:582 - INFO - 正在下载第 001/195 页...
2026-03-01 04:06:16 - mkk_comic - app.py:582 - INFO - 正在下载第 002/195 页...
2026-03-01 04:06:16 - mkk_comic - app.py:582 - INFO - 正在下载第 003/195 页...
2026-03-01 04:06:16 - mkk_comic - app.py:582 - INFO - 正在下载第 004/195 页...
2026-03-01 04:06:16 - mkk_comic - app.py:582 - INFO - 正在下载第 005/195 页...
2026-03-01 04:06:17 - mkk_comic - app.py:582 - INFO - 正在下载第 006/195 页...
2026-03-01 04:06:17 - mkk_comic - app.py:582 - INFO - 正在下载第 007/195 页...
2026-03-01 04:06:17 - mkk_comic - app.py:582 - INFO - 正在下载第 008/195 页...
2026-03-01 04:06:17 - mkk_comic - app.py:582 - INFO - 正在下载第 009/195 页...
2026-03-01 04:06:17 - mkk_comic - app.py:582 - INFO - 正在下载第 010/195 页...
2026-03-01 04:06:17 - mkk_comic - app.py:582 - INFO - 正在下载第 011/195 页...
2026-03-01 04:06:17 - mkk_comic - app.py:582 - INFO - 正在下载第 012/195 页...
2026-03-01 04:06:17 - mkk_comic - app.py:582 - INFO - 正在下载第 013/195 页...
2026-03-01 04:06:17 - mkk_comic - app.py:582 - INFO - 正在下载第 014/195 页...
2026-03-01 04:06:17 - mkk_comic - app.py:582 - INFO - 正在下载第 015/195 页...
2026-03-01 04:06:17 - mkk_comic - app.py:582 - INFO - 正在下载第 016/195 页...
2026-03-01 04:06:17 - mkk_comic - app.py:582 - INFO - 正在下载第 017/195 页...
2026-03-01 04:06:17 - mkk_comic - app.py:582 - INFO - 正在下载第 018/195 页...
2026-03-01 04:06:17 - mkk_comic - app.py:582 - INFO - 正在下载第 019/195 页...
2026-03-01 04:06:17 - mkk_comic - app.py:582 - INFO - 正在下载第 020/195 页...
2026-03-01 04:06:17 - mkk_comic - app.py:582 - INFO - 正在下载第 021/195 页...
2026-03-01 04:06:17 - mkk_comic - app.py:582 - INFO - 正在下载第 022/195 页...
2026-03-01 04:06:17 - mkk_comic - app.py:582 - INFO - 正在下载第 023/195 页...
2026-03-01 04:06:17 - mkk_comic - app.py:582 - INFO - 正在下载第 024/195 页...
2026-03-01 04:06:17 - mkk_comic - app.py:582 - INFO - 正在下载第 025/195 页...
2026-03-01 04:06:17 - mkk_comic - app.py:582 - INFO - 正在下载第 026/195 页...
2026-03-01 04:06:17 - mkk_comic - app.py:582 - INFO - 正在下载第 027/195 页...
2026-03-01 04:06:17 - mkk_comic - app.py:582 - INFO - 正在下载第 028/195 页...
2026-03-01 04:06:17 - mkk_comic - app.py:582 - INFO - 正在下载第 029/195 页...
2026-03-01 04:06:17 - mkk_comic - app.py:582 - INFO - 正在下载第 030/195 页...
2026-03-01 04:06:17 - mkk_comic - app.py:582 - INFO - 正在下载第 031/195 页...
2026-03-01 04:06:17 - mkk_comic - app.py:582 - INFO - 正在下载第 032/195 页...
2026-03-01 04:06:17 - mkk_comic - app.py:582 - INFO - 正在下载第 033/195 页...
2026-03-01 04:06:17 - mkk_comic - app.py:582 - INFO - 正在下载第 034/195 页...
2026-03-01 04:06:17 - mkk_comic - app.py:582 - INFO - 正在下载第 035/195 页...
2026-03-01 04:06:17 - mkk_comic - app.py:582 - INFO - 正在下载第 036/195 页...
2026-03-01 04:06:17 - mkk_comic - app.py:582 - INFO - 正在下载第 037/195 页...
2026-03-01 04:06:17 - mkk_comic - app.py:582 - INFO - 正在下载第 038/195 页...
2026-03-01 04:06:18 - mkk_comic - app.py:582 - INFO - 正在下载第 039/195 页...
2026-03-01 04:06:18 - mkk_comic - app.py:582 - INFO - 正在下载第 040/195 页...
2026-03-01 04:06:18 - mkk_comic - app.py:582 - INFO - 正在下载第 041/195 页...
2026-03-01 04:06:18 - mkk_comic - app.py:582 - INFO - 正在下载第 042/195 页...
2026-03-01 04:06:18 - mkk_comic - app.py:582 - INFO - 正在下载第 043/195 页...
2026-03-01 04:06:18 - mkk_comic - app.py:582 - INFO - 正在下载第 044/195 页...
2026-03-01 04:06:18 - mkk_comic - app.py:582 - INFO - 正在下载第 045/195 页...
2026-03-01 04:06:18 - mkk_comic - app.py:582 - INFO - 正在下载第 046/195 页...
2026-03-01 04:06:18 - mkk_comic - app.py:582 - INFO - 正在下载第 047/195 页...
2026-03-01 04:06:18 - mkk_comic - app.py:582 - INFO - 正在下载第 048/195 页...
2026-03-01 04:06:18 - mkk_comic - app.py:582 - INFO - 正在下载第 049/195 页...
2026-03-01 04:06:18 - mkk_comic - app.py:582 - INFO - 正在下载第 050/195 页...
2026-03-01 04:06:18 - mkk_comic - app.py:582 - INFO - 正在下载第 051/195 页...
2026-03-01 04:06:18 - mkk_comic - app.py:582 - INFO - 正在下载第 052/195 页...
2026-03-01 04:06:18 - mkk_comic - app.py:582 - INFO - 正在下载第 053/195 页...
2026-03-01 04:06:18 - mkk_comic - app.py:582 - INFO - 正在下载第 054/195 页...
2026-03-01 04:06:18 - mkk_comic - app.py:582 - INFO - 正在下载第 055/195 页...
2026-03-01 04:06:18 - mkk_comic - app.py:582 - INFO - 正在下载第 056/195 页...
2026-03-01 04:06:18 - mkk_comic - app.py:582 - INFO - 正在下载第 057/195 页...
2026-03-01 04:06:18 - mkk_comic - app.py:582 - INFO - 正在下载第 058/195 页...
2026-03-01 04:06:18 - mkk_comic - app.py:582 - INFO - 正在下载第 059/195 页...
2026-03-01 04:06:18 - mkk_comic - app.py:582 - INFO - 正在下载第 060/195 页...
2026-03-01 04:06:18 - mkk_comic - app.py:582 - INFO - 正在下载第 061/195 页...
2026-03-01 04:06:18 - mkk_comic - app.py:582 - INFO - 正在下载第 062/195 页...
2026-03-01 04:06:18 - mkk_comic - app.py:582 - INFO - 正在下载第 063/195 页...
2026-03-01 04:06:18 - mkk_comic - app.py:582 - INFO - 正在下载第 064/195 页...
2026-03-01 04:06:18 - mkk_comic - app.py:582 - INFO - 正在下载第 065/195 页...
2026-03-01 04:06:18 - mkk_comic - app.py:582 - INFO - 正在下载第 066/195 页...
2026-03-01 04:06:18 - mkk_comic - app.py:582 - INFO - 正在下载第 067/195 页...
2026-03-01 04:06:19 - mkk_comic - app.py:582 - INFO - 正在下载第 068/195 页...
2026-03-01 04:06:19 - mkk_comic - app.py:582 - INFO - 正在下载第 069/195 页...
2026-03-01 04:06:19 - mkk_comic - app.py:582 - INFO - 正在下载第 070/195 页...
2026-03-01 04:06:19 - mkk_comic - app.py:582 - INFO - 正在下载第 071/195 页...
2026-03-01 04:06:19 - mkk_comic - app.py:582 - INFO - 正在下载第 072/195 页...
2026-03-01 04:06:19 - mkk_comic - app.py:582 - INFO - 正在下载第 073/195 页...
2026-03-01 04:06:19 - mkk_comic - app.py:582 - INFO - 正在下载第 074/195 页...
2026-03-01 04:06:19 - mkk_comic - app.py:582 - INFO - 正在下载第 075/195 页...
2026-03-01 04:06:19 - mkk_comic - app.py:582 - INFO - 正在下载第 076/195 页...
2026-03-01 04:06:19 - mkk_comic - app.py:582 - INFO - 正在下载第 077/195 页...
2026-03-01 04:06:19 - mkk_comic - app.py:582 - INFO - 正在下载第 078/195 页...
2026-03-01 04:06:19 - mkk_comic - app.py:582 - INFO - 正在下载第 079/195 页...
2026-03-01 04:06:19 - mkk_comic - app.py:582 - INFO - 正在下载第 080/195 页...
2026-03-01 04:06:19 - mkk_comic - app.py:582 - INFO - 正在下载第 081/195 页...
2026-03-01 04:06:19 - mkk_comic - app.py:582 - INFO - 正在下载第 082/195 页...
2026-03-01 04:06:19 - mkk_comic - app.py:582 - INFO - 正在下载第 083/195 页...
2026-03-01 04:06:19 - mkk_comic - app.py:582 - INFO - 正在下载第 084/195 页...
2026-03-01 04:06:19 - mkk_comic - app.py:582 - INFO - 正在下载第 085/195 页...
2026-03-01 04:06:19 - mkk_comic - app.py:582 - INFO - 正在下载第 086/195 页...
2026-03-01 04:06:19 - mkk_comic - app.py:582 - INFO - 正在下载第 087/195 页...
2026-03-01 04:06:19 - mkk_comic - app.py:582 - INFO - 正在下载第 088/195 页...
2026-03-01 04:06:19 - mkk_comic - app.py:582 - INFO - 正在下载第 089/195 页...
2026-03-01 04:06:19 - mkk_comic - app.py:582 - INFO - 正在下载第 090/195 页...
2026-03-01 04:06:19 - mkk_comic - app.py:582 - INFO - 正在下载第 091/195 页...
2026-03-01 04:06:19 - mkk_comic - app.py:582 - INFO - 正在下载第 092/195 页...
2026-03-01 04:06:19 - mkk_comic - app.py:582 - INFO - 正在下载第 093/195 页...
2026-03-01 04:06:19 - mkk_comic - app.py:582 - INFO - 正在下载第 094/195 页...
2026-03-01 04:06:19 - mkk_comic - app.py:582 - INFO - 正在下载第 095/195 页...
2026-03-01 04:06:19 - mkk_comic - app.py:582 - INFO - 正在下载第 096/195 页...
2026-03-01 04:06:19 - mkk_comic - app.py:582 - INFO - 正在下载第 097/195 页...
2026-03-01 04:06:19 - mkk_comic - app.py:582 - INFO - 正在下载第 098/195 页...
2026-03-01 04:06:19 - mkk_comic - app.py:582 - INFO - 正在下载第 099/195 页...
2026-03-01 04:06:19 - mkk_comic - app.py:582 - INFO - 正在下载第 100/195 页...
2026-03-01 04:06:19 - mkk_comic - app.py:582 - INFO - 正在下载第 101/195 页...
2026-03-01 04:06:19 - mkk_comic - app.py:582 - INFO - 正在下载第 102/195 页...
2026-03-01 04:06:19 - mkk_comic - app.py:582 - INFO - 正在下载第 103/195 页...
2026-03-01 04:06:20 - mkk_comic - app.py:582 - INFO - 正在下载第 104/195 页...
2026-03-01 04:06:20 - mkk_comic - app.py:582 - INFO - 正在下载第 105/195 页...
2026-03-01 04:06:20 - mkk_comic - app.py:582 - INFO - 正在下载第 106/195 页...
2026-03-01 04:06:20 - mkk_comic - app.py:582 - INFO - 正在下载第 107/195 页...
2026-03-01 04:06:20 - mkk_comic - app.py:582 - INFO - 正在下载第 108/195 页...
2026-03-01 04:06:20 - mkk_comic - app.py:582 - INFO - 正在下载第 109/195 页...
2026-03-01 04:06:20 - mkk_comic - app.py:582 - INFO - 正在下载第 110/195 页...
2026-03-01 04:06:20 - mkk_comic - app.py:582 - INFO - 正在下载第 111/195 页...
2026-03-01 04:06:20 - mkk_comic - app.py:582 - INFO - 正在下载第 112/195 页...
2026-03-01 04:06:20 - mkk_comic - app.py:582 - INFO - 正在下载第 113/195 页...
2026-03-01 04:06:20 - mkk_comic - app.py:582 - INFO - 正在下载第 114/195 页...
2026-03-01 04:06:20 - mkk_comic - app.py:582 - INFO - 正在下载第 115/195 页...
2026-03-01 04:06:20 - mkk_comic - app.py:582 - INFO - 正在下载第 116/195 页...
2026-03-01 04:06:20 - mkk_comic - app.py:582 - INFO - 正在下载第 117/195 页...
2026-03-01 04:06:20 - mkk_comic - app.py:582 - INFO - 正在下载第 118/195 页...
2026-03-01 04:06:20 - mkk_comic - app.py:582 - INFO - 正在下载第 119/195 页...
2026-03-01 04:06:20 - mkk_comic - app.py:582 - INFO - 正在下载第 120/195 页...
2026-03-01 04:06:20 - mkk_comic - app.py:582 - INFO - 正在下载第 121/195 页...
2026-03-01 04:06:20 - mkk_comic - app.py:582 - INFO - 正在下载第 122/195 页...
2026-03-01 04:06:20 - mkk_comic - app.py:582 - INFO - 正在下载第 123/195 页...
2026-03-01 04:06:20 - mkk_comic - app.py:582 - INFO - 正在下载第 124/195 页...
2026-03-01 04:06:20 - mkk_comic - app.py:582 - INFO - 正在下载第 125/195 页...
2026-03-01 04:06:20 - mkk_comic - app.py:582 - INFO - 正在下载第 126/195 页...
2026-03-01 04:06:20 - mkk_comic - app.py:582 - INFO - 正在下载第 127/195 页...
2026-03-01 04:06:20 - mkk_comic - app.py:582 - INFO - 正在下载第 128/195 页...
2026-03-01 04:06:20 - mkk_comic - app.py:582 - INFO - 正在下载第 129/195 页...
2026-03-01 04:06:20 - mkk_comic - app.py:582 - INFO - 正在下载第 130/195 页...
2026-03-01 04:06:20 - mkk_comic - app.py:582 - INFO - 正在下载第 131/195 页...
2026-03-01 04:06:20 - mkk_comic - app.py:582 - INFO - 正在下载第 132/195 页...
2026-03-01 04:06:20 - mkk_comic - app.py:582 - INFO - 正在下载第 133/195 页...
2026-03-01 04:06:20 - mkk_comic - app.py:582 - INFO - 正在下载第 134/195 页...
2026-03-01 04:06:20 - mkk_comic - app.py:582 - INFO - 正在下载第 135/195 页...
2026-03-01 04:06:20 - mkk_comic - app.py:582 - INFO - 正在下载第 136/195 页...
2026-03-01 04:06:20 - mkk_comic - app.py:582 - INFO - 正在下载第 137/195 页...
2026-03-01 04:06:20 - mkk_comic - app.py:582 - INFO - 正在下载第 138/195 页...
2026-03-01 04:06:20 - mkk_comic - app.py:582 - INFO - 正在下载第 139/195 页...
2026-03-01 04:06:21 - mkk_comic - app.py:582 - INFO - 正在下载第 140/195 页...
2026-03-01 04:06:21 - mkk_comic - app.py:582 - INFO - 正在下载第 141/195 页...
2026-03-01 04:06:21 - mkk_comic - app.py:582 - INFO - 正在下载第 142/195 页...
2026-03-01 04:06:21 - mkk_comic - app.py:582 - INFO - 正在下载第 143/195 页...
2026-03-01 04:06:21 - mkk_comic - app.py:582 - INFO - 正在下载第 144/195 页...
2026-03-01 04:06:21 - mkk_comic - app.py:582 - INFO - 正在下载第 145/195 页...
2026-03-01 04:06:21 - mkk_comic - app.py:582 - INFO - 正在下载第 146/195 页...
2026-03-01 04:06:21 - mkk_comic - app.py:582 - INFO - 正在下载第 147/195 页...
2026-03-01 04:06:21 - mkk_comic - app.py:582 - INFO - 正在下载第 148/195 页...
2026-03-01 04:06:21 - mkk_comic - app.py:582 - INFO - 正在下载第 149/195 页...
2026-03-01 04:06:21 - mkk_comic - app.py:582 - INFO - 正在下载第 150/195 页...
2026-03-01 04:06:21 - mkk_comic - app.py:582 - INFO - 正在下载第 151/195 页...
2026-03-01 04:06:21 - mkk_comic - app.py:582 - INFO - 正在下载第 152/195 页...
2026-03-01 04:06:21 - mkk_comic - app.py:582 - INFO - 正在下载第 153/195 页...
2026-03-01 04:06:21 - mkk_comic - app.py:582 - INFO - 正在下载第 154/195 页...
2026-03-01 04:06:21 - mkk_comic - app.py:582 - INFO - 正在下载第 155/195 页...
2026-03-01 04:06:21 - mkk_comic - app.py:582 - INFO - 正在下载第 156/195 页...
2026-03-01 04:06:21 - mkk_comic - app.py:582 - INFO - 正在下载第 157/195 页...
2026-03-01 04:06:21 - mkk_comic - app.py:582 - INFO - 正在下载第 158/195 页...
2026-03-01 04:06:21 - mkk_comic - app.py:582 - INFO - 正在下载第 159/195 页...
2026-03-01 04:06:21 - mkk_comic - app.py:582 - INFO - 正在下载第 160/195 页...
2026-03-01 04:06:21 - mkk_comic - app.py:582 - INFO - 正在下载第 161/195 页...
2026-03-01 04:06:21 - mkk_comic - app.py:582 - INFO - 正在下载第 162/195 页...
2026-03-01 04:06:21 - mkk_comic - app.py:582 - INFO - 正在下载第 163/195 页...
2026-03-01 04:06:21 - mkk_comic - app.py:582 - INFO - 正在下载第 164/195 页...
2026-03-01 04:06:21 - mkk_comic - app.py:582 - INFO - 正在下载第 165/195 页...
2026-03-01 04:06:21 - mkk_comic - app.py:582 - INFO - 正在下载第 166/195 页...
2026-03-01 04:06:21 - mkk_comic - app.py:582 - INFO - 正在下载第 167/195 页...
2026-03-01 04:06:21 - mkk_comic - app.py:582 - INFO - 正在下载第 168/195 页...
2026-03-01 04:06:21 - mkk_comic - app.py:582 - INFO - 正在下载第 169/195 页...
2026-03-01 04:06:21 - mkk_comic - app.py:582 - INFO - 正在下载第 170/195 页...
2026-03-01 04:06:21 - mkk_comic - app.py:582 - INFO - 正在下载第 171/195 页...
2026-03-01 04:06:21 - mkk_comic - app.py:582 - INFO - 正在下载第 172/195 页...
2026-03-01 04:06:21 - mkk_comic - app.py:582 - INFO - 正在下载第 173/195 页...
2026-03-01 04:06:21 - mkk_comic - app.py:582 - INFO - 正在下载第 174/195 页...
2026-03-01 04:06:22 - mkk_comic - app.py:582 - INFO - 正在下载第 175/195 页...
2026-03-01 04:06:22 - mkk_comic - app.py:582 - INFO - 正在下载第 176/195 页...
2026-03-01 04:06:22 - mkk_comic - app.py:582 - INFO - 正在下载第 177/195 页...
2026-03-01 04:06:22 - mkk_comic - app.py:582 - INFO - 正在下载第 178/195 页...
2026-03-01 04:06:22 - mkk_comic - app.py:582 - INFO - 正在下载第 179/195 页...
2026-03-01 04:06:22 - mkk_comic - app.py:582 - INFO - 正在下载第 180/195 页...
2026-03-01 04:06:22 - mkk_comic - app.py:582 - INFO - 正在下载第 181/195 页...
2026-03-01 04:06:22 - mkk_comic - app.py:582 - INFO - 正在下载第 182/195 页...
2026-03-01 04:06:22 - mkk_comic - app.py:582 - INFO - 正在下载第 183/195 页...
2026-03-01 04:06:22 - mkk_comic - app.py:582 - INFO - 正在下载第 184/195 页...
2026-03-01 04:06:22 - mkk_comic - app.py:582 - INFO - 正在下载第 185/195 页...
2026-03-01 04:06:22 - mkk_comic - app.py:582 - INFO - 正在下载第 186/195 页...
2026-03-01 04:06:22 - mkk_comic - app.py:582 - INFO - 正在下载第 187/195 页...
2026-03-01 04:06:22 - mkk_comic - app.py:582 - INFO - 正在下载第 188/195 页...
2026-03-01 04:06:22 - mkk_comic - app.py:582 - INFO - 正在下载第 189/195 页...
2026-03-01 04:06:22 - mkk_comic - app.py:582 - INFO - 正在下载第 190/195 页...
2026-03-01 04:06:22 - mkk_comic - app.py:582 - INFO - 正在下载第 191/195 页...
2026-03-01 04:06:22 - mkk_comic - app.py:582 - INFO - 正在下载第 192/195 页...
2026-03-01 04:06:22 - mkk_comic - app.py:582 - INFO - 正在下载第 193/195 页...
2026-03-01 04:06:22 - mkk_comic - app.py:582 - INFO - 正在下载第 194/195 页...
2026-03-01 04:06:22 - mkk_comic - app.py:582 - INFO - 正在下载第 195/195 页...
2026-03-01 04:06:22 - mkk_comic - app.py:511 - INFO - 下载完成!
2026-03-01 04:06:22 - mkk_comic - app.py:512 - INFO - 成功下载: 195/195 页
2026-03-01 04:06:23 - mkk_comic - app.py:494 - INFO - 正在下载第98章: 98卷    UUID:8a92ea48-1360-11ef-87bf-3f487b7d9a9a
2026-03-01 04:06:24 - mkk_comic - app.py:502 - INFO - 创建目录: ./out/海贼王/98卷
2026-03-01 04:06:24 - mkk_comic - app.py:505 - INFO - 开始下载: 海贼王 - 98卷
2026-03-01 04:06:24 - mkk_comic - app.py:506 - INFO - 总页数: 198
2026-03-01 04:06:24 - mkk_comic - app.py:582 - INFO - 正在下载第 001/198 页...
2026-03-01 04:06:24 - mkk_comic - app.py:582 - INFO - 正在下载第 002/198 页...
2026-03-01 04:06:24 - mkk_comic - app.py:582 - INFO - 正在下载第 003/198 页...
2026-03-01 04:06:24 - mkk_comic - app.py:582 - INFO - 正在下载第 004/198 页...
2026-03-01 04:06:24 - mkk_comic - app.py:582 - INFO - 正在下载第 005/198 页...
2026-03-01 04:06:24 - mkk_comic - app.py:582 - INFO - 正在下载第 006/198 页...
2026-03-01 04:06:24 - mkk_comic - app.py:582 - INFO - 正在下载第 007/198 页...
2026-03-01 04:06:24 - mkk_comic - app.py:582 - INFO - 正在下载第 008/198 页...
2026-03-01 04:06:24 - mkk_comic - app.py:582 - INFO - 正在下载第 009/198 页...
2026-03-01 04:06:24 - mkk_comic - app.py:582 - INFO - 正在下载第 010/198 页...
2026-03-01 04:06:24 - mkk_comic - app.py:582 - INFO - 正在下载第 011/198 页...
2026-03-01 04:06:24 - mkk_comic - app.py:582 - INFO - 正在下载第 012/198 页...
2026-03-01 04:06:24 - mkk_comic - app.py:582 - INFO - 正在下载第 013/198 页...
2026-03-01 04:06:24 - mkk_comic - app.py:582 - INFO - 正在下载第 014/198 页...
2026-03-01 04:06:24 - mkk_comic - app.py:582 - INFO - 正在下载第 015/198 页...
2026-03-01 04:06:24 - mkk_comic - app.py:582 - INFO - 正在下载第 016/198 页...
2026-03-01 04:06:24 - mkk_comic - app.py:582 - INFO - 正在下载第 017/198 页...
2026-03-01 04:06:24 - mkk_comic - app.py:582 - INFO - 正在下载第 018/198 页...
2026-03-01 04:06:24 - mkk_comic - app.py:582 - INFO - 正在下载第 019/198 页...
2026-03-01 04:06:24 - mkk_comic - app.py:582 - INFO - 正在下载第 020/198 页...
2026-03-01 04:06:24 - mkk_comic - app.py:582 - INFO - 正在下载第 021/198 页...
2026-03-01 04:06:24 - mkk_comic - app.py:582 - INFO - 正在下载第 022/198 页...
2026-03-01 04:06:24 - mkk_comic - app.py:582 - INFO - 正在下载第 023/198 页...
2026-03-01 04:06:24 - mkk_comic - app.py:582 - INFO - 正在下载第 024/198 页...
2026-03-01 04:06:24 - mkk_comic - app.py:582 - INFO - 正在下载第 025/198 页...
2026-03-01 04:06:24 - mkk_comic - app.py:582 - INFO - 正在下载第 026/198 页...
2026-03-01 04:06:24 - mkk_comic - app.py:582 - INFO - 正在下载第 027/198 页...
2026-03-01 04:06:24 - mkk_comic - app.py:582 - INFO - 正在下载第 028/198 页...
2026-03-01 04:06:24 - mkk_comic - app.py:582 - INFO - 正在下载第 029/198 页...
2026-03-01 04:06:24 - mkk_comic - app.py:582 - INFO - 正在下载第 030/198 页...
2026-03-01 04:06:24 - mkk_comic - app.py:582 - INFO - 正在下载第 031/198 页...
2026-03-01 04:06:24 - mkk_comic - app.py:582 - INFO - 正在下载第 032/198 页...
2026-03-01 04:06:25 - mkk_comic - app.py:582 - INFO - 正在下载第 033/198 页...
2026-03-01 04:06:25 - mkk_comic - app.py:582 - INFO - 正在下载第 034/198 页...
2026-03-01 04:06:25 - mkk_comic - app.py:582 - INFO - 正在下载第 035/198 页...
2026-03-01 04:06:25 - mkk_comic - app.py:582 - INFO - 正在下载第 036/198 页...
2026-03-01 04:06:25 - mkk_comic - app.py:582 - INFO - 正在下载第 037/198 页...
2026-03-01 04:06:25 - mkk_comic - app.py:582 - INFO - 正在下载第 038/198 页...
2026-03-01 04:06:25 - mkk_comic - app.py:582 - INFO - 正在下载第 039/198 页...
2026-03-01 04:06:25 - mkk_comic - app.py:582 - INFO - 正在下载第 040/198 页...
2026-03-01 04:06:25 - mkk_comic - app.py:582 - INFO - 正在下载第 041/198 页...
2026-03-01 04:06:25 - mkk_comic - app.py:582 - INFO - 正在下载第 042/198 页...
2026-03-01 04:06:25 - mkk_comic - app.py:582 - INFO - 正在下载第 043/198 页...
2026-03-01 04:06:25 - mkk_comic - app.py:582 - INFO - 正在下载第 044/198 页...
2026-03-01 04:06:25 - mkk_comic - app.py:582 - INFO - 正在下载第 045/198 页...
2026-03-01 04:06:25 - mkk_comic - app.py:582 - INFO - 正在下载第 046/198 页...
2026-03-01 04:06:25 - mkk_comic - app.py:582 - INFO - 正在下载第 047/198 页...
2026-03-01 04:06:25 - mkk_comic - app.py:582 - INFO - 正在下载第 048/198 页...
2026-03-01 04:06:25 - mkk_comic - app.py:582 - INFO - 正在下载第 049/198 页...
2026-03-01 04:06:25 - mkk_comic - app.py:582 - INFO - 正在下载第 050/198 页...
2026-03-01 04:06:25 - mkk_comic - app.py:582 - INFO - 正在下载第 051/198 页...
2026-03-01 04:06:25 - mkk_comic - app.py:582 - INFO - 正在下载第 052/198 页...
2026-03-01 04:06:25 - mkk_comic - app.py:582 - INFO - 正在下载第 053/198 页...
2026-03-01 04:06:25 - mkk_comic - app.py:582 - INFO - 正在下载第 054/198 页...
2026-03-01 04:06:25 - mkk_comic - app.py:582 - INFO - 正在下载第 055/198 页...
2026-03-01 04:06:25 - mkk_comic - app.py:582 - INFO - 正在下载第 056/198 页...
2026-03-01 04:06:26 - mkk_comic - app.py:582 - INFO - 正在下载第 057/198 页...
2026-03-01 04:06:26 - mkk_comic - app.py:582 - INFO - 正在下载第 058/198 页...
2026-03-01 04:06:26 - mkk_comic - app.py:582 - INFO - 正在下载第 059/198 页...
2026-03-01 04:06:26 - mkk_comic - app.py:582 - INFO - 正在下载第 060/198 页...
2026-03-01 04:06:26 - mkk_comic - app.py:582 - INFO - 正在下载第 061/198 页...
2026-03-01 04:06:26 - mkk_comic - app.py:582 - INFO - 正在下载第 062/198 页...
2026-03-01 04:06:26 - mkk_comic - app.py:582 - INFO - 正在下载第 063/198 页...
2026-03-01 04:06:26 - mkk_comic - app.py:582 - INFO - 正在下载第 064/198 页...
2026-03-01 04:06:26 - mkk_comic - app.py:582 - INFO - 正在下载第 065/198 页...
2026-03-01 04:06:26 - mkk_comic - app.py:582 - INFO - 正在下载第 066/198 页...
2026-03-01 04:06:26 - mkk_comic - app.py:582 - INFO - 正在下载第 067/198 页...
2026-03-01 04:06:26 - mkk_comic - app.py:582 - INFO - 正在下载第 068/198 页...
2026-03-01 04:06:26 - mkk_comic - app.py:582 - INFO - 正在下载第 069/198 页...
2026-03-01 04:06:26 - mkk_comic - app.py:582 - INFO - 正在下载第 070/198 页...
2026-03-01 04:06:26 - mkk_comic - app.py:582 - INFO - 正在下载第 071/198 页...
2026-03-01 04:06:26 - mkk_comic - app.py:582 - INFO - 正在下载第 072/198 页...
2026-03-01 04:06:26 - mkk_comic - app.py:582 - INFO - 正在下载第 073/198 页...
2026-03-01 04:06:26 - mkk_comic - app.py:582 - INFO - 正在下载第 074/198 页...
2026-03-01 04:06:26 - mkk_comic - app.py:582 - INFO - 正在下载第 075/198 页...
2026-03-01 04:06:26 - mkk_comic - app.py:582 - INFO - 正在下载第 076/198 页...
2026-03-01 04:06:26 - mkk_comic - app.py:582 - INFO - 正在下载第 077/198 页...
2026-03-01 04:06:26 - mkk_comic - app.py:582 - INFO - 正在下载第 078/198 页...
2026-03-01 04:06:26 - mkk_comic - app.py:582 - INFO - 正在下载第 079/198 页...
2026-03-01 04:06:26 - mkk_comic - app.py:582 - INFO - 正在下载第 080/198 页...
2026-03-01 04:06:26 - mkk_comic - app.py:582 - INFO - 正在下载第 081/198 页...
2026-03-01 04:06:26 - mkk_comic - app.py:582 - INFO - 正在下载第 082/198 页...
2026-03-01 04:06:26 - mkk_comic - app.py:582 - INFO - 正在下载第 083/198 页...
2026-03-01 04:06:26 - mkk_comic - app.py:582 - INFO - 正在下载第 084/198 页...
2026-03-01 04:06:26 - mkk_comic - app.py:582 - INFO - 正在下载第 085/198 页...
2026-03-01 04:06:26 - mkk_comic - app.py:582 - INFO - 正在下载第 086/198 页...
2026-03-01 04:06:26 - mkk_comic - app.py:582 - INFO - 正在下载第 087/198 页...
2026-03-01 04:06:26 - mkk_comic - app.py:582 - INFO - 正在下载第 088/198 页...
2026-03-01 04:06:26 - mkk_comic - app.py:582 - INFO - 正在下载第 089/198 页...
2026-03-01 04:06:26 - mkk_comic - app.py:582 - INFO - 正在下载第 090/198 页...
2026-03-01 04:06:26 - mkk_comic - app.py:582 - INFO - 正在下载第 091/198 页...
2026-03-01 04:06:26 - mkk_comic - app.py:582 - INFO - 正在下载第 092/198 页...
2026-03-01 04:06:26 - mkk_comic - app.py:582 - INFO - 正在下载第 093/198 页...
2026-03-01 04:06:26 - mkk_comic - app.py:582 - INFO - 正在下载第 094/198 页...
2026-03-01 04:06:27 - mkk_comic - app.py:582 - INFO - 正在下载第 095/198 页...
2026-03-01 04:06:27 - mkk_comic - app.py:582 - INFO - 正在下载第 096/198 页...
2026-03-01 04:06:27 - mkk_comic - app.py:582 - INFO - 正在下载第 097/198 页...
2026-03-01 04:06:27 - mkk_comic - app.py:582 - INFO - 正在下载第 098/198 页...
2026-03-01 04:06:27 - mkk_comic - app.py:582 - INFO - 正在下载第 099/198 页...
2026-03-01 04:06:27 - mkk_comic - app.py:582 - INFO - 正在下载第 100/198 页...
2026-03-01 04:06:27 - mkk_comic - app.py:582 - INFO - 正在下载第 101/198 页...
2026-03-01 04:06:27 - mkk_comic - app.py:582 - INFO - 正在下载第 102/198 页...
2026-03-01 04:06:27 - mkk_comic - app.py:582 - INFO - 正在下载第 103/198 页...
2026-03-01 04:06:27 - mkk_comic - app.py:582 - INFO - 正在下载第 104/198 页...
2026-03-01 04:06:27 - mkk_comic - app.py:582 - INFO - 正在下载第 105/198 页...
2026-03-01 04:06:27 - mkk_comic - app.py:582 - INFO - 正在下载第 106/198 页...
2026-03-01 04:06:27 - mkk_comic - app.py:582 - INFO - 正在下载第 107/198 页...
2026-03-01 04:06:27 - mkk_comic - app.py:582 - INFO - 正在下载第 108/198 页...
2026-03-01 04:06:27 - mkk_comic - app.py:582 - INFO - 正在下载第 109/198 页...
2026-03-01 04:06:27 - mkk_comic - app.py:582 - INFO - 正在下载第 110/198 页...
2026-03-01 04:06:27 - mkk_comic - app.py:582 - INFO - 正在下载第 111/198 页...
2026-03-01 04:06:27 - mkk_comic - app.py:582 - INFO - 正在下载第 112/198 页...
2026-03-01 04:06:27 - mkk_comic - app.py:582 - INFO - 正在下载第 113/198 页...
2026-03-01 04:06:27 - mkk_comic - app.py:582 - INFO - 正在下载第 114/198 页...
2026-03-01 04:06:27 - mkk_comic - app.py:582 - INFO - 正在下载第 115/198 页...
2026-03-01 04:06:27 - mkk_comic - app.py:582 - INFO - 正在下载第 116/198 页...
2026-03-01 04:06:27 - mkk_comic - app.py:582 - INFO - 正在下载第 117/198 页...
2026-03-01 04:06:27 - mkk_comic - app.py:582 - INFO - 正在下载第 118/198 页...
2026-03-01 04:06:27 - mkk_comic - app.py:582 - INFO - 正在下载第 119/198 页...
2026-03-01 04:06:27 - mkk_comic - app.py:582 - INFO - 正在下载第 120/198 页...
2026-03-01 04:06:27 - mkk_comic - app.py:582 - INFO - 正在下载第 121/198 页...
2026-03-01 04:06:27 - mkk_comic - app.py:582 - INFO - 正在下载第 122/198 页...
2026-03-01 04:06:27 - mkk_comic - app.py:582 - INFO - 正在下载第 123/198 页...
2026-03-01 04:06:27 - mkk_comic - app.py:582 - INFO - 正在下载第 124/198 页...
2026-03-01 04:06:27 - mkk_comic - app.py:582 - INFO - 正在下载第 125/198 页...
2026-03-01 04:06:27 - mkk_comic - app.py:582 - INFO - 正在下载第 126/198 页...
2026-03-01 04:06:27 - mkk_comic - app.py:582 - INFO - 正在下载第 127/198 页...
2026-03-01 04:06:27 - mkk_comic - app.py:582 - INFO - 正在下载第 128/198 页...
2026-03-01 04:06:27 - mkk_comic - app.py:582 - INFO - 正在下载第 129/198 页...
2026-03-01 04:06:27 - mkk_comic - app.py:582 - INFO - 正在下载第 130/198 页...
2026-03-01 04:06:27 - mkk_comic - app.py:582 - INFO - 正在下载第 131/198 页...
2026-03-01 04:06:27 - mkk_comic - app.py:582 - INFO - 正在下载第 132/198 页...
2026-03-01 04:06:28 - mkk_comic - app.py:582 - INFO - 正在下载第 133/198 页...
2026-03-01 04:06:28 - mkk_comic - app.py:582 - INFO - 正在下载第 134/198 页...
2026-03-01 04:06:28 - mkk_comic - app.py:582 - INFO - 正在下载第 135/198 页...
2026-03-01 04:06:28 - mkk_comic - app.py:582 - INFO - 正在下载第 136/198 页...
2026-03-01 04:06:28 - mkk_comic - app.py:582 - INFO - 正在下载第 137/198 页...
2026-03-01 04:06:28 - mkk_comic - app.py:582 - INFO - 正在下载第 138/198 页...
2026-03-01 04:06:28 - mkk_comic - app.py:582 - INFO - 正在下载第 139/198 页...
2026-03-01 04:06:28 - mkk_comic - app.py:582 - INFO - 正在下载第 140/198 页...
2026-03-01 04:06:28 - mkk_comic - app.py:582 - INFO - 正在下载第 141/198 页...
2026-03-01 04:06:28 - mkk_comic - app.py:582 - INFO - 正在下载第 142/198 页...
2026-03-01 04:06:28 - mkk_comic - app.py:582 - INFO - 正在下载第 143/198 页...
2026-03-01 04:06:28 - mkk_comic - app.py:582 - INFO - 正在下载第 144/198 页...
2026-03-01 04:06:28 - mkk_comic - app.py:582 - INFO - 正在下载第 145/198 页...
2026-03-01 04:06:28 - mkk_comic - app.py:582 - INFO - 正在下载第 146/198 页...
2026-03-01 04:06:28 - mkk_comic - app.py:582 - INFO - 正在下载第 147/198 页...
2026-03-01 04:06:28 - mkk_comic - app.py:582 - INFO - 正在下载第 148/198 页...
2026-03-01 04:06:28 - mkk_comic - app.py:582 - INFO - 正在下载第 149/198 页...
2026-03-01 04:06:28 - mkk_comic - app.py:582 - INFO - 正在下载第 150/198 页...
2026-03-01 04:06:28 - mkk_comic - app.py:582 - INFO - 正在下载第 151/198 页...
2026-03-01 04:06:28 - mkk_comic - app.py:582 - INFO - 正在下载第 152/198 页...
2026-03-01 04:06:28 - mkk_comic - app.py:582 - INFO - 正在下载第 153/198 页...
2026-03-01 04:06:28 - mkk_comic - app.py:582 - INFO - 正在下载第 154/198 页...
2026-03-01 04:06:28 - mkk_comic - app.py:582 - INFO - 正在下载第 155/198 页...
2026-03-01 04:06:28 - mkk_comic - app.py:582 - INFO - 正在下载第 156/198 页...
2026-03-01 04:06:28 - mkk_comic - app.py:582 - INFO - 正在下载第 157/198 页...
2026-03-01 04:06:28 - mkk_comic - app.py:582 - INFO - 正在下载第 158/198 页...
2026-03-01 04:06:28 - mkk_comic - app.py:582 - INFO - 正在下载第 159/198 页...
2026-03-01 04:06:28 - mkk_comic - app.py:582 - INFO - 正在下载第 160/198 页...
2026-03-01 04:06:28 - mkk_comic - app.py:582 - INFO - 正在下载第 161/198 页...
2026-03-01 04:06:28 - mkk_comic - app.py:582 - INFO - 正在下载第 162/198 页...
2026-03-01 04:06:28 - mkk_comic - app.py:582 - INFO - 正在下载第 163/198 页...
2026-03-01 04:06:28 - mkk_comic - app.py:582 - INFO - 正在下载第 164/198 页...
2026-03-01 04:06:28 - mkk_comic - app.py:582 - INFO - 正在下载第 165/198 页...
2026-03-01 04:06:28 - mkk_comic - app.py:582 - INFO - 正在下载第 166/198 页...
2026-03-01 04:06:28 - mkk_comic - app.py:582 - INFO - 正在下载第 167/198 页...
2026-03-01 04:06:29 - mkk_comic - app.py:582 - INFO - 正在下载第 168/198 页...
2026-03-01 04:06:29 - mkk_comic - app.py:582 - INFO - 正在下载第 169/198 页...
2026-03-01 04:06:29 - mkk_comic - app.py:582 - INFO - 正在下载第 170/198 页...
2026-03-01 04:06:29 - mkk_comic - app.py:582 - INFO - 正在下载第 171/198 页...
2026-03-01 04:06:29 - mkk_comic - app.py:582 - INFO - 正在下载第 172/198 页...
2026-03-01 04:06:29 - mkk_comic - app.py:582 - INFO - 正在下载第 173/198 页...
2026-03-01 04:06:29 - mkk_comic - app.py:582 - INFO - 正在下载第 174/198 页...
2026-03-01 04:06:29 - mkk_comic - app.py:582 - INFO - 正在下载第 175/198 页...
2026-03-01 04:06:29 - mkk_comic - app.py:582 - INFO - 正在下载第 176/198 页...
2026-03-01 04:06:29 - mkk_comic - app.py:582 - INFO - 正在下载第 177/198 页...
2026-03-01 04:06:29 - mkk_comic - app.py:582 - INFO - 正在下载第 178/198 页...
2026-03-01 04:06:29 - mkk_comic - app.py:582 - INFO - 正在下载第 179/198 页...
2026-03-01 04:06:29 - mkk_comic - app.py:582 - INFO - 正在下载第 180/198 页...
2026-03-01 04:06:29 - mkk_comic - app.py:582 - INFO - 正在下载第 181/198 页...
2026-03-01 04:06:29 - mkk_comic - app.py:582 - INFO - 正在下载第 182/198 页...
2026-03-01 04:06:29 - mkk_comic - app.py:582 - INFO - 正在下载第 183/198 页...
2026-03-01 04:06:29 - mkk_comic - app.py:582 - INFO - 正在下载第 184/198 页...
2026-03-01 04:06:29 - mkk_comic - app.py:582 - INFO - 正在下载第 185/198 页...
2026-03-01 04:06:29 - mkk_comic - app.py:582 - INFO - 正在下载第 186/198 页...
2026-03-01 04:06:29 - mkk_comic - app.py:582 - INFO - 正在下载第 187/198 页...
2026-03-01 04:06:29 - mkk_comic - app.py:582 - INFO - 正在下载第 188/198 页...
2026-03-01 04:06:29 - mkk_comic - app.py:582 - INFO - 正在下载第 189/198 页...
2026-03-01 04:06:29 - mkk_comic - app.py:582 - INFO - 正在下载第 190/198 页...
2026-03-01 04:06:29 - mkk_comic - app.py:582 - INFO - 正在下载第 191/198 页...
2026-03-01 04:06:29 - mkk_comic - app.py:582 - INFO - 正在下载第 192/198 页...
2026-03-01 04:06:29 - mkk_comic - app.py:582 - INFO - 正在下载第 193/198 页...
2026-03-01 04:06:29 - mkk_comic - app.py:582 - INFO - 正在下载第 194/198 页...
2026-03-01 04:06:29 - mkk_comic - app.py:582 - INFO - 正在下载第 195/198 页...
2026-03-01 04:06:29 - mkk_comic - app.py:582 - INFO - 正在下载第 196/198 页...
2026-03-01 04:06:29 - mkk_comic - app.py:582 - INFO - 正在下载第 197/198 页...
2026-03-01 04:06:29 - mkk_comic - app.py:582 - INFO - 正在下载第 198/198 页...
2026-03-01 04:06:41 - mkk_comic - app.py:511 - INFO - 下载完成!
2026-03-01 04:06:41 - mkk_comic - app.py:512 - INFO - 成功下载: 198/198 页
2026-03-01 04:06:41 - mkk_comic - app.py:494 - INFO - 正在下载第99章: 99卷    UUID:8e0e5680-1360-11ef-87bf-3f487b7d9a9a
2026-03-01 04:06:42 - mkk_comic - app.py:502 - INFO - 创建目录: ./out/海贼王/99卷
2026-03-01 04:06:42 - mkk_comic - app.py:505 - INFO - 开始下载: 海贼王 - 99卷
2026-03-01 04:06:42 - mkk_comic - app.py:506 - INFO - 总页数: 199
2026-03-01 04:06:42 - mkk_comic - app.py:582 - INFO - 正在下载第 001/199 页...
2026-03-01 04:06:42 - mkk_comic - app.py:582 - INFO - 正在下载第 002/199 页...
2026-03-01 04:06:42 - mkk_comic - app.py:582 - INFO - 正在下载第 003/199 页...
2026-03-01 04:06:42 - mkk_comic - app.py:582 - INFO - 正在下载第 004/199 页...
2026-03-01 04:06:42 - mkk_comic - app.py:582 - INFO - 正在下载第 005/199 页...
2026-03-01 04:06:42 - mkk_comic - app.py:582 - INFO - 正在下载第 006/199 页...
2026-03-01 04:06:42 - mkk_comic - app.py:582 - INFO - 正在下载第 007/199 页...
2026-03-01 04:06:42 - mkk_comic - app.py:582 - INFO - 正在下载第 008/199 页...
2026-03-01 04:06:42 - mkk_comic - app.py:582 - INFO - 正在下载第 009/199 页...
2026-03-01 04:06:42 - mkk_comic - app.py:582 - INFO - 正在下载第 010/199 页...
2026-03-01 04:06:42 - mkk_comic - app.py:582 - INFO - 正在下载第 011/199 页...
2026-03-01 04:06:42 - mkk_comic - app.py:582 - INFO - 正在下载第 012/199 页...
2026-03-01 04:06:42 - mkk_comic - app.py:582 - INFO - 正在下载第 013/199 页...
2026-03-01 04:06:42 - mkk_comic - app.py:582 - INFO - 正在下载第 014/199 页...
2026-03-01 04:06:42 - mkk_comic - app.py:582 - INFO - 正在下载第 015/199 页...
2026-03-01 04:06:42 - mkk_comic - app.py:582 - INFO - 正在下载第 016/199 页...
2026-03-01 04:06:42 - mkk_comic - app.py:582 - INFO - 正在下载第 017/199 页...
2026-03-01 04:06:42 - mkk_comic - app.py:582 - INFO - 正在下载第 018/199 页...
2026-03-01 04:06:42 - mkk_comic - app.py:582 - INFO - 正在下载第 019/199 页...
2026-03-01 04:06:42 - mkk_comic - app.py:582 - INFO - 正在下载第 020/199 页...
2026-03-01 04:06:42 - mkk_comic - app.py:582 - INFO - 正在下载第 021/199 页...
2026-03-01 04:06:42 - mkk_comic - app.py:582 - INFO - 正在下载第 022/199 页...
2026-03-01 04:06:42 - mkk_comic - app.py:582 - INFO - 正在下载第 023/199 页...
2026-03-01 04:06:42 - mkk_comic - app.py:582 - INFO - 正在下载第 024/199 页...
2026-03-01 04:06:42 - mkk_comic - app.py:582 - INFO - 正在下载第 025/199 页...
2026-03-01 04:06:42 - mkk_comic - app.py:582 - INFO - 正在下载第 026/199 页...
2026-03-01 04:06:43 - mkk_comic - app.py:582 - INFO - 正在下载第 027/199 页...
2026-03-01 04:06:43 - mkk_comic - app.py:582 - INFO - 正在下载第 028/199 页...
2026-03-01 04:06:43 - mkk_comic - app.py:582 - INFO - 正在下载第 029/199 页...
2026-03-01 04:06:43 - mkk_comic - app.py:582 - INFO - 正在下载第 030/199 页...
2026-03-01 04:06:43 - mkk_comic - app.py:582 - INFO - 正在下载第 031/199 页...
2026-03-01 04:06:43 - mkk_comic - app.py:582 - INFO - 正在下载第 032/199 页...
2026-03-01 04:06:43 - mkk_comic - app.py:582 - INFO - 正在下载第 033/199 页...
2026-03-01 04:06:43 - mkk_comic - app.py:582 - INFO - 正在下载第 034/199 页...
2026-03-01 04:06:43 - mkk_comic - app.py:582 - INFO - 正在下载第 035/199 页...
2026-03-01 04:06:43 - mkk_comic - app.py:582 - INFO - 正在下载第 036/199 页...
2026-03-01 04:06:43 - mkk_comic - app.py:582 - INFO - 正在下载第 037/199 页...
2026-03-01 04:06:43 - mkk_comic - app.py:582 - INFO - 正在下载第 038/199 页...
2026-03-01 04:06:43 - mkk_comic - app.py:582 - INFO - 正在下载第 039/199 页...
2026-03-01 04:06:43 - mkk_comic - app.py:582 - INFO - 正在下载第 040/199 页...
2026-03-01 04:06:43 - mkk_comic - app.py:582 - INFO - 正在下载第 041/199 页...
2026-03-01 04:06:43 - mkk_comic - app.py:582 - INFO - 正在下载第 042/199 页...
2026-03-01 04:06:43 - mkk_comic - app.py:582 - INFO - 正在下载第 043/199 页...
2026-03-01 04:06:43 - mkk_comic - app.py:582 - INFO - 正在下载第 044/199 页...
2026-03-01 04:06:43 - mkk_comic - app.py:582 - INFO - 正在下载第 045/199 页...
2026-03-01 04:06:43 - mkk_comic - app.py:582 - INFO - 正在下载第 046/199 页...
2026-03-01 04:06:43 - mkk_comic - app.py:582 - INFO - 正在下载第 047/199 页...
2026-03-01 04:06:43 - mkk_comic - app.py:582 - INFO - 正在下载第 048/199 页...
2026-03-01 04:06:43 - mkk_comic - app.py:582 - INFO - 正在下载第 049/199 页...
2026-03-01 04:06:43 - mkk_comic - app.py:582 - INFO - 正在下载第 050/199 页...
2026-03-01 04:06:43 - mkk_comic - app.py:582 - INFO - 正在下载第 051/199 页...
2026-03-01 04:06:43 - mkk_comic - app.py:582 - INFO - 正在下载第 052/199 页...
2026-03-01 04:06:43 - mkk_comic - app.py:582 - INFO - 正在下载第 053/199 页...
2026-03-01 04:06:43 - mkk_comic - app.py:582 - INFO - 正在下载第 054/199 页...
2026-03-01 04:06:43 - mkk_comic - app.py:582 - INFO - 正在下载第 055/199 页...
2026-03-01 04:06:43 - mkk_comic - app.py:582 - INFO - 正在下载第 056/199 页...
2026-03-01 04:06:43 - mkk_comic - app.py:582 - INFO - 正在下载第 057/199 页...
2026-03-01 04:06:44 - mkk_comic - app.py:582 - INFO - 正在下载第 058/199 页...
2026-03-01 04:06:44 - mkk_comic - app.py:582 - INFO - 正在下载第 059/199 页...
2026-03-01 04:06:44 - mkk_comic - app.py:582 - INFO - 正在下载第 060/199 页...
2026-03-01 04:06:44 - mkk_comic - app.py:582 - INFO - 正在下载第 061/199 页...
2026-03-01 04:06:44 - mkk_comic - app.py:582 - INFO - 正在下载第 062/199 页...
2026-03-01 04:06:44 - mkk_comic - app.py:582 - INFO - 正在下载第 063/199 页...
2026-03-01 04:06:44 - mkk_comic - app.py:582 - INFO - 正在下载第 064/199 页...
2026-03-01 04:06:44 - mkk_comic - app.py:582 - INFO - 正在下载第 065/199 页...
2026-03-01 04:06:44 - mkk_comic - app.py:582 - INFO - 正在下载第 066/199 页...
2026-03-01 04:06:44 - mkk_comic - app.py:582 - INFO - 正在下载第 067/199 页...
2026-03-01 04:06:44 - mkk_comic - app.py:582 - INFO - 正在下载第 068/199 页...
2026-03-01 04:06:44 - mkk_comic - app.py:582 - INFO - 正在下载第 069/199 页...
2026-03-01 04:06:44 - mkk_comic - app.py:582 - INFO - 正在下载第 070/199 页...
2026-03-01 04:06:44 - mkk_comic - app.py:582 - INFO - 正在下载第 071/199 页...
2026-03-01 04:06:44 - mkk_comic - app.py:582 - INFO - 正在下载第 072/199 页...
2026-03-01 04:06:44 - mkk_comic - app.py:582 - INFO - 正在下载第 073/199 页...
2026-03-01 04:06:44 - mkk_comic - app.py:582 - INFO - 正在下载第 074/199 页...
2026-03-01 04:06:44 - mkk_comic - app.py:582 - INFO - 正在下载第 075/199 页...
2026-03-01 04:06:44 - mkk_comic - app.py:582 - INFO - 正在下载第 076/199 页...
2026-03-01 04:06:44 - mkk_comic - app.py:582 - INFO - 正在下载第 077/199 页...
2026-03-01 04:06:44 - mkk_comic - app.py:582 - INFO - 正在下载第 078/199 页...
2026-03-01 04:06:44 - mkk_comic - app.py:582 - INFO - 正在下载第 079/199 页...
2026-03-01 04:06:44 - mkk_comic - app.py:582 - INFO - 正在下载第 080/199 页...
2026-03-01 04:06:44 - mkk_comic - app.py:582 - INFO - 正在下载第 081/199 页...
2026-03-01 04:06:44 - mkk_comic - app.py:582 - INFO - 正在下载第 082/199 页...
2026-03-01 04:06:44 - mkk_comic - app.py:582 - INFO - 正在下载第 083/199 页...
2026-03-01 04:06:44 - mkk_comic - app.py:582 - INFO - 正在下载第 084/199 页...
2026-03-01 04:06:45 - mkk_comic - app.py:582 - INFO - 正在下载第 085/199 页...
2026-03-01 04:06:45 - mkk_comic - app.py:582 - INFO - 正在下载第 086/199 页...
2026-03-01 04:06:45 - mkk_comic - app.py:582 - INFO - 正在下载第 087/199 页...
2026-03-01 04:06:45 - mkk_comic - app.py:582 - INFO - 正在下载第 088/199 页...
2026-03-01 04:06:45 - mkk_comic - app.py:582 - INFO - 正在下载第 089/199 页...
2026-03-01 04:06:45 - mkk_comic - app.py:582 - INFO - 正在下载第 090/199 页...
2026-03-01 04:06:45 - mkk_comic - app.py:582 - INFO - 正在下载第 091/199 页...
2026-03-01 04:06:45 - mkk_comic - app.py:582 - INFO - 正在下载第 092/199 页...
2026-03-01 04:06:45 - mkk_comic - app.py:582 - INFO - 正在下载第 093/199 页...
2026-03-01 04:06:45 - mkk_comic - app.py:582 - INFO - 正在下载第 094/199 页...
2026-03-01 04:06:45 - mkk_comic - app.py:582 - INFO - 正在下载第 095/199 页...
2026-03-01 04:06:45 - mkk_comic - app.py:582 - INFO - 正在下载第 096/199 页...
2026-03-01 04:06:45 - mkk_comic - app.py:582 - INFO - 正在下载第 097/199 页...
2026-03-01 04:06:45 - mkk_comic - app.py:582 - INFO - 正在下载第 098/199 页...
2026-03-01 04:06:45 - mkk_comic - app.py:582 - INFO - 正在下载第 099/199 页...
2026-03-01 04:06:45 - mkk_comic - app.py:582 - INFO - 正在下载第 100/199 页...
2026-03-01 04:06:45 - mkk_comic - app.py:582 - INFO - 正在下载第 101/199 页...
2026-03-01 04:06:45 - mkk_comic - app.py:582 - INFO - 正在下载第 102/199 页...
2026-03-01 04:06:45 - mkk_comic - app.py:582 - INFO - 正在下载第 103/199 页...
2026-03-01 04:06:45 - mkk_comic - app.py:582 - INFO - 正在下载第 104/199 页...
2026-03-01 04:06:45 - mkk_comic - app.py:582 - INFO - 正在下载第 105/199 页...
2026-03-01 04:06:45 - mkk_comic - app.py:582 - INFO - 正在下载第 106/199 页...
2026-03-01 04:06:45 - mkk_comic - app.py:582 - INFO - 正在下载第 107/199 页...
2026-03-01 04:06:46 - mkk_comic - app.py:582 - INFO - 正在下载第 108/199 页...
2026-03-01 04:06:46 - mkk_comic - app.py:582 - INFO - 正在下载第 109/199 页...
2026-03-01 04:06:46 - mkk_comic - app.py:582 - INFO - 正在下载第 110/199 页...
2026-03-01 04:06:46 - mkk_comic - app.py:582 - INFO - 正在下载第 111/199 页...
2026-03-01 04:06:46 - mkk_comic - app.py:582 - INFO - 正在下载第 112/199 页...
2026-03-01 04:06:46 - mkk_comic - app.py:582 - INFO - 正在下载第 113/199 页...
2026-03-01 04:06:46 - mkk_comic - app.py:582 - INFO - 正在下载第 114/199 页...
2026-03-01 04:06:46 - mkk_comic - app.py:582 - INFO - 正在下载第 115/199 页...
2026-03-01 04:06:46 - mkk_comic - app.py:582 - INFO - 正在下载第 116/199 页...
2026-03-01 04:06:46 - mkk_comic - app.py:582 - INFO - 正在下载第 117/199 页...
2026-03-01 04:06:46 - mkk_comic - app.py:582 - INFO - 正在下载第 118/199 页...
2026-03-01 04:06:46 - mkk_comic - app.py:582 - INFO - 正在下载第 119/199 页...
2026-03-01 04:06:46 - mkk_comic - app.py:582 - INFO - 正在下载第 120/199 页...
2026-03-01 04:06:46 - mkk_comic - app.py:582 - INFO - 正在下载第 121/199 页...
2026-03-01 04:06:46 - mkk_comic - app.py:582 - INFO - 正在下载第 122/199 页...
2026-03-01 04:06:46 - mkk_comic - app.py:582 - INFO - 正在下载第 123/199 页...
2026-03-01 04:06:46 - mkk_comic - app.py:582 - INFO - 正在下载第 124/199 页...
2026-03-01 04:06:46 - mkk_comic - app.py:582 - INFO - 正在下载第 125/199 页...
2026-03-01 04:06:46 - mkk_comic - app.py:582 - INFO - 正在下载第 126/199 页...
2026-03-01 04:06:46 - mkk_comic - app.py:582 - INFO - 正在下载第 127/199 页...
2026-03-01 04:06:46 - mkk_comic - app.py:582 - INFO - 正在下载第 128/199 页...
2026-03-01 04:06:47 - mkk_comic - app.py:582 - INFO - 正在下载第 129/199 页...
2026-03-01 04:06:47 - mkk_comic - app.py:582 - INFO - 正在下载第 130/199 页...
2026-03-01 04:06:47 - mkk_comic - app.py:582 - INFO - 正在下载第 131/199 页...
2026-03-01 04:06:47 - mkk_comic - app.py:582 - INFO - 正在下载第 132/199 页...
2026-03-01 04:06:47 - mkk_comic - app.py:582 - INFO - 正在下载第 133/199 页...
2026-03-01 04:06:47 - mkk_comic - app.py:582 - INFO - 正在下载第 134/199 页...
2026-03-01 04:06:47 - mkk_comic - app.py:582 - INFO - 正在下载第 135/199 页...
2026-03-01 04:06:47 - mkk_comic - app.py:582 - INFO - 正在下载第 136/199 页...
2026-03-01 04:06:47 - mkk_comic - app.py:582 - INFO - 正在下载第 137/199 页...
2026-03-01 04:06:47 - mkk_comic - app.py:582 - INFO - 正在下载第 138/199 页...
2026-03-01 04:06:47 - mkk_comic - app.py:582 - INFO - 正在下载第 139/199 页...
2026-03-01 04:06:47 - mkk_comic - app.py:582 - INFO - 正在下载第 140/199 页...
2026-03-01 04:06:47 - mkk_comic - app.py:582 - INFO - 正在下载第 141/199 页...
2026-03-01 04:06:47 - mkk_comic - app.py:582 - INFO - 正在下载第 142/199 页...
2026-03-01 04:06:47 - mkk_comic - app.py:582 - INFO - 正在下载第 143/199 页...
2026-03-01 04:06:47 - mkk_comic - app.py:582 - INFO - 正在下载第 144/199 页...
2026-03-01 04:06:47 - mkk_comic - app.py:582 - INFO - 正在下载第 145/199 页...
2026-03-01 04:06:47 - mkk_comic - app.py:582 - INFO - 正在下载第 146/199 页...
2026-03-01 04:06:47 - mkk_comic - app.py:582 - INFO - 正在下载第 147/199 页...
2026-03-01 04:06:47 - mkk_comic - app.py:582 - INFO - 正在下载第 148/199 页...
2026-03-01 04:06:47 - mkk_comic - app.py:582 - INFO - 正在下载第 149/199 页...
2026-03-01 04:06:47 - mkk_comic - app.py:582 - INFO - 正在下载第 150/199 页...
2026-03-01 04:06:47 - mkk_comic - app.py:582 - INFO - 正在下载第 151/199 页...
2026-03-01 04:06:47 - mkk_comic - app.py:582 - INFO - 正在下载第 152/199 页...
2026-03-01 04:06:47 - mkk_comic - app.py:582 - INFO - 正在下载第 153/199 页...
2026-03-01 04:06:47 - mkk_comic - app.py:582 - INFO - 正在下载第 154/199 页...
2026-03-01 04:06:47 - mkk_comic - app.py:582 - INFO - 正在下载第 155/199 页...
2026-03-01 04:06:48 - mkk_comic - app.py:582 - INFO - 正在下载第 156/199 页...
2026-03-01 04:06:48 - mkk_comic - app.py:582 - INFO - 正在下载第 157/199 页...
2026-03-01 04:06:48 - mkk_comic - app.py:582 - INFO - 正在下载第 158/199 页...
2026-03-01 04:06:48 - mkk_comic - app.py:582 - INFO - 正在下载第 159/199 页...
2026-03-01 04:06:48 - mkk_comic - app.py:582 - INFO - 正在下载第 160/199 页...
2026-03-01 04:06:48 - mkk_comic - app.py:582 - INFO - 正在下载第 161/199 页...
2026-03-01 04:06:48 - mkk_comic - app.py:582 - INFO - 正在下载第 162/199 页...
2026-03-01 04:06:48 - mkk_comic - app.py:582 - INFO - 正在下载第 163/199 页...
2026-03-01 04:06:48 - mkk_comic - app.py:582 - INFO - 正在下载第 164/199 页...
2026-03-01 04:06:48 - mkk_comic - app.py:582 - INFO - 正在下载第 165/199 页...
2026-03-01 04:06:48 - mkk_comic - app.py:582 - INFO - 正在下载第 166/199 页...
2026-03-01 04:06:48 - mkk_comic - app.py:582 - INFO - 正在下载第 167/199 页...
2026-03-01 04:06:48 - mkk_comic - app.py:582 - INFO - 正在下载第 168/199 页...
2026-03-01 04:06:48 - mkk_comic - app.py:582 - INFO - 正在下载第 169/199 页...
2026-03-01 04:06:48 - mkk_comic - app.py:582 - INFO - 正在下载第 170/199 页...
2026-03-01 04:06:48 - mkk_comic - app.py:582 - INFO - 正在下载第 171/199 页...
2026-03-01 04:06:48 - mkk_comic - app.py:582 - INFO - 正在下载第 172/199 页...
2026-03-01 04:06:48 - mkk_comic - app.py:582 - INFO - 正在下载第 173/199 页...
2026-03-01 04:06:48 - mkk_comic - app.py:582 - INFO - 正在下载第 174/199 页...
2026-03-01 04:06:48 - mkk_comic - app.py:582 - INFO - 正在下载第 175/199 页...
2026-03-01 04:06:48 - mkk_comic - app.py:582 - INFO - 正在下载第 176/199 页...
2026-03-01 04:06:48 - mkk_comic - app.py:582 - INFO - 正在下载第 177/199 页...
2026-03-01 04:06:48 - mkk_comic - app.py:582 - INFO - 正在下载第 178/199 页...
2026-03-01 04:06:48 - mkk_comic - app.py:582 - INFO - 正在下载第 179/199 页...
2026-03-01 04:06:48 - mkk_comic - app.py:582 - INFO - 正在下载第 180/199 页...
2026-03-01 04:06:48 - mkk_comic - app.py:582 - INFO - 正在下载第 181/199 页...
2026-03-01 04:06:49 - mkk_comic - app.py:582 - INFO - 正在下载第 182/199 页...
2026-03-01 04:06:49 - mkk_comic - app.py:582 - INFO - 正在下载第 183/199 页...
2026-03-01 04:06:49 - mkk_comic - app.py:582 - INFO - 正在下载第 184/199 页...
2026-03-01 04:06:49 - mkk_comic - app.py:582 - INFO - 正在下载第 185/199 页...
2026-03-01 04:06:49 - mkk_comic - app.py:582 - INFO - 正在下载第 186/199 页...
2026-03-01 04:06:49 - mkk_comic - app.py:582 - INFO - 正在下载第 187/199 页...
2026-03-01 04:06:49 - mkk_comic - app.py:582 - INFO - 正在下载第 188/199 页...
2026-03-01 04:06:49 - mkk_comic - app.py:582 - INFO - 正在下载第 189/199 页...
2026-03-01 04:06:49 - mkk_comic - app.py:582 - INFO - 正在下载第 190/199 页...
2026-03-01 04:06:49 - mkk_comic - app.py:582 - INFO - 正在下载第 191/199 页...
2026-03-01 04:06:49 - mkk_comic - app.py:582 - INFO - 正在下载第 192/199 页...
2026-03-01 04:06:49 - mkk_comic - app.py:582 - INFO - 正在下载第 193/199 页...
2026-03-01 04:06:49 - mkk_comic - app.py:582 - INFO - 正在下载第 194/199 页...
2026-03-01 04:06:49 - mkk_comic - app.py:582 - INFO - 正在下载第 195/199 页...
2026-03-01 04:06:49 - mkk_comic - app.py:582 - INFO - 正在下载第 196/199 页...
2026-03-01 04:06:49 - mkk_comic - app.py:582 - INFO - 正在下载第 197/199 页...
2026-03-01 04:06:49 - mkk_comic - app.py:582 - INFO - 正在下载第 198/199 页...
2026-03-01 04:06:49 - mkk_comic - app.py:582 - INFO - 正在下载第 199/199 页...
2026-03-01 04:06:49 - mkk_comic - app.py:511 - INFO - 下载完成!
2026-03-01 04:06:49 - mkk_comic - app.py:512 - INFO - 成功下载: 199/199 页
2026-03-01 04:06:49 - mkk_comic - app.py:838 - INFO - 【电锯人】上次下载至第94章
2026-03-01 04:06:50 - mkk_comic - app.py:845 - INFO - 【电锯人】检测到更新！最新：256章
2026-03-01 04:06:50 - mkk_comic - app.py:848 - INFO - 【电锯人】最大下载限制为5章-需下载95~99章）
2026-03-01 04:06:51 - mkk_comic - app.py:494 - INFO - 正在下载第95章: 第85话    UUID:9c18866a-fb45-11ea-a747-00163e0ca5bd
2026-03-01 04:06:51 - mkk_comic - app.py:502 - INFO - 创建目录: ./out/電鋸人/第85话
2026-03-01 04:06:51 - mkk_comic - app.py:505 - INFO - 开始下载: 電鋸人 - 第85话
2026-03-01 04:06:51 - mkk_comic - app.py:506 - INFO - 总页数: 28
2026-03-01 04:06:51 - mkk_comic - app.py:582 - INFO - 正在下载第 001/028 页...
2026-03-01 04:06:51 - mkk_comic - app.py:582 - INFO - 正在下载第 002/028 页...
2026-03-01 04:06:51 - mkk_comic - app.py:582 - INFO - 正在下载第 003/028 页...
2026-03-01 04:06:51 - mkk_comic - app.py:582 - INFO - 正在下载第 004/028 页...
2026-03-01 04:06:51 - mkk_comic - app.py:582 - INFO - 正在下载第 005/028 页...
2026-03-01 04:06:51 - mkk_comic - app.py:582 - INFO - 正在下载第 006/028 页...
2026-03-01 04:06:51 - mkk_comic - app.py:582 - INFO - 正在下载第 007/028 页...
2026-03-01 04:06:51 - mkk_comic - app.py:582 - INFO - 正在下载第 008/028 页...
2026-03-01 04:06:51 - mkk_comic - app.py:582 - INFO - 正在下载第 009/028 页...
2026-03-01 04:06:51 - mkk_comic - app.py:582 - INFO - 正在下载第 010/028 页...
2026-03-01 04:06:52 - mkk_comic - app.py:582 - INFO - 正在下载第 011/028 页...
2026-03-01 04:06:52 - mkk_comic - app.py:582 - INFO - 正在下载第 012/028 页...
2026-03-01 04:06:52 - mkk_comic - app.py:582 - INFO - 正在下载第 013/028 页...
2026-03-01 04:06:52 - mkk_comic - app.py:582 - INFO - 正在下载第 014/028 页...
2026-03-01 04:06:52 - mkk_comic - app.py:582 - INFO - 正在下载第 015/028 页...
2026-03-01 04:06:52 - mkk_comic - app.py:582 - INFO - 正在下载第 016/028 页...
2026-03-01 04:06:52 - mkk_comic - app.py:582 - INFO - 正在下载第 017/028 页...
2026-03-01 04:06:52 - mkk_comic - app.py:582 - INFO - 正在下载第 018/028 页...
2026-03-01 04:06:52 - mkk_comic - app.py:582 - INFO - 正在下载第 019/028 页...
2026-03-01 04:06:52 - mkk_comic - app.py:582 - INFO - 正在下载第 020/028 页...
2026-03-01 04:06:52 - mkk_comic - app.py:582 - INFO - 正在下载第 021/028 页...
2026-03-01 04:06:52 - mkk_comic - app.py:582 - INFO - 正在下载第 022/028 页...
2026-03-01 04:06:52 - mkk_comic - app.py:582 - INFO - 正在下载第 023/028 页...
2026-03-01 04:06:52 - mkk_comic - app.py:582 - INFO - 正在下载第 024/028 页...
2026-03-01 04:06:52 - mkk_comic - app.py:582 - INFO - 正在下载第 025/028 页...
2026-03-01 04:06:52 - mkk_comic - app.py:582 - INFO - 正在下载第 026/028 页...
2026-03-01 04:06:52 - mkk_comic - app.py:582 - INFO - 正在下载第 027/028 页...
2026-03-01 04:06:52 - mkk_comic - app.py:582 - INFO - 正在下载第 028/028 页...
2026-03-01 04:06:52 - mkk_comic - app.py:511 - INFO - 下载完成!
2026-03-01 04:06:52 - mkk_comic - app.py:512 - INFO - 成功下载: 28/28 页
2026-03-01 04:06:53 - mkk_comic - app.py:494 - INFO - 正在下载第96章: 第86话    UUID:6ac186c0-0e28-11eb-bc1b-00163e0ca5bd
2026-03-01 04:06:53 - mkk_comic - app.py:502 - INFO - 创建目录: ./out/電鋸人/第86话
2026-03-01 04:06:53 - mkk_comic - app.py:505 - INFO - 开始下载: 電鋸人 - 第86话
2026-03-01 04:06:53 - mkk_comic - app.py:506 - INFO - 总页数: 19
2026-03-01 04:06:53 - mkk_comic - app.py:582 - INFO - 正在下载第 001/019 页...
2026-03-01 04:06:53 - mkk_comic - app.py:582 - INFO - 正在下载第 002/019 页...
2026-03-01 04:06:53 - mkk_comic - app.py:582 - INFO - 正在下载第 003/019 页...
2026-03-01 04:06:53 - mkk_comic - app.py:582 - INFO - 正在下载第 004/019 页...
2026-03-01 04:06:53 - mkk_comic - app.py:582 - INFO - 正在下载第 005/019 页...
2026-03-01 04:06:53 - mkk_comic - app.py:582 - INFO - 正在下载第 006/019 页...
2026-03-01 04:06:53 - mkk_comic - app.py:582 - INFO - 正在下载第 007/019 页...
2026-03-01 04:06:53 - mkk_comic - app.py:582 - INFO - 正在下载第 008/019 页...
2026-03-01 04:06:53 - mkk_comic - app.py:582 - INFO - 正在下载第 009/019 页...
2026-03-01 04:06:53 - mkk_comic - app.py:582 - INFO - 正在下载第 010/019 页...
2026-03-01 04:06:54 - mkk_comic - app.py:582 - INFO - 正在下载第 011/019 页...
2026-03-01 04:06:54 - mkk_comic - app.py:582 - INFO - 正在下载第 012/019 页...
2026-03-01 04:06:54 - mkk_comic - app.py:582 - INFO - 正在下载第 013/019 页...
2026-03-01 04:06:54 - mkk_comic - app.py:582 - INFO - 正在下载第 014/019 页...
2026-03-01 04:06:54 - mkk_comic - app.py:582 - INFO - 正在下载第 015/019 页...
2026-03-01 04:06:54 - mkk_comic - app.py:582 - INFO - 正在下载第 016/019 页...
2026-03-01 04:06:54 - mkk_comic - app.py:582 - INFO - 正在下载第 017/019 页...
2026-03-01 04:06:54 - mkk_comic - app.py:582 - INFO - 正在下载第 018/019 页...
2026-03-01 04:06:54 - mkk_comic - app.py:582 - INFO - 正在下载第 019/019 页...
2026-03-01 04:06:54 - mkk_comic - app.py:511 - INFO - 下载完成!
2026-03-01 04:06:54 - mkk_comic - app.py:512 - INFO - 成功下载: 19/19 页
2026-03-01 04:06:55 - mkk_comic - app.py:494 - INFO - 正在下载第97章: 第87话    UUID:6ac1b1cc-0e28-11eb-bc1b-00163e0ca5bd
2026-03-01 04:06:56 - mkk_comic - app.py:502 - INFO - 创建目录: ./out/電鋸人/第87话
2026-03-01 04:06:56 - mkk_comic - app.py:505 - INFO - 开始下载: 電鋸人 - 第87话
2026-03-01 04:06:56 - mkk_comic - app.py:506 - INFO - 总页数: 18
2026-03-01 04:06:56 - mkk_comic - app.py:582 - INFO - 正在下载第 001/018 页...
2026-03-01 04:06:56 - mkk_comic - app.py:582 - INFO - 正在下载第 002/018 页...
2026-03-01 04:06:56 - mkk_comic - app.py:582 - INFO - 正在下载第 003/018 页...
2026-03-01 04:06:56 - mkk_comic - app.py:582 - INFO - 正在下载第 004/018 页...
2026-03-01 04:06:56 - mkk_comic - app.py:582 - INFO - 正在下载第 005/018 页...
2026-03-01 04:06:56 - mkk_comic - app.py:582 - INFO - 正在下载第 006/018 页...
2026-03-01 04:06:56 - mkk_comic - app.py:582 - INFO - 正在下载第 007/018 页...
2026-03-01 04:06:56 - mkk_comic - app.py:582 - INFO - 正在下载第 008/018 页...
2026-03-01 04:06:56 - mkk_comic - app.py:582 - INFO - 正在下载第 009/018 页...
2026-03-01 04:06:56 - mkk_comic - app.py:582 - INFO - 正在下载第 010/018 页...
2026-03-01 04:06:56 - mkk_comic - app.py:582 - INFO - 正在下载第 011/018 页...
2026-03-01 04:06:56 - mkk_comic - app.py:582 - INFO - 正在下载第 012/018 页...
2026-03-01 04:06:56 - mkk_comic - app.py:582 - INFO - 正在下载第 013/018 页...
2026-03-01 04:06:56 - mkk_comic - app.py:582 - INFO - 正在下载第 014/018 页...
2026-03-01 04:06:56 - mkk_comic - app.py:582 - INFO - 正在下载第 015/018 页...
2026-03-01 04:06:56 - mkk_comic - app.py:582 - INFO - 正在下载第 016/018 页...
2026-03-01 04:06:56 - mkk_comic - app.py:582 - INFO - 正在下载第 017/018 页...
2026-03-01 04:06:56 - mkk_comic - app.py:582 - INFO - 正在下载第 018/018 页...
2026-03-01 04:06:57 - mkk_comic - app.py:511 - INFO - 下载完成!
2026-03-01 04:06:57 - mkk_comic - app.py:512 - INFO - 成功下载: 18/18 页
2026-03-01 04:06:57 - mkk_comic - app.py:494 - INFO - 正在下载第98章: 第88话    UUID:6ac1da6c-0e28-11eb-bc1b-00163e0ca5bd
2026-03-01 04:06:58 - mkk_comic - app.py:502 - INFO - 创建目录: ./out/電鋸人/第88话
2026-03-01 04:06:58 - mkk_comic - app.py:505 - INFO - 开始下载: 電鋸人 - 第88话
2026-03-01 04:06:58 - mkk_comic - app.py:506 - INFO - 总页数: 18
2026-03-01 04:06:58 - mkk_comic - app.py:582 - INFO - 正在下载第 001/018 页...
2026-03-01 04:06:58 - mkk_comic - app.py:582 - INFO - 正在下载第 002/018 页...
2026-03-01 04:06:58 - mkk_comic - app.py:582 - INFO - 正在下载第 003/018 页...
2026-03-01 04:06:58 - mkk_comic - app.py:582 - INFO - 正在下载第 004/018 页...
2026-03-01 04:06:58 - mkk_comic - app.py:582 - INFO - 正在下载第 005/018 页...
2026-03-01 04:06:58 - mkk_comic - app.py:582 - INFO - 正在下载第 006/018 页...
2026-03-01 04:06:58 - mkk_comic - app.py:582 - INFO - 正在下载第 007/018 页...
2026-03-01 04:06:58 - mkk_comic - app.py:582 - INFO - 正在下载第 008/018 页...
2026-03-01 04:06:58 - mkk_comic - app.py:582 - INFO - 正在下载第 009/018 页...
2026-03-01 04:06:58 - mkk_comic - app.py:582 - INFO - 正在下载第 010/018 页...
2026-03-01 04:06:58 - mkk_comic - app.py:582 - INFO - 正在下载第 011/018 页...
2026-03-01 04:06:58 - mkk_comic - app.py:582 - INFO - 正在下载第 012/018 页...
2026-03-01 04:06:58 - mkk_comic - app.py:582 - INFO - 正在下载第 013/018 页...
2026-03-01 04:06:58 - mkk_comic - app.py:582 - INFO - 正在下载第 014/018 页...
2026-03-01 04:06:58 - mkk_comic - app.py:582 - INFO - 正在下载第 015/018 页...
2026-03-01 04:06:58 - mkk_comic - app.py:582 - INFO - 正在下载第 016/018 页...
2026-03-01 04:06:58 - mkk_comic - app.py:582 - INFO - 正在下载第 017/018 页...
2026-03-01 04:06:58 - mkk_comic - app.py:582 - INFO - 正在下载第 018/018 页...
2026-03-01 04:06:58 - mkk_comic - app.py:511 - INFO - 下载完成!
2026-03-01 04:06:58 - mkk_comic - app.py:512 - INFO - 成功下载: 18/18 页
2026-03-01 04:06:59 - mkk_comic - app.py:494 - INFO - 正在下载第99章: 第89话    UUID:3c56332a-1234-11eb-9e40-00163e0ca5bd
2026-03-01 04:07:00 - mkk_comic - app.py:502 - INFO - 创建目录: ./out/電鋸人/第89话
2026-03-01 04:07:00 - mkk_comic - app.py:505 - INFO - 开始下载: 電鋸人 - 第89话
2026-03-01 04:07:00 - mkk_comic - app.py:506 - INFO - 总页数: 20
2026-03-01 04:07:00 - mkk_comic - app.py:582 - INFO - 正在下载第 001/020 页...
2026-03-01 04:07:00 - mkk_comic - app.py:582 - INFO - 正在下载第 002/020 页...
2026-03-01 04:07:00 - mkk_comic - app.py:582 - INFO - 正在下载第 003/020 页...
2026-03-01 04:07:00 - mkk_comic - app.py:582 - INFO - 正在下载第 004/020 页...
2026-03-01 04:07:00 - mkk_comic - app.py:582 - INFO - 正在下载第 005/020 页...
2026-03-01 04:07:00 - mkk_comic - app.py:582 - INFO - 正在下载第 006/020 页...
2026-03-01 04:07:00 - mkk_comic - app.py:582 - INFO - 正在下载第 007/020 页...
2026-03-01 04:07:00 - mkk_comic - app.py:582 - INFO - 正在下载第 008/020 页...
2026-03-01 04:07:00 - mkk_comic - app.py:582 - INFO - 正在下载第 009/020 页...
2026-03-01 04:07:00 - mkk_comic - app.py:582 - INFO - 正在下载第 010/020 页...
2026-03-01 04:07:00 - mkk_comic - app.py:582 - INFO - 正在下载第 011/020 页...
2026-03-01 04:07:00 - mkk_comic - app.py:582 - INFO - 正在下载第 012/020 页...
2026-03-01 04:07:00 - mkk_comic - app.py:582 - INFO - 正在下载第 013/020 页...
2026-03-01 04:07:00 - mkk_comic - app.py:582 - INFO - 正在下载第 014/020 页...
2026-03-01 04:07:00 - mkk_comic - app.py:582 - INFO - 正在下载第 015/020 页...
2026-03-01 04:07:00 - mkk_comic - app.py:582 - INFO - 正在下载第 016/020 页...
2026-03-01 04:07:00 - mkk_comic - app.py:582 - INFO - 正在下载第 017/020 页...
2026-03-01 04:07:00 - mkk_comic - app.py:582 - INFO - 正在下载第 018/020 页...
2026-03-01 04:07:00 - mkk_comic - app.py:582 - INFO - 正在下载第 019/020 页...
2026-03-01 04:07:00 - mkk_comic - app.py:582 - INFO - 正在下载第 020/020 页...
2026-03-01 04:07:02 - mkk_comic - app.py:511 - INFO - 下载完成!
2026-03-01 04:07:02 - mkk_comic - app.py:512 - INFO - 成功下载: 20/20 页
2026-03-01 04:07:02 - mkk_comic - app.py:858 - INFO - ===== 检查更新完成 =====

