2026-07-02 05:33:51 - mkk_comic - app.py:868 - INFO - 运行环境：GitHub Actions（自动化模式）
2026-07-02 05:33:51 - mkk_comic - app.py:825 - INFO - ===== 开始检查更新=====
2026-07-02 05:33:51 - mkk_comic - app.py:843 - INFO - 【海贼王】上次下载至第391章
2026-07-02 05:33:52 - mkk_comic - app.py:846 - INFO - 该漫画更新至391章，不需要更新
2026-07-02 05:33:52 - mkk_comic - app.py:843 - INFO - 【电锯人】上次下载至第258章
2026-07-02 05:33:53 - mkk_comic - app.py:846 - INFO - 该漫画更新至258章，不需要更新
2026-07-02 05:33:53 - mkk_comic - app.py:843 - INFO - 【魔都精兵的奴隸】上次下载至第206章
2026-07-02 05:33:54 - mkk_comic - app.py:850 - INFO - 【魔都精兵的奴隸】检测到更新！最新：207章
2026-07-02 05:33:54 - mkk_comic - app.py:853 - INFO - 【魔都精兵的奴隸】最大下载限制为60章-需下载207~207章）
2026-07-02 05:33:55 - mkk_comic - app.py:494 - INFO - 正在下载第207章: 第182话    UUID:875c3d43-7520-11f1-b407-fa163e02432f
2026-07-02 05:33:56 - mkk_comic - app.py:502 - INFO - 创建目录: ./out/魔都精兵的奴隸/第182话
2026-07-02 05:33:56 - mkk_comic - app.py:505 - INFO - 开始下载: 魔都精兵的奴隸 - 第182话
2026-07-02 05:33:56 - mkk_comic - app.py:506 - INFO - 总页数: 22
2026-07-02 05:33:56 - mkk_comic - app.py:587 - INFO - 正在下载第 001/022 页...
2026-07-02 05:33:56 - mkk_comic - app.py:587 - INFO - 正在下载第 002/022 页...
2026-07-02 05:33:56 - mkk_comic - app.py:587 - INFO - 正在下载第 003/022 页...
2026-07-02 05:33:56 - mkk_comic - app.py:587 - INFO - 正在下载第 004/022 页...
2026-07-02 05:33:56 - mkk_comic - app.py:587 - INFO - 正在下载第 005/022 页...
2026-07-02 05:33:56 - mkk_comic - app.py:587 - INFO - 正在下载第 006/022 页...
2026-07-02 05:33:56 - mkk_comic - app.py:587 - INFO - 正在下载第 007/022 页...
2026-07-02 05:33:56 - mkk_comic - app.py:587 - INFO - 正在下载第 008/022 页...
2026-07-02 05:33:56 - mkk_comic - app.py:587 - INFO - 正在下载第 009/022 页...
2026-07-02 05:33:56 - mkk_comic - app.py:587 - INFO - 正在下载第 010/022 页...
2026-07-02 05:33:56 - mkk_comic - app.py:587 - INFO - 正在下载第 011/022 页...
2026-07-02 05:33:56 - mkk_comic - app.py:587 - INFO - 正在下载第 012/022 页...
2026-07-02 05:33:56 - mkk_comic - app.py:587 - INFO - 正在下载第 013/022 页...
2026-07-02 05:33:56 - mkk_comic - app.py:587 - INFO - 正在下载第 014/022 页...
2026-07-02 05:33:56 - mkk_comic - app.py:587 - INFO - 正在下载第 015/022 页...
2026-07-02 05:33:56 - mkk_comic - app.py:587 - INFO - 正在下载第 016/022 页...
2026-07-02 05:33:56 - mkk_comic - app.py:587 - INFO - 正在下载第 017/022 页...
2026-07-02 05:33:56 - mkk_comic - app.py:587 - INFO - 正在下载第 018/022 页...
2026-07-02 05:33:56 - mkk_comic - app.py:587 - INFO - 正在下载第 019/022 页...
2026-07-02 05:33:56 - mkk_comic - app.py:587 - INFO - 正在下载第 020/022 页...
2026-07-02 05:33:56 - mkk_comic - app.py:587 - INFO - 正在下载第 021/022 页...
2026-07-02 05:33:56 - mkk_comic - app.py:587 - INFO - 正在下载第 022/022 页...
2026-07-02 05:33:56 - mkk_comic - app.py:511 - INFO - 下载完成!
2026-07-02 05:33:56 - mkk_comic - app.py:512 - INFO - 成功下载: 22/22 页
2026-07-02 05:33:56 - mkk_comic - app.py:523 - INFO - 章节下载完成，等待 6.3 秒后继续...
2026-07-02 05:34:03 - mkk_comic - app.py:843 - INFO - 【我獨自升級】上次下载至第201章
2026-07-02 05:34:03 - mkk_comic - app.py:846 - INFO - 该漫画更新至201章，不需要更新
2026-07-02 05:34:03 - mkk_comic - app.py:843 - INFO - 【迷宮干】上次下载至第149章
2026-07-02 05:34:04 - mkk_comic - app.py:846 - INFO - 该漫画更新至149章，不需要更新
2026-07-02 05:34:04 - mkk_comic - app.py:863 - INFO - ===== 检查更新完成 =====

