2026-03-14 03:53:33 - mkk_comic - app.py:868 - INFO - 运行环境：GitHub Actions（自动化模式）
2026-03-14 03:53:33 - mkk_comic - app.py:825 - INFO - ===== 开始检查更新=====
2026-03-14 03:53:33 - mkk_comic - app.py:843 - INFO - 【海贼王】上次下载至第239章
2026-03-14 03:53:34 - mkk_comic - app.py:850 - INFO - 【海贼王】检测到更新！最新：381章
2026-03-14 03:53:34 - mkk_comic - app.py:853 - INFO - 【海贼王】最大下载限制为10章-需下载240~249章）
2026-03-14 03:53:35 - mkk_comic - app.py:494 - INFO - 正在下载第240章: 1035话    UUID:7318374e-6136-11ec-b893-024352452ce0
2026-03-14 03:53:36 - mkk_comic - app.py:502 - INFO - 创建目录: ./out/海贼王/1035话
2026-03-14 03:53:36 - mkk_comic - app.py:505 - INFO - 开始下载: 海贼王 - 1035话
2026-03-14 03:53:36 - mkk_comic - app.py:506 - INFO - 总页数: 17
2026-03-14 03:53:36 - mkk_comic - app.py:587 - INFO - 正在下载第 001/017 页...
2026-03-14 03:53:36 - mkk_comic - app.py:587 - INFO - 正在下载第 002/017 页...
2026-03-14 03:53:36 - mkk_comic - app.py:587 - INFO - 正在下载第 003/017 页...
2026-03-14 03:53:36 - mkk_comic - app.py:587 - INFO - 正在下载第 004/017 页...
2026-03-14 03:53:36 - mkk_comic - app.py:587 - INFO - 正在下载第 005/017 页...
2026-03-14 03:53:36 - mkk_comic - app.py:587 - INFO - 正在下载第 006/017 页...
2026-03-14 03:53:36 - mkk_comic - app.py:587 - INFO - 正在下载第 007/017 页...
2026-03-14 03:53:36 - mkk_comic - app.py:587 - INFO - 正在下载第 008/017 页...
2026-03-14 03:53:36 - mkk_comic - app.py:587 - INFO - 正在下载第 009/017 页...
2026-03-14 03:53:36 - mkk_comic - app.py:587 - INFO - 正在下载第 010/017 页...
2026-03-14 03:53:36 - mkk_comic - app.py:587 - INFO - 正在下载第 011/017 页...
2026-03-14 03:53:36 - mkk_comic - app.py:587 - INFO - 正在下载第 012/017 页...
2026-03-14 03:53:36 - mkk_comic - app.py:587 - INFO - 正在下载第 013/017 页...
2026-03-14 03:53:36 - mkk_comic - app.py:587 - INFO - 正在下载第 014/017 页...
2026-03-14 03:53:36 - mkk_comic - app.py:587 - INFO - 正在下载第 015/017 页...
2026-03-14 03:53:36 - mkk_comic - app.py:587 - INFO - 正在下载第 016/017 页...
2026-03-14 03:53:37 - mkk_comic - app.py:587 - INFO - 正在下载第 017/017 页...
2026-03-14 03:53:37 - mkk_comic - app.py:511 - INFO - 下载完成!
2026-03-14 03:53:37 - mkk_comic - app.py:512 - INFO - 成功下载: 17/17 页
2026-03-14 03:53:37 - mkk_comic - app.py:523 - INFO - 章节下载完成，等待 9.6 秒后继续...
2026-03-14 03:53:47 - mkk_comic - app.py:494 - INFO - 正在下载第241章: 1036话    UUID:75cb59f6-6d4a-11ec-8c0a-024352452ce0
2026-03-14 03:53:48 - mkk_comic - app.py:502 - INFO - 创建目录: ./out/海贼王/1036话
2026-03-14 03:53:48 - mkk_comic - app.py:505 - INFO - 开始下载: 海贼王 - 1036话
2026-03-14 03:53:48 - mkk_comic - app.py:506 - INFO - 总页数: 19
2026-03-14 03:53:48 - mkk_comic - app.py:587 - INFO - 正在下载第 001/019 页...
2026-03-14 03:53:48 - mkk_comic - app.py:587 - INFO - 正在下载第 002/019 页...
2026-03-14 03:53:48 - mkk_comic - app.py:587 - INFO - 正在下载第 003/019 页...
2026-03-14 03:53:48 - mkk_comic - app.py:587 - INFO - 正在下载第 004/019 页...
2026-03-14 03:53:48 - mkk_comic - app.py:587 - INFO - 正在下载第 005/019 页...
2026-03-14 03:53:48 - mkk_comic - app.py:587 - INFO - 正在下载第 006/019 页...
2026-03-14 03:53:48 - mkk_comic - app.py:587 - INFO - 正在下载第 007/019 页...
2026-03-14 03:53:48 - mkk_comic - app.py:587 - INFO - 正在下载第 008/019 页...
2026-03-14 03:53:48 - mkk_comic - app.py:587 - INFO - 正在下载第 009/019 页...
2026-03-14 03:53:48 - mkk_comic - app.py:587 - INFO - 正在下载第 010/019 页...
2026-03-14 03:53:48 - mkk_comic - app.py:587 - INFO - 正在下载第 011/019 页...
2026-03-14 03:53:48 - mkk_comic - app.py:587 - INFO - 正在下载第 012/019 页...
2026-03-14 03:53:48 - mkk_comic - app.py:587 - INFO - 正在下载第 013/019 页...
2026-03-14 03:53:48 - mkk_comic - app.py:587 - INFO - 正在下载第 014/019 页...
2026-03-14 03:53:48 - mkk_comic - app.py:587 - INFO - 正在下载第 015/019 页...
2026-03-14 03:53:48 - mkk_comic - app.py:587 - INFO - 正在下载第 016/019 页...
2026-03-14 03:53:49 - mkk_comic - app.py:587 - INFO - 正在下载第 017/019 页...
2026-03-14 03:53:49 - mkk_comic - app.py:587 - INFO - 正在下载第 018/019 页...
2026-03-14 03:53:49 - mkk_comic - app.py:587 - INFO - 正在下载第 019/019 页...
2026-03-14 03:53:49 - mkk_comic - app.py:511 - INFO - 下载完成!
2026-03-14 03:53:49 - mkk_comic - app.py:512 - INFO - 成功下载: 19/19 页
2026-03-14 03:53:49 - mkk_comic - app.py:523 - INFO - 章节下载完成，等待 7.7 秒后继续...
2026-03-14 03:53:57 - mkk_comic - app.py:494 - INFO - 正在下载第242章: 1037话    UUID:bca9ed80-7739-11ec-9b29-024352452ce0
2026-03-14 03:53:58 - mkk_comic - app.py:502 - INFO - 创建目录: ./out/海贼王/1037话
2026-03-14 03:53:58 - mkk_comic - app.py:505 - INFO - 开始下载: 海贼王 - 1037话
2026-03-14 03:53:58 - mkk_comic - app.py:506 - INFO - 总页数: 17
2026-03-14 03:53:58 - mkk_comic - app.py:587 - INFO - 正在下载第 001/017 页...
2026-03-14 03:53:58 - mkk_comic - app.py:587 - INFO - 正在下载第 002/017 页...
2026-03-14 03:53:58 - mkk_comic - app.py:587 - INFO - 正在下载第 003/017 页...
2026-03-14 03:53:58 - mkk_comic - app.py:587 - INFO - 正在下载第 004/017 页...
2026-03-14 03:53:58 - mkk_comic - app.py:587 - INFO - 正在下载第 005/017 页...
2026-03-14 03:53:58 - mkk_comic - app.py:587 - INFO - 正在下载第 006/017 页...
2026-03-14 03:53:58 - mkk_comic - app.py:587 - INFO - 正在下载第 007/017 页...
2026-03-14 03:53:58 - mkk_comic - app.py:587 - INFO - 正在下载第 008/017 页...
2026-03-14 03:53:58 - mkk_comic - app.py:587 - INFO - 正在下载第 009/017 页...
2026-03-14 03:53:58 - mkk_comic - app.py:587 - INFO - 正在下载第 010/017 页...
2026-03-14 03:53:59 - mkk_comic - app.py:587 - INFO - 正在下载第 011/017 页...
2026-03-14 03:53:59 - mkk_comic - app.py:587 - INFO - 正在下载第 012/017 页...
2026-03-14 03:53:59 - mkk_comic - app.py:587 - INFO - 正在下载第 013/017 页...
2026-03-14 03:53:59 - mkk_comic - app.py:587 - INFO - 正在下载第 014/017 页...
2026-03-14 03:53:59 - mkk_comic - app.py:587 - INFO - 正在下载第 015/017 页...
2026-03-14 03:53:59 - mkk_comic - app.py:587 - INFO - 正在下载第 016/017 页...
2026-03-14 03:53:59 - mkk_comic - app.py:587 - INFO - 正在下载第 017/017 页...
2026-03-14 03:53:59 - mkk_comic - app.py:511 - INFO - 下载完成!
2026-03-14 03:53:59 - mkk_comic - app.py:512 - INFO - 成功下载: 17/17 页
2026-03-14 03:53:59 - mkk_comic - app.py:523 - INFO - 章节下载完成，等待 8.7 秒后继续...
2026-03-14 03:54:09 - mkk_comic - app.py:494 - INFO - 正在下载第243章: 1038话    UUID:d401268c-823e-11ec-a65c-024352452ce0
2026-03-14 03:54:09 - mkk_comic - app.py:502 - INFO - 创建目录: ./out/海贼王/1038话
2026-03-14 03:54:09 - mkk_comic - app.py:505 - INFO - 开始下载: 海贼王 - 1038话
2026-03-14 03:54:09 - mkk_comic - app.py:506 - INFO - 总页数: 17
2026-03-14 03:54:09 - mkk_comic - app.py:587 - INFO - 正在下载第 001/017 页...
2026-03-14 03:54:09 - mkk_comic - app.py:587 - INFO - 正在下载第 002/017 页...
2026-03-14 03:54:09 - mkk_comic - app.py:587 - INFO - 正在下载第 003/017 页...
2026-03-14 03:54:09 - mkk_comic - app.py:587 - INFO - 正在下载第 004/017 页...
2026-03-14 03:54:09 - mkk_comic - app.py:587 - INFO - 正在下载第 005/017 页...
2026-03-14 03:54:09 - mkk_comic - app.py:587 - INFO - 正在下载第 006/017 页...
2026-03-14 03:54:10 - mkk_comic - app.py:587 - INFO - 正在下载第 007/017 页...
2026-03-14 03:54:10 - mkk_comic - app.py:587 - INFO - 正在下载第 008/017 页...
2026-03-14 03:54:10 - mkk_comic - app.py:587 - INFO - 正在下载第 009/017 页...
2026-03-14 03:54:10 - mkk_comic - app.py:587 - INFO - 正在下载第 010/017 页...
2026-03-14 03:54:10 - mkk_comic - app.py:587 - INFO - 正在下载第 011/017 页...
2026-03-14 03:54:10 - mkk_comic - app.py:587 - INFO - 正在下载第 012/017 页...
2026-03-14 03:54:10 - mkk_comic - app.py:587 - INFO - 正在下载第 013/017 页...
2026-03-14 03:54:10 - mkk_comic - app.py:587 - INFO - 正在下载第 014/017 页...
2026-03-14 03:54:10 - mkk_comic - app.py:587 - INFO - 正在下载第 015/017 页...
2026-03-14 03:54:10 - mkk_comic - app.py:587 - INFO - 正在下载第 016/017 页...
2026-03-14 03:54:10 - mkk_comic - app.py:587 - INFO - 正在下载第 017/017 页...
2026-03-14 03:54:10 - mkk_comic - app.py:511 - INFO - 下载完成!
2026-03-14 03:54:10 - mkk_comic - app.py:512 - INFO - 成功下载: 17/17 页
2026-03-14 03:54:10 - mkk_comic - app.py:523 - INFO - 章节下载完成，等待 7.0 秒后继续...
2026-03-14 03:54:18 - mkk_comic - app.py:494 - INFO - 正在下载第244章: 1039话    UUID:a5f924c0-87c9-11ec-ab48-024352452ce0
2026-03-14 03:54:19 - mkk_comic - app.py:502 - INFO - 创建目录: ./out/海贼王/1039话
2026-03-14 03:54:19 - mkk_comic - app.py:505 - INFO - 开始下载: 海贼王 - 1039话
2026-03-14 03:54:19 - mkk_comic - app.py:506 - INFO - 总页数: 19
2026-03-14 03:54:19 - mkk_comic - app.py:587 - INFO - 正在下载第 001/019 页...
2026-03-14 03:54:19 - mkk_comic - app.py:587 - INFO - 正在下载第 002/019 页...
2026-03-14 03:54:19 - mkk_comic - app.py:587 - INFO - 正在下载第 003/019 页...
2026-03-14 03:54:19 - mkk_comic - app.py:587 - INFO - 正在下载第 004/019 页...
2026-03-14 03:54:19 - mkk_comic - app.py:587 - INFO - 正在下载第 005/019 页...
2026-03-14 03:54:19 - mkk_comic - app.py:587 - INFO - 正在下载第 006/019 页...
2026-03-14 03:54:19 - mkk_comic - app.py:587 - INFO - 正在下载第 007/019 页...
2026-03-14 03:54:19 - mkk_comic - app.py:587 - INFO - 正在下载第 008/019 页...
2026-03-14 03:54:19 - mkk_comic - app.py:587 - INFO - 正在下载第 009/019 页...
2026-03-14 03:54:19 - mkk_comic - app.py:587 - INFO - 正在下载第 010/019 页...
2026-03-14 03:54:19 - mkk_comic - app.py:587 - INFO - 正在下载第 011/019 页...
2026-03-14 03:54:19 - mkk_comic - app.py:587 - INFO - 正在下载第 012/019 页...
2026-03-14 03:54:19 - mkk_comic - app.py:587 - INFO - 正在下载第 013/019 页...
2026-03-14 03:54:19 - mkk_comic - app.py:587 - INFO - 正在下载第 014/019 页...
2026-03-14 03:54:19 - mkk_comic - app.py:587 - INFO - 正在下载第 015/019 页...
2026-03-14 03:54:20 - mkk_comic - app.py:587 - INFO - 正在下载第 016/019 页...
2026-03-14 03:54:20 - mkk_comic - app.py:587 - INFO - 正在下载第 017/019 页...
2026-03-14 03:54:20 - mkk_comic - app.py:587 - INFO - 正在下载第 018/019 页...
2026-03-14 03:54:20 - mkk_comic - app.py:587 - INFO - 正在下载第 019/019 页...
2026-03-14 03:54:20 - mkk_comic - app.py:511 - INFO - 下载完成!
2026-03-14 03:54:20 - mkk_comic - app.py:512 - INFO - 成功下载: 19/19 页
2026-03-14 03:54:20 - mkk_comic - app.py:523 - INFO - 章节下载完成，等待 7.3 秒后继续...
2026-03-14 03:54:28 - mkk_comic - app.py:494 - INFO - 正在下载第245章: 1040话    UUID:34e587bc-8d4e-11ec-b1da-024352452ce0
2026-03-14 03:54:29 - mkk_comic - app.py:502 - INFO - 创建目录: ./out/海贼王/1040话
2026-03-14 03:54:29 - mkk_comic - app.py:505 - INFO - 开始下载: 海贼王 - 1040话
2026-03-14 03:54:29 - mkk_comic - app.py:506 - INFO - 总页数: 15
2026-03-14 03:54:29 - mkk_comic - app.py:587 - INFO - 正在下载第 001/015 页...
2026-03-14 03:54:29 - mkk_comic - app.py:587 - INFO - 正在下载第 002/015 页...
2026-03-14 03:54:29 - mkk_comic - app.py:587 - INFO - 正在下载第 003/015 页...
2026-03-14 03:54:29 - mkk_comic - app.py:587 - INFO - 正在下载第 004/015 页...
2026-03-14 03:54:29 - mkk_comic - app.py:587 - INFO - 正在下载第 005/015 页...
2026-03-14 03:54:29 - mkk_comic - app.py:587 - INFO - 正在下载第 006/015 页...
2026-03-14 03:54:29 - mkk_comic - app.py:587 - INFO - 正在下载第 007/015 页...
2026-03-14 03:54:29 - mkk_comic - app.py:587 - INFO - 正在下载第 008/015 页...
2026-03-14 03:54:29 - mkk_comic - app.py:587 - INFO - 正在下载第 009/015 页...
2026-03-14 03:54:29 - mkk_comic - app.py:587 - INFO - 正在下载第 010/015 页...
2026-03-14 03:54:29 - mkk_comic - app.py:587 - INFO - 正在下载第 011/015 页...
2026-03-14 03:54:29 - mkk_comic - app.py:587 - INFO - 正在下载第 012/015 页...
2026-03-14 03:54:30 - mkk_comic - app.py:587 - INFO - 正在下载第 013/015 页...
2026-03-14 03:54:30 - mkk_comic - app.py:587 - INFO - 正在下载第 014/015 页...
2026-03-14 03:54:30 - mkk_comic - app.py:587 - INFO - 正在下载第 015/015 页...
2026-03-14 03:54:30 - mkk_comic - app.py:511 - INFO - 下载完成!
2026-03-14 03:54:30 - mkk_comic - app.py:512 - INFO - 成功下载: 15/15 页
2026-03-14 03:54:30 - mkk_comic - app.py:523 - INFO - 章节下载完成，等待 8.4 秒后继续...
2026-03-14 03:54:39 - mkk_comic - app.py:494 - INFO - 正在下载第246章: 1041话    UUID:eb97ef70-983b-11ec-8236-024352452ce0
2026-03-14 03:54:40 - mkk_comic - app.py:502 - INFO - 创建目录: ./out/海贼王/1041话
2026-03-14 03:54:40 - mkk_comic - app.py:505 - INFO - 开始下载: 海贼王 - 1041话
2026-03-14 03:54:40 - mkk_comic - app.py:506 - INFO - 总页数: 17
2026-03-14 03:54:40 - mkk_comic - app.py:587 - INFO - 正在下载第 001/017 页...
2026-03-14 03:54:40 - mkk_comic - app.py:587 - INFO - 正在下载第 002/017 页...
2026-03-14 03:54:40 - mkk_comic - app.py:587 - INFO - 正在下载第 003/017 页...
2026-03-14 03:54:40 - mkk_comic - app.py:587 - INFO - 正在下载第 004/017 页...
2026-03-14 03:54:40 - mkk_comic - app.py:587 - INFO - 正在下载第 005/017 页...
2026-03-14 03:54:40 - mkk_comic - app.py:587 - INFO - 正在下载第 006/017 页...
2026-03-14 03:54:40 - mkk_comic - app.py:587 - INFO - 正在下载第 007/017 页...
2026-03-14 03:54:40 - mkk_comic - app.py:587 - INFO - 正在下载第 008/017 页...
2026-03-14 03:54:40 - mkk_comic - app.py:587 - INFO - 正在下载第 009/017 页...
2026-03-14 03:54:40 - mkk_comic - app.py:587 - INFO - 正在下载第 010/017 页...
2026-03-14 03:54:40 - mkk_comic - app.py:587 - INFO - 正在下载第 011/017 页...
2026-03-14 03:54:40 - mkk_comic - app.py:587 - INFO - 正在下载第 012/017 页...
2026-03-14 03:54:40 - mkk_comic - app.py:587 - INFO - 正在下载第 013/017 页...
2026-03-14 03:54:40 - mkk_comic - app.py:587 - INFO - 正在下载第 014/017 页...
2026-03-14 03:54:40 - mkk_comic - app.py:587 - INFO - 正在下载第 015/017 页...
2026-03-14 03:54:40 - mkk_comic - app.py:587 - INFO - 正在下载第 016/017 页...
2026-03-14 03:54:40 - mkk_comic - app.py:587 - INFO - 正在下载第 017/017 页...
2026-03-14 03:54:41 - mkk_comic - app.py:511 - INFO - 下载完成!
2026-03-14 03:54:41 - mkk_comic - app.py:512 - INFO - 成功下载: 17/17 页
2026-03-14 03:54:41 - mkk_comic - app.py:523 - INFO - 章节下载完成，等待 9.8 秒后继续...
2026-03-14 03:54:51 - mkk_comic - app.py:494 - INFO - 正在下载第247章: 1042话    UUID:faf6c642-9dba-11ec-8b17-024352452ce0
2026-03-14 03:54:52 - mkk_comic - app.py:502 - INFO - 创建目录: ./out/海贼王/1042话
2026-03-14 03:54:52 - mkk_comic - app.py:505 - INFO - 开始下载: 海贼王 - 1042话
2026-03-14 03:54:52 - mkk_comic - app.py:506 - INFO - 总页数: 17
2026-03-14 03:54:52 - mkk_comic - app.py:587 - INFO - 正在下载第 001/017 页...
2026-03-14 03:54:52 - mkk_comic - app.py:587 - INFO - 正在下载第 002/017 页...
2026-03-14 03:54:52 - mkk_comic - app.py:587 - INFO - 正在下载第 003/017 页...
2026-03-14 03:54:52 - mkk_comic - app.py:587 - INFO - 正在下载第 004/017 页...
2026-03-14 03:54:52 - mkk_comic - app.py:587 - INFO - 正在下载第 005/017 页...
2026-03-14 03:54:52 - mkk_comic - app.py:587 - INFO - 正在下载第 006/017 页...
2026-03-14 03:54:52 - mkk_comic - app.py:587 - INFO - 正在下载第 007/017 页...
2026-03-14 03:54:52 - mkk_comic - app.py:587 - INFO - 正在下载第 008/017 页...
2026-03-14 03:54:52 - mkk_comic - app.py:587 - INFO - 正在下载第 009/017 页...
2026-03-14 03:54:52 - mkk_comic - app.py:587 - INFO - 正在下载第 010/017 页...
2026-03-14 03:54:52 - mkk_comic - app.py:587 - INFO - 正在下载第 011/017 页...
2026-03-14 03:54:52 - mkk_comic - app.py:587 - INFO - 正在下载第 012/017 页...
2026-03-14 03:54:52 - mkk_comic - app.py:587 - INFO - 正在下载第 013/017 页...
2026-03-14 03:54:52 - mkk_comic - app.py:587 - INFO - 正在下载第 014/017 页...
2026-03-14 03:54:53 - mkk_comic - app.py:587 - INFO - 正在下载第 015/017 页...
2026-03-14 03:54:53 - mkk_comic - app.py:587 - INFO - 正在下载第 016/017 页...
2026-03-14 03:54:53 - mkk_comic - app.py:587 - INFO - 正在下载第 017/017 页...
2026-03-14 03:54:53 - mkk_comic - app.py:511 - INFO - 下载完成!
2026-03-14 03:54:53 - mkk_comic - app.py:512 - INFO - 成功下载: 17/17 页
2026-03-14 03:54:53 - mkk_comic - app.py:523 - INFO - 章节下载完成，等待 6.1 秒后继续...
2026-03-14 03:55:00 - mkk_comic - app.py:494 - INFO - 正在下载第248章: 1043话    UUID:8bafa5b8-a334-11ec-992f-024352452ce0
2026-03-14 03:55:00 - mkk_comic - app.py:502 - INFO - 创建目录: ./out/海贼王/1043话
2026-03-14 03:55:00 - mkk_comic - app.py:505 - INFO - 开始下载: 海贼王 - 1043话
2026-03-14 03:55:00 - mkk_comic - app.py:506 - INFO - 总页数: 17
2026-03-14 03:55:00 - mkk_comic - app.py:587 - INFO - 正在下载第 001/017 页...
2026-03-14 03:55:00 - mkk_comic - app.py:587 - INFO - 正在下载第 002/017 页...
2026-03-14 03:55:00 - mkk_comic - app.py:587 - INFO - 正在下载第 003/017 页...
2026-03-14 03:55:00 - mkk_comic - app.py:587 - INFO - 正在下载第 004/017 页...
2026-03-14 03:55:00 - mkk_comic - app.py:587 - INFO - 正在下载第 005/017 页...
2026-03-14 03:55:01 - mkk_comic - app.py:587 - INFO - 正在下载第 006/017 页...
2026-03-14 03:55:01 - mkk_comic - app.py:587 - INFO - 正在下载第 007/017 页...
2026-03-14 03:55:01 - mkk_comic - app.py:587 - INFO - 正在下载第 008/017 页...
2026-03-14 03:55:01 - mkk_comic - app.py:587 - INFO - 正在下载第 009/017 页...
2026-03-14 03:55:01 - mkk_comic - app.py:587 - INFO - 正在下载第 010/017 页...
2026-03-14 03:55:01 - mkk_comic - app.py:587 - INFO - 正在下载第 011/017 页...
2026-03-14 03:55:01 - mkk_comic - app.py:587 - INFO - 正在下载第 012/017 页...
2026-03-14 03:55:01 - mkk_comic - app.py:587 - INFO - 正在下载第 013/017 页...
2026-03-14 03:55:01 - mkk_comic - app.py:587 - INFO - 正在下载第 014/017 页...
2026-03-14 03:55:01 - mkk_comic - app.py:587 - INFO - 正在下载第 015/017 页...
2026-03-14 03:55:01 - mkk_comic - app.py:587 - INFO - 正在下载第 016/017 页...
2026-03-14 03:55:01 - mkk_comic - app.py:587 - INFO - 正在下载第 017/017 页...
2026-03-14 03:55:01 - mkk_comic - app.py:511 - INFO - 下载完成!
2026-03-14 03:55:01 - mkk_comic - app.py:512 - INFO - 成功下载: 17/17 页
2026-03-14 03:55:01 - mkk_comic - app.py:523 - INFO - 章节下载完成，等待 6.7 秒后继续...
2026-03-14 03:55:09 - mkk_comic - app.py:494 - INFO - 正在下载第249章: 1044话    UUID:c6d46380-ae43-11ec-bd2d-024352452ce0
2026-03-14 03:55:09 - mkk_comic - app.py:502 - INFO - 创建目录: ./out/海贼王/1044话
2026-03-14 03:55:09 - mkk_comic - app.py:505 - INFO - 开始下载: 海贼王 - 1044话
2026-03-14 03:55:09 - mkk_comic - app.py:506 - INFO - 总页数: 17
2026-03-14 03:55:09 - mkk_comic - app.py:587 - INFO - 正在下载第 001/017 页...
2026-03-14 03:55:09 - mkk_comic - app.py:587 - INFO - 正在下载第 002/017 页...
2026-03-14 03:55:09 - mkk_comic - app.py:587 - INFO - 正在下载第 003/017 页...
2026-03-14 03:55:09 - mkk_comic - app.py:587 - INFO - 正在下载第 004/017 页...
2026-03-14 03:55:09 - mkk_comic - app.py:587 - INFO - 正在下载第 005/017 页...
2026-03-14 03:55:10 - mkk_comic - app.py:587 - INFO - 正在下载第 006/017 页...
2026-03-14 03:55:10 - mkk_comic - app.py:587 - INFO - 正在下载第 007/017 页...
2026-03-14 03:55:10 - mkk_comic - app.py:587 - INFO - 正在下载第 008/017 页...
2026-03-14 03:55:10 - mkk_comic - app.py:587 - INFO - 正在下载第 009/017 页...
2026-03-14 03:55:10 - mkk_comic - app.py:587 - INFO - 正在下载第 010/017 页...
2026-03-14 03:55:10 - mkk_comic - app.py:587 - INFO - 正在下载第 011/017 页...
2026-03-14 03:55:10 - mkk_comic - app.py:587 - INFO - 正在下载第 012/017 页...
2026-03-14 03:55:10 - mkk_comic - app.py:587 - INFO - 正在下载第 013/017 页...
2026-03-14 03:55:10 - mkk_comic - app.py:587 - INFO - 正在下载第 014/017 页...
2026-03-14 03:55:10 - mkk_comic - app.py:587 - INFO - 正在下载第 015/017 页...
2026-03-14 03:55:10 - mkk_comic - app.py:587 - INFO - 正在下载第 016/017 页...
2026-03-14 03:55:10 - mkk_comic - app.py:587 - INFO - 正在下载第 017/017 页...
2026-03-14 03:55:11 - mkk_comic - app.py:511 - INFO - 下载完成!
2026-03-14 03:55:11 - mkk_comic - app.py:512 - INFO - 成功下载: 17/17 页
2026-03-14 03:55:11 - mkk_comic - app.py:523 - INFO - 章节下载完成，等待 8.7 秒后继续...
2026-03-14 03:55:19 - mkk_comic - app.py:843 - INFO - 【电锯人】上次下载至第257章
2026-03-14 03:55:20 - mkk_comic - app.py:846 - INFO - 该漫画更新至257章，不需要更新
2026-03-14 03:55:20 - mkk_comic - app.py:863 - INFO - ===== 检查更新完成 =====

2026-03-14 07:24:10 - mkk_comic - app.py:868 - INFO - 运行环境：GitHub Actions（自动化模式）
2026-03-14 07:24:10 - mkk_comic - app.py:825 - INFO - ===== 开始检查更新=====
2026-03-14 07:24:10 - mkk_comic - app.py:843 - INFO - 【海贼王】上次下载至第249章
2026-03-14 07:24:10 - mkk_comic - app.py:850 - INFO - 【海贼王】检测到更新！最新：381章
2026-03-14 07:24:10 - mkk_comic - app.py:853 - INFO - 【海贼王】最大下载限制为10章-需下载250~259章）
2026-03-14 07:24:11 - mkk_comic - app.py:494 - INFO - 正在下载第250章: 1045话    UUID:7432c68c-b3dc-11ec-8cdf-024352452ce0
2026-03-14 07:24:12 - mkk_comic - app.py:502 - INFO - 创建目录: ./out/海贼王/1045话
2026-03-14 07:24:12 - mkk_comic - app.py:505 - INFO - 开始下载: 海贼王 - 1045话
2026-03-14 07:24:12 - mkk_comic - app.py:506 - INFO - 总页数: 19
2026-03-14 07:24:12 - mkk_comic - app.py:587 - INFO - 正在下载第 001/019 页...
2026-03-14 07:24:12 - mkk_comic - app.py:587 - INFO - 正在下载第 002/019 页...
2026-03-14 07:24:12 - mkk_comic - app.py:587 - INFO - 正在下载第 003/019 页...
2026-03-14 07:24:12 - mkk_comic - app.py:587 - INFO - 正在下载第 004/019 页...
2026-03-14 07:24:12 - mkk_comic - app.py:587 - INFO - 正在下载第 005/019 页...
2026-03-14 07:24:12 - mkk_comic - app.py:587 - INFO - 正在下载第 006/019 页...
2026-03-14 07:24:12 - mkk_comic - app.py:587 - INFO - 正在下载第 007/019 页...
2026-03-14 07:24:12 - mkk_comic - app.py:587 - INFO - 正在下载第 008/019 页...
2026-03-14 07:24:12 - mkk_comic - app.py:587 - INFO - 正在下载第 009/019 页...
2026-03-14 07:24:12 - mkk_comic - app.py:587 - INFO - 正在下载第 010/019 页...
2026-03-14 07:24:12 - mkk_comic - app.py:587 - INFO - 正在下载第 011/019 页...
2026-03-14 07:24:12 - mkk_comic - app.py:587 - INFO - 正在下载第 012/019 页...
2026-03-14 07:24:12 - mkk_comic - app.py:587 - INFO - 正在下载第 013/019 页...
2026-03-14 07:24:12 - mkk_comic - app.py:587 - INFO - 正在下载第 014/019 页...
2026-03-14 07:24:12 - mkk_comic - app.py:587 - INFO - 正在下载第 015/019 页...
2026-03-14 07:24:12 - mkk_comic - app.py:587 - INFO - 正在下载第 016/019 页...
2026-03-14 07:24:12 - mkk_comic - app.py:587 - INFO - 正在下载第 017/019 页...
2026-03-14 07:24:12 - mkk_comic - app.py:587 - INFO - 正在下载第 018/019 页...
2026-03-14 07:24:12 - mkk_comic - app.py:587 - INFO - 正在下载第 019/019 页...
2026-03-14 07:24:12 - mkk_comic - app.py:511 - INFO - 下载完成!
2026-03-14 07:24:12 - mkk_comic - app.py:512 - INFO - 成功下载: 19/19 页
2026-03-14 07:24:12 - mkk_comic - app.py:523 - INFO - 章节下载完成，等待 8.2 秒后继续...
2026-03-14 07:24:21 - mkk_comic - app.py:494 - INFO - 正在下载第251章: 1046话    UUID:1b536c1e-b932-11ec-956b-024352452ce0
2026-03-14 07:24:22 - mkk_comic - app.py:502 - INFO - 创建目录: ./out/海贼王/1046话
2026-03-14 07:24:22 - mkk_comic - app.py:505 - INFO - 开始下载: 海贼王 - 1046话
2026-03-14 07:24:22 - mkk_comic - app.py:506 - INFO - 总页数: 17
2026-03-14 07:24:22 - mkk_comic - app.py:587 - INFO - 正在下载第 001/017 页...
2026-03-14 07:24:22 - mkk_comic - app.py:587 - INFO - 正在下载第 002/017 页...
2026-03-14 07:24:22 - mkk_comic - app.py:587 - INFO - 正在下载第 003/017 页...
2026-03-14 07:24:22 - mkk_comic - app.py:587 - INFO - 正在下载第 004/017 页...
2026-03-14 07:24:22 - mkk_comic - app.py:587 - INFO - 正在下载第 005/017 页...
2026-03-14 07:24:22 - mkk_comic - app.py:587 - INFO - 正在下载第 006/017 页...
2026-03-14 07:24:22 - mkk_comic - app.py:587 - INFO - 正在下载第 007/017 页...
2026-03-14 07:24:22 - mkk_comic - app.py:587 - INFO - 正在下载第 008/017 页...
2026-03-14 07:24:22 - mkk_comic - app.py:587 - INFO - 正在下载第 009/017 页...
2026-03-14 07:24:22 - mkk_comic - app.py:587 - INFO - 正在下载第 010/017 页...
2026-03-14 07:24:22 - mkk_comic - app.py:587 - INFO - 正在下载第 011/017 页...
2026-03-14 07:24:22 - mkk_comic - app.py:587 - INFO - 正在下载第 012/017 页...
2026-03-14 07:24:22 - mkk_comic - app.py:587 - INFO - 正在下载第 013/017 页...
2026-03-14 07:24:22 - mkk_comic - app.py:587 - INFO - 正在下载第 014/017 页...
2026-03-14 07:24:22 - mkk_comic - app.py:587 - INFO - 正在下载第 015/017 页...
2026-03-14 07:24:22 - mkk_comic - app.py:587 - INFO - 正在下载第 016/017 页...
2026-03-14 07:24:22 - mkk_comic - app.py:587 - INFO - 正在下载第 017/017 页...
2026-03-14 07:24:22 - mkk_comic - app.py:511 - INFO - 下载完成!
2026-03-14 07:24:22 - mkk_comic - app.py:512 - INFO - 成功下载: 17/17 页
2026-03-14 07:24:22 - mkk_comic - app.py:523 - INFO - 章节下载完成，等待 8.0 秒后继续...
2026-03-14 07:24:31 - mkk_comic - app.py:494 - INFO - 正在下载第252章: 1047话    UUID:a89ef622-c456-11ec-8187-024352452ce0
2026-03-14 07:24:32 - mkk_comic - app.py:502 - INFO - 创建目录: ./out/海贼王/1047话
2026-03-14 07:24:32 - mkk_comic - app.py:505 - INFO - 开始下载: 海贼王 - 1047话
2026-03-14 07:24:32 - mkk_comic - app.py:506 - INFO - 总页数: 19
2026-03-14 07:24:32 - mkk_comic - app.py:587 - INFO - 正在下载第 001/019 页...
2026-03-14 07:24:32 - mkk_comic - app.py:587 - INFO - 正在下载第 002/019 页...
2026-03-14 07:24:32 - mkk_comic - app.py:587 - INFO - 正在下载第 003/019 页...
2026-03-14 07:24:32 - mkk_comic - app.py:587 - INFO - 正在下载第 004/019 页...
2026-03-14 07:24:32 - mkk_comic - app.py:587 - INFO - 正在下载第 005/019 页...
2026-03-14 07:24:32 - mkk_comic - app.py:587 - INFO - 正在下载第 006/019 页...
2026-03-14 07:24:32 - mkk_comic - app.py:587 - INFO - 正在下载第 007/019 页...
2026-03-14 07:24:32 - mkk_comic - app.py:587 - INFO - 正在下载第 008/019 页...
2026-03-14 07:24:32 - mkk_comic - app.py:587 - INFO - 正在下载第 009/019 页...
2026-03-14 07:24:32 - mkk_comic - app.py:587 - INFO - 正在下载第 010/019 页...
2026-03-14 07:24:32 - mkk_comic - app.py:587 - INFO - 正在下载第 011/019 页...
2026-03-14 07:24:32 - mkk_comic - app.py:587 - INFO - 正在下载第 012/019 页...
2026-03-14 07:24:32 - mkk_comic - app.py:587 - INFO - 正在下载第 013/019 页...
2026-03-14 07:24:32 - mkk_comic - app.py:587 - INFO - 正在下载第 014/019 页...
2026-03-14 07:24:32 - mkk_comic - app.py:587 - INFO - 正在下载第 015/019 页...
2026-03-14 07:24:32 - mkk_comic - app.py:587 - INFO - 正在下载第 016/019 页...
2026-03-14 07:24:32 - mkk_comic - app.py:587 - INFO - 正在下载第 017/019 页...
2026-03-14 07:24:32 - mkk_comic - app.py:587 - INFO - 正在下载第 018/019 页...
2026-03-14 07:24:32 - mkk_comic - app.py:587 - INFO - 正在下载第 019/019 页...
2026-03-14 07:24:33 - mkk_comic - app.py:511 - INFO - 下载完成!
2026-03-14 07:24:33 - mkk_comic - app.py:512 - INFO - 成功下载: 19/19 页
2026-03-14 07:24:33 - mkk_comic - app.py:523 - INFO - 章节下载完成，等待 8.7 秒后继续...
2026-03-14 07:24:42 - mkk_comic - app.py:494 - INFO - 正在下载第253章: 1048话    UUID:59fc48f4-cf45-11ec-928e-024352452ce0
2026-03-14 07:24:43 - mkk_comic - app.py:502 - INFO - 创建目录: ./out/海贼王/1048话
2026-03-14 07:24:43 - mkk_comic - app.py:505 - INFO - 开始下载: 海贼王 - 1048话
2026-03-14 07:24:43 - mkk_comic - app.py:506 - INFO - 总页数: 17
2026-03-14 07:24:43 - mkk_comic - app.py:587 - INFO - 正在下载第 001/017 页...
2026-03-14 07:24:43 - mkk_comic - app.py:587 - INFO - 正在下载第 002/017 页...
2026-03-14 07:24:43 - mkk_comic - app.py:587 - INFO - 正在下载第 003/017 页...
2026-03-14 07:24:43 - mkk_comic - app.py:587 - INFO - 正在下载第 004/017 页...
2026-03-14 07:24:43 - mkk_comic - app.py:587 - INFO - 正在下载第 005/017 页...
2026-03-14 07:24:43 - mkk_comic - app.py:587 - INFO - 正在下载第 006/017 页...
2026-03-14 07:24:43 - mkk_comic - app.py:587 - INFO - 正在下载第 007/017 页...
2026-03-14 07:24:43 - mkk_comic - app.py:587 - INFO - 正在下载第 008/017 页...
2026-03-14 07:24:43 - mkk_comic - app.py:587 - INFO - 正在下载第 009/017 页...
2026-03-14 07:24:43 - mkk_comic - app.py:587 - INFO - 正在下载第 010/017 页...
2026-03-14 07:24:43 - mkk_comic - app.py:587 - INFO - 正在下载第 011/017 页...
2026-03-14 07:24:43 - mkk_comic - app.py:587 - INFO - 正在下载第 012/017 页...
2026-03-14 07:24:43 - mkk_comic - app.py:587 - INFO - 正在下载第 013/017 页...
2026-03-14 07:24:43 - mkk_comic - app.py:587 - INFO - 正在下载第 014/017 页...
2026-03-14 07:24:43 - mkk_comic - app.py:587 - INFO - 正在下载第 015/017 页...
2026-03-14 07:24:43 - mkk_comic - app.py:587 - INFO - 正在下载第 016/017 页...
2026-03-14 07:24:43 - mkk_comic - app.py:587 - INFO - 正在下载第 017/017 页...
2026-03-14 07:24:43 - mkk_comic - app.py:511 - INFO - 下载完成!
2026-03-14 07:24:43 - mkk_comic - app.py:512 - INFO - 成功下载: 17/17 页
2026-03-14 07:24:43 - mkk_comic - app.py:523 - INFO - 章节下载完成，等待 9.9 秒后继续...
2026-03-14 07:24:54 - mkk_comic - app.py:494 - INFO - 正在下载第254章: 1049话    UUID:7ac336c1-d4c1-11ec-9904-024352452ce0
2026-03-14 07:24:54 - mkk_comic - app.py:502 - INFO - 创建目录: ./out/海贼王/1049话
2026-03-14 07:24:54 - mkk_comic - app.py:505 - INFO - 开始下载: 海贼王 - 1049话
2026-03-14 07:24:54 - mkk_comic - app.py:506 - INFO - 总页数: 17
2026-03-14 07:24:54 - mkk_comic - app.py:587 - INFO - 正在下载第 001/017 页...
2026-03-14 07:24:54 - mkk_comic - app.py:587 - INFO - 正在下载第 002/017 页...
2026-03-14 07:24:54 - mkk_comic - app.py:587 - INFO - 正在下载第 003/017 页...
2026-03-14 07:24:54 - mkk_comic - app.py:587 - INFO - 正在下载第 004/017 页...
2026-03-14 07:24:54 - mkk_comic - app.py:587 - INFO - 正在下载第 005/017 页...
2026-03-14 07:24:54 - mkk_comic - app.py:587 - INFO - 正在下载第 006/017 页...
2026-03-14 07:24:54 - mkk_comic - app.py:587 - INFO - 正在下载第 007/017 页...
2026-03-14 07:24:54 - mkk_comic - app.py:587 - INFO - 正在下载第 008/017 页...
2026-03-14 07:24:54 - mkk_comic - app.py:587 - INFO - 正在下载第 009/017 页...
2026-03-14 07:24:55 - mkk_comic - app.py:587 - INFO - 正在下载第 010/017 页...
2026-03-14 07:24:55 - mkk_comic - app.py:587 - INFO - 正在下载第 011/017 页...
2026-03-14 07:24:55 - mkk_comic - app.py:587 - INFO - 正在下载第 012/017 页...
2026-03-14 07:24:55 - mkk_comic - app.py:587 - INFO - 正在下载第 013/017 页...
2026-03-14 07:24:55 - mkk_comic - app.py:587 - INFO - 正在下载第 014/017 页...
2026-03-14 07:24:55 - mkk_comic - app.py:587 - INFO - 正在下载第 015/017 页...
2026-03-14 07:24:55 - mkk_comic - app.py:587 - INFO - 正在下载第 016/017 页...
2026-03-14 07:24:55 - mkk_comic - app.py:587 - INFO - 正在下载第 017/017 页...
2026-03-14 07:24:55 - mkk_comic - app.py:511 - INFO - 下载完成!
2026-03-14 07:24:55 - mkk_comic - app.py:512 - INFO - 成功下载: 17/17 页
2026-03-14 07:24:55 - mkk_comic - app.py:523 - INFO - 章节下载完成，等待 6.2 秒后继续...
2026-03-14 07:25:02 - mkk_comic - app.py:494 - INFO - 正在下载第255章: 1050话    UUID:0905921a-dfbd-11ec-a452-024352452ce0
2026-03-14 07:25:02 - mkk_comic - app.py:502 - INFO - 创建目录: ./out/海贼王/1050话
2026-03-14 07:25:02 - mkk_comic - app.py:505 - INFO - 开始下载: 海贼王 - 1050话
2026-03-14 07:25:02 - mkk_comic - app.py:506 - INFO - 总页数: 17
2026-03-14 07:25:02 - mkk_comic - app.py:587 - INFO - 正在下载第 001/017 页...
2026-03-14 07:25:02 - mkk_comic - app.py:587 - INFO - 正在下载第 002/017 页...
2026-03-14 07:25:02 - mkk_comic - app.py:587 - INFO - 正在下载第 003/017 页...
2026-03-14 07:25:02 - mkk_comic - app.py:587 - INFO - 正在下载第 004/017 页...
2026-03-14 07:25:02 - mkk_comic - app.py:587 - INFO - 正在下载第 005/017 页...
2026-03-14 07:25:03 - mkk_comic - app.py:587 - INFO - 正在下载第 006/017 页...
2026-03-14 07:25:03 - mkk_comic - app.py:587 - INFO - 正在下载第 007/017 页...
2026-03-14 07:25:03 - mkk_comic - app.py:587 - INFO - 正在下载第 008/017 页...
2026-03-14 07:25:03 - mkk_comic - app.py:587 - INFO - 正在下载第 009/017 页...
2026-03-14 07:25:03 - mkk_comic - app.py:587 - INFO - 正在下载第 010/017 页...
2026-03-14 07:25:03 - mkk_comic - app.py:587 - INFO - 正在下载第 011/017 页...
2026-03-14 07:25:03 - mkk_comic - app.py:587 - INFO - 正在下载第 012/017 页...
2026-03-14 07:25:03 - mkk_comic - app.py:587 - INFO - 正在下载第 013/017 页...
2026-03-14 07:25:03 - mkk_comic - app.py:587 - INFO - 正在下载第 014/017 页...
2026-03-14 07:25:03 - mkk_comic - app.py:587 - INFO - 正在下载第 015/017 页...
2026-03-14 07:25:03 - mkk_comic - app.py:587 - INFO - 正在下载第 016/017 页...
2026-03-14 07:25:03 - mkk_comic - app.py:587 - INFO - 正在下载第 017/017 页...
2026-03-14 07:25:03 - mkk_comic - app.py:511 - INFO - 下载完成!
2026-03-14 07:25:03 - mkk_comic - app.py:512 - INFO - 成功下载: 17/17 页
2026-03-14 07:25:03 - mkk_comic - app.py:523 - INFO - 章节下载完成，等待 6.7 秒后继续...
2026-03-14 07:25:10 - mkk_comic - app.py:494 - INFO - 正在下载第256章: 1051话    UUID:672c64f3-e55a-11ec-a9a1-024352452ce0
2026-03-14 07:25:11 - mkk_comic - app.py:502 - INFO - 创建目录: ./out/海贼王/1051话
2026-03-14 07:25:11 - mkk_comic - app.py:505 - INFO - 开始下载: 海贼王 - 1051话
2026-03-14 07:25:11 - mkk_comic - app.py:506 - INFO - 总页数: 17
2026-03-14 07:25:11 - mkk_comic - app.py:587 - INFO - 正在下载第 001/017 页...
2026-03-14 07:25:11 - mkk_comic - app.py:587 - INFO - 正在下载第 002/017 页...
2026-03-14 07:25:11 - mkk_comic - app.py:587 - INFO - 正在下载第 003/017 页...
2026-03-14 07:25:11 - mkk_comic - app.py:587 - INFO - 正在下载第 004/017 页...
2026-03-14 07:25:11 - mkk_comic - app.py:587 - INFO - 正在下载第 005/017 页...
2026-03-14 07:25:11 - mkk_comic - app.py:587 - INFO - 正在下载第 006/017 页...
2026-03-14 07:25:11 - mkk_comic - app.py:587 - INFO - 正在下载第 007/017 页...
2026-03-14 07:25:11 - mkk_comic - app.py:587 - INFO - 正在下载第 008/017 页...
2026-03-14 07:25:11 - mkk_comic - app.py:587 - INFO - 正在下载第 009/017 页...
2026-03-14 07:25:11 - mkk_comic - app.py:587 - INFO - 正在下载第 010/017 页...
2026-03-14 07:25:11 - mkk_comic - app.py:587 - INFO - 正在下载第 011/017 页...
2026-03-14 07:25:11 - mkk_comic - app.py:587 - INFO - 正在下载第 012/017 页...
2026-03-14 07:25:11 - mkk_comic - app.py:587 - INFO - 正在下载第 013/017 页...
2026-03-14 07:25:11 - mkk_comic - app.py:587 - INFO - 正在下载第 014/017 页...
2026-03-14 07:25:11 - mkk_comic - app.py:587 - INFO - 正在下载第 015/017 页...
2026-03-14 07:25:11 - mkk_comic - app.py:587 - INFO - 正在下载第 016/017 页...
2026-03-14 07:25:11 - mkk_comic - app.py:587 - INFO - 正在下载第 017/017 页...
2026-03-14 07:25:12 - mkk_comic - app.py:511 - INFO - 下载完成!
2026-03-14 07:25:12 - mkk_comic - app.py:512 - INFO - 成功下载: 17/17 页
2026-03-14 07:25:12 - mkk_comic - app.py:523 - INFO - 章节下载完成，等待 5.2 秒后继续...
2026-03-14 07:25:17 - mkk_comic - app.py:494 - INFO - 正在下载第257章: 1052话    UUID:0088fb3e-eab9-11ec-ae45-024352452ce0
2026-03-14 07:25:18 - mkk_comic - app.py:502 - INFO - 创建目录: ./out/海贼王/1052话
2026-03-14 07:25:18 - mkk_comic - app.py:505 - INFO - 开始下载: 海贼王 - 1052话
2026-03-14 07:25:18 - mkk_comic - app.py:506 - INFO - 总页数: 17
2026-03-14 07:25:18 - mkk_comic - app.py:587 - INFO - 正在下载第 001/017 页...
2026-03-14 07:25:18 - mkk_comic - app.py:587 - INFO - 正在下载第 002/017 页...
2026-03-14 07:25:18 - mkk_comic - app.py:587 - INFO - 正在下载第 003/017 页...
2026-03-14 07:25:18 - mkk_comic - app.py:587 - INFO - 正在下载第 004/017 页...
2026-03-14 07:25:18 - mkk_comic - app.py:587 - INFO - 正在下载第 005/017 页...
2026-03-14 07:25:18 - mkk_comic - app.py:587 - INFO - 正在下载第 006/017 页...
2026-03-14 07:25:18 - mkk_comic - app.py:587 - INFO - 正在下载第 007/017 页...
2026-03-14 07:25:18 - mkk_comic - app.py:587 - INFO - 正在下载第 008/017 页...
2026-03-14 07:25:18 - mkk_comic - app.py:587 - INFO - 正在下载第 009/017 页...
2026-03-14 07:25:18 - mkk_comic - app.py:587 - INFO - 正在下载第 010/017 页...
2026-03-14 07:25:18 - mkk_comic - app.py:587 - INFO - 正在下载第 011/017 页...
2026-03-14 07:25:18 - mkk_comic - app.py:587 - INFO - 正在下载第 012/017 页...
2026-03-14 07:25:18 - mkk_comic - app.py:587 - INFO - 正在下载第 013/017 页...
2026-03-14 07:25:18 - mkk_comic - app.py:587 - INFO - 正在下载第 014/017 页...
2026-03-14 07:25:18 - mkk_comic - app.py:587 - INFO - 正在下载第 015/017 页...
2026-03-14 07:25:18 - mkk_comic - app.py:587 - INFO - 正在下载第 016/017 页...
2026-03-14 07:25:18 - mkk_comic - app.py:587 - INFO - 正在下载第 017/017 页...
2026-03-14 07:25:19 - mkk_comic - app.py:511 - INFO - 下载完成!
2026-03-14 07:25:19 - mkk_comic - app.py:512 - INFO - 成功下载: 17/17 页
2026-03-14 07:25:19 - mkk_comic - app.py:523 - INFO - 章节下载完成，等待 8.0 秒后继续...
2026-03-14 07:25:27 - mkk_comic - app.py:494 - INFO - 正在下载第258章: 1053话    UUID:69600f7e-f038-11ec-b39e-024352452ce0
2026-03-14 07:25:28 - mkk_comic - app.py:502 - INFO - 创建目录: ./out/海贼王/1053话
2026-03-14 07:25:28 - mkk_comic - app.py:505 - INFO - 开始下载: 海贼王 - 1053话
2026-03-14 07:25:28 - mkk_comic - app.py:506 - INFO - 总页数: 17
2026-03-14 07:25:28 - mkk_comic - app.py:587 - INFO - 正在下载第 001/017 页...
2026-03-14 07:25:28 - mkk_comic - app.py:587 - INFO - 正在下载第 002/017 页...
2026-03-14 07:25:28 - mkk_comic - app.py:587 - INFO - 正在下载第 003/017 页...
2026-03-14 07:25:28 - mkk_comic - app.py:587 - INFO - 正在下载第 004/017 页...
2026-03-14 07:25:28 - mkk_comic - app.py:587 - INFO - 正在下载第 005/017 页...
2026-03-14 07:25:28 - mkk_comic - app.py:587 - INFO - 正在下载第 006/017 页...
2026-03-14 07:25:28 - mkk_comic - app.py:587 - INFO - 正在下载第 007/017 页...
2026-03-14 07:25:28 - mkk_comic - app.py:587 - INFO - 正在下载第 008/017 页...
2026-03-14 07:25:28 - mkk_comic - app.py:587 - INFO - 正在下载第 009/017 页...
2026-03-14 07:25:28 - mkk_comic - app.py:587 - INFO - 正在下载第 010/017 页...
2026-03-14 07:25:28 - mkk_comic - app.py:587 - INFO - 正在下载第 011/017 页...
2026-03-14 07:25:28 - mkk_comic - app.py:587 - INFO - 正在下载第 012/017 页...
2026-03-14 07:25:28 - mkk_comic - app.py:587 - INFO - 正在下载第 013/017 页...
2026-03-14 07:25:28 - mkk_comic - app.py:587 - INFO - 正在下载第 014/017 页...
2026-03-14 07:25:28 - mkk_comic - app.py:587 - INFO - 正在下载第 015/017 页...
2026-03-14 07:25:28 - mkk_comic - app.py:587 - INFO - 正在下载第 016/017 页...
2026-03-14 07:25:28 - mkk_comic - app.py:587 - INFO - 正在下载第 017/017 页...
2026-03-14 07:25:29 - mkk_comic - app.py:511 - INFO - 下载完成!
2026-03-14 07:25:29 - mkk_comic - app.py:512 - INFO - 成功下载: 17/17 页
2026-03-14 07:25:29 - mkk_comic - app.py:523 - INFO - 章节下载完成，等待 5.7 秒后继续...
2026-03-14 07:25:35 - mkk_comic - app.py:494 - INFO - 正在下载第259章: 1054话    UUID:26996290-0bbc-11ed-8eff-024352452ce0
2026-03-14 07:25:35 - mkk_comic - app.py:502 - INFO - 创建目录: ./out/海贼王/1054话
2026-03-14 07:25:35 - mkk_comic - app.py:505 - INFO - 开始下载: 海贼王 - 1054话
2026-03-14 07:25:35 - mkk_comic - app.py:506 - INFO - 总页数: 19
2026-03-14 07:25:35 - mkk_comic - app.py:587 - INFO - 正在下载第 001/019 页...
2026-03-14 07:25:35 - mkk_comic - app.py:587 - INFO - 正在下载第 002/019 页...
2026-03-14 07:25:35 - mkk_comic - app.py:587 - INFO - 正在下载第 003/019 页...
2026-03-14 07:25:35 - mkk_comic - app.py:587 - INFO - 正在下载第 004/019 页...
2026-03-14 07:25:35 - mkk_comic - app.py:587 - INFO - 正在下载第 005/019 页...
2026-03-14 07:25:36 - mkk_comic - app.py:587 - INFO - 正在下载第 006/019 页...
2026-03-14 07:25:36 - mkk_comic - app.py:587 - INFO - 正在下载第 007/019 页...
2026-03-14 07:25:36 - mkk_comic - app.py:587 - INFO - 正在下载第 008/019 页...
2026-03-14 07:25:36 - mkk_comic - app.py:587 - INFO - 正在下载第 009/019 页...
2026-03-14 07:25:36 - mkk_comic - app.py:587 - INFO - 正在下载第 010/019 页...
2026-03-14 07:25:36 - mkk_comic - app.py:587 - INFO - 正在下载第 011/019 页...
2026-03-14 07:25:36 - mkk_comic - app.py:587 - INFO - 正在下载第 012/019 页...
2026-03-14 07:25:36 - mkk_comic - app.py:587 - INFO - 正在下载第 013/019 页...
2026-03-14 07:25:36 - mkk_comic - app.py:587 - INFO - 正在下载第 014/019 页...
2026-03-14 07:25:36 - mkk_comic - app.py:587 - INFO - 正在下载第 015/019 页...
2026-03-14 07:25:36 - mkk_comic - app.py:587 - INFO - 正在下载第 016/019 页...
2026-03-14 07:25:36 - mkk_comic - app.py:587 - INFO - 正在下载第 017/019 页...
2026-03-14 07:25:36 - mkk_comic - app.py:587 - INFO - 正在下载第 018/019 页...
2026-03-14 07:25:36 - mkk_comic - app.py:587 - INFO - 正在下载第 019/019 页...
2026-03-14 07:25:36 - mkk_comic - app.py:511 - INFO - 下载完成!
2026-03-14 07:25:36 - mkk_comic - app.py:512 - INFO - 成功下载: 19/19 页
2026-03-14 07:25:36 - mkk_comic - app.py:523 - INFO - 章节下载完成，等待 9.1 秒后继续...
2026-03-14 07:25:45 - mkk_comic - app.py:843 - INFO - 【电锯人】上次下载至第257章
2026-03-14 07:25:46 - mkk_comic - app.py:846 - INFO - 该漫画更新至257章，不需要更新
2026-03-14 07:25:46 - mkk_comic - app.py:863 - INFO - ===== 检查更新完成 =====

