2026-03-03 03:58:19 - mkk_comic - app.py:868 - INFO - 运行环境：GitHub Actions（自动化模式）
2026-03-03 03:58:19 - mkk_comic - app.py:825 - INFO - ===== 开始检查更新=====
2026-03-03 03:58:19 - mkk_comic - app.py:843 - INFO - 【海贼王】上次下载至第129章
2026-03-03 03:58:20 - mkk_comic - app.py:850 - INFO - 【海贼王】检测到更新！最新：379章
2026-03-03 03:58:20 - mkk_comic - app.py:853 - INFO - 【海贼王】最大下载限制为10章-需下载130~139章）
2026-03-03 03:58:21 - mkk_comic - app.py:494 - INFO - 正在下载第130章: 925话    UUID:2dd154f4-1152-11e9-89a1-024352452ce0
2026-03-03 03:58:21 - mkk_comic - app.py:502 - INFO - 创建目录: ./out/海贼王/925话
2026-03-03 03:58:21 - mkk_comic - app.py:505 - INFO - 开始下载: 海贼王 - 925话
2026-03-03 03:58:21 - mkk_comic - app.py:506 - INFO - 总页数: 16
2026-03-03 03:58:21 - mkk_comic - app.py:587 - INFO - 正在下载第 001/016 页...
2026-03-03 03:58:21 - mkk_comic - app.py:587 - INFO - 正在下载第 002/016 页...
2026-03-03 03:58:21 - mkk_comic - app.py:587 - INFO - 正在下载第 003/016 页...
2026-03-03 03:58:21 - mkk_comic - app.py:587 - INFO - 正在下载第 004/016 页...
2026-03-03 03:58:21 - mkk_comic - app.py:587 - INFO - 正在下载第 005/016 页...
2026-03-03 03:58:22 - mkk_comic - app.py:587 - INFO - 正在下载第 006/016 页...
2026-03-03 03:58:22 - mkk_comic - app.py:587 - INFO - 正在下载第 007/016 页...
2026-03-03 03:58:22 - mkk_comic - app.py:587 - INFO - 正在下载第 008/016 页...
2026-03-03 03:58:22 - mkk_comic - app.py:587 - INFO - 正在下载第 009/016 页...
2026-03-03 03:58:22 - mkk_comic - app.py:587 - INFO - 正在下载第 010/016 页...
2026-03-03 03:58:22 - mkk_comic - app.py:587 - INFO - 正在下载第 011/016 页...
2026-03-03 03:58:22 - mkk_comic - app.py:587 - INFO - 正在下载第 012/016 页...
2026-03-03 03:58:22 - mkk_comic - app.py:587 - INFO - 正在下载第 013/016 页...
2026-03-03 03:58:22 - mkk_comic - app.py:587 - INFO - 正在下载第 014/016 页...
2026-03-03 03:58:22 - mkk_comic - app.py:587 - INFO - 正在下载第 015/016 页...
2026-03-03 03:58:22 - mkk_comic - app.py:587 - INFO - 正在下载第 016/016 页...
2026-03-03 03:58:22 - mkk_comic - app.py:511 - INFO - 下载完成!
2026-03-03 03:58:22 - mkk_comic - app.py:512 - INFO - 成功下载: 16/16 页
2026-03-03 03:58:22 - mkk_comic - app.py:523 - INFO - 章节下载完成，等待 5.0 秒后继续...
2026-03-03 03:58:28 - mkk_comic - app.py:494 - INFO - 正在下载第131章: 926话    UUID:38416f28-1152-11e9-89a1-024352452ce0
2026-03-03 03:58:29 - mkk_comic - app.py:502 - INFO - 创建目录: ./out/海贼王/926话
2026-03-03 03:58:29 - mkk_comic - app.py:505 - INFO - 开始下载: 海贼王 - 926话
2026-03-03 03:58:29 - mkk_comic - app.py:506 - INFO - 总页数: 17
2026-03-03 03:58:29 - mkk_comic - app.py:587 - INFO - 正在下载第 001/017 页...
2026-03-03 03:58:29 - mkk_comic - app.py:587 - INFO - 正在下载第 002/017 页...
2026-03-03 03:58:29 - mkk_comic - app.py:587 - INFO - 正在下载第 003/017 页...
2026-03-03 03:58:29 - mkk_comic - app.py:587 - INFO - 正在下载第 004/017 页...
2026-03-03 03:58:29 - mkk_comic - app.py:587 - INFO - 正在下载第 005/017 页...
2026-03-03 03:58:29 - mkk_comic - app.py:587 - INFO - 正在下载第 006/017 页...
2026-03-03 03:58:29 - mkk_comic - app.py:587 - INFO - 正在下载第 007/017 页...
2026-03-03 03:58:29 - mkk_comic - app.py:587 - INFO - 正在下载第 008/017 页...
2026-03-03 03:58:29 - mkk_comic - app.py:587 - INFO - 正在下载第 009/017 页...
2026-03-03 03:58:29 - mkk_comic - app.py:587 - INFO - 正在下载第 010/017 页...
2026-03-03 03:58:29 - mkk_comic - app.py:587 - INFO - 正在下载第 011/017 页...
2026-03-03 03:58:29 - mkk_comic - app.py:587 - INFO - 正在下载第 012/017 页...
2026-03-03 03:58:29 - mkk_comic - app.py:587 - INFO - 正在下载第 013/017 页...
2026-03-03 03:58:29 - mkk_comic - app.py:587 - INFO - 正在下载第 014/017 页...
2026-03-03 03:58:29 - mkk_comic - app.py:587 - INFO - 正在下载第 015/017 页...
2026-03-03 03:58:29 - mkk_comic - app.py:587 - INFO - 正在下载第 016/017 页...
2026-03-03 03:58:29 - mkk_comic - app.py:587 - INFO - 正在下载第 017/017 页...
2026-03-03 03:58:30 - mkk_comic - app.py:511 - INFO - 下载完成!
2026-03-03 03:58:30 - mkk_comic - app.py:512 - INFO - 成功下载: 17/17 页
2026-03-03 03:58:30 - mkk_comic - app.py:523 - INFO - 章节下载完成，等待 9.1 秒后继续...
2026-03-03 03:58:39 - mkk_comic - app.py:494 - INFO - 正在下载第132章: 927话    UUID:3be47fb4-1152-11e9-89a1-024352452ce0
2026-03-03 03:58:40 - mkk_comic - app.py:502 - INFO - 创建目录: ./out/海贼王/927话
2026-03-03 03:58:40 - mkk_comic - app.py:505 - INFO - 开始下载: 海贼王 - 927话
2026-03-03 03:58:40 - mkk_comic - app.py:506 - INFO - 总页数: 16
2026-03-03 03:58:40 - mkk_comic - app.py:587 - INFO - 正在下载第 001/016 页...
2026-03-03 03:58:40 - mkk_comic - app.py:587 - INFO - 正在下载第 002/016 页...
2026-03-03 03:58:40 - mkk_comic - app.py:587 - INFO - 正在下载第 003/016 页...
2026-03-03 03:58:40 - mkk_comic - app.py:587 - INFO - 正在下载第 004/016 页...
2026-03-03 03:58:40 - mkk_comic - app.py:587 - INFO - 正在下载第 005/016 页...
2026-03-03 03:58:40 - mkk_comic - app.py:587 - INFO - 正在下载第 006/016 页...
2026-03-03 03:58:40 - mkk_comic - app.py:587 - INFO - 正在下载第 007/016 页...
2026-03-03 03:58:40 - mkk_comic - app.py:587 - INFO - 正在下载第 008/016 页...
2026-03-03 03:58:41 - mkk_comic - app.py:587 - INFO - 正在下载第 009/016 页...
2026-03-03 03:58:41 - mkk_comic - app.py:587 - INFO - 正在下载第 010/016 页...
2026-03-03 03:58:41 - mkk_comic - app.py:587 - INFO - 正在下载第 011/016 页...
2026-03-03 03:58:41 - mkk_comic - app.py:587 - INFO - 正在下载第 012/016 页...
2026-03-03 03:58:41 - mkk_comic - app.py:587 - INFO - 正在下载第 013/016 页...
2026-03-03 03:58:41 - mkk_comic - app.py:587 - INFO - 正在下载第 014/016 页...
2026-03-03 03:58:41 - mkk_comic - app.py:587 - INFO - 正在下载第 015/016 页...
2026-03-03 03:58:41 - mkk_comic - app.py:587 - INFO - 正在下载第 016/016 页...
2026-03-03 03:58:41 - mkk_comic - app.py:511 - INFO - 下载完成!
2026-03-03 03:58:41 - mkk_comic - app.py:512 - INFO - 成功下载: 16/16 页
2026-03-03 03:58:41 - mkk_comic - app.py:523 - INFO - 章节下载完成，等待 5.3 秒后继续...
2026-03-03 03:58:47 - mkk_comic - app.py:494 - INFO - 正在下载第133章: 928话    UUID:3fa629ec-1152-11e9-89a1-024352452ce0
2026-03-03 03:58:48 - mkk_comic - app.py:502 - INFO - 创建目录: ./out/海贼王/928话
2026-03-03 03:58:48 - mkk_comic - app.py:505 - INFO - 开始下载: 海贼王 - 928话
2026-03-03 03:58:48 - mkk_comic - app.py:506 - INFO - 总页数: 21
2026-03-03 03:58:48 - mkk_comic - app.py:587 - INFO - 正在下载第 001/021 页...
2026-03-03 03:58:48 - mkk_comic - app.py:587 - INFO - 正在下载第 002/021 页...
2026-03-03 03:58:48 - mkk_comic - app.py:587 - INFO - 正在下载第 003/021 页...
2026-03-03 03:58:48 - mkk_comic - app.py:587 - INFO - 正在下载第 004/021 页...
2026-03-03 03:58:48 - mkk_comic - app.py:587 - INFO - 正在下载第 005/021 页...
2026-03-03 03:58:48 - mkk_comic - app.py:587 - INFO - 正在下载第 006/021 页...
2026-03-03 03:58:48 - mkk_comic - app.py:587 - INFO - 正在下载第 007/021 页...
2026-03-03 03:58:48 - mkk_comic - app.py:587 - INFO - 正在下载第 008/021 页...
2026-03-03 03:58:48 - mkk_comic - app.py:587 - INFO - 正在下载第 009/021 页...
2026-03-03 03:58:48 - mkk_comic - app.py:587 - INFO - 正在下载第 010/021 页...
2026-03-03 03:58:48 - mkk_comic - app.py:587 - INFO - 正在下载第 011/021 页...
2026-03-03 03:58:48 - mkk_comic - app.py:587 - INFO - 正在下载第 012/021 页...
2026-03-03 03:58:48 - mkk_comic - app.py:587 - INFO - 正在下载第 013/021 页...
2026-03-03 03:58:48 - mkk_comic - app.py:587 - INFO - 正在下载第 014/021 页...
2026-03-03 03:58:48 - mkk_comic - app.py:587 - INFO - 正在下载第 015/021 页...
2026-03-03 03:58:48 - mkk_comic - app.py:587 - INFO - 正在下载第 016/021 页...
2026-03-03 03:58:48 - mkk_comic - app.py:587 - INFO - 正在下载第 017/021 页...
2026-03-03 03:58:48 - mkk_comic - app.py:587 - INFO - 正在下载第 018/021 页...
2026-03-03 03:58:48 - mkk_comic - app.py:587 - INFO - 正在下载第 019/021 页...
2026-03-03 03:58:48 - mkk_comic - app.py:587 - INFO - 正在下载第 020/021 页...
2026-03-03 03:58:48 - mkk_comic - app.py:587 - INFO - 正在下载第 021/021 页...
2026-03-03 03:58:49 - mkk_comic - app.py:511 - INFO - 下载完成!
2026-03-03 03:58:49 - mkk_comic - app.py:512 - INFO - 成功下载: 21/21 页
2026-03-03 03:58:49 - mkk_comic - app.py:523 - INFO - 章节下载完成，等待 6.2 秒后继续...
2026-03-03 03:58:56 - mkk_comic - app.py:494 - INFO - 正在下载第134章: 929话    UUID:4519360e-1152-11e9-89a1-024352452ce0
2026-03-03 03:58:56 - mkk_comic - app.py:502 - INFO - 创建目录: ./out/海贼王/929话
2026-03-03 03:58:56 - mkk_comic - app.py:505 - INFO - 开始下载: 海贼王 - 929话
2026-03-03 03:58:56 - mkk_comic - app.py:506 - INFO - 总页数: 16
2026-03-03 03:58:56 - mkk_comic - app.py:587 - INFO - 正在下载第 001/016 页...
2026-03-03 03:58:56 - mkk_comic - app.py:587 - INFO - 正在下载第 002/016 页...
2026-03-03 03:58:56 - mkk_comic - app.py:587 - INFO - 正在下载第 003/016 页...
2026-03-03 03:58:56 - mkk_comic - app.py:587 - INFO - 正在下载第 004/016 页...
2026-03-03 03:58:56 - mkk_comic - app.py:587 - INFO - 正在下载第 005/016 页...
2026-03-03 03:58:56 - mkk_comic - app.py:587 - INFO - 正在下载第 006/016 页...
2026-03-03 03:58:56 - mkk_comic - app.py:587 - INFO - 正在下载第 007/016 页...
2026-03-03 03:58:56 - mkk_comic - app.py:587 - INFO - 正在下载第 008/016 页...
2026-03-03 03:58:56 - mkk_comic - app.py:587 - INFO - 正在下载第 009/016 页...
2026-03-03 03:58:57 - mkk_comic - app.py:587 - INFO - 正在下载第 010/016 页...
2026-03-03 03:58:57 - mkk_comic - app.py:587 - INFO - 正在下载第 011/016 页...
2026-03-03 03:58:57 - mkk_comic - app.py:587 - INFO - 正在下载第 012/016 页...
2026-03-03 03:58:57 - mkk_comic - app.py:587 - INFO - 正在下载第 013/016 页...
2026-03-03 03:58:57 - mkk_comic - app.py:587 - INFO - 正在下载第 014/016 页...
2026-03-03 03:58:57 - mkk_comic - app.py:587 - INFO - 正在下载第 015/016 页...
2026-03-03 03:58:57 - mkk_comic - app.py:587 - INFO - 正在下载第 016/016 页...
2026-03-03 03:58:57 - mkk_comic - app.py:511 - INFO - 下载完成!
2026-03-03 03:58:57 - mkk_comic - app.py:512 - INFO - 成功下载: 16/16 页
2026-03-03 03:58:57 - mkk_comic - app.py:523 - INFO - 章节下载完成，等待 8.1 秒后继续...
2026-03-03 03:59:06 - mkk_comic - app.py:494 - INFO - 正在下载第135章: 930话    UUID:5e28e12c-1c82-11e9-89fc-024352452ce0
2026-03-03 03:59:06 - mkk_comic - app.py:502 - INFO - 创建目录: ./out/海贼王/930话
2026-03-03 03:59:06 - mkk_comic - app.py:505 - INFO - 开始下载: 海贼王 - 930话
2026-03-03 03:59:06 - mkk_comic - app.py:506 - INFO - 总页数: 16
2026-03-03 03:59:06 - mkk_comic - app.py:587 - INFO - 正在下载第 001/016 页...
2026-03-03 03:59:06 - mkk_comic - app.py:587 - INFO - 正在下载第 002/016 页...
2026-03-03 03:59:06 - mkk_comic - app.py:587 - INFO - 正在下载第 003/016 页...
2026-03-03 03:59:06 - mkk_comic - app.py:587 - INFO - 正在下载第 004/016 页...
2026-03-03 03:59:06 - mkk_comic - app.py:587 - INFO - 正在下载第 005/016 页...
2026-03-03 03:59:07 - mkk_comic - app.py:587 - INFO - 正在下载第 006/016 页...
2026-03-03 03:59:07 - mkk_comic - app.py:587 - INFO - 正在下载第 007/016 页...
2026-03-03 03:59:07 - mkk_comic - app.py:587 - INFO - 正在下载第 008/016 页...
2026-03-03 03:59:07 - mkk_comic - app.py:587 - INFO - 正在下载第 009/016 页...
2026-03-03 03:59:07 - mkk_comic - app.py:587 - INFO - 正在下载第 010/016 页...
2026-03-03 03:59:07 - mkk_comic - app.py:587 - INFO - 正在下载第 011/016 页...
2026-03-03 03:59:07 - mkk_comic - app.py:587 - INFO - 正在下载第 012/016 页...
2026-03-03 03:59:07 - mkk_comic - app.py:587 - INFO - 正在下载第 013/016 页...
2026-03-03 03:59:07 - mkk_comic - app.py:587 - INFO - 正在下载第 014/016 页...
2026-03-03 03:59:07 - mkk_comic - app.py:587 - INFO - 正在下载第 015/016 页...
2026-03-03 03:59:07 - mkk_comic - app.py:587 - INFO - 正在下载第 016/016 页...
2026-03-03 03:59:07 - mkk_comic - app.py:511 - INFO - 下载完成!
2026-03-03 03:59:07 - mkk_comic - app.py:512 - INFO - 成功下载: 16/16 页
2026-03-03 03:59:07 - mkk_comic - app.py:523 - INFO - 章节下载完成，等待 9.8 秒后继续...
2026-03-03 03:59:18 - mkk_comic - app.py:494 - INFO - 正在下载第136章: 931话    UUID:6aa85b2e-2936-11e9-8a63-024352452ce0
2026-03-03 03:59:18 - mkk_comic - app.py:502 - INFO - 创建目录: ./out/海贼王/931话
2026-03-03 03:59:18 - mkk_comic - app.py:505 - INFO - 开始下载: 海贼王 - 931话
2026-03-03 03:59:18 - mkk_comic - app.py:506 - INFO - 总页数: 17
2026-03-03 03:59:18 - mkk_comic - app.py:587 - INFO - 正在下载第 001/017 页...
2026-03-03 03:59:18 - mkk_comic - app.py:587 - INFO - 正在下载第 002/017 页...
2026-03-03 03:59:18 - mkk_comic - app.py:587 - INFO - 正在下载第 003/017 页...
2026-03-03 03:59:18 - mkk_comic - app.py:587 - INFO - 正在下载第 004/017 页...
2026-03-03 03:59:18 - mkk_comic - app.py:587 - INFO - 正在下载第 005/017 页...
2026-03-03 03:59:19 - mkk_comic - app.py:587 - INFO - 正在下载第 006/017 页...
2026-03-03 03:59:19 - mkk_comic - app.py:587 - INFO - 正在下载第 007/017 页...
2026-03-03 03:59:19 - mkk_comic - app.py:587 - INFO - 正在下载第 008/017 页...
2026-03-03 03:59:19 - mkk_comic - app.py:587 - INFO - 正在下载第 009/017 页...
2026-03-03 03:59:19 - mkk_comic - app.py:587 - INFO - 正在下载第 010/017 页...
2026-03-03 03:59:19 - mkk_comic - app.py:587 - INFO - 正在下载第 011/017 页...
2026-03-03 03:59:19 - mkk_comic - app.py:587 - INFO - 正在下载第 012/017 页...
2026-03-03 03:59:19 - mkk_comic - app.py:587 - INFO - 正在下载第 013/017 页...
2026-03-03 03:59:19 - mkk_comic - app.py:587 - INFO - 正在下载第 014/017 页...
2026-03-03 03:59:19 - mkk_comic - app.py:587 - INFO - 正在下载第 015/017 页...
2026-03-03 03:59:19 - mkk_comic - app.py:587 - INFO - 正在下载第 016/017 页...
2026-03-03 03:59:19 - mkk_comic - app.py:587 - INFO - 正在下载第 017/017 页...
2026-03-03 03:59:19 - mkk_comic - app.py:511 - INFO - 下载完成!
2026-03-03 03:59:19 - mkk_comic - app.py:512 - INFO - 成功下载: 17/17 页
2026-03-03 03:59:19 - mkk_comic - app.py:523 - INFO - 章节下载完成，等待 6.0 秒后继续...
2026-03-03 03:59:26 - mkk_comic - app.py:494 - INFO - 正在下载第137章: 932话    UUID:026ccae2-2f8d-11e9-8a8f-024352452ce0
2026-03-03 03:59:26 - mkk_comic - app.py:502 - INFO - 创建目录: ./out/海贼王/932话
2026-03-03 03:59:26 - mkk_comic - app.py:505 - INFO - 开始下载: 海贼王 - 932话
2026-03-03 03:59:26 - mkk_comic - app.py:506 - INFO - 总页数: 17
2026-03-03 03:59:26 - mkk_comic - app.py:587 - INFO - 正在下载第 001/017 页...
2026-03-03 03:59:26 - mkk_comic - app.py:587 - INFO - 正在下载第 002/017 页...
2026-03-03 03:59:26 - mkk_comic - app.py:587 - INFO - 正在下载第 003/017 页...
2026-03-03 03:59:26 - mkk_comic - app.py:587 - INFO - 正在下载第 004/017 页...
2026-03-03 03:59:26 - mkk_comic - app.py:587 - INFO - 正在下载第 005/017 页...
2026-03-03 03:59:27 - mkk_comic - app.py:587 - INFO - 正在下载第 006/017 页...
2026-03-03 03:59:27 - mkk_comic - app.py:587 - INFO - 正在下载第 007/017 页...
2026-03-03 03:59:27 - mkk_comic - app.py:587 - INFO - 正在下载第 008/017 页...
2026-03-03 03:59:27 - mkk_comic - app.py:587 - INFO - 正在下载第 009/017 页...
2026-03-03 03:59:27 - mkk_comic - app.py:587 - INFO - 正在下载第 010/017 页...
2026-03-03 03:59:27 - mkk_comic - app.py:587 - INFO - 正在下载第 011/017 页...
2026-03-03 03:59:27 - mkk_comic - app.py:587 - INFO - 正在下载第 012/017 页...
2026-03-03 03:59:27 - mkk_comic - app.py:587 - INFO - 正在下载第 013/017 页...
2026-03-03 03:59:27 - mkk_comic - app.py:587 - INFO - 正在下载第 014/017 页...
2026-03-03 03:59:27 - mkk_comic - app.py:587 - INFO - 正在下载第 015/017 页...
2026-03-03 03:59:27 - mkk_comic - app.py:587 - INFO - 正在下载第 016/017 页...
2026-03-03 03:59:27 - mkk_comic - app.py:587 - INFO - 正在下载第 017/017 页...
2026-03-03 03:59:28 - mkk_comic - app.py:511 - INFO - 下载完成!
2026-03-03 03:59:28 - mkk_comic - app.py:512 - INFO - 成功下载: 17/17 页
2026-03-03 03:59:28 - mkk_comic - app.py:523 - INFO - 章节下载完成，等待 7.1 秒后继续...
2026-03-03 03:59:35 - mkk_comic - app.py:494 - INFO - 正在下载第138章: 933话    UUID:229bc19e-3765-11e9-8aab-024352452ce0
2026-03-03 03:59:36 - mkk_comic - app.py:502 - INFO - 创建目录: ./out/海贼王/933话
2026-03-03 03:59:36 - mkk_comic - app.py:505 - INFO - 开始下载: 海贼王 - 933话
2026-03-03 03:59:36 - mkk_comic - app.py:506 - INFO - 总页数: 18
2026-03-03 03:59:36 - mkk_comic - app.py:587 - INFO - 正在下载第 001/018 页...
2026-03-03 03:59:36 - mkk_comic - app.py:587 - INFO - 正在下载第 002/018 页...
2026-03-03 03:59:36 - mkk_comic - app.py:587 - INFO - 正在下载第 003/018 页...
2026-03-03 03:59:36 - mkk_comic - app.py:587 - INFO - 正在下载第 004/018 页...
2026-03-03 03:59:36 - mkk_comic - app.py:587 - INFO - 正在下载第 005/018 页...
2026-03-03 03:59:36 - mkk_comic - app.py:587 - INFO - 正在下载第 006/018 页...
2026-03-03 03:59:36 - mkk_comic - app.py:587 - INFO - 正在下载第 007/018 页...
2026-03-03 03:59:36 - mkk_comic - app.py:587 - INFO - 正在下载第 008/018 页...
2026-03-03 03:59:36 - mkk_comic - app.py:587 - INFO - 正在下载第 009/018 页...
2026-03-03 03:59:36 - mkk_comic - app.py:587 - INFO - 正在下载第 010/018 页...
2026-03-03 03:59:36 - mkk_comic - app.py:587 - INFO - 正在下载第 011/018 页...
2026-03-03 03:59:36 - mkk_comic - app.py:587 - INFO - 正在下载第 012/018 页...
2026-03-03 03:59:36 - mkk_comic - app.py:587 - INFO - 正在下载第 013/018 页...
2026-03-03 03:59:36 - mkk_comic - app.py:587 - INFO - 正在下载第 014/018 页...
2026-03-03 03:59:37 - mkk_comic - app.py:587 - INFO - 正在下载第 015/018 页...
2026-03-03 03:59:37 - mkk_comic - app.py:587 - INFO - 正在下载第 016/018 页...
2026-03-03 03:59:37 - mkk_comic - app.py:587 - INFO - 正在下载第 017/018 页...
2026-03-03 03:59:37 - mkk_comic - app.py:587 - INFO - 正在下载第 018/018 页...
2026-03-03 03:59:37 - mkk_comic - app.py:511 - INFO - 下载完成!
2026-03-03 03:59:37 - mkk_comic - app.py:512 - INFO - 成功下载: 18/18 页
2026-03-03 03:59:37 - mkk_comic - app.py:523 - INFO - 章节下载完成，等待 5.2 秒后继续...
2026-03-03 03:59:43 - mkk_comic - app.py:494 - INFO - 正在下载第139章: 934话    UUID:24dab177-3765-11e9-8aab-024352452ce0
2026-03-03 03:59:44 - mkk_comic - app.py:502 - INFO - 创建目录: ./out/海贼王/934话
2026-03-03 03:59:44 - mkk_comic - app.py:505 - INFO - 开始下载: 海贼王 - 934话
2026-03-03 03:59:44 - mkk_comic - app.py:506 - INFO - 总页数: 16
2026-03-03 03:59:44 - mkk_comic - app.py:587 - INFO - 正在下载第 001/016 页...
2026-03-03 03:59:44 - mkk_comic - app.py:587 - INFO - 正在下载第 002/016 页...
2026-03-03 03:59:44 - mkk_comic - app.py:587 - INFO - 正在下载第 003/016 页...
2026-03-03 03:59:44 - mkk_comic - app.py:587 - INFO - 正在下载第 004/016 页...
2026-03-03 03:59:44 - mkk_comic - app.py:587 - INFO - 正在下载第 005/016 页...
2026-03-03 03:59:44 - mkk_comic - app.py:587 - INFO - 正在下载第 006/016 页...
2026-03-03 03:59:44 - mkk_comic - app.py:587 - INFO - 正在下载第 007/016 页...
2026-03-03 03:59:44 - mkk_comic - app.py:587 - INFO - 正在下载第 008/016 页...
2026-03-03 03:59:44 - mkk_comic - app.py:587 - INFO - 正在下载第 009/016 页...
2026-03-03 03:59:44 - mkk_comic - app.py:587 - INFO - 正在下载第 010/016 页...
2026-03-03 03:59:44 - mkk_comic - app.py:587 - INFO - 正在下载第 011/016 页...
2026-03-03 03:59:44 - mkk_comic - app.py:587 - INFO - 正在下载第 012/016 页...
2026-03-03 03:59:44 - mkk_comic - app.py:587 - INFO - 正在下载第 013/016 页...
2026-03-03 03:59:44 - mkk_comic - app.py:587 - INFO - 正在下载第 014/016 页...
2026-03-03 03:59:44 - mkk_comic - app.py:587 - INFO - 正在下载第 015/016 页...
2026-03-03 03:59:44 - mkk_comic - app.py:587 - INFO - 正在下载第 016/016 页...
2026-03-03 03:59:44 - mkk_comic - app.py:511 - INFO - 下载完成!
2026-03-03 03:59:44 - mkk_comic - app.py:512 - INFO - 成功下载: 16/16 页
2026-03-03 03:59:44 - mkk_comic - app.py:523 - INFO - 章节下载完成，等待 9.5 秒后继续...
2026-03-03 03:59:54 - mkk_comic - app.py:843 - INFO - 【电锯人】上次下载至第144章
2026-03-03 03:59:55 - mkk_comic - app.py:850 - INFO - 【电锯人】检测到更新！最新：256章
2026-03-03 03:59:55 - mkk_comic - app.py:853 - INFO - 【电锯人】最大下载限制为15章-需下载145~159章）
2026-03-03 03:59:55 - mkk_comic - app.py:494 - INFO - 正在下载第145章: 第121话    UUID:e18216f4-b276-11ed-a4e3-024352452ce0
2026-03-03 03:59:56 - mkk_comic - app.py:502 - INFO - 创建目录: ./out/電鋸人/第121话
2026-03-03 03:59:56 - mkk_comic - app.py:505 - INFO - 开始下载: 電鋸人 - 第121话
2026-03-03 03:59:56 - mkk_comic - app.py:506 - INFO - 总页数: 16
2026-03-03 03:59:56 - mkk_comic - app.py:587 - INFO - 正在下载第 001/016 页...
2026-03-03 03:59:56 - mkk_comic - app.py:587 - INFO - 正在下载第 002/016 页...
2026-03-03 03:59:56 - mkk_comic - app.py:587 - INFO - 正在下载第 003/016 页...
2026-03-03 03:59:56 - mkk_comic - app.py:587 - INFO - 正在下载第 004/016 页...
2026-03-03 03:59:56 - mkk_comic - app.py:587 - INFO - 正在下载第 005/016 页...
2026-03-03 03:59:56 - mkk_comic - app.py:587 - INFO - 正在下载第 006/016 页...
2026-03-03 03:59:56 - mkk_comic - app.py:587 - INFO - 正在下载第 007/016 页...
2026-03-03 03:59:56 - mkk_comic - app.py:587 - INFO - 正在下载第 008/016 页...
2026-03-03 03:59:56 - mkk_comic - app.py:587 - INFO - 正在下载第 009/016 页...
2026-03-03 03:59:56 - mkk_comic - app.py:587 - INFO - 正在下载第 010/016 页...
2026-03-03 03:59:56 - mkk_comic - app.py:587 - INFO - 正在下载第 011/016 页...
2026-03-03 03:59:57 - mkk_comic - app.py:587 - INFO - 正在下载第 012/016 页...
2026-03-03 03:59:57 - mkk_comic - app.py:587 - INFO - 正在下载第 013/016 页...
2026-03-03 03:59:57 - mkk_comic - app.py:587 - INFO - 正在下载第 014/016 页...
2026-03-03 03:59:57 - mkk_comic - app.py:587 - INFO - 正在下载第 015/016 页...
2026-03-03 03:59:57 - mkk_comic - app.py:587 - INFO - 正在下载第 016/016 页...
2026-03-03 03:59:57 - mkk_comic - app.py:511 - INFO - 下载完成!
2026-03-03 03:59:57 - mkk_comic - app.py:512 - INFO - 成功下载: 16/16 页
2026-03-03 03:59:57 - mkk_comic - app.py:523 - INFO - 章节下载完成，等待 6.8 秒后继续...
2026-03-03 04:00:04 - mkk_comic - app.py:494 - INFO - 正在下载第146章: 第122话    UUID:bd7b8f12-bda0-11ed-aa70-024352452ce0
2026-03-03 04:00:05 - mkk_comic - app.py:502 - INFO - 创建目录: ./out/電鋸人/第122话
2026-03-03 04:00:05 - mkk_comic - app.py:505 - INFO - 开始下载: 電鋸人 - 第122话
2026-03-03 04:00:05 - mkk_comic - app.py:506 - INFO - 总页数: 18
2026-03-03 04:00:05 - mkk_comic - app.py:587 - INFO - 正在下载第 001/018 页...
2026-03-03 04:00:05 - mkk_comic - app.py:587 - INFO - 正在下载第 002/018 页...
2026-03-03 04:00:05 - mkk_comic - app.py:587 - INFO - 正在下载第 003/018 页...
2026-03-03 04:00:05 - mkk_comic - app.py:587 - INFO - 正在下载第 004/018 页...
2026-03-03 04:00:05 - mkk_comic - app.py:587 - INFO - 正在下载第 005/018 页...
2026-03-03 04:00:05 - mkk_comic - app.py:587 - INFO - 正在下载第 006/018 页...
2026-03-03 04:00:05 - mkk_comic - app.py:587 - INFO - 正在下载第 007/018 页...
2026-03-03 04:00:05 - mkk_comic - app.py:587 - INFO - 正在下载第 008/018 页...
2026-03-03 04:00:05 - mkk_comic - app.py:587 - INFO - 正在下载第 009/018 页...
2026-03-03 04:00:05 - mkk_comic - app.py:587 - INFO - 正在下载第 010/018 页...
2026-03-03 04:00:05 - mkk_comic - app.py:587 - INFO - 正在下载第 011/018 页...
2026-03-03 04:00:06 - mkk_comic - app.py:587 - INFO - 正在下载第 012/018 页...
2026-03-03 04:00:06 - mkk_comic - app.py:587 - INFO - 正在下载第 013/018 页...
2026-03-03 04:00:06 - mkk_comic - app.py:587 - INFO - 正在下载第 014/018 页...
2026-03-03 04:00:06 - mkk_comic - app.py:587 - INFO - 正在下载第 015/018 页...
2026-03-03 04:00:06 - mkk_comic - app.py:587 - INFO - 正在下载第 016/018 页...
2026-03-03 04:00:06 - mkk_comic - app.py:587 - INFO - 正在下载第 017/018 页...
2026-03-03 04:00:06 - mkk_comic - app.py:587 - INFO - 正在下载第 018/018 页...
2026-03-03 04:00:06 - mkk_comic - app.py:511 - INFO - 下载完成!
2026-03-03 04:00:06 - mkk_comic - app.py:512 - INFO - 成功下载: 18/18 页
2026-03-03 04:00:06 - mkk_comic - app.py:523 - INFO - 章节下载完成，等待 8.1 秒后继续...
2026-03-03 04:00:15 - mkk_comic - app.py:494 - INFO - 正在下载第147章: 第123话    UUID:299b54f6-c306-11ed-ad0f-024352452ce0
2026-03-03 04:00:15 - mkk_comic - app.py:502 - INFO - 创建目录: ./out/電鋸人/第123话
2026-03-03 04:00:15 - mkk_comic - app.py:505 - INFO - 开始下载: 電鋸人 - 第123话
2026-03-03 04:00:15 - mkk_comic - app.py:506 - INFO - 总页数: 18
2026-03-03 04:00:15 - mkk_comic - app.py:587 - INFO - 正在下载第 001/018 页...
2026-03-03 04:00:15 - mkk_comic - app.py:587 - INFO - 正在下载第 002/018 页...
2026-03-03 04:00:15 - mkk_comic - app.py:587 - INFO - 正在下载第 003/018 页...
2026-03-03 04:00:15 - mkk_comic - app.py:587 - INFO - 正在下载第 004/018 页...
2026-03-03 04:00:15 - mkk_comic - app.py:587 - INFO - 正在下载第 005/018 页...
2026-03-03 04:00:15 - mkk_comic - app.py:587 - INFO - 正在下载第 006/018 页...
2026-03-03 04:00:15 - mkk_comic - app.py:587 - INFO - 正在下载第 007/018 页...
2026-03-03 04:00:15 - mkk_comic - app.py:587 - INFO - 正在下载第 008/018 页...
2026-03-03 04:00:16 - mkk_comic - app.py:587 - INFO - 正在下载第 009/018 页...
2026-03-03 04:00:16 - mkk_comic - app.py:587 - INFO - 正在下载第 010/018 页...
2026-03-03 04:00:16 - mkk_comic - app.py:587 - INFO - 正在下载第 011/018 页...
2026-03-03 04:00:16 - mkk_comic - app.py:587 - INFO - 正在下载第 012/018 页...
2026-03-03 04:00:16 - mkk_comic - app.py:587 - INFO - 正在下载第 013/018 页...
2026-03-03 04:00:16 - mkk_comic - app.py:587 - INFO - 正在下载第 014/018 页...
2026-03-03 04:00:16 - mkk_comic - app.py:587 - INFO - 正在下载第 015/018 页...
2026-03-03 04:00:16 - mkk_comic - app.py:587 - INFO - 正在下载第 016/018 页...
2026-03-03 04:00:16 - mkk_comic - app.py:587 - INFO - 正在下载第 017/018 页...
2026-03-03 04:00:16 - mkk_comic - app.py:587 - INFO - 正在下载第 018/018 页...
2026-03-03 04:00:16 - mkk_comic - app.py:511 - INFO - 下载完成!
2026-03-03 04:00:16 - mkk_comic - app.py:512 - INFO - 成功下载: 18/18 页
2026-03-03 04:00:16 - mkk_comic - app.py:523 - INFO - 章节下载完成，等待 8.8 秒后继续...
2026-03-03 04:00:25 - mkk_comic - app.py:494 - INFO - 正在下载第148章: 第124话    UUID:c54cc62c-cdd4-11ed-b175-024352452ce0
2026-03-03 04:00:26 - mkk_comic - app.py:502 - INFO - 创建目录: ./out/電鋸人/第124话
2026-03-03 04:00:26 - mkk_comic - app.py:505 - INFO - 开始下载: 電鋸人 - 第124话
2026-03-03 04:00:26 - mkk_comic - app.py:506 - INFO - 总页数: 17
2026-03-03 04:00:26 - mkk_comic - app.py:587 - INFO - 正在下载第 001/017 页...
2026-03-03 04:00:26 - mkk_comic - app.py:587 - INFO - 正在下载第 002/017 页...
2026-03-03 04:00:26 - mkk_comic - app.py:587 - INFO - 正在下载第 003/017 页...
2026-03-03 04:00:26 - mkk_comic - app.py:587 - INFO - 正在下载第 004/017 页...
2026-03-03 04:00:26 - mkk_comic - app.py:587 - INFO - 正在下载第 005/017 页...
2026-03-03 04:00:26 - mkk_comic - app.py:587 - INFO - 正在下载第 006/017 页...
2026-03-03 04:00:26 - mkk_comic - app.py:587 - INFO - 正在下载第 007/017 页...
2026-03-03 04:00:26 - mkk_comic - app.py:587 - INFO - 正在下载第 008/017 页...
2026-03-03 04:00:26 - mkk_comic - app.py:587 - INFO - 正在下载第 009/017 页...
2026-03-03 04:00:27 - mkk_comic - app.py:587 - INFO - 正在下载第 010/017 页...
2026-03-03 04:00:27 - mkk_comic - app.py:587 - INFO - 正在下载第 011/017 页...
2026-03-03 04:00:27 - mkk_comic - app.py:587 - INFO - 正在下载第 012/017 页...
2026-03-03 04:00:27 - mkk_comic - app.py:587 - INFO - 正在下载第 013/017 页...
2026-03-03 04:00:27 - mkk_comic - app.py:587 - INFO - 正在下载第 014/017 页...
2026-03-03 04:00:27 - mkk_comic - app.py:587 - INFO - 正在下载第 015/017 页...
2026-03-03 04:00:27 - mkk_comic - app.py:587 - INFO - 正在下载第 016/017 页...
2026-03-03 04:00:27 - mkk_comic - app.py:587 - INFO - 正在下载第 017/017 页...
2026-03-03 04:00:27 - mkk_comic - app.py:511 - INFO - 下载完成!
2026-03-03 04:00:27 - mkk_comic - app.py:512 - INFO - 成功下载: 17/17 页
2026-03-03 04:00:27 - mkk_comic - app.py:523 - INFO - 章节下载完成，等待 8.3 秒后继续...
2026-03-03 04:00:36 - mkk_comic - app.py:494 - INFO - 正在下载第149章: 第125话    UUID:6262c6e8-d354-11ed-9456-024352452ce0
2026-03-03 04:00:37 - mkk_comic - app.py:502 - INFO - 创建目录: ./out/電鋸人/第125话
2026-03-03 04:00:37 - mkk_comic - app.py:505 - INFO - 开始下载: 電鋸人 - 第125话
2026-03-03 04:00:37 - mkk_comic - app.py:506 - INFO - 总页数: 16
2026-03-03 04:00:37 - mkk_comic - app.py:587 - INFO - 正在下载第 001/016 页...
2026-03-03 04:00:37 - mkk_comic - app.py:587 - INFO - 正在下载第 002/016 页...
2026-03-03 04:00:37 - mkk_comic - app.py:587 - INFO - 正在下载第 003/016 页...
2026-03-03 04:00:37 - mkk_comic - app.py:587 - INFO - 正在下载第 004/016 页...
2026-03-03 04:00:37 - mkk_comic - app.py:587 - INFO - 正在下载第 005/016 页...
2026-03-03 04:00:37 - mkk_comic - app.py:587 - INFO - 正在下载第 006/016 页...
2026-03-03 04:00:37 - mkk_comic - app.py:587 - INFO - 正在下载第 007/016 页...
2026-03-03 04:00:37 - mkk_comic - app.py:587 - INFO - 正在下载第 008/016 页...
2026-03-03 04:00:37 - mkk_comic - app.py:587 - INFO - 正在下载第 009/016 页...
2026-03-03 04:00:37 - mkk_comic - app.py:587 - INFO - 正在下载第 010/016 页...
2026-03-03 04:00:37 - mkk_comic - app.py:587 - INFO - 正在下载第 011/016 页...
2026-03-03 04:00:37 - mkk_comic - app.py:587 - INFO - 正在下载第 012/016 页...
2026-03-03 04:00:37 - mkk_comic - app.py:587 - INFO - 正在下载第 013/016 页...
2026-03-03 04:00:37 - mkk_comic - app.py:587 - INFO - 正在下载第 014/016 页...
2026-03-03 04:00:37 - mkk_comic - app.py:587 - INFO - 正在下载第 015/016 页...
2026-03-03 04:00:37 - mkk_comic - app.py:587 - INFO - 正在下载第 016/016 页...
2026-03-03 04:00:38 - mkk_comic - app.py:511 - INFO - 下载完成!
2026-03-03 04:00:38 - mkk_comic - app.py:512 - INFO - 成功下载: 16/16 页
2026-03-03 04:00:38 - mkk_comic - app.py:523 - INFO - 章节下载完成，等待 7.7 秒后继续...
2026-03-03 04:00:46 - mkk_comic - app.py:494 - INFO - 正在下载第150章: 第126话    UUID:c047bfaa-d8ce-11ed-89e1-024352452ce0
2026-03-03 04:00:47 - mkk_comic - app.py:502 - INFO - 创建目录: ./out/電鋸人/第126话
2026-03-03 04:00:47 - mkk_comic - app.py:505 - INFO - 开始下载: 電鋸人 - 第126话
2026-03-03 04:00:47 - mkk_comic - app.py:506 - INFO - 总页数: 16
2026-03-03 04:00:47 - mkk_comic - app.py:587 - INFO - 正在下载第 001/016 页...
2026-03-03 04:00:47 - mkk_comic - app.py:587 - INFO - 正在下载第 002/016 页...
2026-03-03 04:00:47 - mkk_comic - app.py:587 - INFO - 正在下载第 003/016 页...
2026-03-03 04:00:47 - mkk_comic - app.py:587 - INFO - 正在下载第 004/016 页...
2026-03-03 04:00:47 - mkk_comic - app.py:587 - INFO - 正在下载第 005/016 页...
2026-03-03 04:00:47 - mkk_comic - app.py:587 - INFO - 正在下载第 006/016 页...
2026-03-03 04:00:47 - mkk_comic - app.py:587 - INFO - 正在下载第 007/016 页...
2026-03-03 04:00:47 - mkk_comic - app.py:587 - INFO - 正在下载第 008/016 页...
2026-03-03 04:00:47 - mkk_comic - app.py:587 - INFO - 正在下载第 009/016 页...
2026-03-03 04:00:47 - mkk_comic - app.py:587 - INFO - 正在下载第 010/016 页...
2026-03-03 04:00:47 - mkk_comic - app.py:587 - INFO - 正在下载第 011/016 页...
2026-03-03 04:00:47 - mkk_comic - app.py:587 - INFO - 正在下载第 012/016 页...
2026-03-03 04:00:47 - mkk_comic - app.py:587 - INFO - 正在下载第 013/016 页...
2026-03-03 04:00:47 - mkk_comic - app.py:587 - INFO - 正在下载第 014/016 页...
2026-03-03 04:00:47 - mkk_comic - app.py:587 - INFO - 正在下载第 015/016 页...
2026-03-03 04:00:47 - mkk_comic - app.py:587 - INFO - 正在下载第 016/016 页...
2026-03-03 04:00:48 - mkk_comic - app.py:511 - INFO - 下载完成!
2026-03-03 04:00:48 - mkk_comic - app.py:512 - INFO - 成功下载: 16/16 页
2026-03-03 04:00:48 - mkk_comic - app.py:523 - INFO - 章节下载完成，等待 5.8 秒后继续...
2026-03-03 04:00:54 - mkk_comic - app.py:494 - INFO - 正在下载第151章: 第127话    UUID:a7ddbcc5-deab-11ed-a996-024352452ce0
2026-03-03 04:00:55 - mkk_comic - app.py:502 - INFO - 创建目录: ./out/電鋸人/第127话
2026-03-03 04:00:55 - mkk_comic - app.py:505 - INFO - 开始下载: 電鋸人 - 第127话
2026-03-03 04:00:55 - mkk_comic - app.py:506 - INFO - 总页数: 16
2026-03-03 04:00:55 - mkk_comic - app.py:587 - INFO - 正在下载第 001/016 页...
2026-03-03 04:00:55 - mkk_comic - app.py:587 - INFO - 正在下载第 002/016 页...
2026-03-03 04:00:55 - mkk_comic - app.py:587 - INFO - 正在下载第 003/016 页...
2026-03-03 04:00:55 - mkk_comic - app.py:587 - INFO - 正在下载第 004/016 页...
2026-03-03 04:00:55 - mkk_comic - app.py:587 - INFO - 正在下载第 005/016 页...
2026-03-03 04:00:55 - mkk_comic - app.py:587 - INFO - 正在下载第 006/016 页...
2026-03-03 04:00:55 - mkk_comic - app.py:587 - INFO - 正在下载第 007/016 页...
2026-03-03 04:00:55 - mkk_comic - app.py:587 - INFO - 正在下载第 008/016 页...
2026-03-03 04:00:55 - mkk_comic - app.py:587 - INFO - 正在下载第 009/016 页...
2026-03-03 04:00:55 - mkk_comic - app.py:587 - INFO - 正在下载第 010/016 页...
2026-03-03 04:00:55 - mkk_comic - app.py:587 - INFO - 正在下载第 011/016 页...
2026-03-03 04:00:55 - mkk_comic - app.py:587 - INFO - 正在下载第 012/016 页...
2026-03-03 04:00:55 - mkk_comic - app.py:587 - INFO - 正在下载第 013/016 页...
2026-03-03 04:00:55 - mkk_comic - app.py:587 - INFO - 正在下载第 014/016 页...
2026-03-03 04:00:55 - mkk_comic - app.py:587 - INFO - 正在下载第 015/016 页...
2026-03-03 04:00:55 - mkk_comic - app.py:587 - INFO - 正在下载第 016/016 页...
2026-03-03 04:00:55 - mkk_comic - app.py:511 - INFO - 下载完成!
2026-03-03 04:00:55 - mkk_comic - app.py:512 - INFO - 成功下载: 16/16 页
2026-03-03 04:00:55 - mkk_comic - app.py:523 - INFO - 章节下载完成，等待 5.1 秒后继续...
2026-03-03 04:01:01 - mkk_comic - app.py:494 - INFO - 正在下载第152章: 第128话    UUID:eb268dc4-e430-11ed-a552-024352452ce0
2026-03-03 04:01:02 - mkk_comic - app.py:502 - INFO - 创建目录: ./out/電鋸人/第128话
2026-03-03 04:01:02 - mkk_comic - app.py:505 - INFO - 开始下载: 電鋸人 - 第128话
2026-03-03 04:01:02 - mkk_comic - app.py:506 - INFO - 总页数: 15
2026-03-03 04:01:02 - mkk_comic - app.py:587 - INFO - 正在下载第 001/015 页...
2026-03-03 04:01:02 - mkk_comic - app.py:587 - INFO - 正在下载第 002/015 页...
2026-03-03 04:01:02 - mkk_comic - app.py:587 - INFO - 正在下载第 003/015 页...
2026-03-03 04:01:02 - mkk_comic - app.py:587 - INFO - 正在下载第 004/015 页...
2026-03-03 04:01:02 - mkk_comic - app.py:587 - INFO - 正在下载第 005/015 页...
2026-03-03 04:01:02 - mkk_comic - app.py:587 - INFO - 正在下载第 006/015 页...
2026-03-03 04:01:02 - mkk_comic - app.py:587 - INFO - 正在下载第 007/015 页...
2026-03-03 04:01:02 - mkk_comic - app.py:587 - INFO - 正在下载第 008/015 页...
2026-03-03 04:01:02 - mkk_comic - app.py:587 - INFO - 正在下载第 009/015 页...
2026-03-03 04:01:02 - mkk_comic - app.py:587 - INFO - 正在下载第 010/015 页...
2026-03-03 04:01:02 - mkk_comic - app.py:587 - INFO - 正在下载第 011/015 页...
2026-03-03 04:01:02 - mkk_comic - app.py:587 - INFO - 正在下载第 012/015 页...
2026-03-03 04:01:02 - mkk_comic - app.py:587 - INFO - 正在下载第 013/015 页...
2026-03-03 04:01:02 - mkk_comic - app.py:587 - INFO - 正在下载第 014/015 页...
2026-03-03 04:01:02 - mkk_comic - app.py:587 - INFO - 正在下载第 015/015 页...
2026-03-03 04:01:03 - mkk_comic - app.py:511 - INFO - 下载完成!
2026-03-03 04:01:03 - mkk_comic - app.py:512 - INFO - 成功下载: 15/15 页
2026-03-03 04:01:03 - mkk_comic - app.py:523 - INFO - 章节下载完成，等待 8.9 秒后继续...
2026-03-03 04:01:12 - mkk_comic - app.py:494 - INFO - 正在下载第153章: 第129话    UUID:debc769e-ef26-11ed-89bc-024352452ce0
2026-03-03 04:01:13 - mkk_comic - app.py:502 - INFO - 创建目录: ./out/電鋸人/第129话
2026-03-03 04:01:13 - mkk_comic - app.py:505 - INFO - 开始下载: 電鋸人 - 第129话
2026-03-03 04:01:13 - mkk_comic - app.py:506 - INFO - 总页数: 18
2026-03-03 04:01:13 - mkk_comic - app.py:587 - INFO - 正在下载第 001/018 页...
2026-03-03 04:01:13 - mkk_comic - app.py:587 - INFO - 正在下载第 002/018 页...
2026-03-03 04:01:13 - mkk_comic - app.py:587 - INFO - 正在下载第 003/018 页...
2026-03-03 04:01:13 - mkk_comic - app.py:587 - INFO - 正在下载第 004/018 页...
2026-03-03 04:01:13 - mkk_comic - app.py:587 - INFO - 正在下载第 005/018 页...
2026-03-03 04:01:13 - mkk_comic - app.py:587 - INFO - 正在下载第 006/018 页...
2026-03-03 04:01:13 - mkk_comic - app.py:587 - INFO - 正在下载第 007/018 页...
2026-03-03 04:01:13 - mkk_comic - app.py:587 - INFO - 正在下载第 008/018 页...
2026-03-03 04:01:13 - mkk_comic - app.py:587 - INFO - 正在下载第 009/018 页...
2026-03-03 04:01:13 - mkk_comic - app.py:587 - INFO - 正在下载第 010/018 页...
2026-03-03 04:01:13 - mkk_comic - app.py:587 - INFO - 正在下载第 011/018 页...
2026-03-03 04:01:13 - mkk_comic - app.py:587 - INFO - 正在下载第 012/018 页...
2026-03-03 04:01:13 - mkk_comic - app.py:587 - INFO - 正在下载第 013/018 页...
2026-03-03 04:01:13 - mkk_comic - app.py:587 - INFO - 正在下载第 014/018 页...
2026-03-03 04:01:13 - mkk_comic - app.py:587 - INFO - 正在下载第 015/018 页...
2026-03-03 04:01:13 - mkk_comic - app.py:587 - INFO - 正在下载第 016/018 页...
2026-03-03 04:01:13 - mkk_comic - app.py:587 - INFO - 正在下载第 017/018 页...
2026-03-03 04:01:13 - mkk_comic - app.py:587 - INFO - 正在下载第 018/018 页...
2026-03-03 04:01:14 - mkk_comic - app.py:511 - INFO - 下载完成!
2026-03-03 04:01:14 - mkk_comic - app.py:512 - INFO - 成功下载: 18/18 页
2026-03-03 04:01:14 - mkk_comic - app.py:523 - INFO - 章节下载完成，等待 5.4 秒后继续...
2026-03-03 04:01:20 - mkk_comic - app.py:494 - INFO - 正在下载第154章: 第130话    UUID:da2b6090-fa29-11ed-a4ca-d3d228a76de6
2026-03-03 04:01:21 - mkk_comic - app.py:502 - INFO - 创建目录: ./out/電鋸人/第130话
2026-03-03 04:01:21 - mkk_comic - app.py:505 - INFO - 开始下载: 電鋸人 - 第130话
2026-03-03 04:01:21 - mkk_comic - app.py:506 - INFO - 总页数: 18
2026-03-03 04:01:21 - mkk_comic - app.py:587 - INFO - 正在下载第 001/018 页...
2026-03-03 04:01:21 - mkk_comic - app.py:587 - INFO - 正在下载第 002/018 页...
2026-03-03 04:01:21 - mkk_comic - app.py:587 - INFO - 正在下载第 003/018 页...
2026-03-03 04:01:21 - mkk_comic - app.py:587 - INFO - 正在下载第 004/018 页...
2026-03-03 04:01:21 - mkk_comic - app.py:587 - INFO - 正在下载第 005/018 页...
2026-03-03 04:01:21 - mkk_comic - app.py:587 - INFO - 正在下载第 006/018 页...
2026-03-03 04:01:21 - mkk_comic - app.py:587 - INFO - 正在下载第 007/018 页...
2026-03-03 04:01:21 - mkk_comic - app.py:587 - INFO - 正在下载第 008/018 页...
2026-03-03 04:01:21 - mkk_comic - app.py:587 - INFO - 正在下载第 009/018 页...
2026-03-03 04:01:21 - mkk_comic - app.py:587 - INFO - 正在下载第 010/018 页...
2026-03-03 04:01:21 - mkk_comic - app.py:587 - INFO - 正在下载第 011/018 页...
2026-03-03 04:01:21 - mkk_comic - app.py:587 - INFO - 正在下载第 012/018 页...
2026-03-03 04:01:21 - mkk_comic - app.py:587 - INFO - 正在下载第 013/018 页...
2026-03-03 04:01:21 - mkk_comic - app.py:587 - INFO - 正在下载第 014/018 页...
2026-03-03 04:01:21 - mkk_comic - app.py:587 - INFO - 正在下载第 015/018 页...
2026-03-03 04:01:21 - mkk_comic - app.py:587 - INFO - 正在下载第 016/018 页...
2026-03-03 04:01:21 - mkk_comic - app.py:587 - INFO - 正在下载第 017/018 页...
2026-03-03 04:01:21 - mkk_comic - app.py:587 - INFO - 正在下载第 018/018 页...
2026-03-03 04:01:21 - mkk_comic - app.py:511 - INFO - 下载完成!
2026-03-03 04:01:21 - mkk_comic - app.py:512 - INFO - 成功下载: 18/18 页
2026-03-03 04:01:21 - mkk_comic - app.py:523 - INFO - 章节下载完成，等待 8.6 秒后继续...
2026-03-03 04:01:31 - mkk_comic - app.py:494 - INFO - 正在下载第155章: 第131话    UUID:7c9dc7ec-0087-11ee-a681-d3d228a76de6
2026-03-03 04:01:31 - mkk_comic - app.py:502 - INFO - 创建目录: ./out/電鋸人/第131话
2026-03-03 04:01:31 - mkk_comic - app.py:505 - INFO - 开始下载: 電鋸人 - 第131话
2026-03-03 04:01:31 - mkk_comic - app.py:506 - INFO - 总页数: 19
2026-03-03 04:01:31 - mkk_comic - app.py:587 - INFO - 正在下载第 001/019 页...
2026-03-03 04:01:31 - mkk_comic - app.py:587 - INFO - 正在下载第 002/019 页...
2026-03-03 04:01:31 - mkk_comic - app.py:587 - INFO - 正在下载第 003/019 页...
2026-03-03 04:01:31 - mkk_comic - app.py:587 - INFO - 正在下载第 004/019 页...
2026-03-03 04:01:31 - mkk_comic - app.py:587 - INFO - 正在下载第 005/019 页...
2026-03-03 04:01:31 - mkk_comic - app.py:587 - INFO - 正在下载第 006/019 页...
2026-03-03 04:01:31 - mkk_comic - app.py:587 - INFO - 正在下载第 007/019 页...
2026-03-03 04:01:32 - mkk_comic - app.py:587 - INFO - 正在下载第 008/019 页...
2026-03-03 04:01:32 - mkk_comic - app.py:587 - INFO - 正在下载第 009/019 页...
2026-03-03 04:01:32 - mkk_comic - app.py:587 - INFO - 正在下载第 010/019 页...
2026-03-03 04:01:32 - mkk_comic - app.py:587 - INFO - 正在下载第 011/019 页...
2026-03-03 04:01:32 - mkk_comic - app.py:587 - INFO - 正在下载第 012/019 页...
2026-03-03 04:01:32 - mkk_comic - app.py:587 - INFO - 正在下载第 013/019 页...
2026-03-03 04:01:32 - mkk_comic - app.py:587 - INFO - 正在下载第 014/019 页...
2026-03-03 04:01:32 - mkk_comic - app.py:587 - INFO - 正在下载第 015/019 页...
2026-03-03 04:01:32 - mkk_comic - app.py:587 - INFO - 正在下载第 016/019 页...
2026-03-03 04:01:32 - mkk_comic - app.py:587 - INFO - 正在下载第 017/019 页...
2026-03-03 04:01:32 - mkk_comic - app.py:587 - INFO - 正在下载第 018/019 页...
2026-03-03 04:01:32 - mkk_comic - app.py:587 - INFO - 正在下载第 019/019 页...
2026-03-03 04:01:32 - mkk_comic - app.py:511 - INFO - 下载完成!
2026-03-03 04:01:32 - mkk_comic - app.py:512 - INFO - 成功下载: 19/19 页
2026-03-03 04:01:32 - mkk_comic - app.py:523 - INFO - 章节下载完成，等待 6.0 秒后继续...
2026-03-03 04:01:39 - mkk_comic - app.py:494 - INFO - 正在下载第156章: 第132话    UUID:01bbbb6c-0a71-11ee-a9fe-d3d228a76de6
2026-03-03 04:01:40 - mkk_comic - app.py:502 - INFO - 创建目录: ./out/電鋸人/第132话
2026-03-03 04:01:40 - mkk_comic - app.py:505 - INFO - 开始下载: 電鋸人 - 第132话
2026-03-03 04:01:40 - mkk_comic - app.py:506 - INFO - 总页数: 15
2026-03-03 04:01:40 - mkk_comic - app.py:587 - INFO - 正在下载第 001/015 页...
2026-03-03 04:01:40 - mkk_comic - app.py:587 - INFO - 正在下载第 002/015 页...
2026-03-03 04:01:40 - mkk_comic - app.py:587 - INFO - 正在下载第 003/015 页...
2026-03-03 04:01:40 - mkk_comic - app.py:587 - INFO - 正在下载第 004/015 页...
2026-03-03 04:01:40 - mkk_comic - app.py:587 - INFO - 正在下载第 005/015 页...
2026-03-03 04:01:40 - mkk_comic - app.py:587 - INFO - 正在下载第 006/015 页...
2026-03-03 04:01:40 - mkk_comic - app.py:587 - INFO - 正在下载第 007/015 页...
2026-03-03 04:01:40 - mkk_comic - app.py:587 - INFO - 正在下载第 008/015 页...
2026-03-03 04:01:40 - mkk_comic - app.py:587 - INFO - 正在下载第 009/015 页...
2026-03-03 04:01:40 - mkk_comic - app.py:587 - INFO - 正在下载第 010/015 页...
2026-03-03 04:01:40 - mkk_comic - app.py:587 - INFO - 正在下载第 011/015 页...
2026-03-03 04:01:40 - mkk_comic - app.py:587 - INFO - 正在下载第 012/015 页...
2026-03-03 04:01:40 - mkk_comic - app.py:587 - INFO - 正在下载第 013/015 页...
2026-03-03 04:01:40 - mkk_comic - app.py:587 - INFO - 正在下载第 014/015 页...
2026-03-03 04:01:40 - mkk_comic - app.py:587 - INFO - 正在下载第 015/015 页...
2026-03-03 04:01:41 - mkk_comic - app.py:511 - INFO - 下载完成!
2026-03-03 04:01:41 - mkk_comic - app.py:512 - INFO - 成功下载: 15/15 页
2026-03-03 04:01:41 - mkk_comic - app.py:523 - INFO - 章节下载完成，等待 6.7 秒后继续...
2026-03-03 04:01:48 - mkk_comic - app.py:494 - INFO - 正在下载第157章: 第133话    UUID:b9f0d638-0fd8-11ee-abb6-d3d228a76de6
2026-03-03 04:01:49 - mkk_comic - app.py:502 - INFO - 创建目录: ./out/電鋸人/第133话
2026-03-03 04:01:49 - mkk_comic - app.py:505 - INFO - 开始下载: 電鋸人 - 第133话
2026-03-03 04:01:49 - mkk_comic - app.py:506 - INFO - 总页数: 16
2026-03-03 04:01:49 - mkk_comic - app.py:587 - INFO - 正在下载第 001/016 页...
2026-03-03 04:01:49 - mkk_comic - app.py:587 - INFO - 正在下载第 002/016 页...
2026-03-03 04:01:49 - mkk_comic - app.py:587 - INFO - 正在下载第 003/016 页...
2026-03-03 04:01:49 - mkk_comic - app.py:587 - INFO - 正在下载第 004/016 页...
2026-03-03 04:01:49 - mkk_comic - app.py:587 - INFO - 正在下载第 005/016 页...
2026-03-03 04:01:49 - mkk_comic - app.py:587 - INFO - 正在下载第 006/016 页...
2026-03-03 04:01:49 - mkk_comic - app.py:587 - INFO - 正在下载第 007/016 页...
2026-03-03 04:01:49 - mkk_comic - app.py:587 - INFO - 正在下载第 008/016 页...
2026-03-03 04:01:49 - mkk_comic - app.py:587 - INFO - 正在下载第 009/016 页...
2026-03-03 04:01:49 - mkk_comic - app.py:587 - INFO - 正在下载第 010/016 页...
2026-03-03 04:01:49 - mkk_comic - app.py:587 - INFO - 正在下载第 011/016 页...
2026-03-03 04:01:49 - mkk_comic - app.py:587 - INFO - 正在下载第 012/016 页...
2026-03-03 04:01:49 - mkk_comic - app.py:587 - INFO - 正在下载第 013/016 页...
2026-03-03 04:01:49 - mkk_comic - app.py:587 - INFO - 正在下载第 014/016 页...
2026-03-03 04:01:49 - mkk_comic - app.py:587 - INFO - 正在下载第 015/016 页...
2026-03-03 04:01:49 - mkk_comic - app.py:587 - INFO - 正在下载第 016/016 页...
2026-03-03 04:01:49 - mkk_comic - app.py:511 - INFO - 下载完成!
2026-03-03 04:01:49 - mkk_comic - app.py:512 - INFO - 成功下载: 16/16 页
2026-03-03 04:01:49 - mkk_comic - app.py:523 - INFO - 章节下载完成，等待 7.4 秒后继续...
2026-03-03 04:01:57 - mkk_comic - app.py:494 - INFO - 正在下载第158章: 第134话    UUID:1ba81556-158a-11ee-ade4-d3d228a76de6
2026-03-03 04:01:58 - mkk_comic - app.py:502 - INFO - 创建目录: ./out/電鋸人/第134话
2026-03-03 04:01:58 - mkk_comic - app.py:505 - INFO - 开始下载: 電鋸人 - 第134话
2026-03-03 04:01:58 - mkk_comic - app.py:506 - INFO - 总页数: 18
2026-03-03 04:01:58 - mkk_comic - app.py:587 - INFO - 正在下载第 001/018 页...
2026-03-03 04:01:58 - mkk_comic - app.py:587 - INFO - 正在下载第 002/018 页...
2026-03-03 04:01:58 - mkk_comic - app.py:587 - INFO - 正在下载第 003/018 页...
2026-03-03 04:01:58 - mkk_comic - app.py:587 - INFO - 正在下载第 004/018 页...
2026-03-03 04:01:58 - mkk_comic - app.py:587 - INFO - 正在下载第 005/018 页...
2026-03-03 04:01:58 - mkk_comic - app.py:587 - INFO - 正在下载第 006/018 页...
2026-03-03 04:01:58 - mkk_comic - app.py:587 - INFO - 正在下载第 007/018 页...
2026-03-03 04:01:58 - mkk_comic - app.py:587 - INFO - 正在下载第 008/018 页...
2026-03-03 04:01:58 - mkk_comic - app.py:587 - INFO - 正在下载第 009/018 页...
2026-03-03 04:01:59 - mkk_comic - app.py:587 - INFO - 正在下载第 010/018 页...
2026-03-03 04:01:59 - mkk_comic - app.py:587 - INFO - 正在下载第 011/018 页...
2026-03-03 04:01:59 - mkk_comic - app.py:587 - INFO - 正在下载第 012/018 页...
2026-03-03 04:01:59 - mkk_comic - app.py:587 - INFO - 正在下载第 013/018 页...
2026-03-03 04:01:59 - mkk_comic - app.py:587 - INFO - 正在下载第 014/018 页...
2026-03-03 04:01:59 - mkk_comic - app.py:587 - INFO - 正在下载第 015/018 页...
2026-03-03 04:01:59 - mkk_comic - app.py:587 - INFO - 正在下载第 016/018 页...
2026-03-03 04:01:59 - mkk_comic - app.py:587 - INFO - 正在下载第 017/018 页...
2026-03-03 04:01:59 - mkk_comic - app.py:587 - INFO - 正在下载第 018/018 页...
2026-03-03 04:01:59 - mkk_comic - app.py:511 - INFO - 下载完成!
2026-03-03 04:01:59 - mkk_comic - app.py:512 - INFO - 成功下载: 18/18 页
2026-03-03 04:01:59 - mkk_comic - app.py:523 - INFO - 章节下载完成，等待 7.2 秒后继续...
2026-03-03 04:02:07 - mkk_comic - app.py:494 - INFO - 正在下载第159章: 第135话    UUID:e1a8942a-2056-11ee-b386-d3d228a76de6
2026-03-03 04:02:08 - mkk_comic - app.py:502 - INFO - 创建目录: ./out/電鋸人/第135话
2026-03-03 04:02:08 - mkk_comic - app.py:505 - INFO - 开始下载: 電鋸人 - 第135话
2026-03-03 04:02:08 - mkk_comic - app.py:506 - INFO - 总页数: 22
2026-03-03 04:02:08 - mkk_comic - app.py:587 - INFO - 正在下载第 001/022 页...
2026-03-03 04:02:08 - mkk_comic - app.py:587 - INFO - 正在下载第 002/022 页...
2026-03-03 04:02:08 - mkk_comic - app.py:587 - INFO - 正在下载第 003/022 页...
2026-03-03 04:02:08 - mkk_comic - app.py:587 - INFO - 正在下载第 004/022 页...
2026-03-03 04:02:08 - mkk_comic - app.py:587 - INFO - 正在下载第 005/022 页...
2026-03-03 04:02:08 - mkk_comic - app.py:587 - INFO - 正在下载第 006/022 页...
2026-03-03 04:02:08 - mkk_comic - app.py:587 - INFO - 正在下载第 007/022 页...
2026-03-03 04:02:08 - mkk_comic - app.py:587 - INFO - 正在下载第 008/022 页...
2026-03-03 04:02:08 - mkk_comic - app.py:587 - INFO - 正在下载第 009/022 页...
2026-03-03 04:02:08 - mkk_comic - app.py:587 - INFO - 正在下载第 010/022 页...
2026-03-03 04:02:08 - mkk_comic - app.py:587 - INFO - 正在下载第 011/022 页...
2026-03-03 04:02:08 - mkk_comic - app.py:587 - INFO - 正在下载第 012/022 页...
2026-03-03 04:02:08 - mkk_comic - app.py:587 - INFO - 正在下载第 013/022 页...
2026-03-03 04:02:08 - mkk_comic - app.py:587 - INFO - 正在下载第 014/022 页...
2026-03-03 04:02:08 - mkk_comic - app.py:587 - INFO - 正在下载第 015/022 页...
2026-03-03 04:02:08 - mkk_comic - app.py:587 - INFO - 正在下载第 016/022 页...
2026-03-03 04:02:08 - mkk_comic - app.py:587 - INFO - 正在下载第 017/022 页...
2026-03-03 04:02:08 - mkk_comic - app.py:587 - INFO - 正在下载第 018/022 页...
2026-03-03 04:02:08 - mkk_comic - app.py:587 - INFO - 正在下载第 019/022 页...
2026-03-03 04:02:08 - mkk_comic - app.py:587 - INFO - 正在下载第 020/022 页...
2026-03-03 04:02:08 - mkk_comic - app.py:587 - INFO - 正在下载第 021/022 页...
2026-03-03 04:02:08 - mkk_comic - app.py:587 - INFO - 正在下载第 022/022 页...
2026-03-03 04:02:08 - mkk_comic - app.py:511 - INFO - 下载完成!
2026-03-03 04:02:08 - mkk_comic - app.py:512 - INFO - 成功下载: 22/22 页
2026-03-03 04:02:08 - mkk_comic - app.py:523 - INFO - 章节下载完成，等待 6.5 秒后继续...
2026-03-03 04:02:15 - mkk_comic - app.py:863 - INFO - ===== 检查更新完成 =====

