2025-12-26 03:12:54 - mkk_comic - app.py:863 - INFO - 运行环境：GitHub Actions（自动化模式）
2025-12-26 03:12:54 - mkk_comic - app.py:820 - INFO - ===== 开始检查更新=====
2025-12-26 03:12:54 - mkk_comic - app.py:838 - INFO - 【海贼王】上次下载至第32章
2025-12-26 03:12:55 - mkk_comic - app.py:845 - INFO - 【海贼王】检测到更新！最新：374章
2025-12-26 03:12:55 - mkk_comic - app.py:848 - INFO - 【海贼王】最大下载限制为5章-需下载33~37章）
2025-12-26 03:12:56 - mkk_comic - app.py:494 - INFO - 正在下载第33章: 33卷    UUID:1692f027-c7be-11e8-881c-024352452ce0
2025-12-26 03:12:57 - mkk_comic - app.py:502 - INFO - 创建目录: ./out/海贼王/33卷
2025-12-26 03:12:57 - mkk_comic - app.py:505 - INFO - 开始下载: 海贼王 - 33卷
2025-12-26 03:12:57 - mkk_comic - app.py:506 - INFO - 总页数: 230
2025-12-26 03:12:57 - mkk_comic - app.py:582 - INFO - 正在下载第 001/230 页...
2025-12-26 03:12:57 - mkk_comic - app.py:582 - INFO - 正在下载第 002/230 页...
2025-12-26 03:12:57 - mkk_comic - app.py:582 - INFO - 正在下载第 003/230 页...
2025-12-26 03:12:57 - mkk_comic - app.py:582 - INFO - 正在下载第 004/230 页...
2025-12-26 03:12:57 - mkk_comic - app.py:582 - INFO - 正在下载第 005/230 页...
2025-12-26 03:12:57 - mkk_comic - app.py:582 - INFO - 正在下载第 006/230 页...
2025-12-26 03:12:57 - mkk_comic - app.py:582 - INFO - 正在下载第 007/230 页...
2025-12-26 03:12:57 - mkk_comic - app.py:582 - INFO - 正在下载第 008/230 页...
2025-12-26 03:12:57 - mkk_comic - app.py:582 - INFO - 正在下载第 009/230 页...
2025-12-26 03:12:57 - mkk_comic - app.py:582 - INFO - 正在下载第 010/230 页...
2025-12-26 03:12:57 - mkk_comic - app.py:582 - INFO - 正在下载第 011/230 页...
2025-12-26 03:12:57 - mkk_comic - app.py:582 - INFO - 正在下载第 012/230 页...
2025-12-26 03:12:57 - mkk_comic - app.py:582 - INFO - 正在下载第 013/230 页...
2025-12-26 03:12:57 - mkk_comic - app.py:582 - INFO - 正在下载第 014/230 页...
2025-12-26 03:12:57 - mkk_comic - app.py:582 - INFO - 正在下载第 015/230 页...
2025-12-26 03:12:57 - mkk_comic - app.py:582 - INFO - 正在下载第 016/230 页...
2025-12-26 03:12:57 - mkk_comic - app.py:582 - INFO - 正在下载第 017/230 页...
2025-12-26 03:12:57 - mkk_comic - app.py:582 - INFO - 正在下载第 018/230 页...
2025-12-26 03:12:57 - mkk_comic - app.py:582 - INFO - 正在下载第 019/230 页...
2025-12-26 03:12:57 - mkk_comic - app.py:582 - INFO - 正在下载第 020/230 页...
2025-12-26 03:12:57 - mkk_comic - app.py:582 - INFO - 正在下载第 021/230 页...
2025-12-26 03:12:57 - mkk_comic - app.py:582 - INFO - 正在下载第 022/230 页...
2025-12-26 03:12:57 - mkk_comic - app.py:582 - INFO - 正在下载第 023/230 页...
2025-12-26 03:12:57 - mkk_comic - app.py:582 - INFO - 正在下载第 024/230 页...
2025-12-26 03:12:57 - mkk_comic - app.py:582 - INFO - 正在下载第 025/230 页...
2025-12-26 03:12:57 - mkk_comic - app.py:582 - INFO - 正在下载第 026/230 页...
2025-12-26 03:12:57 - mkk_comic - app.py:582 - INFO - 正在下载第 027/230 页...
2025-12-26 03:12:57 - mkk_comic - app.py:582 - INFO - 正在下载第 028/230 页...
2025-12-26 03:12:57 - mkk_comic - app.py:582 - INFO - 正在下载第 029/230 页...
2025-12-26 03:12:57 - mkk_comic - app.py:582 - INFO - 正在下载第 030/230 页...
2025-12-26 03:12:58 - mkk_comic - app.py:582 - INFO - 正在下载第 031/230 页...
2025-12-26 03:12:58 - mkk_comic - app.py:582 - INFO - 正在下载第 032/230 页...
2025-12-26 03:12:58 - mkk_comic - app.py:582 - INFO - 正在下载第 033/230 页...
2025-12-26 03:12:58 - mkk_comic - app.py:582 - INFO - 正在下载第 034/230 页...
2025-12-26 03:12:58 - mkk_comic - app.py:582 - INFO - 正在下载第 035/230 页...
2025-12-26 03:12:58 - mkk_comic - app.py:582 - INFO - 正在下载第 036/230 页...
2025-12-26 03:12:58 - mkk_comic - app.py:582 - INFO - 正在下载第 037/230 页...
2025-12-26 03:12:58 - mkk_comic - app.py:582 - INFO - 正在下载第 038/230 页...
2025-12-26 03:12:58 - mkk_comic - app.py:582 - INFO - 正在下载第 039/230 页...
2025-12-26 03:12:58 - mkk_comic - app.py:582 - INFO - 正在下载第 040/230 页...
2025-12-26 03:12:58 - mkk_comic - app.py:582 - INFO - 正在下载第 041/230 页...
2025-12-26 03:12:58 - mkk_comic - app.py:582 - INFO - 正在下载第 042/230 页...
2025-12-26 03:12:58 - mkk_comic - app.py:582 - INFO - 正在下载第 043/230 页...
2025-12-26 03:12:58 - mkk_comic - app.py:582 - INFO - 正在下载第 044/230 页...
2025-12-26 03:12:58 - mkk_comic - app.py:582 - INFO - 正在下载第 045/230 页...
2025-12-26 03:12:58 - mkk_comic - app.py:582 - INFO - 正在下载第 046/230 页...
2025-12-26 03:12:58 - mkk_comic - app.py:582 - INFO - 正在下载第 047/230 页...
2025-12-26 03:12:58 - mkk_comic - app.py:582 - INFO - 正在下载第 048/230 页...
2025-12-26 03:12:58 - mkk_comic - app.py:582 - INFO - 正在下载第 049/230 页...
2025-12-26 03:12:58 - mkk_comic - app.py:582 - INFO - 正在下载第 050/230 页...
2025-12-26 03:12:58 - mkk_comic - app.py:582 - INFO - 正在下载第 051/230 页...
2025-12-26 03:12:58 - mkk_comic - app.py:582 - INFO - 正在下载第 052/230 页...
2025-12-26 03:12:58 - mkk_comic - app.py:582 - INFO - 正在下载第 053/230 页...
2025-12-26 03:12:58 - mkk_comic - app.py:582 - INFO - 正在下载第 054/230 页...
2025-12-26 03:12:58 - mkk_comic - app.py:582 - INFO - 正在下载第 055/230 页...
2025-12-26 03:12:58 - mkk_comic - app.py:582 - INFO - 正在下载第 056/230 页...
2025-12-26 03:12:58 - mkk_comic - app.py:582 - INFO - 正在下载第 057/230 页...
2025-12-26 03:12:58 - mkk_comic - app.py:582 - INFO - 正在下载第 058/230 页...
2025-12-26 03:12:59 - mkk_comic - app.py:582 - INFO - 正在下载第 059/230 页...
2025-12-26 03:12:59 - mkk_comic - app.py:582 - INFO - 正在下载第 060/230 页...
2025-12-26 03:12:59 - mkk_comic - app.py:582 - INFO - 正在下载第 061/230 页...
2025-12-26 03:12:59 - mkk_comic - app.py:582 - INFO - 正在下载第 062/230 页...
2025-12-26 03:12:59 - mkk_comic - app.py:582 - INFO - 正在下载第 063/230 页...
2025-12-26 03:12:59 - mkk_comic - app.py:582 - INFO - 正在下载第 064/230 页...
2025-12-26 03:12:59 - mkk_comic - app.py:582 - INFO - 正在下载第 065/230 页...
2025-12-26 03:12:59 - mkk_comic - app.py:582 - INFO - 正在下载第 066/230 页...
2025-12-26 03:12:59 - mkk_comic - app.py:582 - INFO - 正在下载第 067/230 页...
2025-12-26 03:12:59 - mkk_comic - app.py:582 - INFO - 正在下载第 068/230 页...
2025-12-26 03:12:59 - mkk_comic - app.py:582 - INFO - 正在下载第 069/230 页...
2025-12-26 03:12:59 - mkk_comic - app.py:582 - INFO - 正在下载第 070/230 页...
2025-12-26 03:12:59 - mkk_comic - app.py:582 - INFO - 正在下载第 071/230 页...
2025-12-26 03:12:59 - mkk_comic - app.py:582 - INFO - 正在下载第 072/230 页...
2025-12-26 03:12:59 - mkk_comic - app.py:582 - INFO - 正在下载第 073/230 页...
2025-12-26 03:12:59 - mkk_comic - app.py:582 - INFO - 正在下载第 074/230 页...
2025-12-26 03:12:59 - mkk_comic - app.py:582 - INFO - 正在下载第 075/230 页...
2025-12-26 03:12:59 - mkk_comic - app.py:582 - INFO - 正在下载第 076/230 页...
2025-12-26 03:12:59 - mkk_comic - app.py:582 - INFO - 正在下载第 077/230 页...
2025-12-26 03:12:59 - mkk_comic - app.py:582 - INFO - 正在下载第 078/230 页...
2025-12-26 03:12:59 - mkk_comic - app.py:582 - INFO - 正在下载第 079/230 页...
2025-12-26 03:12:59 - mkk_comic - app.py:582 - INFO - 正在下载第 080/230 页...
2025-12-26 03:12:59 - mkk_comic - app.py:582 - INFO - 正在下载第 081/230 页...
2025-12-26 03:12:59 - mkk_comic - app.py:582 - INFO - 正在下载第 082/230 页...
2025-12-26 03:12:59 - mkk_comic - app.py:582 - INFO - 正在下载第 083/230 页...
2025-12-26 03:12:59 - mkk_comic - app.py:582 - INFO - 正在下载第 084/230 页...
2025-12-26 03:12:59 - mkk_comic - app.py:582 - INFO - 正在下载第 085/230 页...
2025-12-26 03:12:59 - mkk_comic - app.py:582 - INFO - 正在下载第 086/230 页...
2025-12-26 03:12:59 - mkk_comic - app.py:582 - INFO - 正在下载第 087/230 页...
2025-12-26 03:12:59 - mkk_comic - app.py:582 - INFO - 正在下载第 088/230 页...
2025-12-26 03:12:59 - mkk_comic - app.py:582 - INFO - 正在下载第 089/230 页...
2025-12-26 03:12:59 - mkk_comic - app.py:582 - INFO - 正在下载第 090/230 页...
2025-12-26 03:12:59 - mkk_comic - app.py:582 - INFO - 正在下载第 091/230 页...
2025-12-26 03:13:00 - mkk_comic - app.py:582 - INFO - 正在下载第 092/230 页...
2025-12-26 03:13:00 - mkk_comic - app.py:582 - INFO - 正在下载第 093/230 页...
2025-12-26 03:13:00 - mkk_comic - app.py:582 - INFO - 正在下载第 094/230 页...
2025-12-26 03:13:00 - mkk_comic - app.py:582 - INFO - 正在下载第 095/230 页...
2025-12-26 03:13:00 - mkk_comic - app.py:582 - INFO - 正在下载第 096/230 页...
2025-12-26 03:13:00 - mkk_comic - app.py:582 - INFO - 正在下载第 097/230 页...
2025-12-26 03:13:00 - mkk_comic - app.py:582 - INFO - 正在下载第 098/230 页...
2025-12-26 03:13:00 - mkk_comic - app.py:582 - INFO - 正在下载第 099/230 页...
2025-12-26 03:13:00 - mkk_comic - app.py:582 - INFO - 正在下载第 100/230 页...
2025-12-26 03:13:00 - mkk_comic - app.py:582 - INFO - 正在下载第 101/230 页...
2025-12-26 03:13:00 - mkk_comic - app.py:582 - INFO - 正在下载第 102/230 页...
2025-12-26 03:13:00 - mkk_comic - app.py:582 - INFO - 正在下载第 103/230 页...
2025-12-26 03:13:00 - mkk_comic - app.py:582 - INFO - 正在下载第 104/230 页...
2025-12-26 03:13:00 - mkk_comic - app.py:582 - INFO - 正在下载第 105/230 页...
2025-12-26 03:13:00 - mkk_comic - app.py:582 - INFO - 正在下载第 106/230 页...
2025-12-26 03:13:00 - mkk_comic - app.py:582 - INFO - 正在下载第 107/230 页...
2025-12-26 03:13:00 - mkk_comic - app.py:582 - INFO - 正在下载第 108/230 页...
2025-12-26 03:13:00 - mkk_comic - app.py:582 - INFO - 正在下载第 109/230 页...
2025-12-26 03:13:00 - mkk_comic - app.py:582 - INFO - 正在下载第 110/230 页...
2025-12-26 03:13:00 - mkk_comic - app.py:582 - INFO - 正在下载第 111/230 页...
2025-12-26 03:13:00 - mkk_comic - app.py:582 - INFO - 正在下载第 112/230 页...
2025-12-26 03:13:00 - mkk_comic - app.py:582 - INFO - 正在下载第 113/230 页...
2025-12-26 03:13:00 - mkk_comic - app.py:582 - INFO - 正在下载第 114/230 页...
2025-12-26 03:13:00 - mkk_comic - app.py:582 - INFO - 正在下载第 115/230 页...
2025-12-26 03:13:00 - mkk_comic - app.py:582 - INFO - 正在下载第 116/230 页...
2025-12-26 03:13:00 - mkk_comic - app.py:582 - INFO - 正在下载第 117/230 页...
2025-12-26 03:13:00 - mkk_comic - app.py:582 - INFO - 正在下载第 118/230 页...
2025-12-26 03:13:00 - mkk_comic - app.py:582 - INFO - 正在下载第 119/230 页...
2025-12-26 03:13:00 - mkk_comic - app.py:582 - INFO - 正在下载第 120/230 页...
2025-12-26 03:13:00 - mkk_comic - app.py:582 - INFO - 正在下载第 121/230 页...
2025-12-26 03:13:01 - mkk_comic - app.py:582 - INFO - 正在下载第 122/230 页...
2025-12-26 03:13:01 - mkk_comic - app.py:582 - INFO - 正在下载第 123/230 页...
2025-12-26 03:13:01 - mkk_comic - app.py:582 - INFO - 正在下载第 124/230 页...
2025-12-26 03:13:01 - mkk_comic - app.py:582 - INFO - 正在下载第 125/230 页...
2025-12-26 03:13:01 - mkk_comic - app.py:582 - INFO - 正在下载第 126/230 页...
2025-12-26 03:13:01 - mkk_comic - app.py:582 - INFO - 正在下载第 127/230 页...
2025-12-26 03:13:01 - mkk_comic - app.py:582 - INFO - 正在下载第 128/230 页...
2025-12-26 03:13:01 - mkk_comic - app.py:582 - INFO - 正在下载第 129/230 页...
2025-12-26 03:13:01 - mkk_comic - app.py:582 - INFO - 正在下载第 130/230 页...
2025-12-26 03:13:01 - mkk_comic - app.py:582 - INFO - 正在下载第 131/230 页...
2025-12-26 03:13:01 - mkk_comic - app.py:582 - INFO - 正在下载第 132/230 页...
2025-12-26 03:13:01 - mkk_comic - app.py:582 - INFO - 正在下载第 133/230 页...
2025-12-26 03:13:01 - mkk_comic - app.py:582 - INFO - 正在下载第 134/230 页...
2025-12-26 03:13:01 - mkk_comic - app.py:582 - INFO - 正在下载第 135/230 页...
2025-12-26 03:13:01 - mkk_comic - app.py:582 - INFO - 正在下载第 136/230 页...
2025-12-26 03:13:01 - mkk_comic - app.py:582 - INFO - 正在下载第 137/230 页...
2025-12-26 03:13:01 - mkk_comic - app.py:582 - INFO - 正在下载第 138/230 页...
2025-12-26 03:13:01 - mkk_comic - app.py:582 - INFO - 正在下载第 139/230 页...
2025-12-26 03:13:01 - mkk_comic - app.py:582 - INFO - 正在下载第 140/230 页...
2025-12-26 03:13:01 - mkk_comic - app.py:582 - INFO - 正在下载第 141/230 页...
2025-12-26 03:13:01 - mkk_comic - app.py:582 - INFO - 正在下载第 142/230 页...
2025-12-26 03:13:01 - mkk_comic - app.py:582 - INFO - 正在下载第 143/230 页...
2025-12-26 03:13:01 - mkk_comic - app.py:582 - INFO - 正在下载第 144/230 页...
2025-12-26 03:13:01 - mkk_comic - app.py:582 - INFO - 正在下载第 145/230 页...
2025-12-26 03:13:01 - mkk_comic - app.py:582 - INFO - 正在下载第 146/230 页...
2025-12-26 03:13:01 - mkk_comic - app.py:582 - INFO - 正在下载第 147/230 页...
2025-12-26 03:13:01 - mkk_comic - app.py:582 - INFO - 正在下载第 148/230 页...
2025-12-26 03:13:01 - mkk_comic - app.py:582 - INFO - 正在下载第 149/230 页...
2025-12-26 03:13:01 - mkk_comic - app.py:582 - INFO - 正在下载第 150/230 页...
2025-12-26 03:13:01 - mkk_comic - app.py:582 - INFO - 正在下载第 151/230 页...
2025-12-26 03:13:01 - mkk_comic - app.py:582 - INFO - 正在下载第 152/230 页...
2025-12-26 03:13:02 - mkk_comic - app.py:582 - INFO - 正在下载第 153/230 页...
2025-12-26 03:13:02 - mkk_comic - app.py:582 - INFO - 正在下载第 154/230 页...
2025-12-26 03:13:02 - mkk_comic - app.py:582 - INFO - 正在下载第 155/230 页...
2025-12-26 03:13:02 - mkk_comic - app.py:582 - INFO - 正在下载第 156/230 页...
2025-12-26 03:13:02 - mkk_comic - app.py:582 - INFO - 正在下载第 157/230 页...
2025-12-26 03:13:02 - mkk_comic - app.py:582 - INFO - 正在下载第 158/230 页...
2025-12-26 03:13:02 - mkk_comic - app.py:582 - INFO - 正在下载第 159/230 页...
2025-12-26 03:13:02 - mkk_comic - app.py:582 - INFO - 正在下载第 160/230 页...
2025-12-26 03:13:02 - mkk_comic - app.py:582 - INFO - 正在下载第 161/230 页...
2025-12-26 03:13:02 - mkk_comic - app.py:582 - INFO - 正在下载第 162/230 页...
2025-12-26 03:13:02 - mkk_comic - app.py:582 - INFO - 正在下载第 163/230 页...
2025-12-26 03:13:02 - mkk_comic - app.py:582 - INFO - 正在下载第 164/230 页...
2025-12-26 03:13:02 - mkk_comic - app.py:582 - INFO - 正在下载第 165/230 页...
2025-12-26 03:13:02 - mkk_comic - app.py:582 - INFO - 正在下载第 166/230 页...
2025-12-26 03:13:02 - mkk_comic - app.py:582 - INFO - 正在下载第 167/230 页...
2025-12-26 03:13:02 - mkk_comic - app.py:582 - INFO - 正在下载第 168/230 页...
2025-12-26 03:13:02 - mkk_comic - app.py:582 - INFO - 正在下载第 169/230 页...
2025-12-26 03:13:02 - mkk_comic - app.py:582 - INFO - 正在下载第 170/230 页...
2025-12-26 03:13:02 - mkk_comic - app.py:582 - INFO - 正在下载第 171/230 页...
2025-12-26 03:13:02 - mkk_comic - app.py:582 - INFO - 正在下载第 172/230 页...
2025-12-26 03:13:02 - mkk_comic - app.py:582 - INFO - 正在下载第 173/230 页...
2025-12-26 03:13:02 - mkk_comic - app.py:582 - INFO - 正在下载第 174/230 页...
2025-12-26 03:13:02 - mkk_comic - app.py:582 - INFO - 正在下载第 175/230 页...
2025-12-26 03:13:02 - mkk_comic - app.py:582 - INFO - 正在下载第 176/230 页...
2025-12-26 03:13:02 - mkk_comic - app.py:582 - INFO - 正在下载第 177/230 页...
2025-12-26 03:13:02 - mkk_comic - app.py:582 - INFO - 正在下载第 178/230 页...
2025-12-26 03:13:02 - mkk_comic - app.py:582 - INFO - 正在下载第 179/230 页...
2025-12-26 03:13:02 - mkk_comic - app.py:582 - INFO - 正在下载第 180/230 页...
2025-12-26 03:13:03 - mkk_comic - app.py:582 - INFO - 正在下载第 181/230 页...
2025-12-26 03:13:03 - mkk_comic - app.py:582 - INFO - 正在下载第 182/230 页...
2025-12-26 03:13:03 - mkk_comic - app.py:582 - INFO - 正在下载第 183/230 页...
2025-12-26 03:13:03 - mkk_comic - app.py:582 - INFO - 正在下载第 184/230 页...
2025-12-26 03:13:03 - mkk_comic - app.py:582 - INFO - 正在下载第 185/230 页...
2025-12-26 03:13:03 - mkk_comic - app.py:582 - INFO - 正在下载第 186/230 页...
2025-12-26 03:13:03 - mkk_comic - app.py:582 - INFO - 正在下载第 187/230 页...
2025-12-26 03:13:03 - mkk_comic - app.py:582 - INFO - 正在下载第 188/230 页...
2025-12-26 03:13:03 - mkk_comic - app.py:582 - INFO - 正在下载第 189/230 页...
2025-12-26 03:13:03 - mkk_comic - app.py:582 - INFO - 正在下载第 190/230 页...
2025-12-26 03:13:03 - mkk_comic - app.py:582 - INFO - 正在下载第 191/230 页...
2025-12-26 03:13:03 - mkk_comic - app.py:582 - INFO - 正在下载第 192/230 页...
2025-12-26 03:13:03 - mkk_comic - app.py:582 - INFO - 正在下载第 193/230 页...
2025-12-26 03:13:03 - mkk_comic - app.py:582 - INFO - 正在下载第 194/230 页...
2025-12-26 03:13:03 - mkk_comic - app.py:582 - INFO - 正在下载第 195/230 页...
2025-12-26 03:13:03 - mkk_comic - app.py:582 - INFO - 正在下载第 196/230 页...
2025-12-26 03:13:03 - mkk_comic - app.py:582 - INFO - 正在下载第 197/230 页...
2025-12-26 03:13:03 - mkk_comic - app.py:582 - INFO - 正在下载第 198/230 页...
2025-12-26 03:13:03 - mkk_comic - app.py:582 - INFO - 正在下载第 199/230 页...
2025-12-26 03:13:03 - mkk_comic - app.py:582 - INFO - 正在下载第 200/230 页...
2025-12-26 03:13:03 - mkk_comic - app.py:582 - INFO - 正在下载第 201/230 页...
2025-12-26 03:13:03 - mkk_comic - app.py:582 - INFO - 正在下载第 202/230 页...
2025-12-26 03:13:03 - mkk_comic - app.py:582 - INFO - 正在下载第 203/230 页...
2025-12-26 03:13:03 - mkk_comic - app.py:582 - INFO - 正在下载第 204/230 页...
2025-12-26 03:13:03 - mkk_comic - app.py:582 - INFO - 正在下载第 205/230 页...
2025-12-26 03:13:03 - mkk_comic - app.py:582 - INFO - 正在下载第 206/230 页...
2025-12-26 03:13:03 - mkk_comic - app.py:582 - INFO - 正在下载第 207/230 页...
2025-12-26 03:13:03 - mkk_comic - app.py:582 - INFO - 正在下载第 208/230 页...
2025-12-26 03:13:03 - mkk_comic - app.py:582 - INFO - 正在下载第 209/230 页...
2025-12-26 03:13:03 - mkk_comic - app.py:582 - INFO - 正在下载第 210/230 页...
2025-12-26 03:13:03 - mkk_comic - app.py:582 - INFO - 正在下载第 211/230 页...
2025-12-26 03:13:03 - mkk_comic - app.py:582 - INFO - 正在下载第 212/230 页...
2025-12-26 03:13:03 - mkk_comic - app.py:582 - INFO - 正在下载第 213/230 页...
2025-12-26 03:13:03 - mkk_comic - app.py:582 - INFO - 正在下载第 214/230 页...
2025-12-26 03:13:04 - mkk_comic - app.py:582 - INFO - 正在下载第 215/230 页...
2025-12-26 03:13:04 - mkk_comic - app.py:582 - INFO - 正在下载第 216/230 页...
2025-12-26 03:13:04 - mkk_comic - app.py:582 - INFO - 正在下载第 217/230 页...
2025-12-26 03:13:04 - mkk_comic - app.py:582 - INFO - 正在下载第 218/230 页...
2025-12-26 03:13:04 - mkk_comic - app.py:582 - INFO - 正在下载第 219/230 页...
2025-12-26 03:13:04 - mkk_comic - app.py:582 - INFO - 正在下载第 220/230 页...
2025-12-26 03:13:04 - mkk_comic - app.py:582 - INFO - 正在下载第 221/230 页...
2025-12-26 03:13:04 - mkk_comic - app.py:582 - INFO - 正在下载第 222/230 页...
2025-12-26 03:13:04 - mkk_comic - app.py:582 - INFO - 正在下载第 223/230 页...
2025-12-26 03:13:04 - mkk_comic - app.py:582 - INFO - 正在下载第 224/230 页...
2025-12-26 03:13:04 - mkk_comic - app.py:582 - INFO - 正在下载第 225/230 页...
2025-12-26 03:13:04 - mkk_comic - app.py:582 - INFO - 正在下载第 226/230 页...
2025-12-26 03:13:04 - mkk_comic - app.py:582 - INFO - 正在下载第 227/230 页...
2025-12-26 03:13:04 - mkk_comic - app.py:582 - INFO - 正在下载第 228/230 页...
2025-12-26 03:13:04 - mkk_comic - app.py:582 - INFO - 正在下载第 229/230 页...
2025-12-26 03:13:04 - mkk_comic - app.py:582 - INFO - 正在下载第 230/230 页...
2025-12-26 03:13:04 - mkk_comic - app.py:511 - INFO - 下载完成!
2025-12-26 03:13:04 - mkk_comic - app.py:512 - INFO - 成功下载: 230/230 页
2025-12-26 03:13:05 - mkk_comic - app.py:494 - INFO - 正在下载第34章: 34卷    UUID:59e80f63-c7be-11e8-881c-024352452ce0
2025-12-26 03:13:06 - mkk_comic - app.py:502 - INFO - 创建目录: ./out/海贼王/34卷
2025-12-26 03:13:06 - mkk_comic - app.py:505 - INFO - 开始下载: 海贼王 - 34卷
2025-12-26 03:13:06 - mkk_comic - app.py:506 - INFO - 总页数: 230
2025-12-26 03:13:06 - mkk_comic - app.py:582 - INFO - 正在下载第 001/230 页...
2025-12-26 03:13:06 - mkk_comic - app.py:582 - INFO - 正在下载第 002/230 页...
2025-12-26 03:13:06 - mkk_comic - app.py:582 - INFO - 正在下载第 003/230 页...
2025-12-26 03:13:06 - mkk_comic - app.py:582 - INFO - 正在下载第 004/230 页...
2025-12-26 03:13:06 - mkk_comic - app.py:582 - INFO - 正在下载第 005/230 页...
2025-12-26 03:13:06 - mkk_comic - app.py:582 - INFO - 正在下载第 006/230 页...
2025-12-26 03:13:06 - mkk_comic - app.py:582 - INFO - 正在下载第 007/230 页...
2025-12-26 03:13:06 - mkk_comic - app.py:582 - INFO - 正在下载第 008/230 页...
2025-12-26 03:13:06 - mkk_comic - app.py:582 - INFO - 正在下载第 009/230 页...
2025-12-26 03:13:06 - mkk_comic - app.py:582 - INFO - 正在下载第 010/230 页...
2025-12-26 03:13:06 - mkk_comic - app.py:582 - INFO - 正在下载第 011/230 页...
2025-12-26 03:13:06 - mkk_comic - app.py:582 - INFO - 正在下载第 012/230 页...
2025-12-26 03:13:06 - mkk_comic - app.py:582 - INFO - 正在下载第 013/230 页...
2025-12-26 03:13:06 - mkk_comic - app.py:582 - INFO - 正在下载第 014/230 页...
2025-12-26 03:13:06 - mkk_comic - app.py:582 - INFO - 正在下载第 015/230 页...
2025-12-26 03:13:06 - mkk_comic - app.py:582 - INFO - 正在下载第 016/230 页...
2025-12-26 03:13:06 - mkk_comic - app.py:582 - INFO - 正在下载第 017/230 页...
2025-12-26 03:13:06 - mkk_comic - app.py:582 - INFO - 正在下载第 018/230 页...
2025-12-26 03:13:06 - mkk_comic - app.py:582 - INFO - 正在下载第 019/230 页...
2025-12-26 03:13:06 - mkk_comic - app.py:582 - INFO - 正在下载第 020/230 页...
2025-12-26 03:13:06 - mkk_comic - app.py:582 - INFO - 正在下载第 021/230 页...
2025-12-26 03:13:06 - mkk_comic - app.py:582 - INFO - 正在下载第 022/230 页...
2025-12-26 03:13:06 - mkk_comic - app.py:582 - INFO - 正在下载第 023/230 页...
2025-12-26 03:13:06 - mkk_comic - app.py:582 - INFO - 正在下载第 024/230 页...
2025-12-26 03:13:07 - mkk_comic - app.py:582 - INFO - 正在下载第 025/230 页...
2025-12-26 03:13:07 - mkk_comic - app.py:582 - INFO - 正在下载第 026/230 页...
2025-12-26 03:13:07 - mkk_comic - app.py:582 - INFO - 正在下载第 027/230 页...
2025-12-26 03:13:07 - mkk_comic - app.py:582 - INFO - 正在下载第 028/230 页...
2025-12-26 03:13:07 - mkk_comic - app.py:582 - INFO - 正在下载第 029/230 页...
2025-12-26 03:13:07 - mkk_comic - app.py:582 - INFO - 正在下载第 030/230 页...
2025-12-26 03:13:07 - mkk_comic - app.py:582 - INFO - 正在下载第 031/230 页...
2025-12-26 03:13:07 - mkk_comic - app.py:582 - INFO - 正在下载第 032/230 页...
2025-12-26 03:13:07 - mkk_comic - app.py:582 - INFO - 正在下载第 033/230 页...
2025-12-26 03:13:07 - mkk_comic - app.py:582 - INFO - 正在下载第 034/230 页...
2025-12-26 03:13:07 - mkk_comic - app.py:582 - INFO - 正在下载第 035/230 页...
2025-12-26 03:13:07 - mkk_comic - app.py:582 - INFO - 正在下载第 036/230 页...
2025-12-26 03:13:07 - mkk_comic - app.py:582 - INFO - 正在下载第 037/230 页...
2025-12-26 03:13:07 - mkk_comic - app.py:582 - INFO - 正在下载第 038/230 页...
2025-12-26 03:13:07 - mkk_comic - app.py:582 - INFO - 正在下载第 039/230 页...
2025-12-26 03:13:07 - mkk_comic - app.py:582 - INFO - 正在下载第 040/230 页...
2025-12-26 03:13:07 - mkk_comic - app.py:582 - INFO - 正在下载第 041/230 页...
2025-12-26 03:13:07 - mkk_comic - app.py:582 - INFO - 正在下载第 042/230 页...
2025-12-26 03:13:07 - mkk_comic - app.py:582 - INFO - 正在下载第 043/230 页...
2025-12-26 03:13:07 - mkk_comic - app.py:582 - INFO - 正在下载第 044/230 页...
2025-12-26 03:13:07 - mkk_comic - app.py:582 - INFO - 正在下载第 045/230 页...
2025-12-26 03:13:07 - mkk_comic - app.py:582 - INFO - 正在下载第 046/230 页...
2025-12-26 03:13:07 - mkk_comic - app.py:582 - INFO - 正在下载第 047/230 页...
2025-12-26 03:13:07 - mkk_comic - app.py:582 - INFO - 正在下载第 048/230 页...
2025-12-26 03:13:07 - mkk_comic - app.py:582 - INFO - 正在下载第 049/230 页...
2025-12-26 03:13:07 - mkk_comic - app.py:582 - INFO - 正在下载第 050/230 页...
2025-12-26 03:13:07 - mkk_comic - app.py:582 - INFO - 正在下载第 051/230 页...
2025-12-26 03:13:07 - mkk_comic - app.py:582 - INFO - 正在下载第 052/230 页...
2025-12-26 03:13:07 - mkk_comic - app.py:582 - INFO - 正在下载第 053/230 页...
2025-12-26 03:13:07 - mkk_comic - app.py:582 - INFO - 正在下载第 054/230 页...
2025-12-26 03:13:07 - mkk_comic - app.py:582 - INFO - 正在下载第 055/230 页...
2025-12-26 03:13:08 - mkk_comic - app.py:582 - INFO - 正在下载第 056/230 页...
2025-12-26 03:13:08 - mkk_comic - app.py:582 - INFO - 正在下载第 057/230 页...
2025-12-26 03:13:08 - mkk_comic - app.py:582 - INFO - 正在下载第 058/230 页...
2025-12-26 03:13:08 - mkk_comic - app.py:582 - INFO - 正在下载第 059/230 页...
2025-12-26 03:13:08 - mkk_comic - app.py:582 - INFO - 正在下载第 060/230 页...
2025-12-26 03:13:08 - mkk_comic - app.py:582 - INFO - 正在下载第 061/230 页...
2025-12-26 03:13:08 - mkk_comic - app.py:582 - INFO - 正在下载第 062/230 页...
2025-12-26 03:13:08 - mkk_comic - app.py:582 - INFO - 正在下载第 063/230 页...
2025-12-26 03:13:08 - mkk_comic - app.py:582 - INFO - 正在下载第 064/230 页...
2025-12-26 03:13:08 - mkk_comic - app.py:582 - INFO - 正在下载第 065/230 页...
2025-12-26 03:13:08 - mkk_comic - app.py:582 - INFO - 正在下载第 066/230 页...
2025-12-26 03:13:08 - mkk_comic - app.py:582 - INFO - 正在下载第 067/230 页...
2025-12-26 03:13:08 - mkk_comic - app.py:582 - INFO - 正在下载第 068/230 页...
2025-12-26 03:13:08 - mkk_comic - app.py:582 - INFO - 正在下载第 069/230 页...
2025-12-26 03:13:08 - mkk_comic - app.py:582 - INFO - 正在下载第 070/230 页...
2025-12-26 03:13:08 - mkk_comic - app.py:582 - INFO - 正在下载第 071/230 页...
2025-12-26 03:13:08 - mkk_comic - app.py:582 - INFO - 正在下载第 072/230 页...
2025-12-26 03:13:08 - mkk_comic - app.py:582 - INFO - 正在下载第 073/230 页...
2025-12-26 03:13:08 - mkk_comic - app.py:582 - INFO - 正在下载第 074/230 页...
2025-12-26 03:13:08 - mkk_comic - app.py:582 - INFO - 正在下载第 075/230 页...
2025-12-26 03:13:08 - mkk_comic - app.py:582 - INFO - 正在下载第 076/230 页...
2025-12-26 03:13:08 - mkk_comic - app.py:582 - INFO - 正在下载第 077/230 页...
2025-12-26 03:13:08 - mkk_comic - app.py:582 - INFO - 正在下载第 078/230 页...
2025-12-26 03:13:08 - mkk_comic - app.py:582 - INFO - 正在下载第 079/230 页...
2025-12-26 03:13:08 - mkk_comic - app.py:582 - INFO - 正在下载第 080/230 页...
2025-12-26 03:13:08 - mkk_comic - app.py:582 - INFO - 正在下载第 081/230 页...
2025-12-26 03:13:08 - mkk_comic - app.py:582 - INFO - 正在下载第 082/230 页...
2025-12-26 03:13:08 - mkk_comic - app.py:582 - INFO - 正在下载第 083/230 页...
2025-12-26 03:13:08 - mkk_comic - app.py:582 - INFO - 正在下载第 084/230 页...
2025-12-26 03:13:08 - mkk_comic - app.py:582 - INFO - 正在下载第 085/230 页...
2025-12-26 03:13:08 - mkk_comic - app.py:582 - INFO - 正在下载第 086/230 页...
2025-12-26 03:13:09 - mkk_comic - app.py:582 - INFO - 正在下载第 087/230 页...
2025-12-26 03:13:09 - mkk_comic - app.py:582 - INFO - 正在下载第 088/230 页...
2025-12-26 03:13:09 - mkk_comic - app.py:582 - INFO - 正在下载第 089/230 页...
2025-12-26 03:13:09 - mkk_comic - app.py:582 - INFO - 正在下载第 090/230 页...
2025-12-26 03:13:09 - mkk_comic - app.py:582 - INFO - 正在下载第 091/230 页...
2025-12-26 03:13:09 - mkk_comic - app.py:582 - INFO - 正在下载第 092/230 页...
2025-12-26 03:13:09 - mkk_comic - app.py:582 - INFO - 正在下载第 093/230 页...
2025-12-26 03:13:09 - mkk_comic - app.py:582 - INFO - 正在下载第 094/230 页...
2025-12-26 03:13:09 - mkk_comic - app.py:582 - INFO - 正在下载第 095/230 页...
2025-12-26 03:13:09 - mkk_comic - app.py:582 - INFO - 正在下载第 096/230 页...
2025-12-26 03:13:09 - mkk_comic - app.py:582 - INFO - 正在下载第 097/230 页...
2025-12-26 03:13:09 - mkk_comic - app.py:582 - INFO - 正在下载第 098/230 页...
2025-12-26 03:13:09 - mkk_comic - app.py:582 - INFO - 正在下载第 099/230 页...
2025-12-26 03:13:09 - mkk_comic - app.py:582 - INFO - 正在下载第 100/230 页...
2025-12-26 03:13:09 - mkk_comic - app.py:582 - INFO - 正在下载第 101/230 页...
2025-12-26 03:13:09 - mkk_comic - app.py:582 - INFO - 正在下载第 102/230 页...
2025-12-26 03:13:09 - mkk_comic - app.py:582 - INFO - 正在下载第 103/230 页...
2025-12-26 03:13:09 - mkk_comic - app.py:582 - INFO - 正在下载第 104/230 页...
2025-12-26 03:13:09 - mkk_comic - app.py:582 - INFO - 正在下载第 105/230 页...
2025-12-26 03:13:09 - mkk_comic - app.py:582 - INFO - 正在下载第 106/230 页...
2025-12-26 03:13:09 - mkk_comic - app.py:582 - INFO - 正在下载第 107/230 页...
2025-12-26 03:13:09 - mkk_comic - app.py:582 - INFO - 正在下载第 108/230 页...
2025-12-26 03:13:09 - mkk_comic - app.py:582 - INFO - 正在下载第 109/230 页...
2025-12-26 03:13:09 - mkk_comic - app.py:582 - INFO - 正在下载第 110/230 页...
2025-12-26 03:13:09 - mkk_comic - app.py:582 - INFO - 正在下载第 111/230 页...
2025-12-26 03:13:09 - mkk_comic - app.py:582 - INFO - 正在下载第 112/230 页...
2025-12-26 03:13:09 - mkk_comic - app.py:582 - INFO - 正在下载第 113/230 页...
2025-12-26 03:13:09 - mkk_comic - app.py:582 - INFO - 正在下载第 114/230 页...
2025-12-26 03:13:09 - mkk_comic - app.py:582 - INFO - 正在下载第 115/230 页...
2025-12-26 03:13:09 - mkk_comic - app.py:582 - INFO - 正在下载第 116/230 页...
2025-12-26 03:13:09 - mkk_comic - app.py:582 - INFO - 正在下载第 117/230 页...
2025-12-26 03:13:09 - mkk_comic - app.py:582 - INFO - 正在下载第 118/230 页...
2025-12-26 03:13:09 - mkk_comic - app.py:582 - INFO - 正在下载第 119/230 页...
2025-12-26 03:13:09 - mkk_comic - app.py:582 - INFO - 正在下载第 120/230 页...
2025-12-26 03:13:10 - mkk_comic - app.py:582 - INFO - 正在下载第 121/230 页...
2025-12-26 03:13:10 - mkk_comic - app.py:582 - INFO - 正在下载第 122/230 页...
2025-12-26 03:13:10 - mkk_comic - app.py:582 - INFO - 正在下载第 123/230 页...
2025-12-26 03:13:10 - mkk_comic - app.py:582 - INFO - 正在下载第 124/230 页...
2025-12-26 03:13:10 - mkk_comic - app.py:582 - INFO - 正在下载第 125/230 页...
2025-12-26 03:13:10 - mkk_comic - app.py:582 - INFO - 正在下载第 126/230 页...
2025-12-26 03:13:10 - mkk_comic - app.py:582 - INFO - 正在下载第 127/230 页...
2025-12-26 03:13:10 - mkk_comic - app.py:582 - INFO - 正在下载第 128/230 页...
2025-12-26 03:13:10 - mkk_comic - app.py:582 - INFO - 正在下载第 129/230 页...
2025-12-26 03:13:10 - mkk_comic - app.py:582 - INFO - 正在下载第 130/230 页...
2025-12-26 03:13:10 - mkk_comic - app.py:582 - INFO - 正在下载第 131/230 页...
2025-12-26 03:13:10 - mkk_comic - app.py:582 - INFO - 正在下载第 132/230 页...
2025-12-26 03:13:10 - mkk_comic - app.py:582 - INFO - 正在下载第 133/230 页...
2025-12-26 03:13:10 - mkk_comic - app.py:582 - INFO - 正在下载第 134/230 页...
2025-12-26 03:13:10 - mkk_comic - app.py:582 - INFO - 正在下载第 135/230 页...
2025-12-26 03:13:10 - mkk_comic - app.py:582 - INFO - 正在下载第 136/230 页...
2025-12-26 03:13:10 - mkk_comic - app.py:582 - INFO - 正在下载第 137/230 页...
2025-12-26 03:13:10 - mkk_comic - app.py:582 - INFO - 正在下载第 138/230 页...
2025-12-26 03:13:10 - mkk_comic - app.py:582 - INFO - 正在下载第 139/230 页...
2025-12-26 03:13:10 - mkk_comic - app.py:582 - INFO - 正在下载第 140/230 页...
2025-12-26 03:13:10 - mkk_comic - app.py:582 - INFO - 正在下载第 141/230 页...
2025-12-26 03:13:10 - mkk_comic - app.py:582 - INFO - 正在下载第 142/230 页...
2025-12-26 03:13:10 - mkk_comic - app.py:582 - INFO - 正在下载第 143/230 页...
2025-12-26 03:13:10 - mkk_comic - app.py:582 - INFO - 正在下载第 144/230 页...
2025-12-26 03:13:10 - mkk_comic - app.py:582 - INFO - 正在下载第 145/230 页...
2025-12-26 03:13:10 - mkk_comic - app.py:582 - INFO - 正在下载第 146/230 页...
2025-12-26 03:13:10 - mkk_comic - app.py:582 - INFO - 正在下载第 147/230 页...
2025-12-26 03:13:10 - mkk_comic - app.py:582 - INFO - 正在下载第 148/230 页...
2025-12-26 03:13:10 - mkk_comic - app.py:582 - INFO - 正在下载第 149/230 页...
2025-12-26 03:13:10 - mkk_comic - app.py:582 - INFO - 正在下载第 150/230 页...
2025-12-26 03:13:10 - mkk_comic - app.py:582 - INFO - 正在下载第 151/230 页...
2025-12-26 03:13:10 - mkk_comic - app.py:582 - INFO - 正在下载第 152/230 页...
2025-12-26 03:13:11 - mkk_comic - app.py:582 - INFO - 正在下载第 153/230 页...
2025-12-26 03:13:11 - mkk_comic - app.py:582 - INFO - 正在下载第 154/230 页...
2025-12-26 03:13:11 - mkk_comic - app.py:582 - INFO - 正在下载第 155/230 页...
2025-12-26 03:13:11 - mkk_comic - app.py:582 - INFO - 正在下载第 156/230 页...
2025-12-26 03:13:11 - mkk_comic - app.py:582 - INFO - 正在下载第 157/230 页...
2025-12-26 03:13:11 - mkk_comic - app.py:582 - INFO - 正在下载第 158/230 页...
2025-12-26 03:13:11 - mkk_comic - app.py:582 - INFO - 正在下载第 159/230 页...
2025-12-26 03:13:11 - mkk_comic - app.py:582 - INFO - 正在下载第 160/230 页...
2025-12-26 03:13:11 - mkk_comic - app.py:582 - INFO - 正在下载第 161/230 页...
2025-12-26 03:13:11 - mkk_comic - app.py:582 - INFO - 正在下载第 162/230 页...
2025-12-26 03:13:11 - mkk_comic - app.py:582 - INFO - 正在下载第 163/230 页...
2025-12-26 03:13:11 - mkk_comic - app.py:582 - INFO - 正在下载第 164/230 页...
2025-12-26 03:13:11 - mkk_comic - app.py:582 - INFO - 正在下载第 165/230 页...
2025-12-26 03:13:11 - mkk_comic - app.py:582 - INFO - 正在下载第 166/230 页...
2025-12-26 03:13:11 - mkk_comic - app.py:582 - INFO - 正在下载第 167/230 页...
2025-12-26 03:13:11 - mkk_comic - app.py:582 - INFO - 正在下载第 168/230 页...
2025-12-26 03:13:11 - mkk_comic - app.py:582 - INFO - 正在下载第 169/230 页...
2025-12-26 03:13:11 - mkk_comic - app.py:582 - INFO - 正在下载第 170/230 页...
2025-12-26 03:13:11 - mkk_comic - app.py:582 - INFO - 正在下载第 171/230 页...
2025-12-26 03:13:11 - mkk_comic - app.py:582 - INFO - 正在下载第 172/230 页...
2025-12-26 03:13:11 - mkk_comic - app.py:582 - INFO - 正在下载第 173/230 页...
2025-12-26 03:13:11 - mkk_comic - app.py:582 - INFO - 正在下载第 174/230 页...
2025-12-26 03:13:11 - mkk_comic - app.py:582 - INFO - 正在下载第 175/230 页...
2025-12-26 03:13:11 - mkk_comic - app.py:582 - INFO - 正在下载第 176/230 页...
2025-12-26 03:13:11 - mkk_comic - app.py:582 - INFO - 正在下载第 177/230 页...
2025-12-26 03:13:11 - mkk_comic - app.py:582 - INFO - 正在下载第 178/230 页...
2025-12-26 03:13:11 - mkk_comic - app.py:582 - INFO - 正在下载第 179/230 页...
2025-12-26 03:13:11 - mkk_comic - app.py:582 - INFO - 正在下载第 180/230 页...
2025-12-26 03:13:11 - mkk_comic - app.py:582 - INFO - 正在下载第 181/230 页...
2025-12-26 03:13:11 - mkk_comic - app.py:582 - INFO - 正在下载第 182/230 页...
2025-12-26 03:13:12 - mkk_comic - app.py:582 - INFO - 正在下载第 183/230 页...
2025-12-26 03:13:12 - mkk_comic - app.py:582 - INFO - 正在下载第 184/230 页...
2025-12-26 03:13:12 - mkk_comic - app.py:582 - INFO - 正在下载第 185/230 页...
2025-12-26 03:13:12 - mkk_comic - app.py:582 - INFO - 正在下载第 186/230 页...
2025-12-26 03:13:12 - mkk_comic - app.py:582 - INFO - 正在下载第 187/230 页...
2025-12-26 03:13:12 - mkk_comic - app.py:582 - INFO - 正在下载第 188/230 页...
2025-12-26 03:13:12 - mkk_comic - app.py:582 - INFO - 正在下载第 189/230 页...
2025-12-26 03:13:12 - mkk_comic - app.py:582 - INFO - 正在下载第 190/230 页...
2025-12-26 03:13:12 - mkk_comic - app.py:582 - INFO - 正在下载第 191/230 页...
2025-12-26 03:13:12 - mkk_comic - app.py:582 - INFO - 正在下载第 192/230 页...
2025-12-26 03:13:12 - mkk_comic - app.py:582 - INFO - 正在下载第 193/230 页...
2025-12-26 03:13:12 - mkk_comic - app.py:582 - INFO - 正在下载第 194/230 页...
2025-12-26 03:13:12 - mkk_comic - app.py:582 - INFO - 正在下载第 195/230 页...
2025-12-26 03:13:12 - mkk_comic - app.py:582 - INFO - 正在下载第 196/230 页...
2025-12-26 03:13:12 - mkk_comic - app.py:582 - INFO - 正在下载第 197/230 页...
2025-12-26 03:13:12 - mkk_comic - app.py:582 - INFO - 正在下载第 198/230 页...
2025-12-26 03:13:12 - mkk_comic - app.py:582 - INFO - 正在下载第 199/230 页...
2025-12-26 03:13:12 - mkk_comic - app.py:582 - INFO - 正在下载第 200/230 页...
2025-12-26 03:13:12 - mkk_comic - app.py:582 - INFO - 正在下载第 201/230 页...
2025-12-26 03:13:12 - mkk_comic - app.py:582 - INFO - 正在下载第 202/230 页...
2025-12-26 03:13:12 - mkk_comic - app.py:582 - INFO - 正在下载第 203/230 页...
2025-12-26 03:13:12 - mkk_comic - app.py:582 - INFO - 正在下载第 204/230 页...
2025-12-26 03:13:12 - mkk_comic - app.py:582 - INFO - 正在下载第 205/230 页...
2025-12-26 03:13:12 - mkk_comic - app.py:582 - INFO - 正在下载第 206/230 页...
2025-12-26 03:13:12 - mkk_comic - app.py:582 - INFO - 正在下载第 207/230 页...
2025-12-26 03:13:12 - mkk_comic - app.py:582 - INFO - 正在下载第 208/230 页...
2025-12-26 03:13:12 - mkk_comic - app.py:582 - INFO - 正在下载第 209/230 页...
2025-12-26 03:13:12 - mkk_comic - app.py:582 - INFO - 正在下载第 210/230 页...
2025-12-26 03:13:12 - mkk_comic - app.py:582 - INFO - 正在下载第 211/230 页...
2025-12-26 03:13:12 - mkk_comic - app.py:582 - INFO - 正在下载第 212/230 页...
2025-12-26 03:13:12 - mkk_comic - app.py:582 - INFO - 正在下载第 213/230 页...
2025-12-26 03:13:13 - mkk_comic - app.py:582 - INFO - 正在下载第 214/230 页...
2025-12-26 03:13:13 - mkk_comic - app.py:582 - INFO - 正在下载第 215/230 页...
2025-12-26 03:13:13 - mkk_comic - app.py:582 - INFO - 正在下载第 216/230 页...
2025-12-26 03:13:13 - mkk_comic - app.py:582 - INFO - 正在下载第 217/230 页...
2025-12-26 03:13:13 - mkk_comic - app.py:582 - INFO - 正在下载第 218/230 页...
2025-12-26 03:13:13 - mkk_comic - app.py:582 - INFO - 正在下载第 219/230 页...
2025-12-26 03:13:13 - mkk_comic - app.py:582 - INFO - 正在下载第 220/230 页...
2025-12-26 03:13:13 - mkk_comic - app.py:582 - INFO - 正在下载第 221/230 页...
2025-12-26 03:13:13 - mkk_comic - app.py:582 - INFO - 正在下载第 222/230 页...
2025-12-26 03:13:13 - mkk_comic - app.py:582 - INFO - 正在下载第 223/230 页...
2025-12-26 03:13:13 - mkk_comic - app.py:582 - INFO - 正在下载第 224/230 页...
2025-12-26 03:13:13 - mkk_comic - app.py:582 - INFO - 正在下载第 225/230 页...
2025-12-26 03:13:13 - mkk_comic - app.py:582 - INFO - 正在下载第 226/230 页...
2025-12-26 03:13:13 - mkk_comic - app.py:582 - INFO - 正在下载第 227/230 页...
2025-12-26 03:13:13 - mkk_comic - app.py:582 - INFO - 正在下载第 228/230 页...
2025-12-26 03:13:13 - mkk_comic - app.py:582 - INFO - 正在下载第 229/230 页...
2025-12-26 03:13:13 - mkk_comic - app.py:582 - INFO - 正在下载第 230/230 页...
2025-12-26 03:13:13 - mkk_comic - app.py:511 - INFO - 下载完成!
2025-12-26 03:13:13 - mkk_comic - app.py:512 - INFO - 成功下载: 230/230 页
2025-12-26 03:13:14 - mkk_comic - app.py:494 - INFO - 正在下载第35章: 35卷    UUID:5fd8019b-c7be-11e8-881c-024352452ce0
2025-12-26 03:13:15 - mkk_comic - app.py:502 - INFO - 创建目录: ./out/海贼王/35卷
2025-12-26 03:13:15 - mkk_comic - app.py:505 - INFO - 开始下载: 海贼王 - 35卷
2025-12-26 03:13:15 - mkk_comic - app.py:506 - INFO - 总页数: 189
2025-12-26 03:13:15 - mkk_comic - app.py:582 - INFO - 正在下载第 001/189 页...
2025-12-26 03:13:15 - mkk_comic - app.py:582 - INFO - 正在下载第 002/189 页...
2025-12-26 03:13:15 - mkk_comic - app.py:582 - INFO - 正在下载第 003/189 页...
2025-12-26 03:13:15 - mkk_comic - app.py:582 - INFO - 正在下载第 004/189 页...
2025-12-26 03:13:15 - mkk_comic - app.py:582 - INFO - 正在下载第 005/189 页...
2025-12-26 03:13:15 - mkk_comic - app.py:582 - INFO - 正在下载第 006/189 页...
2025-12-26 03:13:15 - mkk_comic - app.py:582 - INFO - 正在下载第 007/189 页...
2025-12-26 03:13:15 - mkk_comic - app.py:582 - INFO - 正在下载第 008/189 页...
2025-12-26 03:13:15 - mkk_comic - app.py:582 - INFO - 正在下载第 009/189 页...
2025-12-26 03:13:15 - mkk_comic - app.py:582 - INFO - 正在下载第 010/189 页...
2025-12-26 03:13:15 - mkk_comic - app.py:582 - INFO - 正在下载第 011/189 页...
2025-12-26 03:13:15 - mkk_comic - app.py:582 - INFO - 正在下载第 012/189 页...
2025-12-26 03:13:15 - mkk_comic - app.py:582 - INFO - 正在下载第 013/189 页...
2025-12-26 03:13:15 - mkk_comic - app.py:582 - INFO - 正在下载第 014/189 页...
2025-12-26 03:13:15 - mkk_comic - app.py:582 - INFO - 正在下载第 015/189 页...
2025-12-26 03:13:15 - mkk_comic - app.py:582 - INFO - 正在下载第 016/189 页...
2025-12-26 03:13:15 - mkk_comic - app.py:582 - INFO - 正在下载第 017/189 页...
2025-12-26 03:13:15 - mkk_comic - app.py:582 - INFO - 正在下载第 018/189 页...
2025-12-26 03:13:15 - mkk_comic - app.py:582 - INFO - 正在下载第 019/189 页...
2025-12-26 03:13:16 - mkk_comic - app.py:582 - INFO - 正在下载第 020/189 页...
2025-12-26 03:13:16 - mkk_comic - app.py:582 - INFO - 正在下载第 021/189 页...
2025-12-26 03:13:16 - mkk_comic - app.py:582 - INFO - 正在下载第 022/189 页...
2025-12-26 03:13:16 - mkk_comic - app.py:582 - INFO - 正在下载第 023/189 页...
2025-12-26 03:13:16 - mkk_comic - app.py:582 - INFO - 正在下载第 024/189 页...
2025-12-26 03:13:16 - mkk_comic - app.py:582 - INFO - 正在下载第 025/189 页...
2025-12-26 03:13:16 - mkk_comic - app.py:582 - INFO - 正在下载第 026/189 页...
2025-12-26 03:13:16 - mkk_comic - app.py:582 - INFO - 正在下载第 027/189 页...
2025-12-26 03:13:16 - mkk_comic - app.py:582 - INFO - 正在下载第 028/189 页...
2025-12-26 03:13:16 - mkk_comic - app.py:582 - INFO - 正在下载第 029/189 页...
2025-12-26 03:13:16 - mkk_comic - app.py:582 - INFO - 正在下载第 030/189 页...
2025-12-26 03:13:16 - mkk_comic - app.py:582 - INFO - 正在下载第 031/189 页...
2025-12-26 03:13:16 - mkk_comic - app.py:582 - INFO - 正在下载第 032/189 页...
2025-12-26 03:13:16 - mkk_comic - app.py:582 - INFO - 正在下载第 033/189 页...
2025-12-26 03:13:16 - mkk_comic - app.py:582 - INFO - 正在下载第 034/189 页...
2025-12-26 03:13:16 - mkk_comic - app.py:582 - INFO - 正在下载第 035/189 页...
2025-12-26 03:13:16 - mkk_comic - app.py:582 - INFO - 正在下载第 036/189 页...
2025-12-26 03:13:16 - mkk_comic - app.py:582 - INFO - 正在下载第 037/189 页...
2025-12-26 03:13:16 - mkk_comic - app.py:582 - INFO - 正在下载第 038/189 页...
2025-12-26 03:13:16 - mkk_comic - app.py:582 - INFO - 正在下载第 039/189 页...
2025-12-26 03:13:16 - mkk_comic - app.py:582 - INFO - 正在下载第 040/189 页...
2025-12-26 03:13:16 - mkk_comic - app.py:582 - INFO - 正在下载第 041/189 页...
2025-12-26 03:13:16 - mkk_comic - app.py:582 - INFO - 正在下载第 042/189 页...
2025-12-26 03:13:16 - mkk_comic - app.py:582 - INFO - 正在下载第 043/189 页...
2025-12-26 03:13:16 - mkk_comic - app.py:582 - INFO - 正在下载第 044/189 页...
2025-12-26 03:13:16 - mkk_comic - app.py:582 - INFO - 正在下载第 045/189 页...
2025-12-26 03:13:16 - mkk_comic - app.py:582 - INFO - 正在下载第 046/189 页...
2025-12-26 03:13:16 - mkk_comic - app.py:582 - INFO - 正在下载第 047/189 页...
2025-12-26 03:13:16 - mkk_comic - app.py:582 - INFO - 正在下载第 048/189 页...
2025-12-26 03:13:16 - mkk_comic - app.py:582 - INFO - 正在下载第 049/189 页...
2025-12-26 03:13:17 - mkk_comic - app.py:582 - INFO - 正在下载第 050/189 页...
2025-12-26 03:13:17 - mkk_comic - app.py:582 - INFO - 正在下载第 051/189 页...
2025-12-26 03:13:17 - mkk_comic - app.py:582 - INFO - 正在下载第 052/189 页...
2025-12-26 03:13:17 - mkk_comic - app.py:582 - INFO - 正在下载第 053/189 页...
2025-12-26 03:13:17 - mkk_comic - app.py:582 - INFO - 正在下载第 054/189 页...
2025-12-26 03:13:17 - mkk_comic - app.py:582 - INFO - 正在下载第 055/189 页...
2025-12-26 03:13:17 - mkk_comic - app.py:582 - INFO - 正在下载第 056/189 页...
2025-12-26 03:13:17 - mkk_comic - app.py:582 - INFO - 正在下载第 057/189 页...
2025-12-26 03:13:17 - mkk_comic - app.py:582 - INFO - 正在下载第 058/189 页...
2025-12-26 03:13:17 - mkk_comic - app.py:582 - INFO - 正在下载第 059/189 页...
2025-12-26 03:13:17 - mkk_comic - app.py:582 - INFO - 正在下载第 060/189 页...
2025-12-26 03:13:17 - mkk_comic - app.py:582 - INFO - 正在下载第 061/189 页...
2025-12-26 03:13:17 - mkk_comic - app.py:582 - INFO - 正在下载第 062/189 页...
2025-12-26 03:13:17 - mkk_comic - app.py:582 - INFO - 正在下载第 063/189 页...
2025-12-26 03:13:17 - mkk_comic - app.py:582 - INFO - 正在下载第 064/189 页...
2025-12-26 03:13:17 - mkk_comic - app.py:582 - INFO - 正在下载第 065/189 页...
2025-12-26 03:13:17 - mkk_comic - app.py:582 - INFO - 正在下载第 066/189 页...
2025-12-26 03:13:17 - mkk_comic - app.py:582 - INFO - 正在下载第 067/189 页...
2025-12-26 03:13:17 - mkk_comic - app.py:582 - INFO - 正在下载第 068/189 页...
2025-12-26 03:13:17 - mkk_comic - app.py:582 - INFO - 正在下载第 069/189 页...
2025-12-26 03:13:17 - mkk_comic - app.py:582 - INFO - 正在下载第 070/189 页...
2025-12-26 03:13:17 - mkk_comic - app.py:582 - INFO - 正在下载第 071/189 页...
2025-12-26 03:13:17 - mkk_comic - app.py:582 - INFO - 正在下载第 072/189 页...
2025-12-26 03:13:17 - mkk_comic - app.py:582 - INFO - 正在下载第 073/189 页...
2025-12-26 03:13:17 - mkk_comic - app.py:582 - INFO - 正在下载第 074/189 页...
2025-12-26 03:13:17 - mkk_comic - app.py:582 - INFO - 正在下载第 075/189 页...
2025-12-26 03:13:17 - mkk_comic - app.py:582 - INFO - 正在下载第 076/189 页...
2025-12-26 03:13:17 - mkk_comic - app.py:582 - INFO - 正在下载第 077/189 页...
2025-12-26 03:13:17 - mkk_comic - app.py:582 - INFO - 正在下载第 078/189 页...
2025-12-26 03:13:17 - mkk_comic - app.py:582 - INFO - 正在下载第 079/189 页...
2025-12-26 03:13:17 - mkk_comic - app.py:582 - INFO - 正在下载第 080/189 页...
2025-12-26 03:13:17 - mkk_comic - app.py:582 - INFO - 正在下载第 081/189 页...
2025-12-26 03:13:17 - mkk_comic - app.py:582 - INFO - 正在下载第 082/189 页...
2025-12-26 03:13:18 - mkk_comic - app.py:582 - INFO - 正在下载第 083/189 页...
2025-12-26 03:13:18 - mkk_comic - app.py:582 - INFO - 正在下载第 084/189 页...
2025-12-26 03:13:18 - mkk_comic - app.py:582 - INFO - 正在下载第 085/189 页...
2025-12-26 03:13:18 - mkk_comic - app.py:582 - INFO - 正在下载第 086/189 页...
2025-12-26 03:13:18 - mkk_comic - app.py:582 - INFO - 正在下载第 087/189 页...
2025-12-26 03:13:18 - mkk_comic - app.py:582 - INFO - 正在下载第 088/189 页...
2025-12-26 03:13:18 - mkk_comic - app.py:582 - INFO - 正在下载第 089/189 页...
2025-12-26 03:13:18 - mkk_comic - app.py:582 - INFO - 正在下载第 090/189 页...
2025-12-26 03:13:18 - mkk_comic - app.py:582 - INFO - 正在下载第 091/189 页...
2025-12-26 03:13:18 - mkk_comic - app.py:582 - INFO - 正在下载第 092/189 页...
2025-12-26 03:13:18 - mkk_comic - app.py:582 - INFO - 正在下载第 093/189 页...
2025-12-26 03:13:18 - mkk_comic - app.py:582 - INFO - 正在下载第 094/189 页...
2025-12-26 03:13:18 - mkk_comic - app.py:582 - INFO - 正在下载第 095/189 页...
2025-12-26 03:13:18 - mkk_comic - app.py:582 - INFO - 正在下载第 096/189 页...
2025-12-26 03:13:18 - mkk_comic - app.py:582 - INFO - 正在下载第 097/189 页...
2025-12-26 03:13:18 - mkk_comic - app.py:582 - INFO - 正在下载第 098/189 页...
2025-12-26 03:13:18 - mkk_comic - app.py:582 - INFO - 正在下载第 099/189 页...
2025-12-26 03:13:18 - mkk_comic - app.py:582 - INFO - 正在下载第 100/189 页...
2025-12-26 03:13:18 - mkk_comic - app.py:582 - INFO - 正在下载第 101/189 页...
2025-12-26 03:13:18 - mkk_comic - app.py:582 - INFO - 正在下载第 102/189 页...
2025-12-26 03:13:18 - mkk_comic - app.py:582 - INFO - 正在下载第 103/189 页...
2025-12-26 03:13:18 - mkk_comic - app.py:582 - INFO - 正在下载第 104/189 页...
2025-12-26 03:13:18 - mkk_comic - app.py:582 - INFO - 正在下载第 105/189 页...
2025-12-26 03:13:18 - mkk_comic - app.py:582 - INFO - 正在下载第 106/189 页...
2025-12-26 03:13:18 - mkk_comic - app.py:582 - INFO - 正在下载第 107/189 页...
2025-12-26 03:13:18 - mkk_comic - app.py:582 - INFO - 正在下载第 108/189 页...
2025-12-26 03:13:18 - mkk_comic - app.py:582 - INFO - 正在下载第 109/189 页...
2025-12-26 03:13:18 - mkk_comic - app.py:582 - INFO - 正在下载第 110/189 页...
2025-12-26 03:13:18 - mkk_comic - app.py:582 - INFO - 正在下载第 111/189 页...
2025-12-26 03:13:18 - mkk_comic - app.py:582 - INFO - 正在下载第 112/189 页...
2025-12-26 03:13:18 - mkk_comic - app.py:582 - INFO - 正在下载第 113/189 页...
2025-12-26 03:13:18 - mkk_comic - app.py:582 - INFO - 正在下载第 114/189 页...
2025-12-26 03:13:18 - mkk_comic - app.py:582 - INFO - 正在下载第 115/189 页...
2025-12-26 03:13:18 - mkk_comic - app.py:582 - INFO - 正在下载第 116/189 页...
2025-12-26 03:13:19 - mkk_comic - app.py:582 - INFO - 正在下载第 117/189 页...
2025-12-26 03:13:19 - mkk_comic - app.py:582 - INFO - 正在下载第 118/189 页...
2025-12-26 03:13:19 - mkk_comic - app.py:582 - INFO - 正在下载第 119/189 页...
2025-12-26 03:13:19 - mkk_comic - app.py:582 - INFO - 正在下载第 120/189 页...
2025-12-26 03:13:19 - mkk_comic - app.py:582 - INFO - 正在下载第 121/189 页...
2025-12-26 03:13:19 - mkk_comic - app.py:582 - INFO - 正在下载第 122/189 页...
2025-12-26 03:13:19 - mkk_comic - app.py:582 - INFO - 正在下载第 123/189 页...
2025-12-26 03:13:19 - mkk_comic - app.py:582 - INFO - 正在下载第 124/189 页...
2025-12-26 03:13:19 - mkk_comic - app.py:582 - INFO - 正在下载第 125/189 页...
2025-12-26 03:13:19 - mkk_comic - app.py:582 - INFO - 正在下载第 126/189 页...
2025-12-26 03:13:19 - mkk_comic - app.py:582 - INFO - 正在下载第 127/189 页...
2025-12-26 03:13:19 - mkk_comic - app.py:582 - INFO - 正在下载第 128/189 页...
2025-12-26 03:13:19 - mkk_comic - app.py:582 - INFO - 正在下载第 129/189 页...
2025-12-26 03:13:19 - mkk_comic - app.py:582 - INFO - 正在下载第 130/189 页...
2025-12-26 03:13:19 - mkk_comic - app.py:582 - INFO - 正在下载第 131/189 页...
2025-12-26 03:13:19 - mkk_comic - app.py:582 - INFO - 正在下载第 132/189 页...
2025-12-26 03:13:19 - mkk_comic - app.py:582 - INFO - 正在下载第 133/189 页...
2025-12-26 03:13:19 - mkk_comic - app.py:582 - INFO - 正在下载第 134/189 页...
2025-12-26 03:13:19 - mkk_comic - app.py:582 - INFO - 正在下载第 135/189 页...
2025-12-26 03:13:19 - mkk_comic - app.py:582 - INFO - 正在下载第 136/189 页...
2025-12-26 03:13:19 - mkk_comic - app.py:582 - INFO - 正在下载第 137/189 页...
2025-12-26 03:13:19 - mkk_comic - app.py:582 - INFO - 正在下载第 138/189 页...
2025-12-26 03:13:19 - mkk_comic - app.py:582 - INFO - 正在下载第 139/189 页...
2025-12-26 03:13:19 - mkk_comic - app.py:582 - INFO - 正在下载第 140/189 页...
2025-12-26 03:13:19 - mkk_comic - app.py:582 - INFO - 正在下载第 141/189 页...
2025-12-26 03:13:19 - mkk_comic - app.py:582 - INFO - 正在下载第 142/189 页...
2025-12-26 03:13:19 - mkk_comic - app.py:582 - INFO - 正在下载第 143/189 页...
2025-12-26 03:13:19 - mkk_comic - app.py:582 - INFO - 正在下载第 144/189 页...
2025-12-26 03:13:19 - mkk_comic - app.py:582 - INFO - 正在下载第 145/189 页...
2025-12-26 03:13:19 - mkk_comic - app.py:582 - INFO - 正在下载第 146/189 页...
2025-12-26 03:13:19 - mkk_comic - app.py:582 - INFO - 正在下载第 147/189 页...
2025-12-26 03:13:19 - mkk_comic - app.py:582 - INFO - 正在下载第 148/189 页...
2025-12-26 03:13:20 - mkk_comic - app.py:582 - INFO - 正在下载第 149/189 页...
2025-12-26 03:13:20 - mkk_comic - app.py:582 - INFO - 正在下载第 150/189 页...
2025-12-26 03:13:20 - mkk_comic - app.py:582 - INFO - 正在下载第 151/189 页...
2025-12-26 03:13:20 - mkk_comic - app.py:582 - INFO - 正在下载第 152/189 页...
2025-12-26 03:13:20 - mkk_comic - app.py:582 - INFO - 正在下载第 153/189 页...
2025-12-26 03:13:20 - mkk_comic - app.py:582 - INFO - 正在下载第 154/189 页...
2025-12-26 03:13:20 - mkk_comic - app.py:582 - INFO - 正在下载第 155/189 页...
2025-12-26 03:13:20 - mkk_comic - app.py:582 - INFO - 正在下载第 156/189 页...
2025-12-26 03:13:20 - mkk_comic - app.py:582 - INFO - 正在下载第 157/189 页...
2025-12-26 03:13:20 - mkk_comic - app.py:582 - INFO - 正在下载第 158/189 页...
2025-12-26 03:13:20 - mkk_comic - app.py:582 - INFO - 正在下载第 159/189 页...
2025-12-26 03:13:20 - mkk_comic - app.py:582 - INFO - 正在下载第 160/189 页...
2025-12-26 03:13:20 - mkk_comic - app.py:582 - INFO - 正在下载第 161/189 页...
2025-12-26 03:13:20 - mkk_comic - app.py:582 - INFO - 正在下载第 162/189 页...
2025-12-26 03:13:20 - mkk_comic - app.py:582 - INFO - 正在下载第 163/189 页...
2025-12-26 03:13:20 - mkk_comic - app.py:582 - INFO - 正在下载第 164/189 页...
2025-12-26 03:13:20 - mkk_comic - app.py:582 - INFO - 正在下载第 165/189 页...
2025-12-26 03:13:20 - mkk_comic - app.py:582 - INFO - 正在下载第 166/189 页...
2025-12-26 03:13:20 - mkk_comic - app.py:582 - INFO - 正在下载第 167/189 页...
2025-12-26 03:13:20 - mkk_comic - app.py:582 - INFO - 正在下载第 168/189 页...
2025-12-26 03:13:20 - mkk_comic - app.py:582 - INFO - 正在下载第 169/189 页...
2025-12-26 03:13:20 - mkk_comic - app.py:582 - INFO - 正在下载第 170/189 页...
2025-12-26 03:13:20 - mkk_comic - app.py:582 - INFO - 正在下载第 171/189 页...
2025-12-26 03:13:20 - mkk_comic - app.py:582 - INFO - 正在下载第 172/189 页...
2025-12-26 03:13:20 - mkk_comic - app.py:582 - INFO - 正在下载第 173/189 页...
2025-12-26 03:13:20 - mkk_comic - app.py:582 - INFO - 正在下载第 174/189 页...
2025-12-26 03:13:20 - mkk_comic - app.py:582 - INFO - 正在下载第 175/189 页...
2025-12-26 03:13:20 - mkk_comic - app.py:582 - INFO - 正在下载第 176/189 页...
2025-12-26 03:13:20 - mkk_comic - app.py:582 - INFO - 正在下载第 177/189 页...
2025-12-26 03:13:20 - mkk_comic - app.py:582 - INFO - 正在下载第 178/189 页...
2025-12-26 03:13:21 - mkk_comic - app.py:582 - INFO - 正在下载第 179/189 页...
2025-12-26 03:13:21 - mkk_comic - app.py:582 - INFO - 正在下载第 180/189 页...
2025-12-26 03:13:21 - mkk_comic - app.py:582 - INFO - 正在下载第 181/189 页...
2025-12-26 03:13:21 - mkk_comic - app.py:582 - INFO - 正在下载第 182/189 页...
2025-12-26 03:13:21 - mkk_comic - app.py:582 - INFO - 正在下载第 183/189 页...
2025-12-26 03:13:21 - mkk_comic - app.py:582 - INFO - 正在下载第 184/189 页...
2025-12-26 03:13:21 - mkk_comic - app.py:582 - INFO - 正在下载第 185/189 页...
2025-12-26 03:13:21 - mkk_comic - app.py:582 - INFO - 正在下载第 186/189 页...
2025-12-26 03:13:21 - mkk_comic - app.py:582 - INFO - 正在下载第 187/189 页...
2025-12-26 03:13:21 - mkk_comic - app.py:582 - INFO - 正在下载第 188/189 页...
2025-12-26 03:13:21 - mkk_comic - app.py:582 - INFO - 正在下载第 189/189 页...
2025-12-26 03:13:21 - mkk_comic - app.py:511 - INFO - 下载完成!
2025-12-26 03:13:21 - mkk_comic - app.py:512 - INFO - 成功下载: 189/189 页
2025-12-26 03:13:22 - mkk_comic - app.py:494 - INFO - 正在下载第36章: 36卷    UUID:66f8ec72-c7be-11e8-881c-024352452ce0
2025-12-26 03:13:23 - mkk_comic - app.py:502 - INFO - 创建目录: ./out/海贼王/36卷
2025-12-26 03:13:23 - mkk_comic - app.py:505 - INFO - 开始下载: 海贼王 - 36卷
2025-12-26 03:13:23 - mkk_comic - app.py:506 - INFO - 总页数: 216
2025-12-26 03:13:23 - mkk_comic - app.py:582 - INFO - 正在下载第 001/216 页...
2025-12-26 03:13:23 - mkk_comic - app.py:582 - INFO - 正在下载第 002/216 页...
2025-12-26 03:13:23 - mkk_comic - app.py:582 - INFO - 正在下载第 003/216 页...
2025-12-26 03:13:23 - mkk_comic - app.py:582 - INFO - 正在下载第 004/216 页...
2025-12-26 03:13:23 - mkk_comic - app.py:582 - INFO - 正在下载第 005/216 页...
2025-12-26 03:13:23 - mkk_comic - app.py:582 - INFO - 正在下载第 006/216 页...
2025-12-26 03:13:23 - mkk_comic - app.py:582 - INFO - 正在下载第 007/216 页...
2025-12-26 03:13:23 - mkk_comic - app.py:582 - INFO - 正在下载第 008/216 页...
2025-12-26 03:13:23 - mkk_comic - app.py:582 - INFO - 正在下载第 009/216 页...
2025-12-26 03:13:23 - mkk_comic - app.py:582 - INFO - 正在下载第 010/216 页...
2025-12-26 03:13:23 - mkk_comic - app.py:582 - INFO - 正在下载第 011/216 页...
2025-12-26 03:13:23 - mkk_comic - app.py:582 - INFO - 正在下载第 012/216 页...
2025-12-26 03:13:23 - mkk_comic - app.py:582 - INFO - 正在下载第 013/216 页...
2025-12-26 03:13:23 - mkk_comic - app.py:582 - INFO - 正在下载第 014/216 页...
2025-12-26 03:13:23 - mkk_comic - app.py:582 - INFO - 正在下载第 015/216 页...
2025-12-26 03:13:23 - mkk_comic - app.py:582 - INFO - 正在下载第 016/216 页...
2025-12-26 03:13:23 - mkk_comic - app.py:582 - INFO - 正在下载第 017/216 页...
2025-12-26 03:13:23 - mkk_comic - app.py:582 - INFO - 正在下载第 018/216 页...
2025-12-26 03:13:23 - mkk_comic - app.py:582 - INFO - 正在下载第 019/216 页...
2025-12-26 03:13:23 - mkk_comic - app.py:582 - INFO - 正在下载第 020/216 页...
2025-12-26 03:13:23 - mkk_comic - app.py:582 - INFO - 正在下载第 021/216 页...
2025-12-26 03:13:23 - mkk_comic - app.py:582 - INFO - 正在下载第 022/216 页...
2025-12-26 03:13:23 - mkk_comic - app.py:582 - INFO - 正在下载第 023/216 页...
2025-12-26 03:13:23 - mkk_comic - app.py:582 - INFO - 正在下载第 024/216 页...
2025-12-26 03:13:23 - mkk_comic - app.py:582 - INFO - 正在下载第 025/216 页...
2025-12-26 03:13:23 - mkk_comic - app.py:582 - INFO - 正在下载第 026/216 页...
2025-12-26 03:13:23 - mkk_comic - app.py:582 - INFO - 正在下载第 027/216 页...
2025-12-26 03:13:24 - mkk_comic - app.py:582 - INFO - 正在下载第 028/216 页...
2025-12-26 03:13:24 - mkk_comic - app.py:582 - INFO - 正在下载第 029/216 页...
2025-12-26 03:13:24 - mkk_comic - app.py:582 - INFO - 正在下载第 030/216 页...
2025-12-26 03:13:24 - mkk_comic - app.py:582 - INFO - 正在下载第 031/216 页...
2025-12-26 03:13:24 - mkk_comic - app.py:582 - INFO - 正在下载第 032/216 页...
2025-12-26 03:13:24 - mkk_comic - app.py:582 - INFO - 正在下载第 033/216 页...
2025-12-26 03:13:24 - mkk_comic - app.py:582 - INFO - 正在下载第 034/216 页...
2025-12-26 03:13:24 - mkk_comic - app.py:582 - INFO - 正在下载第 035/216 页...
2025-12-26 03:13:24 - mkk_comic - app.py:582 - INFO - 正在下载第 036/216 页...
2025-12-26 03:13:24 - mkk_comic - app.py:582 - INFO - 正在下载第 037/216 页...
2025-12-26 03:13:24 - mkk_comic - app.py:582 - INFO - 正在下载第 038/216 页...
2025-12-26 03:13:24 - mkk_comic - app.py:582 - INFO - 正在下载第 039/216 页...
2025-12-26 03:13:24 - mkk_comic - app.py:582 - INFO - 正在下载第 040/216 页...
2025-12-26 03:13:24 - mkk_comic - app.py:582 - INFO - 正在下载第 041/216 页...
2025-12-26 03:13:24 - mkk_comic - app.py:582 - INFO - 正在下载第 042/216 页...
2025-12-26 03:13:24 - mkk_comic - app.py:582 - INFO - 正在下载第 043/216 页...
2025-12-26 03:13:24 - mkk_comic - app.py:582 - INFO - 正在下载第 044/216 页...
2025-12-26 03:13:24 - mkk_comic - app.py:582 - INFO - 正在下载第 045/216 页...
2025-12-26 03:13:24 - mkk_comic - app.py:582 - INFO - 正在下载第 046/216 页...
2025-12-26 03:13:24 - mkk_comic - app.py:582 - INFO - 正在下载第 047/216 页...
2025-12-26 03:13:24 - mkk_comic - app.py:582 - INFO - 正在下载第 048/216 页...
2025-12-26 03:13:24 - mkk_comic - app.py:582 - INFO - 正在下载第 049/216 页...
2025-12-26 03:13:24 - mkk_comic - app.py:582 - INFO - 正在下载第 050/216 页...
2025-12-26 03:13:24 - mkk_comic - app.py:582 - INFO - 正在下载第 051/216 页...
2025-12-26 03:13:24 - mkk_comic - app.py:582 - INFO - 正在下载第 052/216 页...
2025-12-26 03:13:24 - mkk_comic - app.py:582 - INFO - 正在下载第 053/216 页...
2025-12-26 03:13:24 - mkk_comic - app.py:582 - INFO - 正在下载第 054/216 页...
2025-12-26 03:13:24 - mkk_comic - app.py:582 - INFO - 正在下载第 055/216 页...
2025-12-26 03:13:24 - mkk_comic - app.py:582 - INFO - 正在下载第 056/216 页...
2025-12-26 03:13:24 - mkk_comic - app.py:582 - INFO - 正在下载第 057/216 页...
2025-12-26 03:13:24 - mkk_comic - app.py:582 - INFO - 正在下载第 058/216 页...
2025-12-26 03:13:25 - mkk_comic - app.py:582 - INFO - 正在下载第 059/216 页...
2025-12-26 03:13:25 - mkk_comic - app.py:582 - INFO - 正在下载第 060/216 页...
2025-12-26 03:13:25 - mkk_comic - app.py:582 - INFO - 正在下载第 061/216 页...
2025-12-26 03:13:25 - mkk_comic - app.py:582 - INFO - 正在下载第 062/216 页...
2025-12-26 03:13:25 - mkk_comic - app.py:582 - INFO - 正在下载第 063/216 页...
2025-12-26 03:13:25 - mkk_comic - app.py:582 - INFO - 正在下载第 064/216 页...
2025-12-26 03:13:25 - mkk_comic - app.py:582 - INFO - 正在下载第 065/216 页...
2025-12-26 03:13:25 - mkk_comic - app.py:582 - INFO - 正在下载第 066/216 页...
2025-12-26 03:13:25 - mkk_comic - app.py:582 - INFO - 正在下载第 067/216 页...
2025-12-26 03:13:25 - mkk_comic - app.py:582 - INFO - 正在下载第 068/216 页...
2025-12-26 03:13:25 - mkk_comic - app.py:582 - INFO - 正在下载第 069/216 页...
2025-12-26 03:13:25 - mkk_comic - app.py:582 - INFO - 正在下载第 070/216 页...
2025-12-26 03:13:25 - mkk_comic - app.py:582 - INFO - 正在下载第 071/216 页...
2025-12-26 03:13:25 - mkk_comic - app.py:582 - INFO - 正在下载第 072/216 页...
2025-12-26 03:13:25 - mkk_comic - app.py:582 - INFO - 正在下载第 073/216 页...
2025-12-26 03:13:25 - mkk_comic - app.py:582 - INFO - 正在下载第 074/216 页...
2025-12-26 03:13:25 - mkk_comic - app.py:582 - INFO - 正在下载第 075/216 页...
2025-12-26 03:13:25 - mkk_comic - app.py:582 - INFO - 正在下载第 076/216 页...
2025-12-26 03:13:25 - mkk_comic - app.py:582 - INFO - 正在下载第 077/216 页...
2025-12-26 03:13:25 - mkk_comic - app.py:582 - INFO - 正在下载第 078/216 页...
2025-12-26 03:13:25 - mkk_comic - app.py:582 - INFO - 正在下载第 079/216 页...
2025-12-26 03:13:25 - mkk_comic - app.py:582 - INFO - 正在下载第 080/216 页...
2025-12-26 03:13:25 - mkk_comic - app.py:582 - INFO - 正在下载第 081/216 页...
2025-12-26 03:13:25 - mkk_comic - app.py:582 - INFO - 正在下载第 082/216 页...
2025-12-26 03:13:25 - mkk_comic - app.py:582 - INFO - 正在下载第 083/216 页...
2025-12-26 03:13:25 - mkk_comic - app.py:582 - INFO - 正在下载第 084/216 页...
2025-12-26 03:13:25 - mkk_comic - app.py:582 - INFO - 正在下载第 085/216 页...
2025-12-26 03:13:25 - mkk_comic - app.py:582 - INFO - 正在下载第 086/216 页...
2025-12-26 03:13:25 - mkk_comic - app.py:582 - INFO - 正在下载第 087/216 页...
2025-12-26 03:13:25 - mkk_comic - app.py:582 - INFO - 正在下载第 088/216 页...
2025-12-26 03:13:25 - mkk_comic - app.py:582 - INFO - 正在下载第 089/216 页...
2025-12-26 03:13:25 - mkk_comic - app.py:582 - INFO - 正在下载第 090/216 页...
2025-12-26 03:13:25 - mkk_comic - app.py:582 - INFO - 正在下载第 091/216 页...
2025-12-26 03:13:25 - mkk_comic - app.py:582 - INFO - 正在下载第 092/216 页...
2025-12-26 03:13:26 - mkk_comic - app.py:582 - INFO - 正在下载第 093/216 页...
2025-12-26 03:13:26 - mkk_comic - app.py:582 - INFO - 正在下载第 094/216 页...
2025-12-26 03:13:26 - mkk_comic - app.py:582 - INFO - 正在下载第 095/216 页...
2025-12-26 03:13:26 - mkk_comic - app.py:582 - INFO - 正在下载第 096/216 页...
2025-12-26 03:13:26 - mkk_comic - app.py:582 - INFO - 正在下载第 097/216 页...
2025-12-26 03:13:26 - mkk_comic - app.py:582 - INFO - 正在下载第 098/216 页...
2025-12-26 03:13:26 - mkk_comic - app.py:582 - INFO - 正在下载第 099/216 页...
2025-12-26 03:13:26 - mkk_comic - app.py:582 - INFO - 正在下载第 100/216 页...
2025-12-26 03:13:26 - mkk_comic - app.py:582 - INFO - 正在下载第 101/216 页...
2025-12-26 03:13:26 - mkk_comic - app.py:582 - INFO - 正在下载第 102/216 页...
2025-12-26 03:13:26 - mkk_comic - app.py:582 - INFO - 正在下载第 103/216 页...
2025-12-26 03:13:26 - mkk_comic - app.py:582 - INFO - 正在下载第 104/216 页...
2025-12-26 03:13:26 - mkk_comic - app.py:582 - INFO - 正在下载第 105/216 页...
2025-12-26 03:13:26 - mkk_comic - app.py:582 - INFO - 正在下载第 106/216 页...
2025-12-26 03:13:26 - mkk_comic - app.py:582 - INFO - 正在下载第 107/216 页...
2025-12-26 03:13:26 - mkk_comic - app.py:582 - INFO - 正在下载第 108/216 页...
2025-12-26 03:13:26 - mkk_comic - app.py:582 - INFO - 正在下载第 109/216 页...
2025-12-26 03:13:26 - mkk_comic - app.py:582 - INFO - 正在下载第 110/216 页...
2025-12-26 03:13:26 - mkk_comic - app.py:582 - INFO - 正在下载第 111/216 页...
2025-12-26 03:13:26 - mkk_comic - app.py:582 - INFO - 正在下载第 112/216 页...
2025-12-26 03:13:26 - mkk_comic - app.py:582 - INFO - 正在下载第 113/216 页...
2025-12-26 03:13:26 - mkk_comic - app.py:582 - INFO - 正在下载第 114/216 页...
2025-12-26 03:13:26 - mkk_comic - app.py:582 - INFO - 正在下载第 115/216 页...
2025-12-26 03:13:26 - mkk_comic - app.py:582 - INFO - 正在下载第 116/216 页...
2025-12-26 03:13:26 - mkk_comic - app.py:582 - INFO - 正在下载第 117/216 页...
2025-12-26 03:13:26 - mkk_comic - app.py:582 - INFO - 正在下载第 118/216 页...
2025-12-26 03:13:26 - mkk_comic - app.py:582 - INFO - 正在下载第 119/216 页...
2025-12-26 03:13:26 - mkk_comic - app.py:582 - INFO - 正在下载第 120/216 页...
2025-12-26 03:13:27 - mkk_comic - app.py:582 - INFO - 正在下载第 121/216 页...
2025-12-26 03:13:27 - mkk_comic - app.py:582 - INFO - 正在下载第 122/216 页...
2025-12-26 03:13:27 - mkk_comic - app.py:582 - INFO - 正在下载第 123/216 页...
2025-12-26 03:13:27 - mkk_comic - app.py:582 - INFO - 正在下载第 124/216 页...
2025-12-26 03:13:27 - mkk_comic - app.py:582 - INFO - 正在下载第 125/216 页...
2025-12-26 03:13:27 - mkk_comic - app.py:582 - INFO - 正在下载第 126/216 页...
2025-12-26 03:13:27 - mkk_comic - app.py:582 - INFO - 正在下载第 127/216 页...
2025-12-26 03:13:27 - mkk_comic - app.py:582 - INFO - 正在下载第 128/216 页...
2025-12-26 03:13:27 - mkk_comic - app.py:582 - INFO - 正在下载第 129/216 页...
2025-12-26 03:13:27 - mkk_comic - app.py:582 - INFO - 正在下载第 130/216 页...
2025-12-26 03:13:27 - mkk_comic - app.py:582 - INFO - 正在下载第 131/216 页...
2025-12-26 03:13:27 - mkk_comic - app.py:582 - INFO - 正在下载第 132/216 页...
2025-12-26 03:13:27 - mkk_comic - app.py:582 - INFO - 正在下载第 133/216 页...
2025-12-26 03:13:27 - mkk_comic - app.py:582 - INFO - 正在下载第 134/216 页...
2025-12-26 03:13:27 - mkk_comic - app.py:582 - INFO - 正在下载第 135/216 页...
2025-12-26 03:13:27 - mkk_comic - app.py:582 - INFO - 正在下载第 136/216 页...
2025-12-26 03:13:27 - mkk_comic - app.py:582 - INFO - 正在下载第 137/216 页...
2025-12-26 03:13:27 - mkk_comic - app.py:582 - INFO - 正在下载第 138/216 页...
2025-12-26 03:13:27 - mkk_comic - app.py:582 - INFO - 正在下载第 139/216 页...
2025-12-26 03:13:27 - mkk_comic - app.py:582 - INFO - 正在下载第 140/216 页...
2025-12-26 03:13:27 - mkk_comic - app.py:582 - INFO - 正在下载第 141/216 页...
2025-12-26 03:13:27 - mkk_comic - app.py:582 - INFO - 正在下载第 142/216 页...
2025-12-26 03:13:27 - mkk_comic - app.py:582 - INFO - 正在下载第 143/216 页...
2025-12-26 03:13:27 - mkk_comic - app.py:582 - INFO - 正在下载第 144/216 页...
2025-12-26 03:13:27 - mkk_comic - app.py:582 - INFO - 正在下载第 145/216 页...
2025-12-26 03:13:27 - mkk_comic - app.py:582 - INFO - 正在下载第 146/216 页...
2025-12-26 03:13:27 - mkk_comic - app.py:582 - INFO - 正在下载第 147/216 页...
2025-12-26 03:13:27 - mkk_comic - app.py:582 - INFO - 正在下载第 148/216 页...
2025-12-26 03:13:27 - mkk_comic - app.py:582 - INFO - 正在下载第 149/216 页...
2025-12-26 03:13:27 - mkk_comic - app.py:582 - INFO - 正在下载第 150/216 页...
2025-12-26 03:13:27 - mkk_comic - app.py:582 - INFO - 正在下载第 151/216 页...
2025-12-26 03:13:27 - mkk_comic - app.py:582 - INFO - 正在下载第 152/216 页...
2025-12-26 03:13:28 - mkk_comic - app.py:582 - INFO - 正在下载第 153/216 页...
2025-12-26 03:13:28 - mkk_comic - app.py:582 - INFO - 正在下载第 154/216 页...
2025-12-26 03:13:28 - mkk_comic - app.py:582 - INFO - 正在下载第 155/216 页...
2025-12-26 03:13:28 - mkk_comic - app.py:582 - INFO - 正在下载第 156/216 页...
2025-12-26 03:13:28 - mkk_comic - app.py:582 - INFO - 正在下载第 157/216 页...
2025-12-26 03:13:28 - mkk_comic - app.py:582 - INFO - 正在下载第 158/216 页...
2025-12-26 03:13:28 - mkk_comic - app.py:582 - INFO - 正在下载第 159/216 页...
2025-12-26 03:13:28 - mkk_comic - app.py:582 - INFO - 正在下载第 160/216 页...
2025-12-26 03:13:28 - mkk_comic - app.py:582 - INFO - 正在下载第 161/216 页...
2025-12-26 03:13:28 - mkk_comic - app.py:582 - INFO - 正在下载第 162/216 页...
2025-12-26 03:13:28 - mkk_comic - app.py:582 - INFO - 正在下载第 163/216 页...
2025-12-26 03:13:28 - mkk_comic - app.py:582 - INFO - 正在下载第 164/216 页...
2025-12-26 03:13:28 - mkk_comic - app.py:582 - INFO - 正在下载第 165/216 页...
2025-12-26 03:13:28 - mkk_comic - app.py:582 - INFO - 正在下载第 166/216 页...
2025-12-26 03:13:28 - mkk_comic - app.py:582 - INFO - 正在下载第 167/216 页...
2025-12-26 03:13:28 - mkk_comic - app.py:582 - INFO - 正在下载第 168/216 页...
2025-12-26 03:13:28 - mkk_comic - app.py:582 - INFO - 正在下载第 169/216 页...
2025-12-26 03:13:28 - mkk_comic - app.py:582 - INFO - 正在下载第 170/216 页...
2025-12-26 03:13:28 - mkk_comic - app.py:582 - INFO - 正在下载第 171/216 页...
2025-12-26 03:13:28 - mkk_comic - app.py:582 - INFO - 正在下载第 172/216 页...
2025-12-26 03:13:28 - mkk_comic - app.py:582 - INFO - 正在下载第 173/216 页...
2025-12-26 03:13:28 - mkk_comic - app.py:582 - INFO - 正在下载第 174/216 页...
2025-12-26 03:13:28 - mkk_comic - app.py:582 - INFO - 正在下载第 175/216 页...
2025-12-26 03:13:28 - mkk_comic - app.py:582 - INFO - 正在下载第 176/216 页...
2025-12-26 03:13:28 - mkk_comic - app.py:582 - INFO - 正在下载第 177/216 页...
2025-12-26 03:13:28 - mkk_comic - app.py:582 - INFO - 正在下载第 178/216 页...
2025-12-26 03:13:28 - mkk_comic - app.py:582 - INFO - 正在下载第 179/216 页...
2025-12-26 03:13:28 - mkk_comic - app.py:582 - INFO - 正在下载第 180/216 页...
2025-12-26 03:13:28 - mkk_comic - app.py:582 - INFO - 正在下载第 181/216 页...
2025-12-26 03:13:28 - mkk_comic - app.py:582 - INFO - 正在下载第 182/216 页...
2025-12-26 03:13:28 - mkk_comic - app.py:582 - INFO - 正在下载第 183/216 页...
2025-12-26 03:13:29 - mkk_comic - app.py:582 - INFO - 正在下载第 184/216 页...
2025-12-26 03:13:29 - mkk_comic - app.py:582 - INFO - 正在下载第 185/216 页...
2025-12-26 03:13:29 - mkk_comic - app.py:582 - INFO - 正在下载第 186/216 页...
2025-12-26 03:13:29 - mkk_comic - app.py:582 - INFO - 正在下载第 187/216 页...
2025-12-26 03:13:29 - mkk_comic - app.py:582 - INFO - 正在下载第 188/216 页...
2025-12-26 03:13:29 - mkk_comic - app.py:582 - INFO - 正在下载第 189/216 页...
2025-12-26 03:13:29 - mkk_comic - app.py:582 - INFO - 正在下载第 190/216 页...
2025-12-26 03:13:29 - mkk_comic - app.py:582 - INFO - 正在下载第 191/216 页...
2025-12-26 03:13:29 - mkk_comic - app.py:582 - INFO - 正在下载第 192/216 页...
2025-12-26 03:13:29 - mkk_comic - app.py:582 - INFO - 正在下载第 193/216 页...
2025-12-26 03:13:29 - mkk_comic - app.py:582 - INFO - 正在下载第 194/216 页...
2025-12-26 03:13:29 - mkk_comic - app.py:582 - INFO - 正在下载第 195/216 页...
2025-12-26 03:13:29 - mkk_comic - app.py:582 - INFO - 正在下载第 196/216 页...
2025-12-26 03:13:29 - mkk_comic - app.py:582 - INFO - 正在下载第 197/216 页...
2025-12-26 03:13:29 - mkk_comic - app.py:582 - INFO - 正在下载第 198/216 页...
2025-12-26 03:13:29 - mkk_comic - app.py:582 - INFO - 正在下载第 199/216 页...
2025-12-26 03:13:29 - mkk_comic - app.py:582 - INFO - 正在下载第 200/216 页...
2025-12-26 03:13:29 - mkk_comic - app.py:582 - INFO - 正在下载第 201/216 页...
2025-12-26 03:13:29 - mkk_comic - app.py:582 - INFO - 正在下载第 202/216 页...
2025-12-26 03:13:29 - mkk_comic - app.py:582 - INFO - 正在下载第 203/216 页...
2025-12-26 03:13:29 - mkk_comic - app.py:582 - INFO - 正在下载第 204/216 页...
2025-12-26 03:13:29 - mkk_comic - app.py:582 - INFO - 正在下载第 205/216 页...
2025-12-26 03:13:29 - mkk_comic - app.py:582 - INFO - 正在下载第 206/216 页...
2025-12-26 03:13:29 - mkk_comic - app.py:582 - INFO - 正在下载第 207/216 页...
2025-12-26 03:13:29 - mkk_comic - app.py:582 - INFO - 正在下载第 208/216 页...
2025-12-26 03:13:29 - mkk_comic - app.py:582 - INFO - 正在下载第 209/216 页...
2025-12-26 03:13:29 - mkk_comic - app.py:582 - INFO - 正在下载第 210/216 页...
2025-12-26 03:13:29 - mkk_comic - app.py:582 - INFO - 正在下载第 211/216 页...
2025-12-26 03:13:29 - mkk_comic - app.py:582 - INFO - 正在下载第 212/216 页...
2025-12-26 03:13:29 - mkk_comic - app.py:582 - INFO - 正在下载第 213/216 页...
2025-12-26 03:13:29 - mkk_comic - app.py:582 - INFO - 正在下载第 214/216 页...
2025-12-26 03:13:30 - mkk_comic - app.py:582 - INFO - 正在下载第 215/216 页...
2025-12-26 03:13:30 - mkk_comic - app.py:582 - INFO - 正在下载第 216/216 页...
2025-12-26 03:13:30 - mkk_comic - app.py:511 - INFO - 下载完成!
2025-12-26 03:13:30 - mkk_comic - app.py:512 - INFO - 成功下载: 216/216 页
2025-12-26 03:13:30 - mkk_comic - app.py:494 - INFO - 正在下载第37章: 37卷    UUID:6bbd12f2-c7be-11e8-881c-024352452ce0
2025-12-26 03:13:31 - mkk_comic - app.py:502 - INFO - 创建目录: ./out/海贼王/37卷
2025-12-26 03:13:31 - mkk_comic - app.py:505 - INFO - 开始下载: 海贼王 - 37卷
2025-12-26 03:13:31 - mkk_comic - app.py:506 - INFO - 总页数: 231
2025-12-26 03:13:31 - mkk_comic - app.py:582 - INFO - 正在下载第 001/231 页...
2025-12-26 03:13:31 - mkk_comic - app.py:582 - INFO - 正在下载第 002/231 页...
2025-12-26 03:13:31 - mkk_comic - app.py:582 - INFO - 正在下载第 003/231 页...
2025-12-26 03:13:31 - mkk_comic - app.py:582 - INFO - 正在下载第 004/231 页...
2025-12-26 03:13:31 - mkk_comic - app.py:582 - INFO - 正在下载第 005/231 页...
2025-12-26 03:13:31 - mkk_comic - app.py:582 - INFO - 正在下载第 006/231 页...
2025-12-26 03:13:31 - mkk_comic - app.py:582 - INFO - 正在下载第 007/231 页...
2025-12-26 03:13:31 - mkk_comic - app.py:582 - INFO - 正在下载第 008/231 页...
2025-12-26 03:13:31 - mkk_comic - app.py:582 - INFO - 正在下载第 009/231 页...
2025-12-26 03:13:31 - mkk_comic - app.py:582 - INFO - 正在下载第 010/231 页...
2025-12-26 03:13:31 - mkk_comic - app.py:582 - INFO - 正在下载第 011/231 页...
2025-12-26 03:13:32 - mkk_comic - app.py:582 - INFO - 正在下载第 012/231 页...
2025-12-26 03:13:32 - mkk_comic - app.py:582 - INFO - 正在下载第 013/231 页...
2025-12-26 03:13:32 - mkk_comic - app.py:582 - INFO - 正在下载第 014/231 页...
2025-12-26 03:13:32 - mkk_comic - app.py:582 - INFO - 正在下载第 015/231 页...
2025-12-26 03:13:32 - mkk_comic - app.py:582 - INFO - 正在下载第 016/231 页...
2025-12-26 03:13:32 - mkk_comic - app.py:582 - INFO - 正在下载第 017/231 页...
2025-12-26 03:13:32 - mkk_comic - app.py:582 - INFO - 正在下载第 018/231 页...
2025-12-26 03:13:32 - mkk_comic - app.py:582 - INFO - 正在下载第 019/231 页...
2025-12-26 03:13:32 - mkk_comic - app.py:582 - INFO - 正在下载第 020/231 页...
2025-12-26 03:13:32 - mkk_comic - app.py:582 - INFO - 正在下载第 021/231 页...
2025-12-26 03:13:32 - mkk_comic - app.py:582 - INFO - 正在下载第 022/231 页...
2025-12-26 03:13:32 - mkk_comic - app.py:582 - INFO - 正在下载第 023/231 页...
2025-12-26 03:13:32 - mkk_comic - app.py:582 - INFO - 正在下载第 024/231 页...
2025-12-26 03:13:32 - mkk_comic - app.py:582 - INFO - 正在下载第 025/231 页...
2025-12-26 03:13:32 - mkk_comic - app.py:582 - INFO - 正在下载第 026/231 页...
2025-12-26 03:13:32 - mkk_comic - app.py:582 - INFO - 正在下载第 027/231 页...
2025-12-26 03:13:32 - mkk_comic - app.py:582 - INFO - 正在下载第 028/231 页...
2025-12-26 03:13:32 - mkk_comic - app.py:582 - INFO - 正在下载第 029/231 页...
2025-12-26 03:13:32 - mkk_comic - app.py:582 - INFO - 正在下载第 030/231 页...
2025-12-26 03:13:32 - mkk_comic - app.py:582 - INFO - 正在下载第 031/231 页...
2025-12-26 03:13:32 - mkk_comic - app.py:582 - INFO - 正在下载第 032/231 页...
2025-12-26 03:13:32 - mkk_comic - app.py:582 - INFO - 正在下载第 033/231 页...
2025-12-26 03:13:32 - mkk_comic - app.py:582 - INFO - 正在下载第 034/231 页...
2025-12-26 03:13:32 - mkk_comic - app.py:582 - INFO - 正在下载第 035/231 页...
2025-12-26 03:13:32 - mkk_comic - app.py:582 - INFO - 正在下载第 036/231 页...
2025-12-26 03:13:32 - mkk_comic - app.py:582 - INFO - 正在下载第 037/231 页...
2025-12-26 03:13:32 - mkk_comic - app.py:582 - INFO - 正在下载第 038/231 页...
2025-12-26 03:13:32 - mkk_comic - app.py:582 - INFO - 正在下载第 039/231 页...
2025-12-26 03:13:32 - mkk_comic - app.py:582 - INFO - 正在下载第 040/231 页...
2025-12-26 03:13:32 - mkk_comic - app.py:582 - INFO - 正在下载第 041/231 页...
2025-12-26 03:13:32 - mkk_comic - app.py:582 - INFO - 正在下载第 042/231 页...
2025-12-26 03:13:32 - mkk_comic - app.py:582 - INFO - 正在下载第 043/231 页...
2025-12-26 03:13:32 - mkk_comic - app.py:582 - INFO - 正在下载第 044/231 页...
2025-12-26 03:13:32 - mkk_comic - app.py:582 - INFO - 正在下载第 045/231 页...
2025-12-26 03:13:33 - mkk_comic - app.py:582 - INFO - 正在下载第 046/231 页...
2025-12-26 03:13:33 - mkk_comic - app.py:582 - INFO - 正在下载第 047/231 页...
2025-12-26 03:13:33 - mkk_comic - app.py:582 - INFO - 正在下载第 048/231 页...
2025-12-26 03:13:33 - mkk_comic - app.py:582 - INFO - 正在下载第 049/231 页...
2025-12-26 03:13:33 - mkk_comic - app.py:582 - INFO - 正在下载第 050/231 页...
2025-12-26 03:13:33 - mkk_comic - app.py:582 - INFO - 正在下载第 051/231 页...
2025-12-26 03:13:33 - mkk_comic - app.py:582 - INFO - 正在下载第 052/231 页...
2025-12-26 03:13:33 - mkk_comic - app.py:582 - INFO - 正在下载第 053/231 页...
2025-12-26 03:13:33 - mkk_comic - app.py:582 - INFO - 正在下载第 054/231 页...
2025-12-26 03:13:33 - mkk_comic - app.py:582 - INFO - 正在下载第 055/231 页...
2025-12-26 03:13:33 - mkk_comic - app.py:582 - INFO - 正在下载第 056/231 页...
2025-12-26 03:13:33 - mkk_comic - app.py:582 - INFO - 正在下载第 057/231 页...
2025-12-26 03:13:33 - mkk_comic - app.py:582 - INFO - 正在下载第 058/231 页...
2025-12-26 03:13:33 - mkk_comic - app.py:582 - INFO - 正在下载第 059/231 页...
2025-12-26 03:13:33 - mkk_comic - app.py:582 - INFO - 正在下载第 060/231 页...
2025-12-26 03:13:33 - mkk_comic - app.py:582 - INFO - 正在下载第 061/231 页...
2025-12-26 03:13:33 - mkk_comic - app.py:582 - INFO - 正在下载第 062/231 页...
2025-12-26 03:13:33 - mkk_comic - app.py:582 - INFO - 正在下载第 063/231 页...
2025-12-26 03:13:33 - mkk_comic - app.py:582 - INFO - 正在下载第 064/231 页...
2025-12-26 03:13:33 - mkk_comic - app.py:582 - INFO - 正在下载第 065/231 页...
2025-12-26 03:13:33 - mkk_comic - app.py:582 - INFO - 正在下载第 066/231 页...
2025-12-26 03:13:33 - mkk_comic - app.py:582 - INFO - 正在下载第 067/231 页...
2025-12-26 03:13:33 - mkk_comic - app.py:582 - INFO - 正在下载第 068/231 页...
2025-12-26 03:13:33 - mkk_comic - app.py:582 - INFO - 正在下载第 069/231 页...
2025-12-26 03:13:33 - mkk_comic - app.py:582 - INFO - 正在下载第 070/231 页...
2025-12-26 03:13:33 - mkk_comic - app.py:582 - INFO - 正在下载第 071/231 页...
2025-12-26 03:13:33 - mkk_comic - app.py:582 - INFO - 正在下载第 072/231 页...
2025-12-26 03:13:33 - mkk_comic - app.py:582 - INFO - 正在下载第 073/231 页...
2025-12-26 03:13:33 - mkk_comic - app.py:582 - INFO - 正在下载第 074/231 页...
2025-12-26 03:13:33 - mkk_comic - app.py:582 - INFO - 正在下载第 075/231 页...
2025-12-26 03:13:34 - mkk_comic - app.py:582 - INFO - 正在下载第 076/231 页...
2025-12-26 03:13:34 - mkk_comic - app.py:582 - INFO - 正在下载第 077/231 页...
2025-12-26 03:13:34 - mkk_comic - app.py:582 - INFO - 正在下载第 078/231 页...
2025-12-26 03:13:34 - mkk_comic - app.py:582 - INFO - 正在下载第 079/231 页...
2025-12-26 03:13:34 - mkk_comic - app.py:582 - INFO - 正在下载第 080/231 页...
2025-12-26 03:13:34 - mkk_comic - app.py:582 - INFO - 正在下载第 081/231 页...
2025-12-26 03:13:34 - mkk_comic - app.py:582 - INFO - 正在下载第 082/231 页...
2025-12-26 03:13:34 - mkk_comic - app.py:582 - INFO - 正在下载第 083/231 页...
2025-12-26 03:13:34 - mkk_comic - app.py:582 - INFO - 正在下载第 084/231 页...
2025-12-26 03:13:34 - mkk_comic - app.py:582 - INFO - 正在下载第 085/231 页...
2025-12-26 03:13:34 - mkk_comic - app.py:582 - INFO - 正在下载第 086/231 页...
2025-12-26 03:13:34 - mkk_comic - app.py:582 - INFO - 正在下载第 087/231 页...
2025-12-26 03:13:34 - mkk_comic - app.py:582 - INFO - 正在下载第 088/231 页...
2025-12-26 03:13:34 - mkk_comic - app.py:582 - INFO - 正在下载第 089/231 页...
2025-12-26 03:13:34 - mkk_comic - app.py:582 - INFO - 正在下载第 090/231 页...
2025-12-26 03:13:34 - mkk_comic - app.py:582 - INFO - 正在下载第 091/231 页...
2025-12-26 03:13:34 - mkk_comic - app.py:582 - INFO - 正在下载第 092/231 页...
2025-12-26 03:13:34 - mkk_comic - app.py:582 - INFO - 正在下载第 093/231 页...
2025-12-26 03:13:34 - mkk_comic - app.py:582 - INFO - 正在下载第 094/231 页...
2025-12-26 03:13:34 - mkk_comic - app.py:582 - INFO - 正在下载第 095/231 页...
2025-12-26 03:13:34 - mkk_comic - app.py:582 - INFO - 正在下载第 096/231 页...
2025-12-26 03:13:34 - mkk_comic - app.py:582 - INFO - 正在下载第 097/231 页...
2025-12-26 03:13:34 - mkk_comic - app.py:582 - INFO - 正在下载第 098/231 页...
2025-12-26 03:13:34 - mkk_comic - app.py:582 - INFO - 正在下载第 099/231 页...
2025-12-26 03:13:34 - mkk_comic - app.py:582 - INFO - 正在下载第 100/231 页...
2025-12-26 03:13:34 - mkk_comic - app.py:582 - INFO - 正在下载第 101/231 页...
2025-12-26 03:13:34 - mkk_comic - app.py:582 - INFO - 正在下载第 102/231 页...
2025-12-26 03:13:34 - mkk_comic - app.py:582 - INFO - 正在下载第 103/231 页...
2025-12-26 03:13:34 - mkk_comic - app.py:582 - INFO - 正在下载第 104/231 页...
2025-12-26 03:13:34 - mkk_comic - app.py:582 - INFO - 正在下载第 105/231 页...
2025-12-26 03:13:35 - mkk_comic - app.py:582 - INFO - 正在下载第 106/231 页...
2025-12-26 03:13:35 - mkk_comic - app.py:582 - INFO - 正在下载第 107/231 页...
2025-12-26 03:13:35 - mkk_comic - app.py:582 - INFO - 正在下载第 108/231 页...
2025-12-26 03:13:35 - mkk_comic - app.py:582 - INFO - 正在下载第 109/231 页...
2025-12-26 03:13:35 - mkk_comic - app.py:582 - INFO - 正在下载第 110/231 页...
2025-12-26 03:13:35 - mkk_comic - app.py:582 - INFO - 正在下载第 111/231 页...
2025-12-26 03:13:35 - mkk_comic - app.py:582 - INFO - 正在下载第 112/231 页...
2025-12-26 03:13:35 - mkk_comic - app.py:582 - INFO - 正在下载第 113/231 页...
2025-12-26 03:13:35 - mkk_comic - app.py:582 - INFO - 正在下载第 114/231 页...
2025-12-26 03:13:35 - mkk_comic - app.py:582 - INFO - 正在下载第 115/231 页...
2025-12-26 03:13:35 - mkk_comic - app.py:582 - INFO - 正在下载第 116/231 页...
2025-12-26 03:13:35 - mkk_comic - app.py:582 - INFO - 正在下载第 117/231 页...
2025-12-26 03:13:35 - mkk_comic - app.py:582 - INFO - 正在下载第 118/231 页...
2025-12-26 03:13:35 - mkk_comic - app.py:582 - INFO - 正在下载第 119/231 页...
2025-12-26 03:13:35 - mkk_comic - app.py:582 - INFO - 正在下载第 120/231 页...
2025-12-26 03:13:35 - mkk_comic - app.py:582 - INFO - 正在下载第 121/231 页...
2025-12-26 03:13:35 - mkk_comic - app.py:582 - INFO - 正在下载第 122/231 页...
2025-12-26 03:13:35 - mkk_comic - app.py:582 - INFO - 正在下载第 123/231 页...
2025-12-26 03:13:35 - mkk_comic - app.py:582 - INFO - 正在下载第 124/231 页...
2025-12-26 03:13:35 - mkk_comic - app.py:582 - INFO - 正在下载第 125/231 页...
2025-12-26 03:13:35 - mkk_comic - app.py:582 - INFO - 正在下载第 126/231 页...
2025-12-26 03:13:35 - mkk_comic - app.py:582 - INFO - 正在下载第 127/231 页...
2025-12-26 03:13:35 - mkk_comic - app.py:582 - INFO - 正在下载第 128/231 页...
2025-12-26 03:13:35 - mkk_comic - app.py:582 - INFO - 正在下载第 129/231 页...
2025-12-26 03:13:35 - mkk_comic - app.py:582 - INFO - 正在下载第 130/231 页...
2025-12-26 03:13:35 - mkk_comic - app.py:582 - INFO - 正在下载第 131/231 页...
2025-12-26 03:13:35 - mkk_comic - app.py:582 - INFO - 正在下载第 132/231 页...
2025-12-26 03:13:35 - mkk_comic - app.py:582 - INFO - 正在下载第 133/231 页...
2025-12-26 03:13:35 - mkk_comic - app.py:582 - INFO - 正在下载第 134/231 页...
2025-12-26 03:13:35 - mkk_comic - app.py:582 - INFO - 正在下载第 135/231 页...
2025-12-26 03:13:36 - mkk_comic - app.py:582 - INFO - 正在下载第 136/231 页...
2025-12-26 03:13:36 - mkk_comic - app.py:582 - INFO - 正在下载第 137/231 页...
2025-12-26 03:13:36 - mkk_comic - app.py:582 - INFO - 正在下载第 138/231 页...
2025-12-26 03:13:36 - mkk_comic - app.py:582 - INFO - 正在下载第 139/231 页...
2025-12-26 03:13:36 - mkk_comic - app.py:582 - INFO - 正在下载第 140/231 页...
2025-12-26 03:13:36 - mkk_comic - app.py:582 - INFO - 正在下载第 141/231 页...
2025-12-26 03:13:36 - mkk_comic - app.py:582 - INFO - 正在下载第 142/231 页...
2025-12-26 03:13:36 - mkk_comic - app.py:582 - INFO - 正在下载第 143/231 页...
2025-12-26 03:13:36 - mkk_comic - app.py:582 - INFO - 正在下载第 144/231 页...
2025-12-26 03:13:36 - mkk_comic - app.py:582 - INFO - 正在下载第 145/231 页...
2025-12-26 03:13:36 - mkk_comic - app.py:582 - INFO - 正在下载第 146/231 页...
2025-12-26 03:13:36 - mkk_comic - app.py:582 - INFO - 正在下载第 147/231 页...
2025-12-26 03:13:36 - mkk_comic - app.py:582 - INFO - 正在下载第 148/231 页...
2025-12-26 03:13:36 - mkk_comic - app.py:582 - INFO - 正在下载第 149/231 页...
2025-12-26 03:13:36 - mkk_comic - app.py:582 - INFO - 正在下载第 150/231 页...
2025-12-26 03:13:36 - mkk_comic - app.py:582 - INFO - 正在下载第 151/231 页...
2025-12-26 03:13:36 - mkk_comic - app.py:582 - INFO - 正在下载第 152/231 页...
2025-12-26 03:13:36 - mkk_comic - app.py:582 - INFO - 正在下载第 153/231 页...
2025-12-26 03:13:36 - mkk_comic - app.py:582 - INFO - 正在下载第 154/231 页...
2025-12-26 03:13:36 - mkk_comic - app.py:582 - INFO - 正在下载第 155/231 页...
2025-12-26 03:13:36 - mkk_comic - app.py:582 - INFO - 正在下载第 156/231 页...
2025-12-26 03:13:36 - mkk_comic - app.py:582 - INFO - 正在下载第 157/231 页...
2025-12-26 03:13:36 - mkk_comic - app.py:582 - INFO - 正在下载第 158/231 页...
2025-12-26 03:13:36 - mkk_comic - app.py:582 - INFO - 正在下载第 159/231 页...
2025-12-26 03:13:36 - mkk_comic - app.py:582 - INFO - 正在下载第 160/231 页...
2025-12-26 03:13:36 - mkk_comic - app.py:582 - INFO - 正在下载第 161/231 页...
2025-12-26 03:13:36 - mkk_comic - app.py:582 - INFO - 正在下载第 162/231 页...
2025-12-26 03:13:36 - mkk_comic - app.py:582 - INFO - 正在下载第 163/231 页...
2025-12-26 03:13:36 - mkk_comic - app.py:582 - INFO - 正在下载第 164/231 页...
2025-12-26 03:13:37 - mkk_comic - app.py:582 - INFO - 正在下载第 165/231 页...
2025-12-26 03:13:37 - mkk_comic - app.py:582 - INFO - 正在下载第 166/231 页...
2025-12-26 03:13:37 - mkk_comic - app.py:582 - INFO - 正在下载第 167/231 页...
2025-12-26 03:13:37 - mkk_comic - app.py:582 - INFO - 正在下载第 168/231 页...
2025-12-26 03:13:37 - mkk_comic - app.py:582 - INFO - 正在下载第 169/231 页...
2025-12-26 03:13:37 - mkk_comic - app.py:582 - INFO - 正在下载第 170/231 页...
2025-12-26 03:13:37 - mkk_comic - app.py:582 - INFO - 正在下载第 171/231 页...
2025-12-26 03:13:37 - mkk_comic - app.py:582 - INFO - 正在下载第 172/231 页...
2025-12-26 03:13:37 - mkk_comic - app.py:582 - INFO - 正在下载第 173/231 页...
2025-12-26 03:13:37 - mkk_comic - app.py:582 - INFO - 正在下载第 174/231 页...
2025-12-26 03:13:37 - mkk_comic - app.py:582 - INFO - 正在下载第 175/231 页...
2025-12-26 03:13:37 - mkk_comic - app.py:582 - INFO - 正在下载第 176/231 页...
2025-12-26 03:13:37 - mkk_comic - app.py:582 - INFO - 正在下载第 177/231 页...
2025-12-26 03:13:37 - mkk_comic - app.py:582 - INFO - 正在下载第 178/231 页...
2025-12-26 03:13:37 - mkk_comic - app.py:582 - INFO - 正在下载第 179/231 页...
2025-12-26 03:13:37 - mkk_comic - app.py:582 - INFO - 正在下载第 180/231 页...
2025-12-26 03:13:37 - mkk_comic - app.py:582 - INFO - 正在下载第 181/231 页...
2025-12-26 03:13:37 - mkk_comic - app.py:582 - INFO - 正在下载第 182/231 页...
2025-12-26 03:13:37 - mkk_comic - app.py:582 - INFO - 正在下载第 183/231 页...
2025-12-26 03:13:37 - mkk_comic - app.py:582 - INFO - 正在下载第 184/231 页...
2025-12-26 03:13:37 - mkk_comic - app.py:582 - INFO - 正在下载第 185/231 页...
2025-12-26 03:13:37 - mkk_comic - app.py:582 - INFO - 正在下载第 186/231 页...
2025-12-26 03:13:37 - mkk_comic - app.py:582 - INFO - 正在下载第 187/231 页...
2025-12-26 03:13:37 - mkk_comic - app.py:582 - INFO - 正在下载第 188/231 页...
2025-12-26 03:13:37 - mkk_comic - app.py:582 - INFO - 正在下载第 189/231 页...
2025-12-26 03:13:37 - mkk_comic - app.py:582 - INFO - 正在下载第 190/231 页...
2025-12-26 03:13:37 - mkk_comic - app.py:582 - INFO - 正在下载第 191/231 页...
2025-12-26 03:13:37 - mkk_comic - app.py:582 - INFO - 正在下载第 192/231 页...
2025-12-26 03:13:37 - mkk_comic - app.py:582 - INFO - 正在下载第 193/231 页...
2025-12-26 03:13:38 - mkk_comic - app.py:582 - INFO - 正在下载第 194/231 页...
2025-12-26 03:13:38 - mkk_comic - app.py:582 - INFO - 正在下载第 195/231 页...
2025-12-26 03:13:38 - mkk_comic - app.py:582 - INFO - 正在下载第 196/231 页...
2025-12-26 03:13:38 - mkk_comic - app.py:582 - INFO - 正在下载第 197/231 页...
2025-12-26 03:13:38 - mkk_comic - app.py:582 - INFO - 正在下载第 198/231 页...
2025-12-26 03:13:38 - mkk_comic - app.py:582 - INFO - 正在下载第 199/231 页...
2025-12-26 03:13:38 - mkk_comic - app.py:582 - INFO - 正在下载第 200/231 页...
2025-12-26 03:13:38 - mkk_comic - app.py:582 - INFO - 正在下载第 201/231 页...
2025-12-26 03:13:38 - mkk_comic - app.py:582 - INFO - 正在下载第 202/231 页...
2025-12-26 03:13:38 - mkk_comic - app.py:582 - INFO - 正在下载第 203/231 页...
2025-12-26 03:13:38 - mkk_comic - app.py:582 - INFO - 正在下载第 204/231 页...
2025-12-26 03:13:38 - mkk_comic - app.py:582 - INFO - 正在下载第 205/231 页...
2025-12-26 03:13:38 - mkk_comic - app.py:582 - INFO - 正在下载第 206/231 页...
2025-12-26 03:13:38 - mkk_comic - app.py:582 - INFO - 正在下载第 207/231 页...
2025-12-26 03:13:38 - mkk_comic - app.py:582 - INFO - 正在下载第 208/231 页...
2025-12-26 03:13:38 - mkk_comic - app.py:582 - INFO - 正在下载第 209/231 页...
2025-12-26 03:13:38 - mkk_comic - app.py:582 - INFO - 正在下载第 210/231 页...
2025-12-26 03:13:38 - mkk_comic - app.py:582 - INFO - 正在下载第 211/231 页...
2025-12-26 03:13:38 - mkk_comic - app.py:582 - INFO - 正在下载第 212/231 页...
2025-12-26 03:13:38 - mkk_comic - app.py:582 - INFO - 正在下载第 213/231 页...
2025-12-26 03:13:38 - mkk_comic - app.py:582 - INFO - 正在下载第 214/231 页...
2025-12-26 03:13:38 - mkk_comic - app.py:582 - INFO - 正在下载第 215/231 页...
2025-12-26 03:13:38 - mkk_comic - app.py:582 - INFO - 正在下载第 216/231 页...
2025-12-26 03:13:38 - mkk_comic - app.py:582 - INFO - 正在下载第 217/231 页...
2025-12-26 03:13:38 - mkk_comic - app.py:582 - INFO - 正在下载第 218/231 页...
2025-12-26 03:13:38 - mkk_comic - app.py:582 - INFO - 正在下载第 219/231 页...
2025-12-26 03:13:38 - mkk_comic - app.py:582 - INFO - 正在下载第 220/231 页...
2025-12-26 03:13:38 - mkk_comic - app.py:582 - INFO - 正在下载第 221/231 页...
2025-12-26 03:13:38 - mkk_comic - app.py:582 - INFO - 正在下载第 222/231 页...
2025-12-26 03:13:38 - mkk_comic - app.py:582 - INFO - 正在下载第 223/231 页...
2025-12-26 03:13:38 - mkk_comic - app.py:582 - INFO - 正在下载第 224/231 页...
2025-12-26 03:13:38 - mkk_comic - app.py:582 - INFO - 正在下载第 225/231 页...
2025-12-26 03:13:38 - mkk_comic - app.py:582 - INFO - 正在下载第 226/231 页...
2025-12-26 03:13:38 - mkk_comic - app.py:582 - INFO - 正在下载第 227/231 页...
2025-12-26 03:13:39 - mkk_comic - app.py:582 - INFO - 正在下载第 228/231 页...
2025-12-26 03:13:39 - mkk_comic - app.py:582 - INFO - 正在下载第 229/231 页...
2025-12-26 03:13:39 - mkk_comic - app.py:582 - INFO - 正在下载第 230/231 页...
2025-12-26 03:13:39 - mkk_comic - app.py:582 - INFO - 正在下载第 231/231 页...
2025-12-26 03:13:39 - mkk_comic - app.py:511 - INFO - 下载完成!
2025-12-26 03:13:39 - mkk_comic - app.py:512 - INFO - 成功下载: 231/231 页
2025-12-26 03:13:39 - mkk_comic - app.py:838 - INFO - 【电锯人】上次下载至第31章
2025-12-26 03:13:40 - mkk_comic - app.py:845 - INFO - 【电锯人】检测到更新！最新：250章
2025-12-26 03:13:40 - mkk_comic - app.py:848 - INFO - 【电锯人】最大下载限制为5章-需下载32~36章）
2025-12-26 03:13:40 - mkk_comic - app.py:494 - INFO - 正在下载第32章: 第30话    UUID:fe4a2e48-a55f-11e9-978e-00163e0ca5bd
2025-12-26 03:13:41 - mkk_comic - app.py:502 - INFO - 创建目录: ./out/電鋸人/第30话
2025-12-26 03:13:41 - mkk_comic - app.py:505 - INFO - 开始下载: 電鋸人 - 第30话
2025-12-26 03:13:41 - mkk_comic - app.py:506 - INFO - 总页数: 20
2025-12-26 03:13:41 - mkk_comic - app.py:582 - INFO - 正在下载第 001/020 页...
2025-12-26 03:13:41 - mkk_comic - app.py:582 - INFO - 正在下载第 002/020 页...
2025-12-26 03:13:41 - mkk_comic - app.py:582 - INFO - 正在下载第 003/020 页...
2025-12-26 03:13:41 - mkk_comic - app.py:582 - INFO - 正在下载第 004/020 页...
2025-12-26 03:13:41 - mkk_comic - app.py:582 - INFO - 正在下载第 005/020 页...
2025-12-26 03:13:42 - mkk_comic - app.py:582 - INFO - 正在下载第 006/020 页...
2025-12-26 03:13:42 - mkk_comic - app.py:582 - INFO - 正在下载第 007/020 页...
2025-12-26 03:13:42 - mkk_comic - app.py:582 - INFO - 正在下载第 008/020 页...
2025-12-26 03:13:42 - mkk_comic - app.py:582 - INFO - 正在下载第 009/020 页...
2025-12-26 03:13:42 - mkk_comic - app.py:582 - INFO - 正在下载第 010/020 页...
2025-12-26 03:13:42 - mkk_comic - app.py:582 - INFO - 正在下载第 011/020 页...
2025-12-26 03:13:42 - mkk_comic - app.py:582 - INFO - 正在下载第 012/020 页...
2025-12-26 03:13:42 - mkk_comic - app.py:582 - INFO - 正在下载第 013/020 页...
2025-12-26 03:13:42 - mkk_comic - app.py:582 - INFO - 正在下载第 014/020 页...
2025-12-26 03:13:42 - mkk_comic - app.py:582 - INFO - 正在下载第 015/020 页...
2025-12-26 03:13:42 - mkk_comic - app.py:582 - INFO - 正在下载第 016/020 页...
2025-12-26 03:13:42 - mkk_comic - app.py:582 - INFO - 正在下载第 017/020 页...
2025-12-26 03:13:42 - mkk_comic - app.py:582 - INFO - 正在下载第 018/020 页...
2025-12-26 03:13:42 - mkk_comic - app.py:582 - INFO - 正在下载第 019/020 页...
2025-12-26 03:13:42 - mkk_comic - app.py:582 - INFO - 正在下载第 020/020 页...
2025-12-26 03:13:42 - mkk_comic - app.py:511 - INFO - 下载完成!
2025-12-26 03:13:42 - mkk_comic - app.py:512 - INFO - 成功下载: 20/20 页
2025-12-26 03:13:43 - mkk_comic - app.py:494 - INFO - 正在下载第33章: 第31话    UUID:e2b38d8e-ac56-11e9-b3ac-00163e0ca5bd
2025-12-26 03:13:44 - mkk_comic - app.py:502 - INFO - 创建目录: ./out/電鋸人/第31话
2025-12-26 03:13:44 - mkk_comic - app.py:505 - INFO - 开始下载: 電鋸人 - 第31话
2025-12-26 03:13:44 - mkk_comic - app.py:506 - INFO - 总页数: 20
2025-12-26 03:13:44 - mkk_comic - app.py:582 - INFO - 正在下载第 001/020 页...
2025-12-26 03:13:44 - mkk_comic - app.py:582 - INFO - 正在下载第 002/020 页...
2025-12-26 03:13:44 - mkk_comic - app.py:582 - INFO - 正在下载第 003/020 页...
2025-12-26 03:13:44 - mkk_comic - app.py:582 - INFO - 正在下载第 004/020 页...
2025-12-26 03:13:44 - mkk_comic - app.py:582 - INFO - 正在下载第 005/020 页...
2025-12-26 03:13:44 - mkk_comic - app.py:582 - INFO - 正在下载第 006/020 页...
2025-12-26 03:13:44 - mkk_comic - app.py:582 - INFO - 正在下载第 007/020 页...
2025-12-26 03:13:44 - mkk_comic - app.py:582 - INFO - 正在下载第 008/020 页...
2025-12-26 03:13:44 - mkk_comic - app.py:582 - INFO - 正在下载第 009/020 页...
2025-12-26 03:13:44 - mkk_comic - app.py:582 - INFO - 正在下载第 010/020 页...
2025-12-26 03:13:44 - mkk_comic - app.py:582 - INFO - 正在下载第 011/020 页...
2025-12-26 03:13:44 - mkk_comic - app.py:582 - INFO - 正在下载第 012/020 页...
2025-12-26 03:13:44 - mkk_comic - app.py:582 - INFO - 正在下载第 013/020 页...
2025-12-26 03:13:44 - mkk_comic - app.py:582 - INFO - 正在下载第 014/020 页...
2025-12-26 03:13:44 - mkk_comic - app.py:582 - INFO - 正在下载第 015/020 页...
2025-12-26 03:13:44 - mkk_comic - app.py:582 - INFO - 正在下载第 016/020 页...
2025-12-26 03:13:44 - mkk_comic - app.py:582 - INFO - 正在下载第 017/020 页...
2025-12-26 03:13:44 - mkk_comic - app.py:582 - INFO - 正在下载第 018/020 页...
2025-12-26 03:13:44 - mkk_comic - app.py:582 - INFO - 正在下载第 019/020 页...
2025-12-26 03:13:44 - mkk_comic - app.py:582 - INFO - 正在下载第 020/020 页...
2025-12-26 03:13:44 - mkk_comic - app.py:511 - INFO - 下载完成!
2025-12-26 03:13:44 - mkk_comic - app.py:512 - INFO - 成功下载: 20/20 页
2025-12-26 03:13:45 - mkk_comic - app.py:494 - INFO - 正在下载第34章: 第32话    UUID:093b2c0c-b5bf-11e9-8b34-00163e0ca5bd
2025-12-26 03:13:46 - mkk_comic - app.py:502 - INFO - 创建目录: ./out/電鋸人/第32话
2025-12-26 03:13:46 - mkk_comic - app.py:505 - INFO - 开始下载: 電鋸人 - 第32话
2025-12-26 03:13:46 - mkk_comic - app.py:506 - INFO - 总页数: 19
2025-12-26 03:13:46 - mkk_comic - app.py:582 - INFO - 正在下载第 001/019 页...
2025-12-26 03:13:46 - mkk_comic - app.py:582 - INFO - 正在下载第 002/019 页...
2025-12-26 03:13:46 - mkk_comic - app.py:582 - INFO - 正在下载第 003/019 页...
2025-12-26 03:13:46 - mkk_comic - app.py:582 - INFO - 正在下载第 004/019 页...
2025-12-26 03:13:46 - mkk_comic - app.py:582 - INFO - 正在下载第 005/019 页...
2025-12-26 03:13:46 - mkk_comic - app.py:582 - INFO - 正在下载第 006/019 页...
2025-12-26 03:13:46 - mkk_comic - app.py:582 - INFO - 正在下载第 007/019 页...
2025-12-26 03:13:46 - mkk_comic - app.py:582 - INFO - 正在下载第 008/019 页...
2025-12-26 03:13:46 - mkk_comic - app.py:582 - INFO - 正在下载第 009/019 页...
2025-12-26 03:13:46 - mkk_comic - app.py:582 - INFO - 正在下载第 010/019 页...
2025-12-26 03:13:46 - mkk_comic - app.py:582 - INFO - 正在下载第 011/019 页...
2025-12-26 03:13:46 - mkk_comic - app.py:582 - INFO - 正在下载第 012/019 页...
2025-12-26 03:13:46 - mkk_comic - app.py:582 - INFO - 正在下载第 013/019 页...
2025-12-26 03:13:46 - mkk_comic - app.py:582 - INFO - 正在下载第 014/019 页...
2025-12-26 03:13:46 - mkk_comic - app.py:582 - INFO - 正在下载第 015/019 页...
2025-12-26 03:13:46 - mkk_comic - app.py:582 - INFO - 正在下载第 016/019 页...
2025-12-26 03:13:46 - mkk_comic - app.py:582 - INFO - 正在下载第 017/019 页...
2025-12-26 03:13:46 - mkk_comic - app.py:582 - INFO - 正在下载第 018/019 页...
2025-12-26 03:13:46 - mkk_comic - app.py:582 - INFO - 正在下载第 019/019 页...
2025-12-26 03:13:46 - mkk_comic - app.py:511 - INFO - 下载完成!
2025-12-26 03:13:46 - mkk_comic - app.py:512 - INFO - 成功下载: 19/19 页
2025-12-26 03:13:47 - mkk_comic - app.py:494 - INFO - 正在下载第35章: 02卷附录    UUID:093b7bbc-b5bf-11e9-8b34-00163e0ca5bd
2025-12-26 03:13:48 - mkk_comic - app.py:502 - INFO - 创建目录: ./out/電鋸人/02卷附录
2025-12-26 03:13:48 - mkk_comic - app.py:505 - INFO - 开始下载: 電鋸人 - 02卷附录
2025-12-26 03:13:48 - mkk_comic - app.py:506 - INFO - 总页数: 20
2025-12-26 03:13:48 - mkk_comic - app.py:582 - INFO - 正在下载第 001/020 页...
2025-12-26 03:13:48 - mkk_comic - app.py:582 - INFO - 正在下载第 002/020 页...
2025-12-26 03:13:48 - mkk_comic - app.py:582 - INFO - 正在下载第 003/020 页...
2025-12-26 03:13:48 - mkk_comic - app.py:582 - INFO - 正在下载第 004/020 页...
2025-12-26 03:13:48 - mkk_comic - app.py:582 - INFO - 正在下载第 005/020 页...
2025-12-26 03:13:48 - mkk_comic - app.py:582 - INFO - 正在下载第 006/020 页...
2025-12-26 03:13:48 - mkk_comic - app.py:582 - INFO - 正在下载第 007/020 页...
2025-12-26 03:13:48 - mkk_comic - app.py:582 - INFO - 正在下载第 008/020 页...
2025-12-26 03:13:48 - mkk_comic - app.py:582 - INFO - 正在下载第 009/020 页...
2025-12-26 03:13:48 - mkk_comic - app.py:582 - INFO - 正在下载第 010/020 页...
2025-12-26 03:13:48 - mkk_comic - app.py:582 - INFO - 正在下载第 011/020 页...
2025-12-26 03:13:48 - mkk_comic - app.py:582 - INFO - 正在下载第 012/020 页...
2025-12-26 03:13:48 - mkk_comic - app.py:582 - INFO - 正在下载第 013/020 页...
2025-12-26 03:13:48 - mkk_comic - app.py:582 - INFO - 正在下载第 014/020 页...
2025-12-26 03:13:48 - mkk_comic - app.py:582 - INFO - 正在下载第 015/020 页...
2025-12-26 03:13:48 - mkk_comic - app.py:582 - INFO - 正在下载第 016/020 页...
2025-12-26 03:13:48 - mkk_comic - app.py:582 - INFO - 正在下载第 017/020 页...
2025-12-26 03:13:48 - mkk_comic - app.py:582 - INFO - 正在下载第 018/020 页...
2025-12-26 03:13:48 - mkk_comic - app.py:582 - INFO - 正在下载第 019/020 页...
2025-12-26 03:13:48 - mkk_comic - app.py:582 - INFO - 正在下载第 020/020 页...
2025-12-26 03:13:49 - mkk_comic - app.py:511 - INFO - 下载完成!
2025-12-26 03:13:49 - mkk_comic - app.py:512 - INFO - 成功下载: 20/20 页
2025-12-26 03:13:49 - mkk_comic - app.py:494 - INFO - 正在下载第36章: 第33话    UUID:ce380b5a-b8bd-11e9-bf67-00163e0ca5bd
2025-12-26 03:13:50 - mkk_comic - app.py:502 - INFO - 创建目录: ./out/電鋸人/第33话
2025-12-26 03:13:50 - mkk_comic - app.py:505 - INFO - 开始下载: 電鋸人 - 第33话
2025-12-26 03:13:50 - mkk_comic - app.py:506 - INFO - 总页数: 21
2025-12-26 03:13:50 - mkk_comic - app.py:582 - INFO - 正在下载第 001/021 页...
2025-12-26 03:13:50 - mkk_comic - app.py:582 - INFO - 正在下载第 002/021 页...
2025-12-26 03:13:50 - mkk_comic - app.py:582 - INFO - 正在下载第 003/021 页...
2025-12-26 03:13:50 - mkk_comic - app.py:582 - INFO - 正在下载第 004/021 页...
2025-12-26 03:13:50 - mkk_comic - app.py:582 - INFO - 正在下载第 005/021 页...
2025-12-26 03:13:50 - mkk_comic - app.py:582 - INFO - 正在下载第 006/021 页...
2025-12-26 03:13:50 - mkk_comic - app.py:582 - INFO - 正在下载第 007/021 页...
2025-12-26 03:13:50 - mkk_comic - app.py:582 - INFO - 正在下载第 008/021 页...
2025-12-26 03:13:50 - mkk_comic - app.py:582 - INFO - 正在下载第 009/021 页...
2025-12-26 03:13:50 - mkk_comic - app.py:582 - INFO - 正在下载第 010/021 页...
2025-12-26 03:13:50 - mkk_comic - app.py:582 - INFO - 正在下载第 011/021 页...
2025-12-26 03:13:50 - mkk_comic - app.py:582 - INFO - 正在下载第 012/021 页...
2025-12-26 03:13:50 - mkk_comic - app.py:582 - INFO - 正在下载第 013/021 页...
2025-12-26 03:13:51 - mkk_comic - app.py:582 - INFO - 正在下载第 014/021 页...
2025-12-26 03:13:51 - mkk_comic - app.py:582 - INFO - 正在下载第 015/021 页...
2025-12-26 03:13:51 - mkk_comic - app.py:582 - INFO - 正在下载第 016/021 页...
2025-12-26 03:13:51 - mkk_comic - app.py:582 - INFO - 正在下载第 017/021 页...
2025-12-26 03:13:51 - mkk_comic - app.py:582 - INFO - 正在下载第 018/021 页...
2025-12-26 03:13:51 - mkk_comic - app.py:582 - INFO - 正在下载第 019/021 页...
2025-12-26 03:13:51 - mkk_comic - app.py:582 - INFO - 正在下载第 020/021 页...
2025-12-26 03:13:51 - mkk_comic - app.py:582 - INFO - 正在下载第 021/021 页...
2025-12-26 03:13:51 - mkk_comic - app.py:511 - INFO - 下载完成!
2025-12-26 03:13:51 - mkk_comic - app.py:512 - INFO - 成功下载: 21/21 页
2025-12-26 03:13:51 - mkk_comic - app.py:858 - INFO - ===== 检查更新完成 =====

