2026-07-01 06:06:06 - mkk_comic - app.py:868 - INFO - 运行环境：GitHub Actions（自动化模式）
2026-07-01 06:06:06 - mkk_comic - app.py:825 - INFO - ===== 开始检查更新=====
2026-07-01 06:06:06 - mkk_comic - app.py:843 - INFO - 【海贼王】上次下载至第390章
2026-07-01 06:06:06 - mkk_comic - app.py:850 - INFO - 【海贼王】检测到更新！最新：391章
2026-07-01 06:06:06 - mkk_comic - app.py:853 - INFO - 【海贼王】最大下载限制为10章-需下载391~391章）
2026-07-01 06:06:07 - mkk_comic - app.py:494 - INFO - 正在下载第391章: 第1186话    UUID:385f5166-7444-11f1-b47b-fa163e02432f
2026-07-01 06:06:08 - mkk_comic - app.py:502 - INFO - 创建目录: ./out/海贼王/第1186话
2026-07-01 06:06:08 - mkk_comic - app.py:505 - INFO - 开始下载: 海贼王 - 第1186话
2026-07-01 06:06:08 - mkk_comic - app.py:506 - INFO - 总页数: 17
2026-07-01 06:06:08 - mkk_comic - app.py:587 - INFO - 正在下载第 001/017 页...
2026-07-01 06:06:08 - mkk_comic - app.py:587 - INFO - 正在下载第 002/017 页...
2026-07-01 06:06:08 - mkk_comic - app.py:587 - INFO - 正在下载第 003/017 页...
2026-07-01 06:06:08 - mkk_comic - app.py:587 - INFO - 正在下载第 004/017 页...
2026-07-01 06:06:08 - mkk_comic - app.py:587 - INFO - 正在下载第 005/017 页...
2026-07-01 06:06:08 - mkk_comic - app.py:587 - INFO - 正在下载第 006/017 页...
2026-07-01 06:06:08 - mkk_comic - app.py:587 - INFO - 正在下载第 007/017 页...
2026-07-01 06:06:08 - mkk_comic - app.py:587 - INFO - 正在下载第 008/017 页...
2026-07-01 06:06:08 - mkk_comic - app.py:587 - INFO - 正在下载第 009/017 页...
2026-07-01 06:06:08 - mkk_comic - app.py:587 - INFO - 正在下载第 010/017 页...
2026-07-01 06:06:08 - mkk_comic - app.py:587 - INFO - 正在下载第 011/017 页...
2026-07-01 06:06:08 - mkk_comic - app.py:587 - INFO - 正在下载第 012/017 页...
2026-07-01 06:06:08 - mkk_comic - app.py:587 - INFO - 正在下载第 013/017 页...
2026-07-01 06:06:08 - mkk_comic - app.py:587 - INFO - 正在下载第 014/017 页...
2026-07-01 06:06:08 - mkk_comic - app.py:587 - INFO - 正在下载第 015/017 页...
2026-07-01 06:06:08 - mkk_comic - app.py:587 - INFO - 正在下载第 016/017 页...
2026-07-01 06:06:08 - mkk_comic - app.py:587 - INFO - 正在下载第 017/017 页...
2026-07-01 06:06:08 - mkk_comic - app.py:511 - INFO - 下载完成!
2026-07-01 06:06:08 - mkk_comic - app.py:512 - INFO - 成功下载: 17/17 页
2026-07-01 06:06:08 - mkk_comic - app.py:523 - INFO - 章节下载完成，等待 8.9 秒后继续...
2026-07-01 06:06:17 - mkk_comic - app.py:843 - INFO - 【电锯人】上次下载至第258章
2026-07-01 06:06:18 - mkk_comic - app.py:846 - INFO - 该漫画更新至258章，不需要更新
2026-07-01 06:06:18 - mkk_comic - app.py:843 - INFO - 【魔都精兵的奴隸】上次下载至第206章
2026-07-01 06:06:18 - mkk_comic - app.py:846 - INFO - 该漫画更新至206章，不需要更新
2026-07-01 06:06:18 - mkk_comic - app.py:843 - INFO - 【我獨自升級】上次下载至第201章
2026-07-01 06:06:19 - mkk_comic - app.py:846 - INFO - 该漫画更新至201章，不需要更新
2026-07-01 06:06:19 - mkk_comic - app.py:843 - INFO - 【迷宮干】上次下载至第149章
2026-07-01 06:06:19 - mkk_comic - app.py:846 - INFO - 该漫画更新至149章，不需要更新
2026-07-01 06:06:19 - mkk_comic - app.py:863 - INFO - ===== 检查更新完成 =====

