2026-03-23 04:09:51 - mkk_comic - app.py:868 - INFO - 运行环境：GitHub Actions（自动化模式）
2026-03-23 04:09:51 - mkk_comic - app.py:825 - INFO - ===== 开始检查更新=====
2026-03-23 04:09:51 - mkk_comic - app.py:843 - INFO - 【海贼王】上次下载至第339章
2026-03-23 04:09:52 - mkk_comic - app.py:850 - INFO - 【海贼王】检测到更新！最新：381章
2026-03-23 04:09:52 - mkk_comic - app.py:853 - INFO - 【海贼王】最大下载限制为10章-需下载340~349章）
2026-03-23 04:09:52 - mkk_comic - app.py:494 - INFO - 正在下载第340章: 第1135话    UUID:1608847c-c9fd-11ef-a21f-3f487b7d9a9a
2026-03-23 04:09:53 - mkk_comic - app.py:502 - INFO - 创建目录: ./out/海贼王/第1135话
2026-03-23 04:09:53 - mkk_comic - app.py:505 - INFO - 开始下载: 海贼王 - 第1135话
2026-03-23 04:09:53 - mkk_comic - app.py:506 - INFO - 总页数: 17
2026-03-23 04:09:53 - mkk_comic - app.py:587 - INFO - 正在下载第 001/017 页...
2026-03-23 04:09:53 - mkk_comic - app.py:587 - INFO - 正在下载第 002/017 页...
2026-03-23 04:09:53 - mkk_comic - app.py:587 - INFO - 正在下载第 003/017 页...
2026-03-23 04:09:53 - mkk_comic - app.py:587 - INFO - 正在下载第 004/017 页...
2026-03-23 04:09:53 - mkk_comic - app.py:587 - INFO - 正在下载第 005/017 页...
2026-03-23 04:09:53 - mkk_comic - app.py:587 - INFO - 正在下载第 006/017 页...
2026-03-23 04:09:53 - mkk_comic - app.py:587 - INFO - 正在下载第 007/017 页...
2026-03-23 04:09:53 - mkk_comic - app.py:587 - INFO - 正在下载第 008/017 页...
2026-03-23 04:09:53 - mkk_comic - app.py:587 - INFO - 正在下载第 009/017 页...
2026-03-23 04:09:53 - mkk_comic - app.py:587 - INFO - 正在下载第 010/017 页...
2026-03-23 04:09:53 - mkk_comic - app.py:587 - INFO - 正在下载第 011/017 页...
2026-03-23 04:09:53 - mkk_comic - app.py:587 - INFO - 正在下载第 012/017 页...
2026-03-23 04:09:53 - mkk_comic - app.py:587 - INFO - 正在下载第 013/017 页...
2026-03-23 04:09:53 - mkk_comic - app.py:587 - INFO - 正在下载第 014/017 页...
2026-03-23 04:09:53 - mkk_comic - app.py:587 - INFO - 正在下载第 015/017 页...
2026-03-23 04:09:53 - mkk_comic - app.py:587 - INFO - 正在下载第 016/017 页...
2026-03-23 04:09:53 - mkk_comic - app.py:587 - INFO - 正在下载第 017/017 页...
2026-03-23 04:09:54 - mkk_comic - app.py:511 - INFO - 下载完成!
2026-03-23 04:09:54 - mkk_comic - app.py:512 - INFO - 成功下载: 17/17 页
2026-03-23 04:09:54 - mkk_comic - app.py:523 - INFO - 章节下载完成，等待 8.2 秒后继续...
2026-03-23 04:10:02 - mkk_comic - app.py:494 - INFO - 正在下载第341章: 第1136话    UUID:f760289e-d67d-11ef-aa0f-3f487b7d9a9a
2026-03-23 04:10:03 - mkk_comic - app.py:502 - INFO - 创建目录: ./out/海贼王/第1136话
2026-03-23 04:10:03 - mkk_comic - app.py:505 - INFO - 开始下载: 海贼王 - 第1136话
2026-03-23 04:10:03 - mkk_comic - app.py:506 - INFO - 总页数: 17
2026-03-23 04:10:03 - mkk_comic - app.py:587 - INFO - 正在下载第 001/017 页...
2026-03-23 04:10:03 - mkk_comic - app.py:587 - INFO - 正在下载第 002/017 页...
2026-03-23 04:10:03 - mkk_comic - app.py:587 - INFO - 正在下载第 003/017 页...
2026-03-23 04:10:03 - mkk_comic - app.py:587 - INFO - 正在下载第 004/017 页...
2026-03-23 04:10:03 - mkk_comic - app.py:587 - INFO - 正在下载第 005/017 页...
2026-03-23 04:10:03 - mkk_comic - app.py:587 - INFO - 正在下载第 006/017 页...
2026-03-23 04:10:03 - mkk_comic - app.py:587 - INFO - 正在下载第 007/017 页...
2026-03-23 04:10:03 - mkk_comic - app.py:587 - INFO - 正在下载第 008/017 页...
2026-03-23 04:10:03 - mkk_comic - app.py:587 - INFO - 正在下载第 009/017 页...
2026-03-23 04:10:03 - mkk_comic - app.py:587 - INFO - 正在下载第 010/017 页...
2026-03-23 04:10:03 - mkk_comic - app.py:587 - INFO - 正在下载第 011/017 页...
2026-03-23 04:10:03 - mkk_comic - app.py:587 - INFO - 正在下载第 012/017 页...
2026-03-23 04:10:04 - mkk_comic - app.py:587 - INFO - 正在下载第 013/017 页...
2026-03-23 04:10:04 - mkk_comic - app.py:587 - INFO - 正在下载第 014/017 页...
2026-03-23 04:10:04 - mkk_comic - app.py:587 - INFO - 正在下载第 015/017 页...
2026-03-23 04:10:04 - mkk_comic - app.py:587 - INFO - 正在下载第 016/017 页...
2026-03-23 04:10:04 - mkk_comic - app.py:587 - INFO - 正在下载第 017/017 页...
2026-03-23 04:10:04 - mkk_comic - app.py:511 - INFO - 下载完成!
2026-03-23 04:10:04 - mkk_comic - app.py:512 - INFO - 成功下载: 17/17 页
2026-03-23 04:10:04 - mkk_comic - app.py:523 - INFO - 章节下载完成，等待 6.9 秒后继续...
2026-03-23 04:10:11 - mkk_comic - app.py:494 - INFO - 正在下载第342章: 第1137话    UUID:dec6e83a-dc0a-11ef-acf8-3f487b7d9a9a
2026-03-23 04:10:12 - mkk_comic - app.py:502 - INFO - 创建目录: ./out/海贼王/第1137话
2026-03-23 04:10:12 - mkk_comic - app.py:505 - INFO - 开始下载: 海贼王 - 第1137话
2026-03-23 04:10:12 - mkk_comic - app.py:506 - INFO - 总页数: 17
2026-03-23 04:10:12 - mkk_comic - app.py:587 - INFO - 正在下载第 001/017 页...
2026-03-23 04:10:12 - mkk_comic - app.py:587 - INFO - 正在下载第 002/017 页...
2026-03-23 04:10:12 - mkk_comic - app.py:587 - INFO - 正在下载第 003/017 页...
2026-03-23 04:10:12 - mkk_comic - app.py:587 - INFO - 正在下载第 004/017 页...
2026-03-23 04:10:12 - mkk_comic - app.py:587 - INFO - 正在下载第 005/017 页...
2026-03-23 04:10:12 - mkk_comic - app.py:587 - INFO - 正在下载第 006/017 页...
2026-03-23 04:10:12 - mkk_comic - app.py:587 - INFO - 正在下载第 007/017 页...
2026-03-23 04:10:12 - mkk_comic - app.py:587 - INFO - 正在下载第 008/017 页...
2026-03-23 04:10:12 - mkk_comic - app.py:587 - INFO - 正在下载第 009/017 页...
2026-03-23 04:10:12 - mkk_comic - app.py:587 - INFO - 正在下载第 010/017 页...
2026-03-23 04:10:12 - mkk_comic - app.py:587 - INFO - 正在下载第 011/017 页...
2026-03-23 04:10:12 - mkk_comic - app.py:587 - INFO - 正在下载第 012/017 页...
2026-03-23 04:10:12 - mkk_comic - app.py:587 - INFO - 正在下载第 013/017 页...
2026-03-23 04:10:12 - mkk_comic - app.py:587 - INFO - 正在下载第 014/017 页...
2026-03-23 04:10:12 - mkk_comic - app.py:587 - INFO - 正在下载第 015/017 页...
2026-03-23 04:10:12 - mkk_comic - app.py:587 - INFO - 正在下载第 016/017 页...
2026-03-23 04:10:12 - mkk_comic - app.py:587 - INFO - 正在下载第 017/017 页...
2026-03-23 04:10:12 - mkk_comic - app.py:511 - INFO - 下载完成!
2026-03-23 04:10:12 - mkk_comic - app.py:512 - INFO - 成功下载: 17/17 页
2026-03-23 04:10:12 - mkk_comic - app.py:523 - INFO - 章节下载完成，等待 8.7 秒后继续...
2026-03-23 04:10:22 - mkk_comic - app.py:494 - INFO - 正在下载第343章: 第1138话    UUID:d7781062-e2b4-11ef-af9f-3f487b7d9a9a
2026-03-23 04:10:22 - mkk_comic - app.py:502 - INFO - 创建目录: ./out/海贼王/第1138话
2026-03-23 04:10:22 - mkk_comic - app.py:505 - INFO - 开始下载: 海贼王 - 第1138话
2026-03-23 04:10:22 - mkk_comic - app.py:506 - INFO - 总页数: 17
2026-03-23 04:10:22 - mkk_comic - app.py:587 - INFO - 正在下载第 001/017 页...
2026-03-23 04:10:22 - mkk_comic - app.py:587 - INFO - 正在下载第 002/017 页...
2026-03-23 04:10:22 - mkk_comic - app.py:587 - INFO - 正在下载第 003/017 页...
2026-03-23 04:10:22 - mkk_comic - app.py:587 - INFO - 正在下载第 004/017 页...
2026-03-23 04:10:22 - mkk_comic - app.py:587 - INFO - 正在下载第 005/017 页...
2026-03-23 04:10:23 - mkk_comic - app.py:587 - INFO - 正在下载第 006/017 页...
2026-03-23 04:10:23 - mkk_comic - app.py:587 - INFO - 正在下载第 007/017 页...
2026-03-23 04:10:23 - mkk_comic - app.py:587 - INFO - 正在下载第 008/017 页...
2026-03-23 04:10:23 - mkk_comic - app.py:587 - INFO - 正在下载第 009/017 页...
2026-03-23 04:10:23 - mkk_comic - app.py:587 - INFO - 正在下载第 010/017 页...
2026-03-23 04:10:23 - mkk_comic - app.py:587 - INFO - 正在下载第 011/017 页...
2026-03-23 04:10:23 - mkk_comic - app.py:587 - INFO - 正在下载第 012/017 页...
2026-03-23 04:10:23 - mkk_comic - app.py:587 - INFO - 正在下载第 013/017 页...
2026-03-23 04:10:23 - mkk_comic - app.py:587 - INFO - 正在下载第 014/017 页...
2026-03-23 04:10:23 - mkk_comic - app.py:587 - INFO - 正在下载第 015/017 页...
2026-03-23 04:10:23 - mkk_comic - app.py:587 - INFO - 正在下载第 016/017 页...
2026-03-23 04:10:23 - mkk_comic - app.py:587 - INFO - 正在下载第 017/017 页...
2026-03-23 04:10:23 - mkk_comic - app.py:511 - INFO - 下载完成!
2026-03-23 04:10:23 - mkk_comic - app.py:512 - INFO - 成功下载: 17/17 页
2026-03-23 04:10:23 - mkk_comic - app.py:523 - INFO - 章节下载完成，等待 7.5 秒后继续...
2026-03-23 04:10:31 - mkk_comic - app.py:494 - INFO - 正在下载第344章: 第1139话    UUID:23875568-e764-11ef-b22a-3f487b7d9a9a
2026-03-23 04:10:32 - mkk_comic - app.py:502 - INFO - 创建目录: ./out/海贼王/第1139话
2026-03-23 04:10:32 - mkk_comic - app.py:505 - INFO - 开始下载: 海贼王 - 第1139话
2026-03-23 04:10:32 - mkk_comic - app.py:506 - INFO - 总页数: 13
2026-03-23 04:10:32 - mkk_comic - app.py:587 - INFO - 正在下载第 001/013 页...
2026-03-23 04:10:32 - mkk_comic - app.py:587 - INFO - 正在下载第 002/013 页...
2026-03-23 04:10:32 - mkk_comic - app.py:587 - INFO - 正在下载第 003/013 页...
2026-03-23 04:10:32 - mkk_comic - app.py:587 - INFO - 正在下载第 004/013 页...
2026-03-23 04:10:32 - mkk_comic - app.py:587 - INFO - 正在下载第 005/013 页...
2026-03-23 04:10:32 - mkk_comic - app.py:587 - INFO - 正在下载第 006/013 页...
2026-03-23 04:10:32 - mkk_comic - app.py:587 - INFO - 正在下载第 007/013 页...
2026-03-23 04:10:32 - mkk_comic - app.py:587 - INFO - 正在下载第 008/013 页...
2026-03-23 04:10:32 - mkk_comic - app.py:587 - INFO - 正在下载第 009/013 页...
2026-03-23 04:10:32 - mkk_comic - app.py:587 - INFO - 正在下载第 010/013 页...
2026-03-23 04:10:32 - mkk_comic - app.py:587 - INFO - 正在下载第 011/013 页...
2026-03-23 04:10:32 - mkk_comic - app.py:587 - INFO - 正在下载第 012/013 页...
2026-03-23 04:10:32 - mkk_comic - app.py:587 - INFO - 正在下载第 013/013 页...
2026-03-23 04:10:32 - mkk_comic - app.py:511 - INFO - 下载完成!
2026-03-23 04:10:32 - mkk_comic - app.py:512 - INFO - 成功下载: 13/13 页
2026-03-23 04:10:32 - mkk_comic - app.py:523 - INFO - 章节下载完成，等待 9.8 秒后继续...
2026-03-23 04:10:43 - mkk_comic - app.py:494 - INFO - 正在下载第345章: 第1140话    UUID:bf9f1b13-f740-11ef-a62b-fa163e02432f
2026-03-23 04:10:43 - mkk_comic - app.py:502 - INFO - 创建目录: ./out/海贼王/第1140话
2026-03-23 04:10:43 - mkk_comic - app.py:505 - INFO - 开始下载: 海贼王 - 第1140话
2026-03-23 04:10:43 - mkk_comic - app.py:506 - INFO - 总页数: 17
2026-03-23 04:10:43 - mkk_comic - app.py:587 - INFO - 正在下载第 001/017 页...
2026-03-23 04:10:43 - mkk_comic - app.py:587 - INFO - 正在下载第 002/017 页...
2026-03-23 04:10:43 - mkk_comic - app.py:587 - INFO - 正在下载第 003/017 页...
2026-03-23 04:10:43 - mkk_comic - app.py:587 - INFO - 正在下载第 004/017 页...
2026-03-23 04:10:43 - mkk_comic - app.py:587 - INFO - 正在下载第 005/017 页...
2026-03-23 04:10:43 - mkk_comic - app.py:587 - INFO - 正在下载第 006/017 页...
2026-03-23 04:10:44 - mkk_comic - app.py:587 - INFO - 正在下载第 007/017 页...
2026-03-23 04:10:44 - mkk_comic - app.py:587 - INFO - 正在下载第 008/017 页...
2026-03-23 04:10:44 - mkk_comic - app.py:587 - INFO - 正在下载第 009/017 页...
2026-03-23 04:10:44 - mkk_comic - app.py:587 - INFO - 正在下载第 010/017 页...
2026-03-23 04:10:44 - mkk_comic - app.py:587 - INFO - 正在下载第 011/017 页...
2026-03-23 04:10:44 - mkk_comic - app.py:587 - INFO - 正在下载第 012/017 页...
2026-03-23 04:10:44 - mkk_comic - app.py:587 - INFO - 正在下载第 013/017 页...
2026-03-23 04:10:44 - mkk_comic - app.py:587 - INFO - 正在下载第 014/017 页...
2026-03-23 04:10:44 - mkk_comic - app.py:587 - INFO - 正在下载第 015/017 页...
2026-03-23 04:10:44 - mkk_comic - app.py:587 - INFO - 正在下载第 016/017 页...
2026-03-23 04:10:44 - mkk_comic - app.py:587 - INFO - 正在下载第 017/017 页...
2026-03-23 04:10:44 - mkk_comic - app.py:511 - INFO - 下载完成!
2026-03-23 04:10:44 - mkk_comic - app.py:512 - INFO - 成功下载: 17/17 页
2026-03-23 04:10:44 - mkk_comic - app.py:523 - INFO - 章节下载完成，等待 8.5 秒后继续...
2026-03-23 04:10:53 - mkk_comic - app.py:494 - INFO - 正在下载第346章: 第1141话    UUID:be8ece20-ffb7-11ef-bdfa-fa163e02432f
2026-03-23 04:10:54 - mkk_comic - app.py:502 - INFO - 创建目录: ./out/海贼王/第1141话
2026-03-23 04:10:54 - mkk_comic - app.py:505 - INFO - 开始下载: 海贼王 - 第1141话
2026-03-23 04:10:54 - mkk_comic - app.py:506 - INFO - 总页数: 14
2026-03-23 04:10:54 - mkk_comic - app.py:587 - INFO - 正在下载第 001/014 页...
2026-03-23 04:10:54 - mkk_comic - app.py:587 - INFO - 正在下载第 002/014 页...
2026-03-23 04:10:54 - mkk_comic - app.py:587 - INFO - 正在下载第 003/014 页...
2026-03-23 04:10:54 - mkk_comic - app.py:587 - INFO - 正在下载第 004/014 页...
2026-03-23 04:10:54 - mkk_comic - app.py:587 - INFO - 正在下载第 005/014 页...
2026-03-23 04:10:54 - mkk_comic - app.py:587 - INFO - 正在下载第 006/014 页...
2026-03-23 04:10:54 - mkk_comic - app.py:587 - INFO - 正在下载第 007/014 页...
2026-03-23 04:10:54 - mkk_comic - app.py:587 - INFO - 正在下载第 008/014 页...
2026-03-23 04:10:54 - mkk_comic - app.py:587 - INFO - 正在下载第 009/014 页...
2026-03-23 04:10:54 - mkk_comic - app.py:587 - INFO - 正在下载第 010/014 页...
2026-03-23 04:10:54 - mkk_comic - app.py:587 - INFO - 正在下载第 011/014 页...
2026-03-23 04:10:54 - mkk_comic - app.py:587 - INFO - 正在下载第 012/014 页...
2026-03-23 04:10:54 - mkk_comic - app.py:587 - INFO - 正在下载第 013/014 页...
2026-03-23 04:10:54 - mkk_comic - app.py:587 - INFO - 正在下载第 014/014 页...
2026-03-23 04:10:54 - mkk_comic - app.py:511 - INFO - 下载完成!
2026-03-23 04:10:54 - mkk_comic - app.py:512 - INFO - 成功下载: 14/14 页
2026-03-23 04:10:54 - mkk_comic - app.py:523 - INFO - 章节下载完成，等待 9.0 秒后继续...
2026-03-23 04:11:04 - mkk_comic - app.py:494 - INFO - 正在下载第347章: 第1142话    UUID:402da7b7-00b8-11f0-93f7-fa163e02432f
2026-03-23 04:11:05 - mkk_comic - app.py:502 - INFO - 创建目录: ./out/海贼王/第1142话
2026-03-23 04:11:05 - mkk_comic - app.py:505 - INFO - 开始下载: 海贼王 - 第1142话
2026-03-23 04:11:05 - mkk_comic - app.py:506 - INFO - 总页数: 15
2026-03-23 04:11:05 - mkk_comic - app.py:587 - INFO - 正在下载第 001/015 页...
2026-03-23 04:11:05 - mkk_comic - app.py:587 - INFO - 正在下载第 002/015 页...
2026-03-23 04:11:05 - mkk_comic - app.py:587 - INFO - 正在下载第 003/015 页...
2026-03-23 04:11:05 - mkk_comic - app.py:587 - INFO - 正在下载第 004/015 页...
2026-03-23 04:11:05 - mkk_comic - app.py:587 - INFO - 正在下载第 005/015 页...
2026-03-23 04:11:05 - mkk_comic - app.py:587 - INFO - 正在下载第 006/015 页...
2026-03-23 04:11:05 - mkk_comic - app.py:587 - INFO - 正在下载第 007/015 页...
2026-03-23 04:11:05 - mkk_comic - app.py:587 - INFO - 正在下载第 008/015 页...
2026-03-23 04:11:05 - mkk_comic - app.py:587 - INFO - 正在下载第 009/015 页...
2026-03-23 04:11:05 - mkk_comic - app.py:587 - INFO - 正在下载第 010/015 页...
2026-03-23 04:11:05 - mkk_comic - app.py:587 - INFO - 正在下载第 011/015 页...
2026-03-23 04:11:05 - mkk_comic - app.py:587 - INFO - 正在下载第 012/015 页...
2026-03-23 04:11:05 - mkk_comic - app.py:587 - INFO - 正在下载第 013/015 页...
2026-03-23 04:11:05 - mkk_comic - app.py:587 - INFO - 正在下载第 014/015 页...
2026-03-23 04:11:05 - mkk_comic - app.py:587 - INFO - 正在下载第 015/015 页...
2026-03-23 04:11:05 - mkk_comic - app.py:511 - INFO - 下载完成!
2026-03-23 04:11:05 - mkk_comic - app.py:512 - INFO - 成功下载: 15/15 页
2026-03-23 04:11:05 - mkk_comic - app.py:523 - INFO - 章节下载完成，等待 10.0 秒后继续...
2026-03-23 04:11:16 - mkk_comic - app.py:494 - INFO - 正在下载第348章: 第1143话    UUID:8868d4a2-0929-11f0-85e6-fa163e02432f
2026-03-23 04:11:17 - mkk_comic - app.py:502 - INFO - 创建目录: ./out/海贼王/第1143话
2026-03-23 04:11:17 - mkk_comic - app.py:505 - INFO - 开始下载: 海贼王 - 第1143话
2026-03-23 04:11:17 - mkk_comic - app.py:506 - INFO - 总页数: 20
2026-03-23 04:11:17 - mkk_comic - app.py:587 - INFO - 正在下载第 001/020 页...
2026-03-23 04:11:17 - mkk_comic - app.py:587 - INFO - 正在下载第 002/020 页...
2026-03-23 04:11:17 - mkk_comic - app.py:587 - INFO - 正在下载第 003/020 页...
2026-03-23 04:11:17 - mkk_comic - app.py:587 - INFO - 正在下载第 004/020 页...
2026-03-23 04:11:17 - mkk_comic - app.py:587 - INFO - 正在下载第 005/020 页...
2026-03-23 04:11:17 - mkk_comic - app.py:587 - INFO - 正在下载第 006/020 页...
2026-03-23 04:11:17 - mkk_comic - app.py:587 - INFO - 正在下载第 007/020 页...
2026-03-23 04:11:17 - mkk_comic - app.py:587 - INFO - 正在下载第 008/020 页...
2026-03-23 04:11:17 - mkk_comic - app.py:587 - INFO - 正在下载第 009/020 页...
2026-03-23 04:11:17 - mkk_comic - app.py:587 - INFO - 正在下载第 010/020 页...
2026-03-23 04:11:17 - mkk_comic - app.py:587 - INFO - 正在下载第 011/020 页...
2026-03-23 04:11:17 - mkk_comic - app.py:587 - INFO - 正在下载第 012/020 页...
2026-03-23 04:11:17 - mkk_comic - app.py:587 - INFO - 正在下载第 013/020 页...
2026-03-23 04:11:17 - mkk_comic - app.py:587 - INFO - 正在下载第 014/020 页...
2026-03-23 04:11:17 - mkk_comic - app.py:587 - INFO - 正在下载第 015/020 页...
2026-03-23 04:11:17 - mkk_comic - app.py:587 - INFO - 正在下载第 016/020 页...
2026-03-23 04:11:17 - mkk_comic - app.py:587 - INFO - 正在下载第 017/020 页...
2026-03-23 04:11:17 - mkk_comic - app.py:587 - INFO - 正在下载第 018/020 页...
2026-03-23 04:11:17 - mkk_comic - app.py:587 - INFO - 正在下载第 019/020 页...
2026-03-23 04:11:17 - mkk_comic - app.py:587 - INFO - 正在下载第 020/020 页...
2026-03-23 04:11:17 - mkk_comic - app.py:511 - INFO - 下载完成!
2026-03-23 04:11:17 - mkk_comic - app.py:512 - INFO - 成功下载: 20/20 页
2026-03-23 04:11:17 - mkk_comic - app.py:523 - INFO - 章节下载完成，等待 9.9 秒后继续...
2026-03-23 04:11:28 - mkk_comic - app.py:494 - INFO - 正在下载第349章: 第1144话    UUID:0e7a7a42-1f28-11f0-8d77-fa163e02432f
2026-03-23 04:11:28 - mkk_comic - app.py:502 - INFO - 创建目录: ./out/海贼王/第1144话
2026-03-23 04:11:28 - mkk_comic - app.py:505 - INFO - 开始下载: 海贼王 - 第1144话
2026-03-23 04:11:28 - mkk_comic - app.py:506 - INFO - 总页数: 15
2026-03-23 04:11:28 - mkk_comic - app.py:587 - INFO - 正在下载第 001/015 页...
2026-03-23 04:11:28 - mkk_comic - app.py:587 - INFO - 正在下载第 002/015 页...
2026-03-23 04:11:28 - mkk_comic - app.py:587 - INFO - 正在下载第 003/015 页...
2026-03-23 04:11:28 - mkk_comic - app.py:587 - INFO - 正在下载第 004/015 页...
2026-03-23 04:11:28 - mkk_comic - app.py:587 - INFO - 正在下载第 005/015 页...
2026-03-23 04:11:28 - mkk_comic - app.py:587 - INFO - 正在下载第 006/015 页...
2026-03-23 04:11:29 - mkk_comic - app.py:587 - INFO - 正在下载第 007/015 页...
2026-03-23 04:11:29 - mkk_comic - app.py:587 - INFO - 正在下载第 008/015 页...
2026-03-23 04:11:29 - mkk_comic - app.py:587 - INFO - 正在下载第 009/015 页...
2026-03-23 04:11:29 - mkk_comic - app.py:587 - INFO - 正在下载第 010/015 页...
2026-03-23 04:11:29 - mkk_comic - app.py:587 - INFO - 正在下载第 011/015 页...
2026-03-23 04:11:29 - mkk_comic - app.py:587 - INFO - 正在下载第 012/015 页...
2026-03-23 04:11:29 - mkk_comic - app.py:587 - INFO - 正在下载第 013/015 页...
2026-03-23 04:11:29 - mkk_comic - app.py:587 - INFO - 正在下载第 014/015 页...
2026-03-23 04:11:29 - mkk_comic - app.py:587 - INFO - 正在下载第 015/015 页...
2026-03-23 04:11:29 - mkk_comic - app.py:511 - INFO - 下载完成!
2026-03-23 04:11:29 - mkk_comic - app.py:512 - INFO - 成功下载: 15/15 页
2026-03-23 04:11:29 - mkk_comic - app.py:523 - INFO - 章节下载完成，等待 5.8 秒后继续...
2026-03-23 04:11:35 - mkk_comic - app.py:843 - INFO - 【电锯人】上次下载至第257章
2026-03-23 04:11:35 - mkk_comic - app.py:846 - INFO - 该漫画更新至257章，不需要更新
2026-03-23 04:11:35 - mkk_comic - app.py:863 - INFO - ===== 检查更新完成 =====

