2026-05-13 05:27:27 - mkk_comic - app.py:868 - INFO - 运行环境：GitHub Actions（自动化模式）
2026-05-13 05:27:27 - mkk_comic - app.py:825 - INFO - ===== 开始检查更新=====
2026-05-13 05:27:27 - mkk_comic - app.py:843 - INFO - 【海贼王】上次下载至第386章
2026-05-13 05:27:28 - mkk_comic - app.py:850 - INFO - 【海贼王】检测到更新！最新：387章
2026-05-13 05:27:28 - mkk_comic - app.py:853 - INFO - 【海贼王】最大下载限制为10章-需下载387~387章）
2026-05-13 05:27:28 - mkk_comic - app.py:494 - INFO - 正在下载第387章: 第1182话    UUID:da9d96a4-4e67-11f1-8328-fa163e02432f
2026-05-13 05:27:29 - mkk_comic - app.py:502 - INFO - 创建目录: ./out/海贼王/第1182话
2026-05-13 05:27:29 - mkk_comic - app.py:505 - INFO - 开始下载: 海贼王 - 第1182话
2026-05-13 05:27:29 - mkk_comic - app.py:506 - INFO - 总页数: 13
2026-05-13 05:27:29 - mkk_comic - app.py:587 - INFO - 正在下载第 001/013 页...
2026-05-13 05:27:29 - mkk_comic - app.py:587 - INFO - 正在下载第 002/013 页...
2026-05-13 05:27:29 - mkk_comic - app.py:587 - INFO - 正在下载第 003/013 页...
2026-05-13 05:27:29 - mkk_comic - app.py:587 - INFO - 正在下载第 004/013 页...
2026-05-13 05:27:29 - mkk_comic - app.py:587 - INFO - 正在下载第 005/013 页...
2026-05-13 05:27:29 - mkk_comic - app.py:587 - INFO - 正在下载第 006/013 页...
2026-05-13 05:27:29 - mkk_comic - app.py:587 - INFO - 正在下载第 007/013 页...
2026-05-13 05:27:29 - mkk_comic - app.py:587 - INFO - 正在下载第 008/013 页...
2026-05-13 05:27:29 - mkk_comic - app.py:587 - INFO - 正在下载第 009/013 页...
2026-05-13 05:27:30 - mkk_comic - app.py:587 - INFO - 正在下载第 010/013 页...
2026-05-13 05:27:30 - mkk_comic - app.py:587 - INFO - 正在下载第 011/013 页...
2026-05-13 05:27:30 - mkk_comic - app.py:587 - INFO - 正在下载第 012/013 页...
2026-05-13 05:27:30 - mkk_comic - app.py:587 - INFO - 正在下载第 013/013 页...
2026-05-13 05:27:30 - mkk_comic - app.py:511 - INFO - 下载完成!
2026-05-13 05:27:30 - mkk_comic - app.py:512 - INFO - 成功下载: 13/13 页
2026-05-13 05:27:30 - mkk_comic - app.py:523 - INFO - 章节下载完成，等待 6.1 秒后继续...
2026-05-13 05:27:36 - mkk_comic - app.py:843 - INFO - 【电锯人】上次下载至第258章
2026-05-13 05:27:37 - mkk_comic - app.py:846 - INFO - 该漫画更新至258章，不需要更新
2026-05-13 05:27:37 - mkk_comic - app.py:843 - INFO - 【魔都精兵的奴隸】上次下载至第203章
2026-05-13 05:27:37 - mkk_comic - app.py:846 - INFO - 该漫画更新至203章，不需要更新
2026-05-13 05:27:37 - mkk_comic - app.py:843 - INFO - 【我獨自升級】上次下载至第201章
2026-05-13 05:27:38 - mkk_comic - app.py:846 - INFO - 该漫画更新至201章，不需要更新
2026-05-13 05:27:38 - mkk_comic - app.py:843 - INFO - 【迷宮干】上次下载至第149章
2026-05-13 05:27:39 - mkk_comic - app.py:846 - INFO - 该漫画更新至149章，不需要更新
2026-05-13 05:27:39 - mkk_comic - app.py:863 - INFO - ===== 检查更新完成 =====

