2026-06-16 07:02:10 - mkk_comic - app.py:868 - INFO - 运行环境：GitHub Actions（自动化模式）
2026-06-16 07:02:10 - mkk_comic - app.py:825 - INFO - ===== 开始检查更新=====
2026-06-16 07:02:10 - mkk_comic - app.py:843 - INFO - 【海贼王】上次下载至第389章
2026-06-16 07:02:11 - mkk_comic - app.py:846 - INFO - 该漫画更新至389章，不需要更新
2026-06-16 07:02:11 - mkk_comic - app.py:843 - INFO - 【电锯人】上次下载至第258章
2026-06-16 07:02:12 - mkk_comic - app.py:846 - INFO - 该漫画更新至258章，不需要更新
2026-06-16 07:02:12 - mkk_comic - app.py:843 - INFO - 【魔都精兵的奴隸】上次下载至第205章
2026-06-16 07:02:13 - mkk_comic - app.py:850 - INFO - 【魔都精兵的奴隸】检测到更新！最新：206章
2026-06-16 07:02:13 - mkk_comic - app.py:853 - INFO - 【魔都精兵的奴隸】最大下载限制为60章-需下载206~206章）
2026-06-16 07:02:14 - mkk_comic - app.py:494 - INFO - 正在下载第206章: 第181话    UUID:e1b4e30d-68e2-11f1-80a2-fa163e02432f
2026-06-16 07:02:14 - mkk_comic - app.py:502 - INFO - 创建目录: ./out/魔都精兵的奴隸/第181话
2026-06-16 07:02:14 - mkk_comic - app.py:505 - INFO - 开始下载: 魔都精兵的奴隸 - 第181话
2026-06-16 07:02:14 - mkk_comic - app.py:506 - INFO - 总页数: 11
2026-06-16 07:02:14 - mkk_comic - app.py:587 - INFO - 正在下载第 001/011 页...
2026-06-16 07:02:14 - mkk_comic - app.py:587 - INFO - 正在下载第 002/011 页...
2026-06-16 07:02:14 - mkk_comic - app.py:587 - INFO - 正在下载第 003/011 页...
2026-06-16 07:02:14 - mkk_comic - app.py:587 - INFO - 正在下载第 004/011 页...
2026-06-16 07:02:14 - mkk_comic - app.py:587 - INFO - 正在下载第 005/011 页...
2026-06-16 07:02:15 - mkk_comic - app.py:587 - INFO - 正在下载第 006/011 页...
2026-06-16 07:02:15 - mkk_comic - app.py:587 - INFO - 正在下载第 007/011 页...
2026-06-16 07:02:15 - mkk_comic - app.py:587 - INFO - 正在下载第 008/011 页...
2026-06-16 07:02:15 - mkk_comic - app.py:587 - INFO - 正在下载第 009/011 页...
2026-06-16 07:02:15 - mkk_comic - app.py:587 - INFO - 正在下载第 010/011 页...
2026-06-16 07:02:15 - mkk_comic - app.py:587 - INFO - 正在下载第 011/011 页...
2026-06-16 07:02:15 - mkk_comic - app.py:511 - INFO - 下载完成!
2026-06-16 07:02:15 - mkk_comic - app.py:512 - INFO - 成功下载: 11/11 页
2026-06-16 07:02:15 - mkk_comic - app.py:523 - INFO - 章节下载完成，等待 6.8 秒后继续...
2026-06-16 07:02:22 - mkk_comic - app.py:843 - INFO - 【我獨自升級】上次下载至第201章
2026-06-16 07:02:22 - mkk_comic - app.py:846 - INFO - 该漫画更新至201章，不需要更新
2026-06-16 07:02:22 - mkk_comic - app.py:843 - INFO - 【迷宮干】上次下载至第149章
2026-06-16 07:02:23 - mkk_comic - app.py:846 - INFO - 该漫画更新至149章，不需要更新
2026-06-16 07:02:23 - mkk_comic - app.py:863 - INFO - ===== 检查更新完成 =====

