2026-03-18 04:06:45 - mkk_comic - app.py:868 - INFO - 运行环境：GitHub Actions（自动化模式）
2026-03-18 04:06:45 - mkk_comic - app.py:825 - INFO - ===== 开始检查更新=====
2026-03-18 04:06:45 - mkk_comic - app.py:843 - INFO - 【海贼王】上次下载至第289章
2026-03-18 04:06:46 - mkk_comic - app.py:850 - INFO - 【海贼王】检测到更新！最新：381章
2026-03-18 04:06:46 - mkk_comic - app.py:853 - INFO - 【海贼王】最大下载限制为10章-需下载290~299章）
2026-03-18 04:06:47 - mkk_comic - app.py:494 - INFO - 正在下载第290章: 第1085话    UUID:aea33fa4-0403-11ee-a7b5-d3d228a76de6
2026-03-18 04:06:48 - mkk_comic - app.py:502 - INFO - 创建目录: ./out/海贼王/第1085话
2026-03-18 04:06:48 - mkk_comic - app.py:505 - INFO - 开始下载: 海贼王 - 第1085话
2026-03-18 04:06:48 - mkk_comic - app.py:506 - INFO - 总页数: 17
2026-03-18 04:06:48 - mkk_comic - app.py:587 - INFO - 正在下载第 001/017 页...
2026-03-18 04:06:48 - mkk_comic - app.py:587 - INFO - 正在下载第 002/017 页...
2026-03-18 04:06:48 - mkk_comic - app.py:587 - INFO - 正在下载第 003/017 页...
2026-03-18 04:06:48 - mkk_comic - app.py:587 - INFO - 正在下载第 004/017 页...
2026-03-18 04:06:48 - mkk_comic - app.py:587 - INFO - 正在下载第 005/017 页...
2026-03-18 04:06:48 - mkk_comic - app.py:587 - INFO - 正在下载第 006/017 页...
2026-03-18 04:06:48 - mkk_comic - app.py:587 - INFO - 正在下载第 007/017 页...
2026-03-18 04:06:48 - mkk_comic - app.py:587 - INFO - 正在下载第 008/017 页...
2026-03-18 04:06:48 - mkk_comic - app.py:587 - INFO - 正在下载第 009/017 页...
2026-03-18 04:06:48 - mkk_comic - app.py:587 - INFO - 正在下载第 010/017 页...
2026-03-18 04:06:48 - mkk_comic - app.py:587 - INFO - 正在下载第 011/017 页...
2026-03-18 04:06:48 - mkk_comic - app.py:587 - INFO - 正在下载第 012/017 页...
2026-03-18 04:06:48 - mkk_comic - app.py:587 - INFO - 正在下载第 013/017 页...
2026-03-18 04:06:48 - mkk_comic - app.py:587 - INFO - 正在下载第 014/017 页...
2026-03-18 04:06:48 - mkk_comic - app.py:587 - INFO - 正在下载第 015/017 页...
2026-03-18 04:06:48 - mkk_comic - app.py:587 - INFO - 正在下载第 016/017 页...
2026-03-18 04:06:48 - mkk_comic - app.py:587 - INFO - 正在下载第 017/017 页...
2026-03-18 04:06:49 - mkk_comic - app.py:511 - INFO - 下载完成!
2026-03-18 04:06:49 - mkk_comic - app.py:512 - INFO - 成功下载: 17/17 页
2026-03-18 04:06:49 - mkk_comic - app.py:523 - INFO - 章节下载完成，等待 5.3 秒后继续...
2026-03-18 04:06:55 - mkk_comic - app.py:494 - INFO - 正在下载第291章: 第1086话    UUID:12c64d28-099a-11ee-a999-d3d228a76de6
2026-03-18 04:06:56 - mkk_comic - app.py:502 - INFO - 创建目录: ./out/海贼王/第1086话
2026-03-18 04:06:56 - mkk_comic - app.py:505 - INFO - 开始下载: 海贼王 - 第1086话
2026-03-18 04:06:56 - mkk_comic - app.py:506 - INFO - 总页数: 14
2026-03-18 04:06:56 - mkk_comic - app.py:587 - INFO - 正在下载第 001/014 页...
2026-03-18 04:06:56 - mkk_comic - app.py:587 - INFO - 正在下载第 002/014 页...
2026-03-18 04:06:56 - mkk_comic - app.py:587 - INFO - 正在下载第 003/014 页...
2026-03-18 04:06:56 - mkk_comic - app.py:587 - INFO - 正在下载第 004/014 页...
2026-03-18 04:06:56 - mkk_comic - app.py:587 - INFO - 正在下载第 005/014 页...
2026-03-18 04:06:56 - mkk_comic - app.py:587 - INFO - 正在下载第 006/014 页...
2026-03-18 04:06:56 - mkk_comic - app.py:587 - INFO - 正在下载第 007/014 页...
2026-03-18 04:06:56 - mkk_comic - app.py:587 - INFO - 正在下载第 008/014 页...
2026-03-18 04:06:56 - mkk_comic - app.py:587 - INFO - 正在下载第 009/014 页...
2026-03-18 04:06:56 - mkk_comic - app.py:587 - INFO - 正在下载第 010/014 页...
2026-03-18 04:06:56 - mkk_comic - app.py:587 - INFO - 正在下载第 011/014 页...
2026-03-18 04:06:56 - mkk_comic - app.py:587 - INFO - 正在下载第 012/014 页...
2026-03-18 04:06:56 - mkk_comic - app.py:587 - INFO - 正在下载第 013/014 页...
2026-03-18 04:06:56 - mkk_comic - app.py:587 - INFO - 正在下载第 014/014 页...
2026-03-18 04:06:56 - mkk_comic - app.py:511 - INFO - 下载完成!
2026-03-18 04:06:56 - mkk_comic - app.py:512 - INFO - 成功下载: 14/14 页
2026-03-18 04:06:56 - mkk_comic - app.py:523 - INFO - 章节下载完成，等待 7.8 秒后继续...
2026-03-18 04:07:05 - mkk_comic - app.py:494 - INFO - 正在下载第292章: 第1087话    UUID:d6226e0a-2506-11ee-b5ad-d3d228a76de6
2026-03-18 04:07:06 - mkk_comic - app.py:502 - INFO - 创建目录: ./out/海贼王/第1087话
2026-03-18 04:07:06 - mkk_comic - app.py:505 - INFO - 开始下载: 海贼王 - 第1087话
2026-03-18 04:07:06 - mkk_comic - app.py:506 - INFO - 总页数: 15
2026-03-18 04:07:06 - mkk_comic - app.py:587 - INFO - 正在下载第 001/015 页...
2026-03-18 04:07:06 - mkk_comic - app.py:587 - INFO - 正在下载第 002/015 页...
2026-03-18 04:07:06 - mkk_comic - app.py:587 - INFO - 正在下载第 003/015 页...
2026-03-18 04:07:06 - mkk_comic - app.py:587 - INFO - 正在下载第 004/015 页...
2026-03-18 04:07:06 - mkk_comic - app.py:587 - INFO - 正在下载第 005/015 页...
2026-03-18 04:07:06 - mkk_comic - app.py:587 - INFO - 正在下载第 006/015 页...
2026-03-18 04:07:06 - mkk_comic - app.py:587 - INFO - 正在下载第 007/015 页...
2026-03-18 04:07:06 - mkk_comic - app.py:587 - INFO - 正在下载第 008/015 页...
2026-03-18 04:07:06 - mkk_comic - app.py:587 - INFO - 正在下载第 009/015 页...
2026-03-18 04:07:06 - mkk_comic - app.py:587 - INFO - 正在下载第 010/015 页...
2026-03-18 04:07:06 - mkk_comic - app.py:587 - INFO - 正在下载第 011/015 页...
2026-03-18 04:07:06 - mkk_comic - app.py:587 - INFO - 正在下载第 012/015 页...
2026-03-18 04:07:06 - mkk_comic - app.py:587 - INFO - 正在下载第 013/015 页...
2026-03-18 04:07:06 - mkk_comic - app.py:587 - INFO - 正在下载第 014/015 页...
2026-03-18 04:07:06 - mkk_comic - app.py:587 - INFO - 正在下载第 015/015 页...
2026-03-18 04:07:06 - mkk_comic - app.py:511 - INFO - 下载完成!
2026-03-18 04:07:06 - mkk_comic - app.py:512 - INFO - 成功下载: 15/15 页
2026-03-18 04:07:06 - mkk_comic - app.py:523 - INFO - 章节下载完成，等待 8.9 秒后继续...
2026-03-18 04:07:16 - mkk_comic - app.py:494 - INFO - 正在下载第293章: 第1088话    UUID:c585d240-29ce-11ee-b79d-d3d228a76de6
2026-03-18 04:07:17 - mkk_comic - app.py:502 - INFO - 创建目录: ./out/海贼王/第1088话
2026-03-18 04:07:17 - mkk_comic - app.py:505 - INFO - 开始下载: 海贼王 - 第1088话
2026-03-18 04:07:17 - mkk_comic - app.py:506 - INFO - 总页数: 15
2026-03-18 04:07:17 - mkk_comic - app.py:587 - INFO - 正在下载第 001/015 页...
2026-03-18 04:07:17 - mkk_comic - app.py:587 - INFO - 正在下载第 002/015 页...
2026-03-18 04:07:17 - mkk_comic - app.py:587 - INFO - 正在下载第 003/015 页...
2026-03-18 04:07:17 - mkk_comic - app.py:587 - INFO - 正在下载第 004/015 页...
2026-03-18 04:07:17 - mkk_comic - app.py:587 - INFO - 正在下载第 005/015 页...
2026-03-18 04:07:17 - mkk_comic - app.py:587 - INFO - 正在下载第 006/015 页...
2026-03-18 04:07:17 - mkk_comic - app.py:587 - INFO - 正在下载第 007/015 页...
2026-03-18 04:07:17 - mkk_comic - app.py:587 - INFO - 正在下载第 008/015 页...
2026-03-18 04:07:17 - mkk_comic - app.py:587 - INFO - 正在下载第 009/015 页...
2026-03-18 04:07:17 - mkk_comic - app.py:587 - INFO - 正在下载第 010/015 页...
2026-03-18 04:07:17 - mkk_comic - app.py:587 - INFO - 正在下载第 011/015 页...
2026-03-18 04:07:17 - mkk_comic - app.py:587 - INFO - 正在下载第 012/015 页...
2026-03-18 04:07:17 - mkk_comic - app.py:587 - INFO - 正在下载第 013/015 页...
2026-03-18 04:07:17 - mkk_comic - app.py:587 - INFO - 正在下载第 014/015 页...
2026-03-18 04:07:17 - mkk_comic - app.py:587 - INFO - 正在下载第 015/015 页...
2026-03-18 04:07:17 - mkk_comic - app.py:511 - INFO - 下载完成!
2026-03-18 04:07:17 - mkk_comic - app.py:512 - INFO - 成功下载: 15/15 页
2026-03-18 04:07:17 - mkk_comic - app.py:523 - INFO - 章节下载完成，等待 9.9 秒后继续...
2026-03-18 04:07:28 - mkk_comic - app.py:494 - INFO - 正在下载第294章: 第1089话    UUID:d37566b8-3522-11ee-bbad-d3d228a76de6
2026-03-18 04:07:29 - mkk_comic - app.py:502 - INFO - 创建目录: ./out/海贼王/第1089话
2026-03-18 04:07:29 - mkk_comic - app.py:505 - INFO - 开始下载: 海贼王 - 第1089话
2026-03-18 04:07:29 - mkk_comic - app.py:506 - INFO - 总页数: 16
2026-03-18 04:07:29 - mkk_comic - app.py:587 - INFO - 正在下载第 001/016 页...
2026-03-18 04:07:29 - mkk_comic - app.py:587 - INFO - 正在下载第 002/016 页...
2026-03-18 04:07:29 - mkk_comic - app.py:587 - INFO - 正在下载第 003/016 页...
2026-03-18 04:07:29 - mkk_comic - app.py:587 - INFO - 正在下载第 004/016 页...
2026-03-18 04:07:29 - mkk_comic - app.py:587 - INFO - 正在下载第 005/016 页...
2026-03-18 04:07:29 - mkk_comic - app.py:587 - INFO - 正在下载第 006/016 页...
2026-03-18 04:07:29 - mkk_comic - app.py:587 - INFO - 正在下载第 007/016 页...
2026-03-18 04:07:29 - mkk_comic - app.py:587 - INFO - 正在下载第 008/016 页...
2026-03-18 04:07:29 - mkk_comic - app.py:587 - INFO - 正在下载第 009/016 页...
2026-03-18 04:07:29 - mkk_comic - app.py:587 - INFO - 正在下载第 010/016 页...
2026-03-18 04:07:29 - mkk_comic - app.py:587 - INFO - 正在下载第 011/016 页...
2026-03-18 04:07:29 - mkk_comic - app.py:587 - INFO - 正在下载第 012/016 页...
2026-03-18 04:07:29 - mkk_comic - app.py:587 - INFO - 正在下载第 013/016 页...
2026-03-18 04:07:29 - mkk_comic - app.py:587 - INFO - 正在下载第 014/016 页...
2026-03-18 04:07:29 - mkk_comic - app.py:587 - INFO - 正在下载第 015/016 页...
2026-03-18 04:07:29 - mkk_comic - app.py:587 - INFO - 正在下载第 016/016 页...
2026-03-18 04:07:29 - mkk_comic - app.py:511 - INFO - 下载完成!
2026-03-18 04:07:29 - mkk_comic - app.py:512 - INFO - 成功下载: 16/16 页
2026-03-18 04:07:29 - mkk_comic - app.py:523 - INFO - 章节下载完成，等待 8.5 秒后继续...
2026-03-18 04:07:38 - mkk_comic - app.py:494 - INFO - 正在下载第295章: 第1090话    UUID:103c9510-3fe3-11ee-810c-d3d228a76de6
2026-03-18 04:07:39 - mkk_comic - app.py:502 - INFO - 创建目录: ./out/海贼王/第1090话
2026-03-18 04:07:39 - mkk_comic - app.py:505 - INFO - 开始下载: 海贼王 - 第1090话
2026-03-18 04:07:39 - mkk_comic - app.py:506 - INFO - 总页数: 15
2026-03-18 04:07:39 - mkk_comic - app.py:587 - INFO - 正在下载第 001/015 页...
2026-03-18 04:07:39 - mkk_comic - app.py:587 - INFO - 正在下载第 002/015 页...
2026-03-18 04:07:39 - mkk_comic - app.py:587 - INFO - 正在下载第 003/015 页...
2026-03-18 04:07:39 - mkk_comic - app.py:587 - INFO - 正在下载第 004/015 页...
2026-03-18 04:07:39 - mkk_comic - app.py:587 - INFO - 正在下载第 005/015 页...
2026-03-18 04:07:39 - mkk_comic - app.py:587 - INFO - 正在下载第 006/015 页...
2026-03-18 04:07:39 - mkk_comic - app.py:587 - INFO - 正在下载第 007/015 页...
2026-03-18 04:07:39 - mkk_comic - app.py:587 - INFO - 正在下载第 008/015 页...
2026-03-18 04:07:39 - mkk_comic - app.py:587 - INFO - 正在下载第 009/015 页...
2026-03-18 04:07:39 - mkk_comic - app.py:587 - INFO - 正在下载第 010/015 页...
2026-03-18 04:07:39 - mkk_comic - app.py:587 - INFO - 正在下载第 011/015 页...
2026-03-18 04:07:39 - mkk_comic - app.py:587 - INFO - 正在下载第 012/015 页...
2026-03-18 04:07:39 - mkk_comic - app.py:587 - INFO - 正在下载第 013/015 页...
2026-03-18 04:07:39 - mkk_comic - app.py:587 - INFO - 正在下载第 014/015 页...
2026-03-18 04:07:39 - mkk_comic - app.py:587 - INFO - 正在下载第 015/015 页...
2026-03-18 04:07:40 - mkk_comic - app.py:511 - INFO - 下载完成!
2026-03-18 04:07:40 - mkk_comic - app.py:512 - INFO - 成功下载: 15/15 页
2026-03-18 04:07:40 - mkk_comic - app.py:523 - INFO - 章节下载完成，等待 9.2 秒后继续...
2026-03-18 04:07:50 - mkk_comic - app.py:494 - INFO - 正在下载第296章: 第1091话    UUID:9dd223c4-4ac7-11ee-89ce-d3d228a76de6
2026-03-18 04:07:50 - mkk_comic - app.py:502 - INFO - 创建目录: ./out/海贼王/第1091话
2026-03-18 04:07:50 - mkk_comic - app.py:505 - INFO - 开始下载: 海贼王 - 第1091话
2026-03-18 04:07:50 - mkk_comic - app.py:506 - INFO - 总页数: 19
2026-03-18 04:07:50 - mkk_comic - app.py:587 - INFO - 正在下载第 001/019 页...
2026-03-18 04:07:50 - mkk_comic - app.py:587 - INFO - 正在下载第 002/019 页...
2026-03-18 04:07:50 - mkk_comic - app.py:587 - INFO - 正在下载第 003/019 页...
2026-03-18 04:07:51 - mkk_comic - app.py:587 - INFO - 正在下载第 004/019 页...
2026-03-18 04:07:51 - mkk_comic - app.py:587 - INFO - 正在下载第 005/019 页...
2026-03-18 04:07:51 - mkk_comic - app.py:587 - INFO - 正在下载第 006/019 页...
2026-03-18 04:07:51 - mkk_comic - app.py:587 - INFO - 正在下载第 007/019 页...
2026-03-18 04:07:51 - mkk_comic - app.py:587 - INFO - 正在下载第 008/019 页...
2026-03-18 04:07:51 - mkk_comic - app.py:587 - INFO - 正在下载第 009/019 页...
2026-03-18 04:07:51 - mkk_comic - app.py:587 - INFO - 正在下载第 010/019 页...
2026-03-18 04:07:51 - mkk_comic - app.py:587 - INFO - 正在下载第 011/019 页...
2026-03-18 04:07:51 - mkk_comic - app.py:587 - INFO - 正在下载第 012/019 页...
2026-03-18 04:07:51 - mkk_comic - app.py:587 - INFO - 正在下载第 013/019 页...
2026-03-18 04:07:51 - mkk_comic - app.py:587 - INFO - 正在下载第 014/019 页...
2026-03-18 04:07:51 - mkk_comic - app.py:587 - INFO - 正在下载第 015/019 页...
2026-03-18 04:07:51 - mkk_comic - app.py:587 - INFO - 正在下载第 016/019 页...
2026-03-18 04:07:51 - mkk_comic - app.py:587 - INFO - 正在下载第 017/019 页...
2026-03-18 04:07:51 - mkk_comic - app.py:587 - INFO - 正在下载第 018/019 页...
2026-03-18 04:07:51 - mkk_comic - app.py:587 - INFO - 正在下载第 019/019 页...
2026-03-18 04:07:51 - mkk_comic - app.py:511 - INFO - 下载完成!
2026-03-18 04:07:51 - mkk_comic - app.py:512 - INFO - 成功下载: 19/19 页
2026-03-18 04:07:51 - mkk_comic - app.py:523 - INFO - 章节下载完成，等待 6.5 秒后继续...
2026-03-18 04:07:58 - mkk_comic - app.py:494 - INFO - 正在下载第297章: 第1092话    UUID:5f3b08e2-5616-11ee-904c-d3d228a76de6
2026-03-18 04:07:59 - mkk_comic - app.py:502 - INFO - 创建目录: ./out/海贼王/第1092话
2026-03-18 04:07:59 - mkk_comic - app.py:505 - INFO - 开始下载: 海贼王 - 第1092话
2026-03-18 04:07:59 - mkk_comic - app.py:506 - INFO - 总页数: 18
2026-03-18 04:07:59 - mkk_comic - app.py:587 - INFO - 正在下载第 001/018 页...
2026-03-18 04:07:59 - mkk_comic - app.py:587 - INFO - 正在下载第 002/018 页...
2026-03-18 04:07:59 - mkk_comic - app.py:587 - INFO - 正在下载第 003/018 页...
2026-03-18 04:07:59 - mkk_comic - app.py:587 - INFO - 正在下载第 004/018 页...
2026-03-18 04:07:59 - mkk_comic - app.py:587 - INFO - 正在下载第 005/018 页...
2026-03-18 04:07:59 - mkk_comic - app.py:587 - INFO - 正在下载第 006/018 页...
2026-03-18 04:07:59 - mkk_comic - app.py:587 - INFO - 正在下载第 007/018 页...
2026-03-18 04:07:59 - mkk_comic - app.py:587 - INFO - 正在下载第 008/018 页...
2026-03-18 04:07:59 - mkk_comic - app.py:587 - INFO - 正在下载第 009/018 页...
2026-03-18 04:07:59 - mkk_comic - app.py:587 - INFO - 正在下载第 010/018 页...
2026-03-18 04:07:59 - mkk_comic - app.py:587 - INFO - 正在下载第 011/018 页...
2026-03-18 04:07:59 - mkk_comic - app.py:587 - INFO - 正在下载第 012/018 页...
2026-03-18 04:07:59 - mkk_comic - app.py:587 - INFO - 正在下载第 013/018 页...
2026-03-18 04:07:59 - mkk_comic - app.py:587 - INFO - 正在下载第 014/018 页...
2026-03-18 04:07:59 - mkk_comic - app.py:587 - INFO - 正在下载第 015/018 页...
2026-03-18 04:08:00 - mkk_comic - app.py:587 - INFO - 正在下载第 016/018 页...
2026-03-18 04:08:00 - mkk_comic - app.py:587 - INFO - 正在下载第 017/018 页...
2026-03-18 04:08:00 - mkk_comic - app.py:587 - INFO - 正在下载第 018/018 页...
2026-03-18 04:08:00 - mkk_comic - app.py:511 - INFO - 下载完成!
2026-03-18 04:08:00 - mkk_comic - app.py:512 - INFO - 成功下载: 18/18 页
2026-03-18 04:08:00 - mkk_comic - app.py:523 - INFO - 章节下载完成，等待 9.2 秒后继续...
2026-03-18 04:08:10 - mkk_comic - app.py:494 - INFO - 正在下载第298章: 第1093话    UUID:dd369782-5c03-11ee-9345-d3d228a76de6
2026-03-18 04:08:11 - mkk_comic - app.py:502 - INFO - 创建目录: ./out/海贼王/第1093话
2026-03-18 04:08:11 - mkk_comic - app.py:505 - INFO - 开始下载: 海贼王 - 第1093话
2026-03-18 04:08:11 - mkk_comic - app.py:506 - INFO - 总页数: 16
2026-03-18 04:08:11 - mkk_comic - app.py:587 - INFO - 正在下载第 001/016 页...
2026-03-18 04:08:11 - mkk_comic - app.py:587 - INFO - 正在下载第 002/016 页...
2026-03-18 04:08:11 - mkk_comic - app.py:587 - INFO - 正在下载第 003/016 页...
2026-03-18 04:08:11 - mkk_comic - app.py:587 - INFO - 正在下载第 004/016 页...
2026-03-18 04:08:11 - mkk_comic - app.py:587 - INFO - 正在下载第 005/016 页...
2026-03-18 04:08:11 - mkk_comic - app.py:587 - INFO - 正在下载第 006/016 页...
2026-03-18 04:08:11 - mkk_comic - app.py:587 - INFO - 正在下载第 007/016 页...
2026-03-18 04:08:11 - mkk_comic - app.py:587 - INFO - 正在下载第 008/016 页...
2026-03-18 04:08:11 - mkk_comic - app.py:587 - INFO - 正在下载第 009/016 页...
2026-03-18 04:08:11 - mkk_comic - app.py:587 - INFO - 正在下载第 010/016 页...
2026-03-18 04:08:11 - mkk_comic - app.py:587 - INFO - 正在下载第 011/016 页...
2026-03-18 04:08:11 - mkk_comic - app.py:587 - INFO - 正在下载第 012/016 页...
2026-03-18 04:08:11 - mkk_comic - app.py:587 - INFO - 正在下载第 013/016 页...
2026-03-18 04:08:11 - mkk_comic - app.py:587 - INFO - 正在下载第 014/016 页...
2026-03-18 04:08:11 - mkk_comic - app.py:587 - INFO - 正在下载第 015/016 页...
2026-03-18 04:08:11 - mkk_comic - app.py:587 - INFO - 正在下载第 016/016 页...
2026-03-18 04:08:11 - mkk_comic - app.py:511 - INFO - 下载完成!
2026-03-18 04:08:11 - mkk_comic - app.py:512 - INFO - 成功下载: 16/16 页
2026-03-18 04:08:11 - mkk_comic - app.py:523 - INFO - 章节下载完成，等待 8.6 秒后继续...
2026-03-18 04:08:21 - mkk_comic - app.py:494 - INFO - 正在下载第299章: 第1094话    UUID:3f11a492-675d-11ee-800b-55b00c27fb36
2026-03-18 04:08:21 - mkk_comic - app.py:502 - INFO - 创建目录: ./out/海贼王/第1094话
2026-03-18 04:08:21 - mkk_comic - app.py:505 - INFO - 开始下载: 海贼王 - 第1094话
2026-03-18 04:08:21 - mkk_comic - app.py:506 - INFO - 总页数: 18
2026-03-18 04:08:21 - mkk_comic - app.py:587 - INFO - 正在下载第 001/018 页...
2026-03-18 04:08:21 - mkk_comic - app.py:587 - INFO - 正在下载第 002/018 页...
2026-03-18 04:08:21 - mkk_comic - app.py:587 - INFO - 正在下载第 003/018 页...
2026-03-18 04:08:21 - mkk_comic - app.py:587 - INFO - 正在下载第 004/018 页...
2026-03-18 04:08:21 - mkk_comic - app.py:587 - INFO - 正在下载第 005/018 页...
2026-03-18 04:08:22 - mkk_comic - app.py:587 - INFO - 正在下载第 006/018 页...
2026-03-18 04:08:22 - mkk_comic - app.py:587 - INFO - 正在下载第 007/018 页...
2026-03-18 04:08:22 - mkk_comic - app.py:587 - INFO - 正在下载第 008/018 页...
2026-03-18 04:08:22 - mkk_comic - app.py:587 - INFO - 正在下载第 009/018 页...
2026-03-18 04:08:22 - mkk_comic - app.py:587 - INFO - 正在下载第 010/018 页...
2026-03-18 04:08:22 - mkk_comic - app.py:587 - INFO - 正在下载第 011/018 页...
2026-03-18 04:08:22 - mkk_comic - app.py:587 - INFO - 正在下载第 012/018 页...
2026-03-18 04:08:22 - mkk_comic - app.py:587 - INFO - 正在下载第 013/018 页...
2026-03-18 04:08:22 - mkk_comic - app.py:587 - INFO - 正在下载第 014/018 页...
2026-03-18 04:08:22 - mkk_comic - app.py:587 - INFO - 正在下载第 015/018 页...
2026-03-18 04:08:22 - mkk_comic - app.py:587 - INFO - 正在下载第 016/018 页...
2026-03-18 04:08:22 - mkk_comic - app.py:587 - INFO - 正在下载第 017/018 页...
2026-03-18 04:08:22 - mkk_comic - app.py:587 - INFO - 正在下载第 018/018 页...
2026-03-18 04:08:22 - mkk_comic - app.py:511 - INFO - 下载完成!
2026-03-18 04:08:22 - mkk_comic - app.py:512 - INFO - 成功下载: 18/18 页
2026-03-18 04:08:22 - mkk_comic - app.py:523 - INFO - 章节下载完成，等待 5.2 秒后继续...
2026-03-18 04:08:27 - mkk_comic - app.py:843 - INFO - 【电锯人】上次下载至第257章
2026-03-18 04:08:28 - mkk_comic - app.py:846 - INFO - 该漫画更新至257章，不需要更新
2026-03-18 04:08:28 - mkk_comic - app.py:863 - INFO - ===== 检查更新完成 =====

