2025-12-25 03:15:02 - mkk_comic - app.py:863 - INFO - 运行环境：GitHub Actions（自动化模式）
2025-12-25 03:15:02 - mkk_comic - app.py:820 - INFO - ===== 开始检查更新=====
2025-12-25 03:15:02 - mkk_comic - app.py:838 - INFO - 【海贼王】上次下载至第27章
2025-12-25 03:15:03 - mkk_comic - app.py:845 - INFO - 【海贼王】检测到更新！最新：374章
2025-12-25 03:15:03 - mkk_comic - app.py:848 - INFO - 【海贼王】最大下载限制为5章-需下载28~32章）
2025-12-25 03:15:04 - mkk_comic - app.py:494 - INFO - 正在下载第28章: 28卷    UUID:f658d3ae-c7bd-11e8-881b-024352452ce0
2025-12-25 03:15:04 - mkk_comic - app.py:502 - INFO - 创建目录: ./out/海贼王/28卷
2025-12-25 03:15:04 - mkk_comic - app.py:505 - INFO - 开始下载: 海贼王 - 28卷
2025-12-25 03:15:04 - mkk_comic - app.py:506 - INFO - 总页数: 195
2025-12-25 03:15:04 - mkk_comic - app.py:582 - INFO - 正在下载第 001/195 页...
2025-12-25 03:15:04 - mkk_comic - app.py:582 - INFO - 正在下载第 002/195 页...
2025-12-25 03:15:04 - mkk_comic - app.py:582 - INFO - 正在下载第 003/195 页...
2025-12-25 03:15:04 - mkk_comic - app.py:582 - INFO - 正在下载第 004/195 页...
2025-12-25 03:15:04 - mkk_comic - app.py:582 - INFO - 正在下载第 005/195 页...
2025-12-25 03:15:04 - mkk_comic - app.py:582 - INFO - 正在下载第 006/195 页...
2025-12-25 03:15:04 - mkk_comic - app.py:582 - INFO - 正在下载第 007/195 页...
2025-12-25 03:15:04 - mkk_comic - app.py:582 - INFO - 正在下载第 008/195 页...
2025-12-25 03:15:04 - mkk_comic - app.py:582 - INFO - 正在下载第 009/195 页...
2025-12-25 03:15:04 - mkk_comic - app.py:582 - INFO - 正在下载第 010/195 页...
2025-12-25 03:15:05 - mkk_comic - app.py:582 - INFO - 正在下载第 011/195 页...
2025-12-25 03:15:05 - mkk_comic - app.py:582 - INFO - 正在下载第 012/195 页...
2025-12-25 03:15:05 - mkk_comic - app.py:582 - INFO - 正在下载第 013/195 页...
2025-12-25 03:15:05 - mkk_comic - app.py:582 - INFO - 正在下载第 014/195 页...
2025-12-25 03:15:05 - mkk_comic - app.py:582 - INFO - 正在下载第 015/195 页...
2025-12-25 03:15:05 - mkk_comic - app.py:582 - INFO - 正在下载第 016/195 页...
2025-12-25 03:15:05 - mkk_comic - app.py:582 - INFO - 正在下载第 017/195 页...
2025-12-25 03:15:05 - mkk_comic - app.py:582 - INFO - 正在下载第 018/195 页...
2025-12-25 03:15:05 - mkk_comic - app.py:582 - INFO - 正在下载第 019/195 页...
2025-12-25 03:15:05 - mkk_comic - app.py:582 - INFO - 正在下载第 020/195 页...
2025-12-25 03:15:05 - mkk_comic - app.py:582 - INFO - 正在下载第 021/195 页...
2025-12-25 03:15:05 - mkk_comic - app.py:582 - INFO - 正在下载第 022/195 页...
2025-12-25 03:15:05 - mkk_comic - app.py:582 - INFO - 正在下载第 023/195 页...
2025-12-25 03:15:05 - mkk_comic - app.py:582 - INFO - 正在下载第 024/195 页...
2025-12-25 03:15:05 - mkk_comic - app.py:582 - INFO - 正在下载第 025/195 页...
2025-12-25 03:15:05 - mkk_comic - app.py:582 - INFO - 正在下载第 026/195 页...
2025-12-25 03:15:05 - mkk_comic - app.py:582 - INFO - 正在下载第 027/195 页...
2025-12-25 03:15:05 - mkk_comic - app.py:582 - INFO - 正在下载第 028/195 页...
2025-12-25 03:15:05 - mkk_comic - app.py:582 - INFO - 正在下载第 029/195 页...
2025-12-25 03:15:05 - mkk_comic - app.py:582 - INFO - 正在下载第 030/195 页...
2025-12-25 03:15:05 - mkk_comic - app.py:582 - INFO - 正在下载第 031/195 页...
2025-12-25 03:15:05 - mkk_comic - app.py:582 - INFO - 正在下载第 032/195 页...
2025-12-25 03:15:05 - mkk_comic - app.py:582 - INFO - 正在下载第 033/195 页...
2025-12-25 03:15:05 - mkk_comic - app.py:582 - INFO - 正在下载第 034/195 页...
2025-12-25 03:15:05 - mkk_comic - app.py:582 - INFO - 正在下载第 035/195 页...
2025-12-25 03:15:05 - mkk_comic - app.py:582 - INFO - 正在下载第 036/195 页...
2025-12-25 03:15:05 - mkk_comic - app.py:582 - INFO - 正在下载第 037/195 页...
2025-12-25 03:15:05 - mkk_comic - app.py:582 - INFO - 正在下载第 038/195 页...
2025-12-25 03:15:05 - mkk_comic - app.py:582 - INFO - 正在下载第 039/195 页...
2025-12-25 03:15:05 - mkk_comic - app.py:582 - INFO - 正在下载第 040/195 页...
2025-12-25 03:15:05 - mkk_comic - app.py:582 - INFO - 正在下载第 041/195 页...
2025-12-25 03:15:05 - mkk_comic - app.py:582 - INFO - 正在下载第 042/195 页...
2025-12-25 03:15:05 - mkk_comic - app.py:582 - INFO - 正在下载第 043/195 页...
2025-12-25 03:15:05 - mkk_comic - app.py:582 - INFO - 正在下载第 044/195 页...
2025-12-25 03:15:05 - mkk_comic - app.py:582 - INFO - 正在下载第 045/195 页...
2025-12-25 03:15:05 - mkk_comic - app.py:582 - INFO - 正在下载第 046/195 页...
2025-12-25 03:15:05 - mkk_comic - app.py:582 - INFO - 正在下载第 047/195 页...
2025-12-25 03:15:05 - mkk_comic - app.py:582 - INFO - 正在下载第 048/195 页...
2025-12-25 03:15:05 - mkk_comic - app.py:582 - INFO - 正在下载第 049/195 页...
2025-12-25 03:15:05 - mkk_comic - app.py:582 - INFO - 正在下载第 050/195 页...
2025-12-25 03:15:05 - mkk_comic - app.py:582 - INFO - 正在下载第 051/195 页...
2025-12-25 03:15:05 - mkk_comic - app.py:582 - INFO - 正在下载第 052/195 页...
2025-12-25 03:15:05 - mkk_comic - app.py:582 - INFO - 正在下载第 053/195 页...
2025-12-25 03:15:05 - mkk_comic - app.py:582 - INFO - 正在下载第 054/195 页...
2025-12-25 03:15:05 - mkk_comic - app.py:582 - INFO - 正在下载第 055/195 页...
2025-12-25 03:15:05 - mkk_comic - app.py:582 - INFO - 正在下载第 056/195 页...
2025-12-25 03:15:05 - mkk_comic - app.py:582 - INFO - 正在下载第 057/195 页...
2025-12-25 03:15:05 - mkk_comic - app.py:582 - INFO - 正在下载第 058/195 页...
2025-12-25 03:15:05 - mkk_comic - app.py:582 - INFO - 正在下载第 059/195 页...
2025-12-25 03:15:05 - mkk_comic - app.py:582 - INFO - 正在下载第 060/195 页...
2025-12-25 03:15:05 - mkk_comic - app.py:582 - INFO - 正在下载第 061/195 页...
2025-12-25 03:15:06 - mkk_comic - app.py:582 - INFO - 正在下载第 062/195 页...
2025-12-25 03:15:06 - mkk_comic - app.py:582 - INFO - 正在下载第 063/195 页...
2025-12-25 03:15:06 - mkk_comic - app.py:582 - INFO - 正在下载第 064/195 页...
2025-12-25 03:15:06 - mkk_comic - app.py:582 - INFO - 正在下载第 065/195 页...
2025-12-25 03:15:06 - mkk_comic - app.py:582 - INFO - 正在下载第 066/195 页...
2025-12-25 03:15:06 - mkk_comic - app.py:582 - INFO - 正在下载第 067/195 页...
2025-12-25 03:15:06 - mkk_comic - app.py:582 - INFO - 正在下载第 068/195 页...
2025-12-25 03:15:06 - mkk_comic - app.py:582 - INFO - 正在下载第 069/195 页...
2025-12-25 03:15:06 - mkk_comic - app.py:582 - INFO - 正在下载第 070/195 页...
2025-12-25 03:15:06 - mkk_comic - app.py:582 - INFO - 正在下载第 071/195 页...
2025-12-25 03:15:06 - mkk_comic - app.py:582 - INFO - 正在下载第 072/195 页...
2025-12-25 03:15:06 - mkk_comic - app.py:582 - INFO - 正在下载第 073/195 页...
2025-12-25 03:15:06 - mkk_comic - app.py:582 - INFO - 正在下载第 074/195 页...
2025-12-25 03:15:06 - mkk_comic - app.py:582 - INFO - 正在下载第 075/195 页...
2025-12-25 03:15:06 - mkk_comic - app.py:582 - INFO - 正在下载第 076/195 页...
2025-12-25 03:15:06 - mkk_comic - app.py:582 - INFO - 正在下载第 077/195 页...
2025-12-25 03:15:06 - mkk_comic - app.py:582 - INFO - 正在下载第 078/195 页...
2025-12-25 03:15:06 - mkk_comic - app.py:582 - INFO - 正在下载第 079/195 页...
2025-12-25 03:15:06 - mkk_comic - app.py:582 - INFO - 正在下载第 080/195 页...
2025-12-25 03:15:06 - mkk_comic - app.py:582 - INFO - 正在下载第 081/195 页...
2025-12-25 03:15:06 - mkk_comic - app.py:582 - INFO - 正在下载第 082/195 页...
2025-12-25 03:15:06 - mkk_comic - app.py:582 - INFO - 正在下载第 083/195 页...
2025-12-25 03:15:06 - mkk_comic - app.py:582 - INFO - 正在下载第 084/195 页...
2025-12-25 03:15:06 - mkk_comic - app.py:582 - INFO - 正在下载第 085/195 页...
2025-12-25 03:15:06 - mkk_comic - app.py:582 - INFO - 正在下载第 086/195 页...
2025-12-25 03:15:06 - mkk_comic - app.py:582 - INFO - 正在下载第 087/195 页...
2025-12-25 03:15:06 - mkk_comic - app.py:582 - INFO - 正在下载第 088/195 页...
2025-12-25 03:15:06 - mkk_comic - app.py:582 - INFO - 正在下载第 089/195 页...
2025-12-25 03:15:06 - mkk_comic - app.py:582 - INFO - 正在下载第 090/195 页...
2025-12-25 03:15:06 - mkk_comic - app.py:582 - INFO - 正在下载第 091/195 页...
2025-12-25 03:15:06 - mkk_comic - app.py:582 - INFO - 正在下载第 092/195 页...
2025-12-25 03:15:06 - mkk_comic - app.py:582 - INFO - 正在下载第 093/195 页...
2025-12-25 03:15:06 - mkk_comic - app.py:582 - INFO - 正在下载第 094/195 页...
2025-12-25 03:15:06 - mkk_comic - app.py:582 - INFO - 正在下载第 095/195 页...
2025-12-25 03:15:06 - mkk_comic - app.py:582 - INFO - 正在下载第 096/195 页...
2025-12-25 03:15:06 - mkk_comic - app.py:582 - INFO - 正在下载第 097/195 页...
2025-12-25 03:15:06 - mkk_comic - app.py:582 - INFO - 正在下载第 098/195 页...
2025-12-25 03:15:06 - mkk_comic - app.py:582 - INFO - 正在下载第 099/195 页...
2025-12-25 03:15:06 - mkk_comic - app.py:582 - INFO - 正在下载第 100/195 页...
2025-12-25 03:15:06 - mkk_comic - app.py:582 - INFO - 正在下载第 101/195 页...
2025-12-25 03:15:06 - mkk_comic - app.py:582 - INFO - 正在下载第 102/195 页...
2025-12-25 03:15:06 - mkk_comic - app.py:582 - INFO - 正在下载第 103/195 页...
2025-12-25 03:15:06 - mkk_comic - app.py:582 - INFO - 正在下载第 104/195 页...
2025-12-25 03:15:06 - mkk_comic - app.py:582 - INFO - 正在下载第 105/195 页...
2025-12-25 03:15:06 - mkk_comic - app.py:582 - INFO - 正在下载第 106/195 页...
2025-12-25 03:15:06 - mkk_comic - app.py:582 - INFO - 正在下载第 107/195 页...
2025-12-25 03:15:06 - mkk_comic - app.py:582 - INFO - 正在下载第 108/195 页...
2025-12-25 03:15:06 - mkk_comic - app.py:582 - INFO - 正在下载第 109/195 页...
2025-12-25 03:15:06 - mkk_comic - app.py:582 - INFO - 正在下载第 110/195 页...
2025-12-25 03:15:06 - mkk_comic - app.py:582 - INFO - 正在下载第 111/195 页...
2025-12-25 03:15:06 - mkk_comic - app.py:582 - INFO - 正在下载第 112/195 页...
2025-12-25 03:15:06 - mkk_comic - app.py:582 - INFO - 正在下载第 113/195 页...
2025-12-25 03:15:06 - mkk_comic - app.py:582 - INFO - 正在下载第 114/195 页...
2025-12-25 03:15:07 - mkk_comic - app.py:582 - INFO - 正在下载第 115/195 页...
2025-12-25 03:15:07 - mkk_comic - app.py:582 - INFO - 正在下载第 116/195 页...
2025-12-25 03:15:07 - mkk_comic - app.py:582 - INFO - 正在下载第 117/195 页...
2025-12-25 03:15:07 - mkk_comic - app.py:582 - INFO - 正在下载第 118/195 页...
2025-12-25 03:15:07 - mkk_comic - app.py:582 - INFO - 正在下载第 119/195 页...
2025-12-25 03:15:07 - mkk_comic - app.py:582 - INFO - 正在下载第 120/195 页...
2025-12-25 03:15:07 - mkk_comic - app.py:582 - INFO - 正在下载第 121/195 页...
2025-12-25 03:15:07 - mkk_comic - app.py:582 - INFO - 正在下载第 122/195 页...
2025-12-25 03:15:07 - mkk_comic - app.py:582 - INFO - 正在下载第 123/195 页...
2025-12-25 03:15:07 - mkk_comic - app.py:582 - INFO - 正在下载第 124/195 页...
2025-12-25 03:15:07 - mkk_comic - app.py:582 - INFO - 正在下载第 125/195 页...
2025-12-25 03:15:07 - mkk_comic - app.py:582 - INFO - 正在下载第 126/195 页...
2025-12-25 03:15:07 - mkk_comic - app.py:582 - INFO - 正在下载第 127/195 页...
2025-12-25 03:15:07 - mkk_comic - app.py:582 - INFO - 正在下载第 128/195 页...
2025-12-25 03:15:07 - mkk_comic - app.py:582 - INFO - 正在下载第 129/195 页...
2025-12-25 03:15:07 - mkk_comic - app.py:582 - INFO - 正在下载第 130/195 页...
2025-12-25 03:15:07 - mkk_comic - app.py:582 - INFO - 正在下载第 131/195 页...
2025-12-25 03:15:07 - mkk_comic - app.py:582 - INFO - 正在下载第 132/195 页...
2025-12-25 03:15:07 - mkk_comic - app.py:582 - INFO - 正在下载第 133/195 页...
2025-12-25 03:15:07 - mkk_comic - app.py:582 - INFO - 正在下载第 134/195 页...
2025-12-25 03:15:07 - mkk_comic - app.py:582 - INFO - 正在下载第 135/195 页...
2025-12-25 03:15:07 - mkk_comic - app.py:582 - INFO - 正在下载第 136/195 页...
2025-12-25 03:15:07 - mkk_comic - app.py:582 - INFO - 正在下载第 137/195 页...
2025-12-25 03:15:07 - mkk_comic - app.py:582 - INFO - 正在下载第 138/195 页...
2025-12-25 03:15:07 - mkk_comic - app.py:582 - INFO - 正在下载第 139/195 页...
2025-12-25 03:15:07 - mkk_comic - app.py:582 - INFO - 正在下载第 140/195 页...
2025-12-25 03:15:07 - mkk_comic - app.py:582 - INFO - 正在下载第 141/195 页...
2025-12-25 03:15:07 - mkk_comic - app.py:582 - INFO - 正在下载第 142/195 页...
2025-12-25 03:15:07 - mkk_comic - app.py:582 - INFO - 正在下载第 143/195 页...
2025-12-25 03:15:07 - mkk_comic - app.py:582 - INFO - 正在下载第 144/195 页...
2025-12-25 03:15:07 - mkk_comic - app.py:582 - INFO - 正在下载第 145/195 页...
2025-12-25 03:15:07 - mkk_comic - app.py:582 - INFO - 正在下载第 146/195 页...
2025-12-25 03:15:07 - mkk_comic - app.py:582 - INFO - 正在下载第 147/195 页...
2025-12-25 03:15:07 - mkk_comic - app.py:582 - INFO - 正在下载第 148/195 页...
2025-12-25 03:15:07 - mkk_comic - app.py:582 - INFO - 正在下载第 149/195 页...
2025-12-25 03:15:07 - mkk_comic - app.py:582 - INFO - 正在下载第 150/195 页...
2025-12-25 03:15:07 - mkk_comic - app.py:582 - INFO - 正在下载第 151/195 页...
2025-12-25 03:15:07 - mkk_comic - app.py:582 - INFO - 正在下载第 152/195 页...
2025-12-25 03:15:07 - mkk_comic - app.py:582 - INFO - 正在下载第 153/195 页...
2025-12-25 03:15:07 - mkk_comic - app.py:582 - INFO - 正在下载第 154/195 页...
2025-12-25 03:15:07 - mkk_comic - app.py:582 - INFO - 正在下载第 155/195 页...
2025-12-25 03:15:07 - mkk_comic - app.py:582 - INFO - 正在下载第 156/195 页...
2025-12-25 03:15:07 - mkk_comic - app.py:582 - INFO - 正在下载第 157/195 页...
2025-12-25 03:15:07 - mkk_comic - app.py:582 - INFO - 正在下载第 158/195 页...
2025-12-25 03:15:07 - mkk_comic - app.py:582 - INFO - 正在下载第 159/195 页...
2025-12-25 03:15:07 - mkk_comic - app.py:582 - INFO - 正在下载第 160/195 页...
2025-12-25 03:15:07 - mkk_comic - app.py:582 - INFO - 正在下载第 161/195 页...
2025-12-25 03:15:07 - mkk_comic - app.py:582 - INFO - 正在下载第 162/195 页...
2025-12-25 03:15:07 - mkk_comic - app.py:582 - INFO - 正在下载第 163/195 页...
2025-12-25 03:15:07 - mkk_comic - app.py:582 - INFO - 正在下载第 164/195 页...
2025-12-25 03:15:07 - mkk_comic - app.py:582 - INFO - 正在下载第 165/195 页...
2025-12-25 03:15:07 - mkk_comic - app.py:582 - INFO - 正在下载第 166/195 页...
2025-12-25 03:15:08 - mkk_comic - app.py:582 - INFO - 正在下载第 167/195 页...
2025-12-25 03:15:08 - mkk_comic - app.py:582 - INFO - 正在下载第 168/195 页...
2025-12-25 03:15:08 - mkk_comic - app.py:582 - INFO - 正在下载第 169/195 页...
2025-12-25 03:15:08 - mkk_comic - app.py:582 - INFO - 正在下载第 170/195 页...
2025-12-25 03:15:08 - mkk_comic - app.py:582 - INFO - 正在下载第 171/195 页...
2025-12-25 03:15:08 - mkk_comic - app.py:582 - INFO - 正在下载第 172/195 页...
2025-12-25 03:15:08 - mkk_comic - app.py:582 - INFO - 正在下载第 173/195 页...
2025-12-25 03:15:08 - mkk_comic - app.py:582 - INFO - 正在下载第 174/195 页...
2025-12-25 03:15:08 - mkk_comic - app.py:582 - INFO - 正在下载第 175/195 页...
2025-12-25 03:15:08 - mkk_comic - app.py:582 - INFO - 正在下载第 176/195 页...
2025-12-25 03:15:08 - mkk_comic - app.py:582 - INFO - 正在下载第 177/195 页...
2025-12-25 03:15:08 - mkk_comic - app.py:582 - INFO - 正在下载第 178/195 页...
2025-12-25 03:15:08 - mkk_comic - app.py:582 - INFO - 正在下载第 179/195 页...
2025-12-25 03:15:08 - mkk_comic - app.py:582 - INFO - 正在下载第 180/195 页...
2025-12-25 03:15:08 - mkk_comic - app.py:582 - INFO - 正在下载第 181/195 页...
2025-12-25 03:15:08 - mkk_comic - app.py:582 - INFO - 正在下载第 182/195 页...
2025-12-25 03:15:08 - mkk_comic - app.py:582 - INFO - 正在下载第 183/195 页...
2025-12-25 03:15:08 - mkk_comic - app.py:582 - INFO - 正在下载第 184/195 页...
2025-12-25 03:15:08 - mkk_comic - app.py:582 - INFO - 正在下载第 185/195 页...
2025-12-25 03:15:08 - mkk_comic - app.py:582 - INFO - 正在下载第 186/195 页...
2025-12-25 03:15:08 - mkk_comic - app.py:582 - INFO - 正在下载第 187/195 页...
2025-12-25 03:15:08 - mkk_comic - app.py:582 - INFO - 正在下载第 188/195 页...
2025-12-25 03:15:08 - mkk_comic - app.py:582 - INFO - 正在下载第 189/195 页...
2025-12-25 03:15:08 - mkk_comic - app.py:582 - INFO - 正在下载第 190/195 页...
2025-12-25 03:15:08 - mkk_comic - app.py:582 - INFO - 正在下载第 191/195 页...
2025-12-25 03:15:08 - mkk_comic - app.py:582 - INFO - 正在下载第 192/195 页...
2025-12-25 03:15:08 - mkk_comic - app.py:582 - INFO - 正在下载第 193/195 页...
2025-12-25 03:15:08 - mkk_comic - app.py:582 - INFO - 正在下载第 194/195 页...
2025-12-25 03:15:08 - mkk_comic - app.py:582 - INFO - 正在下载第 195/195 页...
2025-12-25 03:15:08 - mkk_comic - app.py:511 - INFO - 下载完成!
2025-12-25 03:15:08 - mkk_comic - app.py:512 - INFO - 成功下载: 195/195 页
2025-12-25 03:15:09 - mkk_comic - app.py:494 - INFO - 正在下载第29章: 29卷    UUID:5055de51-c7be-11e8-881c-024352452ce0
2025-12-25 03:15:10 - mkk_comic - app.py:502 - INFO - 创建目录: ./out/海贼王/29卷
2025-12-25 03:15:10 - mkk_comic - app.py:505 - INFO - 开始下载: 海贼王 - 29卷
2025-12-25 03:15:10 - mkk_comic - app.py:506 - INFO - 总页数: 232
2025-12-25 03:15:10 - mkk_comic - app.py:582 - INFO - 正在下载第 001/232 页...
2025-12-25 03:15:10 - mkk_comic - app.py:582 - INFO - 正在下载第 002/232 页...
2025-12-25 03:15:10 - mkk_comic - app.py:582 - INFO - 正在下载第 003/232 页...
2025-12-25 03:15:10 - mkk_comic - app.py:582 - INFO - 正在下载第 004/232 页...
2025-12-25 03:15:10 - mkk_comic - app.py:582 - INFO - 正在下载第 005/232 页...
2025-12-25 03:15:10 - mkk_comic - app.py:582 - INFO - 正在下载第 006/232 页...
2025-12-25 03:15:10 - mkk_comic - app.py:582 - INFO - 正在下载第 007/232 页...
2025-12-25 03:15:10 - mkk_comic - app.py:582 - INFO - 正在下载第 008/232 页...
2025-12-25 03:15:10 - mkk_comic - app.py:582 - INFO - 正在下载第 009/232 页...
2025-12-25 03:15:10 - mkk_comic - app.py:582 - INFO - 正在下载第 010/232 页...
2025-12-25 03:15:10 - mkk_comic - app.py:582 - INFO - 正在下载第 011/232 页...
2025-12-25 03:15:10 - mkk_comic - app.py:582 - INFO - 正在下载第 012/232 页...
2025-12-25 03:15:10 - mkk_comic - app.py:582 - INFO - 正在下载第 013/232 页...
2025-12-25 03:15:10 - mkk_comic - app.py:582 - INFO - 正在下载第 014/232 页...
2025-12-25 03:15:10 - mkk_comic - app.py:582 - INFO - 正在下载第 015/232 页...
2025-12-25 03:15:10 - mkk_comic - app.py:582 - INFO - 正在下载第 016/232 页...
2025-12-25 03:15:10 - mkk_comic - app.py:582 - INFO - 正在下载第 017/232 页...
2025-12-25 03:15:10 - mkk_comic - app.py:582 - INFO - 正在下载第 018/232 页...
2025-12-25 03:15:10 - mkk_comic - app.py:582 - INFO - 正在下载第 019/232 页...
2025-12-25 03:15:10 - mkk_comic - app.py:582 - INFO - 正在下载第 020/232 页...
2025-12-25 03:15:10 - mkk_comic - app.py:582 - INFO - 正在下载第 021/232 页...
2025-12-25 03:15:10 - mkk_comic - app.py:582 - INFO - 正在下载第 022/232 页...
2025-12-25 03:15:10 - mkk_comic - app.py:582 - INFO - 正在下载第 023/232 页...
2025-12-25 03:15:10 - mkk_comic - app.py:582 - INFO - 正在下载第 024/232 页...
2025-12-25 03:15:10 - mkk_comic - app.py:582 - INFO - 正在下载第 025/232 页...
2025-12-25 03:15:10 - mkk_comic - app.py:582 - INFO - 正在下载第 026/232 页...
2025-12-25 03:15:10 - mkk_comic - app.py:582 - INFO - 正在下载第 027/232 页...
2025-12-25 03:15:10 - mkk_comic - app.py:582 - INFO - 正在下载第 028/232 页...
2025-12-25 03:15:10 - mkk_comic - app.py:582 - INFO - 正在下载第 029/232 页...
2025-12-25 03:15:10 - mkk_comic - app.py:582 - INFO - 正在下载第 030/232 页...
2025-12-25 03:15:10 - mkk_comic - app.py:582 - INFO - 正在下载第 031/232 页...
2025-12-25 03:15:10 - mkk_comic - app.py:582 - INFO - 正在下载第 032/232 页...
2025-12-25 03:15:10 - mkk_comic - app.py:582 - INFO - 正在下载第 033/232 页...
2025-12-25 03:15:10 - mkk_comic - app.py:582 - INFO - 正在下载第 034/232 页...
2025-12-25 03:15:10 - mkk_comic - app.py:582 - INFO - 正在下载第 035/232 页...
2025-12-25 03:15:10 - mkk_comic - app.py:582 - INFO - 正在下载第 036/232 页...
2025-12-25 03:15:10 - mkk_comic - app.py:582 - INFO - 正在下载第 037/232 页...
2025-12-25 03:15:10 - mkk_comic - app.py:582 - INFO - 正在下载第 038/232 页...
2025-12-25 03:15:10 - mkk_comic - app.py:582 - INFO - 正在下载第 039/232 页...
2025-12-25 03:15:11 - mkk_comic - app.py:582 - INFO - 正在下载第 040/232 页...
2025-12-25 03:15:11 - mkk_comic - app.py:582 - INFO - 正在下载第 041/232 页...
2025-12-25 03:15:11 - mkk_comic - app.py:582 - INFO - 正在下载第 042/232 页...
2025-12-25 03:15:11 - mkk_comic - app.py:582 - INFO - 正在下载第 043/232 页...
2025-12-25 03:15:11 - mkk_comic - app.py:582 - INFO - 正在下载第 044/232 页...
2025-12-25 03:15:11 - mkk_comic - app.py:582 - INFO - 正在下载第 045/232 页...
2025-12-25 03:15:11 - mkk_comic - app.py:582 - INFO - 正在下载第 046/232 页...
2025-12-25 03:15:11 - mkk_comic - app.py:582 - INFO - 正在下载第 047/232 页...
2025-12-25 03:15:11 - mkk_comic - app.py:582 - INFO - 正在下载第 048/232 页...
2025-12-25 03:15:11 - mkk_comic - app.py:582 - INFO - 正在下载第 049/232 页...
2025-12-25 03:15:11 - mkk_comic - app.py:582 - INFO - 正在下载第 050/232 页...
2025-12-25 03:15:11 - mkk_comic - app.py:582 - INFO - 正在下载第 051/232 页...
2025-12-25 03:15:11 - mkk_comic - app.py:582 - INFO - 正在下载第 052/232 页...
2025-12-25 03:15:11 - mkk_comic - app.py:582 - INFO - 正在下载第 053/232 页...
2025-12-25 03:15:11 - mkk_comic - app.py:582 - INFO - 正在下载第 054/232 页...
2025-12-25 03:15:11 - mkk_comic - app.py:582 - INFO - 正在下载第 055/232 页...
2025-12-25 03:15:11 - mkk_comic - app.py:582 - INFO - 正在下载第 056/232 页...
2025-12-25 03:15:11 - mkk_comic - app.py:582 - INFO - 正在下载第 057/232 页...
2025-12-25 03:15:11 - mkk_comic - app.py:582 - INFO - 正在下载第 058/232 页...
2025-12-25 03:15:11 - mkk_comic - app.py:582 - INFO - 正在下载第 059/232 页...
2025-12-25 03:15:11 - mkk_comic - app.py:582 - INFO - 正在下载第 060/232 页...
2025-12-25 03:15:11 - mkk_comic - app.py:582 - INFO - 正在下载第 061/232 页...
2025-12-25 03:15:11 - mkk_comic - app.py:582 - INFO - 正在下载第 062/232 页...
2025-12-25 03:15:11 - mkk_comic - app.py:582 - INFO - 正在下载第 063/232 页...
2025-12-25 03:15:11 - mkk_comic - app.py:582 - INFO - 正在下载第 064/232 页...
2025-12-25 03:15:11 - mkk_comic - app.py:582 - INFO - 正在下载第 065/232 页...
2025-12-25 03:15:11 - mkk_comic - app.py:582 - INFO - 正在下载第 066/232 页...
2025-12-25 03:15:12 - mkk_comic - app.py:582 - INFO - 正在下载第 067/232 页...
2025-12-25 03:15:12 - mkk_comic - app.py:582 - INFO - 正在下载第 068/232 页...
2025-12-25 03:15:12 - mkk_comic - app.py:582 - INFO - 正在下载第 069/232 页...
2025-12-25 03:15:12 - mkk_comic - app.py:582 - INFO - 正在下载第 070/232 页...
2025-12-25 03:15:12 - mkk_comic - app.py:582 - INFO - 正在下载第 071/232 页...
2025-12-25 03:15:12 - mkk_comic - app.py:582 - INFO - 正在下载第 072/232 页...
2025-12-25 03:15:12 - mkk_comic - app.py:582 - INFO - 正在下载第 073/232 页...
2025-12-25 03:15:12 - mkk_comic - app.py:582 - INFO - 正在下载第 074/232 页...
2025-12-25 03:15:12 - mkk_comic - app.py:582 - INFO - 正在下载第 075/232 页...
2025-12-25 03:15:12 - mkk_comic - app.py:582 - INFO - 正在下载第 076/232 页...
2025-12-25 03:15:12 - mkk_comic - app.py:582 - INFO - 正在下载第 077/232 页...
2025-12-25 03:15:12 - mkk_comic - app.py:582 - INFO - 正在下载第 078/232 页...
2025-12-25 03:15:12 - mkk_comic - app.py:582 - INFO - 正在下载第 079/232 页...
2025-12-25 03:15:12 - mkk_comic - app.py:582 - INFO - 正在下载第 080/232 页...
2025-12-25 03:15:12 - mkk_comic - app.py:582 - INFO - 正在下载第 081/232 页...
2025-12-25 03:15:12 - mkk_comic - app.py:582 - INFO - 正在下载第 082/232 页...
2025-12-25 03:15:12 - mkk_comic - app.py:582 - INFO - 正在下载第 083/232 页...
2025-12-25 03:15:12 - mkk_comic - app.py:582 - INFO - 正在下载第 084/232 页...
2025-12-25 03:15:12 - mkk_comic - app.py:582 - INFO - 正在下载第 085/232 页...
2025-12-25 03:15:12 - mkk_comic - app.py:582 - INFO - 正在下载第 086/232 页...
2025-12-25 03:15:12 - mkk_comic - app.py:582 - INFO - 正在下载第 087/232 页...
2025-12-25 03:15:12 - mkk_comic - app.py:582 - INFO - 正在下载第 088/232 页...
2025-12-25 03:15:12 - mkk_comic - app.py:582 - INFO - 正在下载第 089/232 页...
2025-12-25 03:15:12 - mkk_comic - app.py:582 - INFO - 正在下载第 090/232 页...
2025-12-25 03:15:12 - mkk_comic - app.py:582 - INFO - 正在下载第 091/232 页...
2025-12-25 03:15:12 - mkk_comic - app.py:582 - INFO - 正在下载第 092/232 页...
2025-12-25 03:15:12 - mkk_comic - app.py:582 - INFO - 正在下载第 093/232 页...
2025-12-25 03:15:12 - mkk_comic - app.py:582 - INFO - 正在下载第 094/232 页...
2025-12-25 03:15:12 - mkk_comic - app.py:582 - INFO - 正在下载第 095/232 页...
2025-12-25 03:15:12 - mkk_comic - app.py:582 - INFO - 正在下载第 096/232 页...
2025-12-25 03:15:12 - mkk_comic - app.py:582 - INFO - 正在下载第 097/232 页...
2025-12-25 03:15:12 - mkk_comic - app.py:582 - INFO - 正在下载第 098/232 页...
2025-12-25 03:15:12 - mkk_comic - app.py:582 - INFO - 正在下载第 099/232 页...
2025-12-25 03:15:12 - mkk_comic - app.py:582 - INFO - 正在下载第 100/232 页...
2025-12-25 03:15:12 - mkk_comic - app.py:582 - INFO - 正在下载第 101/232 页...
2025-12-25 03:15:12 - mkk_comic - app.py:582 - INFO - 正在下载第 102/232 页...
2025-12-25 03:15:12 - mkk_comic - app.py:582 - INFO - 正在下载第 103/232 页...
2025-12-25 03:15:12 - mkk_comic - app.py:582 - INFO - 正在下载第 104/232 页...
2025-12-25 03:15:12 - mkk_comic - app.py:582 - INFO - 正在下载第 105/232 页...
2025-12-25 03:15:12 - mkk_comic - app.py:582 - INFO - 正在下载第 106/232 页...
2025-12-25 03:15:12 - mkk_comic - app.py:582 - INFO - 正在下载第 107/232 页...
2025-12-25 03:15:12 - mkk_comic - app.py:582 - INFO - 正在下载第 108/232 页...
2025-12-25 03:15:12 - mkk_comic - app.py:582 - INFO - 正在下载第 109/232 页...
2025-12-25 03:15:12 - mkk_comic - app.py:582 - INFO - 正在下载第 110/232 页...
2025-12-25 03:15:12 - mkk_comic - app.py:582 - INFO - 正在下载第 111/232 页...
2025-12-25 03:15:12 - mkk_comic - app.py:582 - INFO - 正在下载第 112/232 页...
2025-12-25 03:15:12 - mkk_comic - app.py:582 - INFO - 正在下载第 113/232 页...
2025-12-25 03:15:12 - mkk_comic - app.py:582 - INFO - 正在下载第 114/232 页...
2025-12-25 03:15:12 - mkk_comic - app.py:582 - INFO - 正在下载第 115/232 页...
2025-12-25 03:15:12 - mkk_comic - app.py:582 - INFO - 正在下载第 116/232 页...
2025-12-25 03:15:12 - mkk_comic - app.py:582 - INFO - 正在下载第 117/232 页...
2025-12-25 03:15:12 - mkk_comic - app.py:582 - INFO - 正在下载第 118/232 页...
2025-12-25 03:15:12 - mkk_comic - app.py:582 - INFO - 正在下载第 119/232 页...
2025-12-25 03:15:13 - mkk_comic - app.py:582 - INFO - 正在下载第 120/232 页...
2025-12-25 03:15:13 - mkk_comic - app.py:582 - INFO - 正在下载第 121/232 页...
2025-12-25 03:15:13 - mkk_comic - app.py:582 - INFO - 正在下载第 122/232 页...
2025-12-25 03:15:13 - mkk_comic - app.py:582 - INFO - 正在下载第 123/232 页...
2025-12-25 03:15:13 - mkk_comic - app.py:582 - INFO - 正在下载第 124/232 页...
2025-12-25 03:15:13 - mkk_comic - app.py:582 - INFO - 正在下载第 125/232 页...
2025-12-25 03:15:13 - mkk_comic - app.py:582 - INFO - 正在下载第 126/232 页...
2025-12-25 03:15:13 - mkk_comic - app.py:582 - INFO - 正在下载第 127/232 页...
2025-12-25 03:15:13 - mkk_comic - app.py:582 - INFO - 正在下载第 128/232 页...
2025-12-25 03:15:13 - mkk_comic - app.py:582 - INFO - 正在下载第 129/232 页...
2025-12-25 03:15:13 - mkk_comic - app.py:582 - INFO - 正在下载第 130/232 页...
2025-12-25 03:15:13 - mkk_comic - app.py:582 - INFO - 正在下载第 131/232 页...
2025-12-25 03:15:13 - mkk_comic - app.py:582 - INFO - 正在下载第 132/232 页...
2025-12-25 03:15:13 - mkk_comic - app.py:582 - INFO - 正在下载第 133/232 页...
2025-12-25 03:15:13 - mkk_comic - app.py:582 - INFO - 正在下载第 134/232 页...
2025-12-25 03:15:13 - mkk_comic - app.py:582 - INFO - 正在下载第 135/232 页...
2025-12-25 03:15:13 - mkk_comic - app.py:582 - INFO - 正在下载第 136/232 页...
2025-12-25 03:15:13 - mkk_comic - app.py:582 - INFO - 正在下载第 137/232 页...
2025-12-25 03:15:13 - mkk_comic - app.py:582 - INFO - 正在下载第 138/232 页...
2025-12-25 03:15:13 - mkk_comic - app.py:582 - INFO - 正在下载第 139/232 页...
2025-12-25 03:15:13 - mkk_comic - app.py:582 - INFO - 正在下载第 140/232 页...
2025-12-25 03:15:13 - mkk_comic - app.py:582 - INFO - 正在下载第 141/232 页...
2025-12-25 03:15:13 - mkk_comic - app.py:582 - INFO - 正在下载第 142/232 页...
2025-12-25 03:15:13 - mkk_comic - app.py:582 - INFO - 正在下载第 143/232 页...
2025-12-25 03:15:13 - mkk_comic - app.py:582 - INFO - 正在下载第 144/232 页...
2025-12-25 03:15:13 - mkk_comic - app.py:582 - INFO - 正在下载第 145/232 页...
2025-12-25 03:15:13 - mkk_comic - app.py:582 - INFO - 正在下载第 146/232 页...
2025-12-25 03:15:13 - mkk_comic - app.py:582 - INFO - 正在下载第 147/232 页...
2025-12-25 03:15:13 - mkk_comic - app.py:582 - INFO - 正在下载第 148/232 页...
2025-12-25 03:15:13 - mkk_comic - app.py:582 - INFO - 正在下载第 149/232 页...
2025-12-25 03:15:13 - mkk_comic - app.py:582 - INFO - 正在下载第 150/232 页...
2025-12-25 03:15:13 - mkk_comic - app.py:582 - INFO - 正在下载第 151/232 页...
2025-12-25 03:15:13 - mkk_comic - app.py:582 - INFO - 正在下载第 152/232 页...
2025-12-25 03:15:13 - mkk_comic - app.py:582 - INFO - 正在下载第 153/232 页...
2025-12-25 03:15:13 - mkk_comic - app.py:582 - INFO - 正在下载第 154/232 页...
2025-12-25 03:15:13 - mkk_comic - app.py:582 - INFO - 正在下载第 155/232 页...
2025-12-25 03:15:13 - mkk_comic - app.py:582 - INFO - 正在下载第 156/232 页...
2025-12-25 03:15:13 - mkk_comic - app.py:582 - INFO - 正在下载第 157/232 页...
2025-12-25 03:15:13 - mkk_comic - app.py:582 - INFO - 正在下载第 158/232 页...
2025-12-25 03:15:13 - mkk_comic - app.py:582 - INFO - 正在下载第 159/232 页...
2025-12-25 03:15:13 - mkk_comic - app.py:582 - INFO - 正在下载第 160/232 页...
2025-12-25 03:15:13 - mkk_comic - app.py:582 - INFO - 正在下载第 161/232 页...
2025-12-25 03:15:13 - mkk_comic - app.py:582 - INFO - 正在下载第 162/232 页...
2025-12-25 03:15:13 - mkk_comic - app.py:582 - INFO - 正在下载第 163/232 页...
2025-12-25 03:15:13 - mkk_comic - app.py:582 - INFO - 正在下载第 164/232 页...
2025-12-25 03:15:13 - mkk_comic - app.py:582 - INFO - 正在下载第 165/232 页...
2025-12-25 03:15:13 - mkk_comic - app.py:582 - INFO - 正在下载第 166/232 页...
2025-12-25 03:15:13 - mkk_comic - app.py:582 - INFO - 正在下载第 167/232 页...
2025-12-25 03:15:13 - mkk_comic - app.py:582 - INFO - 正在下载第 168/232 页...
2025-12-25 03:15:13 - mkk_comic - app.py:582 - INFO - 正在下载第 169/232 页...
2025-12-25 03:15:13 - mkk_comic - app.py:582 - INFO - 正在下载第 170/232 页...
2025-12-25 03:15:13 - mkk_comic - app.py:582 - INFO - 正在下载第 171/232 页...
2025-12-25 03:15:13 - mkk_comic - app.py:582 - INFO - 正在下载第 172/232 页...
2025-12-25 03:15:13 - mkk_comic - app.py:582 - INFO - 正在下载第 173/232 页...
2025-12-25 03:15:14 - mkk_comic - app.py:582 - INFO - 正在下载第 174/232 页...
2025-12-25 03:15:14 - mkk_comic - app.py:582 - INFO - 正在下载第 175/232 页...
2025-12-25 03:15:14 - mkk_comic - app.py:582 - INFO - 正在下载第 176/232 页...
2025-12-25 03:15:14 - mkk_comic - app.py:582 - INFO - 正在下载第 177/232 页...
2025-12-25 03:15:14 - mkk_comic - app.py:582 - INFO - 正在下载第 178/232 页...
2025-12-25 03:15:14 - mkk_comic - app.py:582 - INFO - 正在下载第 179/232 页...
2025-12-25 03:15:14 - mkk_comic - app.py:582 - INFO - 正在下载第 180/232 页...
2025-12-25 03:15:14 - mkk_comic - app.py:582 - INFO - 正在下载第 181/232 页...
2025-12-25 03:15:14 - mkk_comic - app.py:582 - INFO - 正在下载第 182/232 页...
2025-12-25 03:15:14 - mkk_comic - app.py:582 - INFO - 正在下载第 183/232 页...
2025-12-25 03:15:14 - mkk_comic - app.py:582 - INFO - 正在下载第 184/232 页...
2025-12-25 03:15:14 - mkk_comic - app.py:582 - INFO - 正在下载第 185/232 页...
2025-12-25 03:15:14 - mkk_comic - app.py:582 - INFO - 正在下载第 186/232 页...
2025-12-25 03:15:14 - mkk_comic - app.py:582 - INFO - 正在下载第 187/232 页...
2025-12-25 03:15:14 - mkk_comic - app.py:582 - INFO - 正在下载第 188/232 页...
2025-12-25 03:15:14 - mkk_comic - app.py:582 - INFO - 正在下载第 189/232 页...
2025-12-25 03:15:14 - mkk_comic - app.py:582 - INFO - 正在下载第 190/232 页...
2025-12-25 03:15:14 - mkk_comic - app.py:582 - INFO - 正在下载第 191/232 页...
2025-12-25 03:15:14 - mkk_comic - app.py:582 - INFO - 正在下载第 192/232 页...
2025-12-25 03:15:14 - mkk_comic - app.py:582 - INFO - 正在下载第 193/232 页...
2025-12-25 03:15:14 - mkk_comic - app.py:582 - INFO - 正在下载第 194/232 页...
2025-12-25 03:15:14 - mkk_comic - app.py:582 - INFO - 正在下载第 195/232 页...
2025-12-25 03:15:14 - mkk_comic - app.py:582 - INFO - 正在下载第 196/232 页...
2025-12-25 03:15:14 - mkk_comic - app.py:582 - INFO - 正在下载第 197/232 页...
2025-12-25 03:15:14 - mkk_comic - app.py:582 - INFO - 正在下载第 198/232 页...
2025-12-25 03:15:14 - mkk_comic - app.py:582 - INFO - 正在下载第 199/232 页...
2025-12-25 03:15:14 - mkk_comic - app.py:582 - INFO - 正在下载第 200/232 页...
2025-12-25 03:15:14 - mkk_comic - app.py:582 - INFO - 正在下载第 201/232 页...
2025-12-25 03:15:14 - mkk_comic - app.py:582 - INFO - 正在下载第 202/232 页...
2025-12-25 03:15:14 - mkk_comic - app.py:582 - INFO - 正在下载第 203/232 页...
2025-12-25 03:15:14 - mkk_comic - app.py:582 - INFO - 正在下载第 204/232 页...
2025-12-25 03:15:14 - mkk_comic - app.py:582 - INFO - 正在下载第 205/232 页...
2025-12-25 03:15:14 - mkk_comic - app.py:582 - INFO - 正在下载第 206/232 页...
2025-12-25 03:15:14 - mkk_comic - app.py:582 - INFO - 正在下载第 207/232 页...
2025-12-25 03:15:14 - mkk_comic - app.py:582 - INFO - 正在下载第 208/232 页...
2025-12-25 03:15:14 - mkk_comic - app.py:582 - INFO - 正在下载第 209/232 页...
2025-12-25 03:15:14 - mkk_comic - app.py:582 - INFO - 正在下载第 210/232 页...
2025-12-25 03:15:14 - mkk_comic - app.py:582 - INFO - 正在下载第 211/232 页...
2025-12-25 03:15:14 - mkk_comic - app.py:582 - INFO - 正在下载第 212/232 页...
2025-12-25 03:15:14 - mkk_comic - app.py:582 - INFO - 正在下载第 213/232 页...
2025-12-25 03:15:14 - mkk_comic - app.py:582 - INFO - 正在下载第 214/232 页...
2025-12-25 03:15:14 - mkk_comic - app.py:582 - INFO - 正在下载第 215/232 页...
2025-12-25 03:15:14 - mkk_comic - app.py:582 - INFO - 正在下载第 216/232 页...
2025-12-25 03:15:14 - mkk_comic - app.py:582 - INFO - 正在下载第 217/232 页...
2025-12-25 03:15:14 - mkk_comic - app.py:582 - INFO - 正在下载第 218/232 页...
2025-12-25 03:15:14 - mkk_comic - app.py:582 - INFO - 正在下载第 219/232 页...
2025-12-25 03:15:14 - mkk_comic - app.py:582 - INFO - 正在下载第 220/232 页...
2025-12-25 03:15:14 - mkk_comic - app.py:582 - INFO - 正在下载第 221/232 页...
2025-12-25 03:15:14 - mkk_comic - app.py:582 - INFO - 正在下载第 222/232 页...
2025-12-25 03:15:14 - mkk_comic - app.py:582 - INFO - 正在下载第 223/232 页...
2025-12-25 03:15:14 - mkk_comic - app.py:582 - INFO - 正在下载第 224/232 页...
2025-12-25 03:15:14 - mkk_comic - app.py:582 - INFO - 正在下载第 225/232 页...
2025-12-25 03:15:14 - mkk_comic - app.py:582 - INFO - 正在下载第 226/232 页...
2025-12-25 03:15:14 - mkk_comic - app.py:582 - INFO - 正在下载第 227/232 页...
2025-12-25 03:15:14 - mkk_comic - app.py:582 - INFO - 正在下载第 228/232 页...
2025-12-25 03:15:14 - mkk_comic - app.py:582 - INFO - 正在下载第 229/232 页...
2025-12-25 03:15:14 - mkk_comic - app.py:582 - INFO - 正在下载第 230/232 页...
2025-12-25 03:15:15 - mkk_comic - app.py:582 - INFO - 正在下载第 231/232 页...
2025-12-25 03:15:15 - mkk_comic - app.py:582 - INFO - 正在下载第 232/232 页...
2025-12-25 03:15:15 - mkk_comic - app.py:511 - INFO - 下载完成!
2025-12-25 03:15:15 - mkk_comic - app.py:512 - INFO - 成功下载: 232/232 页
2025-12-25 03:15:15 - mkk_comic - app.py:494 - INFO - 正在下载第30章: 30卷    UUID:011a012e-c7be-11e8-881b-024352452ce0
2025-12-25 03:15:16 - mkk_comic - app.py:502 - INFO - 创建目录: ./out/海贼王/30卷
2025-12-25 03:15:16 - mkk_comic - app.py:505 - INFO - 开始下载: 海贼王 - 30卷
2025-12-25 03:15:16 - mkk_comic - app.py:506 - INFO - 总页数: 207
2025-12-25 03:15:16 - mkk_comic - app.py:582 - INFO - 正在下载第 001/207 页...
2025-12-25 03:15:16 - mkk_comic - app.py:582 - INFO - 正在下载第 002/207 页...
2025-12-25 03:15:16 - mkk_comic - app.py:582 - INFO - 正在下载第 003/207 页...
2025-12-25 03:15:16 - mkk_comic - app.py:582 - INFO - 正在下载第 004/207 页...
2025-12-25 03:15:16 - mkk_comic - app.py:582 - INFO - 正在下载第 005/207 页...
2025-12-25 03:15:16 - mkk_comic - app.py:582 - INFO - 正在下载第 006/207 页...
2025-12-25 03:15:16 - mkk_comic - app.py:582 - INFO - 正在下载第 007/207 页...
2025-12-25 03:15:16 - mkk_comic - app.py:582 - INFO - 正在下载第 008/207 页...
2025-12-25 03:15:16 - mkk_comic - app.py:582 - INFO - 正在下载第 009/207 页...
2025-12-25 03:15:16 - mkk_comic - app.py:582 - INFO - 正在下载第 010/207 页...
2025-12-25 03:15:16 - mkk_comic - app.py:582 - INFO - 正在下载第 011/207 页...
2025-12-25 03:15:16 - mkk_comic - app.py:582 - INFO - 正在下载第 012/207 页...
2025-12-25 03:15:16 - mkk_comic - app.py:582 - INFO - 正在下载第 013/207 页...
2025-12-25 03:15:16 - mkk_comic - app.py:582 - INFO - 正在下载第 014/207 页...
2025-12-25 03:15:16 - mkk_comic - app.py:582 - INFO - 正在下载第 015/207 页...
2025-12-25 03:15:16 - mkk_comic - app.py:582 - INFO - 正在下载第 016/207 页...
2025-12-25 03:15:16 - mkk_comic - app.py:582 - INFO - 正在下载第 017/207 页...
2025-12-25 03:15:16 - mkk_comic - app.py:582 - INFO - 正在下载第 018/207 页...
2025-12-25 03:15:16 - mkk_comic - app.py:582 - INFO - 正在下载第 019/207 页...
2025-12-25 03:15:16 - mkk_comic - app.py:582 - INFO - 正在下载第 020/207 页...
2025-12-25 03:15:16 - mkk_comic - app.py:582 - INFO - 正在下载第 021/207 页...
2025-12-25 03:15:16 - mkk_comic - app.py:582 - INFO - 正在下载第 022/207 页...
2025-12-25 03:15:16 - mkk_comic - app.py:582 - INFO - 正在下载第 023/207 页...
2025-12-25 03:15:16 - mkk_comic - app.py:582 - INFO - 正在下载第 024/207 页...
2025-12-25 03:15:16 - mkk_comic - app.py:582 - INFO - 正在下载第 025/207 页...
2025-12-25 03:15:16 - mkk_comic - app.py:582 - INFO - 正在下载第 026/207 页...
2025-12-25 03:15:16 - mkk_comic - app.py:582 - INFO - 正在下载第 027/207 页...
2025-12-25 03:15:16 - mkk_comic - app.py:582 - INFO - 正在下载第 028/207 页...
2025-12-25 03:15:16 - mkk_comic - app.py:582 - INFO - 正在下载第 029/207 页...
2025-12-25 03:15:16 - mkk_comic - app.py:582 - INFO - 正在下载第 030/207 页...
2025-12-25 03:15:16 - mkk_comic - app.py:582 - INFO - 正在下载第 031/207 页...
2025-12-25 03:15:16 - mkk_comic - app.py:582 - INFO - 正在下载第 032/207 页...
2025-12-25 03:15:17 - mkk_comic - app.py:582 - INFO - 正在下载第 033/207 页...
2025-12-25 03:15:17 - mkk_comic - app.py:582 - INFO - 正在下载第 034/207 页...
2025-12-25 03:15:17 - mkk_comic - app.py:582 - INFO - 正在下载第 035/207 页...
2025-12-25 03:15:17 - mkk_comic - app.py:582 - INFO - 正在下载第 036/207 页...
2025-12-25 03:15:17 - mkk_comic - app.py:582 - INFO - 正在下载第 037/207 页...
2025-12-25 03:15:17 - mkk_comic - app.py:582 - INFO - 正在下载第 038/207 页...
2025-12-25 03:15:17 - mkk_comic - app.py:582 - INFO - 正在下载第 039/207 页...
2025-12-25 03:15:17 - mkk_comic - app.py:582 - INFO - 正在下载第 040/207 页...
2025-12-25 03:15:17 - mkk_comic - app.py:582 - INFO - 正在下载第 041/207 页...
2025-12-25 03:15:17 - mkk_comic - app.py:582 - INFO - 正在下载第 042/207 页...
2025-12-25 03:15:17 - mkk_comic - app.py:582 - INFO - 正在下载第 043/207 页...
2025-12-25 03:15:17 - mkk_comic - app.py:582 - INFO - 正在下载第 044/207 页...
2025-12-25 03:15:17 - mkk_comic - app.py:582 - INFO - 正在下载第 045/207 页...
2025-12-25 03:15:17 - mkk_comic - app.py:582 - INFO - 正在下载第 046/207 页...
2025-12-25 03:15:17 - mkk_comic - app.py:582 - INFO - 正在下载第 047/207 页...
2025-12-25 03:15:17 - mkk_comic - app.py:582 - INFO - 正在下载第 048/207 页...
2025-12-25 03:15:17 - mkk_comic - app.py:582 - INFO - 正在下载第 049/207 页...
2025-12-25 03:15:17 - mkk_comic - app.py:582 - INFO - 正在下载第 050/207 页...
2025-12-25 03:15:17 - mkk_comic - app.py:582 - INFO - 正在下载第 051/207 页...
2025-12-25 03:15:17 - mkk_comic - app.py:582 - INFO - 正在下载第 052/207 页...
2025-12-25 03:15:17 - mkk_comic - app.py:582 - INFO - 正在下载第 053/207 页...
2025-12-25 03:15:17 - mkk_comic - app.py:582 - INFO - 正在下载第 054/207 页...
2025-12-25 03:15:17 - mkk_comic - app.py:582 - INFO - 正在下载第 055/207 页...
2025-12-25 03:15:17 - mkk_comic - app.py:582 - INFO - 正在下载第 056/207 页...
2025-12-25 03:15:17 - mkk_comic - app.py:582 - INFO - 正在下载第 057/207 页...
2025-12-25 03:15:17 - mkk_comic - app.py:582 - INFO - 正在下载第 058/207 页...
2025-12-25 03:15:17 - mkk_comic - app.py:582 - INFO - 正在下载第 059/207 页...
2025-12-25 03:15:17 - mkk_comic - app.py:582 - INFO - 正在下载第 060/207 页...
2025-12-25 03:15:17 - mkk_comic - app.py:582 - INFO - 正在下载第 061/207 页...
2025-12-25 03:15:17 - mkk_comic - app.py:582 - INFO - 正在下载第 062/207 页...
2025-12-25 03:15:17 - mkk_comic - app.py:582 - INFO - 正在下载第 063/207 页...
2025-12-25 03:15:17 - mkk_comic - app.py:582 - INFO - 正在下载第 064/207 页...
2025-12-25 03:15:17 - mkk_comic - app.py:582 - INFO - 正在下载第 065/207 页...
2025-12-25 03:15:17 - mkk_comic - app.py:582 - INFO - 正在下载第 066/207 页...
2025-12-25 03:15:17 - mkk_comic - app.py:582 - INFO - 正在下载第 067/207 页...
2025-12-25 03:15:17 - mkk_comic - app.py:582 - INFO - 正在下载第 068/207 页...
2025-12-25 03:15:17 - mkk_comic - app.py:582 - INFO - 正在下载第 069/207 页...
2025-12-25 03:15:17 - mkk_comic - app.py:582 - INFO - 正在下载第 070/207 页...
2025-12-25 03:15:17 - mkk_comic - app.py:582 - INFO - 正在下载第 071/207 页...
2025-12-25 03:15:17 - mkk_comic - app.py:582 - INFO - 正在下载第 072/207 页...
2025-12-25 03:15:17 - mkk_comic - app.py:582 - INFO - 正在下载第 073/207 页...
2025-12-25 03:15:17 - mkk_comic - app.py:582 - INFO - 正在下载第 074/207 页...
2025-12-25 03:15:17 - mkk_comic - app.py:582 - INFO - 正在下载第 075/207 页...
2025-12-25 03:15:17 - mkk_comic - app.py:582 - INFO - 正在下载第 076/207 页...
2025-12-25 03:15:17 - mkk_comic - app.py:582 - INFO - 正在下载第 077/207 页...
2025-12-25 03:15:17 - mkk_comic - app.py:582 - INFO - 正在下载第 078/207 页...
2025-12-25 03:15:17 - mkk_comic - app.py:582 - INFO - 正在下载第 079/207 页...
2025-12-25 03:15:17 - mkk_comic - app.py:582 - INFO - 正在下载第 080/207 页...
2025-12-25 03:15:17 - mkk_comic - app.py:582 - INFO - 正在下载第 081/207 页...
2025-12-25 03:15:17 - mkk_comic - app.py:582 - INFO - 正在下载第 082/207 页...
2025-12-25 03:15:17 - mkk_comic - app.py:582 - INFO - 正在下载第 083/207 页...
2025-12-25 03:15:17 - mkk_comic - app.py:582 - INFO - 正在下载第 084/207 页...
2025-12-25 03:15:17 - mkk_comic - app.py:582 - INFO - 正在下载第 085/207 页...
2025-12-25 03:15:17 - mkk_comic - app.py:582 - INFO - 正在下载第 086/207 页...
2025-12-25 03:15:17 - mkk_comic - app.py:582 - INFO - 正在下载第 087/207 页...
2025-12-25 03:15:18 - mkk_comic - app.py:582 - INFO - 正在下载第 088/207 页...
2025-12-25 03:15:18 - mkk_comic - app.py:582 - INFO - 正在下载第 089/207 页...
2025-12-25 03:15:18 - mkk_comic - app.py:582 - INFO - 正在下载第 090/207 页...
2025-12-25 03:15:18 - mkk_comic - app.py:582 - INFO - 正在下载第 091/207 页...
2025-12-25 03:15:18 - mkk_comic - app.py:582 - INFO - 正在下载第 092/207 页...
2025-12-25 03:15:18 - mkk_comic - app.py:582 - INFO - 正在下载第 093/207 页...
2025-12-25 03:15:18 - mkk_comic - app.py:582 - INFO - 正在下载第 094/207 页...
2025-12-25 03:15:18 - mkk_comic - app.py:582 - INFO - 正在下载第 095/207 页...
2025-12-25 03:15:18 - mkk_comic - app.py:582 - INFO - 正在下载第 096/207 页...
2025-12-25 03:15:18 - mkk_comic - app.py:582 - INFO - 正在下载第 097/207 页...
2025-12-25 03:15:18 - mkk_comic - app.py:582 - INFO - 正在下载第 098/207 页...
2025-12-25 03:15:18 - mkk_comic - app.py:582 - INFO - 正在下载第 099/207 页...
2025-12-25 03:15:18 - mkk_comic - app.py:582 - INFO - 正在下载第 100/207 页...
2025-12-25 03:15:18 - mkk_comic - app.py:582 - INFO - 正在下载第 101/207 页...
2025-12-25 03:15:18 - mkk_comic - app.py:582 - INFO - 正在下载第 102/207 页...
2025-12-25 03:15:18 - mkk_comic - app.py:582 - INFO - 正在下载第 103/207 页...
2025-12-25 03:15:18 - mkk_comic - app.py:582 - INFO - 正在下载第 104/207 页...
2025-12-25 03:15:18 - mkk_comic - app.py:582 - INFO - 正在下载第 105/207 页...
2025-12-25 03:15:18 - mkk_comic - app.py:582 - INFO - 正在下载第 106/207 页...
2025-12-25 03:15:18 - mkk_comic - app.py:582 - INFO - 正在下载第 107/207 页...
2025-12-25 03:15:18 - mkk_comic - app.py:582 - INFO - 正在下载第 108/207 页...
2025-12-25 03:15:18 - mkk_comic - app.py:582 - INFO - 正在下载第 109/207 页...
2025-12-25 03:15:18 - mkk_comic - app.py:582 - INFO - 正在下载第 110/207 页...
2025-12-25 03:15:18 - mkk_comic - app.py:582 - INFO - 正在下载第 111/207 页...
2025-12-25 03:15:18 - mkk_comic - app.py:582 - INFO - 正在下载第 112/207 页...
2025-12-25 03:15:18 - mkk_comic - app.py:582 - INFO - 正在下载第 113/207 页...
2025-12-25 03:15:18 - mkk_comic - app.py:582 - INFO - 正在下载第 114/207 页...
2025-12-25 03:15:18 - mkk_comic - app.py:582 - INFO - 正在下载第 115/207 页...
2025-12-25 03:15:18 - mkk_comic - app.py:582 - INFO - 正在下载第 116/207 页...
2025-12-25 03:15:18 - mkk_comic - app.py:582 - INFO - 正在下载第 117/207 页...
2025-12-25 03:15:18 - mkk_comic - app.py:582 - INFO - 正在下载第 118/207 页...
2025-12-25 03:15:18 - mkk_comic - app.py:582 - INFO - 正在下载第 119/207 页...
2025-12-25 03:15:18 - mkk_comic - app.py:582 - INFO - 正在下载第 120/207 页...
2025-12-25 03:15:18 - mkk_comic - app.py:582 - INFO - 正在下载第 121/207 页...
2025-12-25 03:15:18 - mkk_comic - app.py:582 - INFO - 正在下载第 122/207 页...
2025-12-25 03:15:18 - mkk_comic - app.py:582 - INFO - 正在下载第 123/207 页...
2025-12-25 03:15:18 - mkk_comic - app.py:582 - INFO - 正在下载第 124/207 页...
2025-12-25 03:15:18 - mkk_comic - app.py:582 - INFO - 正在下载第 125/207 页...
2025-12-25 03:15:18 - mkk_comic - app.py:582 - INFO - 正在下载第 126/207 页...
2025-12-25 03:15:18 - mkk_comic - app.py:582 - INFO - 正在下载第 127/207 页...
2025-12-25 03:15:18 - mkk_comic - app.py:582 - INFO - 正在下载第 128/207 页...
2025-12-25 03:15:18 - mkk_comic - app.py:582 - INFO - 正在下载第 129/207 页...
2025-12-25 03:15:18 - mkk_comic - app.py:582 - INFO - 正在下载第 130/207 页...
2025-12-25 03:15:18 - mkk_comic - app.py:582 - INFO - 正在下载第 131/207 页...
2025-12-25 03:15:18 - mkk_comic - app.py:582 - INFO - 正在下载第 132/207 页...
2025-12-25 03:15:18 - mkk_comic - app.py:582 - INFO - 正在下载第 133/207 页...
2025-12-25 03:15:18 - mkk_comic - app.py:582 - INFO - 正在下载第 134/207 页...
2025-12-25 03:15:18 - mkk_comic - app.py:582 - INFO - 正在下载第 135/207 页...
2025-12-25 03:15:18 - mkk_comic - app.py:582 - INFO - 正在下载第 136/207 页...
2025-12-25 03:15:18 - mkk_comic - app.py:582 - INFO - 正在下载第 137/207 页...
2025-12-25 03:15:18 - mkk_comic - app.py:582 - INFO - 正在下载第 138/207 页...
2025-12-25 03:15:18 - mkk_comic - app.py:582 - INFO - 正在下载第 139/207 页...
2025-12-25 03:15:18 - mkk_comic - app.py:582 - INFO - 正在下载第 140/207 页...
2025-12-25 03:15:18 - mkk_comic - app.py:582 - INFO - 正在下载第 141/207 页...
2025-12-25 03:15:18 - mkk_comic - app.py:582 - INFO - 正在下载第 142/207 页...
2025-12-25 03:15:18 - mkk_comic - app.py:582 - INFO - 正在下载第 143/207 页...
2025-12-25 03:15:18 - mkk_comic - app.py:582 - INFO - 正在下载第 144/207 页...
2025-12-25 03:15:18 - mkk_comic - app.py:582 - INFO - 正在下载第 145/207 页...
2025-12-25 03:15:19 - mkk_comic - app.py:582 - INFO - 正在下载第 146/207 页...
2025-12-25 03:15:19 - mkk_comic - app.py:582 - INFO - 正在下载第 147/207 页...
2025-12-25 03:15:19 - mkk_comic - app.py:582 - INFO - 正在下载第 148/207 页...
2025-12-25 03:15:19 - mkk_comic - app.py:582 - INFO - 正在下载第 149/207 页...
2025-12-25 03:15:19 - mkk_comic - app.py:582 - INFO - 正在下载第 150/207 页...
2025-12-25 03:15:19 - mkk_comic - app.py:582 - INFO - 正在下载第 151/207 页...
2025-12-25 03:15:19 - mkk_comic - app.py:582 - INFO - 正在下载第 152/207 页...
2025-12-25 03:15:19 - mkk_comic - app.py:582 - INFO - 正在下载第 153/207 页...
2025-12-25 03:15:19 - mkk_comic - app.py:582 - INFO - 正在下载第 154/207 页...
2025-12-25 03:15:19 - mkk_comic - app.py:582 - INFO - 正在下载第 155/207 页...
2025-12-25 03:15:19 - mkk_comic - app.py:582 - INFO - 正在下载第 156/207 页...
2025-12-25 03:15:19 - mkk_comic - app.py:582 - INFO - 正在下载第 157/207 页...
2025-12-25 03:15:19 - mkk_comic - app.py:582 - INFO - 正在下载第 158/207 页...
2025-12-25 03:15:19 - mkk_comic - app.py:582 - INFO - 正在下载第 159/207 页...
2025-12-25 03:15:19 - mkk_comic - app.py:582 - INFO - 正在下载第 160/207 页...
2025-12-25 03:15:19 - mkk_comic - app.py:582 - INFO - 正在下载第 161/207 页...
2025-12-25 03:15:19 - mkk_comic - app.py:582 - INFO - 正在下载第 162/207 页...
2025-12-25 03:15:19 - mkk_comic - app.py:582 - INFO - 正在下载第 163/207 页...
2025-12-25 03:15:19 - mkk_comic - app.py:582 - INFO - 正在下载第 164/207 页...
2025-12-25 03:15:19 - mkk_comic - app.py:582 - INFO - 正在下载第 165/207 页...
2025-12-25 03:15:19 - mkk_comic - app.py:582 - INFO - 正在下载第 166/207 页...
2025-12-25 03:15:19 - mkk_comic - app.py:582 - INFO - 正在下载第 167/207 页...
2025-12-25 03:15:19 - mkk_comic - app.py:582 - INFO - 正在下载第 168/207 页...
2025-12-25 03:15:19 - mkk_comic - app.py:582 - INFO - 正在下载第 169/207 页...
2025-12-25 03:15:19 - mkk_comic - app.py:582 - INFO - 正在下载第 170/207 页...
2025-12-25 03:15:19 - mkk_comic - app.py:582 - INFO - 正在下载第 171/207 页...
2025-12-25 03:15:19 - mkk_comic - app.py:582 - INFO - 正在下载第 172/207 页...
2025-12-25 03:15:19 - mkk_comic - app.py:582 - INFO - 正在下载第 173/207 页...
2025-12-25 03:15:19 - mkk_comic - app.py:582 - INFO - 正在下载第 174/207 页...
2025-12-25 03:15:19 - mkk_comic - app.py:582 - INFO - 正在下载第 175/207 页...
2025-12-25 03:15:19 - mkk_comic - app.py:582 - INFO - 正在下载第 176/207 页...
2025-12-25 03:15:19 - mkk_comic - app.py:582 - INFO - 正在下载第 177/207 页...
2025-12-25 03:15:19 - mkk_comic - app.py:582 - INFO - 正在下载第 178/207 页...
2025-12-25 03:15:19 - mkk_comic - app.py:582 - INFO - 正在下载第 179/207 页...
2025-12-25 03:15:19 - mkk_comic - app.py:582 - INFO - 正在下载第 180/207 页...
2025-12-25 03:15:19 - mkk_comic - app.py:582 - INFO - 正在下载第 181/207 页...
2025-12-25 03:15:19 - mkk_comic - app.py:582 - INFO - 正在下载第 182/207 页...
2025-12-25 03:15:19 - mkk_comic - app.py:582 - INFO - 正在下载第 183/207 页...
2025-12-25 03:15:19 - mkk_comic - app.py:582 - INFO - 正在下载第 184/207 页...
2025-12-25 03:15:19 - mkk_comic - app.py:582 - INFO - 正在下载第 185/207 页...
2025-12-25 03:15:19 - mkk_comic - app.py:582 - INFO - 正在下载第 186/207 页...
2025-12-25 03:15:19 - mkk_comic - app.py:582 - INFO - 正在下载第 187/207 页...
2025-12-25 03:15:19 - mkk_comic - app.py:582 - INFO - 正在下载第 188/207 页...
2025-12-25 03:15:19 - mkk_comic - app.py:582 - INFO - 正在下载第 189/207 页...
2025-12-25 03:15:19 - mkk_comic - app.py:582 - INFO - 正在下载第 190/207 页...
2025-12-25 03:15:19 - mkk_comic - app.py:582 - INFO - 正在下载第 191/207 页...
2025-12-25 03:15:19 - mkk_comic - app.py:582 - INFO - 正在下载第 192/207 页...
2025-12-25 03:15:19 - mkk_comic - app.py:582 - INFO - 正在下载第 193/207 页...
2025-12-25 03:15:19 - mkk_comic - app.py:582 - INFO - 正在下载第 194/207 页...
2025-12-25 03:15:19 - mkk_comic - app.py:582 - INFO - 正在下载第 195/207 页...
2025-12-25 03:15:19 - mkk_comic - app.py:582 - INFO - 正在下载第 196/207 页...
2025-12-25 03:15:19 - mkk_comic - app.py:582 - INFO - 正在下载第 197/207 页...
2025-12-25 03:15:19 - mkk_comic - app.py:582 - INFO - 正在下载第 198/207 页...
2025-12-25 03:15:19 - mkk_comic - app.py:582 - INFO - 正在下载第 199/207 页...
2025-12-25 03:15:19 - mkk_comic - app.py:582 - INFO - 正在下载第 200/207 页...
2025-12-25 03:15:19 - mkk_comic - app.py:582 - INFO - 正在下载第 201/207 页...
2025-12-25 03:15:20 - mkk_comic - app.py:582 - INFO - 正在下载第 202/207 页...
2025-12-25 03:15:20 - mkk_comic - app.py:582 - INFO - 正在下载第 203/207 页...
2025-12-25 03:15:20 - mkk_comic - app.py:582 - INFO - 正在下载第 204/207 页...
2025-12-25 03:15:20 - mkk_comic - app.py:582 - INFO - 正在下载第 205/207 页...
2025-12-25 03:15:20 - mkk_comic - app.py:582 - INFO - 正在下载第 206/207 页...
2025-12-25 03:15:20 - mkk_comic - app.py:582 - INFO - 正在下载第 207/207 页...
2025-12-25 03:15:20 - mkk_comic - app.py:511 - INFO - 下载完成!
2025-12-25 03:15:20 - mkk_comic - app.py:512 - INFO - 成功下载: 207/207 页
2025-12-25 03:15:20 - mkk_comic - app.py:494 - INFO - 正在下载第31章: 31卷    UUID:07024470-c7be-11e8-881c-024352452ce0
2025-12-25 03:15:21 - mkk_comic - app.py:502 - INFO - 创建目录: ./out/海贼王/31卷
2025-12-25 03:15:21 - mkk_comic - app.py:505 - INFO - 开始下载: 海贼王 - 31卷
2025-12-25 03:15:21 - mkk_comic - app.py:506 - INFO - 总页数: 214
2025-12-25 03:15:21 - mkk_comic - app.py:582 - INFO - 正在下载第 001/214 页...
2025-12-25 03:15:21 - mkk_comic - app.py:582 - INFO - 正在下载第 002/214 页...
2025-12-25 03:15:21 - mkk_comic - app.py:582 - INFO - 正在下载第 003/214 页...
2025-12-25 03:15:21 - mkk_comic - app.py:582 - INFO - 正在下载第 004/214 页...
2025-12-25 03:15:21 - mkk_comic - app.py:582 - INFO - 正在下载第 005/214 页...
2025-12-25 03:15:21 - mkk_comic - app.py:582 - INFO - 正在下载第 006/214 页...
2025-12-25 03:15:21 - mkk_comic - app.py:582 - INFO - 正在下载第 007/214 页...
2025-12-25 03:15:21 - mkk_comic - app.py:582 - INFO - 正在下载第 008/214 页...
2025-12-25 03:15:21 - mkk_comic - app.py:582 - INFO - 正在下载第 009/214 页...
2025-12-25 03:15:21 - mkk_comic - app.py:582 - INFO - 正在下载第 010/214 页...
2025-12-25 03:15:21 - mkk_comic - app.py:582 - INFO - 正在下载第 011/214 页...
2025-12-25 03:15:21 - mkk_comic - app.py:582 - INFO - 正在下载第 012/214 页...
2025-12-25 03:15:21 - mkk_comic - app.py:582 - INFO - 正在下载第 013/214 页...
2025-12-25 03:15:21 - mkk_comic - app.py:582 - INFO - 正在下载第 014/214 页...
2025-12-25 03:15:21 - mkk_comic - app.py:582 - INFO - 正在下载第 015/214 页...
2025-12-25 03:15:21 - mkk_comic - app.py:582 - INFO - 正在下载第 016/214 页...
2025-12-25 03:15:21 - mkk_comic - app.py:582 - INFO - 正在下载第 017/214 页...
2025-12-25 03:15:21 - mkk_comic - app.py:582 - INFO - 正在下载第 018/214 页...
2025-12-25 03:15:21 - mkk_comic - app.py:582 - INFO - 正在下载第 019/214 页...
2025-12-25 03:15:21 - mkk_comic - app.py:582 - INFO - 正在下载第 020/214 页...
2025-12-25 03:15:21 - mkk_comic - app.py:582 - INFO - 正在下载第 021/214 页...
2025-12-25 03:15:21 - mkk_comic - app.py:582 - INFO - 正在下载第 022/214 页...
2025-12-25 03:15:21 - mkk_comic - app.py:582 - INFO - 正在下载第 023/214 页...
2025-12-25 03:15:21 - mkk_comic - app.py:582 - INFO - 正在下载第 024/214 页...
2025-12-25 03:15:22 - mkk_comic - app.py:582 - INFO - 正在下载第 025/214 页...
2025-12-25 03:15:22 - mkk_comic - app.py:582 - INFO - 正在下载第 026/214 页...
2025-12-25 03:15:22 - mkk_comic - app.py:582 - INFO - 正在下载第 027/214 页...
2025-12-25 03:15:22 - mkk_comic - app.py:582 - INFO - 正在下载第 028/214 页...
2025-12-25 03:15:22 - mkk_comic - app.py:582 - INFO - 正在下载第 029/214 页...
2025-12-25 03:15:22 - mkk_comic - app.py:582 - INFO - 正在下载第 030/214 页...
2025-12-25 03:15:22 - mkk_comic - app.py:582 - INFO - 正在下载第 031/214 页...
2025-12-25 03:15:22 - mkk_comic - app.py:582 - INFO - 正在下载第 032/214 页...
2025-12-25 03:15:22 - mkk_comic - app.py:582 - INFO - 正在下载第 033/214 页...
2025-12-25 03:15:22 - mkk_comic - app.py:582 - INFO - 正在下载第 034/214 页...
2025-12-25 03:15:22 - mkk_comic - app.py:582 - INFO - 正在下载第 035/214 页...
2025-12-25 03:15:22 - mkk_comic - app.py:582 - INFO - 正在下载第 036/214 页...
2025-12-25 03:15:22 - mkk_comic - app.py:582 - INFO - 正在下载第 037/214 页...
2025-12-25 03:15:22 - mkk_comic - app.py:582 - INFO - 正在下载第 038/214 页...
2025-12-25 03:15:22 - mkk_comic - app.py:582 - INFO - 正在下载第 039/214 页...
2025-12-25 03:15:22 - mkk_comic - app.py:582 - INFO - 正在下载第 040/214 页...
2025-12-25 03:15:22 - mkk_comic - app.py:582 - INFO - 正在下载第 041/214 页...
2025-12-25 03:15:22 - mkk_comic - app.py:582 - INFO - 正在下载第 042/214 页...
2025-12-25 03:15:22 - mkk_comic - app.py:582 - INFO - 正在下载第 043/214 页...
2025-12-25 03:15:22 - mkk_comic - app.py:582 - INFO - 正在下载第 044/214 页...
2025-12-25 03:15:22 - mkk_comic - app.py:582 - INFO - 正在下载第 045/214 页...
2025-12-25 03:15:22 - mkk_comic - app.py:582 - INFO - 正在下载第 046/214 页...
2025-12-25 03:15:22 - mkk_comic - app.py:582 - INFO - 正在下载第 047/214 页...
2025-12-25 03:15:22 - mkk_comic - app.py:582 - INFO - 正在下载第 048/214 页...
2025-12-25 03:15:22 - mkk_comic - app.py:582 - INFO - 正在下载第 049/214 页...
2025-12-25 03:15:22 - mkk_comic - app.py:582 - INFO - 正在下载第 050/214 页...
2025-12-25 03:15:22 - mkk_comic - app.py:582 - INFO - 正在下载第 051/214 页...
2025-12-25 03:15:22 - mkk_comic - app.py:582 - INFO - 正在下载第 052/214 页...
2025-12-25 03:15:22 - mkk_comic - app.py:582 - INFO - 正在下载第 053/214 页...
2025-12-25 03:15:22 - mkk_comic - app.py:582 - INFO - 正在下载第 054/214 页...
2025-12-25 03:15:22 - mkk_comic - app.py:582 - INFO - 正在下载第 055/214 页...
2025-12-25 03:15:22 - mkk_comic - app.py:582 - INFO - 正在下载第 056/214 页...
2025-12-25 03:15:22 - mkk_comic - app.py:582 - INFO - 正在下载第 057/214 页...
2025-12-25 03:15:22 - mkk_comic - app.py:582 - INFO - 正在下载第 058/214 页...
2025-12-25 03:15:22 - mkk_comic - app.py:582 - INFO - 正在下载第 059/214 页...
2025-12-25 03:15:22 - mkk_comic - app.py:582 - INFO - 正在下载第 060/214 页...
2025-12-25 03:15:22 - mkk_comic - app.py:582 - INFO - 正在下载第 061/214 页...
2025-12-25 03:15:22 - mkk_comic - app.py:582 - INFO - 正在下载第 062/214 页...
2025-12-25 03:15:22 - mkk_comic - app.py:582 - INFO - 正在下载第 063/214 页...
2025-12-25 03:15:22 - mkk_comic - app.py:582 - INFO - 正在下载第 064/214 页...
2025-12-25 03:15:22 - mkk_comic - app.py:582 - INFO - 正在下载第 065/214 页...
2025-12-25 03:15:22 - mkk_comic - app.py:582 - INFO - 正在下载第 066/214 页...
2025-12-25 03:15:22 - mkk_comic - app.py:582 - INFO - 正在下载第 067/214 页...
2025-12-25 03:15:22 - mkk_comic - app.py:582 - INFO - 正在下载第 068/214 页...
2025-12-25 03:15:22 - mkk_comic - app.py:582 - INFO - 正在下载第 069/214 页...
2025-12-25 03:15:22 - mkk_comic - app.py:582 - INFO - 正在下载第 070/214 页...
2025-12-25 03:15:22 - mkk_comic - app.py:582 - INFO - 正在下载第 071/214 页...
2025-12-25 03:15:22 - mkk_comic - app.py:582 - INFO - 正在下载第 072/214 页...
2025-12-25 03:15:22 - mkk_comic - app.py:582 - INFO - 正在下载第 073/214 页...
2025-12-25 03:15:22 - mkk_comic - app.py:582 - INFO - 正在下载第 074/214 页...
2025-12-25 03:15:22 - mkk_comic - app.py:582 - INFO - 正在下载第 075/214 页...
2025-12-25 03:15:22 - mkk_comic - app.py:582 - INFO - 正在下载第 076/214 页...
2025-12-25 03:15:22 - mkk_comic - app.py:582 - INFO - 正在下载第 077/214 页...
2025-12-25 03:15:22 - mkk_comic - app.py:582 - INFO - 正在下载第 078/214 页...
2025-12-25 03:15:23 - mkk_comic - app.py:582 - INFO - 正在下载第 079/214 页...
2025-12-25 03:15:23 - mkk_comic - app.py:582 - INFO - 正在下载第 080/214 页...
2025-12-25 03:15:23 - mkk_comic - app.py:582 - INFO - 正在下载第 081/214 页...
2025-12-25 03:15:23 - mkk_comic - app.py:582 - INFO - 正在下载第 082/214 页...
2025-12-25 03:15:23 - mkk_comic - app.py:582 - INFO - 正在下载第 083/214 页...
2025-12-25 03:15:23 - mkk_comic - app.py:582 - INFO - 正在下载第 084/214 页...
2025-12-25 03:15:23 - mkk_comic - app.py:582 - INFO - 正在下载第 085/214 页...
2025-12-25 03:15:23 - mkk_comic - app.py:582 - INFO - 正在下载第 086/214 页...
2025-12-25 03:15:23 - mkk_comic - app.py:582 - INFO - 正在下载第 087/214 页...
2025-12-25 03:15:23 - mkk_comic - app.py:582 - INFO - 正在下载第 088/214 页...
2025-12-25 03:15:23 - mkk_comic - app.py:582 - INFO - 正在下载第 089/214 页...
2025-12-25 03:15:23 - mkk_comic - app.py:582 - INFO - 正在下载第 090/214 页...
2025-12-25 03:15:23 - mkk_comic - app.py:582 - INFO - 正在下载第 091/214 页...
2025-12-25 03:15:23 - mkk_comic - app.py:582 - INFO - 正在下载第 092/214 页...
2025-12-25 03:15:23 - mkk_comic - app.py:582 - INFO - 正在下载第 093/214 页...
2025-12-25 03:15:23 - mkk_comic - app.py:582 - INFO - 正在下载第 094/214 页...
2025-12-25 03:15:23 - mkk_comic - app.py:582 - INFO - 正在下载第 095/214 页...
2025-12-25 03:15:23 - mkk_comic - app.py:582 - INFO - 正在下载第 096/214 页...
2025-12-25 03:15:23 - mkk_comic - app.py:582 - INFO - 正在下载第 097/214 页...
2025-12-25 03:15:23 - mkk_comic - app.py:582 - INFO - 正在下载第 098/214 页...
2025-12-25 03:15:23 - mkk_comic - app.py:582 - INFO - 正在下载第 099/214 页...
2025-12-25 03:15:23 - mkk_comic - app.py:582 - INFO - 正在下载第 100/214 页...
2025-12-25 03:15:23 - mkk_comic - app.py:582 - INFO - 正在下载第 101/214 页...
2025-12-25 03:15:23 - mkk_comic - app.py:582 - INFO - 正在下载第 102/214 页...
2025-12-25 03:15:23 - mkk_comic - app.py:582 - INFO - 正在下载第 103/214 页...
2025-12-25 03:15:23 - mkk_comic - app.py:582 - INFO - 正在下载第 104/214 页...
2025-12-25 03:15:23 - mkk_comic - app.py:582 - INFO - 正在下载第 105/214 页...
2025-12-25 03:15:23 - mkk_comic - app.py:582 - INFO - 正在下载第 106/214 页...
2025-12-25 03:15:23 - mkk_comic - app.py:582 - INFO - 正在下载第 107/214 页...
2025-12-25 03:15:23 - mkk_comic - app.py:582 - INFO - 正在下载第 108/214 页...
2025-12-25 03:15:23 - mkk_comic - app.py:582 - INFO - 正在下载第 109/214 页...
2025-12-25 03:15:23 - mkk_comic - app.py:582 - INFO - 正在下载第 110/214 页...
2025-12-25 03:15:23 - mkk_comic - app.py:582 - INFO - 正在下载第 111/214 页...
2025-12-25 03:15:23 - mkk_comic - app.py:582 - INFO - 正在下载第 112/214 页...
2025-12-25 03:15:23 - mkk_comic - app.py:582 - INFO - 正在下载第 113/214 页...
2025-12-25 03:15:23 - mkk_comic - app.py:582 - INFO - 正在下载第 114/214 页...
2025-12-25 03:15:23 - mkk_comic - app.py:582 - INFO - 正在下载第 115/214 页...
2025-12-25 03:15:23 - mkk_comic - app.py:582 - INFO - 正在下载第 116/214 页...
2025-12-25 03:15:23 - mkk_comic - app.py:582 - INFO - 正在下载第 117/214 页...
2025-12-25 03:15:23 - mkk_comic - app.py:582 - INFO - 正在下载第 118/214 页...
2025-12-25 03:15:23 - mkk_comic - app.py:582 - INFO - 正在下载第 119/214 页...
2025-12-25 03:15:23 - mkk_comic - app.py:582 - INFO - 正在下载第 120/214 页...
2025-12-25 03:15:23 - mkk_comic - app.py:582 - INFO - 正在下载第 121/214 页...
2025-12-25 03:15:23 - mkk_comic - app.py:582 - INFO - 正在下载第 122/214 页...
2025-12-25 03:15:23 - mkk_comic - app.py:582 - INFO - 正在下载第 123/214 页...
2025-12-25 03:15:23 - mkk_comic - app.py:582 - INFO - 正在下载第 124/214 页...
2025-12-25 03:15:23 - mkk_comic - app.py:582 - INFO - 正在下载第 125/214 页...
2025-12-25 03:15:23 - mkk_comic - app.py:582 - INFO - 正在下载第 126/214 页...
2025-12-25 03:15:23 - mkk_comic - app.py:582 - INFO - 正在下载第 127/214 页...
2025-12-25 03:15:23 - mkk_comic - app.py:582 - INFO - 正在下载第 128/214 页...
2025-12-25 03:15:23 - mkk_comic - app.py:582 - INFO - 正在下载第 129/214 页...
2025-12-25 03:15:23 - mkk_comic - app.py:582 - INFO - 正在下载第 130/214 页...
2025-12-25 03:15:23 - mkk_comic - app.py:582 - INFO - 正在下载第 131/214 页...
2025-12-25 03:15:23 - mkk_comic - app.py:582 - INFO - 正在下载第 132/214 页...
2025-12-25 03:15:23 - mkk_comic - app.py:582 - INFO - 正在下载第 133/214 页...
2025-12-25 03:15:23 - mkk_comic - app.py:582 - INFO - 正在下载第 134/214 页...
2025-12-25 03:15:24 - mkk_comic - app.py:582 - INFO - 正在下载第 135/214 页...
2025-12-25 03:15:24 - mkk_comic - app.py:582 - INFO - 正在下载第 136/214 页...
2025-12-25 03:15:24 - mkk_comic - app.py:582 - INFO - 正在下载第 137/214 页...
2025-12-25 03:15:24 - mkk_comic - app.py:582 - INFO - 正在下载第 138/214 页...
2025-12-25 03:15:24 - mkk_comic - app.py:582 - INFO - 正在下载第 139/214 页...
2025-12-25 03:15:24 - mkk_comic - app.py:582 - INFO - 正在下载第 140/214 页...
2025-12-25 03:15:24 - mkk_comic - app.py:582 - INFO - 正在下载第 141/214 页...
2025-12-25 03:15:24 - mkk_comic - app.py:582 - INFO - 正在下载第 142/214 页...
2025-12-25 03:15:24 - mkk_comic - app.py:582 - INFO - 正在下载第 143/214 页...
2025-12-25 03:15:24 - mkk_comic - app.py:582 - INFO - 正在下载第 144/214 页...
2025-12-25 03:15:24 - mkk_comic - app.py:582 - INFO - 正在下载第 145/214 页...
2025-12-25 03:15:24 - mkk_comic - app.py:582 - INFO - 正在下载第 146/214 页...
2025-12-25 03:15:24 - mkk_comic - app.py:582 - INFO - 正在下载第 147/214 页...
2025-12-25 03:15:24 - mkk_comic - app.py:582 - INFO - 正在下载第 148/214 页...
2025-12-25 03:15:24 - mkk_comic - app.py:582 - INFO - 正在下载第 149/214 页...
2025-12-25 03:15:24 - mkk_comic - app.py:582 - INFO - 正在下载第 150/214 页...
2025-12-25 03:15:24 - mkk_comic - app.py:582 - INFO - 正在下载第 151/214 页...
2025-12-25 03:15:24 - mkk_comic - app.py:582 - INFO - 正在下载第 152/214 页...
2025-12-25 03:15:24 - mkk_comic - app.py:582 - INFO - 正在下载第 153/214 页...
2025-12-25 03:15:24 - mkk_comic - app.py:582 - INFO - 正在下载第 154/214 页...
2025-12-25 03:15:24 - mkk_comic - app.py:582 - INFO - 正在下载第 155/214 页...
2025-12-25 03:15:24 - mkk_comic - app.py:582 - INFO - 正在下载第 156/214 页...
2025-12-25 03:15:24 - mkk_comic - app.py:582 - INFO - 正在下载第 157/214 页...
2025-12-25 03:15:24 - mkk_comic - app.py:582 - INFO - 正在下载第 158/214 页...
2025-12-25 03:15:24 - mkk_comic - app.py:582 - INFO - 正在下载第 159/214 页...
2025-12-25 03:15:24 - mkk_comic - app.py:582 - INFO - 正在下载第 160/214 页...
2025-12-25 03:15:24 - mkk_comic - app.py:582 - INFO - 正在下载第 161/214 页...
2025-12-25 03:15:24 - mkk_comic - app.py:582 - INFO - 正在下载第 162/214 页...
2025-12-25 03:15:24 - mkk_comic - app.py:582 - INFO - 正在下载第 163/214 页...
2025-12-25 03:15:24 - mkk_comic - app.py:582 - INFO - 正在下载第 164/214 页...
2025-12-25 03:15:24 - mkk_comic - app.py:582 - INFO - 正在下载第 165/214 页...
2025-12-25 03:15:24 - mkk_comic - app.py:582 - INFO - 正在下载第 166/214 页...
2025-12-25 03:15:24 - mkk_comic - app.py:582 - INFO - 正在下载第 167/214 页...
2025-12-25 03:15:24 - mkk_comic - app.py:582 - INFO - 正在下载第 168/214 页...
2025-12-25 03:15:24 - mkk_comic - app.py:582 - INFO - 正在下载第 169/214 页...
2025-12-25 03:15:24 - mkk_comic - app.py:582 - INFO - 正在下载第 170/214 页...
2025-12-25 03:15:24 - mkk_comic - app.py:582 - INFO - 正在下载第 171/214 页...
2025-12-25 03:15:24 - mkk_comic - app.py:582 - INFO - 正在下载第 172/214 页...
2025-12-25 03:15:24 - mkk_comic - app.py:582 - INFO - 正在下载第 173/214 页...
2025-12-25 03:15:24 - mkk_comic - app.py:582 - INFO - 正在下载第 174/214 页...
2025-12-25 03:15:24 - mkk_comic - app.py:582 - INFO - 正在下载第 175/214 页...
2025-12-25 03:15:24 - mkk_comic - app.py:582 - INFO - 正在下载第 176/214 页...
2025-12-25 03:15:24 - mkk_comic - app.py:582 - INFO - 正在下载第 177/214 页...
2025-12-25 03:15:24 - mkk_comic - app.py:582 - INFO - 正在下载第 178/214 页...
2025-12-25 03:15:24 - mkk_comic - app.py:582 - INFO - 正在下载第 179/214 页...
2025-12-25 03:15:24 - mkk_comic - app.py:582 - INFO - 正在下载第 180/214 页...
2025-12-25 03:15:24 - mkk_comic - app.py:582 - INFO - 正在下载第 181/214 页...
2025-12-25 03:15:24 - mkk_comic - app.py:582 - INFO - 正在下载第 182/214 页...
2025-12-25 03:15:24 - mkk_comic - app.py:582 - INFO - 正在下载第 183/214 页...
2025-12-25 03:15:24 - mkk_comic - app.py:582 - INFO - 正在下载第 184/214 页...
2025-12-25 03:15:24 - mkk_comic - app.py:582 - INFO - 正在下载第 185/214 页...
2025-12-25 03:15:24 - mkk_comic - app.py:582 - INFO - 正在下载第 186/214 页...
2025-12-25 03:15:24 - mkk_comic - app.py:582 - INFO - 正在下载第 187/214 页...
2025-12-25 03:15:24 - mkk_comic - app.py:582 - INFO - 正在下载第 188/214 页...
2025-12-25 03:15:24 - mkk_comic - app.py:582 - INFO - 正在下载第 189/214 页...
2025-12-25 03:15:24 - mkk_comic - app.py:582 - INFO - 正在下载第 190/214 页...
2025-12-25 03:15:24 - mkk_comic - app.py:582 - INFO - 正在下载第 191/214 页...
2025-12-25 03:15:25 - mkk_comic - app.py:582 - INFO - 正在下载第 192/214 页...
2025-12-25 03:15:25 - mkk_comic - app.py:582 - INFO - 正在下载第 193/214 页...
2025-12-25 03:15:25 - mkk_comic - app.py:582 - INFO - 正在下载第 194/214 页...
2025-12-25 03:15:25 - mkk_comic - app.py:582 - INFO - 正在下载第 195/214 页...
2025-12-25 03:15:25 - mkk_comic - app.py:582 - INFO - 正在下载第 196/214 页...
2025-12-25 03:15:25 - mkk_comic - app.py:582 - INFO - 正在下载第 197/214 页...
2025-12-25 03:15:25 - mkk_comic - app.py:582 - INFO - 正在下载第 198/214 页...
2025-12-25 03:15:25 - mkk_comic - app.py:582 - INFO - 正在下载第 199/214 页...
2025-12-25 03:15:25 - mkk_comic - app.py:582 - INFO - 正在下载第 200/214 页...
2025-12-25 03:15:25 - mkk_comic - app.py:582 - INFO - 正在下载第 201/214 页...
2025-12-25 03:15:25 - mkk_comic - app.py:582 - INFO - 正在下载第 202/214 页...
2025-12-25 03:15:25 - mkk_comic - app.py:582 - INFO - 正在下载第 203/214 页...
2025-12-25 03:15:25 - mkk_comic - app.py:582 - INFO - 正在下载第 204/214 页...
2025-12-25 03:15:25 - mkk_comic - app.py:582 - INFO - 正在下载第 205/214 页...
2025-12-25 03:15:25 - mkk_comic - app.py:582 - INFO - 正在下载第 206/214 页...
2025-12-25 03:15:25 - mkk_comic - app.py:582 - INFO - 正在下载第 207/214 页...
2025-12-25 03:15:25 - mkk_comic - app.py:582 - INFO - 正在下载第 208/214 页...
2025-12-25 03:15:25 - mkk_comic - app.py:582 - INFO - 正在下载第 209/214 页...
2025-12-25 03:15:25 - mkk_comic - app.py:582 - INFO - 正在下载第 210/214 页...
2025-12-25 03:15:25 - mkk_comic - app.py:582 - INFO - 正在下载第 211/214 页...
2025-12-25 03:15:25 - mkk_comic - app.py:582 - INFO - 正在下载第 212/214 页...
2025-12-25 03:15:25 - mkk_comic - app.py:582 - INFO - 正在下载第 213/214 页...
2025-12-25 03:15:25 - mkk_comic - app.py:582 - INFO - 正在下载第 214/214 页...
2025-12-25 03:15:25 - mkk_comic - app.py:511 - INFO - 下载完成!
2025-12-25 03:15:25 - mkk_comic - app.py:512 - INFO - 成功下载: 214/214 页
2025-12-25 03:15:26 - mkk_comic - app.py:494 - INFO - 正在下载第32章: 32卷    UUID:0f5b76c6-c7be-11e8-881c-024352452ce0
2025-12-25 03:15:26 - mkk_comic - app.py:502 - INFO - 创建目录: ./out/海贼王/32卷
2025-12-25 03:15:26 - mkk_comic - app.py:505 - INFO - 开始下载: 海贼王 - 32卷
2025-12-25 03:15:26 - mkk_comic - app.py:506 - INFO - 总页数: 216
2025-12-25 03:15:26 - mkk_comic - app.py:582 - INFO - 正在下载第 001/216 页...
2025-12-25 03:15:26 - mkk_comic - app.py:582 - INFO - 正在下载第 002/216 页...
2025-12-25 03:15:26 - mkk_comic - app.py:582 - INFO - 正在下载第 003/216 页...
2025-12-25 03:15:26 - mkk_comic - app.py:582 - INFO - 正在下载第 004/216 页...
2025-12-25 03:15:26 - mkk_comic - app.py:582 - INFO - 正在下载第 005/216 页...
2025-12-25 03:15:26 - mkk_comic - app.py:582 - INFO - 正在下载第 006/216 页...
2025-12-25 03:15:26 - mkk_comic - app.py:582 - INFO - 正在下载第 007/216 页...
2025-12-25 03:15:26 - mkk_comic - app.py:582 - INFO - 正在下载第 008/216 页...
2025-12-25 03:15:26 - mkk_comic - app.py:582 - INFO - 正在下载第 009/216 页...
2025-12-25 03:15:27 - mkk_comic - app.py:582 - INFO - 正在下载第 010/216 页...
2025-12-25 03:15:27 - mkk_comic - app.py:582 - INFO - 正在下载第 011/216 页...
2025-12-25 03:15:27 - mkk_comic - app.py:582 - INFO - 正在下载第 012/216 页...
2025-12-25 03:15:27 - mkk_comic - app.py:582 - INFO - 正在下载第 013/216 页...
2025-12-25 03:15:27 - mkk_comic - app.py:582 - INFO - 正在下载第 014/216 页...
2025-12-25 03:15:27 - mkk_comic - app.py:582 - INFO - 正在下载第 015/216 页...
2025-12-25 03:15:27 - mkk_comic - app.py:582 - INFO - 正在下载第 016/216 页...
2025-12-25 03:15:27 - mkk_comic - app.py:582 - INFO - 正在下载第 017/216 页...
2025-12-25 03:15:27 - mkk_comic - app.py:582 - INFO - 正在下载第 018/216 页...
2025-12-25 03:15:27 - mkk_comic - app.py:582 - INFO - 正在下载第 019/216 页...
2025-12-25 03:15:27 - mkk_comic - app.py:582 - INFO - 正在下载第 020/216 页...
2025-12-25 03:15:27 - mkk_comic - app.py:582 - INFO - 正在下载第 021/216 页...
2025-12-25 03:15:27 - mkk_comic - app.py:582 - INFO - 正在下载第 022/216 页...
2025-12-25 03:15:27 - mkk_comic - app.py:582 - INFO - 正在下载第 023/216 页...
2025-12-25 03:15:27 - mkk_comic - app.py:582 - INFO - 正在下载第 024/216 页...
2025-12-25 03:15:27 - mkk_comic - app.py:582 - INFO - 正在下载第 025/216 页...
2025-12-25 03:15:27 - mkk_comic - app.py:582 - INFO - 正在下载第 026/216 页...
2025-12-25 03:15:27 - mkk_comic - app.py:582 - INFO - 正在下载第 027/216 页...
2025-12-25 03:15:27 - mkk_comic - app.py:582 - INFO - 正在下载第 028/216 页...
2025-12-25 03:15:27 - mkk_comic - app.py:582 - INFO - 正在下载第 029/216 页...
2025-12-25 03:15:27 - mkk_comic - app.py:582 - INFO - 正在下载第 030/216 页...
2025-12-25 03:15:27 - mkk_comic - app.py:582 - INFO - 正在下载第 031/216 页...
2025-12-25 03:15:27 - mkk_comic - app.py:582 - INFO - 正在下载第 032/216 页...
2025-12-25 03:15:27 - mkk_comic - app.py:582 - INFO - 正在下载第 033/216 页...
2025-12-25 03:15:27 - mkk_comic - app.py:582 - INFO - 正在下载第 034/216 页...
2025-12-25 03:15:27 - mkk_comic - app.py:582 - INFO - 正在下载第 035/216 页...
2025-12-25 03:15:27 - mkk_comic - app.py:582 - INFO - 正在下载第 036/216 页...
2025-12-25 03:15:27 - mkk_comic - app.py:582 - INFO - 正在下载第 037/216 页...
2025-12-25 03:15:27 - mkk_comic - app.py:582 - INFO - 正在下载第 038/216 页...
2025-12-25 03:15:27 - mkk_comic - app.py:582 - INFO - 正在下载第 039/216 页...
2025-12-25 03:15:27 - mkk_comic - app.py:582 - INFO - 正在下载第 040/216 页...
2025-12-25 03:15:27 - mkk_comic - app.py:582 - INFO - 正在下载第 041/216 页...
2025-12-25 03:15:27 - mkk_comic - app.py:582 - INFO - 正在下载第 042/216 页...
2025-12-25 03:15:27 - mkk_comic - app.py:582 - INFO - 正在下载第 043/216 页...
2025-12-25 03:15:27 - mkk_comic - app.py:582 - INFO - 正在下载第 044/216 页...
2025-12-25 03:15:27 - mkk_comic - app.py:582 - INFO - 正在下载第 045/216 页...
2025-12-25 03:15:27 - mkk_comic - app.py:582 - INFO - 正在下载第 046/216 页...
2025-12-25 03:15:27 - mkk_comic - app.py:582 - INFO - 正在下载第 047/216 页...
2025-12-25 03:15:27 - mkk_comic - app.py:582 - INFO - 正在下载第 048/216 页...
2025-12-25 03:15:27 - mkk_comic - app.py:582 - INFO - 正在下载第 049/216 页...
2025-12-25 03:15:27 - mkk_comic - app.py:582 - INFO - 正在下载第 050/216 页...
2025-12-25 03:15:27 - mkk_comic - app.py:582 - INFO - 正在下载第 051/216 页...
2025-12-25 03:15:27 - mkk_comic - app.py:582 - INFO - 正在下载第 052/216 页...
2025-12-25 03:15:27 - mkk_comic - app.py:582 - INFO - 正在下载第 053/216 页...
2025-12-25 03:15:27 - mkk_comic - app.py:582 - INFO - 正在下载第 054/216 页...
2025-12-25 03:15:27 - mkk_comic - app.py:582 - INFO - 正在下载第 055/216 页...
2025-12-25 03:15:27 - mkk_comic - app.py:582 - INFO - 正在下载第 056/216 页...
2025-12-25 03:15:27 - mkk_comic - app.py:582 - INFO - 正在下载第 057/216 页...
2025-12-25 03:15:27 - mkk_comic - app.py:582 - INFO - 正在下载第 058/216 页...
2025-12-25 03:15:27 - mkk_comic - app.py:582 - INFO - 正在下载第 059/216 页...
2025-12-25 03:15:27 - mkk_comic - app.py:582 - INFO - 正在下载第 060/216 页...
2025-12-25 03:15:27 - mkk_comic - app.py:582 - INFO - 正在下载第 061/216 页...
2025-12-25 03:15:27 - mkk_comic - app.py:582 - INFO - 正在下载第 062/216 页...
2025-12-25 03:15:27 - mkk_comic - app.py:582 - INFO - 正在下载第 063/216 页...
2025-12-25 03:15:27 - mkk_comic - app.py:582 - INFO - 正在下载第 064/216 页...
2025-12-25 03:15:27 - mkk_comic - app.py:582 - INFO - 正在下载第 065/216 页...
2025-12-25 03:15:27 - mkk_comic - app.py:582 - INFO - 正在下载第 066/216 页...
2025-12-25 03:15:27 - mkk_comic - app.py:582 - INFO - 正在下载第 067/216 页...
2025-12-25 03:15:28 - mkk_comic - app.py:582 - INFO - 正在下载第 068/216 页...
2025-12-25 03:15:28 - mkk_comic - app.py:582 - INFO - 正在下载第 069/216 页...
2025-12-25 03:15:28 - mkk_comic - app.py:582 - INFO - 正在下载第 070/216 页...
2025-12-25 03:15:28 - mkk_comic - app.py:582 - INFO - 正在下载第 071/216 页...
2025-12-25 03:15:28 - mkk_comic - app.py:582 - INFO - 正在下载第 072/216 页...
2025-12-25 03:15:28 - mkk_comic - app.py:582 - INFO - 正在下载第 073/216 页...
2025-12-25 03:15:28 - mkk_comic - app.py:582 - INFO - 正在下载第 074/216 页...
2025-12-25 03:15:28 - mkk_comic - app.py:582 - INFO - 正在下载第 075/216 页...
2025-12-25 03:15:28 - mkk_comic - app.py:582 - INFO - 正在下载第 076/216 页...
2025-12-25 03:15:28 - mkk_comic - app.py:582 - INFO - 正在下载第 077/216 页...
2025-12-25 03:15:28 - mkk_comic - app.py:582 - INFO - 正在下载第 078/216 页...
2025-12-25 03:15:28 - mkk_comic - app.py:582 - INFO - 正在下载第 079/216 页...
2025-12-25 03:15:28 - mkk_comic - app.py:582 - INFO - 正在下载第 080/216 页...
2025-12-25 03:15:28 - mkk_comic - app.py:582 - INFO - 正在下载第 081/216 页...
2025-12-25 03:15:28 - mkk_comic - app.py:582 - INFO - 正在下载第 082/216 页...
2025-12-25 03:15:28 - mkk_comic - app.py:582 - INFO - 正在下载第 083/216 页...
2025-12-25 03:15:28 - mkk_comic - app.py:582 - INFO - 正在下载第 084/216 页...
2025-12-25 03:15:28 - mkk_comic - app.py:582 - INFO - 正在下载第 085/216 页...
2025-12-25 03:15:28 - mkk_comic - app.py:582 - INFO - 正在下载第 086/216 页...
2025-12-25 03:15:28 - mkk_comic - app.py:582 - INFO - 正在下载第 087/216 页...
2025-12-25 03:15:28 - mkk_comic - app.py:582 - INFO - 正在下载第 088/216 页...
2025-12-25 03:15:28 - mkk_comic - app.py:582 - INFO - 正在下载第 089/216 页...
2025-12-25 03:15:28 - mkk_comic - app.py:582 - INFO - 正在下载第 090/216 页...
2025-12-25 03:15:28 - mkk_comic - app.py:582 - INFO - 正在下载第 091/216 页...
2025-12-25 03:15:28 - mkk_comic - app.py:582 - INFO - 正在下载第 092/216 页...
2025-12-25 03:15:28 - mkk_comic - app.py:582 - INFO - 正在下载第 093/216 页...
2025-12-25 03:15:28 - mkk_comic - app.py:582 - INFO - 正在下载第 094/216 页...
2025-12-25 03:15:28 - mkk_comic - app.py:582 - INFO - 正在下载第 095/216 页...
2025-12-25 03:15:28 - mkk_comic - app.py:582 - INFO - 正在下载第 096/216 页...
2025-12-25 03:15:28 - mkk_comic - app.py:582 - INFO - 正在下载第 097/216 页...
2025-12-25 03:15:28 - mkk_comic - app.py:582 - INFO - 正在下载第 098/216 页...
2025-12-25 03:15:28 - mkk_comic - app.py:582 - INFO - 正在下载第 099/216 页...
2025-12-25 03:15:28 - mkk_comic - app.py:582 - INFO - 正在下载第 100/216 页...
2025-12-25 03:15:28 - mkk_comic - app.py:582 - INFO - 正在下载第 101/216 页...
2025-12-25 03:15:28 - mkk_comic - app.py:582 - INFO - 正在下载第 102/216 页...
2025-12-25 03:15:28 - mkk_comic - app.py:582 - INFO - 正在下载第 103/216 页...
2025-12-25 03:15:28 - mkk_comic - app.py:582 - INFO - 正在下载第 104/216 页...
2025-12-25 03:15:28 - mkk_comic - app.py:582 - INFO - 正在下载第 105/216 页...
2025-12-25 03:15:28 - mkk_comic - app.py:582 - INFO - 正在下载第 106/216 页...
2025-12-25 03:15:28 - mkk_comic - app.py:582 - INFO - 正在下载第 107/216 页...
2025-12-25 03:15:28 - mkk_comic - app.py:582 - INFO - 正在下载第 108/216 页...
2025-12-25 03:15:28 - mkk_comic - app.py:582 - INFO - 正在下载第 109/216 页...
2025-12-25 03:15:28 - mkk_comic - app.py:582 - INFO - 正在下载第 110/216 页...
2025-12-25 03:15:28 - mkk_comic - app.py:582 - INFO - 正在下载第 111/216 页...
2025-12-25 03:15:28 - mkk_comic - app.py:582 - INFO - 正在下载第 112/216 页...
2025-12-25 03:15:28 - mkk_comic - app.py:582 - INFO - 正在下载第 113/216 页...
2025-12-25 03:15:28 - mkk_comic - app.py:582 - INFO - 正在下载第 114/216 页...
2025-12-25 03:15:28 - mkk_comic - app.py:582 - INFO - 正在下载第 115/216 页...
2025-12-25 03:15:28 - mkk_comic - app.py:582 - INFO - 正在下载第 116/216 页...
2025-12-25 03:15:28 - mkk_comic - app.py:582 - INFO - 正在下载第 117/216 页...
2025-12-25 03:15:28 - mkk_comic - app.py:582 - INFO - 正在下载第 118/216 页...
2025-12-25 03:15:28 - mkk_comic - app.py:582 - INFO - 正在下载第 119/216 页...
2025-12-25 03:15:28 - mkk_comic - app.py:582 - INFO - 正在下载第 120/216 页...
2025-12-25 03:15:28 - mkk_comic - app.py:582 - INFO - 正在下载第 121/216 页...
2025-12-25 03:15:28 - mkk_comic - app.py:582 - INFO - 正在下载第 122/216 页...
2025-12-25 03:15:29 - mkk_comic - app.py:582 - INFO - 正在下载第 123/216 页...
2025-12-25 03:15:29 - mkk_comic - app.py:582 - INFO - 正在下载第 124/216 页...
2025-12-25 03:15:29 - mkk_comic - app.py:582 - INFO - 正在下载第 125/216 页...
2025-12-25 03:15:29 - mkk_comic - app.py:582 - INFO - 正在下载第 126/216 页...
2025-12-25 03:15:29 - mkk_comic - app.py:582 - INFO - 正在下载第 127/216 页...
2025-12-25 03:15:29 - mkk_comic - app.py:582 - INFO - 正在下载第 128/216 页...
2025-12-25 03:15:29 - mkk_comic - app.py:582 - INFO - 正在下载第 129/216 页...
2025-12-25 03:15:29 - mkk_comic - app.py:582 - INFO - 正在下载第 130/216 页...
2025-12-25 03:15:29 - mkk_comic - app.py:582 - INFO - 正在下载第 131/216 页...
2025-12-25 03:15:29 - mkk_comic - app.py:582 - INFO - 正在下载第 132/216 页...
2025-12-25 03:15:29 - mkk_comic - app.py:582 - INFO - 正在下载第 133/216 页...
2025-12-25 03:15:29 - mkk_comic - app.py:582 - INFO - 正在下载第 134/216 页...
2025-12-25 03:15:29 - mkk_comic - app.py:582 - INFO - 正在下载第 135/216 页...
2025-12-25 03:15:29 - mkk_comic - app.py:582 - INFO - 正在下载第 136/216 页...
2025-12-25 03:15:29 - mkk_comic - app.py:582 - INFO - 正在下载第 137/216 页...
2025-12-25 03:15:29 - mkk_comic - app.py:582 - INFO - 正在下载第 138/216 页...
2025-12-25 03:15:29 - mkk_comic - app.py:582 - INFO - 正在下载第 139/216 页...
2025-12-25 03:15:29 - mkk_comic - app.py:582 - INFO - 正在下载第 140/216 页...
2025-12-25 03:15:29 - mkk_comic - app.py:582 - INFO - 正在下载第 141/216 页...
2025-12-25 03:15:29 - mkk_comic - app.py:582 - INFO - 正在下载第 142/216 页...
2025-12-25 03:15:29 - mkk_comic - app.py:582 - INFO - 正在下载第 143/216 页...
2025-12-25 03:15:29 - mkk_comic - app.py:582 - INFO - 正在下载第 144/216 页...
2025-12-25 03:15:29 - mkk_comic - app.py:582 - INFO - 正在下载第 145/216 页...
2025-12-25 03:15:29 - mkk_comic - app.py:582 - INFO - 正在下载第 146/216 页...
2025-12-25 03:15:29 - mkk_comic - app.py:582 - INFO - 正在下载第 147/216 页...
2025-12-25 03:15:29 - mkk_comic - app.py:582 - INFO - 正在下载第 148/216 页...
2025-12-25 03:15:29 - mkk_comic - app.py:582 - INFO - 正在下载第 149/216 页...
2025-12-25 03:15:29 - mkk_comic - app.py:582 - INFO - 正在下载第 150/216 页...
2025-12-25 03:15:29 - mkk_comic - app.py:582 - INFO - 正在下载第 151/216 页...
2025-12-25 03:15:29 - mkk_comic - app.py:582 - INFO - 正在下载第 152/216 页...
2025-12-25 03:15:29 - mkk_comic - app.py:582 - INFO - 正在下载第 153/216 页...
2025-12-25 03:15:29 - mkk_comic - app.py:582 - INFO - 正在下载第 154/216 页...
2025-12-25 03:15:29 - mkk_comic - app.py:582 - INFO - 正在下载第 155/216 页...
2025-12-25 03:15:29 - mkk_comic - app.py:582 - INFO - 正在下载第 156/216 页...
2025-12-25 03:15:29 - mkk_comic - app.py:582 - INFO - 正在下载第 157/216 页...
2025-12-25 03:15:29 - mkk_comic - app.py:582 - INFO - 正在下载第 158/216 页...
2025-12-25 03:15:29 - mkk_comic - app.py:582 - INFO - 正在下载第 159/216 页...
2025-12-25 03:15:29 - mkk_comic - app.py:582 - INFO - 正在下载第 160/216 页...
2025-12-25 03:15:29 - mkk_comic - app.py:582 - INFO - 正在下载第 161/216 页...
2025-12-25 03:15:29 - mkk_comic - app.py:582 - INFO - 正在下载第 162/216 页...
2025-12-25 03:15:29 - mkk_comic - app.py:582 - INFO - 正在下载第 163/216 页...
2025-12-25 03:15:29 - mkk_comic - app.py:582 - INFO - 正在下载第 164/216 页...
2025-12-25 03:15:29 - mkk_comic - app.py:582 - INFO - 正在下载第 165/216 页...
2025-12-25 03:15:29 - mkk_comic - app.py:582 - INFO - 正在下载第 166/216 页...
2025-12-25 03:15:29 - mkk_comic - app.py:582 - INFO - 正在下载第 167/216 页...
2025-12-25 03:15:29 - mkk_comic - app.py:582 - INFO - 正在下载第 168/216 页...
2025-12-25 03:15:29 - mkk_comic - app.py:582 - INFO - 正在下载第 169/216 页...
2025-12-25 03:15:29 - mkk_comic - app.py:582 - INFO - 正在下载第 170/216 页...
2025-12-25 03:15:29 - mkk_comic - app.py:582 - INFO - 正在下载第 171/216 页...
2025-12-25 03:15:29 - mkk_comic - app.py:582 - INFO - 正在下载第 172/216 页...
2025-12-25 03:15:29 - mkk_comic - app.py:582 - INFO - 正在下载第 173/216 页...
2025-12-25 03:15:29 - mkk_comic - app.py:582 - INFO - 正在下载第 174/216 页...
2025-12-25 03:15:29 - mkk_comic - app.py:582 - INFO - 正在下载第 175/216 页...
2025-12-25 03:15:29 - mkk_comic - app.py:582 - INFO - 正在下载第 176/216 页...
2025-12-25 03:15:29 - mkk_comic - app.py:582 - INFO - 正在下载第 177/216 页...
2025-12-25 03:15:29 - mkk_comic - app.py:582 - INFO - 正在下载第 178/216 页...
2025-12-25 03:15:29 - mkk_comic - app.py:582 - INFO - 正在下载第 179/216 页...
2025-12-25 03:15:30 - mkk_comic - app.py:582 - INFO - 正在下载第 180/216 页...
2025-12-25 03:15:30 - mkk_comic - app.py:582 - INFO - 正在下载第 181/216 页...
2025-12-25 03:15:30 - mkk_comic - app.py:582 - INFO - 正在下载第 182/216 页...
2025-12-25 03:15:30 - mkk_comic - app.py:582 - INFO - 正在下载第 183/216 页...
2025-12-25 03:15:30 - mkk_comic - app.py:582 - INFO - 正在下载第 184/216 页...
2025-12-25 03:15:30 - mkk_comic - app.py:582 - INFO - 正在下载第 185/216 页...
2025-12-25 03:15:30 - mkk_comic - app.py:582 - INFO - 正在下载第 186/216 页...
2025-12-25 03:15:30 - mkk_comic - app.py:582 - INFO - 正在下载第 187/216 页...
2025-12-25 03:15:30 - mkk_comic - app.py:582 - INFO - 正在下载第 188/216 页...
2025-12-25 03:15:30 - mkk_comic - app.py:582 - INFO - 正在下载第 189/216 页...
2025-12-25 03:15:30 - mkk_comic - app.py:582 - INFO - 正在下载第 190/216 页...
2025-12-25 03:15:30 - mkk_comic - app.py:582 - INFO - 正在下载第 191/216 页...
2025-12-25 03:15:30 - mkk_comic - app.py:582 - INFO - 正在下载第 192/216 页...
2025-12-25 03:15:30 - mkk_comic - app.py:582 - INFO - 正在下载第 193/216 页...
2025-12-25 03:15:30 - mkk_comic - app.py:582 - INFO - 正在下载第 194/216 页...
2025-12-25 03:15:30 - mkk_comic - app.py:582 - INFO - 正在下载第 195/216 页...
2025-12-25 03:15:30 - mkk_comic - app.py:582 - INFO - 正在下载第 196/216 页...
2025-12-25 03:15:30 - mkk_comic - app.py:582 - INFO - 正在下载第 197/216 页...
2025-12-25 03:15:30 - mkk_comic - app.py:582 - INFO - 正在下载第 198/216 页...
2025-12-25 03:15:30 - mkk_comic - app.py:582 - INFO - 正在下载第 199/216 页...
2025-12-25 03:15:30 - mkk_comic - app.py:582 - INFO - 正在下载第 200/216 页...
2025-12-25 03:15:30 - mkk_comic - app.py:582 - INFO - 正在下载第 201/216 页...
2025-12-25 03:15:30 - mkk_comic - app.py:582 - INFO - 正在下载第 202/216 页...
2025-12-25 03:15:30 - mkk_comic - app.py:582 - INFO - 正在下载第 203/216 页...
2025-12-25 03:15:30 - mkk_comic - app.py:582 - INFO - 正在下载第 204/216 页...
2025-12-25 03:15:30 - mkk_comic - app.py:582 - INFO - 正在下载第 205/216 页...
2025-12-25 03:15:30 - mkk_comic - app.py:582 - INFO - 正在下载第 206/216 页...
2025-12-25 03:15:30 - mkk_comic - app.py:582 - INFO - 正在下载第 207/216 页...
2025-12-25 03:15:30 - mkk_comic - app.py:582 - INFO - 正在下载第 208/216 页...
2025-12-25 03:15:30 - mkk_comic - app.py:582 - INFO - 正在下载第 209/216 页...
2025-12-25 03:15:30 - mkk_comic - app.py:582 - INFO - 正在下载第 210/216 页...
2025-12-25 03:15:30 - mkk_comic - app.py:582 - INFO - 正在下载第 211/216 页...
2025-12-25 03:15:30 - mkk_comic - app.py:582 - INFO - 正在下载第 212/216 页...
2025-12-25 03:15:30 - mkk_comic - app.py:582 - INFO - 正在下载第 213/216 页...
2025-12-25 03:15:30 - mkk_comic - app.py:582 - INFO - 正在下载第 214/216 页...
2025-12-25 03:15:30 - mkk_comic - app.py:582 - INFO - 正在下载第 215/216 页...
2025-12-25 03:15:30 - mkk_comic - app.py:582 - INFO - 正在下载第 216/216 页...
2025-12-25 03:15:30 - mkk_comic - app.py:511 - INFO - 下载完成!
2025-12-25 03:15:30 - mkk_comic - app.py:512 - INFO - 成功下载: 216/216 页
2025-12-25 03:15:30 - mkk_comic - app.py:838 - INFO - 【电锯人】上次下载至第26章
2025-12-25 03:15:31 - mkk_comic - app.py:845 - INFO - 【电锯人】检测到更新！最新：250章
2025-12-25 03:15:31 - mkk_comic - app.py:848 - INFO - 【电锯人】最大下载限制为5章-需下载27~31章）
2025-12-25 03:15:32 - mkk_comic - app.py:494 - INFO - 正在下载第27章: 访谈    UUID:394e0b72-8e68-11e9-be9a-00163e0ca5bd
2025-12-25 03:15:32 - mkk_comic - app.py:502 - INFO - 创建目录: ./out/電鋸人/访谈
2025-12-25 03:15:32 - mkk_comic - app.py:505 - INFO - 开始下载: 電鋸人 - 访谈
2025-12-25 03:15:32 - mkk_comic - app.py:506 - INFO - 总页数: 2
2025-12-25 03:15:32 - mkk_comic - app.py:582 - INFO - 正在下载第 001/002 页...
2025-12-25 03:15:32 - mkk_comic - app.py:582 - INFO - 正在下载第 002/002 页...
2025-12-25 03:15:32 - mkk_comic - app.py:511 - INFO - 下载完成!
2025-12-25 03:15:32 - mkk_comic - app.py:512 - INFO - 成功下载: 2/2 页
2025-12-25 03:15:33 - mkk_comic - app.py:494 - INFO - 正在下载第28章: 第26话    UUID:e6987020-90bf-11e9-8506-00163e0ca5bd
2025-12-25 03:15:34 - mkk_comic - app.py:502 - INFO - 创建目录: ./out/電鋸人/第26话
2025-12-25 03:15:34 - mkk_comic - app.py:505 - INFO - 开始下载: 電鋸人 - 第26话
2025-12-25 03:15:34 - mkk_comic - app.py:506 - INFO - 总页数: 20
2025-12-25 03:15:34 - mkk_comic - app.py:582 - INFO - 正在下载第 001/020 页...
2025-12-25 03:15:34 - mkk_comic - app.py:582 - INFO - 正在下载第 002/020 页...
2025-12-25 03:15:34 - mkk_comic - app.py:582 - INFO - 正在下载第 003/020 页...
2025-12-25 03:15:34 - mkk_comic - app.py:582 - INFO - 正在下载第 004/020 页...
2025-12-25 03:15:34 - mkk_comic - app.py:582 - INFO - 正在下载第 005/020 页...
2025-12-25 03:15:34 - mkk_comic - app.py:582 - INFO - 正在下载第 006/020 页...
2025-12-25 03:15:34 - mkk_comic - app.py:582 - INFO - 正在下载第 007/020 页...
2025-12-25 03:15:34 - mkk_comic - app.py:582 - INFO - 正在下载第 008/020 页...
2025-12-25 03:15:34 - mkk_comic - app.py:582 - INFO - 正在下载第 009/020 页...
2025-12-25 03:15:34 - mkk_comic - app.py:582 - INFO - 正在下载第 010/020 页...
2025-12-25 03:15:34 - mkk_comic - app.py:582 - INFO - 正在下载第 011/020 页...
2025-12-25 03:15:34 - mkk_comic - app.py:582 - INFO - 正在下载第 012/020 页...
2025-12-25 03:15:34 - mkk_comic - app.py:582 - INFO - 正在下载第 013/020 页...
2025-12-25 03:15:34 - mkk_comic - app.py:582 - INFO - 正在下载第 014/020 页...
2025-12-25 03:15:34 - mkk_comic - app.py:582 - INFO - 正在下载第 015/020 页...
2025-12-25 03:15:34 - mkk_comic - app.py:582 - INFO - 正在下载第 016/020 页...
2025-12-25 03:15:34 - mkk_comic - app.py:582 - INFO - 正在下载第 017/020 页...
2025-12-25 03:15:34 - mkk_comic - app.py:582 - INFO - 正在下载第 018/020 页...
2025-12-25 03:15:34 - mkk_comic - app.py:582 - INFO - 正在下载第 019/020 页...
2025-12-25 03:15:34 - mkk_comic - app.py:582 - INFO - 正在下载第 020/020 页...
2025-12-25 03:15:34 - mkk_comic - app.py:511 - INFO - 下载完成!
2025-12-25 03:15:34 - mkk_comic - app.py:512 - INFO - 成功下载: 20/20 页
2025-12-25 03:15:35 - mkk_comic - app.py:494 - INFO - 正在下载第29章: 第27话    UUID:da2510bc-9698-11e9-b446-00163e0ca5bd
2025-12-25 03:15:36 - mkk_comic - app.py:502 - INFO - 创建目录: ./out/電鋸人/第27话
2025-12-25 03:15:36 - mkk_comic - app.py:505 - INFO - 开始下载: 電鋸人 - 第27话
2025-12-25 03:15:36 - mkk_comic - app.py:506 - INFO - 总页数: 19
2025-12-25 03:15:36 - mkk_comic - app.py:582 - INFO - 正在下载第 001/019 页...
2025-12-25 03:15:36 - mkk_comic - app.py:582 - INFO - 正在下载第 002/019 页...
2025-12-25 03:15:36 - mkk_comic - app.py:582 - INFO - 正在下载第 003/019 页...
2025-12-25 03:15:36 - mkk_comic - app.py:582 - INFO - 正在下载第 004/019 页...
2025-12-25 03:15:36 - mkk_comic - app.py:582 - INFO - 正在下载第 005/019 页...
2025-12-25 03:15:36 - mkk_comic - app.py:582 - INFO - 正在下载第 006/019 页...
2025-12-25 03:15:36 - mkk_comic - app.py:582 - INFO - 正在下载第 007/019 页...
2025-12-25 03:15:36 - mkk_comic - app.py:582 - INFO - 正在下载第 008/019 页...
2025-12-25 03:15:36 - mkk_comic - app.py:582 - INFO - 正在下载第 009/019 页...
2025-12-25 03:15:36 - mkk_comic - app.py:582 - INFO - 正在下载第 010/019 页...
2025-12-25 03:15:36 - mkk_comic - app.py:582 - INFO - 正在下载第 011/019 页...
2025-12-25 03:15:36 - mkk_comic - app.py:582 - INFO - 正在下载第 012/019 页...
2025-12-25 03:15:36 - mkk_comic - app.py:582 - INFO - 正在下载第 013/019 页...
2025-12-25 03:15:36 - mkk_comic - app.py:582 - INFO - 正在下载第 014/019 页...
2025-12-25 03:15:36 - mkk_comic - app.py:582 - INFO - 正在下载第 015/019 页...
2025-12-25 03:15:36 - mkk_comic - app.py:582 - INFO - 正在下载第 016/019 页...
2025-12-25 03:15:36 - mkk_comic - app.py:582 - INFO - 正在下载第 017/019 页...
2025-12-25 03:15:36 - mkk_comic - app.py:582 - INFO - 正在下载第 018/019 页...
2025-12-25 03:15:36 - mkk_comic - app.py:582 - INFO - 正在下载第 019/019 页...
2025-12-25 03:15:36 - mkk_comic - app.py:511 - INFO - 下载完成!
2025-12-25 03:15:36 - mkk_comic - app.py:512 - INFO - 成功下载: 19/19 页
2025-12-25 03:15:37 - mkk_comic - app.py:494 - INFO - 正在下载第30章: 第28话    UUID:e79e7a6c-a197-11e9-b36a-00163e0ca5bd
2025-12-25 03:15:37 - mkk_comic - app.py:502 - INFO - 创建目录: ./out/電鋸人/第28话
2025-12-25 03:15:37 - mkk_comic - app.py:505 - INFO - 开始下载: 電鋸人 - 第28话
2025-12-25 03:15:37 - mkk_comic - app.py:506 - INFO - 总页数: 21
2025-12-25 03:15:37 - mkk_comic - app.py:582 - INFO - 正在下载第 001/021 页...
2025-12-25 03:15:37 - mkk_comic - app.py:582 - INFO - 正在下载第 002/021 页...
2025-12-25 03:15:37 - mkk_comic - app.py:582 - INFO - 正在下载第 003/021 页...
2025-12-25 03:15:37 - mkk_comic - app.py:582 - INFO - 正在下载第 004/021 页...
2025-12-25 03:15:37 - mkk_comic - app.py:582 - INFO - 正在下载第 005/021 页...
2025-12-25 03:15:37 - mkk_comic - app.py:582 - INFO - 正在下载第 006/021 页...
2025-12-25 03:15:37 - mkk_comic - app.py:582 - INFO - 正在下载第 007/021 页...
2025-12-25 03:15:37 - mkk_comic - app.py:582 - INFO - 正在下载第 008/021 页...
2025-12-25 03:15:37 - mkk_comic - app.py:582 - INFO - 正在下载第 009/021 页...
2025-12-25 03:15:37 - mkk_comic - app.py:582 - INFO - 正在下载第 010/021 页...
2025-12-25 03:15:38 - mkk_comic - app.py:582 - INFO - 正在下载第 011/021 页...
2025-12-25 03:15:38 - mkk_comic - app.py:582 - INFO - 正在下载第 012/021 页...
2025-12-25 03:15:38 - mkk_comic - app.py:582 - INFO - 正在下载第 013/021 页...
2025-12-25 03:15:38 - mkk_comic - app.py:582 - INFO - 正在下载第 014/021 页...
2025-12-25 03:15:38 - mkk_comic - app.py:582 - INFO - 正在下载第 015/021 页...
2025-12-25 03:15:38 - mkk_comic - app.py:582 - INFO - 正在下载第 016/021 页...
2025-12-25 03:15:38 - mkk_comic - app.py:582 - INFO - 正在下载第 017/021 页...
2025-12-25 03:15:38 - mkk_comic - app.py:582 - INFO - 正在下载第 018/021 页...
2025-12-25 03:15:38 - mkk_comic - app.py:582 - INFO - 正在下载第 019/021 页...
2025-12-25 03:15:38 - mkk_comic - app.py:582 - INFO - 正在下载第 020/021 页...
2025-12-25 03:15:38 - mkk_comic - app.py:582 - INFO - 正在下载第 021/021 页...
2025-12-25 03:15:38 - mkk_comic - app.py:511 - INFO - 下载完成!
2025-12-25 03:15:38 - mkk_comic - app.py:512 - INFO - 成功下载: 21/21 页
2025-12-25 03:15:38 - mkk_comic - app.py:494 - INFO - 正在下载第31章: 第29话    UUID:e79ea4ba-a197-11e9-b36a-00163e0ca5bd
2025-12-25 03:15:39 - mkk_comic - app.py:502 - INFO - 创建目录: ./out/電鋸人/第29话
2025-12-25 03:15:39 - mkk_comic - app.py:505 - INFO - 开始下载: 電鋸人 - 第29话
2025-12-25 03:15:39 - mkk_comic - app.py:506 - INFO - 总页数: 22
2025-12-25 03:15:39 - mkk_comic - app.py:582 - INFO - 正在下载第 001/022 页...
2025-12-25 03:15:39 - mkk_comic - app.py:582 - INFO - 正在下载第 002/022 页...
2025-12-25 03:15:39 - mkk_comic - app.py:582 - INFO - 正在下载第 003/022 页...
2025-12-25 03:15:39 - mkk_comic - app.py:582 - INFO - 正在下载第 004/022 页...
2025-12-25 03:15:39 - mkk_comic - app.py:582 - INFO - 正在下载第 005/022 页...
2025-12-25 03:15:39 - mkk_comic - app.py:582 - INFO - 正在下载第 006/022 页...
2025-12-25 03:15:39 - mkk_comic - app.py:582 - INFO - 正在下载第 007/022 页...
2025-12-25 03:15:39 - mkk_comic - app.py:582 - INFO - 正在下载第 008/022 页...
2025-12-25 03:15:39 - mkk_comic - app.py:582 - INFO - 正在下载第 009/022 页...
2025-12-25 03:15:39 - mkk_comic - app.py:582 - INFO - 正在下载第 010/022 页...
2025-12-25 03:15:39 - mkk_comic - app.py:582 - INFO - 正在下载第 011/022 页...
2025-12-25 03:15:39 - mkk_comic - app.py:582 - INFO - 正在下载第 012/022 页...
2025-12-25 03:15:39 - mkk_comic - app.py:582 - INFO - 正在下载第 013/022 页...
2025-12-25 03:15:39 - mkk_comic - app.py:582 - INFO - 正在下载第 014/022 页...
2025-12-25 03:15:39 - mkk_comic - app.py:582 - INFO - 正在下载第 015/022 页...
2025-12-25 03:15:39 - mkk_comic - app.py:582 - INFO - 正在下载第 016/022 页...
2025-12-25 03:15:39 - mkk_comic - app.py:582 - INFO - 正在下载第 017/022 页...
2025-12-25 03:15:39 - mkk_comic - app.py:582 - INFO - 正在下载第 018/022 页...
2025-12-25 03:15:39 - mkk_comic - app.py:582 - INFO - 正在下载第 019/022 页...
2025-12-25 03:15:39 - mkk_comic - app.py:582 - INFO - 正在下载第 020/022 页...
2025-12-25 03:15:39 - mkk_comic - app.py:582 - INFO - 正在下载第 021/022 页...
2025-12-25 03:15:39 - mkk_comic - app.py:582 - INFO - 正在下载第 022/022 页...
2025-12-25 03:15:40 - mkk_comic - app.py:511 - INFO - 下载完成!
2025-12-25 03:15:40 - mkk_comic - app.py:512 - INFO - 成功下载: 22/22 页
2025-12-25 03:15:40 - mkk_comic - app.py:858 - INFO - ===== 检查更新完成 =====

