2025-12-24 14:57:58 - mkk_comic - app.py:863 - INFO - 运行环境：GitHub Actions（自动化模式）
2025-12-24 14:57:58 - mkk_comic - app.py:820 - INFO - ===== 开始检查更新=====
2025-12-24 14:57:58 - mkk_comic - app.py:838 - INFO - 【海贼王】上次下载至第22章
2025-12-24 14:57:59 - mkk_comic - app.py:845 - INFO - 【海贼王】检测到更新！最新：374章
2025-12-24 14:57:59 - mkk_comic - app.py:848 - INFO - 【海贼王】最大下载限制为5章-需下载23~27章）
2025-12-24 14:57:59 - mkk_comic - app.py:494 - INFO - 正在下载第23章: 23卷    UUID:720b058b-c7bd-11e8-881b-024352452ce0
2025-12-24 14:58:00 - mkk_comic - app.py:502 - INFO - 创建目录: ./out/海贼王/23卷
2025-12-24 14:58:00 - mkk_comic - app.py:505 - INFO - 开始下载: 海贼王 - 23卷
2025-12-24 14:58:00 - mkk_comic - app.py:506 - INFO - 总页数: 232
2025-12-24 14:58:00 - mkk_comic - app.py:582 - INFO - 正在下载第 001/232 页...
2025-12-24 14:58:00 - mkk_comic - app.py:582 - INFO - 正在下载第 002/232 页...
2025-12-24 14:58:00 - mkk_comic - app.py:582 - INFO - 正在下载第 003/232 页...
2025-12-24 14:58:00 - mkk_comic - app.py:582 - INFO - 正在下载第 004/232 页...
2025-12-24 14:58:00 - mkk_comic - app.py:582 - INFO - 正在下载第 005/232 页...
2025-12-24 14:58:01 - mkk_comic - app.py:582 - INFO - 正在下载第 006/232 页...
2025-12-24 14:58:01 - mkk_comic - app.py:582 - INFO - 正在下载第 007/232 页...
2025-12-24 14:58:01 - mkk_comic - app.py:582 - INFO - 正在下载第 008/232 页...
2025-12-24 14:58:01 - mkk_comic - app.py:582 - INFO - 正在下载第 009/232 页...
2025-12-24 14:58:01 - mkk_comic - app.py:582 - INFO - 正在下载第 010/232 页...
2025-12-24 14:58:01 - mkk_comic - app.py:582 - INFO - 正在下载第 011/232 页...
2025-12-24 14:58:01 - mkk_comic - app.py:582 - INFO - 正在下载第 012/232 页...
2025-12-24 14:58:01 - mkk_comic - app.py:582 - INFO - 正在下载第 013/232 页...
2025-12-24 14:58:01 - mkk_comic - app.py:582 - INFO - 正在下载第 014/232 页...
2025-12-24 14:58:01 - mkk_comic - app.py:582 - INFO - 正在下载第 015/232 页...
2025-12-24 14:58:01 - mkk_comic - app.py:582 - INFO - 正在下载第 016/232 页...
2025-12-24 14:58:01 - mkk_comic - app.py:582 - INFO - 正在下载第 017/232 页...
2025-12-24 14:58:01 - mkk_comic - app.py:582 - INFO - 正在下载第 018/232 页...
2025-12-24 14:58:01 - mkk_comic - app.py:582 - INFO - 正在下载第 019/232 页...
2025-12-24 14:58:01 - mkk_comic - app.py:582 - INFO - 正在下载第 020/232 页...
2025-12-24 14:58:01 - mkk_comic - app.py:582 - INFO - 正在下载第 021/232 页...
2025-12-24 14:58:01 - mkk_comic - app.py:582 - INFO - 正在下载第 022/232 页...
2025-12-24 14:58:01 - mkk_comic - app.py:582 - INFO - 正在下载第 023/232 页...
2025-12-24 14:58:01 - mkk_comic - app.py:582 - INFO - 正在下载第 024/232 页...
2025-12-24 14:58:01 - mkk_comic - app.py:582 - INFO - 正在下载第 025/232 页...
2025-12-24 14:58:01 - mkk_comic - app.py:582 - INFO - 正在下载第 026/232 页...
2025-12-24 14:58:01 - mkk_comic - app.py:582 - INFO - 正在下载第 027/232 页...
2025-12-24 14:58:01 - mkk_comic - app.py:582 - INFO - 正在下载第 028/232 页...
2025-12-24 14:58:01 - mkk_comic - app.py:582 - INFO - 正在下载第 029/232 页...
2025-12-24 14:58:01 - mkk_comic - app.py:582 - INFO - 正在下载第 030/232 页...
2025-12-24 14:58:01 - mkk_comic - app.py:582 - INFO - 正在下载第 031/232 页...
2025-12-24 14:58:01 - mkk_comic - app.py:582 - INFO - 正在下载第 032/232 页...
2025-12-24 14:58:01 - mkk_comic - app.py:582 - INFO - 正在下载第 033/232 页...
2025-12-24 14:58:01 - mkk_comic - app.py:582 - INFO - 正在下载第 034/232 页...
2025-12-24 14:58:01 - mkk_comic - app.py:582 - INFO - 正在下载第 035/232 页...
2025-12-24 14:58:01 - mkk_comic - app.py:582 - INFO - 正在下载第 036/232 页...
2025-12-24 14:58:01 - mkk_comic - app.py:582 - INFO - 正在下载第 037/232 页...
2025-12-24 14:58:01 - mkk_comic - app.py:582 - INFO - 正在下载第 038/232 页...
2025-12-24 14:58:01 - mkk_comic - app.py:582 - INFO - 正在下载第 039/232 页...
2025-12-24 14:58:01 - mkk_comic - app.py:582 - INFO - 正在下载第 040/232 页...
2025-12-24 14:58:01 - mkk_comic - app.py:582 - INFO - 正在下载第 041/232 页...
2025-12-24 14:58:01 - mkk_comic - app.py:582 - INFO - 正在下载第 042/232 页...
2025-12-24 14:58:01 - mkk_comic - app.py:582 - INFO - 正在下载第 043/232 页...
2025-12-24 14:58:01 - mkk_comic - app.py:582 - INFO - 正在下载第 044/232 页...
2025-12-24 14:58:01 - mkk_comic - app.py:582 - INFO - 正在下载第 045/232 页...
2025-12-24 14:58:01 - mkk_comic - app.py:582 - INFO - 正在下载第 046/232 页...
2025-12-24 14:58:01 - mkk_comic - app.py:582 - INFO - 正在下载第 047/232 页...
2025-12-24 14:58:01 - mkk_comic - app.py:582 - INFO - 正在下载第 048/232 页...
2025-12-24 14:58:01 - mkk_comic - app.py:582 - INFO - 正在下载第 049/232 页...
2025-12-24 14:58:01 - mkk_comic - app.py:582 - INFO - 正在下载第 050/232 页...
2025-12-24 14:58:01 - mkk_comic - app.py:582 - INFO - 正在下载第 051/232 页...
2025-12-24 14:58:01 - mkk_comic - app.py:582 - INFO - 正在下载第 052/232 页...
2025-12-24 14:58:02 - mkk_comic - app.py:582 - INFO - 正在下载第 053/232 页...
2025-12-24 14:58:02 - mkk_comic - app.py:582 - INFO - 正在下载第 054/232 页...
2025-12-24 14:58:02 - mkk_comic - app.py:582 - INFO - 正在下载第 055/232 页...
2025-12-24 14:58:02 - mkk_comic - app.py:582 - INFO - 正在下载第 056/232 页...
2025-12-24 14:58:02 - mkk_comic - app.py:582 - INFO - 正在下载第 057/232 页...
2025-12-24 14:58:02 - mkk_comic - app.py:582 - INFO - 正在下载第 058/232 页...
2025-12-24 14:58:02 - mkk_comic - app.py:582 - INFO - 正在下载第 059/232 页...
2025-12-24 14:58:02 - mkk_comic - app.py:582 - INFO - 正在下载第 060/232 页...
2025-12-24 14:58:02 - mkk_comic - app.py:582 - INFO - 正在下载第 061/232 页...
2025-12-24 14:58:02 - mkk_comic - app.py:582 - INFO - 正在下载第 062/232 页...
2025-12-24 14:58:02 - mkk_comic - app.py:582 - INFO - 正在下载第 063/232 页...
2025-12-24 14:58:02 - mkk_comic - app.py:582 - INFO - 正在下载第 064/232 页...
2025-12-24 14:58:02 - mkk_comic - app.py:582 - INFO - 正在下载第 065/232 页...
2025-12-24 14:58:02 - mkk_comic - app.py:582 - INFO - 正在下载第 066/232 页...
2025-12-24 14:58:02 - mkk_comic - app.py:582 - INFO - 正在下载第 067/232 页...
2025-12-24 14:58:02 - mkk_comic - app.py:582 - INFO - 正在下载第 068/232 页...
2025-12-24 14:58:02 - mkk_comic - app.py:582 - INFO - 正在下载第 069/232 页...
2025-12-24 14:58:02 - mkk_comic - app.py:582 - INFO - 正在下载第 070/232 页...
2025-12-24 14:58:02 - mkk_comic - app.py:582 - INFO - 正在下载第 071/232 页...
2025-12-24 14:58:02 - mkk_comic - app.py:582 - INFO - 正在下载第 072/232 页...
2025-12-24 14:58:02 - mkk_comic - app.py:582 - INFO - 正在下载第 073/232 页...
2025-12-24 14:58:02 - mkk_comic - app.py:582 - INFO - 正在下载第 074/232 页...
2025-12-24 14:58:02 - mkk_comic - app.py:582 - INFO - 正在下载第 075/232 页...
2025-12-24 14:58:02 - mkk_comic - app.py:582 - INFO - 正在下载第 076/232 页...
2025-12-24 14:58:02 - mkk_comic - app.py:582 - INFO - 正在下载第 077/232 页...
2025-12-24 14:58:02 - mkk_comic - app.py:582 - INFO - 正在下载第 078/232 页...
2025-12-24 14:58:02 - mkk_comic - app.py:582 - INFO - 正在下载第 079/232 页...
2025-12-24 14:58:02 - mkk_comic - app.py:582 - INFO - 正在下载第 080/232 页...
2025-12-24 14:58:02 - mkk_comic - app.py:582 - INFO - 正在下载第 081/232 页...
2025-12-24 14:58:02 - mkk_comic - app.py:582 - INFO - 正在下载第 082/232 页...
2025-12-24 14:58:02 - mkk_comic - app.py:582 - INFO - 正在下载第 083/232 页...
2025-12-24 14:58:02 - mkk_comic - app.py:582 - INFO - 正在下载第 084/232 页...
2025-12-24 14:58:02 - mkk_comic - app.py:582 - INFO - 正在下载第 085/232 页...
2025-12-24 14:58:02 - mkk_comic - app.py:582 - INFO - 正在下载第 086/232 页...
2025-12-24 14:58:02 - mkk_comic - app.py:582 - INFO - 正在下载第 087/232 页...
2025-12-24 14:58:02 - mkk_comic - app.py:582 - INFO - 正在下载第 088/232 页...
2025-12-24 14:58:02 - mkk_comic - app.py:582 - INFO - 正在下载第 089/232 页...
2025-12-24 14:58:02 - mkk_comic - app.py:582 - INFO - 正在下载第 090/232 页...
2025-12-24 14:58:02 - mkk_comic - app.py:582 - INFO - 正在下载第 091/232 页...
2025-12-24 14:58:02 - mkk_comic - app.py:582 - INFO - 正在下载第 092/232 页...
2025-12-24 14:58:02 - mkk_comic - app.py:582 - INFO - 正在下载第 093/232 页...
2025-12-24 14:58:02 - mkk_comic - app.py:582 - INFO - 正在下载第 094/232 页...
2025-12-24 14:58:02 - mkk_comic - app.py:582 - INFO - 正在下载第 095/232 页...
2025-12-24 14:58:02 - mkk_comic - app.py:582 - INFO - 正在下载第 096/232 页...
2025-12-24 14:58:02 - mkk_comic - app.py:582 - INFO - 正在下载第 097/232 页...
2025-12-24 14:58:02 - mkk_comic - app.py:582 - INFO - 正在下载第 098/232 页...
2025-12-24 14:58:02 - mkk_comic - app.py:582 - INFO - 正在下载第 099/232 页...
2025-12-24 14:58:03 - mkk_comic - app.py:582 - INFO - 正在下载第 100/232 页...
2025-12-24 14:58:03 - mkk_comic - app.py:582 - INFO - 正在下载第 101/232 页...
2025-12-24 14:58:03 - mkk_comic - app.py:582 - INFO - 正在下载第 102/232 页...
2025-12-24 14:58:03 - mkk_comic - app.py:582 - INFO - 正在下载第 103/232 页...
2025-12-24 14:58:03 - mkk_comic - app.py:582 - INFO - 正在下载第 104/232 页...
2025-12-24 14:58:03 - mkk_comic - app.py:582 - INFO - 正在下载第 105/232 页...
2025-12-24 14:58:03 - mkk_comic - app.py:582 - INFO - 正在下载第 106/232 页...
2025-12-24 14:58:03 - mkk_comic - app.py:582 - INFO - 正在下载第 107/232 页...
2025-12-24 14:58:03 - mkk_comic - app.py:582 - INFO - 正在下载第 108/232 页...
2025-12-24 14:58:03 - mkk_comic - app.py:582 - INFO - 正在下载第 109/232 页...
2025-12-24 14:58:03 - mkk_comic - app.py:582 - INFO - 正在下载第 110/232 页...
2025-12-24 14:58:03 - mkk_comic - app.py:582 - INFO - 正在下载第 111/232 页...
2025-12-24 14:58:03 - mkk_comic - app.py:582 - INFO - 正在下载第 112/232 页...
2025-12-24 14:58:03 - mkk_comic - app.py:582 - INFO - 正在下载第 113/232 页...
2025-12-24 14:58:03 - mkk_comic - app.py:582 - INFO - 正在下载第 114/232 页...
2025-12-24 14:58:03 - mkk_comic - app.py:582 - INFO - 正在下载第 115/232 页...
2025-12-24 14:58:03 - mkk_comic - app.py:582 - INFO - 正在下载第 116/232 页...
2025-12-24 14:58:03 - mkk_comic - app.py:582 - INFO - 正在下载第 117/232 页...
2025-12-24 14:58:03 - mkk_comic - app.py:582 - INFO - 正在下载第 118/232 页...
2025-12-24 14:58:03 - mkk_comic - app.py:582 - INFO - 正在下载第 119/232 页...
2025-12-24 14:58:03 - mkk_comic - app.py:582 - INFO - 正在下载第 120/232 页...
2025-12-24 14:58:03 - mkk_comic - app.py:582 - INFO - 正在下载第 121/232 页...
2025-12-24 14:58:03 - mkk_comic - app.py:582 - INFO - 正在下载第 122/232 页...
2025-12-24 14:58:03 - mkk_comic - app.py:582 - INFO - 正在下载第 123/232 页...
2025-12-24 14:58:03 - mkk_comic - app.py:582 - INFO - 正在下载第 124/232 页...
2025-12-24 14:58:03 - mkk_comic - app.py:582 - INFO - 正在下载第 125/232 页...
2025-12-24 14:58:03 - mkk_comic - app.py:582 - INFO - 正在下载第 126/232 页...
2025-12-24 14:58:03 - mkk_comic - app.py:582 - INFO - 正在下载第 127/232 页...
2025-12-24 14:58:03 - mkk_comic - app.py:582 - INFO - 正在下载第 128/232 页...
2025-12-24 14:58:03 - mkk_comic - app.py:582 - INFO - 正在下载第 129/232 页...
2025-12-24 14:58:03 - mkk_comic - app.py:582 - INFO - 正在下载第 130/232 页...
2025-12-24 14:58:03 - mkk_comic - app.py:582 - INFO - 正在下载第 131/232 页...
2025-12-24 14:58:03 - mkk_comic - app.py:582 - INFO - 正在下载第 132/232 页...
2025-12-24 14:58:03 - mkk_comic - app.py:582 - INFO - 正在下载第 133/232 页...
2025-12-24 14:58:03 - mkk_comic - app.py:582 - INFO - 正在下载第 134/232 页...
2025-12-24 14:58:03 - mkk_comic - app.py:582 - INFO - 正在下载第 135/232 页...
2025-12-24 14:58:03 - mkk_comic - app.py:582 - INFO - 正在下载第 136/232 页...
2025-12-24 14:58:03 - mkk_comic - app.py:582 - INFO - 正在下载第 137/232 页...
2025-12-24 14:58:03 - mkk_comic - app.py:582 - INFO - 正在下载第 138/232 页...
2025-12-24 14:58:03 - mkk_comic - app.py:582 - INFO - 正在下载第 139/232 页...
2025-12-24 14:58:03 - mkk_comic - app.py:582 - INFO - 正在下载第 140/232 页...
2025-12-24 14:58:03 - mkk_comic - app.py:582 - INFO - 正在下载第 141/232 页...
2025-12-24 14:58:03 - mkk_comic - app.py:582 - INFO - 正在下载第 142/232 页...
2025-12-24 14:58:03 - mkk_comic - app.py:582 - INFO - 正在下载第 143/232 页...
2025-12-24 14:58:03 - mkk_comic - app.py:582 - INFO - 正在下载第 144/232 页...
2025-12-24 14:58:03 - mkk_comic - app.py:582 - INFO - 正在下载第 145/232 页...
2025-12-24 14:58:03 - mkk_comic - app.py:582 - INFO - 正在下载第 146/232 页...
2025-12-24 14:58:03 - mkk_comic - app.py:582 - INFO - 正在下载第 147/232 页...
2025-12-24 14:58:03 - mkk_comic - app.py:582 - INFO - 正在下载第 148/232 页...
2025-12-24 14:58:03 - mkk_comic - app.py:582 - INFO - 正在下载第 149/232 页...
2025-12-24 14:58:03 - mkk_comic - app.py:582 - INFO - 正在下载第 150/232 页...
2025-12-24 14:58:03 - mkk_comic - app.py:582 - INFO - 正在下载第 151/232 页...
2025-12-24 14:58:03 - mkk_comic - app.py:582 - INFO - 正在下载第 152/232 页...
2025-12-24 14:58:03 - mkk_comic - app.py:582 - INFO - 正在下载第 153/232 页...
2025-12-24 14:58:04 - mkk_comic - app.py:582 - INFO - 正在下载第 154/232 页...
2025-12-24 14:58:04 - mkk_comic - app.py:582 - INFO - 正在下载第 155/232 页...
2025-12-24 14:58:04 - mkk_comic - app.py:582 - INFO - 正在下载第 156/232 页...
2025-12-24 14:58:04 - mkk_comic - app.py:582 - INFO - 正在下载第 157/232 页...
2025-12-24 14:58:04 - mkk_comic - app.py:582 - INFO - 正在下载第 158/232 页...
2025-12-24 14:58:04 - mkk_comic - app.py:582 - INFO - 正在下载第 159/232 页...
2025-12-24 14:58:04 - mkk_comic - app.py:582 - INFO - 正在下载第 160/232 页...
2025-12-24 14:58:04 - mkk_comic - app.py:582 - INFO - 正在下载第 161/232 页...
2025-12-24 14:58:04 - mkk_comic - app.py:582 - INFO - 正在下载第 162/232 页...
2025-12-24 14:58:04 - mkk_comic - app.py:582 - INFO - 正在下载第 163/232 页...
2025-12-24 14:58:04 - mkk_comic - app.py:582 - INFO - 正在下载第 164/232 页...
2025-12-24 14:58:04 - mkk_comic - app.py:582 - INFO - 正在下载第 165/232 页...
2025-12-24 14:58:04 - mkk_comic - app.py:582 - INFO - 正在下载第 166/232 页...
2025-12-24 14:58:04 - mkk_comic - app.py:582 - INFO - 正在下载第 167/232 页...
2025-12-24 14:58:04 - mkk_comic - app.py:582 - INFO - 正在下载第 168/232 页...
2025-12-24 14:58:04 - mkk_comic - app.py:582 - INFO - 正在下载第 169/232 页...
2025-12-24 14:58:04 - mkk_comic - app.py:582 - INFO - 正在下载第 170/232 页...
2025-12-24 14:58:04 - mkk_comic - app.py:582 - INFO - 正在下载第 171/232 页...
2025-12-24 14:58:04 - mkk_comic - app.py:582 - INFO - 正在下载第 172/232 页...
2025-12-24 14:58:04 - mkk_comic - app.py:582 - INFO - 正在下载第 173/232 页...
2025-12-24 14:58:04 - mkk_comic - app.py:582 - INFO - 正在下载第 174/232 页...
2025-12-24 14:58:04 - mkk_comic - app.py:582 - INFO - 正在下载第 175/232 页...
2025-12-24 14:58:04 - mkk_comic - app.py:582 - INFO - 正在下载第 176/232 页...
2025-12-24 14:58:04 - mkk_comic - app.py:582 - INFO - 正在下载第 177/232 页...
2025-12-24 14:58:04 - mkk_comic - app.py:582 - INFO - 正在下载第 178/232 页...
2025-12-24 14:58:04 - mkk_comic - app.py:582 - INFO - 正在下载第 179/232 页...
2025-12-24 14:58:04 - mkk_comic - app.py:582 - INFO - 正在下载第 180/232 页...
2025-12-24 14:58:04 - mkk_comic - app.py:582 - INFO - 正在下载第 181/232 页...
2025-12-24 14:58:04 - mkk_comic - app.py:582 - INFO - 正在下载第 182/232 页...
2025-12-24 14:58:04 - mkk_comic - app.py:582 - INFO - 正在下载第 183/232 页...
2025-12-24 14:58:04 - mkk_comic - app.py:582 - INFO - 正在下载第 184/232 页...
2025-12-24 14:58:04 - mkk_comic - app.py:582 - INFO - 正在下载第 185/232 页...
2025-12-24 14:58:04 - mkk_comic - app.py:582 - INFO - 正在下载第 186/232 页...
2025-12-24 14:58:04 - mkk_comic - app.py:582 - INFO - 正在下载第 187/232 页...
2025-12-24 14:58:04 - mkk_comic - app.py:582 - INFO - 正在下载第 188/232 页...
2025-12-24 14:58:04 - mkk_comic - app.py:582 - INFO - 正在下载第 189/232 页...
2025-12-24 14:58:04 - mkk_comic - app.py:582 - INFO - 正在下载第 190/232 页...
2025-12-24 14:58:04 - mkk_comic - app.py:582 - INFO - 正在下载第 191/232 页...
2025-12-24 14:58:04 - mkk_comic - app.py:582 - INFO - 正在下载第 192/232 页...
2025-12-24 14:58:04 - mkk_comic - app.py:582 - INFO - 正在下载第 193/232 页...
2025-12-24 14:58:04 - mkk_comic - app.py:582 - INFO - 正在下载第 194/232 页...
2025-12-24 14:58:04 - mkk_comic - app.py:582 - INFO - 正在下载第 195/232 页...
2025-12-24 14:58:04 - mkk_comic - app.py:582 - INFO - 正在下载第 196/232 页...
2025-12-24 14:58:04 - mkk_comic - app.py:582 - INFO - 正在下载第 197/232 页...
2025-12-24 14:58:04 - mkk_comic - app.py:582 - INFO - 正在下载第 198/232 页...
2025-12-24 14:58:04 - mkk_comic - app.py:582 - INFO - 正在下载第 199/232 页...
2025-12-24 14:58:04 - mkk_comic - app.py:582 - INFO - 正在下载第 200/232 页...
2025-12-24 14:58:04 - mkk_comic - app.py:582 - INFO - 正在下载第 201/232 页...
2025-12-24 14:58:04 - mkk_comic - app.py:582 - INFO - 正在下载第 202/232 页...
2025-12-24 14:58:04 - mkk_comic - app.py:582 - INFO - 正在下载第 203/232 页...
2025-12-24 14:58:04 - mkk_comic - app.py:582 - INFO - 正在下载第 204/232 页...
2025-12-24 14:58:04 - mkk_comic - app.py:582 - INFO - 正在下载第 205/232 页...
2025-12-24 14:58:04 - mkk_comic - app.py:582 - INFO - 正在下载第 206/232 页...
2025-12-24 14:58:04 - mkk_comic - app.py:582 - INFO - 正在下载第 207/232 页...
2025-12-24 14:58:04 - mkk_comic - app.py:582 - INFO - 正在下载第 208/232 页...
2025-12-24 14:58:05 - mkk_comic - app.py:582 - INFO - 正在下载第 209/232 页...
2025-12-24 14:58:05 - mkk_comic - app.py:582 - INFO - 正在下载第 210/232 页...
2025-12-24 14:58:05 - mkk_comic - app.py:582 - INFO - 正在下载第 211/232 页...
2025-12-24 14:58:05 - mkk_comic - app.py:582 - INFO - 正在下载第 212/232 页...
2025-12-24 14:58:05 - mkk_comic - app.py:582 - INFO - 正在下载第 213/232 页...
2025-12-24 14:58:05 - mkk_comic - app.py:582 - INFO - 正在下载第 214/232 页...
2025-12-24 14:58:05 - mkk_comic - app.py:582 - INFO - 正在下载第 215/232 页...
2025-12-24 14:58:05 - mkk_comic - app.py:582 - INFO - 正在下载第 216/232 页...
2025-12-24 14:58:05 - mkk_comic - app.py:582 - INFO - 正在下载第 217/232 页...
2025-12-24 14:58:05 - mkk_comic - app.py:582 - INFO - 正在下载第 218/232 页...
2025-12-24 14:58:05 - mkk_comic - app.py:582 - INFO - 正在下载第 219/232 页...
2025-12-24 14:58:05 - mkk_comic - app.py:582 - INFO - 正在下载第 220/232 页...
2025-12-24 14:58:05 - mkk_comic - app.py:582 - INFO - 正在下载第 221/232 页...
2025-12-24 14:58:05 - mkk_comic - app.py:582 - INFO - 正在下载第 222/232 页...
2025-12-24 14:58:05 - mkk_comic - app.py:582 - INFO - 正在下载第 223/232 页...
2025-12-24 14:58:05 - mkk_comic - app.py:582 - INFO - 正在下载第 224/232 页...
2025-12-24 14:58:05 - mkk_comic - app.py:582 - INFO - 正在下载第 225/232 页...
2025-12-24 14:58:05 - mkk_comic - app.py:582 - INFO - 正在下载第 226/232 页...
2025-12-24 14:58:05 - mkk_comic - app.py:582 - INFO - 正在下载第 227/232 页...
2025-12-24 14:58:05 - mkk_comic - app.py:582 - INFO - 正在下载第 228/232 页...
2025-12-24 14:58:05 - mkk_comic - app.py:582 - INFO - 正在下载第 229/232 页...
2025-12-24 14:58:05 - mkk_comic - app.py:582 - INFO - 正在下载第 230/232 页...
2025-12-24 14:58:05 - mkk_comic - app.py:582 - INFO - 正在下载第 231/232 页...
2025-12-24 14:58:05 - mkk_comic - app.py:582 - INFO - 正在下载第 232/232 页...
2025-12-24 14:58:05 - mkk_comic - app.py:511 - INFO - 下载完成!
2025-12-24 14:58:05 - mkk_comic - app.py:512 - INFO - 成功下载: 232/232 页
2025-12-24 14:58:06 - mkk_comic - app.py:494 - INFO - 正在下载第24章: 24卷    UUID:821d9553-c7bd-11e8-881b-024352452ce0
2025-12-24 14:58:07 - mkk_comic - app.py:502 - INFO - 创建目录: ./out/海贼王/24卷
2025-12-24 14:58:07 - mkk_comic - app.py:505 - INFO - 开始下载: 海贼王 - 24卷
2025-12-24 14:58:07 - mkk_comic - app.py:506 - INFO - 总页数: 213
2025-12-24 14:58:07 - mkk_comic - app.py:582 - INFO - 正在下载第 001/213 页...
2025-12-24 14:58:07 - mkk_comic - app.py:582 - INFO - 正在下载第 002/213 页...
2025-12-24 14:58:07 - mkk_comic - app.py:582 - INFO - 正在下载第 003/213 页...
2025-12-24 14:58:07 - mkk_comic - app.py:582 - INFO - 正在下载第 004/213 页...
2025-12-24 14:58:07 - mkk_comic - app.py:582 - INFO - 正在下载第 005/213 页...
2025-12-24 14:58:07 - mkk_comic - app.py:582 - INFO - 正在下载第 006/213 页...
2025-12-24 14:58:07 - mkk_comic - app.py:582 - INFO - 正在下载第 007/213 页...
2025-12-24 14:58:07 - mkk_comic - app.py:582 - INFO - 正在下载第 008/213 页...
2025-12-24 14:58:07 - mkk_comic - app.py:582 - INFO - 正在下载第 009/213 页...
2025-12-24 14:58:07 - mkk_comic - app.py:582 - INFO - 正在下载第 010/213 页...
2025-12-24 14:58:07 - mkk_comic - app.py:582 - INFO - 正在下载第 011/213 页...
2025-12-24 14:58:07 - mkk_comic - app.py:582 - INFO - 正在下载第 012/213 页...
2025-12-24 14:58:07 - mkk_comic - app.py:582 - INFO - 正在下载第 013/213 页...
2025-12-24 14:58:07 - mkk_comic - app.py:582 - INFO - 正在下载第 014/213 页...
2025-12-24 14:58:07 - mkk_comic - app.py:582 - INFO - 正在下载第 015/213 页...
2025-12-24 14:58:07 - mkk_comic - app.py:582 - INFO - 正在下载第 016/213 页...
2025-12-24 14:58:07 - mkk_comic - app.py:582 - INFO - 正在下载第 017/213 页...
2025-12-24 14:58:07 - mkk_comic - app.py:582 - INFO - 正在下载第 018/213 页...
2025-12-24 14:58:07 - mkk_comic - app.py:582 - INFO - 正在下载第 019/213 页...
2025-12-24 14:58:07 - mkk_comic - app.py:582 - INFO - 正在下载第 020/213 页...
2025-12-24 14:58:07 - mkk_comic - app.py:582 - INFO - 正在下载第 021/213 页...
2025-12-24 14:58:07 - mkk_comic - app.py:582 - INFO - 正在下载第 022/213 页...
2025-12-24 14:58:07 - mkk_comic - app.py:582 - INFO - 正在下载第 023/213 页...
2025-12-24 14:58:07 - mkk_comic - app.py:582 - INFO - 正在下载第 024/213 页...
2025-12-24 14:58:07 - mkk_comic - app.py:582 - INFO - 正在下载第 025/213 页...
2025-12-24 14:58:07 - mkk_comic - app.py:582 - INFO - 正在下载第 026/213 页...
2025-12-24 14:58:07 - mkk_comic - app.py:582 - INFO - 正在下载第 027/213 页...
2025-12-24 14:58:07 - mkk_comic - app.py:582 - INFO - 正在下载第 028/213 页...
2025-12-24 14:58:07 - mkk_comic - app.py:582 - INFO - 正在下载第 029/213 页...
2025-12-24 14:58:07 - mkk_comic - app.py:582 - INFO - 正在下载第 030/213 页...
2025-12-24 14:58:07 - mkk_comic - app.py:582 - INFO - 正在下载第 031/213 页...
2025-12-24 14:58:07 - mkk_comic - app.py:582 - INFO - 正在下载第 032/213 页...
2025-12-24 14:58:07 - mkk_comic - app.py:582 - INFO - 正在下载第 033/213 页...
2025-12-24 14:58:07 - mkk_comic - app.py:582 - INFO - 正在下载第 034/213 页...
2025-12-24 14:58:07 - mkk_comic - app.py:582 - INFO - 正在下载第 035/213 页...
2025-12-24 14:58:07 - mkk_comic - app.py:582 - INFO - 正在下载第 036/213 页...
2025-12-24 14:58:07 - mkk_comic - app.py:582 - INFO - 正在下载第 037/213 页...
2025-12-24 14:58:07 - mkk_comic - app.py:582 - INFO - 正在下载第 038/213 页...
2025-12-24 14:58:08 - mkk_comic - app.py:582 - INFO - 正在下载第 039/213 页...
2025-12-24 14:58:08 - mkk_comic - app.py:582 - INFO - 正在下载第 040/213 页...
2025-12-24 14:58:08 - mkk_comic - app.py:582 - INFO - 正在下载第 041/213 页...
2025-12-24 14:58:08 - mkk_comic - app.py:582 - INFO - 正在下载第 042/213 页...
2025-12-24 14:58:08 - mkk_comic - app.py:582 - INFO - 正在下载第 043/213 页...
2025-12-24 14:58:08 - mkk_comic - app.py:582 - INFO - 正在下载第 044/213 页...
2025-12-24 14:58:08 - mkk_comic - app.py:582 - INFO - 正在下载第 045/213 页...
2025-12-24 14:58:08 - mkk_comic - app.py:582 - INFO - 正在下载第 046/213 页...
2025-12-24 14:58:08 - mkk_comic - app.py:582 - INFO - 正在下载第 047/213 页...
2025-12-24 14:58:08 - mkk_comic - app.py:582 - INFO - 正在下载第 048/213 页...
2025-12-24 14:58:08 - mkk_comic - app.py:582 - INFO - 正在下载第 049/213 页...
2025-12-24 14:58:08 - mkk_comic - app.py:582 - INFO - 正在下载第 050/213 页...
2025-12-24 14:58:08 - mkk_comic - app.py:582 - INFO - 正在下载第 051/213 页...
2025-12-24 14:58:08 - mkk_comic - app.py:582 - INFO - 正在下载第 052/213 页...
2025-12-24 14:58:08 - mkk_comic - app.py:582 - INFO - 正在下载第 053/213 页...
2025-12-24 14:58:08 - mkk_comic - app.py:582 - INFO - 正在下载第 054/213 页...
2025-12-24 14:58:08 - mkk_comic - app.py:582 - INFO - 正在下载第 055/213 页...
2025-12-24 14:58:08 - mkk_comic - app.py:582 - INFO - 正在下载第 056/213 页...
2025-12-24 14:58:08 - mkk_comic - app.py:582 - INFO - 正在下载第 057/213 页...
2025-12-24 14:58:08 - mkk_comic - app.py:582 - INFO - 正在下载第 058/213 页...
2025-12-24 14:58:08 - mkk_comic - app.py:582 - INFO - 正在下载第 059/213 页...
2025-12-24 14:58:08 - mkk_comic - app.py:582 - INFO - 正在下载第 060/213 页...
2025-12-24 14:58:08 - mkk_comic - app.py:582 - INFO - 正在下载第 061/213 页...
2025-12-24 14:58:08 - mkk_comic - app.py:582 - INFO - 正在下载第 062/213 页...
2025-12-24 14:58:08 - mkk_comic - app.py:582 - INFO - 正在下载第 063/213 页...
2025-12-24 14:58:08 - mkk_comic - app.py:582 - INFO - 正在下载第 064/213 页...
2025-12-24 14:58:08 - mkk_comic - app.py:582 - INFO - 正在下载第 065/213 页...
2025-12-24 14:58:08 - mkk_comic - app.py:582 - INFO - 正在下载第 066/213 页...
2025-12-24 14:58:08 - mkk_comic - app.py:582 - INFO - 正在下载第 067/213 页...
2025-12-24 14:58:08 - mkk_comic - app.py:582 - INFO - 正在下载第 068/213 页...
2025-12-24 14:58:08 - mkk_comic - app.py:582 - INFO - 正在下载第 069/213 页...
2025-12-24 14:58:08 - mkk_comic - app.py:582 - INFO - 正在下载第 070/213 页...
2025-12-24 14:58:08 - mkk_comic - app.py:582 - INFO - 正在下载第 071/213 页...
2025-12-24 14:58:08 - mkk_comic - app.py:582 - INFO - 正在下载第 072/213 页...
2025-12-24 14:58:08 - mkk_comic - app.py:582 - INFO - 正在下载第 073/213 页...
2025-12-24 14:58:08 - mkk_comic - app.py:582 - INFO - 正在下载第 074/213 页...
2025-12-24 14:58:08 - mkk_comic - app.py:582 - INFO - 正在下载第 075/213 页...
2025-12-24 14:58:08 - mkk_comic - app.py:582 - INFO - 正在下载第 076/213 页...
2025-12-24 14:58:08 - mkk_comic - app.py:582 - INFO - 正在下载第 077/213 页...
2025-12-24 14:58:08 - mkk_comic - app.py:582 - INFO - 正在下载第 078/213 页...
2025-12-24 14:58:08 - mkk_comic - app.py:582 - INFO - 正在下载第 079/213 页...
2025-12-24 14:58:08 - mkk_comic - app.py:582 - INFO - 正在下载第 080/213 页...
2025-12-24 14:58:08 - mkk_comic - app.py:582 - INFO - 正在下载第 081/213 页...
2025-12-24 14:58:08 - mkk_comic - app.py:582 - INFO - 正在下载第 082/213 页...
2025-12-24 14:58:08 - mkk_comic - app.py:582 - INFO - 正在下载第 083/213 页...
2025-12-24 14:58:08 - mkk_comic - app.py:582 - INFO - 正在下载第 084/213 页...
2025-12-24 14:58:08 - mkk_comic - app.py:582 - INFO - 正在下载第 085/213 页...
2025-12-24 14:58:08 - mkk_comic - app.py:582 - INFO - 正在下载第 086/213 页...
2025-12-24 14:58:08 - mkk_comic - app.py:582 - INFO - 正在下载第 087/213 页...
2025-12-24 14:58:08 - mkk_comic - app.py:582 - INFO - 正在下载第 088/213 页...
2025-12-24 14:58:08 - mkk_comic - app.py:582 - INFO - 正在下载第 089/213 页...
2025-12-24 14:58:08 - mkk_comic - app.py:582 - INFO - 正在下载第 090/213 页...
2025-12-24 14:58:08 - mkk_comic - app.py:582 - INFO - 正在下载第 091/213 页...
2025-12-24 14:58:09 - mkk_comic - app.py:582 - INFO - 正在下载第 092/213 页...
2025-12-24 14:58:09 - mkk_comic - app.py:582 - INFO - 正在下载第 093/213 页...
2025-12-24 14:58:09 - mkk_comic - app.py:582 - INFO - 正在下载第 094/213 页...
2025-12-24 14:58:09 - mkk_comic - app.py:582 - INFO - 正在下载第 095/213 页...
2025-12-24 14:58:09 - mkk_comic - app.py:582 - INFO - 正在下载第 096/213 页...
2025-12-24 14:58:09 - mkk_comic - app.py:582 - INFO - 正在下载第 097/213 页...
2025-12-24 14:58:09 - mkk_comic - app.py:582 - INFO - 正在下载第 098/213 页...
2025-12-24 14:58:09 - mkk_comic - app.py:582 - INFO - 正在下载第 099/213 页...
2025-12-24 14:58:09 - mkk_comic - app.py:582 - INFO - 正在下载第 100/213 页...
2025-12-24 14:58:09 - mkk_comic - app.py:582 - INFO - 正在下载第 101/213 页...
2025-12-24 14:58:09 - mkk_comic - app.py:582 - INFO - 正在下载第 102/213 页...
2025-12-24 14:58:09 - mkk_comic - app.py:582 - INFO - 正在下载第 103/213 页...
2025-12-24 14:58:09 - mkk_comic - app.py:582 - INFO - 正在下载第 104/213 页...
2025-12-24 14:58:09 - mkk_comic - app.py:582 - INFO - 正在下载第 105/213 页...
2025-12-24 14:58:09 - mkk_comic - app.py:582 - INFO - 正在下载第 106/213 页...
2025-12-24 14:58:09 - mkk_comic - app.py:582 - INFO - 正在下载第 107/213 页...
2025-12-24 14:58:09 - mkk_comic - app.py:582 - INFO - 正在下载第 108/213 页...
2025-12-24 14:58:09 - mkk_comic - app.py:582 - INFO - 正在下载第 109/213 页...
2025-12-24 14:58:09 - mkk_comic - app.py:582 - INFO - 正在下载第 110/213 页...
2025-12-24 14:58:09 - mkk_comic - app.py:582 - INFO - 正在下载第 111/213 页...
2025-12-24 14:58:09 - mkk_comic - app.py:582 - INFO - 正在下载第 112/213 页...
2025-12-24 14:58:09 - mkk_comic - app.py:582 - INFO - 正在下载第 113/213 页...
2025-12-24 14:58:09 - mkk_comic - app.py:582 - INFO - 正在下载第 114/213 页...
2025-12-24 14:58:09 - mkk_comic - app.py:582 - INFO - 正在下载第 115/213 页...
2025-12-24 14:58:09 - mkk_comic - app.py:582 - INFO - 正在下载第 116/213 页...
2025-12-24 14:58:09 - mkk_comic - app.py:582 - INFO - 正在下载第 117/213 页...
2025-12-24 14:58:09 - mkk_comic - app.py:582 - INFO - 正在下载第 118/213 页...
2025-12-24 14:58:09 - mkk_comic - app.py:582 - INFO - 正在下载第 119/213 页...
2025-12-24 14:58:09 - mkk_comic - app.py:582 - INFO - 正在下载第 120/213 页...
2025-12-24 14:58:09 - mkk_comic - app.py:582 - INFO - 正在下载第 121/213 页...
2025-12-24 14:58:09 - mkk_comic - app.py:582 - INFO - 正在下载第 122/213 页...
2025-12-24 14:58:09 - mkk_comic - app.py:582 - INFO - 正在下载第 123/213 页...
2025-12-24 14:58:09 - mkk_comic - app.py:582 - INFO - 正在下载第 124/213 页...
2025-12-24 14:58:09 - mkk_comic - app.py:582 - INFO - 正在下载第 125/213 页...
2025-12-24 14:58:09 - mkk_comic - app.py:582 - INFO - 正在下载第 126/213 页...
2025-12-24 14:58:09 - mkk_comic - app.py:582 - INFO - 正在下载第 127/213 页...
2025-12-24 14:58:09 - mkk_comic - app.py:582 - INFO - 正在下载第 128/213 页...
2025-12-24 14:58:09 - mkk_comic - app.py:582 - INFO - 正在下载第 129/213 页...
2025-12-24 14:58:09 - mkk_comic - app.py:582 - INFO - 正在下载第 130/213 页...
2025-12-24 14:58:09 - mkk_comic - app.py:582 - INFO - 正在下载第 131/213 页...
2025-12-24 14:58:09 - mkk_comic - app.py:582 - INFO - 正在下载第 132/213 页...
2025-12-24 14:58:09 - mkk_comic - app.py:582 - INFO - 正在下载第 133/213 页...
2025-12-24 14:58:09 - mkk_comic - app.py:582 - INFO - 正在下载第 134/213 页...
2025-12-24 14:58:09 - mkk_comic - app.py:582 - INFO - 正在下载第 135/213 页...
2025-12-24 14:58:09 - mkk_comic - app.py:582 - INFO - 正在下载第 136/213 页...
2025-12-24 14:58:09 - mkk_comic - app.py:582 - INFO - 正在下载第 137/213 页...
2025-12-24 14:58:09 - mkk_comic - app.py:582 - INFO - 正在下载第 138/213 页...
2025-12-24 14:58:09 - mkk_comic - app.py:582 - INFO - 正在下载第 139/213 页...
2025-12-24 14:58:09 - mkk_comic - app.py:582 - INFO - 正在下载第 140/213 页...
2025-12-24 14:58:09 - mkk_comic - app.py:582 - INFO - 正在下载第 141/213 页...
2025-12-24 14:58:09 - mkk_comic - app.py:582 - INFO - 正在下载第 142/213 页...
2025-12-24 14:58:09 - mkk_comic - app.py:582 - INFO - 正在下载第 143/213 页...
2025-12-24 14:58:09 - mkk_comic - app.py:582 - INFO - 正在下载第 144/213 页...
2025-12-24 14:58:09 - mkk_comic - app.py:582 - INFO - 正在下载第 145/213 页...
2025-12-24 14:58:09 - mkk_comic - app.py:582 - INFO - 正在下载第 146/213 页...
2025-12-24 14:58:10 - mkk_comic - app.py:582 - INFO - 正在下载第 147/213 页...
2025-12-24 14:58:10 - mkk_comic - app.py:582 - INFO - 正在下载第 148/213 页...
2025-12-24 14:58:10 - mkk_comic - app.py:582 - INFO - 正在下载第 149/213 页...
2025-12-24 14:58:10 - mkk_comic - app.py:582 - INFO - 正在下载第 150/213 页...
2025-12-24 14:58:10 - mkk_comic - app.py:582 - INFO - 正在下载第 151/213 页...
2025-12-24 14:58:10 - mkk_comic - app.py:582 - INFO - 正在下载第 152/213 页...
2025-12-24 14:58:10 - mkk_comic - app.py:582 - INFO - 正在下载第 153/213 页...
2025-12-24 14:58:10 - mkk_comic - app.py:582 - INFO - 正在下载第 154/213 页...
2025-12-24 14:58:10 - mkk_comic - app.py:582 - INFO - 正在下载第 155/213 页...
2025-12-24 14:58:10 - mkk_comic - app.py:582 - INFO - 正在下载第 156/213 页...
2025-12-24 14:58:10 - mkk_comic - app.py:582 - INFO - 正在下载第 157/213 页...
2025-12-24 14:58:10 - mkk_comic - app.py:582 - INFO - 正在下载第 158/213 页...
2025-12-24 14:58:10 - mkk_comic - app.py:582 - INFO - 正在下载第 159/213 页...
2025-12-24 14:58:10 - mkk_comic - app.py:582 - INFO - 正在下载第 160/213 页...
2025-12-24 14:58:10 - mkk_comic - app.py:582 - INFO - 正在下载第 161/213 页...
2025-12-24 14:58:10 - mkk_comic - app.py:582 - INFO - 正在下载第 162/213 页...
2025-12-24 14:58:10 - mkk_comic - app.py:582 - INFO - 正在下载第 163/213 页...
2025-12-24 14:58:10 - mkk_comic - app.py:582 - INFO - 正在下载第 164/213 页...
2025-12-24 14:58:10 - mkk_comic - app.py:582 - INFO - 正在下载第 165/213 页...
2025-12-24 14:58:10 - mkk_comic - app.py:582 - INFO - 正在下载第 166/213 页...
2025-12-24 14:58:10 - mkk_comic - app.py:582 - INFO - 正在下载第 167/213 页...
2025-12-24 14:58:10 - mkk_comic - app.py:582 - INFO - 正在下载第 168/213 页...
2025-12-24 14:58:10 - mkk_comic - app.py:582 - INFO - 正在下载第 169/213 页...
2025-12-24 14:58:10 - mkk_comic - app.py:582 - INFO - 正在下载第 170/213 页...
2025-12-24 14:58:10 - mkk_comic - app.py:582 - INFO - 正在下载第 171/213 页...
2025-12-24 14:58:10 - mkk_comic - app.py:582 - INFO - 正在下载第 172/213 页...
2025-12-24 14:58:10 - mkk_comic - app.py:582 - INFO - 正在下载第 173/213 页...
2025-12-24 14:58:10 - mkk_comic - app.py:582 - INFO - 正在下载第 174/213 页...
2025-12-24 14:58:10 - mkk_comic - app.py:582 - INFO - 正在下载第 175/213 页...
2025-12-24 14:58:10 - mkk_comic - app.py:582 - INFO - 正在下载第 176/213 页...
2025-12-24 14:58:10 - mkk_comic - app.py:582 - INFO - 正在下载第 177/213 页...
2025-12-24 14:58:10 - mkk_comic - app.py:582 - INFO - 正在下载第 178/213 页...
2025-12-24 14:58:10 - mkk_comic - app.py:582 - INFO - 正在下载第 179/213 页...
2025-12-24 14:58:10 - mkk_comic - app.py:582 - INFO - 正在下载第 180/213 页...
2025-12-24 14:58:10 - mkk_comic - app.py:582 - INFO - 正在下载第 181/213 页...
2025-12-24 14:58:10 - mkk_comic - app.py:582 - INFO - 正在下载第 182/213 页...
2025-12-24 14:58:10 - mkk_comic - app.py:582 - INFO - 正在下载第 183/213 页...
2025-12-24 14:58:10 - mkk_comic - app.py:582 - INFO - 正在下载第 184/213 页...
2025-12-24 14:58:10 - mkk_comic - app.py:582 - INFO - 正在下载第 185/213 页...
2025-12-24 14:58:10 - mkk_comic - app.py:582 - INFO - 正在下载第 186/213 页...
2025-12-24 14:58:10 - mkk_comic - app.py:582 - INFO - 正在下载第 187/213 页...
2025-12-24 14:58:10 - mkk_comic - app.py:582 - INFO - 正在下载第 188/213 页...
2025-12-24 14:58:10 - mkk_comic - app.py:582 - INFO - 正在下载第 189/213 页...
2025-12-24 14:58:10 - mkk_comic - app.py:582 - INFO - 正在下载第 190/213 页...
2025-12-24 14:58:10 - mkk_comic - app.py:582 - INFO - 正在下载第 191/213 页...
2025-12-24 14:58:10 - mkk_comic - app.py:582 - INFO - 正在下载第 192/213 页...
2025-12-24 14:58:10 - mkk_comic - app.py:582 - INFO - 正在下载第 193/213 页...
2025-12-24 14:58:10 - mkk_comic - app.py:582 - INFO - 正在下载第 194/213 页...
2025-12-24 14:58:10 - mkk_comic - app.py:582 - INFO - 正在下载第 195/213 页...
2025-12-24 14:58:10 - mkk_comic - app.py:582 - INFO - 正在下载第 196/213 页...
2025-12-24 14:58:10 - mkk_comic - app.py:582 - INFO - 正在下载第 197/213 页...
2025-12-24 14:58:10 - mkk_comic - app.py:582 - INFO - 正在下载第 198/213 页...
2025-12-24 14:58:10 - mkk_comic - app.py:582 - INFO - 正在下载第 199/213 页...
2025-12-24 14:58:11 - mkk_comic - app.py:582 - INFO - 正在下载第 200/213 页...
2025-12-24 14:58:11 - mkk_comic - app.py:582 - INFO - 正在下载第 201/213 页...
2025-12-24 14:58:11 - mkk_comic - app.py:582 - INFO - 正在下载第 202/213 页...
2025-12-24 14:58:11 - mkk_comic - app.py:582 - INFO - 正在下载第 203/213 页...
2025-12-24 14:58:11 - mkk_comic - app.py:582 - INFO - 正在下载第 204/213 页...
2025-12-24 14:58:11 - mkk_comic - app.py:582 - INFO - 正在下载第 205/213 页...
2025-12-24 14:58:11 - mkk_comic - app.py:582 - INFO - 正在下载第 206/213 页...
2025-12-24 14:58:11 - mkk_comic - app.py:582 - INFO - 正在下载第 207/213 页...
2025-12-24 14:58:11 - mkk_comic - app.py:582 - INFO - 正在下载第 208/213 页...
2025-12-24 14:58:11 - mkk_comic - app.py:582 - INFO - 正在下载第 209/213 页...
2025-12-24 14:58:11 - mkk_comic - app.py:582 - INFO - 正在下载第 210/213 页...
2025-12-24 14:58:11 - mkk_comic - app.py:582 - INFO - 正在下载第 211/213 页...
2025-12-24 14:58:11 - mkk_comic - app.py:582 - INFO - 正在下载第 212/213 页...
2025-12-24 14:58:11 - mkk_comic - app.py:582 - INFO - 正在下载第 213/213 页...
2025-12-24 14:58:11 - mkk_comic - app.py:511 - INFO - 下载完成!
2025-12-24 14:58:11 - mkk_comic - app.py:512 - INFO - 成功下载: 213/213 页
2025-12-24 14:58:12 - mkk_comic - app.py:494 - INFO - 正在下载第25章: 25卷    UUID:8fd9bbfd-c7bd-11e8-881b-024352452ce0
2025-12-24 14:58:13 - mkk_comic - app.py:502 - INFO - 创建目录: ./out/海贼王/25卷
2025-12-24 14:58:13 - mkk_comic - app.py:505 - INFO - 开始下载: 海贼王 - 25卷
2025-12-24 14:58:13 - mkk_comic - app.py:506 - INFO - 总页数: 214
2025-12-24 14:58:13 - mkk_comic - app.py:582 - INFO - 正在下载第 001/214 页...
2025-12-24 14:58:13 - mkk_comic - app.py:582 - INFO - 正在下载第 002/214 页...
2025-12-24 14:58:13 - mkk_comic - app.py:582 - INFO - 正在下载第 003/214 页...
2025-12-24 14:58:13 - mkk_comic - app.py:582 - INFO - 正在下载第 004/214 页...
2025-12-24 14:58:13 - mkk_comic - app.py:582 - INFO - 正在下载第 005/214 页...
2025-12-24 14:58:13 - mkk_comic - app.py:582 - INFO - 正在下载第 006/214 页...
2025-12-24 14:58:13 - mkk_comic - app.py:582 - INFO - 正在下载第 007/214 页...
2025-12-24 14:58:13 - mkk_comic - app.py:582 - INFO - 正在下载第 008/214 页...
2025-12-24 14:58:13 - mkk_comic - app.py:582 - INFO - 正在下载第 009/214 页...
2025-12-24 14:58:13 - mkk_comic - app.py:582 - INFO - 正在下载第 010/214 页...
2025-12-24 14:58:13 - mkk_comic - app.py:582 - INFO - 正在下载第 011/214 页...
2025-12-24 14:58:13 - mkk_comic - app.py:582 - INFO - 正在下载第 012/214 页...
2025-12-24 14:58:13 - mkk_comic - app.py:582 - INFO - 正在下载第 013/214 页...
2025-12-24 14:58:13 - mkk_comic - app.py:582 - INFO - 正在下载第 014/214 页...
2025-12-24 14:58:13 - mkk_comic - app.py:582 - INFO - 正在下载第 015/214 页...
2025-12-24 14:58:13 - mkk_comic - app.py:582 - INFO - 正在下载第 016/214 页...
2025-12-24 14:58:13 - mkk_comic - app.py:582 - INFO - 正在下载第 017/214 页...
2025-12-24 14:58:13 - mkk_comic - app.py:582 - INFO - 正在下载第 018/214 页...
2025-12-24 14:58:13 - mkk_comic - app.py:582 - INFO - 正在下载第 019/214 页...
2025-12-24 14:58:13 - mkk_comic - app.py:582 - INFO - 正在下载第 020/214 页...
2025-12-24 14:58:13 - mkk_comic - app.py:582 - INFO - 正在下载第 021/214 页...
2025-12-24 14:58:13 - mkk_comic - app.py:582 - INFO - 正在下载第 022/214 页...
2025-12-24 14:58:13 - mkk_comic - app.py:582 - INFO - 正在下载第 023/214 页...
2025-12-24 14:58:13 - mkk_comic - app.py:582 - INFO - 正在下载第 024/214 页...
2025-12-24 14:58:13 - mkk_comic - app.py:582 - INFO - 正在下载第 025/214 页...
2025-12-24 14:58:13 - mkk_comic - app.py:582 - INFO - 正在下载第 026/214 页...
2025-12-24 14:58:13 - mkk_comic - app.py:582 - INFO - 正在下载第 027/214 页...
2025-12-24 14:58:13 - mkk_comic - app.py:582 - INFO - 正在下载第 028/214 页...
2025-12-24 14:58:13 - mkk_comic - app.py:582 - INFO - 正在下载第 029/214 页...
2025-12-24 14:58:13 - mkk_comic - app.py:582 - INFO - 正在下载第 030/214 页...
2025-12-24 14:58:13 - mkk_comic - app.py:582 - INFO - 正在下载第 031/214 页...
2025-12-24 14:58:13 - mkk_comic - app.py:582 - INFO - 正在下载第 032/214 页...
2025-12-24 14:58:13 - mkk_comic - app.py:582 - INFO - 正在下载第 033/214 页...
2025-12-24 14:58:13 - mkk_comic - app.py:582 - INFO - 正在下载第 034/214 页...
2025-12-24 14:58:13 - mkk_comic - app.py:582 - INFO - 正在下载第 035/214 页...
2025-12-24 14:58:13 - mkk_comic - app.py:582 - INFO - 正在下载第 036/214 页...
2025-12-24 14:58:13 - mkk_comic - app.py:582 - INFO - 正在下载第 037/214 页...
2025-12-24 14:58:13 - mkk_comic - app.py:582 - INFO - 正在下载第 038/214 页...
2025-12-24 14:58:13 - mkk_comic - app.py:582 - INFO - 正在下载第 039/214 页...
2025-12-24 14:58:13 - mkk_comic - app.py:582 - INFO - 正在下载第 040/214 页...
2025-12-24 14:58:13 - mkk_comic - app.py:582 - INFO - 正在下载第 041/214 页...
2025-12-24 14:58:13 - mkk_comic - app.py:582 - INFO - 正在下载第 042/214 页...
2025-12-24 14:58:13 - mkk_comic - app.py:582 - INFO - 正在下载第 043/214 页...
2025-12-24 14:58:13 - mkk_comic - app.py:582 - INFO - 正在下载第 044/214 页...
2025-12-24 14:58:13 - mkk_comic - app.py:582 - INFO - 正在下载第 045/214 页...
2025-12-24 14:58:13 - mkk_comic - app.py:582 - INFO - 正在下载第 046/214 页...
2025-12-24 14:58:13 - mkk_comic - app.py:582 - INFO - 正在下载第 047/214 页...
2025-12-24 14:58:13 - mkk_comic - app.py:582 - INFO - 正在下载第 048/214 页...
2025-12-24 14:58:14 - mkk_comic - app.py:582 - INFO - 正在下载第 049/214 页...
2025-12-24 14:58:14 - mkk_comic - app.py:582 - INFO - 正在下载第 050/214 页...
2025-12-24 14:58:14 - mkk_comic - app.py:582 - INFO - 正在下载第 051/214 页...
2025-12-24 14:58:14 - mkk_comic - app.py:582 - INFO - 正在下载第 052/214 页...
2025-12-24 14:58:14 - mkk_comic - app.py:582 - INFO - 正在下载第 053/214 页...
2025-12-24 14:58:14 - mkk_comic - app.py:582 - INFO - 正在下载第 054/214 页...
2025-12-24 14:58:14 - mkk_comic - app.py:582 - INFO - 正在下载第 055/214 页...
2025-12-24 14:58:14 - mkk_comic - app.py:582 - INFO - 正在下载第 056/214 页...
2025-12-24 14:58:14 - mkk_comic - app.py:582 - INFO - 正在下载第 057/214 页...
2025-12-24 14:58:14 - mkk_comic - app.py:582 - INFO - 正在下载第 058/214 页...
2025-12-24 14:58:14 - mkk_comic - app.py:582 - INFO - 正在下载第 059/214 页...
2025-12-24 14:58:14 - mkk_comic - app.py:582 - INFO - 正在下载第 060/214 页...
2025-12-24 14:58:14 - mkk_comic - app.py:582 - INFO - 正在下载第 061/214 页...
2025-12-24 14:58:14 - mkk_comic - app.py:582 - INFO - 正在下载第 062/214 页...
2025-12-24 14:58:14 - mkk_comic - app.py:582 - INFO - 正在下载第 063/214 页...
2025-12-24 14:58:14 - mkk_comic - app.py:582 - INFO - 正在下载第 064/214 页...
2025-12-24 14:58:14 - mkk_comic - app.py:582 - INFO - 正在下载第 065/214 页...
2025-12-24 14:58:14 - mkk_comic - app.py:582 - INFO - 正在下载第 066/214 页...
2025-12-24 14:58:14 - mkk_comic - app.py:582 - INFO - 正在下载第 067/214 页...
2025-12-24 14:58:14 - mkk_comic - app.py:582 - INFO - 正在下载第 068/214 页...
2025-12-24 14:58:14 - mkk_comic - app.py:582 - INFO - 正在下载第 069/214 页...
2025-12-24 14:58:14 - mkk_comic - app.py:582 - INFO - 正在下载第 070/214 页...
2025-12-24 14:58:14 - mkk_comic - app.py:582 - INFO - 正在下载第 071/214 页...
2025-12-24 14:58:14 - mkk_comic - app.py:582 - INFO - 正在下载第 072/214 页...
2025-12-24 14:58:14 - mkk_comic - app.py:582 - INFO - 正在下载第 073/214 页...
2025-12-24 14:58:14 - mkk_comic - app.py:582 - INFO - 正在下载第 074/214 页...
2025-12-24 14:58:14 - mkk_comic - app.py:582 - INFO - 正在下载第 075/214 页...
2025-12-24 14:58:14 - mkk_comic - app.py:582 - INFO - 正在下载第 076/214 页...
2025-12-24 14:58:14 - mkk_comic - app.py:582 - INFO - 正在下载第 077/214 页...
2025-12-24 14:58:14 - mkk_comic - app.py:582 - INFO - 正在下载第 078/214 页...
2025-12-24 14:58:14 - mkk_comic - app.py:582 - INFO - 正在下载第 079/214 页...
2025-12-24 14:58:14 - mkk_comic - app.py:582 - INFO - 正在下载第 080/214 页...
2025-12-24 14:58:14 - mkk_comic - app.py:582 - INFO - 正在下载第 081/214 页...
2025-12-24 14:58:14 - mkk_comic - app.py:582 - INFO - 正在下载第 082/214 页...
2025-12-24 14:58:14 - mkk_comic - app.py:582 - INFO - 正在下载第 083/214 页...
2025-12-24 14:58:14 - mkk_comic - app.py:582 - INFO - 正在下载第 084/214 页...
2025-12-24 14:58:14 - mkk_comic - app.py:582 - INFO - 正在下载第 085/214 页...
2025-12-24 14:58:14 - mkk_comic - app.py:582 - INFO - 正在下载第 086/214 页...
2025-12-24 14:58:14 - mkk_comic - app.py:582 - INFO - 正在下载第 087/214 页...
2025-12-24 14:58:14 - mkk_comic - app.py:582 - INFO - 正在下载第 088/214 页...
2025-12-24 14:58:14 - mkk_comic - app.py:582 - INFO - 正在下载第 089/214 页...
2025-12-24 14:58:14 - mkk_comic - app.py:582 - INFO - 正在下载第 090/214 页...
2025-12-24 14:58:14 - mkk_comic - app.py:582 - INFO - 正在下载第 091/214 页...
2025-12-24 14:58:14 - mkk_comic - app.py:582 - INFO - 正在下载第 092/214 页...
2025-12-24 14:58:14 - mkk_comic - app.py:582 - INFO - 正在下载第 093/214 页...
2025-12-24 14:58:14 - mkk_comic - app.py:582 - INFO - 正在下载第 094/214 页...
2025-12-24 14:58:14 - mkk_comic - app.py:582 - INFO - 正在下载第 095/214 页...
2025-12-24 14:58:14 - mkk_comic - app.py:582 - INFO - 正在下载第 096/214 页...
2025-12-24 14:58:14 - mkk_comic - app.py:582 - INFO - 正在下载第 097/214 页...
2025-12-24 14:58:14 - mkk_comic - app.py:582 - INFO - 正在下载第 098/214 页...
2025-12-24 14:58:14 - mkk_comic - app.py:582 - INFO - 正在下载第 099/214 页...
2025-12-24 14:58:14 - mkk_comic - app.py:582 - INFO - 正在下载第 100/214 页...
2025-12-24 14:58:14 - mkk_comic - app.py:582 - INFO - 正在下载第 101/214 页...
2025-12-24 14:58:15 - mkk_comic - app.py:582 - INFO - 正在下载第 102/214 页...
2025-12-24 14:58:15 - mkk_comic - app.py:582 - INFO - 正在下载第 103/214 页...
2025-12-24 14:58:15 - mkk_comic - app.py:582 - INFO - 正在下载第 104/214 页...
2025-12-24 14:58:15 - mkk_comic - app.py:582 - INFO - 正在下载第 105/214 页...
2025-12-24 14:58:15 - mkk_comic - app.py:582 - INFO - 正在下载第 106/214 页...
2025-12-24 14:58:15 - mkk_comic - app.py:582 - INFO - 正在下载第 107/214 页...
2025-12-24 14:58:15 - mkk_comic - app.py:582 - INFO - 正在下载第 108/214 页...
2025-12-24 14:58:15 - mkk_comic - app.py:582 - INFO - 正在下载第 109/214 页...
2025-12-24 14:58:15 - mkk_comic - app.py:582 - INFO - 正在下载第 110/214 页...
2025-12-24 14:58:15 - mkk_comic - app.py:582 - INFO - 正在下载第 111/214 页...
2025-12-24 14:58:15 - mkk_comic - app.py:582 - INFO - 正在下载第 112/214 页...
2025-12-24 14:58:15 - mkk_comic - app.py:582 - INFO - 正在下载第 113/214 页...
2025-12-24 14:58:15 - mkk_comic - app.py:582 - INFO - 正在下载第 114/214 页...
2025-12-24 14:58:15 - mkk_comic - app.py:582 - INFO - 正在下载第 115/214 页...
2025-12-24 14:58:15 - mkk_comic - app.py:582 - INFO - 正在下载第 116/214 页...
2025-12-24 14:58:15 - mkk_comic - app.py:582 - INFO - 正在下载第 117/214 页...
2025-12-24 14:58:15 - mkk_comic - app.py:582 - INFO - 正在下载第 118/214 页...
2025-12-24 14:58:15 - mkk_comic - app.py:582 - INFO - 正在下载第 119/214 页...
2025-12-24 14:58:15 - mkk_comic - app.py:582 - INFO - 正在下载第 120/214 页...
2025-12-24 14:58:15 - mkk_comic - app.py:582 - INFO - 正在下载第 121/214 页...
2025-12-24 14:58:15 - mkk_comic - app.py:582 - INFO - 正在下载第 122/214 页...
2025-12-24 14:58:15 - mkk_comic - app.py:582 - INFO - 正在下载第 123/214 页...
2025-12-24 14:58:15 - mkk_comic - app.py:582 - INFO - 正在下载第 124/214 页...
2025-12-24 14:58:15 - mkk_comic - app.py:582 - INFO - 正在下载第 125/214 页...
2025-12-24 14:58:15 - mkk_comic - app.py:582 - INFO - 正在下载第 126/214 页...
2025-12-24 14:58:15 - mkk_comic - app.py:582 - INFO - 正在下载第 127/214 页...
2025-12-24 14:58:15 - mkk_comic - app.py:582 - INFO - 正在下载第 128/214 页...
2025-12-24 14:58:15 - mkk_comic - app.py:582 - INFO - 正在下载第 129/214 页...
2025-12-24 14:58:15 - mkk_comic - app.py:582 - INFO - 正在下载第 130/214 页...
2025-12-24 14:58:15 - mkk_comic - app.py:582 - INFO - 正在下载第 131/214 页...
2025-12-24 14:58:15 - mkk_comic - app.py:582 - INFO - 正在下载第 132/214 页...
2025-12-24 14:58:15 - mkk_comic - app.py:582 - INFO - 正在下载第 133/214 页...
2025-12-24 14:58:15 - mkk_comic - app.py:582 - INFO - 正在下载第 134/214 页...
2025-12-24 14:58:15 - mkk_comic - app.py:582 - INFO - 正在下载第 135/214 页...
2025-12-24 14:58:15 - mkk_comic - app.py:582 - INFO - 正在下载第 136/214 页...
2025-12-24 14:58:15 - mkk_comic - app.py:582 - INFO - 正在下载第 137/214 页...
2025-12-24 14:58:15 - mkk_comic - app.py:582 - INFO - 正在下载第 138/214 页...
2025-12-24 14:58:15 - mkk_comic - app.py:582 - INFO - 正在下载第 139/214 页...
2025-12-24 14:58:15 - mkk_comic - app.py:582 - INFO - 正在下载第 140/214 页...
2025-12-24 14:58:15 - mkk_comic - app.py:582 - INFO - 正在下载第 141/214 页...
2025-12-24 14:58:15 - mkk_comic - app.py:582 - INFO - 正在下载第 142/214 页...
2025-12-24 14:58:15 - mkk_comic - app.py:582 - INFO - 正在下载第 143/214 页...
2025-12-24 14:58:15 - mkk_comic - app.py:582 - INFO - 正在下载第 144/214 页...
2025-12-24 14:58:15 - mkk_comic - app.py:582 - INFO - 正在下载第 145/214 页...
2025-12-24 14:58:15 - mkk_comic - app.py:582 - INFO - 正在下载第 146/214 页...
2025-12-24 14:58:15 - mkk_comic - app.py:582 - INFO - 正在下载第 147/214 页...
2025-12-24 14:58:15 - mkk_comic - app.py:582 - INFO - 正在下载第 148/214 页...
2025-12-24 14:58:15 - mkk_comic - app.py:582 - INFO - 正在下载第 149/214 页...
2025-12-24 14:58:15 - mkk_comic - app.py:582 - INFO - 正在下载第 150/214 页...
2025-12-24 14:58:15 - mkk_comic - app.py:582 - INFO - 正在下载第 151/214 页...
2025-12-24 14:58:15 - mkk_comic - app.py:582 - INFO - 正在下载第 152/214 页...
2025-12-24 14:58:15 - mkk_comic - app.py:582 - INFO - 正在下载第 153/214 页...
2025-12-24 14:58:15 - mkk_comic - app.py:582 - INFO - 正在下载第 154/214 页...
2025-12-24 14:58:16 - mkk_comic - app.py:582 - INFO - 正在下载第 155/214 页...
2025-12-24 14:58:16 - mkk_comic - app.py:582 - INFO - 正在下载第 156/214 页...
2025-12-24 14:58:16 - mkk_comic - app.py:582 - INFO - 正在下载第 157/214 页...
2025-12-24 14:58:16 - mkk_comic - app.py:582 - INFO - 正在下载第 158/214 页...
2025-12-24 14:58:16 - mkk_comic - app.py:582 - INFO - 正在下载第 159/214 页...
2025-12-24 14:58:16 - mkk_comic - app.py:582 - INFO - 正在下载第 160/214 页...
2025-12-24 14:58:16 - mkk_comic - app.py:582 - INFO - 正在下载第 161/214 页...
2025-12-24 14:58:16 - mkk_comic - app.py:582 - INFO - 正在下载第 162/214 页...
2025-12-24 14:58:16 - mkk_comic - app.py:582 - INFO - 正在下载第 163/214 页...
2025-12-24 14:58:16 - mkk_comic - app.py:582 - INFO - 正在下载第 164/214 页...
2025-12-24 14:58:16 - mkk_comic - app.py:582 - INFO - 正在下载第 165/214 页...
2025-12-24 14:58:16 - mkk_comic - app.py:582 - INFO - 正在下载第 166/214 页...
2025-12-24 14:58:16 - mkk_comic - app.py:582 - INFO - 正在下载第 167/214 页...
2025-12-24 14:58:16 - mkk_comic - app.py:582 - INFO - 正在下载第 168/214 页...
2025-12-24 14:58:16 - mkk_comic - app.py:582 - INFO - 正在下载第 169/214 页...
2025-12-24 14:58:16 - mkk_comic - app.py:582 - INFO - 正在下载第 170/214 页...
2025-12-24 14:58:16 - mkk_comic - app.py:582 - INFO - 正在下载第 171/214 页...
2025-12-24 14:58:16 - mkk_comic - app.py:582 - INFO - 正在下载第 172/214 页...
2025-12-24 14:58:16 - mkk_comic - app.py:582 - INFO - 正在下载第 173/214 页...
2025-12-24 14:58:16 - mkk_comic - app.py:582 - INFO - 正在下载第 174/214 页...
2025-12-24 14:58:16 - mkk_comic - app.py:582 - INFO - 正在下载第 175/214 页...
2025-12-24 14:58:16 - mkk_comic - app.py:582 - INFO - 正在下载第 176/214 页...
2025-12-24 14:58:16 - mkk_comic - app.py:582 - INFO - 正在下载第 177/214 页...
2025-12-24 14:58:16 - mkk_comic - app.py:582 - INFO - 正在下载第 178/214 页...
2025-12-24 14:58:16 - mkk_comic - app.py:582 - INFO - 正在下载第 179/214 页...
2025-12-24 14:58:16 - mkk_comic - app.py:582 - INFO - 正在下载第 180/214 页...
2025-12-24 14:58:16 - mkk_comic - app.py:582 - INFO - 正在下载第 181/214 页...
2025-12-24 14:58:16 - mkk_comic - app.py:582 - INFO - 正在下载第 182/214 页...
2025-12-24 14:58:16 - mkk_comic - app.py:582 - INFO - 正在下载第 183/214 页...
2025-12-24 14:58:16 - mkk_comic - app.py:582 - INFO - 正在下载第 184/214 页...
2025-12-24 14:58:16 - mkk_comic - app.py:582 - INFO - 正在下载第 185/214 页...
2025-12-24 14:58:16 - mkk_comic - app.py:582 - INFO - 正在下载第 186/214 页...
2025-12-24 14:58:16 - mkk_comic - app.py:582 - INFO - 正在下载第 187/214 页...
2025-12-24 14:58:16 - mkk_comic - app.py:582 - INFO - 正在下载第 188/214 页...
2025-12-24 14:58:16 - mkk_comic - app.py:582 - INFO - 正在下载第 189/214 页...
2025-12-24 14:58:16 - mkk_comic - app.py:582 - INFO - 正在下载第 190/214 页...
2025-12-24 14:58:16 - mkk_comic - app.py:582 - INFO - 正在下载第 191/214 页...
2025-12-24 14:58:16 - mkk_comic - app.py:582 - INFO - 正在下载第 192/214 页...
2025-12-24 14:58:16 - mkk_comic - app.py:582 - INFO - 正在下载第 193/214 页...
2025-12-24 14:58:16 - mkk_comic - app.py:582 - INFO - 正在下载第 194/214 页...
2025-12-24 14:58:16 - mkk_comic - app.py:582 - INFO - 正在下载第 195/214 页...
2025-12-24 14:58:16 - mkk_comic - app.py:582 - INFO - 正在下载第 196/214 页...
2025-12-24 14:58:16 - mkk_comic - app.py:582 - INFO - 正在下载第 197/214 页...
2025-12-24 14:58:16 - mkk_comic - app.py:582 - INFO - 正在下载第 198/214 页...
2025-12-24 14:58:16 - mkk_comic - app.py:582 - INFO - 正在下载第 199/214 页...
2025-12-24 14:58:16 - mkk_comic - app.py:582 - INFO - 正在下载第 200/214 页...
2025-12-24 14:58:16 - mkk_comic - app.py:582 - INFO - 正在下载第 201/214 页...
2025-12-24 14:58:16 - mkk_comic - app.py:582 - INFO - 正在下载第 202/214 页...
2025-12-24 14:58:16 - mkk_comic - app.py:582 - INFO - 正在下载第 203/214 页...
2025-12-24 14:58:16 - mkk_comic - app.py:582 - INFO - 正在下载第 204/214 页...
2025-12-24 14:58:16 - mkk_comic - app.py:582 - INFO - 正在下载第 205/214 页...
2025-12-24 14:58:16 - mkk_comic - app.py:582 - INFO - 正在下载第 206/214 页...
2025-12-24 14:58:16 - mkk_comic - app.py:582 - INFO - 正在下载第 207/214 页...
2025-12-24 14:58:16 - mkk_comic - app.py:582 - INFO - 正在下载第 208/214 页...
2025-12-24 14:58:16 - mkk_comic - app.py:582 - INFO - 正在下载第 209/214 页...
2025-12-24 14:58:17 - mkk_comic - app.py:582 - INFO - 正在下载第 210/214 页...
2025-12-24 14:58:17 - mkk_comic - app.py:582 - INFO - 正在下载第 211/214 页...
2025-12-24 14:58:17 - mkk_comic - app.py:582 - INFO - 正在下载第 212/214 页...
2025-12-24 14:58:17 - mkk_comic - app.py:582 - INFO - 正在下载第 213/214 页...
2025-12-24 14:58:17 - mkk_comic - app.py:582 - INFO - 正在下载第 214/214 页...
2025-12-24 14:58:17 - mkk_comic - app.py:511 - INFO - 下载完成!
2025-12-24 14:58:17 - mkk_comic - app.py:512 - INFO - 成功下载: 214/214 页
2025-12-24 14:58:17 - mkk_comic - app.py:494 - INFO - 正在下载第26章: 26卷    UUID:d19a9c1a-c7bd-11e8-881b-024352452ce0
2025-12-24 14:58:18 - mkk_comic - app.py:502 - INFO - 创建目录: ./out/海贼王/26卷
2025-12-24 14:58:18 - mkk_comic - app.py:505 - INFO - 开始下载: 海贼王 - 26卷
2025-12-24 14:58:18 - mkk_comic - app.py:506 - INFO - 总页数: 203
2025-12-24 14:58:18 - mkk_comic - app.py:582 - INFO - 正在下载第 001/203 页...
2025-12-24 14:58:18 - mkk_comic - app.py:582 - INFO - 正在下载第 002/203 页...
2025-12-24 14:58:18 - mkk_comic - app.py:582 - INFO - 正在下载第 003/203 页...
2025-12-24 14:58:18 - mkk_comic - app.py:582 - INFO - 正在下载第 004/203 页...
2025-12-24 14:58:18 - mkk_comic - app.py:582 - INFO - 正在下载第 005/203 页...
2025-12-24 14:58:18 - mkk_comic - app.py:582 - INFO - 正在下载第 006/203 页...
2025-12-24 14:58:18 - mkk_comic - app.py:582 - INFO - 正在下载第 007/203 页...
2025-12-24 14:58:18 - mkk_comic - app.py:582 - INFO - 正在下载第 008/203 页...
2025-12-24 14:58:18 - mkk_comic - app.py:582 - INFO - 正在下载第 009/203 页...
2025-12-24 14:58:18 - mkk_comic - app.py:582 - INFO - 正在下载第 010/203 页...
2025-12-24 14:58:19 - mkk_comic - app.py:582 - INFO - 正在下载第 011/203 页...
2025-12-24 14:58:19 - mkk_comic - app.py:582 - INFO - 正在下载第 012/203 页...
2025-12-24 14:58:19 - mkk_comic - app.py:582 - INFO - 正在下载第 013/203 页...
2025-12-24 14:58:19 - mkk_comic - app.py:582 - INFO - 正在下载第 014/203 页...
2025-12-24 14:58:19 - mkk_comic - app.py:582 - INFO - 正在下载第 015/203 页...
2025-12-24 14:58:19 - mkk_comic - app.py:582 - INFO - 正在下载第 016/203 页...
2025-12-24 14:58:19 - mkk_comic - app.py:582 - INFO - 正在下载第 017/203 页...
2025-12-24 14:58:19 - mkk_comic - app.py:582 - INFO - 正在下载第 018/203 页...
2025-12-24 14:58:19 - mkk_comic - app.py:582 - INFO - 正在下载第 019/203 页...
2025-12-24 14:58:19 - mkk_comic - app.py:582 - INFO - 正在下载第 020/203 页...
2025-12-24 14:58:19 - mkk_comic - app.py:582 - INFO - 正在下载第 021/203 页...
2025-12-24 14:58:19 - mkk_comic - app.py:582 - INFO - 正在下载第 022/203 页...
2025-12-24 14:58:19 - mkk_comic - app.py:582 - INFO - 正在下载第 023/203 页...
2025-12-24 14:58:19 - mkk_comic - app.py:582 - INFO - 正在下载第 024/203 页...
2025-12-24 14:58:19 - mkk_comic - app.py:582 - INFO - 正在下载第 025/203 页...
2025-12-24 14:58:19 - mkk_comic - app.py:582 - INFO - 正在下载第 026/203 页...
2025-12-24 14:58:19 - mkk_comic - app.py:582 - INFO - 正在下载第 027/203 页...
2025-12-24 14:58:19 - mkk_comic - app.py:582 - INFO - 正在下载第 028/203 页...
2025-12-24 14:58:19 - mkk_comic - app.py:582 - INFO - 正在下载第 029/203 页...
2025-12-24 14:58:19 - mkk_comic - app.py:582 - INFO - 正在下载第 030/203 页...
2025-12-24 14:58:19 - mkk_comic - app.py:582 - INFO - 正在下载第 031/203 页...
2025-12-24 14:58:19 - mkk_comic - app.py:582 - INFO - 正在下载第 032/203 页...
2025-12-24 14:58:19 - mkk_comic - app.py:582 - INFO - 正在下载第 033/203 页...
2025-12-24 14:58:19 - mkk_comic - app.py:582 - INFO - 正在下载第 034/203 页...
2025-12-24 14:58:19 - mkk_comic - app.py:582 - INFO - 正在下载第 035/203 页...
2025-12-24 14:58:19 - mkk_comic - app.py:582 - INFO - 正在下载第 036/203 页...
2025-12-24 14:58:19 - mkk_comic - app.py:582 - INFO - 正在下载第 037/203 页...
2025-12-24 14:58:19 - mkk_comic - app.py:582 - INFO - 正在下载第 038/203 页...
2025-12-24 14:58:19 - mkk_comic - app.py:582 - INFO - 正在下载第 039/203 页...
2025-12-24 14:58:19 - mkk_comic - app.py:582 - INFO - 正在下载第 040/203 页...
2025-12-24 14:58:19 - mkk_comic - app.py:582 - INFO - 正在下载第 041/203 页...
2025-12-24 14:58:19 - mkk_comic - app.py:582 - INFO - 正在下载第 042/203 页...
2025-12-24 14:58:19 - mkk_comic - app.py:582 - INFO - 正在下载第 043/203 页...
2025-12-24 14:58:19 - mkk_comic - app.py:582 - INFO - 正在下载第 044/203 页...
2025-12-24 14:58:19 - mkk_comic - app.py:582 - INFO - 正在下载第 045/203 页...
2025-12-24 14:58:19 - mkk_comic - app.py:582 - INFO - 正在下载第 046/203 页...
2025-12-24 14:58:19 - mkk_comic - app.py:582 - INFO - 正在下载第 047/203 页...
2025-12-24 14:58:19 - mkk_comic - app.py:582 - INFO - 正在下载第 048/203 页...
2025-12-24 14:58:19 - mkk_comic - app.py:582 - INFO - 正在下载第 049/203 页...
2025-12-24 14:58:19 - mkk_comic - app.py:582 - INFO - 正在下载第 050/203 页...
2025-12-24 14:58:19 - mkk_comic - app.py:582 - INFO - 正在下载第 051/203 页...
2025-12-24 14:58:19 - mkk_comic - app.py:582 - INFO - 正在下载第 052/203 页...
2025-12-24 14:58:19 - mkk_comic - app.py:582 - INFO - 正在下载第 053/203 页...
2025-12-24 14:58:19 - mkk_comic - app.py:582 - INFO - 正在下载第 054/203 页...
2025-12-24 14:58:19 - mkk_comic - app.py:582 - INFO - 正在下载第 055/203 页...
2025-12-24 14:58:19 - mkk_comic - app.py:582 - INFO - 正在下载第 056/203 页...
2025-12-24 14:58:19 - mkk_comic - app.py:582 - INFO - 正在下载第 057/203 页...
2025-12-24 14:58:19 - mkk_comic - app.py:582 - INFO - 正在下载第 058/203 页...
2025-12-24 14:58:19 - mkk_comic - app.py:582 - INFO - 正在下载第 059/203 页...
2025-12-24 14:58:19 - mkk_comic - app.py:582 - INFO - 正在下载第 060/203 页...
2025-12-24 14:58:19 - mkk_comic - app.py:582 - INFO - 正在下载第 061/203 页...
2025-12-24 14:58:19 - mkk_comic - app.py:582 - INFO - 正在下载第 062/203 页...
2025-12-24 14:58:19 - mkk_comic - app.py:582 - INFO - 正在下载第 063/203 页...
2025-12-24 14:58:20 - mkk_comic - app.py:582 - INFO - 正在下载第 064/203 页...
2025-12-24 14:58:20 - mkk_comic - app.py:582 - INFO - 正在下载第 065/203 页...
2025-12-24 14:58:20 - mkk_comic - app.py:582 - INFO - 正在下载第 066/203 页...
2025-12-24 14:58:20 - mkk_comic - app.py:582 - INFO - 正在下载第 067/203 页...
2025-12-24 14:58:20 - mkk_comic - app.py:582 - INFO - 正在下载第 068/203 页...
2025-12-24 14:58:20 - mkk_comic - app.py:582 - INFO - 正在下载第 069/203 页...
2025-12-24 14:58:20 - mkk_comic - app.py:582 - INFO - 正在下载第 070/203 页...
2025-12-24 14:58:20 - mkk_comic - app.py:582 - INFO - 正在下载第 071/203 页...
2025-12-24 14:58:20 - mkk_comic - app.py:582 - INFO - 正在下载第 072/203 页...
2025-12-24 14:58:20 - mkk_comic - app.py:582 - INFO - 正在下载第 073/203 页...
2025-12-24 14:58:20 - mkk_comic - app.py:582 - INFO - 正在下载第 074/203 页...
2025-12-24 14:58:20 - mkk_comic - app.py:582 - INFO - 正在下载第 075/203 页...
2025-12-24 14:58:20 - mkk_comic - app.py:582 - INFO - 正在下载第 076/203 页...
2025-12-24 14:58:20 - mkk_comic - app.py:582 - INFO - 正在下载第 077/203 页...
2025-12-24 14:58:20 - mkk_comic - app.py:582 - INFO - 正在下载第 078/203 页...
2025-12-24 14:58:20 - mkk_comic - app.py:582 - INFO - 正在下载第 079/203 页...
2025-12-24 14:58:20 - mkk_comic - app.py:582 - INFO - 正在下载第 080/203 页...
2025-12-24 14:58:20 - mkk_comic - app.py:582 - INFO - 正在下载第 081/203 页...
2025-12-24 14:58:20 - mkk_comic - app.py:582 - INFO - 正在下载第 082/203 页...
2025-12-24 14:58:20 - mkk_comic - app.py:582 - INFO - 正在下载第 083/203 页...
2025-12-24 14:58:20 - mkk_comic - app.py:582 - INFO - 正在下载第 084/203 页...
2025-12-24 14:58:20 - mkk_comic - app.py:582 - INFO - 正在下载第 085/203 页...
2025-12-24 14:58:20 - mkk_comic - app.py:582 - INFO - 正在下载第 086/203 页...
2025-12-24 14:58:20 - mkk_comic - app.py:582 - INFO - 正在下载第 087/203 页...
2025-12-24 14:58:20 - mkk_comic - app.py:582 - INFO - 正在下载第 088/203 页...
2025-12-24 14:58:20 - mkk_comic - app.py:582 - INFO - 正在下载第 089/203 页...
2025-12-24 14:58:20 - mkk_comic - app.py:582 - INFO - 正在下载第 090/203 页...
2025-12-24 14:58:20 - mkk_comic - app.py:582 - INFO - 正在下载第 091/203 页...
2025-12-24 14:58:20 - mkk_comic - app.py:582 - INFO - 正在下载第 092/203 页...
2025-12-24 14:58:20 - mkk_comic - app.py:582 - INFO - 正在下载第 093/203 页...
2025-12-24 14:58:20 - mkk_comic - app.py:582 - INFO - 正在下载第 094/203 页...
2025-12-24 14:58:20 - mkk_comic - app.py:582 - INFO - 正在下载第 095/203 页...
2025-12-24 14:58:20 - mkk_comic - app.py:582 - INFO - 正在下载第 096/203 页...
2025-12-24 14:58:20 - mkk_comic - app.py:582 - INFO - 正在下载第 097/203 页...
2025-12-24 14:58:20 - mkk_comic - app.py:582 - INFO - 正在下载第 098/203 页...
2025-12-24 14:58:20 - mkk_comic - app.py:582 - INFO - 正在下载第 099/203 页...
2025-12-24 14:58:20 - mkk_comic - app.py:582 - INFO - 正在下载第 100/203 页...
2025-12-24 14:58:20 - mkk_comic - app.py:582 - INFO - 正在下载第 101/203 页...
2025-12-24 14:58:20 - mkk_comic - app.py:582 - INFO - 正在下载第 102/203 页...
2025-12-24 14:58:20 - mkk_comic - app.py:582 - INFO - 正在下载第 103/203 页...
2025-12-24 14:58:20 - mkk_comic - app.py:582 - INFO - 正在下载第 104/203 页...
2025-12-24 14:58:20 - mkk_comic - app.py:582 - INFO - 正在下载第 105/203 页...
2025-12-24 14:58:20 - mkk_comic - app.py:582 - INFO - 正在下载第 106/203 页...
2025-12-24 14:58:20 - mkk_comic - app.py:582 - INFO - 正在下载第 107/203 页...
2025-12-24 14:58:20 - mkk_comic - app.py:582 - INFO - 正在下载第 108/203 页...
2025-12-24 14:58:20 - mkk_comic - app.py:582 - INFO - 正在下载第 109/203 页...
2025-12-24 14:58:20 - mkk_comic - app.py:582 - INFO - 正在下载第 110/203 页...
2025-12-24 14:58:20 - mkk_comic - app.py:582 - INFO - 正在下载第 111/203 页...
2025-12-24 14:58:20 - mkk_comic - app.py:582 - INFO - 正在下载第 112/203 页...
2025-12-24 14:58:20 - mkk_comic - app.py:582 - INFO - 正在下载第 113/203 页...
2025-12-24 14:58:21 - mkk_comic - app.py:582 - INFO - 正在下载第 114/203 页...
2025-12-24 14:58:21 - mkk_comic - app.py:582 - INFO - 正在下载第 115/203 页...
2025-12-24 14:58:21 - mkk_comic - app.py:582 - INFO - 正在下载第 116/203 页...
2025-12-24 14:58:21 - mkk_comic - app.py:582 - INFO - 正在下载第 117/203 页...
2025-12-24 14:58:21 - mkk_comic - app.py:582 - INFO - 正在下载第 118/203 页...
2025-12-24 14:58:21 - mkk_comic - app.py:582 - INFO - 正在下载第 119/203 页...
2025-12-24 14:58:21 - mkk_comic - app.py:582 - INFO - 正在下载第 120/203 页...
2025-12-24 14:58:21 - mkk_comic - app.py:582 - INFO - 正在下载第 121/203 页...
2025-12-24 14:58:21 - mkk_comic - app.py:582 - INFO - 正在下载第 122/203 页...
2025-12-24 14:58:21 - mkk_comic - app.py:582 - INFO - 正在下载第 123/203 页...
2025-12-24 14:58:21 - mkk_comic - app.py:582 - INFO - 正在下载第 124/203 页...
2025-12-24 14:58:21 - mkk_comic - app.py:582 - INFO - 正在下载第 125/203 页...
2025-12-24 14:58:21 - mkk_comic - app.py:582 - INFO - 正在下载第 126/203 页...
2025-12-24 14:58:21 - mkk_comic - app.py:582 - INFO - 正在下载第 127/203 页...
2025-12-24 14:58:21 - mkk_comic - app.py:582 - INFO - 正在下载第 128/203 页...
2025-12-24 14:58:21 - mkk_comic - app.py:582 - INFO - 正在下载第 129/203 页...
2025-12-24 14:58:21 - mkk_comic - app.py:582 - INFO - 正在下载第 130/203 页...
2025-12-24 14:58:21 - mkk_comic - app.py:582 - INFO - 正在下载第 131/203 页...
2025-12-24 14:58:21 - mkk_comic - app.py:582 - INFO - 正在下载第 132/203 页...
2025-12-24 14:58:21 - mkk_comic - app.py:582 - INFO - 正在下载第 133/203 页...
2025-12-24 14:58:21 - mkk_comic - app.py:582 - INFO - 正在下载第 134/203 页...
2025-12-24 14:58:21 - mkk_comic - app.py:582 - INFO - 正在下载第 135/203 页...
2025-12-24 14:58:21 - mkk_comic - app.py:582 - INFO - 正在下载第 136/203 页...
2025-12-24 14:58:21 - mkk_comic - app.py:582 - INFO - 正在下载第 137/203 页...
2025-12-24 14:58:21 - mkk_comic - app.py:582 - INFO - 正在下载第 138/203 页...
2025-12-24 14:58:21 - mkk_comic - app.py:582 - INFO - 正在下载第 139/203 页...
2025-12-24 14:58:21 - mkk_comic - app.py:582 - INFO - 正在下载第 140/203 页...
2025-12-24 14:58:21 - mkk_comic - app.py:582 - INFO - 正在下载第 141/203 页...
2025-12-24 14:58:21 - mkk_comic - app.py:582 - INFO - 正在下载第 142/203 页...
2025-12-24 14:58:21 - mkk_comic - app.py:582 - INFO - 正在下载第 143/203 页...
2025-12-24 14:58:21 - mkk_comic - app.py:582 - INFO - 正在下载第 144/203 页...
2025-12-24 14:58:21 - mkk_comic - app.py:582 - INFO - 正在下载第 145/203 页...
2025-12-24 14:58:21 - mkk_comic - app.py:582 - INFO - 正在下载第 146/203 页...
2025-12-24 14:58:21 - mkk_comic - app.py:582 - INFO - 正在下载第 147/203 页...
2025-12-24 14:58:21 - mkk_comic - app.py:582 - INFO - 正在下载第 148/203 页...
2025-12-24 14:58:21 - mkk_comic - app.py:582 - INFO - 正在下载第 149/203 页...
2025-12-24 14:58:21 - mkk_comic - app.py:582 - INFO - 正在下载第 150/203 页...
2025-12-24 14:58:21 - mkk_comic - app.py:582 - INFO - 正在下载第 151/203 页...
2025-12-24 14:58:21 - mkk_comic - app.py:582 - INFO - 正在下载第 152/203 页...
2025-12-24 14:58:21 - mkk_comic - app.py:582 - INFO - 正在下载第 153/203 页...
2025-12-24 14:58:21 - mkk_comic - app.py:582 - INFO - 正在下载第 154/203 页...
2025-12-24 14:58:21 - mkk_comic - app.py:582 - INFO - 正在下载第 155/203 页...
2025-12-24 14:58:21 - mkk_comic - app.py:582 - INFO - 正在下载第 156/203 页...
2025-12-24 14:58:21 - mkk_comic - app.py:582 - INFO - 正在下载第 157/203 页...
2025-12-24 14:58:21 - mkk_comic - app.py:582 - INFO - 正在下载第 158/203 页...
2025-12-24 14:58:21 - mkk_comic - app.py:582 - INFO - 正在下载第 159/203 页...
2025-12-24 14:58:21 - mkk_comic - app.py:582 - INFO - 正在下载第 160/203 页...
2025-12-24 14:58:21 - mkk_comic - app.py:582 - INFO - 正在下载第 161/203 页...
2025-12-24 14:58:21 - mkk_comic - app.py:582 - INFO - 正在下载第 162/203 页...
2025-12-24 14:58:21 - mkk_comic - app.py:582 - INFO - 正在下载第 163/203 页...
2025-12-24 14:58:21 - mkk_comic - app.py:582 - INFO - 正在下载第 164/203 页...
2025-12-24 14:58:21 - mkk_comic - app.py:582 - INFO - 正在下载第 165/203 页...
2025-12-24 14:58:21 - mkk_comic - app.py:582 - INFO - 正在下载第 166/203 页...
2025-12-24 14:58:21 - mkk_comic - app.py:582 - INFO - 正在下载第 167/203 页...
2025-12-24 14:58:22 - mkk_comic - app.py:582 - INFO - 正在下载第 168/203 页...
2025-12-24 14:58:22 - mkk_comic - app.py:582 - INFO - 正在下载第 169/203 页...
2025-12-24 14:58:22 - mkk_comic - app.py:582 - INFO - 正在下载第 170/203 页...
2025-12-24 14:58:22 - mkk_comic - app.py:582 - INFO - 正在下载第 171/203 页...
2025-12-24 14:58:22 - mkk_comic - app.py:582 - INFO - 正在下载第 172/203 页...
2025-12-24 14:58:22 - mkk_comic - app.py:582 - INFO - 正在下载第 173/203 页...
2025-12-24 14:58:22 - mkk_comic - app.py:582 - INFO - 正在下载第 174/203 页...
2025-12-24 14:58:22 - mkk_comic - app.py:582 - INFO - 正在下载第 175/203 页...
2025-12-24 14:58:22 - mkk_comic - app.py:582 - INFO - 正在下载第 176/203 页...
2025-12-24 14:58:22 - mkk_comic - app.py:582 - INFO - 正在下载第 177/203 页...
2025-12-24 14:58:22 - mkk_comic - app.py:582 - INFO - 正在下载第 178/203 页...
2025-12-24 14:58:22 - mkk_comic - app.py:582 - INFO - 正在下载第 179/203 页...
2025-12-24 14:58:22 - mkk_comic - app.py:582 - INFO - 正在下载第 180/203 页...
2025-12-24 14:58:22 - mkk_comic - app.py:582 - INFO - 正在下载第 181/203 页...
2025-12-24 14:58:22 - mkk_comic - app.py:582 - INFO - 正在下载第 182/203 页...
2025-12-24 14:58:22 - mkk_comic - app.py:582 - INFO - 正在下载第 183/203 页...
2025-12-24 14:58:22 - mkk_comic - app.py:582 - INFO - 正在下载第 184/203 页...
2025-12-24 14:58:22 - mkk_comic - app.py:582 - INFO - 正在下载第 185/203 页...
2025-12-24 14:58:22 - mkk_comic - app.py:582 - INFO - 正在下载第 186/203 页...
2025-12-24 14:58:22 - mkk_comic - app.py:582 - INFO - 正在下载第 187/203 页...
2025-12-24 14:58:22 - mkk_comic - app.py:582 - INFO - 正在下载第 188/203 页...
2025-12-24 14:58:22 - mkk_comic - app.py:582 - INFO - 正在下载第 189/203 页...
2025-12-24 14:58:22 - mkk_comic - app.py:582 - INFO - 正在下载第 190/203 页...
2025-12-24 14:58:22 - mkk_comic - app.py:582 - INFO - 正在下载第 191/203 页...
2025-12-24 14:58:22 - mkk_comic - app.py:582 - INFO - 正在下载第 192/203 页...
2025-12-24 14:58:22 - mkk_comic - app.py:582 - INFO - 正在下载第 193/203 页...
2025-12-24 14:58:22 - mkk_comic - app.py:582 - INFO - 正在下载第 194/203 页...
2025-12-24 14:58:22 - mkk_comic - app.py:582 - INFO - 正在下载第 195/203 页...
2025-12-24 14:58:22 - mkk_comic - app.py:582 - INFO - 正在下载第 196/203 页...
2025-12-24 14:58:22 - mkk_comic - app.py:582 - INFO - 正在下载第 197/203 页...
2025-12-24 14:58:22 - mkk_comic - app.py:582 - INFO - 正在下载第 198/203 页...
2025-12-24 14:58:22 - mkk_comic - app.py:582 - INFO - 正在下载第 199/203 页...
2025-12-24 14:58:22 - mkk_comic - app.py:582 - INFO - 正在下载第 200/203 页...
2025-12-24 14:58:22 - mkk_comic - app.py:582 - INFO - 正在下载第 201/203 页...
2025-12-24 14:58:22 - mkk_comic - app.py:582 - INFO - 正在下载第 202/203 页...
2025-12-24 14:58:22 - mkk_comic - app.py:582 - INFO - 正在下载第 203/203 页...
2025-12-24 14:58:22 - mkk_comic - app.py:511 - INFO - 下载完成!
2025-12-24 14:58:22 - mkk_comic - app.py:512 - INFO - 成功下载: 203/203 页
2025-12-24 14:58:23 - mkk_comic - app.py:494 - INFO - 正在下载第27章: 27卷    UUID:d8926a2e-c7bd-11e8-881b-024352452ce0
2025-12-24 14:58:24 - mkk_comic - app.py:502 - INFO - 创建目录: ./out/海贼王/27卷
2025-12-24 14:58:24 - mkk_comic - app.py:505 - INFO - 开始下载: 海贼王 - 27卷
2025-12-24 14:58:24 - mkk_comic - app.py:506 - INFO - 总页数: 192
2025-12-24 14:58:24 - mkk_comic - app.py:582 - INFO - 正在下载第 001/192 页...
2025-12-24 14:58:24 - mkk_comic - app.py:582 - INFO - 正在下载第 002/192 页...
2025-12-24 14:58:24 - mkk_comic - app.py:582 - INFO - 正在下载第 003/192 页...
2025-12-24 14:58:24 - mkk_comic - app.py:582 - INFO - 正在下载第 004/192 页...
2025-12-24 14:58:24 - mkk_comic - app.py:582 - INFO - 正在下载第 005/192 页...
2025-12-24 14:58:24 - mkk_comic - app.py:582 - INFO - 正在下载第 006/192 页...
2025-12-24 14:58:24 - mkk_comic - app.py:582 - INFO - 正在下载第 007/192 页...
2025-12-24 14:58:24 - mkk_comic - app.py:582 - INFO - 正在下载第 008/192 页...
2025-12-24 14:58:24 - mkk_comic - app.py:582 - INFO - 正在下载第 009/192 页...
2025-12-24 14:58:24 - mkk_comic - app.py:582 - INFO - 正在下载第 010/192 页...
2025-12-24 14:58:24 - mkk_comic - app.py:582 - INFO - 正在下载第 011/192 页...
2025-12-24 14:58:24 - mkk_comic - app.py:582 - INFO - 正在下载第 012/192 页...
2025-12-24 14:58:24 - mkk_comic - app.py:582 - INFO - 正在下载第 013/192 页...
2025-12-24 14:58:24 - mkk_comic - app.py:582 - INFO - 正在下载第 014/192 页...
2025-12-24 14:58:24 - mkk_comic - app.py:582 - INFO - 正在下载第 015/192 页...
2025-12-24 14:58:24 - mkk_comic - app.py:582 - INFO - 正在下载第 016/192 页...
2025-12-24 14:58:24 - mkk_comic - app.py:582 - INFO - 正在下载第 017/192 页...
2025-12-24 14:58:24 - mkk_comic - app.py:582 - INFO - 正在下载第 018/192 页...
2025-12-24 14:58:24 - mkk_comic - app.py:582 - INFO - 正在下载第 019/192 页...
2025-12-24 14:58:24 - mkk_comic - app.py:582 - INFO - 正在下载第 020/192 页...
2025-12-24 14:58:24 - mkk_comic - app.py:582 - INFO - 正在下载第 021/192 页...
2025-12-24 14:58:24 - mkk_comic - app.py:582 - INFO - 正在下载第 022/192 页...
2025-12-24 14:58:24 - mkk_comic - app.py:582 - INFO - 正在下载第 023/192 页...
2025-12-24 14:58:24 - mkk_comic - app.py:582 - INFO - 正在下载第 024/192 页...
2025-12-24 14:58:24 - mkk_comic - app.py:582 - INFO - 正在下载第 025/192 页...
2025-12-24 14:58:24 - mkk_comic - app.py:582 - INFO - 正在下载第 026/192 页...
2025-12-24 14:58:25 - mkk_comic - app.py:582 - INFO - 正在下载第 027/192 页...
2025-12-24 14:58:25 - mkk_comic - app.py:582 - INFO - 正在下载第 028/192 页...
2025-12-24 14:58:25 - mkk_comic - app.py:582 - INFO - 正在下载第 029/192 页...
2025-12-24 14:58:25 - mkk_comic - app.py:582 - INFO - 正在下载第 030/192 页...
2025-12-24 14:58:25 - mkk_comic - app.py:582 - INFO - 正在下载第 031/192 页...
2025-12-24 14:58:25 - mkk_comic - app.py:582 - INFO - 正在下载第 032/192 页...
2025-12-24 14:58:25 - mkk_comic - app.py:582 - INFO - 正在下载第 033/192 页...
2025-12-24 14:58:25 - mkk_comic - app.py:582 - INFO - 正在下载第 034/192 页...
2025-12-24 14:58:25 - mkk_comic - app.py:582 - INFO - 正在下载第 035/192 页...
2025-12-24 14:58:25 - mkk_comic - app.py:582 - INFO - 正在下载第 036/192 页...
2025-12-24 14:58:25 - mkk_comic - app.py:582 - INFO - 正在下载第 037/192 页...
2025-12-24 14:58:25 - mkk_comic - app.py:582 - INFO - 正在下载第 038/192 页...
2025-12-24 14:58:25 - mkk_comic - app.py:582 - INFO - 正在下载第 039/192 页...
2025-12-24 14:58:25 - mkk_comic - app.py:582 - INFO - 正在下载第 040/192 页...
2025-12-24 14:58:25 - mkk_comic - app.py:582 - INFO - 正在下载第 041/192 页...
2025-12-24 14:58:25 - mkk_comic - app.py:582 - INFO - 正在下载第 042/192 页...
2025-12-24 14:58:25 - mkk_comic - app.py:582 - INFO - 正在下载第 043/192 页...
2025-12-24 14:58:25 - mkk_comic - app.py:582 - INFO - 正在下载第 044/192 页...
2025-12-24 14:58:25 - mkk_comic - app.py:582 - INFO - 正在下载第 045/192 页...
2025-12-24 14:58:25 - mkk_comic - app.py:582 - INFO - 正在下载第 046/192 页...
2025-12-24 14:58:25 - mkk_comic - app.py:582 - INFO - 正在下载第 047/192 页...
2025-12-24 14:58:25 - mkk_comic - app.py:582 - INFO - 正在下载第 048/192 页...
2025-12-24 14:58:25 - mkk_comic - app.py:582 - INFO - 正在下载第 049/192 页...
2025-12-24 14:58:25 - mkk_comic - app.py:582 - INFO - 正在下载第 050/192 页...
2025-12-24 14:58:25 - mkk_comic - app.py:582 - INFO - 正在下载第 051/192 页...
2025-12-24 14:58:25 - mkk_comic - app.py:582 - INFO - 正在下载第 052/192 页...
2025-12-24 14:58:25 - mkk_comic - app.py:582 - INFO - 正在下载第 053/192 页...
2025-12-24 14:58:25 - mkk_comic - app.py:582 - INFO - 正在下载第 054/192 页...
2025-12-24 14:58:25 - mkk_comic - app.py:582 - INFO - 正在下载第 055/192 页...
2025-12-24 14:58:25 - mkk_comic - app.py:582 - INFO - 正在下载第 056/192 页...
2025-12-24 14:58:25 - mkk_comic - app.py:582 - INFO - 正在下载第 057/192 页...
2025-12-24 14:58:25 - mkk_comic - app.py:582 - INFO - 正在下载第 058/192 页...
2025-12-24 14:58:25 - mkk_comic - app.py:582 - INFO - 正在下载第 059/192 页...
2025-12-24 14:58:25 - mkk_comic - app.py:582 - INFO - 正在下载第 060/192 页...
2025-12-24 14:58:25 - mkk_comic - app.py:582 - INFO - 正在下载第 061/192 页...
2025-12-24 14:58:25 - mkk_comic - app.py:582 - INFO - 正在下载第 062/192 页...
2025-12-24 14:58:25 - mkk_comic - app.py:582 - INFO - 正在下载第 063/192 页...
2025-12-24 14:58:25 - mkk_comic - app.py:582 - INFO - 正在下载第 064/192 页...
2025-12-24 14:58:25 - mkk_comic - app.py:582 - INFO - 正在下载第 065/192 页...
2025-12-24 14:58:25 - mkk_comic - app.py:582 - INFO - 正在下载第 066/192 页...
2025-12-24 14:58:25 - mkk_comic - app.py:582 - INFO - 正在下载第 067/192 页...
2025-12-24 14:58:25 - mkk_comic - app.py:582 - INFO - 正在下载第 068/192 页...
2025-12-24 14:58:25 - mkk_comic - app.py:582 - INFO - 正在下载第 069/192 页...
2025-12-24 14:58:25 - mkk_comic - app.py:582 - INFO - 正在下载第 070/192 页...
2025-12-24 14:58:25 - mkk_comic - app.py:582 - INFO - 正在下载第 071/192 页...
2025-12-24 14:58:25 - mkk_comic - app.py:582 - INFO - 正在下载第 072/192 页...
2025-12-24 14:58:25 - mkk_comic - app.py:582 - INFO - 正在下载第 073/192 页...
2025-12-24 14:58:25 - mkk_comic - app.py:582 - INFO - 正在下载第 074/192 页...
2025-12-24 14:58:25 - mkk_comic - app.py:582 - INFO - 正在下载第 075/192 页...
2025-12-24 14:58:25 - mkk_comic - app.py:582 - INFO - 正在下载第 076/192 页...
2025-12-24 14:58:26 - mkk_comic - app.py:582 - INFO - 正在下载第 077/192 页...
2025-12-24 14:58:26 - mkk_comic - app.py:582 - INFO - 正在下载第 078/192 页...
2025-12-24 14:58:26 - mkk_comic - app.py:582 - INFO - 正在下载第 079/192 页...
2025-12-24 14:58:26 - mkk_comic - app.py:582 - INFO - 正在下载第 080/192 页...
2025-12-24 14:58:26 - mkk_comic - app.py:582 - INFO - 正在下载第 081/192 页...
2025-12-24 14:58:26 - mkk_comic - app.py:582 - INFO - 正在下载第 082/192 页...
2025-12-24 14:58:26 - mkk_comic - app.py:582 - INFO - 正在下载第 083/192 页...
2025-12-24 14:58:26 - mkk_comic - app.py:582 - INFO - 正在下载第 084/192 页...
2025-12-24 14:58:26 - mkk_comic - app.py:582 - INFO - 正在下载第 085/192 页...
2025-12-24 14:58:26 - mkk_comic - app.py:582 - INFO - 正在下载第 086/192 页...
2025-12-24 14:58:26 - mkk_comic - app.py:582 - INFO - 正在下载第 087/192 页...
2025-12-24 14:58:26 - mkk_comic - app.py:582 - INFO - 正在下载第 088/192 页...
2025-12-24 14:58:26 - mkk_comic - app.py:582 - INFO - 正在下载第 089/192 页...
2025-12-24 14:58:26 - mkk_comic - app.py:582 - INFO - 正在下载第 090/192 页...
2025-12-24 14:58:26 - mkk_comic - app.py:582 - INFO - 正在下载第 091/192 页...
2025-12-24 14:58:26 - mkk_comic - app.py:582 - INFO - 正在下载第 092/192 页...
2025-12-24 14:58:26 - mkk_comic - app.py:582 - INFO - 正在下载第 093/192 页...
2025-12-24 14:58:26 - mkk_comic - app.py:582 - INFO - 正在下载第 094/192 页...
2025-12-24 14:58:26 - mkk_comic - app.py:582 - INFO - 正在下载第 095/192 页...
2025-12-24 14:58:26 - mkk_comic - app.py:582 - INFO - 正在下载第 096/192 页...
2025-12-24 14:58:26 - mkk_comic - app.py:582 - INFO - 正在下载第 097/192 页...
2025-12-24 14:58:26 - mkk_comic - app.py:582 - INFO - 正在下载第 098/192 页...
2025-12-24 14:58:26 - mkk_comic - app.py:582 - INFO - 正在下载第 099/192 页...
2025-12-24 14:58:26 - mkk_comic - app.py:582 - INFO - 正在下载第 100/192 页...
2025-12-24 14:58:26 - mkk_comic - app.py:582 - INFO - 正在下载第 101/192 页...
2025-12-24 14:58:26 - mkk_comic - app.py:582 - INFO - 正在下载第 102/192 页...
2025-12-24 14:58:26 - mkk_comic - app.py:582 - INFO - 正在下载第 103/192 页...
2025-12-24 14:58:26 - mkk_comic - app.py:582 - INFO - 正在下载第 104/192 页...
2025-12-24 14:58:26 - mkk_comic - app.py:582 - INFO - 正在下载第 105/192 页...
2025-12-24 14:58:26 - mkk_comic - app.py:582 - INFO - 正在下载第 106/192 页...
2025-12-24 14:58:26 - mkk_comic - app.py:582 - INFO - 正在下载第 107/192 页...
2025-12-24 14:58:26 - mkk_comic - app.py:582 - INFO - 正在下载第 108/192 页...
2025-12-24 14:58:26 - mkk_comic - app.py:582 - INFO - 正在下载第 109/192 页...
2025-12-24 14:58:26 - mkk_comic - app.py:582 - INFO - 正在下载第 110/192 页...
2025-12-24 14:58:26 - mkk_comic - app.py:582 - INFO - 正在下载第 111/192 页...
2025-12-24 14:58:26 - mkk_comic - app.py:582 - INFO - 正在下载第 112/192 页...
2025-12-24 14:58:26 - mkk_comic - app.py:582 - INFO - 正在下载第 113/192 页...
2025-12-24 14:58:26 - mkk_comic - app.py:582 - INFO - 正在下载第 114/192 页...
2025-12-24 14:58:26 - mkk_comic - app.py:582 - INFO - 正在下载第 115/192 页...
2025-12-24 14:58:26 - mkk_comic - app.py:582 - INFO - 正在下载第 116/192 页...
2025-12-24 14:58:26 - mkk_comic - app.py:582 - INFO - 正在下载第 117/192 页...
2025-12-24 14:58:26 - mkk_comic - app.py:582 - INFO - 正在下载第 118/192 页...
2025-12-24 14:58:26 - mkk_comic - app.py:582 - INFO - 正在下载第 119/192 页...
2025-12-24 14:58:26 - mkk_comic - app.py:582 - INFO - 正在下载第 120/192 页...
2025-12-24 14:58:26 - mkk_comic - app.py:582 - INFO - 正在下载第 121/192 页...
2025-12-24 14:58:26 - mkk_comic - app.py:582 - INFO - 正在下载第 122/192 页...
2025-12-24 14:58:26 - mkk_comic - app.py:582 - INFO - 正在下载第 123/192 页...
2025-12-24 14:58:26 - mkk_comic - app.py:582 - INFO - 正在下载第 124/192 页...
2025-12-24 14:58:26 - mkk_comic - app.py:582 - INFO - 正在下载第 125/192 页...
2025-12-24 14:58:26 - mkk_comic - app.py:582 - INFO - 正在下载第 126/192 页...
2025-12-24 14:58:26 - mkk_comic - app.py:582 - INFO - 正在下载第 127/192 页...
2025-12-24 14:58:26 - mkk_comic - app.py:582 - INFO - 正在下载第 128/192 页...
2025-12-24 14:58:26 - mkk_comic - app.py:582 - INFO - 正在下载第 129/192 页...
2025-12-24 14:58:26 - mkk_comic - app.py:582 - INFO - 正在下载第 130/192 页...
2025-12-24 14:58:27 - mkk_comic - app.py:582 - INFO - 正在下载第 131/192 页...
2025-12-24 14:58:27 - mkk_comic - app.py:582 - INFO - 正在下载第 132/192 页...
2025-12-24 14:58:27 - mkk_comic - app.py:582 - INFO - 正在下载第 133/192 页...
2025-12-24 14:58:27 - mkk_comic - app.py:582 - INFO - 正在下载第 134/192 页...
2025-12-24 14:58:27 - mkk_comic - app.py:582 - INFO - 正在下载第 135/192 页...
2025-12-24 14:58:27 - mkk_comic - app.py:582 - INFO - 正在下载第 136/192 页...
2025-12-24 14:58:27 - mkk_comic - app.py:582 - INFO - 正在下载第 137/192 页...
2025-12-24 14:58:27 - mkk_comic - app.py:582 - INFO - 正在下载第 138/192 页...
2025-12-24 14:58:27 - mkk_comic - app.py:582 - INFO - 正在下载第 139/192 页...
2025-12-24 14:58:27 - mkk_comic - app.py:582 - INFO - 正在下载第 140/192 页...
2025-12-24 14:58:27 - mkk_comic - app.py:582 - INFO - 正在下载第 141/192 页...
2025-12-24 14:58:27 - mkk_comic - app.py:582 - INFO - 正在下载第 142/192 页...
2025-12-24 14:58:27 - mkk_comic - app.py:582 - INFO - 正在下载第 143/192 页...
2025-12-24 14:58:27 - mkk_comic - app.py:582 - INFO - 正在下载第 144/192 页...
2025-12-24 14:58:27 - mkk_comic - app.py:582 - INFO - 正在下载第 145/192 页...
2025-12-24 14:58:27 - mkk_comic - app.py:582 - INFO - 正在下载第 146/192 页...
2025-12-24 14:58:27 - mkk_comic - app.py:582 - INFO - 正在下载第 147/192 页...
2025-12-24 14:58:27 - mkk_comic - app.py:582 - INFO - 正在下载第 148/192 页...
2025-12-24 14:58:27 - mkk_comic - app.py:582 - INFO - 正在下载第 149/192 页...
2025-12-24 14:58:27 - mkk_comic - app.py:582 - INFO - 正在下载第 150/192 页...
2025-12-24 14:58:27 - mkk_comic - app.py:582 - INFO - 正在下载第 151/192 页...
2025-12-24 14:58:27 - mkk_comic - app.py:582 - INFO - 正在下载第 152/192 页...
2025-12-24 14:58:27 - mkk_comic - app.py:582 - INFO - 正在下载第 153/192 页...
2025-12-24 14:58:27 - mkk_comic - app.py:582 - INFO - 正在下载第 154/192 页...
2025-12-24 14:58:27 - mkk_comic - app.py:582 - INFO - 正在下载第 155/192 页...
2025-12-24 14:58:27 - mkk_comic - app.py:582 - INFO - 正在下载第 156/192 页...
2025-12-24 14:58:27 - mkk_comic - app.py:582 - INFO - 正在下载第 157/192 页...
2025-12-24 14:58:27 - mkk_comic - app.py:582 - INFO - 正在下载第 158/192 页...
2025-12-24 14:58:27 - mkk_comic - app.py:582 - INFO - 正在下载第 159/192 页...
2025-12-24 14:58:27 - mkk_comic - app.py:582 - INFO - 正在下载第 160/192 页...
2025-12-24 14:58:27 - mkk_comic - app.py:582 - INFO - 正在下载第 161/192 页...
2025-12-24 14:58:27 - mkk_comic - app.py:582 - INFO - 正在下载第 162/192 页...
2025-12-24 14:58:27 - mkk_comic - app.py:582 - INFO - 正在下载第 163/192 页...
2025-12-24 14:58:27 - mkk_comic - app.py:582 - INFO - 正在下载第 164/192 页...
2025-12-24 14:58:27 - mkk_comic - app.py:582 - INFO - 正在下载第 165/192 页...
2025-12-24 14:58:27 - mkk_comic - app.py:582 - INFO - 正在下载第 166/192 页...
2025-12-24 14:58:27 - mkk_comic - app.py:582 - INFO - 正在下载第 167/192 页...
2025-12-24 14:58:27 - mkk_comic - app.py:582 - INFO - 正在下载第 168/192 页...
2025-12-24 14:58:27 - mkk_comic - app.py:582 - INFO - 正在下载第 169/192 页...
2025-12-24 14:58:27 - mkk_comic - app.py:582 - INFO - 正在下载第 170/192 页...
2025-12-24 14:58:27 - mkk_comic - app.py:582 - INFO - 正在下载第 171/192 页...
2025-12-24 14:58:27 - mkk_comic - app.py:582 - INFO - 正在下载第 172/192 页...
2025-12-24 14:58:27 - mkk_comic - app.py:582 - INFO - 正在下载第 173/192 页...
2025-12-24 14:58:27 - mkk_comic - app.py:582 - INFO - 正在下载第 174/192 页...
2025-12-24 14:58:27 - mkk_comic - app.py:582 - INFO - 正在下载第 175/192 页...
2025-12-24 14:58:27 - mkk_comic - app.py:582 - INFO - 正在下载第 176/192 页...
2025-12-24 14:58:27 - mkk_comic - app.py:582 - INFO - 正在下载第 177/192 页...
2025-12-24 14:58:27 - mkk_comic - app.py:582 - INFO - 正在下载第 178/192 页...
2025-12-24 14:58:27 - mkk_comic - app.py:582 - INFO - 正在下载第 179/192 页...
2025-12-24 14:58:27 - mkk_comic - app.py:582 - INFO - 正在下载第 180/192 页...
2025-12-24 14:58:27 - mkk_comic - app.py:582 - INFO - 正在下载第 181/192 页...
2025-12-24 14:58:27 - mkk_comic - app.py:582 - INFO - 正在下载第 182/192 页...
2025-12-24 14:58:27 - mkk_comic - app.py:582 - INFO - 正在下载第 183/192 页...
2025-12-24 14:58:27 - mkk_comic - app.py:582 - INFO - 正在下载第 184/192 页...
2025-12-24 14:58:28 - mkk_comic - app.py:582 - INFO - 正在下载第 185/192 页...
2025-12-24 14:58:28 - mkk_comic - app.py:582 - INFO - 正在下载第 186/192 页...
2025-12-24 14:58:28 - mkk_comic - app.py:582 - INFO - 正在下载第 187/192 页...
2025-12-24 14:58:28 - mkk_comic - app.py:582 - INFO - 正在下载第 188/192 页...
2025-12-24 14:58:28 - mkk_comic - app.py:582 - INFO - 正在下载第 189/192 页...
2025-12-24 14:58:28 - mkk_comic - app.py:582 - INFO - 正在下载第 190/192 页...
2025-12-24 14:58:28 - mkk_comic - app.py:582 - INFO - 正在下载第 191/192 页...
2025-12-24 14:58:28 - mkk_comic - app.py:582 - INFO - 正在下载第 192/192 页...
2025-12-24 14:58:28 - mkk_comic - app.py:511 - INFO - 下载完成!
2025-12-24 14:58:28 - mkk_comic - app.py:512 - INFO - 成功下载: 192/192 页
2025-12-24 14:58:28 - mkk_comic - app.py:838 - INFO - 【电锯人】上次下载至第21章
2025-12-24 14:58:29 - mkk_comic - app.py:845 - INFO - 【电锯人】检测到更新！最新：249章
2025-12-24 14:58:29 - mkk_comic - app.py:848 - INFO - 【电锯人】最大下载限制为5章-需下载22~26章）
2025-12-24 14:58:29 - mkk_comic - app.py:494 - INFO - 正在下载第22章: 第21话    UUID:a76c46ae-7b13-11e9-ab87-00163e0ca5bd
2025-12-24 14:58:30 - mkk_comic - app.py:502 - INFO - 创建目录: ./out/電鋸人/第21话
2025-12-24 14:58:30 - mkk_comic - app.py:505 - INFO - 开始下载: 電鋸人 - 第21话
2025-12-24 14:58:30 - mkk_comic - app.py:506 - INFO - 总页数: 20
2025-12-24 14:58:30 - mkk_comic - app.py:582 - INFO - 正在下载第 001/020 页...
2025-12-24 14:58:30 - mkk_comic - app.py:582 - INFO - 正在下载第 002/020 页...
2025-12-24 14:58:30 - mkk_comic - app.py:582 - INFO - 正在下载第 003/020 页...
2025-12-24 14:58:30 - mkk_comic - app.py:582 - INFO - 正在下载第 004/020 页...
2025-12-24 14:58:30 - mkk_comic - app.py:582 - INFO - 正在下载第 005/020 页...
2025-12-24 14:58:30 - mkk_comic - app.py:582 - INFO - 正在下载第 006/020 页...
2025-12-24 14:58:30 - mkk_comic - app.py:582 - INFO - 正在下载第 007/020 页...
2025-12-24 14:58:30 - mkk_comic - app.py:582 - INFO - 正在下载第 008/020 页...
2025-12-24 14:58:30 - mkk_comic - app.py:582 - INFO - 正在下载第 009/020 页...
2025-12-24 14:58:30 - mkk_comic - app.py:582 - INFO - 正在下载第 010/020 页...
2025-12-24 14:58:30 - mkk_comic - app.py:582 - INFO - 正在下载第 011/020 页...
2025-12-24 14:58:30 - mkk_comic - app.py:582 - INFO - 正在下载第 012/020 页...
2025-12-24 14:58:30 - mkk_comic - app.py:582 - INFO - 正在下载第 013/020 页...
2025-12-24 14:58:30 - mkk_comic - app.py:582 - INFO - 正在下载第 014/020 页...
2025-12-24 14:58:30 - mkk_comic - app.py:582 - INFO - 正在下载第 015/020 页...
2025-12-24 14:58:30 - mkk_comic - app.py:582 - INFO - 正在下载第 016/020 页...
2025-12-24 14:58:31 - mkk_comic - app.py:582 - INFO - 正在下载第 017/020 页...
2025-12-24 14:58:31 - mkk_comic - app.py:582 - INFO - 正在下载第 018/020 页...
2025-12-24 14:58:31 - mkk_comic - app.py:582 - INFO - 正在下载第 019/020 页...
2025-12-24 14:58:31 - mkk_comic - app.py:582 - INFO - 正在下载第 020/020 页...
2025-12-24 14:58:31 - mkk_comic - app.py:511 - INFO - 下载完成!
2025-12-24 14:58:31 - mkk_comic - app.py:512 - INFO - 成功下载: 20/20 页
2025-12-24 14:58:32 - mkk_comic - app.py:494 - INFO - 正在下载第23章: 第22话    UUID:a76c71e2-7b13-11e9-ab87-00163e0ca5bd
2025-12-24 14:58:32 - mkk_comic - app.py:502 - INFO - 创建目录: ./out/電鋸人/第22话
2025-12-24 14:58:32 - mkk_comic - app.py:505 - INFO - 开始下载: 電鋸人 - 第22话
2025-12-24 14:58:32 - mkk_comic - app.py:506 - INFO - 总页数: 20
2025-12-24 14:58:32 - mkk_comic - app.py:582 - INFO - 正在下载第 001/020 页...
2025-12-24 14:58:32 - mkk_comic - app.py:582 - INFO - 正在下载第 002/020 页...
2025-12-24 14:58:32 - mkk_comic - app.py:582 - INFO - 正在下载第 003/020 页...
2025-12-24 14:58:32 - mkk_comic - app.py:582 - INFO - 正在下载第 004/020 页...
2025-12-24 14:58:32 - mkk_comic - app.py:582 - INFO - 正在下载第 005/020 页...
2025-12-24 14:58:32 - mkk_comic - app.py:582 - INFO - 正在下载第 006/020 页...
2025-12-24 14:58:32 - mkk_comic - app.py:582 - INFO - 正在下载第 007/020 页...
2025-12-24 14:58:33 - mkk_comic - app.py:582 - INFO - 正在下载第 008/020 页...
2025-12-24 14:58:33 - mkk_comic - app.py:582 - INFO - 正在下载第 009/020 页...
2025-12-24 14:58:33 - mkk_comic - app.py:582 - INFO - 正在下载第 010/020 页...
2025-12-24 14:58:33 - mkk_comic - app.py:582 - INFO - 正在下载第 011/020 页...
2025-12-24 14:58:33 - mkk_comic - app.py:582 - INFO - 正在下载第 012/020 页...
2025-12-24 14:58:33 - mkk_comic - app.py:582 - INFO - 正在下载第 013/020 页...
2025-12-24 14:58:33 - mkk_comic - app.py:582 - INFO - 正在下载第 014/020 页...
2025-12-24 14:58:33 - mkk_comic - app.py:582 - INFO - 正在下载第 015/020 页...
2025-12-24 14:58:33 - mkk_comic - app.py:582 - INFO - 正在下载第 016/020 页...
2025-12-24 14:58:33 - mkk_comic - app.py:582 - INFO - 正在下载第 017/020 页...
2025-12-24 14:58:33 - mkk_comic - app.py:582 - INFO - 正在下载第 018/020 页...
2025-12-24 14:58:33 - mkk_comic - app.py:582 - INFO - 正在下载第 019/020 页...
2025-12-24 14:58:33 - mkk_comic - app.py:582 - INFO - 正在下载第 020/020 页...
2025-12-24 14:58:33 - mkk_comic - app.py:511 - INFO - 下载完成!
2025-12-24 14:58:33 - mkk_comic - app.py:512 - INFO - 成功下载: 20/20 页
2025-12-24 14:58:34 - mkk_comic - app.py:494 - INFO - 正在下载第24章: 第23话    UUID:69e037f4-80a0-11e9-9a13-00163e0ca5bd
2025-12-24 14:58:35 - mkk_comic - app.py:502 - INFO - 创建目录: ./out/電鋸人/第23话
2025-12-24 14:58:35 - mkk_comic - app.py:505 - INFO - 开始下载: 電鋸人 - 第23话
2025-12-24 14:58:35 - mkk_comic - app.py:506 - INFO - 总页数: 21
2025-12-24 14:58:35 - mkk_comic - app.py:582 - INFO - 正在下载第 001/021 页...
2025-12-24 14:58:35 - mkk_comic - app.py:582 - INFO - 正在下载第 002/021 页...
2025-12-24 14:58:35 - mkk_comic - app.py:582 - INFO - 正在下载第 003/021 页...
2025-12-24 14:58:35 - mkk_comic - app.py:582 - INFO - 正在下载第 004/021 页...
2025-12-24 14:58:35 - mkk_comic - app.py:582 - INFO - 正在下载第 005/021 页...
2025-12-24 14:58:35 - mkk_comic - app.py:582 - INFO - 正在下载第 006/021 页...
2025-12-24 14:58:35 - mkk_comic - app.py:582 - INFO - 正在下载第 007/021 页...
2025-12-24 14:58:35 - mkk_comic - app.py:582 - INFO - 正在下载第 008/021 页...
2025-12-24 14:58:35 - mkk_comic - app.py:582 - INFO - 正在下载第 009/021 页...
2025-12-24 14:58:35 - mkk_comic - app.py:582 - INFO - 正在下载第 010/021 页...
2025-12-24 14:58:35 - mkk_comic - app.py:582 - INFO - 正在下载第 011/021 页...
2025-12-24 14:58:35 - mkk_comic - app.py:582 - INFO - 正在下载第 012/021 页...
2025-12-24 14:58:35 - mkk_comic - app.py:582 - INFO - 正在下载第 013/021 页...
2025-12-24 14:58:35 - mkk_comic - app.py:582 - INFO - 正在下载第 014/021 页...
2025-12-24 14:58:35 - mkk_comic - app.py:582 - INFO - 正在下载第 015/021 页...
2025-12-24 14:58:35 - mkk_comic - app.py:582 - INFO - 正在下载第 016/021 页...
2025-12-24 14:58:35 - mkk_comic - app.py:582 - INFO - 正在下载第 017/021 页...
2025-12-24 14:58:35 - mkk_comic - app.py:582 - INFO - 正在下载第 018/021 页...
2025-12-24 14:58:35 - mkk_comic - app.py:582 - INFO - 正在下载第 019/021 页...
2025-12-24 14:58:35 - mkk_comic - app.py:582 - INFO - 正在下载第 020/021 页...
2025-12-24 14:58:35 - mkk_comic - app.py:582 - INFO - 正在下载第 021/021 页...
2025-12-24 14:58:35 - mkk_comic - app.py:511 - INFO - 下载完成!
2025-12-24 14:58:35 - mkk_comic - app.py:512 - INFO - 成功下载: 21/21 页
2025-12-24 14:58:36 - mkk_comic - app.py:494 - INFO - 正在下载第25章: 第24话    UUID:e0301f3a-85d9-11e9-870e-00163e0ca5bd
2025-12-24 14:58:37 - mkk_comic - app.py:502 - INFO - 创建目录: ./out/電鋸人/第24话
2025-12-24 14:58:37 - mkk_comic - app.py:505 - INFO - 开始下载: 電鋸人 - 第24话
2025-12-24 14:58:37 - mkk_comic - app.py:506 - INFO - 总页数: 19
2025-12-24 14:58:37 - mkk_comic - app.py:582 - INFO - 正在下载第 001/019 页...
2025-12-24 14:58:37 - mkk_comic - app.py:582 - INFO - 正在下载第 002/019 页...
2025-12-24 14:58:37 - mkk_comic - app.py:582 - INFO - 正在下载第 003/019 页...
2025-12-24 14:58:37 - mkk_comic - app.py:582 - INFO - 正在下载第 004/019 页...
2025-12-24 14:58:37 - mkk_comic - app.py:582 - INFO - 正在下载第 005/019 页...
2025-12-24 14:58:37 - mkk_comic - app.py:582 - INFO - 正在下载第 006/019 页...
2025-12-24 14:58:37 - mkk_comic - app.py:582 - INFO - 正在下载第 007/019 页...
2025-12-24 14:58:37 - mkk_comic - app.py:582 - INFO - 正在下载第 008/019 页...
2025-12-24 14:58:37 - mkk_comic - app.py:582 - INFO - 正在下载第 009/019 页...
2025-12-24 14:58:37 - mkk_comic - app.py:582 - INFO - 正在下载第 010/019 页...
2025-12-24 14:58:37 - mkk_comic - app.py:582 - INFO - 正在下载第 011/019 页...
2025-12-24 14:58:37 - mkk_comic - app.py:582 - INFO - 正在下载第 012/019 页...
2025-12-24 14:58:37 - mkk_comic - app.py:582 - INFO - 正在下载第 013/019 页...
2025-12-24 14:58:37 - mkk_comic - app.py:582 - INFO - 正在下载第 014/019 页...
2025-12-24 14:58:37 - mkk_comic - app.py:582 - INFO - 正在下载第 015/019 页...
2025-12-24 14:58:37 - mkk_comic - app.py:582 - INFO - 正在下载第 016/019 页...
2025-12-24 14:58:37 - mkk_comic - app.py:582 - INFO - 正在下载第 017/019 页...
2025-12-24 14:58:37 - mkk_comic - app.py:582 - INFO - 正在下载第 018/019 页...
2025-12-24 14:58:37 - mkk_comic - app.py:582 - INFO - 正在下载第 019/019 页...
2025-12-24 14:58:38 - mkk_comic - app.py:511 - INFO - 下载完成!
2025-12-24 14:58:38 - mkk_comic - app.py:512 - INFO - 成功下载: 19/19 页
2025-12-24 14:58:38 - mkk_comic - app.py:494 - INFO - 正在下载第26章: 第25话    UUID:223d1b98-8b76-11e9-884d-00163e0ca5bd
2025-12-24 14:58:39 - mkk_comic - app.py:502 - INFO - 创建目录: ./out/電鋸人/第25话
2025-12-24 14:58:39 - mkk_comic - app.py:505 - INFO - 开始下载: 電鋸人 - 第25话
2025-12-24 14:58:39 - mkk_comic - app.py:506 - INFO - 总页数: 19
2025-12-24 14:58:39 - mkk_comic - app.py:582 - INFO - 正在下载第 001/019 页...
2025-12-24 14:58:39 - mkk_comic - app.py:582 - INFO - 正在下载第 002/019 页...
2025-12-24 14:58:39 - mkk_comic - app.py:582 - INFO - 正在下载第 003/019 页...
2025-12-24 14:58:39 - mkk_comic - app.py:582 - INFO - 正在下载第 004/019 页...
2025-12-24 14:58:39 - mkk_comic - app.py:582 - INFO - 正在下载第 005/019 页...
2025-12-24 14:58:39 - mkk_comic - app.py:582 - INFO - 正在下载第 006/019 页...
2025-12-24 14:58:39 - mkk_comic - app.py:582 - INFO - 正在下载第 007/019 页...
2025-12-24 14:58:39 - mkk_comic - app.py:582 - INFO - 正在下载第 008/019 页...
2025-12-24 14:58:39 - mkk_comic - app.py:582 - INFO - 正在下载第 009/019 页...
2025-12-24 14:58:39 - mkk_comic - app.py:582 - INFO - 正在下载第 010/019 页...
2025-12-24 14:58:39 - mkk_comic - app.py:582 - INFO - 正在下载第 011/019 页...
2025-12-24 14:58:39 - mkk_comic - app.py:582 - INFO - 正在下载第 012/019 页...
2025-12-24 14:58:40 - mkk_comic - app.py:582 - INFO - 正在下载第 013/019 页...
2025-12-24 14:58:40 - mkk_comic - app.py:582 - INFO - 正在下载第 014/019 页...
2025-12-24 14:58:40 - mkk_comic - app.py:582 - INFO - 正在下载第 015/019 页...
2025-12-24 14:58:40 - mkk_comic - app.py:582 - INFO - 正在下载第 016/019 页...
2025-12-24 14:58:40 - mkk_comic - app.py:582 - INFO - 正在下载第 017/019 页...
2025-12-24 14:58:40 - mkk_comic - app.py:582 - INFO - 正在下载第 018/019 页...
2025-12-24 14:58:40 - mkk_comic - app.py:582 - INFO - 正在下载第 019/019 页...
2025-12-24 14:58:40 - mkk_comic - app.py:511 - INFO - 下载完成!
2025-12-24 14:58:40 - mkk_comic - app.py:512 - INFO - 成功下载: 19/19 页
2025-12-24 14:58:40 - mkk_comic - app.py:858 - INFO - ===== 检查更新完成 =====

