2026-03-11 03:42:29 - mkk_comic - app.py:868 - INFO - 运行环境：GitHub Actions（自动化模式）
2026-03-11 03:42:29 - mkk_comic - app.py:825 - INFO - ===== 开始检查更新=====
2026-03-11 03:42:29 - mkk_comic - app.py:843 - INFO - 【海贼王】上次下载至第209章
2026-03-11 03:42:30 - mkk_comic - app.py:850 - INFO - 【海贼王】检测到更新！最新：381章
2026-03-11 03:42:30 - mkk_comic - app.py:853 - INFO - 【海贼王】最大下载限制为10章-需下载210~219章）
2026-03-11 03:42:31 - mkk_comic - app.py:494 - INFO - 正在下载第210章: 1005话    UUID:ac42c040-7b57-11eb-942b-024352452ce0
2026-03-11 03:42:32 - mkk_comic - app.py:502 - INFO - 创建目录: ./out/海贼王/1005话
2026-03-11 03:42:32 - mkk_comic - app.py:505 - INFO - 开始下载: 海贼王 - 1005话
2026-03-11 03:42:32 - mkk_comic - app.py:506 - INFO - 总页数: 17
2026-03-11 03:42:32 - mkk_comic - app.py:587 - INFO - 正在下载第 001/017 页...
2026-03-11 03:42:32 - mkk_comic - app.py:587 - INFO - 正在下载第 002/017 页...
2026-03-11 03:42:32 - mkk_comic - app.py:587 - INFO - 正在下载第 003/017 页...
2026-03-11 03:42:32 - mkk_comic - app.py:587 - INFO - 正在下载第 004/017 页...
2026-03-11 03:42:32 - mkk_comic - app.py:587 - INFO - 正在下载第 005/017 页...
2026-03-11 03:42:32 - mkk_comic - app.py:587 - INFO - 正在下载第 006/017 页...
2026-03-11 03:42:32 - mkk_comic - app.py:587 - INFO - 正在下载第 007/017 页...
2026-03-11 03:42:32 - mkk_comic - app.py:587 - INFO - 正在下载第 008/017 页...
2026-03-11 03:42:32 - mkk_comic - app.py:587 - INFO - 正在下载第 009/017 页...
2026-03-11 03:42:32 - mkk_comic - app.py:587 - INFO - 正在下载第 010/017 页...
2026-03-11 03:42:32 - mkk_comic - app.py:587 - INFO - 正在下载第 011/017 页...
2026-03-11 03:42:32 - mkk_comic - app.py:587 - INFO - 正在下载第 012/017 页...
2026-03-11 03:42:32 - mkk_comic - app.py:587 - INFO - 正在下载第 013/017 页...
2026-03-11 03:42:32 - mkk_comic - app.py:587 - INFO - 正在下载第 014/017 页...
2026-03-11 03:42:32 - mkk_comic - app.py:587 - INFO - 正在下载第 015/017 页...
2026-03-11 03:42:32 - mkk_comic - app.py:587 - INFO - 正在下载第 016/017 页...
2026-03-11 03:42:32 - mkk_comic - app.py:587 - INFO - 正在下载第 017/017 页...
2026-03-11 03:42:32 - mkk_comic - app.py:511 - INFO - 下载完成!
2026-03-11 03:42:32 - mkk_comic - app.py:512 - INFO - 成功下载: 17/17 页
2026-03-11 03:42:32 - mkk_comic - app.py:523 - INFO - 章节下载完成，等待 5.5 秒后继续...
2026-03-11 03:42:39 - mkk_comic - app.py:494 - INFO - 正在下载第211章: 1006话    UUID:7f2c404c-7fec-11eb-9651-024352452ce0
2026-03-11 03:42:39 - mkk_comic - app.py:502 - INFO - 创建目录: ./out/海贼王/1006话
2026-03-11 03:42:39 - mkk_comic - app.py:505 - INFO - 开始下载: 海贼王 - 1006话
2026-03-11 03:42:39 - mkk_comic - app.py:506 - INFO - 总页数: 19
2026-03-11 03:42:39 - mkk_comic - app.py:587 - INFO - 正在下载第 001/019 页...
2026-03-11 03:42:39 - mkk_comic - app.py:587 - INFO - 正在下载第 002/019 页...
2026-03-11 03:42:39 - mkk_comic - app.py:587 - INFO - 正在下载第 003/019 页...
2026-03-11 03:42:39 - mkk_comic - app.py:587 - INFO - 正在下载第 004/019 页...
2026-03-11 03:42:39 - mkk_comic - app.py:587 - INFO - 正在下载第 005/019 页...
2026-03-11 03:42:40 - mkk_comic - app.py:587 - INFO - 正在下载第 006/019 页...
2026-03-11 03:42:40 - mkk_comic - app.py:587 - INFO - 正在下载第 007/019 页...
2026-03-11 03:42:40 - mkk_comic - app.py:587 - INFO - 正在下载第 008/019 页...
2026-03-11 03:42:40 - mkk_comic - app.py:587 - INFO - 正在下载第 009/019 页...
2026-03-11 03:42:40 - mkk_comic - app.py:587 - INFO - 正在下载第 010/019 页...
2026-03-11 03:42:40 - mkk_comic - app.py:587 - INFO - 正在下载第 011/019 页...
2026-03-11 03:42:40 - mkk_comic - app.py:587 - INFO - 正在下载第 012/019 页...
2026-03-11 03:42:40 - mkk_comic - app.py:587 - INFO - 正在下载第 013/019 页...
2026-03-11 03:42:40 - mkk_comic - app.py:587 - INFO - 正在下载第 014/019 页...
2026-03-11 03:42:40 - mkk_comic - app.py:587 - INFO - 正在下载第 015/019 页...
2026-03-11 03:42:40 - mkk_comic - app.py:587 - INFO - 正在下载第 016/019 页...
2026-03-11 03:42:40 - mkk_comic - app.py:587 - INFO - 正在下载第 017/019 页...
2026-03-11 03:42:40 - mkk_comic - app.py:587 - INFO - 正在下载第 018/019 页...
2026-03-11 03:42:40 - mkk_comic - app.py:587 - INFO - 正在下载第 019/019 页...
2026-03-11 03:42:40 - mkk_comic - app.py:511 - INFO - 下载完成!
2026-03-11 03:42:40 - mkk_comic - app.py:512 - INFO - 成功下载: 19/19 页
2026-03-11 03:42:40 - mkk_comic - app.py:523 - INFO - 章节下载完成，等待 9.0 秒后继续...
2026-03-11 03:42:50 - mkk_comic - app.py:494 - INFO - 正在下载第212章: 1007话    UUID:234cf896-834a-11eb-9828-024352452ce0
2026-03-11 03:42:51 - mkk_comic - app.py:502 - INFO - 创建目录: ./out/海贼王/1007话
2026-03-11 03:42:51 - mkk_comic - app.py:505 - INFO - 开始下载: 海贼王 - 1007话
2026-03-11 03:42:51 - mkk_comic - app.py:506 - INFO - 总页数: 17
2026-03-11 03:42:51 - mkk_comic - app.py:587 - INFO - 正在下载第 001/017 页...
2026-03-11 03:42:51 - mkk_comic - app.py:587 - INFO - 正在下载第 002/017 页...
2026-03-11 03:42:51 - mkk_comic - app.py:587 - INFO - 正在下载第 003/017 页...
2026-03-11 03:42:51 - mkk_comic - app.py:587 - INFO - 正在下载第 004/017 页...
2026-03-11 03:42:51 - mkk_comic - app.py:587 - INFO - 正在下载第 005/017 页...
2026-03-11 03:42:51 - mkk_comic - app.py:587 - INFO - 正在下载第 006/017 页...
2026-03-11 03:42:51 - mkk_comic - app.py:587 - INFO - 正在下载第 007/017 页...
2026-03-11 03:42:51 - mkk_comic - app.py:587 - INFO - 正在下载第 008/017 页...
2026-03-11 03:42:51 - mkk_comic - app.py:587 - INFO - 正在下载第 009/017 页...
2026-03-11 03:42:51 - mkk_comic - app.py:587 - INFO - 正在下载第 010/017 页...
2026-03-11 03:42:51 - mkk_comic - app.py:587 - INFO - 正在下载第 011/017 页...
2026-03-11 03:42:51 - mkk_comic - app.py:587 - INFO - 正在下载第 012/017 页...
2026-03-11 03:42:51 - mkk_comic - app.py:587 - INFO - 正在下载第 013/017 页...
2026-03-11 03:42:51 - mkk_comic - app.py:587 - INFO - 正在下载第 014/017 页...
2026-03-11 03:42:51 - mkk_comic - app.py:587 - INFO - 正在下载第 015/017 页...
2026-03-11 03:42:51 - mkk_comic - app.py:587 - INFO - 正在下载第 016/017 页...
2026-03-11 03:42:51 - mkk_comic - app.py:587 - INFO - 正在下载第 017/017 页...
2026-03-11 03:42:51 - mkk_comic - app.py:511 - INFO - 下载完成!
2026-03-11 03:42:51 - mkk_comic - app.py:512 - INFO - 成功下载: 17/17 页
2026-03-11 03:42:51 - mkk_comic - app.py:523 - INFO - 章节下载完成，等待 6.3 秒后继续...
2026-03-11 03:42:58 - mkk_comic - app.py:494 - INFO - 正在下载第213章: 1008话    UUID:cc5433d0-9049-11eb-a031-024352452ce0
2026-03-11 03:42:59 - mkk_comic - app.py:502 - INFO - 创建目录: ./out/海贼王/1008话
2026-03-11 03:42:59 - mkk_comic - app.py:505 - INFO - 开始下载: 海贼王 - 1008话
2026-03-11 03:42:59 - mkk_comic - app.py:506 - INFO - 总页数: 17
2026-03-11 03:42:59 - mkk_comic - app.py:587 - INFO - 正在下载第 001/017 页...
2026-03-11 03:42:59 - mkk_comic - app.py:587 - INFO - 正在下载第 002/017 页...
2026-03-11 03:42:59 - mkk_comic - app.py:587 - INFO - 正在下载第 003/017 页...
2026-03-11 03:42:59 - mkk_comic - app.py:587 - INFO - 正在下载第 004/017 页...
2026-03-11 03:42:59 - mkk_comic - app.py:587 - INFO - 正在下载第 005/017 页...
2026-03-11 03:42:59 - mkk_comic - app.py:587 - INFO - 正在下载第 006/017 页...
2026-03-11 03:42:59 - mkk_comic - app.py:587 - INFO - 正在下载第 007/017 页...
2026-03-11 03:42:59 - mkk_comic - app.py:587 - INFO - 正在下载第 008/017 页...
2026-03-11 03:42:59 - mkk_comic - app.py:587 - INFO - 正在下载第 009/017 页...
2026-03-11 03:42:59 - mkk_comic - app.py:587 - INFO - 正在下载第 010/017 页...
2026-03-11 03:42:59 - mkk_comic - app.py:587 - INFO - 正在下载第 011/017 页...
2026-03-11 03:42:59 - mkk_comic - app.py:587 - INFO - 正在下载第 012/017 页...
2026-03-11 03:42:59 - mkk_comic - app.py:587 - INFO - 正在下载第 013/017 页...
2026-03-11 03:42:59 - mkk_comic - app.py:587 - INFO - 正在下载第 014/017 页...
2026-03-11 03:42:59 - mkk_comic - app.py:587 - INFO - 正在下载第 015/017 页...
2026-03-11 03:42:59 - mkk_comic - app.py:587 - INFO - 正在下载第 016/017 页...
2026-03-11 03:42:59 - mkk_comic - app.py:587 - INFO - 正在下载第 017/017 页...
2026-03-11 03:43:00 - mkk_comic - app.py:511 - INFO - 下载完成!
2026-03-11 03:43:00 - mkk_comic - app.py:512 - INFO - 成功下载: 17/17 页
2026-03-11 03:43:00 - mkk_comic - app.py:523 - INFO - 章节下载完成，等待 6.1 秒后继续...
2026-03-11 03:43:07 - mkk_comic - app.py:494 - INFO - 正在下载第214章: 1009话    UUID:f3f1d96a-95bc-11eb-a278-024352452ce0
2026-03-11 03:43:07 - mkk_comic - app.py:502 - INFO - 创建目录: ./out/海贼王/1009话
2026-03-11 03:43:07 - mkk_comic - app.py:505 - INFO - 开始下载: 海贼王 - 1009话
2026-03-11 03:43:07 - mkk_comic - app.py:506 - INFO - 总页数: 19
2026-03-11 03:43:07 - mkk_comic - app.py:587 - INFO - 正在下载第 001/019 页...
2026-03-11 03:43:07 - mkk_comic - app.py:587 - INFO - 正在下载第 002/019 页...
2026-03-11 03:43:07 - mkk_comic - app.py:587 - INFO - 正在下载第 003/019 页...
2026-03-11 03:43:07 - mkk_comic - app.py:587 - INFO - 正在下载第 004/019 页...
2026-03-11 03:43:07 - mkk_comic - app.py:587 - INFO - 正在下载第 005/019 页...
2026-03-11 03:43:08 - mkk_comic - app.py:587 - INFO - 正在下载第 006/019 页...
2026-03-11 03:43:08 - mkk_comic - app.py:587 - INFO - 正在下载第 007/019 页...
2026-03-11 03:43:08 - mkk_comic - app.py:587 - INFO - 正在下载第 008/019 页...
2026-03-11 03:43:08 - mkk_comic - app.py:587 - INFO - 正在下载第 009/019 页...
2026-03-11 03:43:08 - mkk_comic - app.py:587 - INFO - 正在下载第 010/019 页...
2026-03-11 03:43:08 - mkk_comic - app.py:587 - INFO - 正在下载第 011/019 页...
2026-03-11 03:43:08 - mkk_comic - app.py:587 - INFO - 正在下载第 012/019 页...
2026-03-11 03:43:08 - mkk_comic - app.py:587 - INFO - 正在下载第 013/019 页...
2026-03-11 03:43:08 - mkk_comic - app.py:587 - INFO - 正在下载第 014/019 页...
2026-03-11 03:43:08 - mkk_comic - app.py:587 - INFO - 正在下载第 015/019 页...
2026-03-11 03:43:08 - mkk_comic - app.py:587 - INFO - 正在下载第 016/019 页...
2026-03-11 03:43:08 - mkk_comic - app.py:587 - INFO - 正在下载第 017/019 页...
2026-03-11 03:43:08 - mkk_comic - app.py:587 - INFO - 正在下载第 018/019 页...
2026-03-11 03:43:08 - mkk_comic - app.py:587 - INFO - 正在下载第 019/019 页...
2026-03-11 03:43:08 - mkk_comic - app.py:511 - INFO - 下载完成!
2026-03-11 03:43:08 - mkk_comic - app.py:512 - INFO - 成功下载: 19/19 页
2026-03-11 03:43:08 - mkk_comic - app.py:523 - INFO - 章节下载完成，等待 6.9 秒后继续...
2026-03-11 03:43:16 - mkk_comic - app.py:494 - INFO - 正在下载第215章: 1010话    UUID:5bff9ed4-9b26-11eb-a46f-024352452ce0
2026-03-11 03:43:17 - mkk_comic - app.py:502 - INFO - 创建目录: ./out/海贼王/1010话
2026-03-11 03:43:17 - mkk_comic - app.py:505 - INFO - 开始下载: 海贼王 - 1010话
2026-03-11 03:43:17 - mkk_comic - app.py:506 - INFO - 总页数: 17
2026-03-11 03:43:17 - mkk_comic - app.py:587 - INFO - 正在下载第 001/017 页...
2026-03-11 03:43:17 - mkk_comic - app.py:587 - INFO - 正在下载第 002/017 页...
2026-03-11 03:43:17 - mkk_comic - app.py:587 - INFO - 正在下载第 003/017 页...
2026-03-11 03:43:17 - mkk_comic - app.py:587 - INFO - 正在下载第 004/017 页...
2026-03-11 03:43:17 - mkk_comic - app.py:587 - INFO - 正在下载第 005/017 页...
2026-03-11 03:43:17 - mkk_comic - app.py:587 - INFO - 正在下载第 006/017 页...
2026-03-11 03:43:17 - mkk_comic - app.py:587 - INFO - 正在下载第 007/017 页...
2026-03-11 03:43:17 - mkk_comic - app.py:587 - INFO - 正在下载第 008/017 页...
2026-03-11 03:43:17 - mkk_comic - app.py:587 - INFO - 正在下载第 009/017 页...
2026-03-11 03:43:17 - mkk_comic - app.py:587 - INFO - 正在下载第 010/017 页...
2026-03-11 03:43:17 - mkk_comic - app.py:587 - INFO - 正在下载第 011/017 页...
2026-03-11 03:43:17 - mkk_comic - app.py:587 - INFO - 正在下载第 012/017 页...
2026-03-11 03:43:17 - mkk_comic - app.py:587 - INFO - 正在下载第 013/017 页...
2026-03-11 03:43:17 - mkk_comic - app.py:587 - INFO - 正在下载第 014/017 页...
2026-03-11 03:43:17 - mkk_comic - app.py:587 - INFO - 正在下载第 015/017 页...
2026-03-11 03:43:17 - mkk_comic - app.py:587 - INFO - 正在下载第 016/017 页...
2026-03-11 03:43:17 - mkk_comic - app.py:587 - INFO - 正在下载第 017/017 页...
2026-03-11 03:43:17 - mkk_comic - app.py:511 - INFO - 下载完成!
2026-03-11 03:43:17 - mkk_comic - app.py:512 - INFO - 成功下载: 17/17 页
2026-03-11 03:43:17 - mkk_comic - app.py:523 - INFO - 章节下载完成，等待 7.4 秒后继续...
2026-03-11 03:43:25 - mkk_comic - app.py:494 - INFO - 正在下载第216章: 1011话    UUID:673ecafa-a633-11eb-a9df-024352452ce0
2026-03-11 03:43:26 - mkk_comic - app.py:502 - INFO - 创建目录: ./out/海贼王/1011话
2026-03-11 03:43:26 - mkk_comic - app.py:505 - INFO - 开始下载: 海贼王 - 1011话
2026-03-11 03:43:26 - mkk_comic - app.py:506 - INFO - 总页数: 19
2026-03-11 03:43:26 - mkk_comic - app.py:587 - INFO - 正在下载第 001/019 页...
2026-03-11 03:43:26 - mkk_comic - app.py:587 - INFO - 正在下载第 002/019 页...
2026-03-11 03:43:26 - mkk_comic - app.py:587 - INFO - 正在下载第 003/019 页...
2026-03-11 03:43:26 - mkk_comic - app.py:587 - INFO - 正在下载第 004/019 页...
2026-03-11 03:43:26 - mkk_comic - app.py:587 - INFO - 正在下载第 005/019 页...
2026-03-11 03:43:26 - mkk_comic - app.py:587 - INFO - 正在下载第 006/019 页...
2026-03-11 03:43:26 - mkk_comic - app.py:587 - INFO - 正在下载第 007/019 页...
2026-03-11 03:43:26 - mkk_comic - app.py:587 - INFO - 正在下载第 008/019 页...
2026-03-11 03:43:26 - mkk_comic - app.py:587 - INFO - 正在下载第 009/019 页...
2026-03-11 03:43:26 - mkk_comic - app.py:587 - INFO - 正在下载第 010/019 页...
2026-03-11 03:43:26 - mkk_comic - app.py:587 - INFO - 正在下载第 011/019 页...
2026-03-11 03:43:26 - mkk_comic - app.py:587 - INFO - 正在下载第 012/019 页...
2026-03-11 03:43:26 - mkk_comic - app.py:587 - INFO - 正在下载第 013/019 页...
2026-03-11 03:43:26 - mkk_comic - app.py:587 - INFO - 正在下载第 014/019 页...
2026-03-11 03:43:26 - mkk_comic - app.py:587 - INFO - 正在下载第 015/019 页...
2026-03-11 03:43:27 - mkk_comic - app.py:587 - INFO - 正在下载第 016/019 页...
2026-03-11 03:43:27 - mkk_comic - app.py:587 - INFO - 正在下载第 017/019 页...
2026-03-11 03:43:27 - mkk_comic - app.py:587 - INFO - 正在下载第 018/019 页...
2026-03-11 03:43:27 - mkk_comic - app.py:587 - INFO - 正在下载第 019/019 页...
2026-03-11 03:43:27 - mkk_comic - app.py:511 - INFO - 下载完成!
2026-03-11 03:43:27 - mkk_comic - app.py:512 - INFO - 成功下载: 19/19 页
2026-03-11 03:43:27 - mkk_comic - app.py:523 - INFO - 章节下载完成，等待 9.4 秒后继续...
2026-03-11 03:43:37 - mkk_comic - app.py:494 - INFO - 正在下载第217章: 1012话    UUID:756fee3a-b12b-11eb-af97-024352452ce0
2026-03-11 03:43:38 - mkk_comic - app.py:502 - INFO - 创建目录: ./out/海贼王/1012话
2026-03-11 03:43:38 - mkk_comic - app.py:505 - INFO - 开始下载: 海贼王 - 1012话
2026-03-11 03:43:38 - mkk_comic - app.py:506 - INFO - 总页数: 15
2026-03-11 03:43:38 - mkk_comic - app.py:587 - INFO - 正在下载第 001/015 页...
2026-03-11 03:43:38 - mkk_comic - app.py:587 - INFO - 正在下载第 002/015 页...
2026-03-11 03:43:38 - mkk_comic - app.py:587 - INFO - 正在下载第 003/015 页...
2026-03-11 03:43:38 - mkk_comic - app.py:587 - INFO - 正在下载第 004/015 页...
2026-03-11 03:43:38 - mkk_comic - app.py:587 - INFO - 正在下载第 005/015 页...
2026-03-11 03:43:38 - mkk_comic - app.py:587 - INFO - 正在下载第 006/015 页...
2026-03-11 03:43:38 - mkk_comic - app.py:587 - INFO - 正在下载第 007/015 页...
2026-03-11 03:43:38 - mkk_comic - app.py:587 - INFO - 正在下载第 008/015 页...
2026-03-11 03:43:38 - mkk_comic - app.py:587 - INFO - 正在下载第 009/015 页...
2026-03-11 03:43:38 - mkk_comic - app.py:587 - INFO - 正在下载第 010/015 页...
2026-03-11 03:43:38 - mkk_comic - app.py:587 - INFO - 正在下载第 011/015 页...
2026-03-11 03:43:38 - mkk_comic - app.py:587 - INFO - 正在下载第 012/015 页...
2026-03-11 03:43:38 - mkk_comic - app.py:587 - INFO - 正在下载第 013/015 页...
2026-03-11 03:43:38 - mkk_comic - app.py:587 - INFO - 正在下载第 014/015 页...
2026-03-11 03:43:38 - mkk_comic - app.py:587 - INFO - 正在下载第 015/015 页...
2026-03-11 03:43:38 - mkk_comic - app.py:511 - INFO - 下载完成!
2026-03-11 03:43:38 - mkk_comic - app.py:512 - INFO - 成功下载: 15/15 页
2026-03-11 03:43:38 - mkk_comic - app.py:523 - INFO - 章节下载完成，等待 8.0 秒后继续...
2026-03-11 03:43:47 - mkk_comic - app.py:494 - INFO - 正在下载第218章: 1013话    UUID:a43cb5d6-b6a8-11eb-b316-024352452ce0
2026-03-11 03:43:48 - mkk_comic - app.py:502 - INFO - 创建目录: ./out/海贼王/1013话
2026-03-11 03:43:48 - mkk_comic - app.py:505 - INFO - 开始下载: 海贼王 - 1013话
2026-03-11 03:43:48 - mkk_comic - app.py:506 - INFO - 总页数: 17
2026-03-11 03:43:48 - mkk_comic - app.py:587 - INFO - 正在下载第 001/017 页...
2026-03-11 03:43:48 - mkk_comic - app.py:587 - INFO - 正在下载第 002/017 页...
2026-03-11 03:43:48 - mkk_comic - app.py:587 - INFO - 正在下载第 003/017 页...
2026-03-11 03:43:48 - mkk_comic - app.py:587 - INFO - 正在下载第 004/017 页...
2026-03-11 03:43:48 - mkk_comic - app.py:587 - INFO - 正在下载第 005/017 页...
2026-03-11 03:43:48 - mkk_comic - app.py:587 - INFO - 正在下载第 006/017 页...
2026-03-11 03:43:48 - mkk_comic - app.py:587 - INFO - 正在下载第 007/017 页...
2026-03-11 03:43:48 - mkk_comic - app.py:587 - INFO - 正在下载第 008/017 页...
2026-03-11 03:43:48 - mkk_comic - app.py:587 - INFO - 正在下载第 009/017 页...
2026-03-11 03:43:48 - mkk_comic - app.py:587 - INFO - 正在下载第 010/017 页...
2026-03-11 03:43:48 - mkk_comic - app.py:587 - INFO - 正在下载第 011/017 页...
2026-03-11 03:43:48 - mkk_comic - app.py:587 - INFO - 正在下载第 012/017 页...
2026-03-11 03:43:48 - mkk_comic - app.py:587 - INFO - 正在下载第 013/017 页...
2026-03-11 03:43:48 - mkk_comic - app.py:587 - INFO - 正在下载第 014/017 页...
2026-03-11 03:43:48 - mkk_comic - app.py:587 - INFO - 正在下载第 015/017 页...
2026-03-11 03:43:48 - mkk_comic - app.py:587 - INFO - 正在下载第 016/017 页...
2026-03-11 03:43:48 - mkk_comic - app.py:587 - INFO - 正在下载第 017/017 页...
2026-03-11 03:43:48 - mkk_comic - app.py:511 - INFO - 下载完成!
2026-03-11 03:43:48 - mkk_comic - app.py:512 - INFO - 成功下载: 17/17 页
2026-03-11 03:43:48 - mkk_comic - app.py:523 - INFO - 章节下载完成，等待 5.6 秒后继续...
2026-03-11 03:43:55 - mkk_comic - app.py:494 - INFO - 正在下载第219章: 1014话    UUID:4cfb7cc6-bfa9-11eb-b7ff-024352452ce0
2026-03-11 03:43:55 - mkk_comic - app.py:502 - INFO - 创建目录: ./out/海贼王/1014话
2026-03-11 03:43:55 - mkk_comic - app.py:505 - INFO - 开始下载: 海贼王 - 1014话
2026-03-11 03:43:55 - mkk_comic - app.py:506 - INFO - 总页数: 17
2026-03-11 03:43:55 - mkk_comic - app.py:587 - INFO - 正在下载第 001/017 页...
2026-03-11 03:43:55 - mkk_comic - app.py:587 - INFO - 正在下载第 002/017 页...
2026-03-11 03:43:55 - mkk_comic - app.py:587 - INFO - 正在下载第 003/017 页...
2026-03-11 03:43:55 - mkk_comic - app.py:587 - INFO - 正在下载第 004/017 页...
2026-03-11 03:43:55 - mkk_comic - app.py:587 - INFO - 正在下载第 005/017 页...
2026-03-11 03:43:56 - mkk_comic - app.py:587 - INFO - 正在下载第 006/017 页...
2026-03-11 03:43:56 - mkk_comic - app.py:587 - INFO - 正在下载第 007/017 页...
2026-03-11 03:43:56 - mkk_comic - app.py:587 - INFO - 正在下载第 008/017 页...
2026-03-11 03:43:56 - mkk_comic - app.py:587 - INFO - 正在下载第 009/017 页...
2026-03-11 03:43:56 - mkk_comic - app.py:587 - INFO - 正在下载第 010/017 页...
2026-03-11 03:43:56 - mkk_comic - app.py:587 - INFO - 正在下载第 011/017 页...
2026-03-11 03:43:56 - mkk_comic - app.py:587 - INFO - 正在下载第 012/017 页...
2026-03-11 03:43:56 - mkk_comic - app.py:587 - INFO - 正在下载第 013/017 页...
2026-03-11 03:43:56 - mkk_comic - app.py:587 - INFO - 正在下载第 014/017 页...
2026-03-11 03:43:56 - mkk_comic - app.py:587 - INFO - 正在下载第 015/017 页...
2026-03-11 03:43:56 - mkk_comic - app.py:587 - INFO - 正在下载第 016/017 页...
2026-03-11 03:43:56 - mkk_comic - app.py:587 - INFO - 正在下载第 017/017 页...
2026-03-11 03:43:56 - mkk_comic - app.py:511 - INFO - 下载完成!
2026-03-11 03:43:56 - mkk_comic - app.py:512 - INFO - 成功下载: 17/17 页
2026-03-11 03:43:56 - mkk_comic - app.py:523 - INFO - 章节下载完成，等待 6.8 秒后继续...
2026-03-11 03:44:03 - mkk_comic - app.py:843 - INFO - 【电锯人】上次下载至第256章
2026-03-11 03:44:04 - mkk_comic - app.py:846 - INFO - 该漫画更新至256章，不需要更新
2026-03-11 03:44:04 - mkk_comic - app.py:863 - INFO - ===== 检查更新完成 =====

