2026-03-19 04:05:13 - mkk_comic - app.py:868 - INFO - 运行环境：GitHub Actions（自动化模式）
2026-03-19 04:05:13 - mkk_comic - app.py:825 - INFO - ===== 开始检查更新=====
2026-03-19 04:05:13 - mkk_comic - app.py:843 - INFO - 【海贼王】上次下载至第299章
2026-03-19 04:05:14 - mkk_comic - app.py:850 - INFO - 【海贼王】检测到更新！最新：381章
2026-03-19 04:05:14 - mkk_comic - app.py:853 - INFO - 【海贼王】最大下载限制为10章-需下载300~309章）
2026-03-19 04:05:14 - mkk_comic - app.py:494 - INFO - 正在下载第300章: 第1095话    UUID:7038c716-6bc3-11ee-8264-55b00c27fb36
2026-03-19 04:05:15 - mkk_comic - app.py:502 - INFO - 创建目录: ./out/海贼王/第1095话
2026-03-19 04:05:15 - mkk_comic - app.py:505 - INFO - 开始下载: 海贼王 - 第1095话
2026-03-19 04:05:15 - mkk_comic - app.py:506 - INFO - 总页数: 15
2026-03-19 04:05:15 - mkk_comic - app.py:587 - INFO - 正在下载第 001/015 页...
2026-03-19 04:05:15 - mkk_comic - app.py:587 - INFO - 正在下载第 002/015 页...
2026-03-19 04:05:15 - mkk_comic - app.py:587 - INFO - 正在下载第 003/015 页...
2026-03-19 04:05:15 - mkk_comic - app.py:587 - INFO - 正在下载第 004/015 页...
2026-03-19 04:05:15 - mkk_comic - app.py:587 - INFO - 正在下载第 005/015 页...
2026-03-19 04:05:15 - mkk_comic - app.py:587 - INFO - 正在下载第 006/015 页...
2026-03-19 04:05:15 - mkk_comic - app.py:587 - INFO - 正在下载第 007/015 页...
2026-03-19 04:05:15 - mkk_comic - app.py:587 - INFO - 正在下载第 008/015 页...
2026-03-19 04:05:15 - mkk_comic - app.py:587 - INFO - 正在下载第 009/015 页...
2026-03-19 04:05:15 - mkk_comic - app.py:587 - INFO - 正在下载第 010/015 页...
2026-03-19 04:05:16 - mkk_comic - app.py:587 - INFO - 正在下载第 011/015 页...
2026-03-19 04:05:16 - mkk_comic - app.py:587 - INFO - 正在下载第 012/015 页...
2026-03-19 04:05:16 - mkk_comic - app.py:587 - INFO - 正在下载第 013/015 页...
2026-03-19 04:05:16 - mkk_comic - app.py:587 - INFO - 正在下载第 014/015 页...
2026-03-19 04:05:16 - mkk_comic - app.py:587 - INFO - 正在下载第 015/015 页...
2026-03-19 04:05:16 - mkk_comic - app.py:511 - INFO - 下载完成!
2026-03-19 04:05:16 - mkk_comic - app.py:512 - INFO - 成功下载: 15/15 页
2026-03-19 04:05:16 - mkk_comic - app.py:523 - INFO - 章节下载完成，等待 9.1 秒后继续...
2026-03-19 04:05:26 - mkk_comic - app.py:494 - INFO - 正在下载第301章: 第1096话    UUID:ec86139c-77d9-11ee-881e-55b00c27fb36
2026-03-19 04:05:27 - mkk_comic - app.py:502 - INFO - 创建目录: ./out/海贼王/第1096话
2026-03-19 04:05:27 - mkk_comic - app.py:505 - INFO - 开始下载: 海贼王 - 第1096话
2026-03-19 04:05:27 - mkk_comic - app.py:506 - INFO - 总页数: 17
2026-03-19 04:05:27 - mkk_comic - app.py:587 - INFO - 正在下载第 001/017 页...
2026-03-19 04:05:27 - mkk_comic - app.py:587 - INFO - 正在下载第 002/017 页...
2026-03-19 04:05:27 - mkk_comic - app.py:587 - INFO - 正在下载第 003/017 页...
2026-03-19 04:05:27 - mkk_comic - app.py:587 - INFO - 正在下载第 004/017 页...
2026-03-19 04:05:27 - mkk_comic - app.py:587 - INFO - 正在下载第 005/017 页...
2026-03-19 04:05:27 - mkk_comic - app.py:587 - INFO - 正在下载第 006/017 页...
2026-03-19 04:05:27 - mkk_comic - app.py:587 - INFO - 正在下载第 007/017 页...
2026-03-19 04:05:27 - mkk_comic - app.py:587 - INFO - 正在下载第 008/017 页...
2026-03-19 04:05:27 - mkk_comic - app.py:587 - INFO - 正在下载第 009/017 页...
2026-03-19 04:05:27 - mkk_comic - app.py:587 - INFO - 正在下载第 010/017 页...
2026-03-19 04:05:27 - mkk_comic - app.py:587 - INFO - 正在下载第 011/017 页...
2026-03-19 04:05:27 - mkk_comic - app.py:587 - INFO - 正在下载第 012/017 页...
2026-03-19 04:05:27 - mkk_comic - app.py:587 - INFO - 正在下载第 013/017 页...
2026-03-19 04:05:27 - mkk_comic - app.py:587 - INFO - 正在下载第 014/017 页...
2026-03-19 04:05:27 - mkk_comic - app.py:587 - INFO - 正在下载第 015/017 页...
2026-03-19 04:05:27 - mkk_comic - app.py:587 - INFO - 正在下载第 016/017 页...
2026-03-19 04:05:27 - mkk_comic - app.py:587 - INFO - 正在下载第 017/017 页...
2026-03-19 04:05:28 - mkk_comic - app.py:511 - INFO - 下载完成!
2026-03-19 04:05:28 - mkk_comic - app.py:512 - INFO - 成功下载: 17/17 页
2026-03-19 04:05:28 - mkk_comic - app.py:523 - INFO - 章节下载完成，等待 7.8 秒后继续...
2026-03-19 04:05:36 - mkk_comic - app.py:494 - INFO - 正在下载第302章: 第1097话    UUID:b3947ad2-7c9e-11ee-8bbd-55b00c27fb36
2026-03-19 04:05:37 - mkk_comic - app.py:502 - INFO - 创建目录: ./out/海贼王/第1097话
2026-03-19 04:05:37 - mkk_comic - app.py:505 - INFO - 开始下载: 海贼王 - 第1097话
2026-03-19 04:05:37 - mkk_comic - app.py:506 - INFO - 总页数: 13
2026-03-19 04:05:37 - mkk_comic - app.py:587 - INFO - 正在下载第 001/013 页...
2026-03-19 04:05:37 - mkk_comic - app.py:587 - INFO - 正在下载第 002/013 页...
2026-03-19 04:05:37 - mkk_comic - app.py:587 - INFO - 正在下载第 003/013 页...
2026-03-19 04:05:37 - mkk_comic - app.py:587 - INFO - 正在下载第 004/013 页...
2026-03-19 04:05:37 - mkk_comic - app.py:587 - INFO - 正在下载第 005/013 页...
2026-03-19 04:05:37 - mkk_comic - app.py:587 - INFO - 正在下载第 006/013 页...
2026-03-19 04:05:37 - mkk_comic - app.py:587 - INFO - 正在下载第 007/013 页...
2026-03-19 04:05:37 - mkk_comic - app.py:587 - INFO - 正在下载第 008/013 页...
2026-03-19 04:05:37 - mkk_comic - app.py:587 - INFO - 正在下载第 009/013 页...
2026-03-19 04:05:37 - mkk_comic - app.py:587 - INFO - 正在下载第 010/013 页...
2026-03-19 04:05:37 - mkk_comic - app.py:587 - INFO - 正在下载第 011/013 页...
2026-03-19 04:05:37 - mkk_comic - app.py:587 - INFO - 正在下载第 012/013 页...
2026-03-19 04:05:37 - mkk_comic - app.py:587 - INFO - 正在下载第 013/013 页...
2026-03-19 04:05:38 - mkk_comic - app.py:511 - INFO - 下载完成!
2026-03-19 04:05:38 - mkk_comic - app.py:512 - INFO - 成功下载: 13/13 页
2026-03-19 04:05:38 - mkk_comic - app.py:523 - INFO - 章节下载完成，等待 8.0 秒后继续...
2026-03-19 04:05:46 - mkk_comic - app.py:494 - INFO - 正在下载第303章: 第1098话    UUID:5458e800-81f8-11ee-8e37-55b00c27fb36
2026-03-19 04:05:47 - mkk_comic - app.py:502 - INFO - 创建目录: ./out/海贼王/第1098话
2026-03-19 04:05:47 - mkk_comic - app.py:505 - INFO - 开始下载: 海贼王 - 第1098话
2026-03-19 04:05:47 - mkk_comic - app.py:506 - INFO - 总页数: 15
2026-03-19 04:05:47 - mkk_comic - app.py:587 - INFO - 正在下载第 001/015 页...
2026-03-19 04:05:47 - mkk_comic - app.py:587 - INFO - 正在下载第 002/015 页...
2026-03-19 04:05:47 - mkk_comic - app.py:587 - INFO - 正在下载第 003/015 页...
2026-03-19 04:05:47 - mkk_comic - app.py:587 - INFO - 正在下载第 004/015 页...
2026-03-19 04:05:47 - mkk_comic - app.py:587 - INFO - 正在下载第 005/015 页...
2026-03-19 04:05:48 - mkk_comic - app.py:587 - INFO - 正在下载第 006/015 页...
2026-03-19 04:05:48 - mkk_comic - app.py:587 - INFO - 正在下载第 007/015 页...
2026-03-19 04:05:48 - mkk_comic - app.py:587 - INFO - 正在下载第 008/015 页...
2026-03-19 04:05:48 - mkk_comic - app.py:587 - INFO - 正在下载第 009/015 页...
2026-03-19 04:05:48 - mkk_comic - app.py:587 - INFO - 正在下载第 010/015 页...
2026-03-19 04:05:48 - mkk_comic - app.py:587 - INFO - 正在下载第 011/015 页...
2026-03-19 04:05:48 - mkk_comic - app.py:587 - INFO - 正在下载第 012/015 页...
2026-03-19 04:05:48 - mkk_comic - app.py:587 - INFO - 正在下载第 013/015 页...
2026-03-19 04:05:48 - mkk_comic - app.py:587 - INFO - 正在下载第 014/015 页...
2026-03-19 04:05:48 - mkk_comic - app.py:587 - INFO - 正在下载第 015/015 页...
2026-03-19 04:05:48 - mkk_comic - app.py:511 - INFO - 下载完成!
2026-03-19 04:05:48 - mkk_comic - app.py:512 - INFO - 成功下载: 15/15 页
2026-03-19 04:05:48 - mkk_comic - app.py:523 - INFO - 章节下载完成，等待 6.1 秒后继续...
2026-03-19 04:05:55 - mkk_comic - app.py:494 - INFO - 正在下载第304章: 第1099话    UUID:69b97382-8ad5-11ee-93d1-55b00c27fb36
2026-03-19 04:05:55 - mkk_comic - app.py:502 - INFO - 创建目录: ./out/海贼王/第1099话
2026-03-19 04:05:55 - mkk_comic - app.py:505 - INFO - 开始下载: 海贼王 - 第1099话
2026-03-19 04:05:55 - mkk_comic - app.py:506 - INFO - 总页数: 17
2026-03-19 04:05:55 - mkk_comic - app.py:587 - INFO - 正在下载第 001/017 页...
2026-03-19 04:05:55 - mkk_comic - app.py:587 - INFO - 正在下载第 002/017 页...
2026-03-19 04:05:55 - mkk_comic - app.py:587 - INFO - 正在下载第 003/017 页...
2026-03-19 04:05:55 - mkk_comic - app.py:587 - INFO - 正在下载第 004/017 页...
2026-03-19 04:05:55 - mkk_comic - app.py:587 - INFO - 正在下载第 005/017 页...
2026-03-19 04:05:56 - mkk_comic - app.py:587 - INFO - 正在下载第 006/017 页...
2026-03-19 04:05:56 - mkk_comic - app.py:587 - INFO - 正在下载第 007/017 页...
2026-03-19 04:05:56 - mkk_comic - app.py:587 - INFO - 正在下载第 008/017 页...
2026-03-19 04:05:56 - mkk_comic - app.py:587 - INFO - 正在下载第 009/017 页...
2026-03-19 04:05:56 - mkk_comic - app.py:587 - INFO - 正在下载第 010/017 页...
2026-03-19 04:05:56 - mkk_comic - app.py:587 - INFO - 正在下载第 011/017 页...
2026-03-19 04:05:56 - mkk_comic - app.py:587 - INFO - 正在下载第 012/017 页...
2026-03-19 04:05:56 - mkk_comic - app.py:587 - INFO - 正在下载第 013/017 页...
2026-03-19 04:05:56 - mkk_comic - app.py:587 - INFO - 正在下载第 014/017 页...
2026-03-19 04:05:56 - mkk_comic - app.py:587 - INFO - 正在下载第 015/017 页...
2026-03-19 04:05:56 - mkk_comic - app.py:587 - INFO - 正在下载第 016/017 页...
2026-03-19 04:05:56 - mkk_comic - app.py:587 - INFO - 正在下载第 017/017 页...
2026-03-19 04:05:56 - mkk_comic - app.py:511 - INFO - 下载完成!
2026-03-19 04:05:56 - mkk_comic - app.py:512 - INFO - 成功下载: 17/17 页
2026-03-19 04:05:56 - mkk_comic - app.py:523 - INFO - 章节下载完成，等待 9.4 秒后继续...
2026-03-19 04:06:07 - mkk_comic - app.py:494 - INFO - 正在下载第305章: 第1100话    UUID:f33d377e-9282-11ee-992a-55b00c27fb36
2026-03-19 04:06:07 - mkk_comic - app.py:502 - INFO - 创建目录: ./out/海贼王/第1100话
2026-03-19 04:06:07 - mkk_comic - app.py:505 - INFO - 开始下载: 海贼王 - 第1100话
2026-03-19 04:06:07 - mkk_comic - app.py:506 - INFO - 总页数: 18
2026-03-19 04:06:07 - mkk_comic - app.py:587 - INFO - 正在下载第 001/018 页...
2026-03-19 04:06:07 - mkk_comic - app.py:587 - INFO - 正在下载第 002/018 页...
2026-03-19 04:06:07 - mkk_comic - app.py:587 - INFO - 正在下载第 003/018 页...
2026-03-19 04:06:07 - mkk_comic - app.py:587 - INFO - 正在下载第 004/018 页...
2026-03-19 04:06:07 - mkk_comic - app.py:587 - INFO - 正在下载第 005/018 页...
2026-03-19 04:06:07 - mkk_comic - app.py:587 - INFO - 正在下载第 006/018 页...
2026-03-19 04:06:07 - mkk_comic - app.py:587 - INFO - 正在下载第 007/018 页...
2026-03-19 04:06:07 - mkk_comic - app.py:587 - INFO - 正在下载第 008/018 页...
2026-03-19 04:06:07 - mkk_comic - app.py:587 - INFO - 正在下载第 009/018 页...
2026-03-19 04:06:07 - mkk_comic - app.py:587 - INFO - 正在下载第 010/018 页...
2026-03-19 04:06:08 - mkk_comic - app.py:587 - INFO - 正在下载第 011/018 页...
2026-03-19 04:06:08 - mkk_comic - app.py:587 - INFO - 正在下载第 012/018 页...
2026-03-19 04:06:08 - mkk_comic - app.py:587 - INFO - 正在下载第 013/018 页...
2026-03-19 04:06:08 - mkk_comic - app.py:587 - INFO - 正在下载第 014/018 页...
2026-03-19 04:06:08 - mkk_comic - app.py:587 - INFO - 正在下载第 015/018 页...
2026-03-19 04:06:08 - mkk_comic - app.py:587 - INFO - 正在下载第 016/018 页...
2026-03-19 04:06:08 - mkk_comic - app.py:587 - INFO - 正在下载第 017/018 页...
2026-03-19 04:06:08 - mkk_comic - app.py:587 - INFO - 正在下载第 018/018 页...
2026-03-19 04:06:08 - mkk_comic - app.py:511 - INFO - 下载完成!
2026-03-19 04:06:08 - mkk_comic - app.py:512 - INFO - 成功下载: 18/18 页
2026-03-19 04:06:08 - mkk_comic - app.py:523 - INFO - 章节下载完成，等待 5.8 秒后继续...
2026-03-19 04:06:15 - mkk_comic - app.py:494 - INFO - 正在下载第306章: 第1101话    UUID:a4191354-95d2-11ee-9a99-55b00c27fb36
2026-03-19 04:06:15 - mkk_comic - app.py:502 - INFO - 创建目录: ./out/海贼王/第1101话
2026-03-19 04:06:15 - mkk_comic - app.py:505 - INFO - 开始下载: 海贼王 - 第1101话
2026-03-19 04:06:15 - mkk_comic - app.py:506 - INFO - 总页数: 16
2026-03-19 04:06:15 - mkk_comic - app.py:587 - INFO - 正在下载第 001/016 页...
2026-03-19 04:06:15 - mkk_comic - app.py:587 - INFO - 正在下载第 002/016 页...
2026-03-19 04:06:15 - mkk_comic - app.py:587 - INFO - 正在下载第 003/016 页...
2026-03-19 04:06:15 - mkk_comic - app.py:587 - INFO - 正在下载第 004/016 页...
2026-03-19 04:06:15 - mkk_comic - app.py:587 - INFO - 正在下载第 005/016 页...
2026-03-19 04:06:15 - mkk_comic - app.py:587 - INFO - 正在下载第 006/016 页...
2026-03-19 04:06:15 - mkk_comic - app.py:587 - INFO - 正在下载第 007/016 页...
2026-03-19 04:06:15 - mkk_comic - app.py:587 - INFO - 正在下载第 008/016 页...
2026-03-19 04:06:15 - mkk_comic - app.py:587 - INFO - 正在下载第 009/016 页...
2026-03-19 04:06:16 - mkk_comic - app.py:587 - INFO - 正在下载第 010/016 页...
2026-03-19 04:06:16 - mkk_comic - app.py:587 - INFO - 正在下载第 011/016 页...
2026-03-19 04:06:16 - mkk_comic - app.py:587 - INFO - 正在下载第 012/016 页...
2026-03-19 04:06:16 - mkk_comic - app.py:587 - INFO - 正在下载第 013/016 页...
2026-03-19 04:06:16 - mkk_comic - app.py:587 - INFO - 正在下载第 014/016 页...
2026-03-19 04:06:16 - mkk_comic - app.py:587 - INFO - 正在下载第 015/016 页...
2026-03-19 04:06:16 - mkk_comic - app.py:587 - INFO - 正在下载第 016/016 页...
2026-03-19 04:06:16 - mkk_comic - app.py:511 - INFO - 下载完成!
2026-03-19 04:06:16 - mkk_comic - app.py:512 - INFO - 成功下载: 16/16 页
2026-03-19 04:06:16 - mkk_comic - app.py:523 - INFO - 章节下载完成，等待 9.8 秒后继续...
2026-03-19 04:06:27 - mkk_comic - app.py:494 - INFO - 正在下载第307章: 第1102话    UUID:97f557f0-a305-11ee-a051-55b00c27fb36
2026-03-19 04:06:28 - mkk_comic - app.py:502 - INFO - 创建目录: ./out/海贼王/第1102话
2026-03-19 04:06:28 - mkk_comic - app.py:505 - INFO - 开始下载: 海贼王 - 第1102话
2026-03-19 04:06:28 - mkk_comic - app.py:506 - INFO - 总页数: 18
2026-03-19 04:06:28 - mkk_comic - app.py:587 - INFO - 正在下载第 001/018 页...
2026-03-19 04:06:28 - mkk_comic - app.py:587 - INFO - 正在下载第 002/018 页...
2026-03-19 04:06:28 - mkk_comic - app.py:587 - INFO - 正在下载第 003/018 页...
2026-03-19 04:06:28 - mkk_comic - app.py:587 - INFO - 正在下载第 004/018 页...
2026-03-19 04:06:28 - mkk_comic - app.py:587 - INFO - 正在下载第 005/018 页...
2026-03-19 04:06:28 - mkk_comic - app.py:587 - INFO - 正在下载第 006/018 页...
2026-03-19 04:06:28 - mkk_comic - app.py:587 - INFO - 正在下载第 007/018 页...
2026-03-19 04:06:28 - mkk_comic - app.py:587 - INFO - 正在下载第 008/018 页...
2026-03-19 04:06:28 - mkk_comic - app.py:587 - INFO - 正在下载第 009/018 页...
2026-03-19 04:06:28 - mkk_comic - app.py:587 - INFO - 正在下载第 010/018 页...
2026-03-19 04:06:28 - mkk_comic - app.py:587 - INFO - 正在下载第 011/018 页...
2026-03-19 04:06:28 - mkk_comic - app.py:587 - INFO - 正在下载第 012/018 页...
2026-03-19 04:06:28 - mkk_comic - app.py:587 - INFO - 正在下载第 013/018 页...
2026-03-19 04:06:28 - mkk_comic - app.py:587 - INFO - 正在下载第 014/018 页...
2026-03-19 04:06:28 - mkk_comic - app.py:587 - INFO - 正在下载第 015/018 页...
2026-03-19 04:06:28 - mkk_comic - app.py:587 - INFO - 正在下载第 016/018 页...
2026-03-19 04:06:28 - mkk_comic - app.py:587 - INFO - 正在下载第 017/018 页...
2026-03-19 04:06:28 - mkk_comic - app.py:587 - INFO - 正在下载第 018/018 页...
2026-03-19 04:06:29 - mkk_comic - app.py:511 - INFO - 下载完成!
2026-03-19 04:06:29 - mkk_comic - app.py:512 - INFO - 成功下载: 18/18 页
2026-03-19 04:06:29 - mkk_comic - app.py:523 - INFO - 章节下载完成，等待 5.9 秒后继续...
2026-03-19 04:06:35 - mkk_comic - app.py:494 - INFO - 正在下载第308章: 第1103话    UUID:7ec6d2f6-aa10-11ee-a3dc-55b00c27fb36
2026-03-19 04:06:36 - mkk_comic - app.py:502 - INFO - 创建目录: ./out/海贼王/第1103话
2026-03-19 04:06:36 - mkk_comic - app.py:505 - INFO - 开始下载: 海贼王 - 第1103话
2026-03-19 04:06:36 - mkk_comic - app.py:506 - INFO - 总页数: 15
2026-03-19 04:06:36 - mkk_comic - app.py:587 - INFO - 正在下载第 001/015 页...
2026-03-19 04:06:36 - mkk_comic - app.py:587 - INFO - 正在下载第 002/015 页...
2026-03-19 04:06:36 - mkk_comic - app.py:587 - INFO - 正在下载第 003/015 页...
2026-03-19 04:06:36 - mkk_comic - app.py:587 - INFO - 正在下载第 004/015 页...
2026-03-19 04:06:36 - mkk_comic - app.py:587 - INFO - 正在下载第 005/015 页...
2026-03-19 04:06:36 - mkk_comic - app.py:587 - INFO - 正在下载第 006/015 页...
2026-03-19 04:06:36 - mkk_comic - app.py:587 - INFO - 正在下载第 007/015 页...
2026-03-19 04:06:36 - mkk_comic - app.py:587 - INFO - 正在下载第 008/015 页...
2026-03-19 04:06:36 - mkk_comic - app.py:587 - INFO - 正在下载第 009/015 页...
2026-03-19 04:06:36 - mkk_comic - app.py:587 - INFO - 正在下载第 010/015 页...
2026-03-19 04:06:36 - mkk_comic - app.py:587 - INFO - 正在下载第 011/015 页...
2026-03-19 04:06:36 - mkk_comic - app.py:587 - INFO - 正在下载第 012/015 页...
2026-03-19 04:06:36 - mkk_comic - app.py:587 - INFO - 正在下载第 013/015 页...
2026-03-19 04:06:36 - mkk_comic - app.py:587 - INFO - 正在下载第 014/015 页...
2026-03-19 04:06:37 - mkk_comic - app.py:587 - INFO - 正在下载第 015/015 页...
2026-03-19 04:06:37 - mkk_comic - app.py:511 - INFO - 下载完成!
2026-03-19 04:06:37 - mkk_comic - app.py:512 - INFO - 成功下载: 15/15 页
2026-03-19 04:06:37 - mkk_comic - app.py:523 - INFO - 章节下载完成，等待 8.4 秒后继续...
2026-03-19 04:06:46 - mkk_comic - app.py:494 - INFO - 正在下载第309章: 第1104话    UUID:30c66186-bf26-11ee-b06d-55b00c27fb36
2026-03-19 04:06:47 - mkk_comic - app.py:502 - INFO - 创建目录: ./out/海贼王/第1104话
2026-03-19 04:06:47 - mkk_comic - app.py:505 - INFO - 开始下载: 海贼王 - 第1104话
2026-03-19 04:06:47 - mkk_comic - app.py:506 - INFO - 总页数: 14
2026-03-19 04:06:47 - mkk_comic - app.py:587 - INFO - 正在下载第 001/014 页...
2026-03-19 04:06:47 - mkk_comic - app.py:587 - INFO - 正在下载第 002/014 页...
2026-03-19 04:06:47 - mkk_comic - app.py:587 - INFO - 正在下载第 003/014 页...
2026-03-19 04:06:47 - mkk_comic - app.py:587 - INFO - 正在下载第 004/014 页...
2026-03-19 04:06:47 - mkk_comic - app.py:587 - INFO - 正在下载第 005/014 页...
2026-03-19 04:06:47 - mkk_comic - app.py:587 - INFO - 正在下载第 006/014 页...
2026-03-19 04:06:47 - mkk_comic - app.py:587 - INFO - 正在下载第 007/014 页...
2026-03-19 04:06:47 - mkk_comic - app.py:587 - INFO - 正在下载第 008/014 页...
2026-03-19 04:06:47 - mkk_comic - app.py:587 - INFO - 正在下载第 009/014 页...
2026-03-19 04:06:47 - mkk_comic - app.py:587 - INFO - 正在下载第 010/014 页...
2026-03-19 04:06:47 - mkk_comic - app.py:587 - INFO - 正在下载第 011/014 页...
2026-03-19 04:06:47 - mkk_comic - app.py:587 - INFO - 正在下载第 012/014 页...
2026-03-19 04:06:47 - mkk_comic - app.py:587 - INFO - 正在下载第 013/014 页...
2026-03-19 04:06:47 - mkk_comic - app.py:587 - INFO - 正在下载第 014/014 页...
2026-03-19 04:06:47 - mkk_comic - app.py:511 - INFO - 下载完成!
2026-03-19 04:06:47 - mkk_comic - app.py:512 - INFO - 成功下载: 14/14 页
2026-03-19 04:06:47 - mkk_comic - app.py:523 - INFO - 章节下载完成，等待 5.6 秒后继续...
2026-03-19 04:06:53 - mkk_comic - app.py:843 - INFO - 【电锯人】上次下载至第257章
2026-03-19 04:06:54 - mkk_comic - app.py:846 - INFO - 该漫画更新至257章，不需要更新
2026-03-19 04:06:54 - mkk_comic - app.py:863 - INFO - ===== 检查更新完成 =====

