2026-02-28 03:30:03 - mkk_comic - app.py:863 - INFO - 运行环境：GitHub Actions（自动化模式）
2026-02-28 03:30:03 - mkk_comic - app.py:820 - INFO - ===== 开始检查更新=====
2026-02-28 03:30:03 - mkk_comic - app.py:838 - INFO - 【海贼王】上次下载至第89章
2026-02-28 03:30:03 - mkk_comic - app.py:845 - INFO - 【海贼王】检测到更新！最新：379章
2026-02-28 03:30:03 - mkk_comic - app.py:848 - INFO - 【海贼王】最大下载限制为5章-需下载90~94章）
2026-02-28 03:30:04 - mkk_comic - app.py:494 - INFO - 正在下载第90章: 90卷    UUID:ae36b76e-135f-11ef-87bd-3f487b7d9a9a
2026-02-28 03:30:05 - mkk_comic - app.py:502 - INFO - 创建目录: ./out/海贼王/90卷
2026-02-28 03:30:05 - mkk_comic - app.py:505 - INFO - 开始下载: 海贼王 - 90卷
2026-02-28 03:30:05 - mkk_comic - app.py:506 - INFO - 总页数: 198
2026-02-28 03:30:05 - mkk_comic - app.py:582 - INFO - 正在下载第 001/198 页...
2026-02-28 03:30:05 - mkk_comic - app.py:582 - INFO - 正在下载第 002/198 页...
2026-02-28 03:30:05 - mkk_comic - app.py:582 - INFO - 正在下载第 003/198 页...
2026-02-28 03:30:05 - mkk_comic - app.py:582 - INFO - 正在下载第 004/198 页...
2026-02-28 03:30:05 - mkk_comic - app.py:582 - INFO - 正在下载第 005/198 页...
2026-02-28 03:30:05 - mkk_comic - app.py:582 - INFO - 正在下载第 006/198 页...
2026-02-28 03:30:05 - mkk_comic - app.py:582 - INFO - 正在下载第 007/198 页...
2026-02-28 03:30:05 - mkk_comic - app.py:582 - INFO - 正在下载第 008/198 页...
2026-02-28 03:30:05 - mkk_comic - app.py:582 - INFO - 正在下载第 009/198 页...
2026-02-28 03:30:05 - mkk_comic - app.py:582 - INFO - 正在下载第 010/198 页...
2026-02-28 03:30:05 - mkk_comic - app.py:582 - INFO - 正在下载第 011/198 页...
2026-02-28 03:30:05 - mkk_comic - app.py:582 - INFO - 正在下载第 012/198 页...
2026-02-28 03:30:05 - mkk_comic - app.py:582 - INFO - 正在下载第 013/198 页...
2026-02-28 03:30:05 - mkk_comic - app.py:582 - INFO - 正在下载第 014/198 页...
2026-02-28 03:30:05 - mkk_comic - app.py:582 - INFO - 正在下载第 015/198 页...
2026-02-28 03:30:05 - mkk_comic - app.py:582 - INFO - 正在下载第 016/198 页...
2026-02-28 03:30:05 - mkk_comic - app.py:582 - INFO - 正在下载第 017/198 页...
2026-02-28 03:30:05 - mkk_comic - app.py:582 - INFO - 正在下载第 018/198 页...
2026-02-28 03:30:05 - mkk_comic - app.py:582 - INFO - 正在下载第 019/198 页...
2026-02-28 03:30:05 - mkk_comic - app.py:582 - INFO - 正在下载第 020/198 页...
2026-02-28 03:30:05 - mkk_comic - app.py:582 - INFO - 正在下载第 021/198 页...
2026-02-28 03:30:05 - mkk_comic - app.py:582 - INFO - 正在下载第 022/198 页...
2026-02-28 03:30:05 - mkk_comic - app.py:582 - INFO - 正在下载第 023/198 页...
2026-02-28 03:30:05 - mkk_comic - app.py:582 - INFO - 正在下载第 024/198 页...
2026-02-28 03:30:05 - mkk_comic - app.py:582 - INFO - 正在下载第 025/198 页...
2026-02-28 03:30:05 - mkk_comic - app.py:582 - INFO - 正在下载第 026/198 页...
2026-02-28 03:30:05 - mkk_comic - app.py:582 - INFO - 正在下载第 027/198 页...
2026-02-28 03:30:05 - mkk_comic - app.py:582 - INFO - 正在下载第 028/198 页...
2026-02-28 03:30:05 - mkk_comic - app.py:582 - INFO - 正在下载第 029/198 页...
2026-02-28 03:30:05 - mkk_comic - app.py:582 - INFO - 正在下载第 030/198 页...
2026-02-28 03:30:05 - mkk_comic - app.py:582 - INFO - 正在下载第 031/198 页...
2026-02-28 03:30:05 - mkk_comic - app.py:582 - INFO - 正在下载第 032/198 页...
2026-02-28 03:30:05 - mkk_comic - app.py:582 - INFO - 正在下载第 033/198 页...
2026-02-28 03:30:05 - mkk_comic - app.py:582 - INFO - 正在下载第 034/198 页...
2026-02-28 03:30:05 - mkk_comic - app.py:582 - INFO - 正在下载第 035/198 页...
2026-02-28 03:30:05 - mkk_comic - app.py:582 - INFO - 正在下载第 036/198 页...
2026-02-28 03:30:05 - mkk_comic - app.py:582 - INFO - 正在下载第 037/198 页...
2026-02-28 03:30:05 - mkk_comic - app.py:582 - INFO - 正在下载第 038/198 页...
2026-02-28 03:30:05 - mkk_comic - app.py:582 - INFO - 正在下载第 039/198 页...
2026-02-28 03:30:05 - mkk_comic - app.py:582 - INFO - 正在下载第 040/198 页...
2026-02-28 03:30:05 - mkk_comic - app.py:582 - INFO - 正在下载第 041/198 页...
2026-02-28 03:30:05 - mkk_comic - app.py:582 - INFO - 正在下载第 042/198 页...
2026-02-28 03:30:05 - mkk_comic - app.py:582 - INFO - 正在下载第 043/198 页...
2026-02-28 03:30:05 - mkk_comic - app.py:582 - INFO - 正在下载第 044/198 页...
2026-02-28 03:30:06 - mkk_comic - app.py:582 - INFO - 正在下载第 045/198 页...
2026-02-28 03:30:06 - mkk_comic - app.py:582 - INFO - 正在下载第 046/198 页...
2026-02-28 03:30:06 - mkk_comic - app.py:582 - INFO - 正在下载第 047/198 页...
2026-02-28 03:30:06 - mkk_comic - app.py:582 - INFO - 正在下载第 048/198 页...
2026-02-28 03:30:06 - mkk_comic - app.py:582 - INFO - 正在下载第 049/198 页...
2026-02-28 03:30:06 - mkk_comic - app.py:582 - INFO - 正在下载第 050/198 页...
2026-02-28 03:30:06 - mkk_comic - app.py:582 - INFO - 正在下载第 051/198 页...
2026-02-28 03:30:06 - mkk_comic - app.py:582 - INFO - 正在下载第 052/198 页...
2026-02-28 03:30:06 - mkk_comic - app.py:582 - INFO - 正在下载第 053/198 页...
2026-02-28 03:30:06 - mkk_comic - app.py:582 - INFO - 正在下载第 054/198 页...
2026-02-28 03:30:06 - mkk_comic - app.py:582 - INFO - 正在下载第 055/198 页...
2026-02-28 03:30:06 - mkk_comic - app.py:582 - INFO - 正在下载第 056/198 页...
2026-02-28 03:30:06 - mkk_comic - app.py:582 - INFO - 正在下载第 057/198 页...
2026-02-28 03:30:06 - mkk_comic - app.py:582 - INFO - 正在下载第 058/198 页...
2026-02-28 03:30:06 - mkk_comic - app.py:582 - INFO - 正在下载第 059/198 页...
2026-02-28 03:30:06 - mkk_comic - app.py:582 - INFO - 正在下载第 060/198 页...
2026-02-28 03:30:06 - mkk_comic - app.py:582 - INFO - 正在下载第 061/198 页...
2026-02-28 03:30:06 - mkk_comic - app.py:582 - INFO - 正在下载第 062/198 页...
2026-02-28 03:30:06 - mkk_comic - app.py:582 - INFO - 正在下载第 063/198 页...
2026-02-28 03:30:06 - mkk_comic - app.py:582 - INFO - 正在下载第 064/198 页...
2026-02-28 03:30:06 - mkk_comic - app.py:582 - INFO - 正在下载第 065/198 页...
2026-02-28 03:30:06 - mkk_comic - app.py:582 - INFO - 正在下载第 066/198 页...
2026-02-28 03:30:06 - mkk_comic - app.py:582 - INFO - 正在下载第 067/198 页...
2026-02-28 03:30:06 - mkk_comic - app.py:582 - INFO - 正在下载第 068/198 页...
2026-02-28 03:30:06 - mkk_comic - app.py:582 - INFO - 正在下载第 069/198 页...
2026-02-28 03:30:06 - mkk_comic - app.py:582 - INFO - 正在下载第 070/198 页...
2026-02-28 03:30:06 - mkk_comic - app.py:582 - INFO - 正在下载第 071/198 页...
2026-02-28 03:30:06 - mkk_comic - app.py:582 - INFO - 正在下载第 072/198 页...
2026-02-28 03:30:06 - mkk_comic - app.py:582 - INFO - 正在下载第 073/198 页...
2026-02-28 03:30:06 - mkk_comic - app.py:582 - INFO - 正在下载第 074/198 页...
2026-02-28 03:30:06 - mkk_comic - app.py:582 - INFO - 正在下载第 075/198 页...
2026-02-28 03:30:06 - mkk_comic - app.py:582 - INFO - 正在下载第 076/198 页...
2026-02-28 03:30:06 - mkk_comic - app.py:582 - INFO - 正在下载第 077/198 页...
2026-02-28 03:30:06 - mkk_comic - app.py:582 - INFO - 正在下载第 078/198 页...
2026-02-28 03:30:06 - mkk_comic - app.py:582 - INFO - 正在下载第 079/198 页...
2026-02-28 03:30:06 - mkk_comic - app.py:582 - INFO - 正在下载第 080/198 页...
2026-02-28 03:30:06 - mkk_comic - app.py:582 - INFO - 正在下载第 081/198 页...
2026-02-28 03:30:06 - mkk_comic - app.py:582 - INFO - 正在下载第 082/198 页...
2026-02-28 03:30:06 - mkk_comic - app.py:582 - INFO - 正在下载第 083/198 页...
2026-02-28 03:30:06 - mkk_comic - app.py:582 - INFO - 正在下载第 084/198 页...
2026-02-28 03:30:06 - mkk_comic - app.py:582 - INFO - 正在下载第 085/198 页...
2026-02-28 03:30:07 - mkk_comic - app.py:582 - INFO - 正在下载第 086/198 页...
2026-02-28 03:30:07 - mkk_comic - app.py:582 - INFO - 正在下载第 087/198 页...
2026-02-28 03:30:07 - mkk_comic - app.py:582 - INFO - 正在下载第 088/198 页...
2026-02-28 03:30:07 - mkk_comic - app.py:582 - INFO - 正在下载第 089/198 页...
2026-02-28 03:30:07 - mkk_comic - app.py:582 - INFO - 正在下载第 090/198 页...
2026-02-28 03:30:07 - mkk_comic - app.py:582 - INFO - 正在下载第 091/198 页...
2026-02-28 03:30:07 - mkk_comic - app.py:582 - INFO - 正在下载第 092/198 页...
2026-02-28 03:30:07 - mkk_comic - app.py:582 - INFO - 正在下载第 093/198 页...
2026-02-28 03:30:07 - mkk_comic - app.py:582 - INFO - 正在下载第 094/198 页...
2026-02-28 03:30:07 - mkk_comic - app.py:582 - INFO - 正在下载第 095/198 页...
2026-02-28 03:30:07 - mkk_comic - app.py:582 - INFO - 正在下载第 096/198 页...
2026-02-28 03:30:07 - mkk_comic - app.py:582 - INFO - 正在下载第 097/198 页...
2026-02-28 03:30:07 - mkk_comic - app.py:582 - INFO - 正在下载第 098/198 页...
2026-02-28 03:30:07 - mkk_comic - app.py:582 - INFO - 正在下载第 099/198 页...
2026-02-28 03:30:07 - mkk_comic - app.py:582 - INFO - 正在下载第 100/198 页...
2026-02-28 03:30:07 - mkk_comic - app.py:582 - INFO - 正在下载第 101/198 页...
2026-02-28 03:30:07 - mkk_comic - app.py:582 - INFO - 正在下载第 102/198 页...
2026-02-28 03:30:07 - mkk_comic - app.py:582 - INFO - 正在下载第 103/198 页...
2026-02-28 03:30:07 - mkk_comic - app.py:582 - INFO - 正在下载第 104/198 页...
2026-02-28 03:30:07 - mkk_comic - app.py:582 - INFO - 正在下载第 105/198 页...
2026-02-28 03:30:07 - mkk_comic - app.py:582 - INFO - 正在下载第 106/198 页...
2026-02-28 03:30:07 - mkk_comic - app.py:582 - INFO - 正在下载第 107/198 页...
2026-02-28 03:30:07 - mkk_comic - app.py:582 - INFO - 正在下载第 108/198 页...
2026-02-28 03:30:07 - mkk_comic - app.py:582 - INFO - 正在下载第 109/198 页...
2026-02-28 03:30:07 - mkk_comic - app.py:582 - INFO - 正在下载第 110/198 页...
2026-02-28 03:30:07 - mkk_comic - app.py:582 - INFO - 正在下载第 111/198 页...
2026-02-28 03:30:07 - mkk_comic - app.py:582 - INFO - 正在下载第 112/198 页...
2026-02-28 03:30:07 - mkk_comic - app.py:582 - INFO - 正在下载第 113/198 页...
2026-02-28 03:30:07 - mkk_comic - app.py:582 - INFO - 正在下载第 114/198 页...
2026-02-28 03:30:07 - mkk_comic - app.py:582 - INFO - 正在下载第 115/198 页...
2026-02-28 03:30:07 - mkk_comic - app.py:582 - INFO - 正在下载第 116/198 页...
2026-02-28 03:30:07 - mkk_comic - app.py:582 - INFO - 正在下载第 117/198 页...
2026-02-28 03:30:07 - mkk_comic - app.py:582 - INFO - 正在下载第 118/198 页...
2026-02-28 03:30:07 - mkk_comic - app.py:582 - INFO - 正在下载第 119/198 页...
2026-02-28 03:30:07 - mkk_comic - app.py:582 - INFO - 正在下载第 120/198 页...
2026-02-28 03:30:07 - mkk_comic - app.py:582 - INFO - 正在下载第 121/198 页...
2026-02-28 03:30:07 - mkk_comic - app.py:582 - INFO - 正在下载第 122/198 页...
2026-02-28 03:30:07 - mkk_comic - app.py:582 - INFO - 正在下载第 123/198 页...
2026-02-28 03:30:07 - mkk_comic - app.py:582 - INFO - 正在下载第 124/198 页...
2026-02-28 03:30:07 - mkk_comic - app.py:582 - INFO - 正在下载第 125/198 页...
2026-02-28 03:30:07 - mkk_comic - app.py:582 - INFO - 正在下载第 126/198 页...
2026-02-28 03:30:07 - mkk_comic - app.py:582 - INFO - 正在下载第 127/198 页...
2026-02-28 03:30:07 - mkk_comic - app.py:582 - INFO - 正在下载第 128/198 页...
2026-02-28 03:30:07 - mkk_comic - app.py:582 - INFO - 正在下载第 129/198 页...
2026-02-28 03:30:08 - mkk_comic - app.py:582 - INFO - 正在下载第 130/198 页...
2026-02-28 03:30:08 - mkk_comic - app.py:582 - INFO - 正在下载第 131/198 页...
2026-02-28 03:30:08 - mkk_comic - app.py:582 - INFO - 正在下载第 132/198 页...
2026-02-28 03:30:08 - mkk_comic - app.py:582 - INFO - 正在下载第 133/198 页...
2026-02-28 03:30:08 - mkk_comic - app.py:582 - INFO - 正在下载第 134/198 页...
2026-02-28 03:30:08 - mkk_comic - app.py:582 - INFO - 正在下载第 135/198 页...
2026-02-28 03:30:08 - mkk_comic - app.py:582 - INFO - 正在下载第 136/198 页...
2026-02-28 03:30:08 - mkk_comic - app.py:582 - INFO - 正在下载第 137/198 页...
2026-02-28 03:30:08 - mkk_comic - app.py:582 - INFO - 正在下载第 138/198 页...
2026-02-28 03:30:08 - mkk_comic - app.py:582 - INFO - 正在下载第 139/198 页...
2026-02-28 03:30:08 - mkk_comic - app.py:582 - INFO - 正在下载第 140/198 页...
2026-02-28 03:30:08 - mkk_comic - app.py:582 - INFO - 正在下载第 141/198 页...
2026-02-28 03:30:08 - mkk_comic - app.py:582 - INFO - 正在下载第 142/198 页...
2026-02-28 03:30:08 - mkk_comic - app.py:582 - INFO - 正在下载第 143/198 页...
2026-02-28 03:30:08 - mkk_comic - app.py:582 - INFO - 正在下载第 144/198 页...
2026-02-28 03:30:08 - mkk_comic - app.py:582 - INFO - 正在下载第 145/198 页...
2026-02-28 03:30:08 - mkk_comic - app.py:582 - INFO - 正在下载第 146/198 页...
2026-02-28 03:30:08 - mkk_comic - app.py:582 - INFO - 正在下载第 147/198 页...
2026-02-28 03:30:08 - mkk_comic - app.py:582 - INFO - 正在下载第 148/198 页...
2026-02-28 03:30:08 - mkk_comic - app.py:582 - INFO - 正在下载第 149/198 页...
2026-02-28 03:30:08 - mkk_comic - app.py:582 - INFO - 正在下载第 150/198 页...
2026-02-28 03:30:08 - mkk_comic - app.py:582 - INFO - 正在下载第 151/198 页...
2026-02-28 03:30:08 - mkk_comic - app.py:582 - INFO - 正在下载第 152/198 页...
2026-02-28 03:30:08 - mkk_comic - app.py:582 - INFO - 正在下载第 153/198 页...
2026-02-28 03:30:08 - mkk_comic - app.py:582 - INFO - 正在下载第 154/198 页...
2026-02-28 03:30:08 - mkk_comic - app.py:582 - INFO - 正在下载第 155/198 页...
2026-02-28 03:30:08 - mkk_comic - app.py:582 - INFO - 正在下载第 156/198 页...
2026-02-28 03:30:08 - mkk_comic - app.py:582 - INFO - 正在下载第 157/198 页...
2026-02-28 03:30:08 - mkk_comic - app.py:582 - INFO - 正在下载第 158/198 页...
2026-02-28 03:30:08 - mkk_comic - app.py:582 - INFO - 正在下载第 159/198 页...
2026-02-28 03:30:08 - mkk_comic - app.py:582 - INFO - 正在下载第 160/198 页...
2026-02-28 03:30:08 - mkk_comic - app.py:582 - INFO - 正在下载第 161/198 页...
2026-02-28 03:30:08 - mkk_comic - app.py:582 - INFO - 正在下载第 162/198 页...
2026-02-28 03:30:08 - mkk_comic - app.py:582 - INFO - 正在下载第 163/198 页...
2026-02-28 03:30:08 - mkk_comic - app.py:582 - INFO - 正在下载第 164/198 页...
2026-02-28 03:30:08 - mkk_comic - app.py:582 - INFO - 正在下载第 165/198 页...
2026-02-28 03:30:08 - mkk_comic - app.py:582 - INFO - 正在下载第 166/198 页...
2026-02-28 03:30:08 - mkk_comic - app.py:582 - INFO - 正在下载第 167/198 页...
2026-02-28 03:30:08 - mkk_comic - app.py:582 - INFO - 正在下载第 168/198 页...
2026-02-28 03:30:08 - mkk_comic - app.py:582 - INFO - 正在下载第 169/198 页...
2026-02-28 03:30:08 - mkk_comic - app.py:582 - INFO - 正在下载第 170/198 页...
2026-02-28 03:30:08 - mkk_comic - app.py:582 - INFO - 正在下载第 171/198 页...
2026-02-28 03:30:08 - mkk_comic - app.py:582 - INFO - 正在下载第 172/198 页...
2026-02-28 03:30:09 - mkk_comic - app.py:582 - INFO - 正在下载第 173/198 页...
2026-02-28 03:30:09 - mkk_comic - app.py:582 - INFO - 正在下载第 174/198 页...
2026-02-28 03:30:09 - mkk_comic - app.py:582 - INFO - 正在下载第 175/198 页...
2026-02-28 03:30:09 - mkk_comic - app.py:582 - INFO - 正在下载第 176/198 页...
2026-02-28 03:30:09 - mkk_comic - app.py:582 - INFO - 正在下载第 177/198 页...
2026-02-28 03:30:09 - mkk_comic - app.py:582 - INFO - 正在下载第 178/198 页...
2026-02-28 03:30:09 - mkk_comic - app.py:582 - INFO - 正在下载第 179/198 页...
2026-02-28 03:30:09 - mkk_comic - app.py:582 - INFO - 正在下载第 180/198 页...
2026-02-28 03:30:09 - mkk_comic - app.py:582 - INFO - 正在下载第 181/198 页...
2026-02-28 03:30:09 - mkk_comic - app.py:582 - INFO - 正在下载第 182/198 页...
2026-02-28 03:30:09 - mkk_comic - app.py:582 - INFO - 正在下载第 183/198 页...
2026-02-28 03:30:09 - mkk_comic - app.py:582 - INFO - 正在下载第 184/198 页...
2026-02-28 03:30:09 - mkk_comic - app.py:582 - INFO - 正在下载第 185/198 页...
2026-02-28 03:30:09 - mkk_comic - app.py:582 - INFO - 正在下载第 186/198 页...
2026-02-28 03:30:09 - mkk_comic - app.py:582 - INFO - 正在下载第 187/198 页...
2026-02-28 03:30:09 - mkk_comic - app.py:582 - INFO - 正在下载第 188/198 页...
2026-02-28 03:30:09 - mkk_comic - app.py:582 - INFO - 正在下载第 189/198 页...
2026-02-28 03:30:09 - mkk_comic - app.py:582 - INFO - 正在下载第 190/198 页...
2026-02-28 03:30:09 - mkk_comic - app.py:582 - INFO - 正在下载第 191/198 页...
2026-02-28 03:30:09 - mkk_comic - app.py:582 - INFO - 正在下载第 192/198 页...
2026-02-28 03:30:09 - mkk_comic - app.py:582 - INFO - 正在下载第 193/198 页...
2026-02-28 03:30:09 - mkk_comic - app.py:582 - INFO - 正在下载第 194/198 页...
2026-02-28 03:30:09 - mkk_comic - app.py:582 - INFO - 正在下载第 195/198 页...
2026-02-28 03:30:09 - mkk_comic - app.py:582 - INFO - 正在下载第 196/198 页...
2026-02-28 03:30:09 - mkk_comic - app.py:582 - INFO - 正在下载第 197/198 页...
2026-02-28 03:30:09 - mkk_comic - app.py:582 - INFO - 正在下载第 198/198 页...
2026-02-28 03:30:09 - mkk_comic - app.py:511 - INFO - 下载完成!
2026-02-28 03:30:09 - mkk_comic - app.py:512 - INFO - 成功下载: 198/198 页
2026-02-28 03:30:10 - mkk_comic - app.py:494 - INFO - 正在下载第91章: 91卷    UUID:b1d41a24-135f-11ef-87bd-3f487b7d9a9a
2026-02-28 03:30:11 - mkk_comic - app.py:502 - INFO - 创建目录: ./out/海贼王/91卷
2026-02-28 03:30:11 - mkk_comic - app.py:505 - INFO - 开始下载: 海贼王 - 91卷
2026-02-28 03:30:11 - mkk_comic - app.py:506 - INFO - 总页数: 230
2026-02-28 03:30:11 - mkk_comic - app.py:582 - INFO - 正在下载第 001/230 页...
2026-02-28 03:30:11 - mkk_comic - app.py:582 - INFO - 正在下载第 002/230 页...
2026-02-28 03:30:11 - mkk_comic - app.py:582 - INFO - 正在下载第 003/230 页...
2026-02-28 03:30:11 - mkk_comic - app.py:582 - INFO - 正在下载第 004/230 页...
2026-02-28 03:30:11 - mkk_comic - app.py:582 - INFO - 正在下载第 005/230 页...
2026-02-28 03:30:11 - mkk_comic - app.py:582 - INFO - 正在下载第 006/230 页...
2026-02-28 03:30:11 - mkk_comic - app.py:582 - INFO - 正在下载第 007/230 页...
2026-02-28 03:30:11 - mkk_comic - app.py:582 - INFO - 正在下载第 008/230 页...
2026-02-28 03:30:11 - mkk_comic - app.py:582 - INFO - 正在下载第 009/230 页...
2026-02-28 03:30:11 - mkk_comic - app.py:582 - INFO - 正在下载第 010/230 页...
2026-02-28 03:30:11 - mkk_comic - app.py:582 - INFO - 正在下载第 011/230 页...
2026-02-28 03:30:11 - mkk_comic - app.py:582 - INFO - 正在下载第 012/230 页...
2026-02-28 03:30:11 - mkk_comic - app.py:582 - INFO - 正在下载第 013/230 页...
2026-02-28 03:30:11 - mkk_comic - app.py:582 - INFO - 正在下载第 014/230 页...
2026-02-28 03:30:11 - mkk_comic - app.py:582 - INFO - 正在下载第 015/230 页...
2026-02-28 03:30:11 - mkk_comic - app.py:582 - INFO - 正在下载第 016/230 页...
2026-02-28 03:30:11 - mkk_comic - app.py:582 - INFO - 正在下载第 017/230 页...
2026-02-28 03:30:11 - mkk_comic - app.py:582 - INFO - 正在下载第 018/230 页...
2026-02-28 03:30:11 - mkk_comic - app.py:582 - INFO - 正在下载第 019/230 页...
2026-02-28 03:30:11 - mkk_comic - app.py:582 - INFO - 正在下载第 020/230 页...
2026-02-28 03:30:11 - mkk_comic - app.py:582 - INFO - 正在下载第 021/230 页...
2026-02-28 03:30:11 - mkk_comic - app.py:582 - INFO - 正在下载第 022/230 页...
2026-02-28 03:30:11 - mkk_comic - app.py:582 - INFO - 正在下载第 023/230 页...
2026-02-28 03:30:11 - mkk_comic - app.py:582 - INFO - 正在下载第 024/230 页...
2026-02-28 03:30:11 - mkk_comic - app.py:582 - INFO - 正在下载第 025/230 页...
2026-02-28 03:30:11 - mkk_comic - app.py:582 - INFO - 正在下载第 026/230 页...
2026-02-28 03:30:11 - mkk_comic - app.py:582 - INFO - 正在下载第 027/230 页...
2026-02-28 03:30:11 - mkk_comic - app.py:582 - INFO - 正在下载第 028/230 页...
2026-02-28 03:30:11 - mkk_comic - app.py:582 - INFO - 正在下载第 029/230 页...
2026-02-28 03:30:11 - mkk_comic - app.py:582 - INFO - 正在下载第 030/230 页...
2026-02-28 03:30:11 - mkk_comic - app.py:582 - INFO - 正在下载第 031/230 页...
2026-02-28 03:30:11 - mkk_comic - app.py:582 - INFO - 正在下载第 032/230 页...
2026-02-28 03:30:11 - mkk_comic - app.py:582 - INFO - 正在下载第 033/230 页...
2026-02-28 03:30:11 - mkk_comic - app.py:582 - INFO - 正在下载第 034/230 页...
2026-02-28 03:30:11 - mkk_comic - app.py:582 - INFO - 正在下载第 035/230 页...
2026-02-28 03:30:11 - mkk_comic - app.py:582 - INFO - 正在下载第 036/230 页...
2026-02-28 03:30:11 - mkk_comic - app.py:582 - INFO - 正在下载第 037/230 页...
2026-02-28 03:30:11 - mkk_comic - app.py:582 - INFO - 正在下载第 038/230 页...
2026-02-28 03:30:12 - mkk_comic - app.py:582 - INFO - 正在下载第 039/230 页...
2026-02-28 03:30:12 - mkk_comic - app.py:582 - INFO - 正在下载第 040/230 页...
2026-02-28 03:30:12 - mkk_comic - app.py:582 - INFO - 正在下载第 041/230 页...
2026-02-28 03:30:12 - mkk_comic - app.py:582 - INFO - 正在下载第 042/230 页...
2026-02-28 03:30:12 - mkk_comic - app.py:582 - INFO - 正在下载第 043/230 页...
2026-02-28 03:30:12 - mkk_comic - app.py:582 - INFO - 正在下载第 044/230 页...
2026-02-28 03:30:12 - mkk_comic - app.py:582 - INFO - 正在下载第 045/230 页...
2026-02-28 03:30:12 - mkk_comic - app.py:582 - INFO - 正在下载第 046/230 页...
2026-02-28 03:30:12 - mkk_comic - app.py:582 - INFO - 正在下载第 047/230 页...
2026-02-28 03:30:12 - mkk_comic - app.py:582 - INFO - 正在下载第 048/230 页...
2026-02-28 03:30:12 - mkk_comic - app.py:582 - INFO - 正在下载第 049/230 页...
2026-02-28 03:30:12 - mkk_comic - app.py:582 - INFO - 正在下载第 050/230 页...
2026-02-28 03:30:12 - mkk_comic - app.py:582 - INFO - 正在下载第 051/230 页...
2026-02-28 03:30:12 - mkk_comic - app.py:582 - INFO - 正在下载第 052/230 页...
2026-02-28 03:30:12 - mkk_comic - app.py:582 - INFO - 正在下载第 053/230 页...
2026-02-28 03:30:12 - mkk_comic - app.py:582 - INFO - 正在下载第 054/230 页...
2026-02-28 03:30:12 - mkk_comic - app.py:582 - INFO - 正在下载第 055/230 页...
2026-02-28 03:30:12 - mkk_comic - app.py:582 - INFO - 正在下载第 056/230 页...
2026-02-28 03:30:12 - mkk_comic - app.py:582 - INFO - 正在下载第 057/230 页...
2026-02-28 03:30:12 - mkk_comic - app.py:582 - INFO - 正在下载第 058/230 页...
2026-02-28 03:30:12 - mkk_comic - app.py:582 - INFO - 正在下载第 059/230 页...
2026-02-28 03:30:12 - mkk_comic - app.py:582 - INFO - 正在下载第 060/230 页...
2026-02-28 03:30:12 - mkk_comic - app.py:582 - INFO - 正在下载第 061/230 页...
2026-02-28 03:30:12 - mkk_comic - app.py:582 - INFO - 正在下载第 062/230 页...
2026-02-28 03:30:12 - mkk_comic - app.py:582 - INFO - 正在下载第 063/230 页...
2026-02-28 03:30:12 - mkk_comic - app.py:582 - INFO - 正在下载第 064/230 页...
2026-02-28 03:30:12 - mkk_comic - app.py:582 - INFO - 正在下载第 065/230 页...
2026-02-28 03:30:12 - mkk_comic - app.py:582 - INFO - 正在下载第 066/230 页...
2026-02-28 03:30:12 - mkk_comic - app.py:582 - INFO - 正在下载第 067/230 页...
2026-02-28 03:30:12 - mkk_comic - app.py:582 - INFO - 正在下载第 068/230 页...
2026-02-28 03:30:12 - mkk_comic - app.py:582 - INFO - 正在下载第 069/230 页...
2026-02-28 03:30:12 - mkk_comic - app.py:582 - INFO - 正在下载第 070/230 页...
2026-02-28 03:30:12 - mkk_comic - app.py:582 - INFO - 正在下载第 071/230 页...
2026-02-28 03:30:12 - mkk_comic - app.py:582 - INFO - 正在下载第 072/230 页...
2026-02-28 03:30:12 - mkk_comic - app.py:582 - INFO - 正在下载第 073/230 页...
2026-02-28 03:30:12 - mkk_comic - app.py:582 - INFO - 正在下载第 074/230 页...
2026-02-28 03:30:12 - mkk_comic - app.py:582 - INFO - 正在下载第 075/230 页...
2026-02-28 03:30:12 - mkk_comic - app.py:582 - INFO - 正在下载第 076/230 页...
2026-02-28 03:30:12 - mkk_comic - app.py:582 - INFO - 正在下载第 077/230 页...
2026-02-28 03:30:12 - mkk_comic - app.py:582 - INFO - 正在下载第 078/230 页...
2026-02-28 03:30:12 - mkk_comic - app.py:582 - INFO - 正在下载第 079/230 页...
2026-02-28 03:30:12 - mkk_comic - app.py:582 - INFO - 正在下载第 080/230 页...
2026-02-28 03:30:12 - mkk_comic - app.py:582 - INFO - 正在下载第 081/230 页...
2026-02-28 03:30:13 - mkk_comic - app.py:582 - INFO - 正在下载第 082/230 页...
2026-02-28 03:30:13 - mkk_comic - app.py:582 - INFO - 正在下载第 083/230 页...
2026-02-28 03:30:13 - mkk_comic - app.py:582 - INFO - 正在下载第 084/230 页...
2026-02-28 03:30:13 - mkk_comic - app.py:582 - INFO - 正在下载第 085/230 页...
2026-02-28 03:30:13 - mkk_comic - app.py:582 - INFO - 正在下载第 086/230 页...
2026-02-28 03:30:13 - mkk_comic - app.py:582 - INFO - 正在下载第 087/230 页...
2026-02-28 03:30:13 - mkk_comic - app.py:582 - INFO - 正在下载第 088/230 页...
2026-02-28 03:30:13 - mkk_comic - app.py:582 - INFO - 正在下载第 089/230 页...
2026-02-28 03:30:13 - mkk_comic - app.py:582 - INFO - 正在下载第 090/230 页...
2026-02-28 03:30:13 - mkk_comic - app.py:582 - INFO - 正在下载第 091/230 页...
2026-02-28 03:30:13 - mkk_comic - app.py:582 - INFO - 正在下载第 092/230 页...
2026-02-28 03:30:13 - mkk_comic - app.py:582 - INFO - 正在下载第 093/230 页...
2026-02-28 03:30:13 - mkk_comic - app.py:582 - INFO - 正在下载第 094/230 页...
2026-02-28 03:30:13 - mkk_comic - app.py:582 - INFO - 正在下载第 095/230 页...
2026-02-28 03:30:13 - mkk_comic - app.py:582 - INFO - 正在下载第 096/230 页...
2026-02-28 03:30:13 - mkk_comic - app.py:582 - INFO - 正在下载第 097/230 页...
2026-02-28 03:30:13 - mkk_comic - app.py:582 - INFO - 正在下载第 098/230 页...
2026-02-28 03:30:13 - mkk_comic - app.py:582 - INFO - 正在下载第 099/230 页...
2026-02-28 03:30:13 - mkk_comic - app.py:582 - INFO - 正在下载第 100/230 页...
2026-02-28 03:30:13 - mkk_comic - app.py:582 - INFO - 正在下载第 101/230 页...
2026-02-28 03:30:13 - mkk_comic - app.py:582 - INFO - 正在下载第 102/230 页...
2026-02-28 03:30:13 - mkk_comic - app.py:582 - INFO - 正在下载第 103/230 页...
2026-02-28 03:30:13 - mkk_comic - app.py:582 - INFO - 正在下载第 104/230 页...
2026-02-28 03:30:13 - mkk_comic - app.py:582 - INFO - 正在下载第 105/230 页...
2026-02-28 03:30:13 - mkk_comic - app.py:582 - INFO - 正在下载第 106/230 页...
2026-02-28 03:30:13 - mkk_comic - app.py:582 - INFO - 正在下载第 107/230 页...
2026-02-28 03:30:13 - mkk_comic - app.py:582 - INFO - 正在下载第 108/230 页...
2026-02-28 03:30:13 - mkk_comic - app.py:582 - INFO - 正在下载第 109/230 页...
2026-02-28 03:30:13 - mkk_comic - app.py:582 - INFO - 正在下载第 110/230 页...
2026-02-28 03:30:13 - mkk_comic - app.py:582 - INFO - 正在下载第 111/230 页...
2026-02-28 03:30:13 - mkk_comic - app.py:582 - INFO - 正在下载第 112/230 页...
2026-02-28 03:30:13 - mkk_comic - app.py:582 - INFO - 正在下载第 113/230 页...
2026-02-28 03:30:13 - mkk_comic - app.py:582 - INFO - 正在下载第 114/230 页...
2026-02-28 03:30:13 - mkk_comic - app.py:582 - INFO - 正在下载第 115/230 页...
2026-02-28 03:30:13 - mkk_comic - app.py:582 - INFO - 正在下载第 116/230 页...
2026-02-28 03:30:13 - mkk_comic - app.py:582 - INFO - 正在下载第 117/230 页...
2026-02-28 03:30:13 - mkk_comic - app.py:582 - INFO - 正在下载第 118/230 页...
2026-02-28 03:30:13 - mkk_comic - app.py:582 - INFO - 正在下载第 119/230 页...
2026-02-28 03:30:13 - mkk_comic - app.py:582 - INFO - 正在下载第 120/230 页...
2026-02-28 03:30:13 - mkk_comic - app.py:582 - INFO - 正在下载第 121/230 页...
2026-02-28 03:30:13 - mkk_comic - app.py:582 - INFO - 正在下载第 122/230 页...
2026-02-28 03:30:13 - mkk_comic - app.py:582 - INFO - 正在下载第 123/230 页...
2026-02-28 03:30:13 - mkk_comic - app.py:582 - INFO - 正在下载第 124/230 页...
2026-02-28 03:30:14 - mkk_comic - app.py:582 - INFO - 正在下载第 125/230 页...
2026-02-28 03:30:14 - mkk_comic - app.py:582 - INFO - 正在下载第 126/230 页...
2026-02-28 03:30:14 - mkk_comic - app.py:582 - INFO - 正在下载第 127/230 页...
2026-02-28 03:30:14 - mkk_comic - app.py:582 - INFO - 正在下载第 128/230 页...
2026-02-28 03:30:14 - mkk_comic - app.py:582 - INFO - 正在下载第 129/230 页...
2026-02-28 03:30:14 - mkk_comic - app.py:582 - INFO - 正在下载第 130/230 页...
2026-02-28 03:30:14 - mkk_comic - app.py:582 - INFO - 正在下载第 131/230 页...
2026-02-28 03:30:14 - mkk_comic - app.py:582 - INFO - 正在下载第 132/230 页...
2026-02-28 03:30:14 - mkk_comic - app.py:582 - INFO - 正在下载第 133/230 页...
2026-02-28 03:30:14 - mkk_comic - app.py:582 - INFO - 正在下载第 134/230 页...
2026-02-28 03:30:14 - mkk_comic - app.py:582 - INFO - 正在下载第 135/230 页...
2026-02-28 03:30:14 - mkk_comic - app.py:582 - INFO - 正在下载第 136/230 页...
2026-02-28 03:30:14 - mkk_comic - app.py:582 - INFO - 正在下载第 137/230 页...
2026-02-28 03:30:14 - mkk_comic - app.py:582 - INFO - 正在下载第 138/230 页...
2026-02-28 03:30:14 - mkk_comic - app.py:582 - INFO - 正在下载第 139/230 页...
2026-02-28 03:30:14 - mkk_comic - app.py:582 - INFO - 正在下载第 140/230 页...
2026-02-28 03:30:14 - mkk_comic - app.py:582 - INFO - 正在下载第 141/230 页...
2026-02-28 03:30:14 - mkk_comic - app.py:582 - INFO - 正在下载第 142/230 页...
2026-02-28 03:30:14 - mkk_comic - app.py:582 - INFO - 正在下载第 143/230 页...
2026-02-28 03:30:14 - mkk_comic - app.py:582 - INFO - 正在下载第 144/230 页...
2026-02-28 03:30:14 - mkk_comic - app.py:582 - INFO - 正在下载第 145/230 页...
2026-02-28 03:30:14 - mkk_comic - app.py:582 - INFO - 正在下载第 146/230 页...
2026-02-28 03:30:14 - mkk_comic - app.py:582 - INFO - 正在下载第 147/230 页...
2026-02-28 03:30:14 - mkk_comic - app.py:582 - INFO - 正在下载第 148/230 页...
2026-02-28 03:30:14 - mkk_comic - app.py:582 - INFO - 正在下载第 149/230 页...
2026-02-28 03:30:14 - mkk_comic - app.py:582 - INFO - 正在下载第 150/230 页...
2026-02-28 03:30:14 - mkk_comic - app.py:582 - INFO - 正在下载第 151/230 页...
2026-02-28 03:30:14 - mkk_comic - app.py:582 - INFO - 正在下载第 152/230 页...
2026-02-28 03:30:14 - mkk_comic - app.py:582 - INFO - 正在下载第 153/230 页...
2026-02-28 03:30:14 - mkk_comic - app.py:582 - INFO - 正在下载第 154/230 页...
2026-02-28 03:30:14 - mkk_comic - app.py:582 - INFO - 正在下载第 155/230 页...
2026-02-28 03:30:14 - mkk_comic - app.py:582 - INFO - 正在下载第 156/230 页...
2026-02-28 03:30:14 - mkk_comic - app.py:582 - INFO - 正在下载第 157/230 页...
2026-02-28 03:30:14 - mkk_comic - app.py:582 - INFO - 正在下载第 158/230 页...
2026-02-28 03:30:14 - mkk_comic - app.py:582 - INFO - 正在下载第 159/230 页...
2026-02-28 03:30:14 - mkk_comic - app.py:582 - INFO - 正在下载第 160/230 页...
2026-02-28 03:30:14 - mkk_comic - app.py:582 - INFO - 正在下载第 161/230 页...
2026-02-28 03:30:14 - mkk_comic - app.py:582 - INFO - 正在下载第 162/230 页...
2026-02-28 03:30:14 - mkk_comic - app.py:582 - INFO - 正在下载第 163/230 页...
2026-02-28 03:30:14 - mkk_comic - app.py:582 - INFO - 正在下载第 164/230 页...
2026-02-28 03:30:15 - mkk_comic - app.py:582 - INFO - 正在下载第 165/230 页...
2026-02-28 03:30:15 - mkk_comic - app.py:582 - INFO - 正在下载第 166/230 页...
2026-02-28 03:30:15 - mkk_comic - app.py:582 - INFO - 正在下载第 167/230 页...
2026-02-28 03:30:15 - mkk_comic - app.py:582 - INFO - 正在下载第 168/230 页...
2026-02-28 03:30:15 - mkk_comic - app.py:582 - INFO - 正在下载第 169/230 页...
2026-02-28 03:30:15 - mkk_comic - app.py:582 - INFO - 正在下载第 170/230 页...
2026-02-28 03:30:15 - mkk_comic - app.py:582 - INFO - 正在下载第 171/230 页...
2026-02-28 03:30:15 - mkk_comic - app.py:582 - INFO - 正在下载第 172/230 页...
2026-02-28 03:30:15 - mkk_comic - app.py:582 - INFO - 正在下载第 173/230 页...
2026-02-28 03:30:15 - mkk_comic - app.py:582 - INFO - 正在下载第 174/230 页...
2026-02-28 03:30:15 - mkk_comic - app.py:582 - INFO - 正在下载第 175/230 页...
2026-02-28 03:30:15 - mkk_comic - app.py:582 - INFO - 正在下载第 176/230 页...
2026-02-28 03:30:15 - mkk_comic - app.py:582 - INFO - 正在下载第 177/230 页...
2026-02-28 03:30:15 - mkk_comic - app.py:582 - INFO - 正在下载第 178/230 页...
2026-02-28 03:30:15 - mkk_comic - app.py:582 - INFO - 正在下载第 179/230 页...
2026-02-28 03:30:15 - mkk_comic - app.py:582 - INFO - 正在下载第 180/230 页...
2026-02-28 03:30:15 - mkk_comic - app.py:582 - INFO - 正在下载第 181/230 页...
2026-02-28 03:30:15 - mkk_comic - app.py:582 - INFO - 正在下载第 182/230 页...
2026-02-28 03:30:15 - mkk_comic - app.py:582 - INFO - 正在下载第 183/230 页...
2026-02-28 03:30:15 - mkk_comic - app.py:582 - INFO - 正在下载第 184/230 页...
2026-02-28 03:30:15 - mkk_comic - app.py:582 - INFO - 正在下载第 185/230 页...
2026-02-28 03:30:15 - mkk_comic - app.py:582 - INFO - 正在下载第 186/230 页...
2026-02-28 03:30:15 - mkk_comic - app.py:582 - INFO - 正在下载第 187/230 页...
2026-02-28 03:30:15 - mkk_comic - app.py:582 - INFO - 正在下载第 188/230 页...
2026-02-28 03:30:15 - mkk_comic - app.py:582 - INFO - 正在下载第 189/230 页...
2026-02-28 03:30:15 - mkk_comic - app.py:582 - INFO - 正在下载第 190/230 页...
2026-02-28 03:30:15 - mkk_comic - app.py:582 - INFO - 正在下载第 191/230 页...
2026-02-28 03:30:15 - mkk_comic - app.py:582 - INFO - 正在下载第 192/230 页...
2026-02-28 03:30:15 - mkk_comic - app.py:582 - INFO - 正在下载第 193/230 页...
2026-02-28 03:30:15 - mkk_comic - app.py:582 - INFO - 正在下载第 194/230 页...
2026-02-28 03:30:15 - mkk_comic - app.py:582 - INFO - 正在下载第 195/230 页...
2026-02-28 03:30:15 - mkk_comic - app.py:582 - INFO - 正在下载第 196/230 页...
2026-02-28 03:30:15 - mkk_comic - app.py:582 - INFO - 正在下载第 197/230 页...
2026-02-28 03:30:15 - mkk_comic - app.py:582 - INFO - 正在下载第 198/230 页...
2026-02-28 03:30:15 - mkk_comic - app.py:582 - INFO - 正在下载第 199/230 页...
2026-02-28 03:30:15 - mkk_comic - app.py:582 - INFO - 正在下载第 200/230 页...
2026-02-28 03:30:15 - mkk_comic - app.py:582 - INFO - 正在下载第 201/230 页...
2026-02-28 03:30:15 - mkk_comic - app.py:582 - INFO - 正在下载第 202/230 页...
2026-02-28 03:30:15 - mkk_comic - app.py:582 - INFO - 正在下载第 203/230 页...
2026-02-28 03:30:15 - mkk_comic - app.py:582 - INFO - 正在下载第 204/230 页...
2026-02-28 03:30:15 - mkk_comic - app.py:582 - INFO - 正在下载第 205/230 页...
2026-02-28 03:30:15 - mkk_comic - app.py:582 - INFO - 正在下载第 206/230 页...
2026-02-28 03:30:15 - mkk_comic - app.py:582 - INFO - 正在下载第 207/230 页...
2026-02-28 03:30:16 - mkk_comic - app.py:582 - INFO - 正在下载第 208/230 页...
2026-02-28 03:30:16 - mkk_comic - app.py:582 - INFO - 正在下载第 209/230 页...
2026-02-28 03:30:16 - mkk_comic - app.py:582 - INFO - 正在下载第 210/230 页...
2026-02-28 03:30:16 - mkk_comic - app.py:582 - INFO - 正在下载第 211/230 页...
2026-02-28 03:30:16 - mkk_comic - app.py:582 - INFO - 正在下载第 212/230 页...
2026-02-28 03:30:16 - mkk_comic - app.py:582 - INFO - 正在下载第 213/230 页...
2026-02-28 03:30:16 - mkk_comic - app.py:582 - INFO - 正在下载第 214/230 页...
2026-02-28 03:30:16 - mkk_comic - app.py:582 - INFO - 正在下载第 215/230 页...
2026-02-28 03:30:16 - mkk_comic - app.py:582 - INFO - 正在下载第 216/230 页...
2026-02-28 03:30:16 - mkk_comic - app.py:582 - INFO - 正在下载第 217/230 页...
2026-02-28 03:30:16 - mkk_comic - app.py:582 - INFO - 正在下载第 218/230 页...
2026-02-28 03:30:16 - mkk_comic - app.py:582 - INFO - 正在下载第 219/230 页...
2026-02-28 03:30:16 - mkk_comic - app.py:582 - INFO - 正在下载第 220/230 页...
2026-02-28 03:30:16 - mkk_comic - app.py:582 - INFO - 正在下载第 221/230 页...
2026-02-28 03:30:16 - mkk_comic - app.py:582 - INFO - 正在下载第 222/230 页...
2026-02-28 03:30:16 - mkk_comic - app.py:582 - INFO - 正在下载第 223/230 页...
2026-02-28 03:30:16 - mkk_comic - app.py:582 - INFO - 正在下载第 224/230 页...
2026-02-28 03:30:16 - mkk_comic - app.py:582 - INFO - 正在下载第 225/230 页...
2026-02-28 03:30:16 - mkk_comic - app.py:582 - INFO - 正在下载第 226/230 页...
2026-02-28 03:30:16 - mkk_comic - app.py:582 - INFO - 正在下载第 227/230 页...
2026-02-28 03:30:16 - mkk_comic - app.py:582 - INFO - 正在下载第 228/230 页...
2026-02-28 03:30:16 - mkk_comic - app.py:582 - INFO - 正在下载第 229/230 页...
2026-02-28 03:30:16 - mkk_comic - app.py:582 - INFO - 正在下载第 230/230 页...
2026-02-28 03:30:16 - mkk_comic - app.py:511 - INFO - 下载完成!
2026-02-28 03:30:16 - mkk_comic - app.py:512 - INFO - 成功下载: 230/230 页
2026-02-28 03:30:17 - mkk_comic - app.py:494 - INFO - 正在下载第92章: 92卷    UUID:b67665f0-135f-11ef-87bd-3f487b7d9a9a
2026-02-28 03:30:17 - mkk_comic - app.py:502 - INFO - 创建目录: ./out/海贼王/92卷
2026-02-28 03:30:17 - mkk_comic - app.py:505 - INFO - 开始下载: 海贼王 - 92卷
2026-02-28 03:30:17 - mkk_comic - app.py:506 - INFO - 总页数: 187
2026-02-28 03:30:17 - mkk_comic - app.py:582 - INFO - 正在下载第 001/187 页...
2026-02-28 03:30:17 - mkk_comic - app.py:582 - INFO - 正在下载第 002/187 页...
2026-02-28 03:30:17 - mkk_comic - app.py:582 - INFO - 正在下载第 003/187 页...
2026-02-28 03:30:17 - mkk_comic - app.py:582 - INFO - 正在下载第 004/187 页...
2026-02-28 03:30:17 - mkk_comic - app.py:582 - INFO - 正在下载第 005/187 页...
2026-02-28 03:30:18 - mkk_comic - app.py:582 - INFO - 正在下载第 006/187 页...
2026-02-28 03:30:18 - mkk_comic - app.py:582 - INFO - 正在下载第 007/187 页...
2026-02-28 03:30:18 - mkk_comic - app.py:582 - INFO - 正在下载第 008/187 页...
2026-02-28 03:30:18 - mkk_comic - app.py:582 - INFO - 正在下载第 009/187 页...
2026-02-28 03:30:18 - mkk_comic - app.py:582 - INFO - 正在下载第 010/187 页...
2026-02-28 03:30:18 - mkk_comic - app.py:582 - INFO - 正在下载第 011/187 页...
2026-02-28 03:30:18 - mkk_comic - app.py:582 - INFO - 正在下载第 012/187 页...
2026-02-28 03:30:18 - mkk_comic - app.py:582 - INFO - 正在下载第 013/187 页...
2026-02-28 03:30:18 - mkk_comic - app.py:582 - INFO - 正在下载第 014/187 页...
2026-02-28 03:30:18 - mkk_comic - app.py:582 - INFO - 正在下载第 015/187 页...
2026-02-28 03:30:18 - mkk_comic - app.py:582 - INFO - 正在下载第 016/187 页...
2026-02-28 03:30:18 - mkk_comic - app.py:582 - INFO - 正在下载第 017/187 页...
2026-02-28 03:30:18 - mkk_comic - app.py:582 - INFO - 正在下载第 018/187 页...
2026-02-28 03:30:18 - mkk_comic - app.py:582 - INFO - 正在下载第 019/187 页...
2026-02-28 03:30:18 - mkk_comic - app.py:582 - INFO - 正在下载第 020/187 页...
2026-02-28 03:30:18 - mkk_comic - app.py:582 - INFO - 正在下载第 021/187 页...
2026-02-28 03:30:18 - mkk_comic - app.py:582 - INFO - 正在下载第 022/187 页...
2026-02-28 03:30:18 - mkk_comic - app.py:582 - INFO - 正在下载第 023/187 页...
2026-02-28 03:30:18 - mkk_comic - app.py:582 - INFO - 正在下载第 024/187 页...
2026-02-28 03:30:18 - mkk_comic - app.py:582 - INFO - 正在下载第 025/187 页...
2026-02-28 03:30:18 - mkk_comic - app.py:582 - INFO - 正在下载第 026/187 页...
2026-02-28 03:30:18 - mkk_comic - app.py:582 - INFO - 正在下载第 027/187 页...
2026-02-28 03:30:18 - mkk_comic - app.py:582 - INFO - 正在下载第 028/187 页...
2026-02-28 03:30:18 - mkk_comic - app.py:582 - INFO - 正在下载第 029/187 页...
2026-02-28 03:30:18 - mkk_comic - app.py:582 - INFO - 正在下载第 030/187 页...
2026-02-28 03:30:18 - mkk_comic - app.py:582 - INFO - 正在下载第 031/187 页...
2026-02-28 03:30:18 - mkk_comic - app.py:582 - INFO - 正在下载第 032/187 页...
2026-02-28 03:30:18 - mkk_comic - app.py:582 - INFO - 正在下载第 033/187 页...
2026-02-28 03:30:18 - mkk_comic - app.py:582 - INFO - 正在下载第 034/187 页...
2026-02-28 03:30:18 - mkk_comic - app.py:582 - INFO - 正在下载第 035/187 页...
2026-02-28 03:30:18 - mkk_comic - app.py:582 - INFO - 正在下载第 036/187 页...
2026-02-28 03:30:18 - mkk_comic - app.py:582 - INFO - 正在下载第 037/187 页...
2026-02-28 03:30:18 - mkk_comic - app.py:582 - INFO - 正在下载第 038/187 页...
2026-02-28 03:30:18 - mkk_comic - app.py:582 - INFO - 正在下载第 039/187 页...
2026-02-28 03:30:18 - mkk_comic - app.py:582 - INFO - 正在下载第 040/187 页...
2026-02-28 03:30:18 - mkk_comic - app.py:582 - INFO - 正在下载第 041/187 页...
2026-02-28 03:30:18 - mkk_comic - app.py:582 - INFO - 正在下载第 042/187 页...
2026-02-28 03:30:18 - mkk_comic - app.py:582 - INFO - 正在下载第 043/187 页...
2026-02-28 03:30:18 - mkk_comic - app.py:582 - INFO - 正在下载第 044/187 页...
2026-02-28 03:30:18 - mkk_comic - app.py:582 - INFO - 正在下载第 045/187 页...
2026-02-28 03:30:18 - mkk_comic - app.py:582 - INFO - 正在下载第 046/187 页...
2026-02-28 03:30:18 - mkk_comic - app.py:582 - INFO - 正在下载第 047/187 页...
2026-02-28 03:30:19 - mkk_comic - app.py:582 - INFO - 正在下载第 048/187 页...
2026-02-28 03:30:19 - mkk_comic - app.py:582 - INFO - 正在下载第 049/187 页...
2026-02-28 03:30:19 - mkk_comic - app.py:582 - INFO - 正在下载第 050/187 页...
2026-02-28 03:30:19 - mkk_comic - app.py:582 - INFO - 正在下载第 051/187 页...
2026-02-28 03:30:19 - mkk_comic - app.py:582 - INFO - 正在下载第 052/187 页...
2026-02-28 03:30:19 - mkk_comic - app.py:582 - INFO - 正在下载第 053/187 页...
2026-02-28 03:30:19 - mkk_comic - app.py:582 - INFO - 正在下载第 054/187 页...
2026-02-28 03:30:19 - mkk_comic - app.py:582 - INFO - 正在下载第 055/187 页...
2026-02-28 03:30:19 - mkk_comic - app.py:582 - INFO - 正在下载第 056/187 页...
2026-02-28 03:30:19 - mkk_comic - app.py:582 - INFO - 正在下载第 057/187 页...
2026-02-28 03:30:19 - mkk_comic - app.py:582 - INFO - 正在下载第 058/187 页...
2026-02-28 03:30:19 - mkk_comic - app.py:582 - INFO - 正在下载第 059/187 页...
2026-02-28 03:30:19 - mkk_comic - app.py:582 - INFO - 正在下载第 060/187 页...
2026-02-28 03:30:19 - mkk_comic - app.py:582 - INFO - 正在下载第 061/187 页...
2026-02-28 03:30:19 - mkk_comic - app.py:582 - INFO - 正在下载第 062/187 页...
2026-02-28 03:30:19 - mkk_comic - app.py:582 - INFO - 正在下载第 063/187 页...
2026-02-28 03:30:19 - mkk_comic - app.py:582 - INFO - 正在下载第 064/187 页...
2026-02-28 03:30:19 - mkk_comic - app.py:582 - INFO - 正在下载第 065/187 页...
2026-02-28 03:30:19 - mkk_comic - app.py:582 - INFO - 正在下载第 066/187 页...
2026-02-28 03:30:19 - mkk_comic - app.py:582 - INFO - 正在下载第 067/187 页...
2026-02-28 03:30:19 - mkk_comic - app.py:582 - INFO - 正在下载第 068/187 页...
2026-02-28 03:30:19 - mkk_comic - app.py:582 - INFO - 正在下载第 069/187 页...
2026-02-28 03:30:19 - mkk_comic - app.py:582 - INFO - 正在下载第 070/187 页...
2026-02-28 03:30:19 - mkk_comic - app.py:582 - INFO - 正在下载第 071/187 页...
2026-02-28 03:30:19 - mkk_comic - app.py:582 - INFO - 正在下载第 072/187 页...
2026-02-28 03:30:19 - mkk_comic - app.py:582 - INFO - 正在下载第 073/187 页...
2026-02-28 03:30:19 - mkk_comic - app.py:582 - INFO - 正在下载第 074/187 页...
2026-02-28 03:30:19 - mkk_comic - app.py:582 - INFO - 正在下载第 075/187 页...
2026-02-28 03:30:19 - mkk_comic - app.py:582 - INFO - 正在下载第 076/187 页...
2026-02-28 03:30:19 - mkk_comic - app.py:582 - INFO - 正在下载第 077/187 页...
2026-02-28 03:30:19 - mkk_comic - app.py:582 - INFO - 正在下载第 078/187 页...
2026-02-28 03:30:19 - mkk_comic - app.py:582 - INFO - 正在下载第 079/187 页...
2026-02-28 03:30:19 - mkk_comic - app.py:582 - INFO - 正在下载第 080/187 页...
2026-02-28 03:30:19 - mkk_comic - app.py:582 - INFO - 正在下载第 081/187 页...
2026-02-28 03:30:19 - mkk_comic - app.py:582 - INFO - 正在下载第 082/187 页...
2026-02-28 03:30:19 - mkk_comic - app.py:582 - INFO - 正在下载第 083/187 页...
2026-02-28 03:30:19 - mkk_comic - app.py:582 - INFO - 正在下载第 084/187 页...
2026-02-28 03:30:19 - mkk_comic - app.py:582 - INFO - 正在下载第 085/187 页...
2026-02-28 03:30:19 - mkk_comic - app.py:582 - INFO - 正在下载第 086/187 页...
2026-02-28 03:30:19 - mkk_comic - app.py:582 - INFO - 正在下载第 087/187 页...
2026-02-28 03:30:20 - mkk_comic - app.py:582 - INFO - 正在下载第 088/187 页...
2026-02-28 03:30:20 - mkk_comic - app.py:582 - INFO - 正在下载第 089/187 页...
2026-02-28 03:30:20 - mkk_comic - app.py:582 - INFO - 正在下载第 090/187 页...
2026-02-28 03:30:20 - mkk_comic - app.py:582 - INFO - 正在下载第 091/187 页...
2026-02-28 03:30:20 - mkk_comic - app.py:582 - INFO - 正在下载第 092/187 页...
2026-02-28 03:30:20 - mkk_comic - app.py:582 - INFO - 正在下载第 093/187 页...
2026-02-28 03:30:20 - mkk_comic - app.py:582 - INFO - 正在下载第 094/187 页...
2026-02-28 03:30:20 - mkk_comic - app.py:582 - INFO - 正在下载第 095/187 页...
2026-02-28 03:30:20 - mkk_comic - app.py:582 - INFO - 正在下载第 096/187 页...
2026-02-28 03:30:20 - mkk_comic - app.py:582 - INFO - 正在下载第 097/187 页...
2026-02-28 03:30:20 - mkk_comic - app.py:582 - INFO - 正在下载第 098/187 页...
2026-02-28 03:30:20 - mkk_comic - app.py:582 - INFO - 正在下载第 099/187 页...
2026-02-28 03:30:20 - mkk_comic - app.py:582 - INFO - 正在下载第 100/187 页...
2026-02-28 03:30:20 - mkk_comic - app.py:582 - INFO - 正在下载第 101/187 页...
2026-02-28 03:30:20 - mkk_comic - app.py:582 - INFO - 正在下载第 102/187 页...
2026-02-28 03:30:20 - mkk_comic - app.py:582 - INFO - 正在下载第 103/187 页...
2026-02-28 03:30:20 - mkk_comic - app.py:582 - INFO - 正在下载第 104/187 页...
2026-02-28 03:30:20 - mkk_comic - app.py:582 - INFO - 正在下载第 105/187 页...
2026-02-28 03:30:20 - mkk_comic - app.py:582 - INFO - 正在下载第 106/187 页...
2026-02-28 03:30:20 - mkk_comic - app.py:582 - INFO - 正在下载第 107/187 页...
2026-02-28 03:30:20 - mkk_comic - app.py:582 - INFO - 正在下载第 108/187 页...
2026-02-28 03:30:20 - mkk_comic - app.py:582 - INFO - 正在下载第 109/187 页...
2026-02-28 03:30:20 - mkk_comic - app.py:582 - INFO - 正在下载第 110/187 页...
2026-02-28 03:30:20 - mkk_comic - app.py:582 - INFO - 正在下载第 111/187 页...
2026-02-28 03:30:20 - mkk_comic - app.py:582 - INFO - 正在下载第 112/187 页...
2026-02-28 03:30:20 - mkk_comic - app.py:582 - INFO - 正在下载第 113/187 页...
2026-02-28 03:30:20 - mkk_comic - app.py:582 - INFO - 正在下载第 114/187 页...
2026-02-28 03:30:20 - mkk_comic - app.py:582 - INFO - 正在下载第 115/187 页...
2026-02-28 03:30:20 - mkk_comic - app.py:582 - INFO - 正在下载第 116/187 页...
2026-02-28 03:30:20 - mkk_comic - app.py:582 - INFO - 正在下载第 117/187 页...
2026-02-28 03:30:20 - mkk_comic - app.py:582 - INFO - 正在下载第 118/187 页...
2026-02-28 03:30:20 - mkk_comic - app.py:582 - INFO - 正在下载第 119/187 页...
2026-02-28 03:30:20 - mkk_comic - app.py:582 - INFO - 正在下载第 120/187 页...
2026-02-28 03:30:20 - mkk_comic - app.py:582 - INFO - 正在下载第 121/187 页...
2026-02-28 03:30:20 - mkk_comic - app.py:582 - INFO - 正在下载第 122/187 页...
2026-02-28 03:30:20 - mkk_comic - app.py:582 - INFO - 正在下载第 123/187 页...
2026-02-28 03:30:20 - mkk_comic - app.py:582 - INFO - 正在下载第 124/187 页...
2026-02-28 03:30:20 - mkk_comic - app.py:582 - INFO - 正在下载第 125/187 页...
2026-02-28 03:30:20 - mkk_comic - app.py:582 - INFO - 正在下载第 126/187 页...
2026-02-28 03:30:20 - mkk_comic - app.py:582 - INFO - 正在下载第 127/187 页...
2026-02-28 03:30:20 - mkk_comic - app.py:582 - INFO - 正在下载第 128/187 页...
2026-02-28 03:30:20 - mkk_comic - app.py:582 - INFO - 正在下载第 129/187 页...
2026-02-28 03:30:20 - mkk_comic - app.py:582 - INFO - 正在下载第 130/187 页...
2026-02-28 03:30:21 - mkk_comic - app.py:582 - INFO - 正在下载第 131/187 页...
2026-02-28 03:30:21 - mkk_comic - app.py:582 - INFO - 正在下载第 132/187 页...
2026-02-28 03:30:21 - mkk_comic - app.py:582 - INFO - 正在下载第 133/187 页...
2026-02-28 03:30:21 - mkk_comic - app.py:582 - INFO - 正在下载第 134/187 页...
2026-02-28 03:30:21 - mkk_comic - app.py:582 - INFO - 正在下载第 135/187 页...
2026-02-28 03:30:21 - mkk_comic - app.py:582 - INFO - 正在下载第 136/187 页...
2026-02-28 03:30:21 - mkk_comic - app.py:582 - INFO - 正在下载第 137/187 页...
2026-02-28 03:30:21 - mkk_comic - app.py:582 - INFO - 正在下载第 138/187 页...
2026-02-28 03:30:21 - mkk_comic - app.py:582 - INFO - 正在下载第 139/187 页...
2026-02-28 03:30:21 - mkk_comic - app.py:582 - INFO - 正在下载第 140/187 页...
2026-02-28 03:30:21 - mkk_comic - app.py:582 - INFO - 正在下载第 141/187 页...
2026-02-28 03:30:21 - mkk_comic - app.py:582 - INFO - 正在下载第 142/187 页...
2026-02-28 03:30:21 - mkk_comic - app.py:582 - INFO - 正在下载第 143/187 页...
2026-02-28 03:30:21 - mkk_comic - app.py:582 - INFO - 正在下载第 144/187 页...
2026-02-28 03:30:21 - mkk_comic - app.py:582 - INFO - 正在下载第 145/187 页...
2026-02-28 03:30:21 - mkk_comic - app.py:582 - INFO - 正在下载第 146/187 页...
2026-02-28 03:30:21 - mkk_comic - app.py:582 - INFO - 正在下载第 147/187 页...
2026-02-28 03:30:21 - mkk_comic - app.py:582 - INFO - 正在下载第 148/187 页...
2026-02-28 03:30:21 - mkk_comic - app.py:582 - INFO - 正在下载第 149/187 页...
2026-02-28 03:30:21 - mkk_comic - app.py:582 - INFO - 正在下载第 150/187 页...
2026-02-28 03:30:21 - mkk_comic - app.py:582 - INFO - 正在下载第 151/187 页...
2026-02-28 03:30:21 - mkk_comic - app.py:582 - INFO - 正在下载第 152/187 页...
2026-02-28 03:30:21 - mkk_comic - app.py:582 - INFO - 正在下载第 153/187 页...
2026-02-28 03:30:21 - mkk_comic - app.py:582 - INFO - 正在下载第 154/187 页...
2026-02-28 03:30:21 - mkk_comic - app.py:582 - INFO - 正在下载第 155/187 页...
2026-02-28 03:30:21 - mkk_comic - app.py:582 - INFO - 正在下载第 156/187 页...
2026-02-28 03:30:21 - mkk_comic - app.py:582 - INFO - 正在下载第 157/187 页...
2026-02-28 03:30:21 - mkk_comic - app.py:582 - INFO - 正在下载第 158/187 页...
2026-02-28 03:30:21 - mkk_comic - app.py:582 - INFO - 正在下载第 159/187 页...
2026-02-28 03:30:21 - mkk_comic - app.py:582 - INFO - 正在下载第 160/187 页...
2026-02-28 03:30:21 - mkk_comic - app.py:582 - INFO - 正在下载第 161/187 页...
2026-02-28 03:30:21 - mkk_comic - app.py:582 - INFO - 正在下载第 162/187 页...
2026-02-28 03:30:21 - mkk_comic - app.py:582 - INFO - 正在下载第 163/187 页...
2026-02-28 03:30:21 - mkk_comic - app.py:582 - INFO - 正在下载第 164/187 页...
2026-02-28 03:30:21 - mkk_comic - app.py:582 - INFO - 正在下载第 165/187 页...
2026-02-28 03:30:21 - mkk_comic - app.py:582 - INFO - 正在下载第 166/187 页...
2026-02-28 03:30:21 - mkk_comic - app.py:582 - INFO - 正在下载第 167/187 页...
2026-02-28 03:30:21 - mkk_comic - app.py:582 - INFO - 正在下载第 168/187 页...
2026-02-28 03:30:21 - mkk_comic - app.py:582 - INFO - 正在下载第 169/187 页...
2026-02-28 03:30:21 - mkk_comic - app.py:582 - INFO - 正在下载第 170/187 页...
2026-02-28 03:30:21 - mkk_comic - app.py:582 - INFO - 正在下载第 171/187 页...
2026-02-28 03:30:21 - mkk_comic - app.py:582 - INFO - 正在下载第 172/187 页...
2026-02-28 03:30:21 - mkk_comic - app.py:582 - INFO - 正在下载第 173/187 页...
2026-02-28 03:30:21 - mkk_comic - app.py:582 - INFO - 正在下载第 174/187 页...
2026-02-28 03:30:21 - mkk_comic - app.py:582 - INFO - 正在下载第 175/187 页...
2026-02-28 03:30:22 - mkk_comic - app.py:582 - INFO - 正在下载第 176/187 页...
2026-02-28 03:30:22 - mkk_comic - app.py:582 - INFO - 正在下载第 177/187 页...
2026-02-28 03:30:22 - mkk_comic - app.py:582 - INFO - 正在下载第 178/187 页...
2026-02-28 03:30:22 - mkk_comic - app.py:582 - INFO - 正在下载第 179/187 页...
2026-02-28 03:30:22 - mkk_comic - app.py:582 - INFO - 正在下载第 180/187 页...
2026-02-28 03:30:22 - mkk_comic - app.py:582 - INFO - 正在下载第 181/187 页...
2026-02-28 03:30:22 - mkk_comic - app.py:582 - INFO - 正在下载第 182/187 页...
2026-02-28 03:30:22 - mkk_comic - app.py:582 - INFO - 正在下载第 183/187 页...
2026-02-28 03:30:22 - mkk_comic - app.py:582 - INFO - 正在下载第 184/187 页...
2026-02-28 03:30:22 - mkk_comic - app.py:582 - INFO - 正在下载第 185/187 页...
2026-02-28 03:30:22 - mkk_comic - app.py:582 - INFO - 正在下载第 186/187 页...
2026-02-28 03:30:22 - mkk_comic - app.py:582 - INFO - 正在下载第 187/187 页...
2026-02-28 03:30:22 - mkk_comic - app.py:511 - INFO - 下载完成!
2026-02-28 03:30:22 - mkk_comic - app.py:512 - INFO - 成功下载: 187/187 页
2026-02-28 03:30:23 - mkk_comic - app.py:494 - INFO - 正在下载第93章: 93卷    UUID:bb1ad398-135f-11ef-87bd-3f487b7d9a9a
2026-02-28 03:30:23 - mkk_comic - app.py:502 - INFO - 创建目录: ./out/海贼王/93卷
2026-02-28 03:30:23 - mkk_comic - app.py:505 - INFO - 开始下载: 海贼王 - 93卷
2026-02-28 03:30:23 - mkk_comic - app.py:506 - INFO - 总页数: 203
2026-02-28 03:30:23 - mkk_comic - app.py:582 - INFO - 正在下载第 001/203 页...
2026-02-28 03:30:23 - mkk_comic - app.py:582 - INFO - 正在下载第 002/203 页...
2026-02-28 03:30:23 - mkk_comic - app.py:582 - INFO - 正在下载第 003/203 页...
2026-02-28 03:30:23 - mkk_comic - app.py:582 - INFO - 正在下载第 004/203 页...
2026-02-28 03:30:23 - mkk_comic - app.py:582 - INFO - 正在下载第 005/203 页...
2026-02-28 03:30:23 - mkk_comic - app.py:582 - INFO - 正在下载第 006/203 页...
2026-02-28 03:30:23 - mkk_comic - app.py:582 - INFO - 正在下载第 007/203 页...
2026-02-28 03:30:23 - mkk_comic - app.py:582 - INFO - 正在下载第 008/203 页...
2026-02-28 03:30:23 - mkk_comic - app.py:582 - INFO - 正在下载第 009/203 页...
2026-02-28 03:30:23 - mkk_comic - app.py:582 - INFO - 正在下载第 010/203 页...
2026-02-28 03:30:23 - mkk_comic - app.py:582 - INFO - 正在下载第 011/203 页...
2026-02-28 03:30:23 - mkk_comic - app.py:582 - INFO - 正在下载第 012/203 页...
2026-02-28 03:30:23 - mkk_comic - app.py:582 - INFO - 正在下载第 013/203 页...
2026-02-28 03:30:23 - mkk_comic - app.py:582 - INFO - 正在下载第 014/203 页...
2026-02-28 03:30:23 - mkk_comic - app.py:582 - INFO - 正在下载第 015/203 页...
2026-02-28 03:30:24 - mkk_comic - app.py:582 - INFO - 正在下载第 016/203 页...
2026-02-28 03:30:24 - mkk_comic - app.py:582 - INFO - 正在下载第 017/203 页...
2026-02-28 03:30:24 - mkk_comic - app.py:582 - INFO - 正在下载第 018/203 页...
2026-02-28 03:30:24 - mkk_comic - app.py:582 - INFO - 正在下载第 019/203 页...
2026-02-28 03:30:24 - mkk_comic - app.py:582 - INFO - 正在下载第 020/203 页...
2026-02-28 03:30:24 - mkk_comic - app.py:582 - INFO - 正在下载第 021/203 页...
2026-02-28 03:30:24 - mkk_comic - app.py:582 - INFO - 正在下载第 022/203 页...
2026-02-28 03:30:24 - mkk_comic - app.py:582 - INFO - 正在下载第 023/203 页...
2026-02-28 03:30:24 - mkk_comic - app.py:582 - INFO - 正在下载第 024/203 页...
2026-02-28 03:30:24 - mkk_comic - app.py:582 - INFO - 正在下载第 025/203 页...
2026-02-28 03:30:24 - mkk_comic - app.py:582 - INFO - 正在下载第 026/203 页...
2026-02-28 03:30:24 - mkk_comic - app.py:582 - INFO - 正在下载第 027/203 页...
2026-02-28 03:30:24 - mkk_comic - app.py:582 - INFO - 正在下载第 028/203 页...
2026-02-28 03:30:24 - mkk_comic - app.py:582 - INFO - 正在下载第 029/203 页...
2026-02-28 03:30:24 - mkk_comic - app.py:582 - INFO - 正在下载第 030/203 页...
2026-02-28 03:30:24 - mkk_comic - app.py:582 - INFO - 正在下载第 031/203 页...
2026-02-28 03:30:24 - mkk_comic - app.py:582 - INFO - 正在下载第 032/203 页...
2026-02-28 03:30:24 - mkk_comic - app.py:582 - INFO - 正在下载第 033/203 页...
2026-02-28 03:30:24 - mkk_comic - app.py:582 - INFO - 正在下载第 034/203 页...
2026-02-28 03:30:24 - mkk_comic - app.py:582 - INFO - 正在下载第 035/203 页...
2026-02-28 03:30:24 - mkk_comic - app.py:582 - INFO - 正在下载第 036/203 页...
2026-02-28 03:30:24 - mkk_comic - app.py:582 - INFO - 正在下载第 037/203 页...
2026-02-28 03:30:24 - mkk_comic - app.py:582 - INFO - 正在下载第 038/203 页...
2026-02-28 03:30:24 - mkk_comic - app.py:582 - INFO - 正在下载第 039/203 页...
2026-02-28 03:30:24 - mkk_comic - app.py:582 - INFO - 正在下载第 040/203 页...
2026-02-28 03:30:24 - mkk_comic - app.py:582 - INFO - 正在下载第 041/203 页...
2026-02-28 03:30:24 - mkk_comic - app.py:582 - INFO - 正在下载第 042/203 页...
2026-02-28 03:30:24 - mkk_comic - app.py:582 - INFO - 正在下载第 043/203 页...
2026-02-28 03:30:24 - mkk_comic - app.py:582 - INFO - 正在下载第 044/203 页...
2026-02-28 03:30:24 - mkk_comic - app.py:582 - INFO - 正在下载第 045/203 页...
2026-02-28 03:30:24 - mkk_comic - app.py:582 - INFO - 正在下载第 046/203 页...
2026-02-28 03:30:24 - mkk_comic - app.py:582 - INFO - 正在下载第 047/203 页...
2026-02-28 03:30:24 - mkk_comic - app.py:582 - INFO - 正在下载第 048/203 页...
2026-02-28 03:30:24 - mkk_comic - app.py:582 - INFO - 正在下载第 049/203 页...
2026-02-28 03:30:24 - mkk_comic - app.py:582 - INFO - 正在下载第 050/203 页...
2026-02-28 03:30:24 - mkk_comic - app.py:582 - INFO - 正在下载第 051/203 页...
2026-02-28 03:30:24 - mkk_comic - app.py:582 - INFO - 正在下载第 052/203 页...
2026-02-28 03:30:24 - mkk_comic - app.py:582 - INFO - 正在下载第 053/203 页...
2026-02-28 03:30:24 - mkk_comic - app.py:582 - INFO - 正在下载第 054/203 页...
2026-02-28 03:30:24 - mkk_comic - app.py:582 - INFO - 正在下载第 055/203 页...
2026-02-28 03:30:24 - mkk_comic - app.py:582 - INFO - 正在下载第 056/203 页...
2026-02-28 03:30:24 - mkk_comic - app.py:582 - INFO - 正在下载第 057/203 页...
2026-02-28 03:30:24 - mkk_comic - app.py:582 - INFO - 正在下载第 058/203 页...
2026-02-28 03:30:24 - mkk_comic - app.py:582 - INFO - 正在下载第 059/203 页...
2026-02-28 03:30:25 - mkk_comic - app.py:582 - INFO - 正在下载第 060/203 页...
2026-02-28 03:30:25 - mkk_comic - app.py:582 - INFO - 正在下载第 061/203 页...
2026-02-28 03:30:25 - mkk_comic - app.py:582 - INFO - 正在下载第 062/203 页...
2026-02-28 03:30:25 - mkk_comic - app.py:582 - INFO - 正在下载第 063/203 页...
2026-02-28 03:30:25 - mkk_comic - app.py:582 - INFO - 正在下载第 064/203 页...
2026-02-28 03:30:25 - mkk_comic - app.py:582 - INFO - 正在下载第 065/203 页...
2026-02-28 03:30:25 - mkk_comic - app.py:582 - INFO - 正在下载第 066/203 页...
2026-02-28 03:30:25 - mkk_comic - app.py:582 - INFO - 正在下载第 067/203 页...
2026-02-28 03:30:25 - mkk_comic - app.py:582 - INFO - 正在下载第 068/203 页...
2026-02-28 03:30:25 - mkk_comic - app.py:582 - INFO - 正在下载第 069/203 页...
2026-02-28 03:30:25 - mkk_comic - app.py:582 - INFO - 正在下载第 070/203 页...
2026-02-28 03:30:25 - mkk_comic - app.py:582 - INFO - 正在下载第 071/203 页...
2026-02-28 03:30:25 - mkk_comic - app.py:582 - INFO - 正在下载第 072/203 页...
2026-02-28 03:30:25 - mkk_comic - app.py:582 - INFO - 正在下载第 073/203 页...
2026-02-28 03:30:25 - mkk_comic - app.py:582 - INFO - 正在下载第 074/203 页...
2026-02-28 03:30:25 - mkk_comic - app.py:582 - INFO - 正在下载第 075/203 页...
2026-02-28 03:30:25 - mkk_comic - app.py:582 - INFO - 正在下载第 076/203 页...
2026-02-28 03:30:25 - mkk_comic - app.py:582 - INFO - 正在下载第 077/203 页...
2026-02-28 03:30:25 - mkk_comic - app.py:582 - INFO - 正在下载第 078/203 页...
2026-02-28 03:30:25 - mkk_comic - app.py:582 - INFO - 正在下载第 079/203 页...
2026-02-28 03:30:25 - mkk_comic - app.py:582 - INFO - 正在下载第 080/203 页...
2026-02-28 03:30:25 - mkk_comic - app.py:582 - INFO - 正在下载第 081/203 页...
2026-02-28 03:30:25 - mkk_comic - app.py:582 - INFO - 正在下载第 082/203 页...
2026-02-28 03:30:25 - mkk_comic - app.py:582 - INFO - 正在下载第 083/203 页...
2026-02-28 03:30:25 - mkk_comic - app.py:582 - INFO - 正在下载第 084/203 页...
2026-02-28 03:30:25 - mkk_comic - app.py:582 - INFO - 正在下载第 085/203 页...
2026-02-28 03:30:25 - mkk_comic - app.py:582 - INFO - 正在下载第 086/203 页...
2026-02-28 03:30:25 - mkk_comic - app.py:582 - INFO - 正在下载第 087/203 页...
2026-02-28 03:30:25 - mkk_comic - app.py:582 - INFO - 正在下载第 088/203 页...
2026-02-28 03:30:25 - mkk_comic - app.py:582 - INFO - 正在下载第 089/203 页...
2026-02-28 03:30:25 - mkk_comic - app.py:582 - INFO - 正在下载第 090/203 页...
2026-02-28 03:30:25 - mkk_comic - app.py:582 - INFO - 正在下载第 091/203 页...
2026-02-28 03:30:25 - mkk_comic - app.py:582 - INFO - 正在下载第 092/203 页...
2026-02-28 03:30:25 - mkk_comic - app.py:582 - INFO - 正在下载第 093/203 页...
2026-02-28 03:30:25 - mkk_comic - app.py:582 - INFO - 正在下载第 094/203 页...
2026-02-28 03:30:25 - mkk_comic - app.py:582 - INFO - 正在下载第 095/203 页...
2026-02-28 03:30:25 - mkk_comic - app.py:582 - INFO - 正在下载第 096/203 页...
2026-02-28 03:30:25 - mkk_comic - app.py:582 - INFO - 正在下载第 097/203 页...
2026-02-28 03:30:25 - mkk_comic - app.py:582 - INFO - 正在下载第 098/203 页...
2026-02-28 03:30:25 - mkk_comic - app.py:582 - INFO - 正在下载第 099/203 页...
2026-02-28 03:30:25 - mkk_comic - app.py:582 - INFO - 正在下载第 100/203 页...
2026-02-28 03:30:25 - mkk_comic - app.py:582 - INFO - 正在下载第 101/203 页...
2026-02-28 03:30:25 - mkk_comic - app.py:582 - INFO - 正在下载第 102/203 页...
2026-02-28 03:30:25 - mkk_comic - app.py:582 - INFO - 正在下载第 103/203 页...
2026-02-28 03:30:25 - mkk_comic - app.py:582 - INFO - 正在下载第 104/203 页...
2026-02-28 03:30:25 - mkk_comic - app.py:582 - INFO - 正在下载第 105/203 页...
2026-02-28 03:30:25 - mkk_comic - app.py:582 - INFO - 正在下载第 106/203 页...
2026-02-28 03:30:26 - mkk_comic - app.py:582 - INFO - 正在下载第 107/203 页...
2026-02-28 03:30:26 - mkk_comic - app.py:582 - INFO - 正在下载第 108/203 页...
2026-02-28 03:30:26 - mkk_comic - app.py:582 - INFO - 正在下载第 109/203 页...
2026-02-28 03:30:26 - mkk_comic - app.py:582 - INFO - 正在下载第 110/203 页...
2026-02-28 03:30:26 - mkk_comic - app.py:582 - INFO - 正在下载第 111/203 页...
2026-02-28 03:30:26 - mkk_comic - app.py:582 - INFO - 正在下载第 112/203 页...
2026-02-28 03:30:26 - mkk_comic - app.py:582 - INFO - 正在下载第 113/203 页...
2026-02-28 03:30:26 - mkk_comic - app.py:582 - INFO - 正在下载第 114/203 页...
2026-02-28 03:30:26 - mkk_comic - app.py:582 - INFO - 正在下载第 115/203 页...
2026-02-28 03:30:26 - mkk_comic - app.py:582 - INFO - 正在下载第 116/203 页...
2026-02-28 03:30:26 - mkk_comic - app.py:582 - INFO - 正在下载第 117/203 页...
2026-02-28 03:30:26 - mkk_comic - app.py:582 - INFO - 正在下载第 118/203 页...
2026-02-28 03:30:26 - mkk_comic - app.py:582 - INFO - 正在下载第 119/203 页...
2026-02-28 03:30:26 - mkk_comic - app.py:582 - INFO - 正在下载第 120/203 页...
2026-02-28 03:30:26 - mkk_comic - app.py:582 - INFO - 正在下载第 121/203 页...
2026-02-28 03:30:26 - mkk_comic - app.py:582 - INFO - 正在下载第 122/203 页...
2026-02-28 03:30:26 - mkk_comic - app.py:582 - INFO - 正在下载第 123/203 页...
2026-02-28 03:30:26 - mkk_comic - app.py:582 - INFO - 正在下载第 124/203 页...
2026-02-28 03:30:26 - mkk_comic - app.py:582 - INFO - 正在下载第 125/203 页...
2026-02-28 03:30:26 - mkk_comic - app.py:582 - INFO - 正在下载第 126/203 页...
2026-02-28 03:30:26 - mkk_comic - app.py:582 - INFO - 正在下载第 127/203 页...
2026-02-28 03:30:26 - mkk_comic - app.py:582 - INFO - 正在下载第 128/203 页...
2026-02-28 03:30:26 - mkk_comic - app.py:582 - INFO - 正在下载第 129/203 页...
2026-02-28 03:30:26 - mkk_comic - app.py:582 - INFO - 正在下载第 130/203 页...
2026-02-28 03:30:26 - mkk_comic - app.py:582 - INFO - 正在下载第 131/203 页...
2026-02-28 03:30:26 - mkk_comic - app.py:582 - INFO - 正在下载第 132/203 页...
2026-02-28 03:30:26 - mkk_comic - app.py:582 - INFO - 正在下载第 133/203 页...
2026-02-28 03:30:26 - mkk_comic - app.py:582 - INFO - 正在下载第 134/203 页...
2026-02-28 03:30:26 - mkk_comic - app.py:582 - INFO - 正在下载第 135/203 页...
2026-02-28 03:30:26 - mkk_comic - app.py:582 - INFO - 正在下载第 136/203 页...
2026-02-28 03:30:26 - mkk_comic - app.py:582 - INFO - 正在下载第 137/203 页...
2026-02-28 03:30:26 - mkk_comic - app.py:582 - INFO - 正在下载第 138/203 页...
2026-02-28 03:30:26 - mkk_comic - app.py:582 - INFO - 正在下载第 139/203 页...
2026-02-28 03:30:26 - mkk_comic - app.py:582 - INFO - 正在下载第 140/203 页...
2026-02-28 03:30:26 - mkk_comic - app.py:582 - INFO - 正在下载第 141/203 页...
2026-02-28 03:30:26 - mkk_comic - app.py:582 - INFO - 正在下载第 142/203 页...
2026-02-28 03:30:26 - mkk_comic - app.py:582 - INFO - 正在下载第 143/203 页...
2026-02-28 03:30:26 - mkk_comic - app.py:582 - INFO - 正在下载第 144/203 页...
2026-02-28 03:30:26 - mkk_comic - app.py:582 - INFO - 正在下载第 145/203 页...
2026-02-28 03:30:26 - mkk_comic - app.py:582 - INFO - 正在下载第 146/203 页...
2026-02-28 03:30:26 - mkk_comic - app.py:582 - INFO - 正在下载第 147/203 页...
2026-02-28 03:30:26 - mkk_comic - app.py:582 - INFO - 正在下载第 148/203 页...
2026-02-28 03:30:26 - mkk_comic - app.py:582 - INFO - 正在下载第 149/203 页...
2026-02-28 03:30:26 - mkk_comic - app.py:582 - INFO - 正在下载第 150/203 页...
2026-02-28 03:30:26 - mkk_comic - app.py:582 - INFO - 正在下载第 151/203 页...
2026-02-28 03:30:26 - mkk_comic - app.py:582 - INFO - 正在下载第 152/203 页...
2026-02-28 03:30:27 - mkk_comic - app.py:582 - INFO - 正在下载第 153/203 页...
2026-02-28 03:30:27 - mkk_comic - app.py:582 - INFO - 正在下载第 154/203 页...
2026-02-28 03:30:27 - mkk_comic - app.py:582 - INFO - 正在下载第 155/203 页...
2026-02-28 03:30:27 - mkk_comic - app.py:582 - INFO - 正在下载第 156/203 页...
2026-02-28 03:30:27 - mkk_comic - app.py:582 - INFO - 正在下载第 157/203 页...
2026-02-28 03:30:27 - mkk_comic - app.py:582 - INFO - 正在下载第 158/203 页...
2026-02-28 03:30:27 - mkk_comic - app.py:582 - INFO - 正在下载第 159/203 页...
2026-02-28 03:30:27 - mkk_comic - app.py:582 - INFO - 正在下载第 160/203 页...
2026-02-28 03:30:27 - mkk_comic - app.py:582 - INFO - 正在下载第 161/203 页...
2026-02-28 03:30:27 - mkk_comic - app.py:582 - INFO - 正在下载第 162/203 页...
2026-02-28 03:30:27 - mkk_comic - app.py:582 - INFO - 正在下载第 163/203 页...
2026-02-28 03:30:27 - mkk_comic - app.py:582 - INFO - 正在下载第 164/203 页...
2026-02-28 03:30:27 - mkk_comic - app.py:582 - INFO - 正在下载第 165/203 页...
2026-02-28 03:30:27 - mkk_comic - app.py:582 - INFO - 正在下载第 166/203 页...
2026-02-28 03:30:27 - mkk_comic - app.py:582 - INFO - 正在下载第 167/203 页...
2026-02-28 03:30:27 - mkk_comic - app.py:582 - INFO - 正在下载第 168/203 页...
2026-02-28 03:30:27 - mkk_comic - app.py:582 - INFO - 正在下载第 169/203 页...
2026-02-28 03:30:27 - mkk_comic - app.py:582 - INFO - 正在下载第 170/203 页...
2026-02-28 03:30:27 - mkk_comic - app.py:582 - INFO - 正在下载第 171/203 页...
2026-02-28 03:30:27 - mkk_comic - app.py:582 - INFO - 正在下载第 172/203 页...
2026-02-28 03:30:27 - mkk_comic - app.py:582 - INFO - 正在下载第 173/203 页...
2026-02-28 03:30:27 - mkk_comic - app.py:582 - INFO - 正在下载第 174/203 页...
2026-02-28 03:30:27 - mkk_comic - app.py:582 - INFO - 正在下载第 175/203 页...
2026-02-28 03:30:27 - mkk_comic - app.py:582 - INFO - 正在下载第 176/203 页...
2026-02-28 03:30:27 - mkk_comic - app.py:582 - INFO - 正在下载第 177/203 页...
2026-02-28 03:30:27 - mkk_comic - app.py:582 - INFO - 正在下载第 178/203 页...
2026-02-28 03:30:27 - mkk_comic - app.py:582 - INFO - 正在下载第 179/203 页...
2026-02-28 03:30:27 - mkk_comic - app.py:582 - INFO - 正在下载第 180/203 页...
2026-02-28 03:30:27 - mkk_comic - app.py:582 - INFO - 正在下载第 181/203 页...
2026-02-28 03:30:27 - mkk_comic - app.py:582 - INFO - 正在下载第 182/203 页...
2026-02-28 03:30:27 - mkk_comic - app.py:582 - INFO - 正在下载第 183/203 页...
2026-02-28 03:30:27 - mkk_comic - app.py:582 - INFO - 正在下载第 184/203 页...
2026-02-28 03:30:27 - mkk_comic - app.py:582 - INFO - 正在下载第 185/203 页...
2026-02-28 03:30:27 - mkk_comic - app.py:582 - INFO - 正在下载第 186/203 页...
2026-02-28 03:30:27 - mkk_comic - app.py:582 - INFO - 正在下载第 187/203 页...
2026-02-28 03:30:27 - mkk_comic - app.py:582 - INFO - 正在下载第 188/203 页...
2026-02-28 03:30:27 - mkk_comic - app.py:582 - INFO - 正在下载第 189/203 页...
2026-02-28 03:30:27 - mkk_comic - app.py:582 - INFO - 正在下载第 190/203 页...
2026-02-28 03:30:27 - mkk_comic - app.py:582 - INFO - 正在下载第 191/203 页...
2026-02-28 03:30:27 - mkk_comic - app.py:582 - INFO - 正在下载第 192/203 页...
2026-02-28 03:30:27 - mkk_comic - app.py:582 - INFO - 正在下载第 193/203 页...
2026-02-28 03:30:27 - mkk_comic - app.py:582 - INFO - 正在下载第 194/203 页...
2026-02-28 03:30:27 - mkk_comic - app.py:582 - INFO - 正在下载第 195/203 页...
2026-02-28 03:30:27 - mkk_comic - app.py:582 - INFO - 正在下载第 196/203 页...
2026-02-28 03:30:27 - mkk_comic - app.py:582 - INFO - 正在下载第 197/203 页...
2026-02-28 03:30:28 - mkk_comic - app.py:582 - INFO - 正在下载第 198/203 页...
2026-02-28 03:30:28 - mkk_comic - app.py:582 - INFO - 正在下载第 199/203 页...
2026-02-28 03:30:28 - mkk_comic - app.py:582 - INFO - 正在下载第 200/203 页...
2026-02-28 03:30:28 - mkk_comic - app.py:582 - INFO - 正在下载第 201/203 页...
2026-02-28 03:30:28 - mkk_comic - app.py:582 - INFO - 正在下载第 202/203 页...
2026-02-28 03:30:28 - mkk_comic - app.py:582 - INFO - 正在下载第 203/203 页...
2026-02-28 03:30:28 - mkk_comic - app.py:511 - INFO - 下载完成!
2026-02-28 03:30:28 - mkk_comic - app.py:512 - INFO - 成功下载: 203/203 页
2026-02-28 03:30:28 - mkk_comic - app.py:494 - INFO - 正在下载第94章: 94卷    UUID:bf4544da-135f-11ef-87bd-3f487b7d9a9a
2026-02-28 03:30:29 - mkk_comic - app.py:502 - INFO - 创建目录: ./out/海贼王/94卷
2026-02-28 03:30:29 - mkk_comic - app.py:505 - INFO - 开始下载: 海贼王 - 94卷
2026-02-28 03:30:29 - mkk_comic - app.py:506 - INFO - 总页数: 213
2026-02-28 03:30:29 - mkk_comic - app.py:582 - INFO - 正在下载第 001/213 页...
2026-02-28 03:30:29 - mkk_comic - app.py:582 - INFO - 正在下载第 002/213 页...
2026-02-28 03:30:29 - mkk_comic - app.py:582 - INFO - 正在下载第 003/213 页...
2026-02-28 03:30:29 - mkk_comic - app.py:582 - INFO - 正在下载第 004/213 页...
2026-02-28 03:30:29 - mkk_comic - app.py:582 - INFO - 正在下载第 005/213 页...
2026-02-28 03:30:29 - mkk_comic - app.py:582 - INFO - 正在下载第 006/213 页...
2026-02-28 03:30:29 - mkk_comic - app.py:582 - INFO - 正在下载第 007/213 页...
2026-02-28 03:30:29 - mkk_comic - app.py:582 - INFO - 正在下载第 008/213 页...
2026-02-28 03:30:29 - mkk_comic - app.py:582 - INFO - 正在下载第 009/213 页...
2026-02-28 03:30:29 - mkk_comic - app.py:582 - INFO - 正在下载第 010/213 页...
2026-02-28 03:30:29 - mkk_comic - app.py:582 - INFO - 正在下载第 011/213 页...
2026-02-28 03:30:29 - mkk_comic - app.py:582 - INFO - 正在下载第 012/213 页...
2026-02-28 03:30:29 - mkk_comic - app.py:582 - INFO - 正在下载第 013/213 页...
2026-02-28 03:30:29 - mkk_comic - app.py:582 - INFO - 正在下载第 014/213 页...
2026-02-28 03:30:29 - mkk_comic - app.py:582 - INFO - 正在下载第 015/213 页...
2026-02-28 03:30:29 - mkk_comic - app.py:582 - INFO - 正在下载第 016/213 页...
2026-02-28 03:30:29 - mkk_comic - app.py:582 - INFO - 正在下载第 017/213 页...
2026-02-28 03:30:29 - mkk_comic - app.py:582 - INFO - 正在下载第 018/213 页...
2026-02-28 03:30:29 - mkk_comic - app.py:582 - INFO - 正在下载第 019/213 页...
2026-02-28 03:30:29 - mkk_comic - app.py:582 - INFO - 正在下载第 020/213 页...
2026-02-28 03:30:29 - mkk_comic - app.py:582 - INFO - 正在下载第 021/213 页...
2026-02-28 03:30:29 - mkk_comic - app.py:582 - INFO - 正在下载第 022/213 页...
2026-02-28 03:30:29 - mkk_comic - app.py:582 - INFO - 正在下载第 023/213 页...
2026-02-28 03:30:30 - mkk_comic - app.py:582 - INFO - 正在下载第 024/213 页...
2026-02-28 03:30:30 - mkk_comic - app.py:582 - INFO - 正在下载第 025/213 页...
2026-02-28 03:30:30 - mkk_comic - app.py:582 - INFO - 正在下载第 026/213 页...
2026-02-28 03:30:30 - mkk_comic - app.py:582 - INFO - 正在下载第 027/213 页...
2026-02-28 03:30:30 - mkk_comic - app.py:582 - INFO - 正在下载第 028/213 页...
2026-02-28 03:30:30 - mkk_comic - app.py:582 - INFO - 正在下载第 029/213 页...
2026-02-28 03:30:30 - mkk_comic - app.py:582 - INFO - 正在下载第 030/213 页...
2026-02-28 03:30:30 - mkk_comic - app.py:582 - INFO - 正在下载第 031/213 页...
2026-02-28 03:30:30 - mkk_comic - app.py:582 - INFO - 正在下载第 032/213 页...
2026-02-28 03:30:30 - mkk_comic - app.py:582 - INFO - 正在下载第 033/213 页...
2026-02-28 03:30:30 - mkk_comic - app.py:582 - INFO - 正在下载第 034/213 页...
2026-02-28 03:30:30 - mkk_comic - app.py:582 - INFO - 正在下载第 035/213 页...
2026-02-28 03:30:30 - mkk_comic - app.py:582 - INFO - 正在下载第 036/213 页...
2026-02-28 03:30:30 - mkk_comic - app.py:582 - INFO - 正在下载第 037/213 页...
2026-02-28 03:30:30 - mkk_comic - app.py:582 - INFO - 正在下载第 038/213 页...
2026-02-28 03:30:30 - mkk_comic - app.py:582 - INFO - 正在下载第 039/213 页...
2026-02-28 03:30:30 - mkk_comic - app.py:582 - INFO - 正在下载第 040/213 页...
2026-02-28 03:30:30 - mkk_comic - app.py:582 - INFO - 正在下载第 041/213 页...
2026-02-28 03:30:30 - mkk_comic - app.py:582 - INFO - 正在下载第 042/213 页...
2026-02-28 03:30:30 - mkk_comic - app.py:582 - INFO - 正在下载第 043/213 页...
2026-02-28 03:30:30 - mkk_comic - app.py:582 - INFO - 正在下载第 044/213 页...
2026-02-28 03:30:30 - mkk_comic - app.py:582 - INFO - 正在下载第 045/213 页...
2026-02-28 03:30:30 - mkk_comic - app.py:582 - INFO - 正在下载第 046/213 页...
2026-02-28 03:30:30 - mkk_comic - app.py:582 - INFO - 正在下载第 047/213 页...
2026-02-28 03:30:30 - mkk_comic - app.py:582 - INFO - 正在下载第 048/213 页...
2026-02-28 03:30:30 - mkk_comic - app.py:582 - INFO - 正在下载第 049/213 页...
2026-02-28 03:30:30 - mkk_comic - app.py:582 - INFO - 正在下载第 050/213 页...
2026-02-28 03:30:30 - mkk_comic - app.py:582 - INFO - 正在下载第 051/213 页...
2026-02-28 03:30:30 - mkk_comic - app.py:582 - INFO - 正在下载第 052/213 页...
2026-02-28 03:30:30 - mkk_comic - app.py:582 - INFO - 正在下载第 053/213 页...
2026-02-28 03:30:30 - mkk_comic - app.py:582 - INFO - 正在下载第 054/213 页...
2026-02-28 03:30:30 - mkk_comic - app.py:582 - INFO - 正在下载第 055/213 页...
2026-02-28 03:30:30 - mkk_comic - app.py:582 - INFO - 正在下载第 056/213 页...
2026-02-28 03:30:30 - mkk_comic - app.py:582 - INFO - 正在下载第 057/213 页...
2026-02-28 03:30:30 - mkk_comic - app.py:582 - INFO - 正在下载第 058/213 页...
2026-02-28 03:30:30 - mkk_comic - app.py:582 - INFO - 正在下载第 059/213 页...
2026-02-28 03:30:30 - mkk_comic - app.py:582 - INFO - 正在下载第 060/213 页...
2026-02-28 03:30:30 - mkk_comic - app.py:582 - INFO - 正在下载第 061/213 页...
2026-02-28 03:30:30 - mkk_comic - app.py:582 - INFO - 正在下载第 062/213 页...
2026-02-28 03:30:30 - mkk_comic - app.py:582 - INFO - 正在下载第 063/213 页...
2026-02-28 03:30:30 - mkk_comic - app.py:582 - INFO - 正在下载第 064/213 页...
2026-02-28 03:30:30 - mkk_comic - app.py:582 - INFO - 正在下载第 065/213 页...
2026-02-28 03:30:30 - mkk_comic - app.py:582 - INFO - 正在下载第 066/213 页...
2026-02-28 03:30:30 - mkk_comic - app.py:582 - INFO - 正在下载第 067/213 页...
2026-02-28 03:30:30 - mkk_comic - app.py:582 - INFO - 正在下载第 068/213 页...
2026-02-28 03:30:30 - mkk_comic - app.py:582 - INFO - 正在下载第 069/213 页...
2026-02-28 03:30:31 - mkk_comic - app.py:582 - INFO - 正在下载第 070/213 页...
2026-02-28 03:30:31 - mkk_comic - app.py:582 - INFO - 正在下载第 071/213 页...
2026-02-28 03:30:31 - mkk_comic - app.py:582 - INFO - 正在下载第 072/213 页...
2026-02-28 03:30:31 - mkk_comic - app.py:582 - INFO - 正在下载第 073/213 页...
2026-02-28 03:30:31 - mkk_comic - app.py:582 - INFO - 正在下载第 074/213 页...
2026-02-28 03:30:31 - mkk_comic - app.py:582 - INFO - 正在下载第 075/213 页...
2026-02-28 03:30:31 - mkk_comic - app.py:582 - INFO - 正在下载第 076/213 页...
2026-02-28 03:30:31 - mkk_comic - app.py:582 - INFO - 正在下载第 077/213 页...
2026-02-28 03:30:31 - mkk_comic - app.py:582 - INFO - 正在下载第 078/213 页...
2026-02-28 03:30:31 - mkk_comic - app.py:582 - INFO - 正在下载第 079/213 页...
2026-02-28 03:30:31 - mkk_comic - app.py:582 - INFO - 正在下载第 080/213 页...
2026-02-28 03:30:31 - mkk_comic - app.py:582 - INFO - 正在下载第 081/213 页...
2026-02-28 03:30:31 - mkk_comic - app.py:582 - INFO - 正在下载第 082/213 页...
2026-02-28 03:30:31 - mkk_comic - app.py:582 - INFO - 正在下载第 083/213 页...
2026-02-28 03:30:31 - mkk_comic - app.py:582 - INFO - 正在下载第 084/213 页...
2026-02-28 03:30:31 - mkk_comic - app.py:582 - INFO - 正在下载第 085/213 页...
2026-02-28 03:30:31 - mkk_comic - app.py:582 - INFO - 正在下载第 086/213 页...
2026-02-28 03:30:31 - mkk_comic - app.py:582 - INFO - 正在下载第 087/213 页...
2026-02-28 03:30:31 - mkk_comic - app.py:582 - INFO - 正在下载第 088/213 页...
2026-02-28 03:30:31 - mkk_comic - app.py:582 - INFO - 正在下载第 089/213 页...
2026-02-28 03:30:31 - mkk_comic - app.py:582 - INFO - 正在下载第 090/213 页...
2026-02-28 03:30:31 - mkk_comic - app.py:582 - INFO - 正在下载第 091/213 页...
2026-02-28 03:30:31 - mkk_comic - app.py:582 - INFO - 正在下载第 092/213 页...
2026-02-28 03:30:31 - mkk_comic - app.py:582 - INFO - 正在下载第 093/213 页...
2026-02-28 03:30:31 - mkk_comic - app.py:582 - INFO - 正在下载第 094/213 页...
2026-02-28 03:30:31 - mkk_comic - app.py:582 - INFO - 正在下载第 095/213 页...
2026-02-28 03:30:31 - mkk_comic - app.py:582 - INFO - 正在下载第 096/213 页...
2026-02-28 03:30:31 - mkk_comic - app.py:582 - INFO - 正在下载第 097/213 页...
2026-02-28 03:30:31 - mkk_comic - app.py:582 - INFO - 正在下载第 098/213 页...
2026-02-28 03:30:31 - mkk_comic - app.py:582 - INFO - 正在下载第 099/213 页...
2026-02-28 03:30:31 - mkk_comic - app.py:582 - INFO - 正在下载第 100/213 页...
2026-02-28 03:30:31 - mkk_comic - app.py:582 - INFO - 正在下载第 101/213 页...
2026-02-28 03:30:31 - mkk_comic - app.py:582 - INFO - 正在下载第 102/213 页...
2026-02-28 03:30:31 - mkk_comic - app.py:582 - INFO - 正在下载第 103/213 页...
2026-02-28 03:30:31 - mkk_comic - app.py:582 - INFO - 正在下载第 104/213 页...
2026-02-28 03:30:31 - mkk_comic - app.py:582 - INFO - 正在下载第 105/213 页...
2026-02-28 03:30:31 - mkk_comic - app.py:582 - INFO - 正在下载第 106/213 页...
2026-02-28 03:30:31 - mkk_comic - app.py:582 - INFO - 正在下载第 107/213 页...
2026-02-28 03:30:31 - mkk_comic - app.py:582 - INFO - 正在下载第 108/213 页...
2026-02-28 03:30:31 - mkk_comic - app.py:582 - INFO - 正在下载第 109/213 页...
2026-02-28 03:30:31 - mkk_comic - app.py:582 - INFO - 正在下载第 110/213 页...
2026-02-28 03:30:31 - mkk_comic - app.py:582 - INFO - 正在下载第 111/213 页...
2026-02-28 03:30:31 - mkk_comic - app.py:582 - INFO - 正在下载第 112/213 页...
2026-02-28 03:30:31 - mkk_comic - app.py:582 - INFO - 正在下载第 113/213 页...
2026-02-28 03:30:32 - mkk_comic - app.py:582 - INFO - 正在下载第 114/213 页...
2026-02-28 03:30:32 - mkk_comic - app.py:582 - INFO - 正在下载第 115/213 页...
2026-02-28 03:30:32 - mkk_comic - app.py:582 - INFO - 正在下载第 116/213 页...
2026-02-28 03:30:32 - mkk_comic - app.py:582 - INFO - 正在下载第 117/213 页...
2026-02-28 03:30:32 - mkk_comic - app.py:582 - INFO - 正在下载第 118/213 页...
2026-02-28 03:30:32 - mkk_comic - app.py:582 - INFO - 正在下载第 119/213 页...
2026-02-28 03:30:32 - mkk_comic - app.py:582 - INFO - 正在下载第 120/213 页...
2026-02-28 03:30:32 - mkk_comic - app.py:582 - INFO - 正在下载第 121/213 页...
2026-02-28 03:30:32 - mkk_comic - app.py:582 - INFO - 正在下载第 122/213 页...
2026-02-28 03:30:32 - mkk_comic - app.py:582 - INFO - 正在下载第 123/213 页...
2026-02-28 03:30:32 - mkk_comic - app.py:582 - INFO - 正在下载第 124/213 页...
2026-02-28 03:30:32 - mkk_comic - app.py:582 - INFO - 正在下载第 125/213 页...
2026-02-28 03:30:32 - mkk_comic - app.py:582 - INFO - 正在下载第 126/213 页...
2026-02-28 03:30:32 - mkk_comic - app.py:582 - INFO - 正在下载第 127/213 页...
2026-02-28 03:30:32 - mkk_comic - app.py:582 - INFO - 正在下载第 128/213 页...
2026-02-28 03:30:32 - mkk_comic - app.py:582 - INFO - 正在下载第 129/213 页...
2026-02-28 03:30:32 - mkk_comic - app.py:582 - INFO - 正在下载第 130/213 页...
2026-02-28 03:30:32 - mkk_comic - app.py:582 - INFO - 正在下载第 131/213 页...
2026-02-28 03:30:32 - mkk_comic - app.py:582 - INFO - 正在下载第 132/213 页...
2026-02-28 03:30:32 - mkk_comic - app.py:582 - INFO - 正在下载第 133/213 页...
2026-02-28 03:30:32 - mkk_comic - app.py:582 - INFO - 正在下载第 134/213 页...
2026-02-28 03:30:32 - mkk_comic - app.py:582 - INFO - 正在下载第 135/213 页...
2026-02-28 03:30:32 - mkk_comic - app.py:582 - INFO - 正在下载第 136/213 页...
2026-02-28 03:30:32 - mkk_comic - app.py:582 - INFO - 正在下载第 137/213 页...
2026-02-28 03:30:32 - mkk_comic - app.py:582 - INFO - 正在下载第 138/213 页...
2026-02-28 03:30:32 - mkk_comic - app.py:582 - INFO - 正在下载第 139/213 页...
2026-02-28 03:30:32 - mkk_comic - app.py:582 - INFO - 正在下载第 140/213 页...
2026-02-28 03:30:32 - mkk_comic - app.py:582 - INFO - 正在下载第 141/213 页...
2026-02-28 03:30:32 - mkk_comic - app.py:582 - INFO - 正在下载第 142/213 页...
2026-02-28 03:30:32 - mkk_comic - app.py:582 - INFO - 正在下载第 143/213 页...
2026-02-28 03:30:32 - mkk_comic - app.py:582 - INFO - 正在下载第 144/213 页...
2026-02-28 03:30:32 - mkk_comic - app.py:582 - INFO - 正在下载第 145/213 页...
2026-02-28 03:30:32 - mkk_comic - app.py:582 - INFO - 正在下载第 146/213 页...
2026-02-28 03:30:32 - mkk_comic - app.py:582 - INFO - 正在下载第 147/213 页...
2026-02-28 03:30:32 - mkk_comic - app.py:582 - INFO - 正在下载第 148/213 页...
2026-02-28 03:30:32 - mkk_comic - app.py:582 - INFO - 正在下载第 149/213 页...
2026-02-28 03:30:32 - mkk_comic - app.py:582 - INFO - 正在下载第 150/213 页...
2026-02-28 03:30:32 - mkk_comic - app.py:582 - INFO - 正在下载第 151/213 页...
2026-02-28 03:30:33 - mkk_comic - app.py:582 - INFO - 正在下载第 152/213 页...
2026-02-28 03:30:33 - mkk_comic - app.py:582 - INFO - 正在下载第 153/213 页...
2026-02-28 03:30:33 - mkk_comic - app.py:582 - INFO - 正在下载第 154/213 页...
2026-02-28 03:30:33 - mkk_comic - app.py:582 - INFO - 正在下载第 155/213 页...
2026-02-28 03:30:33 - mkk_comic - app.py:582 - INFO - 正在下载第 156/213 页...
2026-02-28 03:30:33 - mkk_comic - app.py:582 - INFO - 正在下载第 157/213 页...
2026-02-28 03:30:33 - mkk_comic - app.py:582 - INFO - 正在下载第 158/213 页...
2026-02-28 03:30:33 - mkk_comic - app.py:582 - INFO - 正在下载第 159/213 页...
2026-02-28 03:30:33 - mkk_comic - app.py:582 - INFO - 正在下载第 160/213 页...
2026-02-28 03:30:33 - mkk_comic - app.py:582 - INFO - 正在下载第 161/213 页...
2026-02-28 03:30:33 - mkk_comic - app.py:582 - INFO - 正在下载第 162/213 页...
2026-02-28 03:30:33 - mkk_comic - app.py:582 - INFO - 正在下载第 163/213 页...
2026-02-28 03:30:33 - mkk_comic - app.py:582 - INFO - 正在下载第 164/213 页...
2026-02-28 03:30:33 - mkk_comic - app.py:582 - INFO - 正在下载第 165/213 页...
2026-02-28 03:30:33 - mkk_comic - app.py:582 - INFO - 正在下载第 166/213 页...
2026-02-28 03:30:33 - mkk_comic - app.py:582 - INFO - 正在下载第 167/213 页...
2026-02-28 03:30:33 - mkk_comic - app.py:582 - INFO - 正在下载第 168/213 页...
2026-02-28 03:30:33 - mkk_comic - app.py:582 - INFO - 正在下载第 169/213 页...
2026-02-28 03:30:33 - mkk_comic - app.py:582 - INFO - 正在下载第 170/213 页...
2026-02-28 03:30:33 - mkk_comic - app.py:582 - INFO - 正在下载第 171/213 页...
2026-02-28 03:30:33 - mkk_comic - app.py:582 - INFO - 正在下载第 172/213 页...
2026-02-28 03:30:33 - mkk_comic - app.py:582 - INFO - 正在下载第 173/213 页...
2026-02-28 03:30:33 - mkk_comic - app.py:582 - INFO - 正在下载第 174/213 页...
2026-02-28 03:30:33 - mkk_comic - app.py:582 - INFO - 正在下载第 175/213 页...
2026-02-28 03:30:33 - mkk_comic - app.py:582 - INFO - 正在下载第 176/213 页...
2026-02-28 03:30:33 - mkk_comic - app.py:582 - INFO - 正在下载第 177/213 页...
2026-02-28 03:30:33 - mkk_comic - app.py:582 - INFO - 正在下载第 178/213 页...
2026-02-28 03:30:33 - mkk_comic - app.py:582 - INFO - 正在下载第 179/213 页...
2026-02-28 03:30:33 - mkk_comic - app.py:582 - INFO - 正在下载第 180/213 页...
2026-02-28 03:30:33 - mkk_comic - app.py:582 - INFO - 正在下载第 181/213 页...
2026-02-28 03:30:33 - mkk_comic - app.py:582 - INFO - 正在下载第 182/213 页...
2026-02-28 03:30:33 - mkk_comic - app.py:582 - INFO - 正在下载第 183/213 页...
2026-02-28 03:30:33 - mkk_comic - app.py:582 - INFO - 正在下载第 184/213 页...
2026-02-28 03:30:33 - mkk_comic - app.py:582 - INFO - 正在下载第 185/213 页...
2026-02-28 03:30:33 - mkk_comic - app.py:582 - INFO - 正在下载第 186/213 页...
2026-02-28 03:30:33 - mkk_comic - app.py:582 - INFO - 正在下载第 187/213 页...
2026-02-28 03:30:33 - mkk_comic - app.py:582 - INFO - 正在下载第 188/213 页...
2026-02-28 03:30:33 - mkk_comic - app.py:582 - INFO - 正在下载第 189/213 页...
2026-02-28 03:30:33 - mkk_comic - app.py:582 - INFO - 正在下载第 190/213 页...
2026-02-28 03:30:33 - mkk_comic - app.py:582 - INFO - 正在下载第 191/213 页...
2026-02-28 03:30:33 - mkk_comic - app.py:582 - INFO - 正在下载第 192/213 页...
2026-02-28 03:30:33 - mkk_comic - app.py:582 - INFO - 正在下载第 193/213 页...
2026-02-28 03:30:33 - mkk_comic - app.py:582 - INFO - 正在下载第 194/213 页...
2026-02-28 03:30:33 - mkk_comic - app.py:582 - INFO - 正在下载第 195/213 页...
2026-02-28 03:30:33 - mkk_comic - app.py:582 - INFO - 正在下载第 196/213 页...
2026-02-28 03:30:33 - mkk_comic - app.py:582 - INFO - 正在下载第 197/213 页...
2026-02-28 03:30:33 - mkk_comic - app.py:582 - INFO - 正在下载第 198/213 页...
2026-02-28 03:30:34 - mkk_comic - app.py:582 - INFO - 正在下载第 199/213 页...
2026-02-28 03:30:34 - mkk_comic - app.py:582 - INFO - 正在下载第 200/213 页...
2026-02-28 03:30:34 - mkk_comic - app.py:582 - INFO - 正在下载第 201/213 页...
2026-02-28 03:30:34 - mkk_comic - app.py:582 - INFO - 正在下载第 202/213 页...
2026-02-28 03:30:34 - mkk_comic - app.py:582 - INFO - 正在下载第 203/213 页...
2026-02-28 03:30:34 - mkk_comic - app.py:582 - INFO - 正在下载第 204/213 页...
2026-02-28 03:30:34 - mkk_comic - app.py:582 - INFO - 正在下载第 205/213 页...
2026-02-28 03:30:34 - mkk_comic - app.py:582 - INFO - 正在下载第 206/213 页...
2026-02-28 03:30:34 - mkk_comic - app.py:582 - INFO - 正在下载第 207/213 页...
2026-02-28 03:30:34 - mkk_comic - app.py:582 - INFO - 正在下载第 208/213 页...
2026-02-28 03:30:34 - mkk_comic - app.py:582 - INFO - 正在下载第 209/213 页...
2026-02-28 03:30:34 - mkk_comic - app.py:582 - INFO - 正在下载第 210/213 页...
2026-02-28 03:30:34 - mkk_comic - app.py:582 - INFO - 正在下载第 211/213 页...
2026-02-28 03:30:34 - mkk_comic - app.py:582 - INFO - 正在下载第 212/213 页...
2026-02-28 03:30:34 - mkk_comic - app.py:582 - INFO - 正在下载第 213/213 页...
2026-02-28 03:30:34 - mkk_comic - app.py:511 - INFO - 下载完成!
2026-02-28 03:30:34 - mkk_comic - app.py:512 - INFO - 成功下载: 213/213 页
2026-02-28 03:30:34 - mkk_comic - app.py:838 - INFO - 【电锯人】上次下载至第89章
2026-02-28 03:30:34 - mkk_comic - app.py:845 - INFO - 【电锯人】检测到更新！最新：255章
2026-02-28 03:30:34 - mkk_comic - app.py:848 - INFO - 【电锯人】最大下载限制为5章-需下载90~94章）
2026-02-28 03:30:35 - mkk_comic - app.py:494 - INFO - 正在下载第90章: 第80话    UUID:7ce2880a-ed2f-11ea-9970-00163e0ca5bd
2026-02-28 03:30:36 - mkk_comic - app.py:502 - INFO - 创建目录: ./out/電鋸人/第80话
2026-02-28 03:30:36 - mkk_comic - app.py:505 - INFO - 开始下载: 電鋸人 - 第80话
2026-02-28 03:30:36 - mkk_comic - app.py:506 - INFO - 总页数: 21
2026-02-28 03:30:36 - mkk_comic - app.py:582 - INFO - 正在下载第 001/021 页...
2026-02-28 03:30:36 - mkk_comic - app.py:582 - INFO - 正在下载第 002/021 页...
2026-02-28 03:30:36 - mkk_comic - app.py:582 - INFO - 正在下载第 003/021 页...
2026-02-28 03:30:36 - mkk_comic - app.py:582 - INFO - 正在下载第 004/021 页...
2026-02-28 03:30:36 - mkk_comic - app.py:582 - INFO - 正在下载第 005/021 页...
2026-02-28 03:30:36 - mkk_comic - app.py:582 - INFO - 正在下载第 006/021 页...
2026-02-28 03:30:36 - mkk_comic - app.py:582 - INFO - 正在下载第 007/021 页...
2026-02-28 03:30:36 - mkk_comic - app.py:582 - INFO - 正在下载第 008/021 页...
2026-02-28 03:30:36 - mkk_comic - app.py:582 - INFO - 正在下载第 009/021 页...
2026-02-28 03:30:36 - mkk_comic - app.py:582 - INFO - 正在下载第 010/021 页...
2026-02-28 03:30:36 - mkk_comic - app.py:582 - INFO - 正在下载第 011/021 页...
2026-02-28 03:30:36 - mkk_comic - app.py:582 - INFO - 正在下载第 012/021 页...
2026-02-28 03:30:36 - mkk_comic - app.py:582 - INFO - 正在下载第 013/021 页...
2026-02-28 03:30:36 - mkk_comic - app.py:582 - INFO - 正在下载第 014/021 页...
2026-02-28 03:30:36 - mkk_comic - app.py:582 - INFO - 正在下载第 015/021 页...
2026-02-28 03:30:36 - mkk_comic - app.py:582 - INFO - 正在下载第 016/021 页...
2026-02-28 03:30:36 - mkk_comic - app.py:582 - INFO - 正在下载第 017/021 页...
2026-02-28 03:30:36 - mkk_comic - app.py:582 - INFO - 正在下载第 018/021 页...
2026-02-28 03:30:36 - mkk_comic - app.py:582 - INFO - 正在下载第 019/021 页...
2026-02-28 03:30:36 - mkk_comic - app.py:582 - INFO - 正在下载第 020/021 页...
2026-02-28 03:30:36 - mkk_comic - app.py:582 - INFO - 正在下载第 021/021 页...
2026-02-28 03:30:36 - mkk_comic - app.py:511 - INFO - 下载完成!
2026-02-28 03:30:36 - mkk_comic - app.py:512 - INFO - 成功下载: 21/21 页
2026-02-28 03:30:37 - mkk_comic - app.py:494 - INFO - 正在下载第91章: 第81话    UUID:7ce2b258-ed2f-11ea-9970-00163e0ca5bd
2026-02-28 03:30:37 - mkk_comic - app.py:502 - INFO - 创建目录: ./out/電鋸人/第81话
2026-02-28 03:30:37 - mkk_comic - app.py:505 - INFO - 开始下载: 電鋸人 - 第81话
2026-02-28 03:30:37 - mkk_comic - app.py:506 - INFO - 总页数: 18
2026-02-28 03:30:37 - mkk_comic - app.py:582 - INFO - 正在下载第 001/018 页...
2026-02-28 03:30:37 - mkk_comic - app.py:582 - INFO - 正在下载第 002/018 页...
2026-02-28 03:30:37 - mkk_comic - app.py:582 - INFO - 正在下载第 003/018 页...
2026-02-28 03:30:37 - mkk_comic - app.py:582 - INFO - 正在下载第 004/018 页...
2026-02-28 03:30:37 - mkk_comic - app.py:582 - INFO - 正在下载第 005/018 页...
2026-02-28 03:30:37 - mkk_comic - app.py:582 - INFO - 正在下载第 006/018 页...
2026-02-28 03:30:37 - mkk_comic - app.py:582 - INFO - 正在下载第 007/018 页...
2026-02-28 03:30:37 - mkk_comic - app.py:582 - INFO - 正在下载第 008/018 页...
2026-02-28 03:30:37 - mkk_comic - app.py:582 - INFO - 正在下载第 009/018 页...
2026-02-28 03:30:38 - mkk_comic - app.py:582 - INFO - 正在下载第 010/018 页...
2026-02-28 03:30:38 - mkk_comic - app.py:582 - INFO - 正在下载第 011/018 页...
2026-02-28 03:30:38 - mkk_comic - app.py:582 - INFO - 正在下载第 012/018 页...
2026-02-28 03:30:38 - mkk_comic - app.py:582 - INFO - 正在下载第 013/018 页...
2026-02-28 03:30:38 - mkk_comic - app.py:582 - INFO - 正在下载第 014/018 页...
2026-02-28 03:30:38 - mkk_comic - app.py:582 - INFO - 正在下载第 015/018 页...
2026-02-28 03:30:38 - mkk_comic - app.py:582 - INFO - 正在下载第 016/018 页...
2026-02-28 03:30:38 - mkk_comic - app.py:582 - INFO - 正在下载第 017/018 页...
2026-02-28 03:30:38 - mkk_comic - app.py:582 - INFO - 正在下载第 018/018 页...
2026-02-28 03:30:38 - mkk_comic - app.py:511 - INFO - 下载完成!
2026-02-28 03:30:38 - mkk_comic - app.py:512 - INFO - 成功下载: 18/18 页
2026-02-28 03:30:38 - mkk_comic - app.py:494 - INFO - 正在下载第92章: 第82话    UUID:7ce2da76-ed2f-11ea-9970-00163e0ca5bd
2026-02-28 03:30:39 - mkk_comic - app.py:502 - INFO - 创建目录: ./out/電鋸人/第82话
2026-02-28 03:30:39 - mkk_comic - app.py:505 - INFO - 开始下载: 電鋸人 - 第82话
2026-02-28 03:30:39 - mkk_comic - app.py:506 - INFO - 总页数: 19
2026-02-28 03:30:39 - mkk_comic - app.py:582 - INFO - 正在下载第 001/019 页...
2026-02-28 03:30:39 - mkk_comic - app.py:582 - INFO - 正在下载第 002/019 页...
2026-02-28 03:30:39 - mkk_comic - app.py:582 - INFO - 正在下载第 003/019 页...
2026-02-28 03:30:39 - mkk_comic - app.py:582 - INFO - 正在下载第 004/019 页...
2026-02-28 03:30:39 - mkk_comic - app.py:582 - INFO - 正在下载第 005/019 页...
2026-02-28 03:30:39 - mkk_comic - app.py:582 - INFO - 正在下载第 006/019 页...
2026-02-28 03:30:39 - mkk_comic - app.py:582 - INFO - 正在下载第 007/019 页...
2026-02-28 03:30:39 - mkk_comic - app.py:582 - INFO - 正在下载第 008/019 页...
2026-02-28 03:30:39 - mkk_comic - app.py:582 - INFO - 正在下载第 009/019 页...
2026-02-28 03:30:39 - mkk_comic - app.py:582 - INFO - 正在下载第 010/019 页...
2026-02-28 03:30:39 - mkk_comic - app.py:582 - INFO - 正在下载第 011/019 页...
2026-02-28 03:30:39 - mkk_comic - app.py:582 - INFO - 正在下载第 012/019 页...
2026-02-28 03:30:39 - mkk_comic - app.py:582 - INFO - 正在下载第 013/019 页...
2026-02-28 03:30:39 - mkk_comic - app.py:582 - INFO - 正在下载第 014/019 页...
2026-02-28 03:30:39 - mkk_comic - app.py:582 - INFO - 正在下载第 015/019 页...
2026-02-28 03:30:39 - mkk_comic - app.py:582 - INFO - 正在下载第 016/019 页...
2026-02-28 03:30:39 - mkk_comic - app.py:582 - INFO - 正在下载第 017/019 页...
2026-02-28 03:30:39 - mkk_comic - app.py:582 - INFO - 正在下载第 018/019 页...
2026-02-28 03:30:39 - mkk_comic - app.py:582 - INFO - 正在下载第 019/019 页...
2026-02-28 03:30:39 - mkk_comic - app.py:511 - INFO - 下载完成!
2026-02-28 03:30:39 - mkk_comic - app.py:512 - INFO - 成功下载: 19/19 页
2026-02-28 03:30:40 - mkk_comic - app.py:494 - INFO - 正在下载第93章: 第83话    UUID:97a39fd8-f1c8-11ea-9080-00163e0ca5bd
2026-02-28 03:30:41 - mkk_comic - app.py:502 - INFO - 创建目录: ./out/電鋸人/第83话
2026-02-28 03:30:41 - mkk_comic - app.py:505 - INFO - 开始下载: 電鋸人 - 第83话
2026-02-28 03:30:41 - mkk_comic - app.py:506 - INFO - 总页数: 17
2026-02-28 03:30:41 - mkk_comic - app.py:582 - INFO - 正在下载第 001/017 页...
2026-02-28 03:30:41 - mkk_comic - app.py:582 - INFO - 正在下载第 002/017 页...
2026-02-28 03:30:41 - mkk_comic - app.py:582 - INFO - 正在下载第 003/017 页...
2026-02-28 03:30:41 - mkk_comic - app.py:582 - INFO - 正在下载第 004/017 页...
2026-02-28 03:30:41 - mkk_comic - app.py:582 - INFO - 正在下载第 005/017 页...
2026-02-28 03:30:41 - mkk_comic - app.py:582 - INFO - 正在下载第 006/017 页...
2026-02-28 03:30:41 - mkk_comic - app.py:582 - INFO - 正在下载第 007/017 页...
2026-02-28 03:30:41 - mkk_comic - app.py:582 - INFO - 正在下载第 008/017 页...
2026-02-28 03:30:41 - mkk_comic - app.py:582 - INFO - 正在下载第 009/017 页...
2026-02-28 03:30:41 - mkk_comic - app.py:582 - INFO - 正在下载第 010/017 页...
2026-02-28 03:30:41 - mkk_comic - app.py:582 - INFO - 正在下载第 011/017 页...
2026-02-28 03:30:41 - mkk_comic - app.py:582 - INFO - 正在下载第 012/017 页...
2026-02-28 03:30:41 - mkk_comic - app.py:582 - INFO - 正在下载第 013/017 页...
2026-02-28 03:30:41 - mkk_comic - app.py:582 - INFO - 正在下载第 014/017 页...
2026-02-28 03:30:41 - mkk_comic - app.py:582 - INFO - 正在下载第 015/017 页...
2026-02-28 03:30:41 - mkk_comic - app.py:582 - INFO - 正在下载第 016/017 页...
2026-02-28 03:30:41 - mkk_comic - app.py:582 - INFO - 正在下载第 017/017 页...
2026-02-28 03:30:41 - mkk_comic - app.py:511 - INFO - 下载完成!
2026-02-28 03:30:41 - mkk_comic - app.py:512 - INFO - 成功下载: 17/17 页
2026-02-28 03:30:42 - mkk_comic - app.py:494 - INFO - 正在下载第94章: 第84话    UUID:9c18546a-fb45-11ea-a747-00163e0ca5bd
2026-02-28 03:30:42 - mkk_comic - app.py:502 - INFO - 创建目录: ./out/電鋸人/第84话
2026-02-28 03:30:42 - mkk_comic - app.py:505 - INFO - 开始下载: 電鋸人 - 第84话
2026-02-28 03:30:42 - mkk_comic - app.py:506 - INFO - 总页数: 19
2026-02-28 03:30:42 - mkk_comic - app.py:582 - INFO - 正在下载第 001/019 页...
2026-02-28 03:30:42 - mkk_comic - app.py:582 - INFO - 正在下载第 002/019 页...
2026-02-28 03:30:42 - mkk_comic - app.py:582 - INFO - 正在下载第 003/019 页...
2026-02-28 03:30:42 - mkk_comic - app.py:582 - INFO - 正在下载第 004/019 页...
2026-02-28 03:30:42 - mkk_comic - app.py:582 - INFO - 正在下载第 005/019 页...
2026-02-28 03:30:42 - mkk_comic - app.py:582 - INFO - 正在下载第 006/019 页...
2026-02-28 03:30:42 - mkk_comic - app.py:582 - INFO - 正在下载第 007/019 页...
2026-02-28 03:30:42 - mkk_comic - app.py:582 - INFO - 正在下载第 008/019 页...
2026-02-28 03:30:42 - mkk_comic - app.py:582 - INFO - 正在下载第 009/019 页...
2026-02-28 03:30:42 - mkk_comic - app.py:582 - INFO - 正在下载第 010/019 页...
2026-02-28 03:30:42 - mkk_comic - app.py:582 - INFO - 正在下载第 011/019 页...
2026-02-28 03:30:42 - mkk_comic - app.py:582 - INFO - 正在下载第 012/019 页...
2026-02-28 03:30:42 - mkk_comic - app.py:582 - INFO - 正在下载第 013/019 页...
2026-02-28 03:30:42 - mkk_comic - app.py:582 - INFO - 正在下载第 014/019 页...
2026-02-28 03:30:43 - mkk_comic - app.py:582 - INFO - 正在下载第 015/019 页...
2026-02-28 03:30:43 - mkk_comic - app.py:582 - INFO - 正在下载第 016/019 页...
2026-02-28 03:30:43 - mkk_comic - app.py:582 - INFO - 正在下载第 017/019 页...
2026-02-28 03:30:43 - mkk_comic - app.py:582 - INFO - 正在下载第 018/019 页...
2026-02-28 03:30:43 - mkk_comic - app.py:582 - INFO - 正在下载第 019/019 页...
2026-02-28 03:30:43 - mkk_comic - app.py:511 - INFO - 下载完成!
2026-02-28 03:30:43 - mkk_comic - app.py:512 - INFO - 成功下载: 19/19 页
2026-02-28 03:30:43 - mkk_comic - app.py:858 - INFO - ===== 检查更新完成 =====

