2025-12-28 03:25:18 - mkk_comic - app.py:863 - INFO - 运行环境：GitHub Actions（自动化模式）
2025-12-28 03:25:18 - mkk_comic - app.py:820 - INFO - ===== 开始检查更新=====
2025-12-28 03:25:18 - mkk_comic - app.py:838 - INFO - 【海贼王】上次下载至第42章
2025-12-28 03:25:19 - mkk_comic - app.py:845 - INFO - 【海贼王】检测到更新！最新：374章
2025-12-28 03:25:19 - mkk_comic - app.py:848 - INFO - 【海贼王】最大下载限制为5章-需下载43~47章）
2025-12-28 03:25:20 - mkk_comic - app.py:494 - INFO - 正在下载第43章: 43卷    UUID:10de8ad8-c7d8-11e8-882e-024352452ce0
2025-12-28 03:25:20 - mkk_comic - app.py:502 - INFO - 创建目录: ./out/海贼王/43卷
2025-12-28 03:25:20 - mkk_comic - app.py:505 - INFO - 开始下载: 海贼王 - 43卷
2025-12-28 03:25:20 - mkk_comic - app.py:506 - INFO - 总页数: 211
2025-12-28 03:25:20 - mkk_comic - app.py:582 - INFO - 正在下载第 001/211 页...
2025-12-28 03:25:20 - mkk_comic - app.py:582 - INFO - 正在下载第 002/211 页...
2025-12-28 03:25:20 - mkk_comic - app.py:582 - INFO - 正在下载第 003/211 页...
2025-12-28 03:25:20 - mkk_comic - app.py:582 - INFO - 正在下载第 004/211 页...
2025-12-28 03:25:20 - mkk_comic - app.py:582 - INFO - 正在下载第 005/211 页...
2025-12-28 03:25:21 - mkk_comic - app.py:582 - INFO - 正在下载第 006/211 页...
2025-12-28 03:25:21 - mkk_comic - app.py:582 - INFO - 正在下载第 007/211 页...
2025-12-28 03:25:21 - mkk_comic - app.py:582 - INFO - 正在下载第 008/211 页...
2025-12-28 03:25:21 - mkk_comic - app.py:582 - INFO - 正在下载第 009/211 页...
2025-12-28 03:25:21 - mkk_comic - app.py:582 - INFO - 正在下载第 010/211 页...
2025-12-28 03:25:21 - mkk_comic - app.py:582 - INFO - 正在下载第 011/211 页...
2025-12-28 03:25:21 - mkk_comic - app.py:582 - INFO - 正在下载第 012/211 页...
2025-12-28 03:25:21 - mkk_comic - app.py:582 - INFO - 正在下载第 013/211 页...
2025-12-28 03:25:21 - mkk_comic - app.py:582 - INFO - 正在下载第 014/211 页...
2025-12-28 03:25:21 - mkk_comic - app.py:582 - INFO - 正在下载第 015/211 页...
2025-12-28 03:25:21 - mkk_comic - app.py:582 - INFO - 正在下载第 016/211 页...
2025-12-28 03:25:21 - mkk_comic - app.py:582 - INFO - 正在下载第 017/211 页...
2025-12-28 03:25:21 - mkk_comic - app.py:582 - INFO - 正在下载第 018/211 页...
2025-12-28 03:25:21 - mkk_comic - app.py:582 - INFO - 正在下载第 019/211 页...
2025-12-28 03:25:21 - mkk_comic - app.py:582 - INFO - 正在下载第 020/211 页...
2025-12-28 03:25:21 - mkk_comic - app.py:582 - INFO - 正在下载第 021/211 页...
2025-12-28 03:25:21 - mkk_comic - app.py:582 - INFO - 正在下载第 022/211 页...
2025-12-28 03:25:21 - mkk_comic - app.py:582 - INFO - 正在下载第 023/211 页...
2025-12-28 03:25:21 - mkk_comic - app.py:582 - INFO - 正在下载第 024/211 页...
2025-12-28 03:25:21 - mkk_comic - app.py:582 - INFO - 正在下载第 025/211 页...
2025-12-28 03:25:21 - mkk_comic - app.py:582 - INFO - 正在下载第 026/211 页...
2025-12-28 03:25:21 - mkk_comic - app.py:582 - INFO - 正在下载第 027/211 页...
2025-12-28 03:25:21 - mkk_comic - app.py:582 - INFO - 正在下载第 028/211 页...
2025-12-28 03:25:21 - mkk_comic - app.py:582 - INFO - 正在下载第 029/211 页...
2025-12-28 03:25:21 - mkk_comic - app.py:582 - INFO - 正在下载第 030/211 页...
2025-12-28 03:25:21 - mkk_comic - app.py:582 - INFO - 正在下载第 031/211 页...
2025-12-28 03:25:21 - mkk_comic - app.py:582 - INFO - 正在下载第 032/211 页...
2025-12-28 03:25:21 - mkk_comic - app.py:582 - INFO - 正在下载第 033/211 页...
2025-12-28 03:25:21 - mkk_comic - app.py:582 - INFO - 正在下载第 034/211 页...
2025-12-28 03:25:21 - mkk_comic - app.py:582 - INFO - 正在下载第 035/211 页...
2025-12-28 03:25:21 - mkk_comic - app.py:582 - INFO - 正在下载第 036/211 页...
2025-12-28 03:25:21 - mkk_comic - app.py:582 - INFO - 正在下载第 037/211 页...
2025-12-28 03:25:21 - mkk_comic - app.py:582 - INFO - 正在下载第 038/211 页...
2025-12-28 03:25:21 - mkk_comic - app.py:582 - INFO - 正在下载第 039/211 页...
2025-12-28 03:25:21 - mkk_comic - app.py:582 - INFO - 正在下载第 040/211 页...
2025-12-28 03:25:21 - mkk_comic - app.py:582 - INFO - 正在下载第 041/211 页...
2025-12-28 03:25:21 - mkk_comic - app.py:582 - INFO - 正在下载第 042/211 页...
2025-12-28 03:25:21 - mkk_comic - app.py:582 - INFO - 正在下载第 043/211 页...
2025-12-28 03:25:21 - mkk_comic - app.py:582 - INFO - 正在下载第 044/211 页...
2025-12-28 03:25:21 - mkk_comic - app.py:582 - INFO - 正在下载第 045/211 页...
2025-12-28 03:25:21 - mkk_comic - app.py:582 - INFO - 正在下载第 046/211 页...
2025-12-28 03:25:21 - mkk_comic - app.py:582 - INFO - 正在下载第 047/211 页...
2025-12-28 03:25:21 - mkk_comic - app.py:582 - INFO - 正在下载第 048/211 页...
2025-12-28 03:25:21 - mkk_comic - app.py:582 - INFO - 正在下载第 049/211 页...
2025-12-28 03:25:21 - mkk_comic - app.py:582 - INFO - 正在下载第 050/211 页...
2025-12-28 03:25:21 - mkk_comic - app.py:582 - INFO - 正在下载第 051/211 页...
2025-12-28 03:25:21 - mkk_comic - app.py:582 - INFO - 正在下载第 052/211 页...
2025-12-28 03:25:21 - mkk_comic - app.py:582 - INFO - 正在下载第 053/211 页...
2025-12-28 03:25:22 - mkk_comic - app.py:582 - INFO - 正在下载第 054/211 页...
2025-12-28 03:25:22 - mkk_comic - app.py:582 - INFO - 正在下载第 055/211 页...
2025-12-28 03:25:22 - mkk_comic - app.py:582 - INFO - 正在下载第 056/211 页...
2025-12-28 03:25:22 - mkk_comic - app.py:582 - INFO - 正在下载第 057/211 页...
2025-12-28 03:25:22 - mkk_comic - app.py:582 - INFO - 正在下载第 058/211 页...
2025-12-28 03:25:22 - mkk_comic - app.py:582 - INFO - 正在下载第 059/211 页...
2025-12-28 03:25:22 - mkk_comic - app.py:582 - INFO - 正在下载第 060/211 页...
2025-12-28 03:25:22 - mkk_comic - app.py:582 - INFO - 正在下载第 061/211 页...
2025-12-28 03:25:22 - mkk_comic - app.py:582 - INFO - 正在下载第 062/211 页...
2025-12-28 03:25:22 - mkk_comic - app.py:582 - INFO - 正在下载第 063/211 页...
2025-12-28 03:25:22 - mkk_comic - app.py:582 - INFO - 正在下载第 064/211 页...
2025-12-28 03:25:22 - mkk_comic - app.py:582 - INFO - 正在下载第 065/211 页...
2025-12-28 03:25:22 - mkk_comic - app.py:582 - INFO - 正在下载第 066/211 页...
2025-12-28 03:25:22 - mkk_comic - app.py:582 - INFO - 正在下载第 067/211 页...
2025-12-28 03:25:22 - mkk_comic - app.py:582 - INFO - 正在下载第 068/211 页...
2025-12-28 03:25:22 - mkk_comic - app.py:582 - INFO - 正在下载第 069/211 页...
2025-12-28 03:25:22 - mkk_comic - app.py:582 - INFO - 正在下载第 070/211 页...
2025-12-28 03:25:22 - mkk_comic - app.py:582 - INFO - 正在下载第 071/211 页...
2025-12-28 03:25:22 - mkk_comic - app.py:582 - INFO - 正在下载第 072/211 页...
2025-12-28 03:25:22 - mkk_comic - app.py:582 - INFO - 正在下载第 073/211 页...
2025-12-28 03:25:22 - mkk_comic - app.py:582 - INFO - 正在下载第 074/211 页...
2025-12-28 03:25:22 - mkk_comic - app.py:582 - INFO - 正在下载第 075/211 页...
2025-12-28 03:25:22 - mkk_comic - app.py:582 - INFO - 正在下载第 076/211 页...
2025-12-28 03:25:22 - mkk_comic - app.py:582 - INFO - 正在下载第 077/211 页...
2025-12-28 03:25:22 - mkk_comic - app.py:582 - INFO - 正在下载第 078/211 页...
2025-12-28 03:25:22 - mkk_comic - app.py:582 - INFO - 正在下载第 079/211 页...
2025-12-28 03:25:22 - mkk_comic - app.py:582 - INFO - 正在下载第 080/211 页...
2025-12-28 03:25:22 - mkk_comic - app.py:582 - INFO - 正在下载第 081/211 页...
2025-12-28 03:25:22 - mkk_comic - app.py:582 - INFO - 正在下载第 082/211 页...
2025-12-28 03:25:22 - mkk_comic - app.py:582 - INFO - 正在下载第 083/211 页...
2025-12-28 03:25:22 - mkk_comic - app.py:582 - INFO - 正在下载第 084/211 页...
2025-12-28 03:25:22 - mkk_comic - app.py:582 - INFO - 正在下载第 085/211 页...
2025-12-28 03:25:22 - mkk_comic - app.py:582 - INFO - 正在下载第 086/211 页...
2025-12-28 03:25:22 - mkk_comic - app.py:582 - INFO - 正在下载第 087/211 页...
2025-12-28 03:25:22 - mkk_comic - app.py:582 - INFO - 正在下载第 088/211 页...
2025-12-28 03:25:22 - mkk_comic - app.py:582 - INFO - 正在下载第 089/211 页...
2025-12-28 03:25:22 - mkk_comic - app.py:582 - INFO - 正在下载第 090/211 页...
2025-12-28 03:25:22 - mkk_comic - app.py:582 - INFO - 正在下载第 091/211 页...
2025-12-28 03:25:22 - mkk_comic - app.py:582 - INFO - 正在下载第 092/211 页...
2025-12-28 03:25:22 - mkk_comic - app.py:582 - INFO - 正在下载第 093/211 页...
2025-12-28 03:25:22 - mkk_comic - app.py:582 - INFO - 正在下载第 094/211 页...
2025-12-28 03:25:22 - mkk_comic - app.py:582 - INFO - 正在下载第 095/211 页...
2025-12-28 03:25:22 - mkk_comic - app.py:582 - INFO - 正在下载第 096/211 页...
2025-12-28 03:25:22 - mkk_comic - app.py:582 - INFO - 正在下载第 097/211 页...
2025-12-28 03:25:22 - mkk_comic - app.py:582 - INFO - 正在下载第 098/211 页...
2025-12-28 03:25:22 - mkk_comic - app.py:582 - INFO - 正在下载第 099/211 页...
2025-12-28 03:25:22 - mkk_comic - app.py:582 - INFO - 正在下载第 100/211 页...
2025-12-28 03:25:22 - mkk_comic - app.py:582 - INFO - 正在下载第 101/211 页...
2025-12-28 03:25:22 - mkk_comic - app.py:582 - INFO - 正在下载第 102/211 页...
2025-12-28 03:25:22 - mkk_comic - app.py:582 - INFO - 正在下载第 103/211 页...
2025-12-28 03:25:22 - mkk_comic - app.py:582 - INFO - 正在下载第 104/211 页...
2025-12-28 03:25:22 - mkk_comic - app.py:582 - INFO - 正在下载第 105/211 页...
2025-12-28 03:25:23 - mkk_comic - app.py:582 - INFO - 正在下载第 106/211 页...
2025-12-28 03:25:23 - mkk_comic - app.py:582 - INFO - 正在下载第 107/211 页...
2025-12-28 03:25:23 - mkk_comic - app.py:582 - INFO - 正在下载第 108/211 页...
2025-12-28 03:25:23 - mkk_comic - app.py:582 - INFO - 正在下载第 109/211 页...
2025-12-28 03:25:23 - mkk_comic - app.py:582 - INFO - 正在下载第 110/211 页...
2025-12-28 03:25:23 - mkk_comic - app.py:582 - INFO - 正在下载第 111/211 页...
2025-12-28 03:25:23 - mkk_comic - app.py:582 - INFO - 正在下载第 112/211 页...
2025-12-28 03:25:23 - mkk_comic - app.py:582 - INFO - 正在下载第 113/211 页...
2025-12-28 03:25:23 - mkk_comic - app.py:582 - INFO - 正在下载第 114/211 页...
2025-12-28 03:25:23 - mkk_comic - app.py:582 - INFO - 正在下载第 115/211 页...
2025-12-28 03:25:23 - mkk_comic - app.py:582 - INFO - 正在下载第 116/211 页...
2025-12-28 03:25:23 - mkk_comic - app.py:582 - INFO - 正在下载第 117/211 页...
2025-12-28 03:25:23 - mkk_comic - app.py:582 - INFO - 正在下载第 118/211 页...
2025-12-28 03:25:23 - mkk_comic - app.py:582 - INFO - 正在下载第 119/211 页...
2025-12-28 03:25:23 - mkk_comic - app.py:582 - INFO - 正在下载第 120/211 页...
2025-12-28 03:25:23 - mkk_comic - app.py:582 - INFO - 正在下载第 121/211 页...
2025-12-28 03:25:23 - mkk_comic - app.py:582 - INFO - 正在下载第 122/211 页...
2025-12-28 03:25:23 - mkk_comic - app.py:582 - INFO - 正在下载第 123/211 页...
2025-12-28 03:25:23 - mkk_comic - app.py:582 - INFO - 正在下载第 124/211 页...
2025-12-28 03:25:23 - mkk_comic - app.py:582 - INFO - 正在下载第 125/211 页...
2025-12-28 03:25:23 - mkk_comic - app.py:582 - INFO - 正在下载第 126/211 页...
2025-12-28 03:25:23 - mkk_comic - app.py:582 - INFO - 正在下载第 127/211 页...
2025-12-28 03:25:23 - mkk_comic - app.py:582 - INFO - 正在下载第 128/211 页...
2025-12-28 03:25:23 - mkk_comic - app.py:582 - INFO - 正在下载第 129/211 页...
2025-12-28 03:25:23 - mkk_comic - app.py:582 - INFO - 正在下载第 130/211 页...
2025-12-28 03:25:23 - mkk_comic - app.py:582 - INFO - 正在下载第 131/211 页...
2025-12-28 03:25:23 - mkk_comic - app.py:582 - INFO - 正在下载第 132/211 页...
2025-12-28 03:25:23 - mkk_comic - app.py:582 - INFO - 正在下载第 133/211 页...
2025-12-28 03:25:23 - mkk_comic - app.py:582 - INFO - 正在下载第 134/211 页...
2025-12-28 03:25:23 - mkk_comic - app.py:582 - INFO - 正在下载第 135/211 页...
2025-12-28 03:25:23 - mkk_comic - app.py:582 - INFO - 正在下载第 136/211 页...
2025-12-28 03:25:23 - mkk_comic - app.py:582 - INFO - 正在下载第 137/211 页...
2025-12-28 03:25:23 - mkk_comic - app.py:582 - INFO - 正在下载第 138/211 页...
2025-12-28 03:25:23 - mkk_comic - app.py:582 - INFO - 正在下载第 139/211 页...
2025-12-28 03:25:23 - mkk_comic - app.py:582 - INFO - 正在下载第 140/211 页...
2025-12-28 03:25:23 - mkk_comic - app.py:582 - INFO - 正在下载第 141/211 页...
2025-12-28 03:25:23 - mkk_comic - app.py:582 - INFO - 正在下载第 142/211 页...
2025-12-28 03:25:23 - mkk_comic - app.py:582 - INFO - 正在下载第 143/211 页...
2025-12-28 03:25:23 - mkk_comic - app.py:582 - INFO - 正在下载第 144/211 页...
2025-12-28 03:25:23 - mkk_comic - app.py:582 - INFO - 正在下载第 145/211 页...
2025-12-28 03:25:23 - mkk_comic - app.py:582 - INFO - 正在下载第 146/211 页...
2025-12-28 03:25:23 - mkk_comic - app.py:582 - INFO - 正在下载第 147/211 页...
2025-12-28 03:25:23 - mkk_comic - app.py:582 - INFO - 正在下载第 148/211 页...
2025-12-28 03:25:23 - mkk_comic - app.py:582 - INFO - 正在下载第 149/211 页...
2025-12-28 03:25:23 - mkk_comic - app.py:582 - INFO - 正在下载第 150/211 页...
2025-12-28 03:25:23 - mkk_comic - app.py:582 - INFO - 正在下载第 151/211 页...
2025-12-28 03:25:23 - mkk_comic - app.py:582 - INFO - 正在下载第 152/211 页...
2025-12-28 03:25:23 - mkk_comic - app.py:582 - INFO - 正在下载第 153/211 页...
2025-12-28 03:25:23 - mkk_comic - app.py:582 - INFO - 正在下载第 154/211 页...
2025-12-28 03:25:23 - mkk_comic - app.py:582 - INFO - 正在下载第 155/211 页...
2025-12-28 03:25:23 - mkk_comic - app.py:582 - INFO - 正在下载第 156/211 页...
2025-12-28 03:25:24 - mkk_comic - app.py:582 - INFO - 正在下载第 157/211 页...
2025-12-28 03:25:24 - mkk_comic - app.py:582 - INFO - 正在下载第 158/211 页...
2025-12-28 03:25:24 - mkk_comic - app.py:582 - INFO - 正在下载第 159/211 页...
2025-12-28 03:25:24 - mkk_comic - app.py:582 - INFO - 正在下载第 160/211 页...
2025-12-28 03:25:24 - mkk_comic - app.py:582 - INFO - 正在下载第 161/211 页...
2025-12-28 03:25:24 - mkk_comic - app.py:582 - INFO - 正在下载第 162/211 页...
2025-12-28 03:25:24 - mkk_comic - app.py:582 - INFO - 正在下载第 163/211 页...
2025-12-28 03:25:24 - mkk_comic - app.py:582 - INFO - 正在下载第 164/211 页...
2025-12-28 03:25:24 - mkk_comic - app.py:582 - INFO - 正在下载第 165/211 页...
2025-12-28 03:25:24 - mkk_comic - app.py:582 - INFO - 正在下载第 166/211 页...
2025-12-28 03:25:24 - mkk_comic - app.py:582 - INFO - 正在下载第 167/211 页...
2025-12-28 03:25:24 - mkk_comic - app.py:582 - INFO - 正在下载第 168/211 页...
2025-12-28 03:25:24 - mkk_comic - app.py:582 - INFO - 正在下载第 169/211 页...
2025-12-28 03:25:24 - mkk_comic - app.py:582 - INFO - 正在下载第 170/211 页...
2025-12-28 03:25:24 - mkk_comic - app.py:582 - INFO - 正在下载第 171/211 页...
2025-12-28 03:25:24 - mkk_comic - app.py:582 - INFO - 正在下载第 172/211 页...
2025-12-28 03:25:24 - mkk_comic - app.py:582 - INFO - 正在下载第 173/211 页...
2025-12-28 03:25:24 - mkk_comic - app.py:582 - INFO - 正在下载第 174/211 页...
2025-12-28 03:25:24 - mkk_comic - app.py:582 - INFO - 正在下载第 175/211 页...
2025-12-28 03:25:24 - mkk_comic - app.py:582 - INFO - 正在下载第 176/211 页...
2025-12-28 03:25:24 - mkk_comic - app.py:582 - INFO - 正在下载第 177/211 页...
2025-12-28 03:25:24 - mkk_comic - app.py:582 - INFO - 正在下载第 178/211 页...
2025-12-28 03:25:24 - mkk_comic - app.py:582 - INFO - 正在下载第 179/211 页...
2025-12-28 03:25:24 - mkk_comic - app.py:582 - INFO - 正在下载第 180/211 页...
2025-12-28 03:25:24 - mkk_comic - app.py:582 - INFO - 正在下载第 181/211 页...
2025-12-28 03:25:24 - mkk_comic - app.py:582 - INFO - 正在下载第 182/211 页...
2025-12-28 03:25:24 - mkk_comic - app.py:582 - INFO - 正在下载第 183/211 页...
2025-12-28 03:25:24 - mkk_comic - app.py:582 - INFO - 正在下载第 184/211 页...
2025-12-28 03:25:24 - mkk_comic - app.py:582 - INFO - 正在下载第 185/211 页...
2025-12-28 03:25:24 - mkk_comic - app.py:582 - INFO - 正在下载第 186/211 页...
2025-12-28 03:25:24 - mkk_comic - app.py:582 - INFO - 正在下载第 187/211 页...
2025-12-28 03:25:24 - mkk_comic - app.py:582 - INFO - 正在下载第 188/211 页...
2025-12-28 03:25:24 - mkk_comic - app.py:582 - INFO - 正在下载第 189/211 页...
2025-12-28 03:25:24 - mkk_comic - app.py:582 - INFO - 正在下载第 190/211 页...
2025-12-28 03:25:24 - mkk_comic - app.py:582 - INFO - 正在下载第 191/211 页...
2025-12-28 03:25:24 - mkk_comic - app.py:582 - INFO - 正在下载第 192/211 页...
2025-12-28 03:25:24 - mkk_comic - app.py:582 - INFO - 正在下载第 193/211 页...
2025-12-28 03:25:24 - mkk_comic - app.py:582 - INFO - 正在下载第 194/211 页...
2025-12-28 03:25:24 - mkk_comic - app.py:582 - INFO - 正在下载第 195/211 页...
2025-12-28 03:25:24 - mkk_comic - app.py:582 - INFO - 正在下载第 196/211 页...
2025-12-28 03:25:24 - mkk_comic - app.py:582 - INFO - 正在下载第 197/211 页...
2025-12-28 03:25:24 - mkk_comic - app.py:582 - INFO - 正在下载第 198/211 页...
2025-12-28 03:25:24 - mkk_comic - app.py:582 - INFO - 正在下载第 199/211 页...
2025-12-28 03:25:24 - mkk_comic - app.py:582 - INFO - 正在下载第 200/211 页...
2025-12-28 03:25:24 - mkk_comic - app.py:582 - INFO - 正在下载第 201/211 页...
2025-12-28 03:25:24 - mkk_comic - app.py:582 - INFO - 正在下载第 202/211 页...
2025-12-28 03:25:24 - mkk_comic - app.py:582 - INFO - 正在下载第 203/211 页...
2025-12-28 03:25:24 - mkk_comic - app.py:582 - INFO - 正在下载第 204/211 页...
2025-12-28 03:25:24 - mkk_comic - app.py:582 - INFO - 正在下载第 205/211 页...
2025-12-28 03:25:24 - mkk_comic - app.py:582 - INFO - 正在下载第 206/211 页...
2025-12-28 03:25:25 - mkk_comic - app.py:582 - INFO - 正在下载第 207/211 页...
2025-12-28 03:25:25 - mkk_comic - app.py:582 - INFO - 正在下载第 208/211 页...
2025-12-28 03:25:25 - mkk_comic - app.py:582 - INFO - 正在下载第 209/211 页...
2025-12-28 03:25:25 - mkk_comic - app.py:582 - INFO - 正在下载第 210/211 页...
2025-12-28 03:25:25 - mkk_comic - app.py:582 - INFO - 正在下载第 211/211 页...
2025-12-28 03:25:25 - mkk_comic - app.py:511 - INFO - 下载完成!
2025-12-28 03:25:25 - mkk_comic - app.py:512 - INFO - 成功下载: 211/211 页
2025-12-28 03:25:25 - mkk_comic - app.py:494 - INFO - 正在下载第44章: 44卷    UUID:09fd34fc-c7c0-11e8-8821-024352452ce0
2025-12-28 03:25:26 - mkk_comic - app.py:502 - INFO - 创建目录: ./out/海贼王/44卷
2025-12-28 03:25:26 - mkk_comic - app.py:505 - INFO - 开始下载: 海贼王 - 44卷
2025-12-28 03:25:26 - mkk_comic - app.py:506 - INFO - 总页数: 217
2025-12-28 03:25:26 - mkk_comic - app.py:582 - INFO - 正在下载第 001/217 页...
2025-12-28 03:25:26 - mkk_comic - app.py:582 - INFO - 正在下载第 002/217 页...
2025-12-28 03:25:26 - mkk_comic - app.py:582 - INFO - 正在下载第 003/217 页...
2025-12-28 03:25:26 - mkk_comic - app.py:582 - INFO - 正在下载第 004/217 页...
2025-12-28 03:25:26 - mkk_comic - app.py:582 - INFO - 正在下载第 005/217 页...
2025-12-28 03:25:26 - mkk_comic - app.py:582 - INFO - 正在下载第 006/217 页...
2025-12-28 03:25:26 - mkk_comic - app.py:582 - INFO - 正在下载第 007/217 页...
2025-12-28 03:25:26 - mkk_comic - app.py:582 - INFO - 正在下载第 008/217 页...
2025-12-28 03:25:26 - mkk_comic - app.py:582 - INFO - 正在下载第 009/217 页...
2025-12-28 03:25:26 - mkk_comic - app.py:582 - INFO - 正在下载第 010/217 页...
2025-12-28 03:25:26 - mkk_comic - app.py:582 - INFO - 正在下载第 011/217 页...
2025-12-28 03:25:26 - mkk_comic - app.py:582 - INFO - 正在下载第 012/217 页...
2025-12-28 03:25:26 - mkk_comic - app.py:582 - INFO - 正在下载第 013/217 页...
2025-12-28 03:25:26 - mkk_comic - app.py:582 - INFO - 正在下载第 014/217 页...
2025-12-28 03:25:26 - mkk_comic - app.py:582 - INFO - 正在下载第 015/217 页...
2025-12-28 03:25:26 - mkk_comic - app.py:582 - INFO - 正在下载第 016/217 页...
2025-12-28 03:25:26 - mkk_comic - app.py:582 - INFO - 正在下载第 017/217 页...
2025-12-28 03:25:26 - mkk_comic - app.py:582 - INFO - 正在下载第 018/217 页...
2025-12-28 03:25:26 - mkk_comic - app.py:582 - INFO - 正在下载第 019/217 页...
2025-12-28 03:25:26 - mkk_comic - app.py:582 - INFO - 正在下载第 020/217 页...
2025-12-28 03:25:26 - mkk_comic - app.py:582 - INFO - 正在下载第 021/217 页...
2025-12-28 03:25:26 - mkk_comic - app.py:582 - INFO - 正在下载第 022/217 页...
2025-12-28 03:25:27 - mkk_comic - app.py:582 - INFO - 正在下载第 023/217 页...
2025-12-28 03:25:27 - mkk_comic - app.py:582 - INFO - 正在下载第 024/217 页...
2025-12-28 03:25:27 - mkk_comic - app.py:582 - INFO - 正在下载第 025/217 页...
2025-12-28 03:25:27 - mkk_comic - app.py:582 - INFO - 正在下载第 026/217 页...
2025-12-28 03:25:27 - mkk_comic - app.py:582 - INFO - 正在下载第 027/217 页...
2025-12-28 03:25:27 - mkk_comic - app.py:582 - INFO - 正在下载第 028/217 页...
2025-12-28 03:25:27 - mkk_comic - app.py:582 - INFO - 正在下载第 029/217 页...
2025-12-28 03:25:27 - mkk_comic - app.py:582 - INFO - 正在下载第 030/217 页...
2025-12-28 03:25:27 - mkk_comic - app.py:582 - INFO - 正在下载第 031/217 页...
2025-12-28 03:25:27 - mkk_comic - app.py:582 - INFO - 正在下载第 032/217 页...
2025-12-28 03:25:27 - mkk_comic - app.py:582 - INFO - 正在下载第 033/217 页...
2025-12-28 03:25:27 - mkk_comic - app.py:582 - INFO - 正在下载第 034/217 页...
2025-12-28 03:25:27 - mkk_comic - app.py:582 - INFO - 正在下载第 035/217 页...
2025-12-28 03:25:27 - mkk_comic - app.py:582 - INFO - 正在下载第 036/217 页...
2025-12-28 03:25:27 - mkk_comic - app.py:582 - INFO - 正在下载第 037/217 页...
2025-12-28 03:25:27 - mkk_comic - app.py:582 - INFO - 正在下载第 038/217 页...
2025-12-28 03:25:27 - mkk_comic - app.py:582 - INFO - 正在下载第 039/217 页...
2025-12-28 03:25:27 - mkk_comic - app.py:582 - INFO - 正在下载第 040/217 页...
2025-12-28 03:25:27 - mkk_comic - app.py:582 - INFO - 正在下载第 041/217 页...
2025-12-28 03:25:27 - mkk_comic - app.py:582 - INFO - 正在下载第 042/217 页...
2025-12-28 03:25:27 - mkk_comic - app.py:582 - INFO - 正在下载第 043/217 页...
2025-12-28 03:25:27 - mkk_comic - app.py:582 - INFO - 正在下载第 044/217 页...
2025-12-28 03:25:27 - mkk_comic - app.py:582 - INFO - 正在下载第 045/217 页...
2025-12-28 03:25:27 - mkk_comic - app.py:582 - INFO - 正在下载第 046/217 页...
2025-12-28 03:25:27 - mkk_comic - app.py:582 - INFO - 正在下载第 047/217 页...
2025-12-28 03:25:27 - mkk_comic - app.py:582 - INFO - 正在下载第 048/217 页...
2025-12-28 03:25:27 - mkk_comic - app.py:582 - INFO - 正在下载第 049/217 页...
2025-12-28 03:25:27 - mkk_comic - app.py:582 - INFO - 正在下载第 050/217 页...
2025-12-28 03:25:27 - mkk_comic - app.py:582 - INFO - 正在下载第 051/217 页...
2025-12-28 03:25:27 - mkk_comic - app.py:582 - INFO - 正在下载第 052/217 页...
2025-12-28 03:25:27 - mkk_comic - app.py:582 - INFO - 正在下载第 053/217 页...
2025-12-28 03:25:27 - mkk_comic - app.py:582 - INFO - 正在下载第 054/217 页...
2025-12-28 03:25:27 - mkk_comic - app.py:582 - INFO - 正在下载第 055/217 页...
2025-12-28 03:25:27 - mkk_comic - app.py:582 - INFO - 正在下载第 056/217 页...
2025-12-28 03:25:27 - mkk_comic - app.py:582 - INFO - 正在下载第 057/217 页...
2025-12-28 03:25:27 - mkk_comic - app.py:582 - INFO - 正在下载第 058/217 页...
2025-12-28 03:25:27 - mkk_comic - app.py:582 - INFO - 正在下载第 059/217 页...
2025-12-28 03:25:27 - mkk_comic - app.py:582 - INFO - 正在下载第 060/217 页...
2025-12-28 03:25:27 - mkk_comic - app.py:582 - INFO - 正在下载第 061/217 页...
2025-12-28 03:25:27 - mkk_comic - app.py:582 - INFO - 正在下载第 062/217 页...
2025-12-28 03:25:27 - mkk_comic - app.py:582 - INFO - 正在下载第 063/217 页...
2025-12-28 03:25:27 - mkk_comic - app.py:582 - INFO - 正在下载第 064/217 页...
2025-12-28 03:25:27 - mkk_comic - app.py:582 - INFO - 正在下载第 065/217 页...
2025-12-28 03:25:27 - mkk_comic - app.py:582 - INFO - 正在下载第 066/217 页...
2025-12-28 03:25:27 - mkk_comic - app.py:582 - INFO - 正在下载第 067/217 页...
2025-12-28 03:25:27 - mkk_comic - app.py:582 - INFO - 正在下载第 068/217 页...
2025-12-28 03:25:27 - mkk_comic - app.py:582 - INFO - 正在下载第 069/217 页...
2025-12-28 03:25:27 - mkk_comic - app.py:582 - INFO - 正在下载第 070/217 页...
2025-12-28 03:25:27 - mkk_comic - app.py:582 - INFO - 正在下载第 071/217 页...
2025-12-28 03:25:28 - mkk_comic - app.py:582 - INFO - 正在下载第 072/217 页...
2025-12-28 03:25:28 - mkk_comic - app.py:582 - INFO - 正在下载第 073/217 页...
2025-12-28 03:25:28 - mkk_comic - app.py:582 - INFO - 正在下载第 074/217 页...
2025-12-28 03:25:28 - mkk_comic - app.py:582 - INFO - 正在下载第 075/217 页...
2025-12-28 03:25:28 - mkk_comic - app.py:582 - INFO - 正在下载第 076/217 页...
2025-12-28 03:25:28 - mkk_comic - app.py:582 - INFO - 正在下载第 077/217 页...
2025-12-28 03:25:28 - mkk_comic - app.py:582 - INFO - 正在下载第 078/217 页...
2025-12-28 03:25:28 - mkk_comic - app.py:582 - INFO - 正在下载第 079/217 页...
2025-12-28 03:25:28 - mkk_comic - app.py:582 - INFO - 正在下载第 080/217 页...
2025-12-28 03:25:28 - mkk_comic - app.py:582 - INFO - 正在下载第 081/217 页...
2025-12-28 03:25:28 - mkk_comic - app.py:582 - INFO - 正在下载第 082/217 页...
2025-12-28 03:25:28 - mkk_comic - app.py:582 - INFO - 正在下载第 083/217 页...
2025-12-28 03:25:28 - mkk_comic - app.py:582 - INFO - 正在下载第 084/217 页...
2025-12-28 03:25:28 - mkk_comic - app.py:582 - INFO - 正在下载第 085/217 页...
2025-12-28 03:25:28 - mkk_comic - app.py:582 - INFO - 正在下载第 086/217 页...
2025-12-28 03:25:28 - mkk_comic - app.py:582 - INFO - 正在下载第 087/217 页...
2025-12-28 03:25:28 - mkk_comic - app.py:582 - INFO - 正在下载第 088/217 页...
2025-12-28 03:25:28 - mkk_comic - app.py:582 - INFO - 正在下载第 089/217 页...
2025-12-28 03:25:28 - mkk_comic - app.py:582 - INFO - 正在下载第 090/217 页...
2025-12-28 03:25:28 - mkk_comic - app.py:582 - INFO - 正在下载第 091/217 页...
2025-12-28 03:25:28 - mkk_comic - app.py:582 - INFO - 正在下载第 092/217 页...
2025-12-28 03:25:28 - mkk_comic - app.py:582 - INFO - 正在下载第 093/217 页...
2025-12-28 03:25:28 - mkk_comic - app.py:582 - INFO - 正在下载第 094/217 页...
2025-12-28 03:25:28 - mkk_comic - app.py:582 - INFO - 正在下载第 095/217 页...
2025-12-28 03:25:28 - mkk_comic - app.py:582 - INFO - 正在下载第 096/217 页...
2025-12-28 03:25:28 - mkk_comic - app.py:582 - INFO - 正在下载第 097/217 页...
2025-12-28 03:25:28 - mkk_comic - app.py:582 - INFO - 正在下载第 098/217 页...
2025-12-28 03:25:28 - mkk_comic - app.py:582 - INFO - 正在下载第 099/217 页...
2025-12-28 03:25:28 - mkk_comic - app.py:582 - INFO - 正在下载第 100/217 页...
2025-12-28 03:25:28 - mkk_comic - app.py:582 - INFO - 正在下载第 101/217 页...
2025-12-28 03:25:28 - mkk_comic - app.py:582 - INFO - 正在下载第 102/217 页...
2025-12-28 03:25:28 - mkk_comic - app.py:582 - INFO - 正在下载第 103/217 页...
2025-12-28 03:25:28 - mkk_comic - app.py:582 - INFO - 正在下载第 104/217 页...
2025-12-28 03:25:28 - mkk_comic - app.py:582 - INFO - 正在下载第 105/217 页...
2025-12-28 03:25:28 - mkk_comic - app.py:582 - INFO - 正在下载第 106/217 页...
2025-12-28 03:25:28 - mkk_comic - app.py:582 - INFO - 正在下载第 107/217 页...
2025-12-28 03:25:28 - mkk_comic - app.py:582 - INFO - 正在下载第 108/217 页...
2025-12-28 03:25:28 - mkk_comic - app.py:582 - INFO - 正在下载第 109/217 页...
2025-12-28 03:25:28 - mkk_comic - app.py:582 - INFO - 正在下载第 110/217 页...
2025-12-28 03:25:28 - mkk_comic - app.py:582 - INFO - 正在下载第 111/217 页...
2025-12-28 03:25:28 - mkk_comic - app.py:582 - INFO - 正在下载第 112/217 页...
2025-12-28 03:25:28 - mkk_comic - app.py:582 - INFO - 正在下载第 113/217 页...
2025-12-28 03:25:28 - mkk_comic - app.py:582 - INFO - 正在下载第 114/217 页...
2025-12-28 03:25:28 - mkk_comic - app.py:582 - INFO - 正在下载第 115/217 页...
2025-12-28 03:25:28 - mkk_comic - app.py:582 - INFO - 正在下载第 116/217 页...
2025-12-28 03:25:28 - mkk_comic - app.py:582 - INFO - 正在下载第 117/217 页...
2025-12-28 03:25:28 - mkk_comic - app.py:582 - INFO - 正在下载第 118/217 页...
2025-12-28 03:25:28 - mkk_comic - app.py:582 - INFO - 正在下载第 119/217 页...
2025-12-28 03:25:28 - mkk_comic - app.py:582 - INFO - 正在下载第 120/217 页...
2025-12-28 03:25:28 - mkk_comic - app.py:582 - INFO - 正在下载第 121/217 页...
2025-12-28 03:25:28 - mkk_comic - app.py:582 - INFO - 正在下载第 122/217 页...
2025-12-28 03:25:29 - mkk_comic - app.py:582 - INFO - 正在下载第 123/217 页...
2025-12-28 03:25:29 - mkk_comic - app.py:582 - INFO - 正在下载第 124/217 页...
2025-12-28 03:25:29 - mkk_comic - app.py:582 - INFO - 正在下载第 125/217 页...
2025-12-28 03:25:29 - mkk_comic - app.py:582 - INFO - 正在下载第 126/217 页...
2025-12-28 03:25:29 - mkk_comic - app.py:582 - INFO - 正在下载第 127/217 页...
2025-12-28 03:25:29 - mkk_comic - app.py:582 - INFO - 正在下载第 128/217 页...
2025-12-28 03:25:29 - mkk_comic - app.py:582 - INFO - 正在下载第 129/217 页...
2025-12-28 03:25:29 - mkk_comic - app.py:582 - INFO - 正在下载第 130/217 页...
2025-12-28 03:25:29 - mkk_comic - app.py:582 - INFO - 正在下载第 131/217 页...
2025-12-28 03:25:29 - mkk_comic - app.py:582 - INFO - 正在下载第 132/217 页...
2025-12-28 03:25:29 - mkk_comic - app.py:582 - INFO - 正在下载第 133/217 页...
2025-12-28 03:25:29 - mkk_comic - app.py:582 - INFO - 正在下载第 134/217 页...
2025-12-28 03:25:29 - mkk_comic - app.py:582 - INFO - 正在下载第 135/217 页...
2025-12-28 03:25:29 - mkk_comic - app.py:582 - INFO - 正在下载第 136/217 页...
2025-12-28 03:25:29 - mkk_comic - app.py:582 - INFO - 正在下载第 137/217 页...
2025-12-28 03:25:29 - mkk_comic - app.py:582 - INFO - 正在下载第 138/217 页...
2025-12-28 03:25:29 - mkk_comic - app.py:582 - INFO - 正在下载第 139/217 页...
2025-12-28 03:25:29 - mkk_comic - app.py:582 - INFO - 正在下载第 140/217 页...
2025-12-28 03:25:29 - mkk_comic - app.py:582 - INFO - 正在下载第 141/217 页...
2025-12-28 03:25:29 - mkk_comic - app.py:582 - INFO - 正在下载第 142/217 页...
2025-12-28 03:25:29 - mkk_comic - app.py:582 - INFO - 正在下载第 143/217 页...
2025-12-28 03:25:29 - mkk_comic - app.py:582 - INFO - 正在下载第 144/217 页...
2025-12-28 03:25:29 - mkk_comic - app.py:582 - INFO - 正在下载第 145/217 页...
2025-12-28 03:25:29 - mkk_comic - app.py:582 - INFO - 正在下载第 146/217 页...
2025-12-28 03:25:29 - mkk_comic - app.py:582 - INFO - 正在下载第 147/217 页...
2025-12-28 03:25:29 - mkk_comic - app.py:582 - INFO - 正在下载第 148/217 页...
2025-12-28 03:25:29 - mkk_comic - app.py:582 - INFO - 正在下载第 149/217 页...
2025-12-28 03:25:29 - mkk_comic - app.py:582 - INFO - 正在下载第 150/217 页...
2025-12-28 03:25:29 - mkk_comic - app.py:582 - INFO - 正在下载第 151/217 页...
2025-12-28 03:25:29 - mkk_comic - app.py:582 - INFO - 正在下载第 152/217 页...
2025-12-28 03:25:29 - mkk_comic - app.py:582 - INFO - 正在下载第 153/217 页...
2025-12-28 03:25:29 - mkk_comic - app.py:582 - INFO - 正在下载第 154/217 页...
2025-12-28 03:25:29 - mkk_comic - app.py:582 - INFO - 正在下载第 155/217 页...
2025-12-28 03:25:29 - mkk_comic - app.py:582 - INFO - 正在下载第 156/217 页...
2025-12-28 03:25:29 - mkk_comic - app.py:582 - INFO - 正在下载第 157/217 页...
2025-12-28 03:25:29 - mkk_comic - app.py:582 - INFO - 正在下载第 158/217 页...
2025-12-28 03:25:29 - mkk_comic - app.py:582 - INFO - 正在下载第 159/217 页...
2025-12-28 03:25:29 - mkk_comic - app.py:582 - INFO - 正在下载第 160/217 页...
2025-12-28 03:25:29 - mkk_comic - app.py:582 - INFO - 正在下载第 161/217 页...
2025-12-28 03:25:29 - mkk_comic - app.py:582 - INFO - 正在下载第 162/217 页...
2025-12-28 03:25:29 - mkk_comic - app.py:582 - INFO - 正在下载第 163/217 页...
2025-12-28 03:25:29 - mkk_comic - app.py:582 - INFO - 正在下载第 164/217 页...
2025-12-28 03:25:29 - mkk_comic - app.py:582 - INFO - 正在下载第 165/217 页...
2025-12-28 03:25:29 - mkk_comic - app.py:582 - INFO - 正在下载第 166/217 页...
2025-12-28 03:25:29 - mkk_comic - app.py:582 - INFO - 正在下载第 167/217 页...
2025-12-28 03:25:29 - mkk_comic - app.py:582 - INFO - 正在下载第 168/217 页...
2025-12-28 03:25:29 - mkk_comic - app.py:582 - INFO - 正在下载第 169/217 页...
2025-12-28 03:25:29 - mkk_comic - app.py:582 - INFO - 正在下载第 170/217 页...
2025-12-28 03:25:29 - mkk_comic - app.py:582 - INFO - 正在下载第 171/217 页...
2025-12-28 03:25:29 - mkk_comic - app.py:582 - INFO - 正在下载第 172/217 页...
2025-12-28 03:25:29 - mkk_comic - app.py:582 - INFO - 正在下载第 173/217 页...
2025-12-28 03:25:29 - mkk_comic - app.py:582 - INFO - 正在下载第 174/217 页...
2025-12-28 03:25:30 - mkk_comic - app.py:582 - INFO - 正在下载第 175/217 页...
2025-12-28 03:25:30 - mkk_comic - app.py:582 - INFO - 正在下载第 176/217 页...
2025-12-28 03:25:30 - mkk_comic - app.py:582 - INFO - 正在下载第 177/217 页...
2025-12-28 03:25:30 - mkk_comic - app.py:582 - INFO - 正在下载第 178/217 页...
2025-12-28 03:25:30 - mkk_comic - app.py:582 - INFO - 正在下载第 179/217 页...
2025-12-28 03:25:30 - mkk_comic - app.py:582 - INFO - 正在下载第 180/217 页...
2025-12-28 03:25:30 - mkk_comic - app.py:582 - INFO - 正在下载第 181/217 页...
2025-12-28 03:25:30 - mkk_comic - app.py:582 - INFO - 正在下载第 182/217 页...
2025-12-28 03:25:30 - mkk_comic - app.py:582 - INFO - 正在下载第 183/217 页...
2025-12-28 03:25:30 - mkk_comic - app.py:582 - INFO - 正在下载第 184/217 页...
2025-12-28 03:25:30 - mkk_comic - app.py:582 - INFO - 正在下载第 185/217 页...
2025-12-28 03:25:30 - mkk_comic - app.py:582 - INFO - 正在下载第 186/217 页...
2025-12-28 03:25:30 - mkk_comic - app.py:582 - INFO - 正在下载第 187/217 页...
2025-12-28 03:25:30 - mkk_comic - app.py:582 - INFO - 正在下载第 188/217 页...
2025-12-28 03:25:30 - mkk_comic - app.py:582 - INFO - 正在下载第 189/217 页...
2025-12-28 03:25:30 - mkk_comic - app.py:582 - INFO - 正在下载第 190/217 页...
2025-12-28 03:25:30 - mkk_comic - app.py:582 - INFO - 正在下载第 191/217 页...
2025-12-28 03:25:30 - mkk_comic - app.py:582 - INFO - 正在下载第 192/217 页...
2025-12-28 03:25:30 - mkk_comic - app.py:582 - INFO - 正在下载第 193/217 页...
2025-12-28 03:25:30 - mkk_comic - app.py:582 - INFO - 正在下载第 194/217 页...
2025-12-28 03:25:30 - mkk_comic - app.py:582 - INFO - 正在下载第 195/217 页...
2025-12-28 03:25:30 - mkk_comic - app.py:582 - INFO - 正在下载第 196/217 页...
2025-12-28 03:25:30 - mkk_comic - app.py:582 - INFO - 正在下载第 197/217 页...
2025-12-28 03:25:30 - mkk_comic - app.py:582 - INFO - 正在下载第 198/217 页...
2025-12-28 03:25:30 - mkk_comic - app.py:582 - INFO - 正在下载第 199/217 页...
2025-12-28 03:25:30 - mkk_comic - app.py:582 - INFO - 正在下载第 200/217 页...
2025-12-28 03:25:30 - mkk_comic - app.py:582 - INFO - 正在下载第 201/217 页...
2025-12-28 03:25:30 - mkk_comic - app.py:582 - INFO - 正在下载第 202/217 页...
2025-12-28 03:25:30 - mkk_comic - app.py:582 - INFO - 正在下载第 203/217 页...
2025-12-28 03:25:30 - mkk_comic - app.py:582 - INFO - 正在下载第 204/217 页...
2025-12-28 03:25:30 - mkk_comic - app.py:582 - INFO - 正在下载第 205/217 页...
2025-12-28 03:25:30 - mkk_comic - app.py:582 - INFO - 正在下载第 206/217 页...
2025-12-28 03:25:30 - mkk_comic - app.py:582 - INFO - 正在下载第 207/217 页...
2025-12-28 03:25:30 - mkk_comic - app.py:582 - INFO - 正在下载第 208/217 页...
2025-12-28 03:25:30 - mkk_comic - app.py:582 - INFO - 正在下载第 209/217 页...
2025-12-28 03:25:30 - mkk_comic - app.py:582 - INFO - 正在下载第 210/217 页...
2025-12-28 03:25:30 - mkk_comic - app.py:582 - INFO - 正在下载第 211/217 页...
2025-12-28 03:25:30 - mkk_comic - app.py:582 - INFO - 正在下载第 212/217 页...
2025-12-28 03:25:30 - mkk_comic - app.py:582 - INFO - 正在下载第 213/217 页...
2025-12-28 03:25:30 - mkk_comic - app.py:582 - INFO - 正在下载第 214/217 页...
2025-12-28 03:25:30 - mkk_comic - app.py:582 - INFO - 正在下载第 215/217 页...
2025-12-28 03:25:30 - mkk_comic - app.py:582 - INFO - 正在下载第 216/217 页...
2025-12-28 03:25:30 - mkk_comic - app.py:582 - INFO - 正在下载第 217/217 页...
2025-12-28 03:25:30 - mkk_comic - app.py:511 - INFO - 下载完成!
2025-12-28 03:25:30 - mkk_comic - app.py:512 - INFO - 成功下载: 217/217 页
2025-12-28 03:25:31 - mkk_comic - app.py:494 - INFO - 正在下载第45章: 45卷    UUID:11353334-c7c0-11e8-8821-024352452ce0
2025-12-28 03:25:32 - mkk_comic - app.py:502 - INFO - 创建目录: ./out/海贼王/45卷
2025-12-28 03:25:32 - mkk_comic - app.py:505 - INFO - 开始下载: 海贼王 - 45卷
2025-12-28 03:25:32 - mkk_comic - app.py:506 - INFO - 总页数: 207
2025-12-28 03:25:32 - mkk_comic - app.py:582 - INFO - 正在下载第 001/207 页...
2025-12-28 03:25:32 - mkk_comic - app.py:582 - INFO - 正在下载第 002/207 页...
2025-12-28 03:25:32 - mkk_comic - app.py:582 - INFO - 正在下载第 003/207 页...
2025-12-28 03:25:32 - mkk_comic - app.py:582 - INFO - 正在下载第 004/207 页...
2025-12-28 03:25:32 - mkk_comic - app.py:582 - INFO - 正在下载第 005/207 页...
2025-12-28 03:25:32 - mkk_comic - app.py:582 - INFO - 正在下载第 006/207 页...
2025-12-28 03:25:32 - mkk_comic - app.py:582 - INFO - 正在下载第 007/207 页...
2025-12-28 03:25:32 - mkk_comic - app.py:582 - INFO - 正在下载第 008/207 页...
2025-12-28 03:25:32 - mkk_comic - app.py:582 - INFO - 正在下载第 009/207 页...
2025-12-28 03:25:32 - mkk_comic - app.py:582 - INFO - 正在下载第 010/207 页...
2025-12-28 03:25:32 - mkk_comic - app.py:582 - INFO - 正在下载第 011/207 页...
2025-12-28 03:25:32 - mkk_comic - app.py:582 - INFO - 正在下载第 012/207 页...
2025-12-28 03:25:32 - mkk_comic - app.py:582 - INFO - 正在下载第 013/207 页...
2025-12-28 03:25:32 - mkk_comic - app.py:582 - INFO - 正在下载第 014/207 页...
2025-12-28 03:25:32 - mkk_comic - app.py:582 - INFO - 正在下载第 015/207 页...
2025-12-28 03:25:32 - mkk_comic - app.py:582 - INFO - 正在下载第 016/207 页...
2025-12-28 03:25:32 - mkk_comic - app.py:582 - INFO - 正在下载第 017/207 页...
2025-12-28 03:25:32 - mkk_comic - app.py:582 - INFO - 正在下载第 018/207 页...
2025-12-28 03:25:32 - mkk_comic - app.py:582 - INFO - 正在下载第 019/207 页...
2025-12-28 03:25:32 - mkk_comic - app.py:582 - INFO - 正在下载第 020/207 页...
2025-12-28 03:25:32 - mkk_comic - app.py:582 - INFO - 正在下载第 021/207 页...
2025-12-28 03:25:32 - mkk_comic - app.py:582 - INFO - 正在下载第 022/207 页...
2025-12-28 03:25:32 - mkk_comic - app.py:582 - INFO - 正在下载第 023/207 页...
2025-12-28 03:25:32 - mkk_comic - app.py:582 - INFO - 正在下载第 024/207 页...
2025-12-28 03:25:32 - mkk_comic - app.py:582 - INFO - 正在下载第 025/207 页...
2025-12-28 03:25:32 - mkk_comic - app.py:582 - INFO - 正在下载第 026/207 页...
2025-12-28 03:25:32 - mkk_comic - app.py:582 - INFO - 正在下载第 027/207 页...
2025-12-28 03:25:32 - mkk_comic - app.py:582 - INFO - 正在下载第 028/207 页...
2025-12-28 03:25:32 - mkk_comic - app.py:582 - INFO - 正在下载第 029/207 页...
2025-12-28 03:25:32 - mkk_comic - app.py:582 - INFO - 正在下载第 030/207 页...
2025-12-28 03:25:32 - mkk_comic - app.py:582 - INFO - 正在下载第 031/207 页...
2025-12-28 03:25:32 - mkk_comic - app.py:582 - INFO - 正在下载第 032/207 页...
2025-12-28 03:25:32 - mkk_comic - app.py:582 - INFO - 正在下载第 033/207 页...
2025-12-28 03:25:32 - mkk_comic - app.py:582 - INFO - 正在下载第 034/207 页...
2025-12-28 03:25:32 - mkk_comic - app.py:582 - INFO - 正在下载第 035/207 页...
2025-12-28 03:25:32 - mkk_comic - app.py:582 - INFO - 正在下载第 036/207 页...
2025-12-28 03:25:32 - mkk_comic - app.py:582 - INFO - 正在下载第 037/207 页...
2025-12-28 03:25:32 - mkk_comic - app.py:582 - INFO - 正在下载第 038/207 页...
2025-12-28 03:25:32 - mkk_comic - app.py:582 - INFO - 正在下载第 039/207 页...
2025-12-28 03:25:32 - mkk_comic - app.py:582 - INFO - 正在下载第 040/207 页...
2025-12-28 03:25:32 - mkk_comic - app.py:582 - INFO - 正在下载第 041/207 页...
2025-12-28 03:25:32 - mkk_comic - app.py:582 - INFO - 正在下载第 042/207 页...
2025-12-28 03:25:32 - mkk_comic - app.py:582 - INFO - 正在下载第 043/207 页...
2025-12-28 03:25:32 - mkk_comic - app.py:582 - INFO - 正在下载第 044/207 页...
2025-12-28 03:25:32 - mkk_comic - app.py:582 - INFO - 正在下载第 045/207 页...
2025-12-28 03:25:33 - mkk_comic - app.py:582 - INFO - 正在下载第 046/207 页...
2025-12-28 03:25:33 - mkk_comic - app.py:582 - INFO - 正在下载第 047/207 页...
2025-12-28 03:25:33 - mkk_comic - app.py:582 - INFO - 正在下载第 048/207 页...
2025-12-28 03:25:33 - mkk_comic - app.py:582 - INFO - 正在下载第 049/207 页...
2025-12-28 03:25:33 - mkk_comic - app.py:582 - INFO - 正在下载第 050/207 页...
2025-12-28 03:25:33 - mkk_comic - app.py:582 - INFO - 正在下载第 051/207 页...
2025-12-28 03:25:33 - mkk_comic - app.py:582 - INFO - 正在下载第 052/207 页...
2025-12-28 03:25:33 - mkk_comic - app.py:582 - INFO - 正在下载第 053/207 页...
2025-12-28 03:25:33 - mkk_comic - app.py:582 - INFO - 正在下载第 054/207 页...
2025-12-28 03:25:33 - mkk_comic - app.py:582 - INFO - 正在下载第 055/207 页...
2025-12-28 03:25:33 - mkk_comic - app.py:582 - INFO - 正在下载第 056/207 页...
2025-12-28 03:25:33 - mkk_comic - app.py:582 - INFO - 正在下载第 057/207 页...
2025-12-28 03:25:33 - mkk_comic - app.py:582 - INFO - 正在下载第 058/207 页...
2025-12-28 03:25:33 - mkk_comic - app.py:582 - INFO - 正在下载第 059/207 页...
2025-12-28 03:25:33 - mkk_comic - app.py:582 - INFO - 正在下载第 060/207 页...
2025-12-28 03:25:33 - mkk_comic - app.py:582 - INFO - 正在下载第 061/207 页...
2025-12-28 03:25:33 - mkk_comic - app.py:582 - INFO - 正在下载第 062/207 页...
2025-12-28 03:25:33 - mkk_comic - app.py:582 - INFO - 正在下载第 063/207 页...
2025-12-28 03:25:33 - mkk_comic - app.py:582 - INFO - 正在下载第 064/207 页...
2025-12-28 03:25:33 - mkk_comic - app.py:582 - INFO - 正在下载第 065/207 页...
2025-12-28 03:25:33 - mkk_comic - app.py:582 - INFO - 正在下载第 066/207 页...
2025-12-28 03:25:33 - mkk_comic - app.py:582 - INFO - 正在下载第 067/207 页...
2025-12-28 03:25:33 - mkk_comic - app.py:582 - INFO - 正在下载第 068/207 页...
2025-12-28 03:25:33 - mkk_comic - app.py:582 - INFO - 正在下载第 069/207 页...
2025-12-28 03:25:33 - mkk_comic - app.py:582 - INFO - 正在下载第 070/207 页...
2025-12-28 03:25:33 - mkk_comic - app.py:582 - INFO - 正在下载第 071/207 页...
2025-12-28 03:25:33 - mkk_comic - app.py:582 - INFO - 正在下载第 072/207 页...
2025-12-28 03:25:33 - mkk_comic - app.py:582 - INFO - 正在下载第 073/207 页...
2025-12-28 03:25:33 - mkk_comic - app.py:582 - INFO - 正在下载第 074/207 页...
2025-12-28 03:25:33 - mkk_comic - app.py:582 - INFO - 正在下载第 075/207 页...
2025-12-28 03:25:33 - mkk_comic - app.py:582 - INFO - 正在下载第 076/207 页...
2025-12-28 03:25:33 - mkk_comic - app.py:582 - INFO - 正在下载第 077/207 页...
2025-12-28 03:25:33 - mkk_comic - app.py:582 - INFO - 正在下载第 078/207 页...
2025-12-28 03:25:33 - mkk_comic - app.py:582 - INFO - 正在下载第 079/207 页...
2025-12-28 03:25:33 - mkk_comic - app.py:582 - INFO - 正在下载第 080/207 页...
2025-12-28 03:25:33 - mkk_comic - app.py:582 - INFO - 正在下载第 081/207 页...
2025-12-28 03:25:33 - mkk_comic - app.py:582 - INFO - 正在下载第 082/207 页...
2025-12-28 03:25:33 - mkk_comic - app.py:582 - INFO - 正在下载第 083/207 页...
2025-12-28 03:25:33 - mkk_comic - app.py:582 - INFO - 正在下载第 084/207 页...
2025-12-28 03:25:33 - mkk_comic - app.py:582 - INFO - 正在下载第 085/207 页...
2025-12-28 03:25:33 - mkk_comic - app.py:582 - INFO - 正在下载第 086/207 页...
2025-12-28 03:25:33 - mkk_comic - app.py:582 - INFO - 正在下载第 087/207 页...
2025-12-28 03:25:33 - mkk_comic - app.py:582 - INFO - 正在下载第 088/207 页...
2025-12-28 03:25:33 - mkk_comic - app.py:582 - INFO - 正在下载第 089/207 页...
2025-12-28 03:25:33 - mkk_comic - app.py:582 - INFO - 正在下载第 090/207 页...
2025-12-28 03:25:33 - mkk_comic - app.py:582 - INFO - 正在下载第 091/207 页...
2025-12-28 03:25:33 - mkk_comic - app.py:582 - INFO - 正在下载第 092/207 页...
2025-12-28 03:25:33 - mkk_comic - app.py:582 - INFO - 正在下载第 093/207 页...
2025-12-28 03:25:33 - mkk_comic - app.py:582 - INFO - 正在下载第 094/207 页...
2025-12-28 03:25:33 - mkk_comic - app.py:582 - INFO - 正在下载第 095/207 页...
2025-12-28 03:25:33 - mkk_comic - app.py:582 - INFO - 正在下载第 096/207 页...
2025-12-28 03:25:33 - mkk_comic - app.py:582 - INFO - 正在下载第 097/207 页...
2025-12-28 03:25:33 - mkk_comic - app.py:582 - INFO - 正在下载第 098/207 页...
2025-12-28 03:25:33 - mkk_comic - app.py:582 - INFO - 正在下载第 099/207 页...
2025-12-28 03:25:33 - mkk_comic - app.py:582 - INFO - 正在下载第 100/207 页...
2025-12-28 03:25:34 - mkk_comic - app.py:582 - INFO - 正在下载第 101/207 页...
2025-12-28 03:25:34 - mkk_comic - app.py:582 - INFO - 正在下载第 102/207 页...
2025-12-28 03:25:34 - mkk_comic - app.py:582 - INFO - 正在下载第 103/207 页...
2025-12-28 03:25:34 - mkk_comic - app.py:582 - INFO - 正在下载第 104/207 页...
2025-12-28 03:25:34 - mkk_comic - app.py:582 - INFO - 正在下载第 105/207 页...
2025-12-28 03:25:34 - mkk_comic - app.py:582 - INFO - 正在下载第 106/207 页...
2025-12-28 03:25:34 - mkk_comic - app.py:582 - INFO - 正在下载第 107/207 页...
2025-12-28 03:25:34 - mkk_comic - app.py:582 - INFO - 正在下载第 108/207 页...
2025-12-28 03:25:34 - mkk_comic - app.py:582 - INFO - 正在下载第 109/207 页...
2025-12-28 03:25:34 - mkk_comic - app.py:582 - INFO - 正在下载第 110/207 页...
2025-12-28 03:25:34 - mkk_comic - app.py:582 - INFO - 正在下载第 111/207 页...
2025-12-28 03:25:34 - mkk_comic - app.py:582 - INFO - 正在下载第 112/207 页...
2025-12-28 03:25:34 - mkk_comic - app.py:582 - INFO - 正在下载第 113/207 页...
2025-12-28 03:25:34 - mkk_comic - app.py:582 - INFO - 正在下载第 114/207 页...
2025-12-28 03:25:34 - mkk_comic - app.py:582 - INFO - 正在下载第 115/207 页...
2025-12-28 03:25:34 - mkk_comic - app.py:582 - INFO - 正在下载第 116/207 页...
2025-12-28 03:25:34 - mkk_comic - app.py:582 - INFO - 正在下载第 117/207 页...
2025-12-28 03:25:34 - mkk_comic - app.py:582 - INFO - 正在下载第 118/207 页...
2025-12-28 03:25:34 - mkk_comic - app.py:582 - INFO - 正在下载第 119/207 页...
2025-12-28 03:25:34 - mkk_comic - app.py:582 - INFO - 正在下载第 120/207 页...
2025-12-28 03:25:34 - mkk_comic - app.py:582 - INFO - 正在下载第 121/207 页...
2025-12-28 03:25:34 - mkk_comic - app.py:582 - INFO - 正在下载第 122/207 页...
2025-12-28 03:25:34 - mkk_comic - app.py:582 - INFO - 正在下载第 123/207 页...
2025-12-28 03:25:34 - mkk_comic - app.py:582 - INFO - 正在下载第 124/207 页...
2025-12-28 03:25:34 - mkk_comic - app.py:582 - INFO - 正在下载第 125/207 页...
2025-12-28 03:25:34 - mkk_comic - app.py:582 - INFO - 正在下载第 126/207 页...
2025-12-28 03:25:34 - mkk_comic - app.py:582 - INFO - 正在下载第 127/207 页...
2025-12-28 03:25:34 - mkk_comic - app.py:582 - INFO - 正在下载第 128/207 页...
2025-12-28 03:25:34 - mkk_comic - app.py:582 - INFO - 正在下载第 129/207 页...
2025-12-28 03:25:34 - mkk_comic - app.py:582 - INFO - 正在下载第 130/207 页...
2025-12-28 03:25:34 - mkk_comic - app.py:582 - INFO - 正在下载第 131/207 页...
2025-12-28 03:25:34 - mkk_comic - app.py:582 - INFO - 正在下载第 132/207 页...
2025-12-28 03:25:34 - mkk_comic - app.py:582 - INFO - 正在下载第 133/207 页...
2025-12-28 03:25:34 - mkk_comic - app.py:582 - INFO - 正在下载第 134/207 页...
2025-12-28 03:25:34 - mkk_comic - app.py:582 - INFO - 正在下载第 135/207 页...
2025-12-28 03:25:34 - mkk_comic - app.py:582 - INFO - 正在下载第 136/207 页...
2025-12-28 03:25:34 - mkk_comic - app.py:582 - INFO - 正在下载第 137/207 页...
2025-12-28 03:25:34 - mkk_comic - app.py:582 - INFO - 正在下载第 138/207 页...
2025-12-28 03:25:34 - mkk_comic - app.py:582 - INFO - 正在下载第 139/207 页...
2025-12-28 03:25:34 - mkk_comic - app.py:582 - INFO - 正在下载第 140/207 页...
2025-12-28 03:25:34 - mkk_comic - app.py:582 - INFO - 正在下载第 141/207 页...
2025-12-28 03:25:34 - mkk_comic - app.py:582 - INFO - 正在下载第 142/207 页...
2025-12-28 03:25:34 - mkk_comic - app.py:582 - INFO - 正在下载第 143/207 页...
2025-12-28 03:25:34 - mkk_comic - app.py:582 - INFO - 正在下载第 144/207 页...
2025-12-28 03:25:34 - mkk_comic - app.py:582 - INFO - 正在下载第 145/207 页...
2025-12-28 03:25:34 - mkk_comic - app.py:582 - INFO - 正在下载第 146/207 页...
2025-12-28 03:25:34 - mkk_comic - app.py:582 - INFO - 正在下载第 147/207 页...
2025-12-28 03:25:34 - mkk_comic - app.py:582 - INFO - 正在下载第 148/207 页...
2025-12-28 03:25:34 - mkk_comic - app.py:582 - INFO - 正在下载第 149/207 页...
2025-12-28 03:25:34 - mkk_comic - app.py:582 - INFO - 正在下载第 150/207 页...
2025-12-28 03:25:34 - mkk_comic - app.py:582 - INFO - 正在下载第 151/207 页...
2025-12-28 03:25:34 - mkk_comic - app.py:582 - INFO - 正在下载第 152/207 页...
2025-12-28 03:25:35 - mkk_comic - app.py:582 - INFO - 正在下载第 153/207 页...
2025-12-28 03:25:35 - mkk_comic - app.py:582 - INFO - 正在下载第 154/207 页...
2025-12-28 03:25:35 - mkk_comic - app.py:582 - INFO - 正在下载第 155/207 页...
2025-12-28 03:25:35 - mkk_comic - app.py:582 - INFO - 正在下载第 156/207 页...
2025-12-28 03:25:35 - mkk_comic - app.py:582 - INFO - 正在下载第 157/207 页...
2025-12-28 03:25:35 - mkk_comic - app.py:582 - INFO - 正在下载第 158/207 页...
2025-12-28 03:25:35 - mkk_comic - app.py:582 - INFO - 正在下载第 159/207 页...
2025-12-28 03:25:35 - mkk_comic - app.py:582 - INFO - 正在下载第 160/207 页...
2025-12-28 03:25:35 - mkk_comic - app.py:582 - INFO - 正在下载第 161/207 页...
2025-12-28 03:25:35 - mkk_comic - app.py:582 - INFO - 正在下载第 162/207 页...
2025-12-28 03:25:35 - mkk_comic - app.py:582 - INFO - 正在下载第 163/207 页...
2025-12-28 03:25:35 - mkk_comic - app.py:582 - INFO - 正在下载第 164/207 页...
2025-12-28 03:25:35 - mkk_comic - app.py:582 - INFO - 正在下载第 165/207 页...
2025-12-28 03:25:35 - mkk_comic - app.py:582 - INFO - 正在下载第 166/207 页...
2025-12-28 03:25:35 - mkk_comic - app.py:582 - INFO - 正在下载第 167/207 页...
2025-12-28 03:25:35 - mkk_comic - app.py:582 - INFO - 正在下载第 168/207 页...
2025-12-28 03:25:35 - mkk_comic - app.py:582 - INFO - 正在下载第 169/207 页...
2025-12-28 03:25:35 - mkk_comic - app.py:582 - INFO - 正在下载第 170/207 页...
2025-12-28 03:25:35 - mkk_comic - app.py:582 - INFO - 正在下载第 171/207 页...
2025-12-28 03:25:35 - mkk_comic - app.py:582 - INFO - 正在下载第 172/207 页...
2025-12-28 03:25:35 - mkk_comic - app.py:582 - INFO - 正在下载第 173/207 页...
2025-12-28 03:25:35 - mkk_comic - app.py:582 - INFO - 正在下载第 174/207 页...
2025-12-28 03:25:35 - mkk_comic - app.py:582 - INFO - 正在下载第 175/207 页...
2025-12-28 03:25:35 - mkk_comic - app.py:582 - INFO - 正在下载第 176/207 页...
2025-12-28 03:25:35 - mkk_comic - app.py:582 - INFO - 正在下载第 177/207 页...
2025-12-28 03:25:35 - mkk_comic - app.py:582 - INFO - 正在下载第 178/207 页...
2025-12-28 03:25:35 - mkk_comic - app.py:582 - INFO - 正在下载第 179/207 页...
2025-12-28 03:25:35 - mkk_comic - app.py:582 - INFO - 正在下载第 180/207 页...
2025-12-28 03:25:35 - mkk_comic - app.py:582 - INFO - 正在下载第 181/207 页...
2025-12-28 03:25:35 - mkk_comic - app.py:582 - INFO - 正在下载第 182/207 页...
2025-12-28 03:25:35 - mkk_comic - app.py:582 - INFO - 正在下载第 183/207 页...
2025-12-28 03:25:35 - mkk_comic - app.py:582 - INFO - 正在下载第 184/207 页...
2025-12-28 03:25:35 - mkk_comic - app.py:582 - INFO - 正在下载第 185/207 页...
2025-12-28 03:25:35 - mkk_comic - app.py:582 - INFO - 正在下载第 186/207 页...
2025-12-28 03:25:35 - mkk_comic - app.py:582 - INFO - 正在下载第 187/207 页...
2025-12-28 03:25:35 - mkk_comic - app.py:582 - INFO - 正在下载第 188/207 页...
2025-12-28 03:25:35 - mkk_comic - app.py:582 - INFO - 正在下载第 189/207 页...
2025-12-28 03:25:35 - mkk_comic - app.py:582 - INFO - 正在下载第 190/207 页...
2025-12-28 03:25:35 - mkk_comic - app.py:582 - INFO - 正在下载第 191/207 页...
2025-12-28 03:25:35 - mkk_comic - app.py:582 - INFO - 正在下载第 192/207 页...
2025-12-28 03:25:35 - mkk_comic - app.py:582 - INFO - 正在下载第 193/207 页...
2025-12-28 03:25:35 - mkk_comic - app.py:582 - INFO - 正在下载第 194/207 页...
2025-12-28 03:25:35 - mkk_comic - app.py:582 - INFO - 正在下载第 195/207 页...
2025-12-28 03:25:35 - mkk_comic - app.py:582 - INFO - 正在下载第 196/207 页...
2025-12-28 03:25:35 - mkk_comic - app.py:582 - INFO - 正在下载第 197/207 页...
2025-12-28 03:25:35 - mkk_comic - app.py:582 - INFO - 正在下载第 198/207 页...
2025-12-28 03:25:35 - mkk_comic - app.py:582 - INFO - 正在下载第 199/207 页...
2025-12-28 03:25:35 - mkk_comic - app.py:582 - INFO - 正在下载第 200/207 页...
2025-12-28 03:25:35 - mkk_comic - app.py:582 - INFO - 正在下载第 201/207 页...
2025-12-28 03:25:35 - mkk_comic - app.py:582 - INFO - 正在下载第 202/207 页...
2025-12-28 03:25:35 - mkk_comic - app.py:582 - INFO - 正在下载第 203/207 页...
2025-12-28 03:25:35 - mkk_comic - app.py:582 - INFO - 正在下载第 204/207 页...
2025-12-28 03:25:35 - mkk_comic - app.py:582 - INFO - 正在下载第 205/207 页...
2025-12-28 03:25:35 - mkk_comic - app.py:582 - INFO - 正在下载第 206/207 页...
2025-12-28 03:25:35 - mkk_comic - app.py:582 - INFO - 正在下载第 207/207 页...
2025-12-28 03:25:36 - mkk_comic - app.py:511 - INFO - 下载完成!
2025-12-28 03:25:36 - mkk_comic - app.py:512 - INFO - 成功下载: 207/207 页
2025-12-28 03:25:36 - mkk_comic - app.py:494 - INFO - 正在下载第46章: 46卷    UUID:198c84e7-c7c0-11e8-8821-024352452ce0
2025-12-28 03:25:37 - mkk_comic - app.py:502 - INFO - 创建目录: ./out/海贼王/46卷
2025-12-28 03:25:37 - mkk_comic - app.py:505 - INFO - 开始下载: 海贼王 - 46卷
2025-12-28 03:25:37 - mkk_comic - app.py:506 - INFO - 总页数: 187
2025-12-28 03:25:37 - mkk_comic - app.py:582 - INFO - 正在下载第 001/187 页...
2025-12-28 03:25:37 - mkk_comic - app.py:582 - INFO - 正在下载第 002/187 页...
2025-12-28 03:25:37 - mkk_comic - app.py:582 - INFO - 正在下载第 003/187 页...
2025-12-28 03:25:37 - mkk_comic - app.py:582 - INFO - 正在下载第 004/187 页...
2025-12-28 03:25:37 - mkk_comic - app.py:582 - INFO - 正在下载第 005/187 页...
2025-12-28 03:25:37 - mkk_comic - app.py:582 - INFO - 正在下载第 006/187 页...
2025-12-28 03:25:37 - mkk_comic - app.py:582 - INFO - 正在下载第 007/187 页...
2025-12-28 03:25:37 - mkk_comic - app.py:582 - INFO - 正在下载第 008/187 页...
2025-12-28 03:25:37 - mkk_comic - app.py:582 - INFO - 正在下载第 009/187 页...
2025-12-28 03:25:37 - mkk_comic - app.py:582 - INFO - 正在下载第 010/187 页...
2025-12-28 03:25:37 - mkk_comic - app.py:582 - INFO - 正在下载第 011/187 页...
2025-12-28 03:25:37 - mkk_comic - app.py:582 - INFO - 正在下载第 012/187 页...
2025-12-28 03:25:37 - mkk_comic - app.py:582 - INFO - 正在下载第 013/187 页...
2025-12-28 03:25:37 - mkk_comic - app.py:582 - INFO - 正在下载第 014/187 页...
2025-12-28 03:25:37 - mkk_comic - app.py:582 - INFO - 正在下载第 015/187 页...
2025-12-28 03:25:37 - mkk_comic - app.py:582 - INFO - 正在下载第 016/187 页...
2025-12-28 03:25:37 - mkk_comic - app.py:582 - INFO - 正在下载第 017/187 页...
2025-12-28 03:25:37 - mkk_comic - app.py:582 - INFO - 正在下载第 018/187 页...
2025-12-28 03:25:37 - mkk_comic - app.py:582 - INFO - 正在下载第 019/187 页...
2025-12-28 03:25:37 - mkk_comic - app.py:582 - INFO - 正在下载第 020/187 页...
2025-12-28 03:25:37 - mkk_comic - app.py:582 - INFO - 正在下载第 021/187 页...
2025-12-28 03:25:37 - mkk_comic - app.py:582 - INFO - 正在下载第 022/187 页...
2025-12-28 03:25:37 - mkk_comic - app.py:582 - INFO - 正在下载第 023/187 页...
2025-12-28 03:25:37 - mkk_comic - app.py:582 - INFO - 正在下载第 024/187 页...
2025-12-28 03:25:37 - mkk_comic - app.py:582 - INFO - 正在下载第 025/187 页...
2025-12-28 03:25:37 - mkk_comic - app.py:582 - INFO - 正在下载第 026/187 页...
2025-12-28 03:25:37 - mkk_comic - app.py:582 - INFO - 正在下载第 027/187 页...
2025-12-28 03:25:37 - mkk_comic - app.py:582 - INFO - 正在下载第 028/187 页...
2025-12-28 03:25:37 - mkk_comic - app.py:582 - INFO - 正在下载第 029/187 页...
2025-12-28 03:25:37 - mkk_comic - app.py:582 - INFO - 正在下载第 030/187 页...
2025-12-28 03:25:37 - mkk_comic - app.py:582 - INFO - 正在下载第 031/187 页...
2025-12-28 03:25:37 - mkk_comic - app.py:582 - INFO - 正在下载第 032/187 页...
2025-12-28 03:25:37 - mkk_comic - app.py:582 - INFO - 正在下载第 033/187 页...
2025-12-28 03:25:38 - mkk_comic - app.py:582 - INFO - 正在下载第 034/187 页...
2025-12-28 03:25:38 - mkk_comic - app.py:582 - INFO - 正在下载第 035/187 页...
2025-12-28 03:25:38 - mkk_comic - app.py:582 - INFO - 正在下载第 036/187 页...
2025-12-28 03:25:38 - mkk_comic - app.py:582 - INFO - 正在下载第 037/187 页...
2025-12-28 03:25:38 - mkk_comic - app.py:582 - INFO - 正在下载第 038/187 页...
2025-12-28 03:25:38 - mkk_comic - app.py:582 - INFO - 正在下载第 039/187 页...
2025-12-28 03:25:38 - mkk_comic - app.py:582 - INFO - 正在下载第 040/187 页...
2025-12-28 03:25:38 - mkk_comic - app.py:582 - INFO - 正在下载第 041/187 页...
2025-12-28 03:25:38 - mkk_comic - app.py:582 - INFO - 正在下载第 042/187 页...
2025-12-28 03:25:38 - mkk_comic - app.py:582 - INFO - 正在下载第 043/187 页...
2025-12-28 03:25:38 - mkk_comic - app.py:582 - INFO - 正在下载第 044/187 页...
2025-12-28 03:25:38 - mkk_comic - app.py:582 - INFO - 正在下载第 045/187 页...
2025-12-28 03:25:38 - mkk_comic - app.py:582 - INFO - 正在下载第 046/187 页...
2025-12-28 03:25:38 - mkk_comic - app.py:582 - INFO - 正在下载第 047/187 页...
2025-12-28 03:25:38 - mkk_comic - app.py:582 - INFO - 正在下载第 048/187 页...
2025-12-28 03:25:38 - mkk_comic - app.py:582 - INFO - 正在下载第 049/187 页...
2025-12-28 03:25:38 - mkk_comic - app.py:582 - INFO - 正在下载第 050/187 页...
2025-12-28 03:25:38 - mkk_comic - app.py:582 - INFO - 正在下载第 051/187 页...
2025-12-28 03:25:38 - mkk_comic - app.py:582 - INFO - 正在下载第 052/187 页...
2025-12-28 03:25:38 - mkk_comic - app.py:582 - INFO - 正在下载第 053/187 页...
2025-12-28 03:25:38 - mkk_comic - app.py:582 - INFO - 正在下载第 054/187 页...
2025-12-28 03:25:38 - mkk_comic - app.py:582 - INFO - 正在下载第 055/187 页...
2025-12-28 03:25:38 - mkk_comic - app.py:582 - INFO - 正在下载第 056/187 页...
2025-12-28 03:25:38 - mkk_comic - app.py:582 - INFO - 正在下载第 057/187 页...
2025-12-28 03:25:38 - mkk_comic - app.py:582 - INFO - 正在下载第 058/187 页...
2025-12-28 03:25:38 - mkk_comic - app.py:582 - INFO - 正在下载第 059/187 页...
2025-12-28 03:25:38 - mkk_comic - app.py:582 - INFO - 正在下载第 060/187 页...
2025-12-28 03:25:38 - mkk_comic - app.py:582 - INFO - 正在下载第 061/187 页...
2025-12-28 03:25:38 - mkk_comic - app.py:582 - INFO - 正在下载第 062/187 页...
2025-12-28 03:25:38 - mkk_comic - app.py:582 - INFO - 正在下载第 063/187 页...
2025-12-28 03:25:38 - mkk_comic - app.py:582 - INFO - 正在下载第 064/187 页...
2025-12-28 03:25:38 - mkk_comic - app.py:582 - INFO - 正在下载第 065/187 页...
2025-12-28 03:25:38 - mkk_comic - app.py:582 - INFO - 正在下载第 066/187 页...
2025-12-28 03:25:38 - mkk_comic - app.py:582 - INFO - 正在下载第 067/187 页...
2025-12-28 03:25:38 - mkk_comic - app.py:582 - INFO - 正在下载第 068/187 页...
2025-12-28 03:25:38 - mkk_comic - app.py:582 - INFO - 正在下载第 069/187 页...
2025-12-28 03:25:38 - mkk_comic - app.py:582 - INFO - 正在下载第 070/187 页...
2025-12-28 03:25:38 - mkk_comic - app.py:582 - INFO - 正在下载第 071/187 页...
2025-12-28 03:25:38 - mkk_comic - app.py:582 - INFO - 正在下载第 072/187 页...
2025-12-28 03:25:38 - mkk_comic - app.py:582 - INFO - 正在下载第 073/187 页...
2025-12-28 03:25:38 - mkk_comic - app.py:582 - INFO - 正在下载第 074/187 页...
2025-12-28 03:25:38 - mkk_comic - app.py:582 - INFO - 正在下载第 075/187 页...
2025-12-28 03:25:38 - mkk_comic - app.py:582 - INFO - 正在下载第 076/187 页...
2025-12-28 03:25:38 - mkk_comic - app.py:582 - INFO - 正在下载第 077/187 页...
2025-12-28 03:25:38 - mkk_comic - app.py:582 - INFO - 正在下载第 078/187 页...
2025-12-28 03:25:38 - mkk_comic - app.py:582 - INFO - 正在下载第 079/187 页...
2025-12-28 03:25:38 - mkk_comic - app.py:582 - INFO - 正在下载第 080/187 页...
2025-12-28 03:25:38 - mkk_comic - app.py:582 - INFO - 正在下载第 081/187 页...
2025-12-28 03:25:38 - mkk_comic - app.py:582 - INFO - 正在下载第 082/187 页...
2025-12-28 03:25:38 - mkk_comic - app.py:582 - INFO - 正在下载第 083/187 页...
2025-12-28 03:25:38 - mkk_comic - app.py:582 - INFO - 正在下载第 084/187 页...
2025-12-28 03:25:38 - mkk_comic - app.py:582 - INFO - 正在下载第 085/187 页...
2025-12-28 03:25:39 - mkk_comic - app.py:582 - INFO - 正在下载第 086/187 页...
2025-12-28 03:25:39 - mkk_comic - app.py:582 - INFO - 正在下载第 087/187 页...
2025-12-28 03:25:39 - mkk_comic - app.py:582 - INFO - 正在下载第 088/187 页...
2025-12-28 03:25:39 - mkk_comic - app.py:582 - INFO - 正在下载第 089/187 页...
2025-12-28 03:25:39 - mkk_comic - app.py:582 - INFO - 正在下载第 090/187 页...
2025-12-28 03:25:39 - mkk_comic - app.py:582 - INFO - 正在下载第 091/187 页...
2025-12-28 03:25:39 - mkk_comic - app.py:582 - INFO - 正在下载第 092/187 页...
2025-12-28 03:25:39 - mkk_comic - app.py:582 - INFO - 正在下载第 093/187 页...
2025-12-28 03:25:39 - mkk_comic - app.py:582 - INFO - 正在下载第 094/187 页...
2025-12-28 03:25:39 - mkk_comic - app.py:582 - INFO - 正在下载第 095/187 页...
2025-12-28 03:25:39 - mkk_comic - app.py:582 - INFO - 正在下载第 096/187 页...
2025-12-28 03:25:39 - mkk_comic - app.py:582 - INFO - 正在下载第 097/187 页...
2025-12-28 03:25:39 - mkk_comic - app.py:582 - INFO - 正在下载第 098/187 页...
2025-12-28 03:25:39 - mkk_comic - app.py:582 - INFO - 正在下载第 099/187 页...
2025-12-28 03:25:39 - mkk_comic - app.py:582 - INFO - 正在下载第 100/187 页...
2025-12-28 03:25:39 - mkk_comic - app.py:582 - INFO - 正在下载第 101/187 页...
2025-12-28 03:25:39 - mkk_comic - app.py:582 - INFO - 正在下载第 102/187 页...
2025-12-28 03:25:39 - mkk_comic - app.py:582 - INFO - 正在下载第 103/187 页...
2025-12-28 03:25:39 - mkk_comic - app.py:582 - INFO - 正在下载第 104/187 页...
2025-12-28 03:25:39 - mkk_comic - app.py:582 - INFO - 正在下载第 105/187 页...
2025-12-28 03:25:39 - mkk_comic - app.py:582 - INFO - 正在下载第 106/187 页...
2025-12-28 03:25:39 - mkk_comic - app.py:582 - INFO - 正在下载第 107/187 页...
2025-12-28 03:25:39 - mkk_comic - app.py:582 - INFO - 正在下载第 108/187 页...
2025-12-28 03:25:39 - mkk_comic - app.py:582 - INFO - 正在下载第 109/187 页...
2025-12-28 03:25:39 - mkk_comic - app.py:582 - INFO - 正在下载第 110/187 页...
2025-12-28 03:25:39 - mkk_comic - app.py:582 - INFO - 正在下载第 111/187 页...
2025-12-28 03:25:39 - mkk_comic - app.py:582 - INFO - 正在下载第 112/187 页...
2025-12-28 03:25:39 - mkk_comic - app.py:582 - INFO - 正在下载第 113/187 页...
2025-12-28 03:25:39 - mkk_comic - app.py:582 - INFO - 正在下载第 114/187 页...
2025-12-28 03:25:39 - mkk_comic - app.py:582 - INFO - 正在下载第 115/187 页...
2025-12-28 03:25:39 - mkk_comic - app.py:582 - INFO - 正在下载第 116/187 页...
2025-12-28 03:25:39 - mkk_comic - app.py:582 - INFO - 正在下载第 117/187 页...
2025-12-28 03:25:39 - mkk_comic - app.py:582 - INFO - 正在下载第 118/187 页...
2025-12-28 03:25:39 - mkk_comic - app.py:582 - INFO - 正在下载第 119/187 页...
2025-12-28 03:25:39 - mkk_comic - app.py:582 - INFO - 正在下载第 120/187 页...
2025-12-28 03:25:39 - mkk_comic - app.py:582 - INFO - 正在下载第 121/187 页...
2025-12-28 03:25:39 - mkk_comic - app.py:582 - INFO - 正在下载第 122/187 页...
2025-12-28 03:25:39 - mkk_comic - app.py:582 - INFO - 正在下载第 123/187 页...
2025-12-28 03:25:39 - mkk_comic - app.py:582 - INFO - 正在下载第 124/187 页...
2025-12-28 03:25:39 - mkk_comic - app.py:582 - INFO - 正在下载第 125/187 页...
2025-12-28 03:25:39 - mkk_comic - app.py:582 - INFO - 正在下载第 126/187 页...
2025-12-28 03:25:39 - mkk_comic - app.py:582 - INFO - 正在下载第 127/187 页...
2025-12-28 03:25:39 - mkk_comic - app.py:582 - INFO - 正在下载第 128/187 页...
2025-12-28 03:25:39 - mkk_comic - app.py:582 - INFO - 正在下载第 129/187 页...
2025-12-28 03:25:39 - mkk_comic - app.py:582 - INFO - 正在下载第 130/187 页...
2025-12-28 03:25:39 - mkk_comic - app.py:582 - INFO - 正在下载第 131/187 页...
2025-12-28 03:25:39 - mkk_comic - app.py:582 - INFO - 正在下载第 132/187 页...
2025-12-28 03:25:39 - mkk_comic - app.py:582 - INFO - 正在下载第 133/187 页...
2025-12-28 03:25:39 - mkk_comic - app.py:582 - INFO - 正在下载第 134/187 页...
2025-12-28 03:25:39 - mkk_comic - app.py:582 - INFO - 正在下载第 135/187 页...
2025-12-28 03:25:39 - mkk_comic - app.py:582 - INFO - 正在下载第 136/187 页...
2025-12-28 03:25:39 - mkk_comic - app.py:582 - INFO - 正在下载第 137/187 页...
2025-12-28 03:25:39 - mkk_comic - app.py:582 - INFO - 正在下载第 138/187 页...
2025-12-28 03:25:39 - mkk_comic - app.py:582 - INFO - 正在下载第 139/187 页...
2025-12-28 03:25:40 - mkk_comic - app.py:582 - INFO - 正在下载第 140/187 页...
2025-12-28 03:25:40 - mkk_comic - app.py:582 - INFO - 正在下载第 141/187 页...
2025-12-28 03:25:40 - mkk_comic - app.py:582 - INFO - 正在下载第 142/187 页...
2025-12-28 03:25:40 - mkk_comic - app.py:582 - INFO - 正在下载第 143/187 页...
2025-12-28 03:25:40 - mkk_comic - app.py:582 - INFO - 正在下载第 144/187 页...
2025-12-28 03:25:40 - mkk_comic - app.py:582 - INFO - 正在下载第 145/187 页...
2025-12-28 03:25:40 - mkk_comic - app.py:582 - INFO - 正在下载第 146/187 页...
2025-12-28 03:25:40 - mkk_comic - app.py:582 - INFO - 正在下载第 147/187 页...
2025-12-28 03:25:40 - mkk_comic - app.py:582 - INFO - 正在下载第 148/187 页...
2025-12-28 03:25:40 - mkk_comic - app.py:582 - INFO - 正在下载第 149/187 页...
2025-12-28 03:25:40 - mkk_comic - app.py:582 - INFO - 正在下载第 150/187 页...
2025-12-28 03:25:40 - mkk_comic - app.py:582 - INFO - 正在下载第 151/187 页...
2025-12-28 03:25:40 - mkk_comic - app.py:582 - INFO - 正在下载第 152/187 页...
2025-12-28 03:25:40 - mkk_comic - app.py:582 - INFO - 正在下载第 153/187 页...
2025-12-28 03:25:40 - mkk_comic - app.py:582 - INFO - 正在下载第 154/187 页...
2025-12-28 03:25:40 - mkk_comic - app.py:582 - INFO - 正在下载第 155/187 页...
2025-12-28 03:25:40 - mkk_comic - app.py:582 - INFO - 正在下载第 156/187 页...
2025-12-28 03:25:40 - mkk_comic - app.py:582 - INFO - 正在下载第 157/187 页...
2025-12-28 03:25:40 - mkk_comic - app.py:582 - INFO - 正在下载第 158/187 页...
2025-12-28 03:25:40 - mkk_comic - app.py:582 - INFO - 正在下载第 159/187 页...
2025-12-28 03:25:40 - mkk_comic - app.py:582 - INFO - 正在下载第 160/187 页...
2025-12-28 03:25:40 - mkk_comic - app.py:582 - INFO - 正在下载第 161/187 页...
2025-12-28 03:25:40 - mkk_comic - app.py:582 - INFO - 正在下载第 162/187 页...
2025-12-28 03:25:40 - mkk_comic - app.py:582 - INFO - 正在下载第 163/187 页...
2025-12-28 03:25:40 - mkk_comic - app.py:582 - INFO - 正在下载第 164/187 页...
2025-12-28 03:25:40 - mkk_comic - app.py:582 - INFO - 正在下载第 165/187 页...
2025-12-28 03:25:40 - mkk_comic - app.py:582 - INFO - 正在下载第 166/187 页...
2025-12-28 03:25:40 - mkk_comic - app.py:582 - INFO - 正在下载第 167/187 页...
2025-12-28 03:25:40 - mkk_comic - app.py:582 - INFO - 正在下载第 168/187 页...
2025-12-28 03:25:40 - mkk_comic - app.py:582 - INFO - 正在下载第 169/187 页...
2025-12-28 03:25:40 - mkk_comic - app.py:582 - INFO - 正在下载第 170/187 页...
2025-12-28 03:25:40 - mkk_comic - app.py:582 - INFO - 正在下载第 171/187 页...
2025-12-28 03:25:40 - mkk_comic - app.py:582 - INFO - 正在下载第 172/187 页...
2025-12-28 03:25:40 - mkk_comic - app.py:582 - INFO - 正在下载第 173/187 页...
2025-12-28 03:25:40 - mkk_comic - app.py:582 - INFO - 正在下载第 174/187 页...
2025-12-28 03:25:40 - mkk_comic - app.py:582 - INFO - 正在下载第 175/187 页...
2025-12-28 03:25:40 - mkk_comic - app.py:582 - INFO - 正在下载第 176/187 页...
2025-12-28 03:25:40 - mkk_comic - app.py:582 - INFO - 正在下载第 177/187 页...
2025-12-28 03:25:40 - mkk_comic - app.py:582 - INFO - 正在下载第 178/187 页...
2025-12-28 03:25:40 - mkk_comic - app.py:582 - INFO - 正在下载第 179/187 页...
2025-12-28 03:25:40 - mkk_comic - app.py:582 - INFO - 正在下载第 180/187 页...
2025-12-28 03:25:40 - mkk_comic - app.py:582 - INFO - 正在下载第 181/187 页...
2025-12-28 03:25:40 - mkk_comic - app.py:582 - INFO - 正在下载第 182/187 页...
2025-12-28 03:25:40 - mkk_comic - app.py:582 - INFO - 正在下载第 183/187 页...
2025-12-28 03:25:40 - mkk_comic - app.py:582 - INFO - 正在下载第 184/187 页...
2025-12-28 03:25:40 - mkk_comic - app.py:582 - INFO - 正在下载第 185/187 页...
2025-12-28 03:25:40 - mkk_comic - app.py:582 - INFO - 正在下载第 186/187 页...
2025-12-28 03:25:40 - mkk_comic - app.py:582 - INFO - 正在下载第 187/187 页...
2025-12-28 03:25:40 - mkk_comic - app.py:511 - INFO - 下载完成!
2025-12-28 03:25:40 - mkk_comic - app.py:512 - INFO - 成功下载: 187/187 页
2025-12-28 03:25:41 - mkk_comic - app.py:494 - INFO - 正在下载第47章: 47卷    UUID:2305ba04-c7c0-11e8-8821-024352452ce0
2025-12-28 03:25:42 - mkk_comic - app.py:502 - INFO - 创建目录: ./out/海贼王/47卷
2025-12-28 03:25:42 - mkk_comic - app.py:505 - INFO - 开始下载: 海贼王 - 47卷
2025-12-28 03:25:42 - mkk_comic - app.py:506 - INFO - 总页数: 206
2025-12-28 03:25:42 - mkk_comic - app.py:582 - INFO - 正在下载第 001/206 页...
2025-12-28 03:25:42 - mkk_comic - app.py:582 - INFO - 正在下载第 002/206 页...
2025-12-28 03:25:42 - mkk_comic - app.py:582 - INFO - 正在下载第 003/206 页...
2025-12-28 03:25:42 - mkk_comic - app.py:582 - INFO - 正在下载第 004/206 页...
2025-12-28 03:25:42 - mkk_comic - app.py:582 - INFO - 正在下载第 005/206 页...
2025-12-28 03:25:42 - mkk_comic - app.py:582 - INFO - 正在下载第 006/206 页...
2025-12-28 03:25:42 - mkk_comic - app.py:582 - INFO - 正在下载第 007/206 页...
2025-12-28 03:25:42 - mkk_comic - app.py:582 - INFO - 正在下载第 008/206 页...
2025-12-28 03:25:42 - mkk_comic - app.py:582 - INFO - 正在下载第 009/206 页...
2025-12-28 03:25:42 - mkk_comic - app.py:582 - INFO - 正在下载第 010/206 页...
2025-12-28 03:25:42 - mkk_comic - app.py:582 - INFO - 正在下载第 011/206 页...
2025-12-28 03:25:42 - mkk_comic - app.py:582 - INFO - 正在下载第 012/206 页...
2025-12-28 03:25:42 - mkk_comic - app.py:582 - INFO - 正在下载第 013/206 页...
2025-12-28 03:25:42 - mkk_comic - app.py:582 - INFO - 正在下载第 014/206 页...
2025-12-28 03:25:42 - mkk_comic - app.py:582 - INFO - 正在下载第 015/206 页...
2025-12-28 03:25:42 - mkk_comic - app.py:582 - INFO - 正在下载第 016/206 页...
2025-12-28 03:25:42 - mkk_comic - app.py:582 - INFO - 正在下载第 017/206 页...
2025-12-28 03:25:42 - mkk_comic - app.py:582 - INFO - 正在下载第 018/206 页...
2025-12-28 03:25:42 - mkk_comic - app.py:582 - INFO - 正在下载第 019/206 页...
2025-12-28 03:25:42 - mkk_comic - app.py:582 - INFO - 正在下载第 020/206 页...
2025-12-28 03:25:42 - mkk_comic - app.py:582 - INFO - 正在下载第 021/206 页...
2025-12-28 03:25:42 - mkk_comic - app.py:582 - INFO - 正在下载第 022/206 页...
2025-12-28 03:25:42 - mkk_comic - app.py:582 - INFO - 正在下载第 023/206 页...
2025-12-28 03:25:42 - mkk_comic - app.py:582 - INFO - 正在下载第 024/206 页...
2025-12-28 03:25:42 - mkk_comic - app.py:582 - INFO - 正在下载第 025/206 页...
2025-12-28 03:25:42 - mkk_comic - app.py:582 - INFO - 正在下载第 026/206 页...
2025-12-28 03:25:42 - mkk_comic - app.py:582 - INFO - 正在下载第 027/206 页...
2025-12-28 03:25:42 - mkk_comic - app.py:582 - INFO - 正在下载第 028/206 页...
2025-12-28 03:25:42 - mkk_comic - app.py:582 - INFO - 正在下载第 029/206 页...
2025-12-28 03:25:42 - mkk_comic - app.py:582 - INFO - 正在下载第 030/206 页...
2025-12-28 03:25:42 - mkk_comic - app.py:582 - INFO - 正在下载第 031/206 页...
2025-12-28 03:25:42 - mkk_comic - app.py:582 - INFO - 正在下载第 032/206 页...
2025-12-28 03:25:42 - mkk_comic - app.py:582 - INFO - 正在下载第 033/206 页...
2025-12-28 03:25:42 - mkk_comic - app.py:582 - INFO - 正在下载第 034/206 页...
2025-12-28 03:25:42 - mkk_comic - app.py:582 - INFO - 正在下载第 035/206 页...
2025-12-28 03:25:42 - mkk_comic - app.py:582 - INFO - 正在下载第 036/206 页...
2025-12-28 03:25:42 - mkk_comic - app.py:582 - INFO - 正在下载第 037/206 页...
2025-12-28 03:25:42 - mkk_comic - app.py:582 - INFO - 正在下载第 038/206 页...
2025-12-28 03:25:42 - mkk_comic - app.py:582 - INFO - 正在下载第 039/206 页...
2025-12-28 03:25:42 - mkk_comic - app.py:582 - INFO - 正在下载第 040/206 页...
2025-12-28 03:25:43 - mkk_comic - app.py:582 - INFO - 正在下载第 041/206 页...
2025-12-28 03:25:43 - mkk_comic - app.py:582 - INFO - 正在下载第 042/206 页...
2025-12-28 03:25:43 - mkk_comic - app.py:582 - INFO - 正在下载第 043/206 页...
2025-12-28 03:25:43 - mkk_comic - app.py:582 - INFO - 正在下载第 044/206 页...
2025-12-28 03:25:43 - mkk_comic - app.py:582 - INFO - 正在下载第 045/206 页...
2025-12-28 03:25:43 - mkk_comic - app.py:582 - INFO - 正在下载第 046/206 页...
2025-12-28 03:25:43 - mkk_comic - app.py:582 - INFO - 正在下载第 047/206 页...
2025-12-28 03:25:43 - mkk_comic - app.py:582 - INFO - 正在下载第 048/206 页...
2025-12-28 03:25:43 - mkk_comic - app.py:582 - INFO - 正在下载第 049/206 页...
2025-12-28 03:25:43 - mkk_comic - app.py:582 - INFO - 正在下载第 050/206 页...
2025-12-28 03:25:43 - mkk_comic - app.py:582 - INFO - 正在下载第 051/206 页...
2025-12-28 03:25:43 - mkk_comic - app.py:582 - INFO - 正在下载第 052/206 页...
2025-12-28 03:25:43 - mkk_comic - app.py:582 - INFO - 正在下载第 053/206 页...
2025-12-28 03:25:43 - mkk_comic - app.py:582 - INFO - 正在下载第 054/206 页...
2025-12-28 03:25:43 - mkk_comic - app.py:582 - INFO - 正在下载第 055/206 页...
2025-12-28 03:25:43 - mkk_comic - app.py:582 - INFO - 正在下载第 056/206 页...
2025-12-28 03:25:43 - mkk_comic - app.py:582 - INFO - 正在下载第 057/206 页...
2025-12-28 03:25:43 - mkk_comic - app.py:582 - INFO - 正在下载第 058/206 页...
2025-12-28 03:25:43 - mkk_comic - app.py:582 - INFO - 正在下载第 059/206 页...
2025-12-28 03:25:43 - mkk_comic - app.py:582 - INFO - 正在下载第 060/206 页...
2025-12-28 03:25:43 - mkk_comic - app.py:582 - INFO - 正在下载第 061/206 页...
2025-12-28 03:25:43 - mkk_comic - app.py:582 - INFO - 正在下载第 062/206 页...
2025-12-28 03:25:43 - mkk_comic - app.py:582 - INFO - 正在下载第 063/206 页...
2025-12-28 03:25:43 - mkk_comic - app.py:582 - INFO - 正在下载第 064/206 页...
2025-12-28 03:25:43 - mkk_comic - app.py:582 - INFO - 正在下载第 065/206 页...
2025-12-28 03:25:43 - mkk_comic - app.py:582 - INFO - 正在下载第 066/206 页...
2025-12-28 03:25:43 - mkk_comic - app.py:582 - INFO - 正在下载第 067/206 页...
2025-12-28 03:25:43 - mkk_comic - app.py:582 - INFO - 正在下载第 068/206 页...
2025-12-28 03:25:43 - mkk_comic - app.py:582 - INFO - 正在下载第 069/206 页...
2025-12-28 03:25:43 - mkk_comic - app.py:582 - INFO - 正在下载第 070/206 页...
2025-12-28 03:25:43 - mkk_comic - app.py:582 - INFO - 正在下载第 071/206 页...
2025-12-28 03:25:43 - mkk_comic - app.py:582 - INFO - 正在下载第 072/206 页...
2025-12-28 03:25:43 - mkk_comic - app.py:582 - INFO - 正在下载第 073/206 页...
2025-12-28 03:25:43 - mkk_comic - app.py:582 - INFO - 正在下载第 074/206 页...
2025-12-28 03:25:43 - mkk_comic - app.py:582 - INFO - 正在下载第 075/206 页...
2025-12-28 03:25:43 - mkk_comic - app.py:582 - INFO - 正在下载第 076/206 页...
2025-12-28 03:25:43 - mkk_comic - app.py:582 - INFO - 正在下载第 077/206 页...
2025-12-28 03:25:43 - mkk_comic - app.py:582 - INFO - 正在下载第 078/206 页...
2025-12-28 03:25:43 - mkk_comic - app.py:582 - INFO - 正在下载第 079/206 页...
2025-12-28 03:25:43 - mkk_comic - app.py:582 - INFO - 正在下载第 080/206 页...
2025-12-28 03:25:43 - mkk_comic - app.py:582 - INFO - 正在下载第 081/206 页...
2025-12-28 03:25:43 - mkk_comic - app.py:582 - INFO - 正在下载第 082/206 页...
2025-12-28 03:25:43 - mkk_comic - app.py:582 - INFO - 正在下载第 083/206 页...
2025-12-28 03:25:43 - mkk_comic - app.py:582 - INFO - 正在下载第 084/206 页...
2025-12-28 03:25:43 - mkk_comic - app.py:582 - INFO - 正在下载第 085/206 页...
2025-12-28 03:25:43 - mkk_comic - app.py:582 - INFO - 正在下载第 086/206 页...
2025-12-28 03:25:43 - mkk_comic - app.py:582 - INFO - 正在下载第 087/206 页...
2025-12-28 03:25:43 - mkk_comic - app.py:582 - INFO - 正在下载第 088/206 页...
2025-12-28 03:25:43 - mkk_comic - app.py:582 - INFO - 正在下载第 089/206 页...
2025-12-28 03:25:43 - mkk_comic - app.py:582 - INFO - 正在下载第 090/206 页...
2025-12-28 03:25:43 - mkk_comic - app.py:582 - INFO - 正在下载第 091/206 页...
2025-12-28 03:25:43 - mkk_comic - app.py:582 - INFO - 正在下载第 092/206 页...
2025-12-28 03:25:43 - mkk_comic - app.py:582 - INFO - 正在下载第 093/206 页...
2025-12-28 03:25:44 - mkk_comic - app.py:582 - INFO - 正在下载第 094/206 页...
2025-12-28 03:25:44 - mkk_comic - app.py:582 - INFO - 正在下载第 095/206 页...
2025-12-28 03:25:44 - mkk_comic - app.py:582 - INFO - 正在下载第 096/206 页...
2025-12-28 03:25:44 - mkk_comic - app.py:582 - INFO - 正在下载第 097/206 页...
2025-12-28 03:25:44 - mkk_comic - app.py:582 - INFO - 正在下载第 098/206 页...
2025-12-28 03:25:44 - mkk_comic - app.py:582 - INFO - 正在下载第 099/206 页...
2025-12-28 03:25:44 - mkk_comic - app.py:582 - INFO - 正在下载第 100/206 页...
2025-12-28 03:25:44 - mkk_comic - app.py:582 - INFO - 正在下载第 101/206 页...
2025-12-28 03:25:44 - mkk_comic - app.py:582 - INFO - 正在下载第 102/206 页...
2025-12-28 03:25:44 - mkk_comic - app.py:582 - INFO - 正在下载第 103/206 页...
2025-12-28 03:25:44 - mkk_comic - app.py:582 - INFO - 正在下载第 104/206 页...
2025-12-28 03:25:44 - mkk_comic - app.py:582 - INFO - 正在下载第 105/206 页...
2025-12-28 03:25:44 - mkk_comic - app.py:582 - INFO - 正在下载第 106/206 页...
2025-12-28 03:25:44 - mkk_comic - app.py:582 - INFO - 正在下载第 107/206 页...
2025-12-28 03:25:44 - mkk_comic - app.py:582 - INFO - 正在下载第 108/206 页...
2025-12-28 03:25:44 - mkk_comic - app.py:582 - INFO - 正在下载第 109/206 页...
2025-12-28 03:25:44 - mkk_comic - app.py:582 - INFO - 正在下载第 110/206 页...
2025-12-28 03:25:44 - mkk_comic - app.py:582 - INFO - 正在下载第 111/206 页...
2025-12-28 03:25:44 - mkk_comic - app.py:582 - INFO - 正在下载第 112/206 页...
2025-12-28 03:25:44 - mkk_comic - app.py:582 - INFO - 正在下载第 113/206 页...
2025-12-28 03:25:44 - mkk_comic - app.py:582 - INFO - 正在下载第 114/206 页...
2025-12-28 03:25:44 - mkk_comic - app.py:582 - INFO - 正在下载第 115/206 页...
2025-12-28 03:25:44 - mkk_comic - app.py:582 - INFO - 正在下载第 116/206 页...
2025-12-28 03:25:44 - mkk_comic - app.py:582 - INFO - 正在下载第 117/206 页...
2025-12-28 03:25:44 - mkk_comic - app.py:582 - INFO - 正在下载第 118/206 页...
2025-12-28 03:25:44 - mkk_comic - app.py:582 - INFO - 正在下载第 119/206 页...
2025-12-28 03:25:44 - mkk_comic - app.py:582 - INFO - 正在下载第 120/206 页...
2025-12-28 03:25:44 - mkk_comic - app.py:582 - INFO - 正在下载第 121/206 页...
2025-12-28 03:25:44 - mkk_comic - app.py:582 - INFO - 正在下载第 122/206 页...
2025-12-28 03:25:44 - mkk_comic - app.py:582 - INFO - 正在下载第 123/206 页...
2025-12-28 03:25:44 - mkk_comic - app.py:582 - INFO - 正在下载第 124/206 页...
2025-12-28 03:25:44 - mkk_comic - app.py:582 - INFO - 正在下载第 125/206 页...
2025-12-28 03:25:44 - mkk_comic - app.py:582 - INFO - 正在下载第 126/206 页...
2025-12-28 03:25:44 - mkk_comic - app.py:582 - INFO - 正在下载第 127/206 页...
2025-12-28 03:25:44 - mkk_comic - app.py:582 - INFO - 正在下载第 128/206 页...
2025-12-28 03:25:44 - mkk_comic - app.py:582 - INFO - 正在下载第 129/206 页...
2025-12-28 03:25:44 - mkk_comic - app.py:582 - INFO - 正在下载第 130/206 页...
2025-12-28 03:25:44 - mkk_comic - app.py:582 - INFO - 正在下载第 131/206 页...
2025-12-28 03:25:44 - mkk_comic - app.py:582 - INFO - 正在下载第 132/206 页...
2025-12-28 03:25:44 - mkk_comic - app.py:582 - INFO - 正在下载第 133/206 页...
2025-12-28 03:25:44 - mkk_comic - app.py:582 - INFO - 正在下载第 134/206 页...
2025-12-28 03:25:44 - mkk_comic - app.py:582 - INFO - 正在下载第 135/206 页...
2025-12-28 03:25:44 - mkk_comic - app.py:582 - INFO - 正在下载第 136/206 页...
2025-12-28 03:25:44 - mkk_comic - app.py:582 - INFO - 正在下载第 137/206 页...
2025-12-28 03:25:44 - mkk_comic - app.py:582 - INFO - 正在下载第 138/206 页...
2025-12-28 03:25:44 - mkk_comic - app.py:582 - INFO - 正在下载第 139/206 页...
2025-12-28 03:25:44 - mkk_comic - app.py:582 - INFO - 正在下载第 140/206 页...
2025-12-28 03:25:44 - mkk_comic - app.py:582 - INFO - 正在下载第 141/206 页...
2025-12-28 03:25:44 - mkk_comic - app.py:582 - INFO - 正在下载第 142/206 页...
2025-12-28 03:25:44 - mkk_comic - app.py:582 - INFO - 正在下载第 143/206 页...
2025-12-28 03:25:44 - mkk_comic - app.py:582 - INFO - 正在下载第 144/206 页...
2025-12-28 03:25:44 - mkk_comic - app.py:582 - INFO - 正在下载第 145/206 页...
2025-12-28 03:25:44 - mkk_comic - app.py:582 - INFO - 正在下载第 146/206 页...
2025-12-28 03:25:44 - mkk_comic - app.py:582 - INFO - 正在下载第 147/206 页...
2025-12-28 03:25:44 - mkk_comic - app.py:582 - INFO - 正在下载第 148/206 页...
2025-12-28 03:25:44 - mkk_comic - app.py:582 - INFO - 正在下载第 149/206 页...
2025-12-28 03:25:45 - mkk_comic - app.py:582 - INFO - 正在下载第 150/206 页...
2025-12-28 03:25:45 - mkk_comic - app.py:582 - INFO - 正在下载第 151/206 页...
2025-12-28 03:25:45 - mkk_comic - app.py:582 - INFO - 正在下载第 152/206 页...
2025-12-28 03:25:45 - mkk_comic - app.py:582 - INFO - 正在下载第 153/206 页...
2025-12-28 03:25:45 - mkk_comic - app.py:582 - INFO - 正在下载第 154/206 页...
2025-12-28 03:25:45 - mkk_comic - app.py:582 - INFO - 正在下载第 155/206 页...
2025-12-28 03:25:45 - mkk_comic - app.py:582 - INFO - 正在下载第 156/206 页...
2025-12-28 03:25:45 - mkk_comic - app.py:582 - INFO - 正在下载第 157/206 页...
2025-12-28 03:25:45 - mkk_comic - app.py:582 - INFO - 正在下载第 158/206 页...
2025-12-28 03:25:45 - mkk_comic - app.py:582 - INFO - 正在下载第 159/206 页...
2025-12-28 03:25:45 - mkk_comic - app.py:582 - INFO - 正在下载第 160/206 页...
2025-12-28 03:25:45 - mkk_comic - app.py:582 - INFO - 正在下载第 161/206 页...
2025-12-28 03:25:45 - mkk_comic - app.py:582 - INFO - 正在下载第 162/206 页...
2025-12-28 03:25:45 - mkk_comic - app.py:582 - INFO - 正在下载第 163/206 页...
2025-12-28 03:25:45 - mkk_comic - app.py:582 - INFO - 正在下载第 164/206 页...
2025-12-28 03:25:45 - mkk_comic - app.py:582 - INFO - 正在下载第 165/206 页...
2025-12-28 03:25:45 - mkk_comic - app.py:582 - INFO - 正在下载第 166/206 页...
2025-12-28 03:25:45 - mkk_comic - app.py:582 - INFO - 正在下载第 167/206 页...
2025-12-28 03:25:45 - mkk_comic - app.py:582 - INFO - 正在下载第 168/206 页...
2025-12-28 03:25:45 - mkk_comic - app.py:582 - INFO - 正在下载第 169/206 页...
2025-12-28 03:25:45 - mkk_comic - app.py:582 - INFO - 正在下载第 170/206 页...
2025-12-28 03:25:45 - mkk_comic - app.py:582 - INFO - 正在下载第 171/206 页...
2025-12-28 03:25:45 - mkk_comic - app.py:582 - INFO - 正在下载第 172/206 页...
2025-12-28 03:25:45 - mkk_comic - app.py:582 - INFO - 正在下载第 173/206 页...
2025-12-28 03:25:45 - mkk_comic - app.py:582 - INFO - 正在下载第 174/206 页...
2025-12-28 03:25:45 - mkk_comic - app.py:582 - INFO - 正在下载第 175/206 页...
2025-12-28 03:25:45 - mkk_comic - app.py:582 - INFO - 正在下载第 176/206 页...
2025-12-28 03:25:45 - mkk_comic - app.py:582 - INFO - 正在下载第 177/206 页...
2025-12-28 03:25:45 - mkk_comic - app.py:582 - INFO - 正在下载第 178/206 页...
2025-12-28 03:25:45 - mkk_comic - app.py:582 - INFO - 正在下载第 179/206 页...
2025-12-28 03:25:45 - mkk_comic - app.py:582 - INFO - 正在下载第 180/206 页...
2025-12-28 03:25:45 - mkk_comic - app.py:582 - INFO - 正在下载第 181/206 页...
2025-12-28 03:25:45 - mkk_comic - app.py:582 - INFO - 正在下载第 182/206 页...
2025-12-28 03:25:45 - mkk_comic - app.py:582 - INFO - 正在下载第 183/206 页...
2025-12-28 03:25:45 - mkk_comic - app.py:582 - INFO - 正在下载第 184/206 页...
2025-12-28 03:25:45 - mkk_comic - app.py:582 - INFO - 正在下载第 185/206 页...
2025-12-28 03:25:45 - mkk_comic - app.py:582 - INFO - 正在下载第 186/206 页...
2025-12-28 03:25:45 - mkk_comic - app.py:582 - INFO - 正在下载第 187/206 页...
2025-12-28 03:25:45 - mkk_comic - app.py:582 - INFO - 正在下载第 188/206 页...
2025-12-28 03:25:45 - mkk_comic - app.py:582 - INFO - 正在下载第 189/206 页...
2025-12-28 03:25:45 - mkk_comic - app.py:582 - INFO - 正在下载第 190/206 页...
2025-12-28 03:25:45 - mkk_comic - app.py:582 - INFO - 正在下载第 191/206 页...
2025-12-28 03:25:45 - mkk_comic - app.py:582 - INFO - 正在下载第 192/206 页...
2025-12-28 03:25:45 - mkk_comic - app.py:582 - INFO - 正在下载第 193/206 页...
2025-12-28 03:25:45 - mkk_comic - app.py:582 - INFO - 正在下载第 194/206 页...
2025-12-28 03:25:45 - mkk_comic - app.py:582 - INFO - 正在下载第 195/206 页...
2025-12-28 03:25:45 - mkk_comic - app.py:582 - INFO - 正在下载第 196/206 页...
2025-12-28 03:25:45 - mkk_comic - app.py:582 - INFO - 正在下载第 197/206 页...
2025-12-28 03:25:45 - mkk_comic - app.py:582 - INFO - 正在下载第 198/206 页...
2025-12-28 03:25:45 - mkk_comic - app.py:582 - INFO - 正在下载第 199/206 页...
2025-12-28 03:25:45 - mkk_comic - app.py:582 - INFO - 正在下载第 200/206 页...
2025-12-28 03:25:45 - mkk_comic - app.py:582 - INFO - 正在下载第 201/206 页...
2025-12-28 03:25:45 - mkk_comic - app.py:582 - INFO - 正在下载第 202/206 页...
2025-12-28 03:25:45 - mkk_comic - app.py:582 - INFO - 正在下载第 203/206 页...
2025-12-28 03:25:46 - mkk_comic - app.py:582 - INFO - 正在下载第 204/206 页...
2025-12-28 03:25:46 - mkk_comic - app.py:582 - INFO - 正在下载第 205/206 页...
2025-12-28 03:25:46 - mkk_comic - app.py:582 - INFO - 正在下载第 206/206 页...
2025-12-28 03:25:46 - mkk_comic - app.py:511 - INFO - 下载完成!
2025-12-28 03:25:46 - mkk_comic - app.py:512 - INFO - 成功下载: 206/206 页
2025-12-28 03:25:46 - mkk_comic - app.py:838 - INFO - 【电锯人】上次下载至第41章
2025-12-28 03:25:46 - mkk_comic - app.py:845 - INFO - 【电锯人】检测到更新！最新：250章
2025-12-28 03:25:46 - mkk_comic - app.py:848 - INFO - 【电锯人】最大下载限制为5章-需下载42~46章）
2025-12-28 03:25:47 - mkk_comic - app.py:494 - INFO - 正在下载第42章: 第38话    UUID:248f9674-dc24-11e9-a45c-00163e0ca5bd
2025-12-28 03:25:48 - mkk_comic - app.py:502 - INFO - 创建目录: ./out/電鋸人/第38话
2025-12-28 03:25:48 - mkk_comic - app.py:505 - INFO - 开始下载: 電鋸人 - 第38话
2025-12-28 03:25:48 - mkk_comic - app.py:506 - INFO - 总页数: 26
2025-12-28 03:25:48 - mkk_comic - app.py:582 - INFO - 正在下载第 001/026 页...
2025-12-28 03:25:48 - mkk_comic - app.py:582 - INFO - 正在下载第 002/026 页...
2025-12-28 03:25:48 - mkk_comic - app.py:582 - INFO - 正在下载第 003/026 页...
2025-12-28 03:25:48 - mkk_comic - app.py:582 - INFO - 正在下载第 004/026 页...
2025-12-28 03:25:48 - mkk_comic - app.py:582 - INFO - 正在下载第 005/026 页...
2025-12-28 03:25:48 - mkk_comic - app.py:582 - INFO - 正在下载第 006/026 页...
2025-12-28 03:25:48 - mkk_comic - app.py:582 - INFO - 正在下载第 007/026 页...
2025-12-28 03:25:48 - mkk_comic - app.py:582 - INFO - 正在下载第 008/026 页...
2025-12-28 03:25:48 - mkk_comic - app.py:582 - INFO - 正在下载第 009/026 页...
2025-12-28 03:25:48 - mkk_comic - app.py:582 - INFO - 正在下载第 010/026 页...
2025-12-28 03:25:48 - mkk_comic - app.py:582 - INFO - 正在下载第 011/026 页...
2025-12-28 03:25:48 - mkk_comic - app.py:582 - INFO - 正在下载第 012/026 页...
2025-12-28 03:25:48 - mkk_comic - app.py:582 - INFO - 正在下载第 013/026 页...
2025-12-28 03:25:48 - mkk_comic - app.py:582 - INFO - 正在下载第 014/026 页...
2025-12-28 03:25:48 - mkk_comic - app.py:582 - INFO - 正在下载第 015/026 页...
2025-12-28 03:25:48 - mkk_comic - app.py:582 - INFO - 正在下载第 016/026 页...
2025-12-28 03:25:48 - mkk_comic - app.py:582 - INFO - 正在下载第 017/026 页...
2025-12-28 03:25:48 - mkk_comic - app.py:582 - INFO - 正在下载第 018/026 页...
2025-12-28 03:25:48 - mkk_comic - app.py:582 - INFO - 正在下载第 019/026 页...
2025-12-28 03:25:48 - mkk_comic - app.py:582 - INFO - 正在下载第 020/026 页...
2025-12-28 03:25:48 - mkk_comic - app.py:582 - INFO - 正在下载第 021/026 页...
2025-12-28 03:25:48 - mkk_comic - app.py:582 - INFO - 正在下载第 022/026 页...
2025-12-28 03:25:48 - mkk_comic - app.py:582 - INFO - 正在下载第 023/026 页...
2025-12-28 03:25:48 - mkk_comic - app.py:582 - INFO - 正在下载第 024/026 页...
2025-12-28 03:25:48 - mkk_comic - app.py:582 - INFO - 正在下载第 025/026 页...
2025-12-28 03:25:48 - mkk_comic - app.py:582 - INFO - 正在下载第 026/026 页...
2025-12-28 03:25:48 - mkk_comic - app.py:511 - INFO - 下载完成!
2025-12-28 03:25:48 - mkk_comic - app.py:512 - INFO - 成功下载: 26/26 页
2025-12-28 03:25:49 - mkk_comic - app.py:494 - INFO - 正在下载第43章: 第39话    UUID:248fce32-dc24-11e9-a45c-00163e0ca5bd
2025-12-28 03:25:50 - mkk_comic - app.py:502 - INFO - 创建目录: ./out/電鋸人/第39话
2025-12-28 03:25:50 - mkk_comic - app.py:505 - INFO - 开始下载: 電鋸人 - 第39话
2025-12-28 03:25:50 - mkk_comic - app.py:506 - INFO - 总页数: 20
2025-12-28 03:25:50 - mkk_comic - app.py:582 - INFO - 正在下载第 001/020 页...
2025-12-28 03:25:50 - mkk_comic - app.py:582 - INFO - 正在下载第 002/020 页...
2025-12-28 03:25:50 - mkk_comic - app.py:582 - INFO - 正在下载第 003/020 页...
2025-12-28 03:25:50 - mkk_comic - app.py:582 - INFO - 正在下载第 004/020 页...
2025-12-28 03:25:50 - mkk_comic - app.py:582 - INFO - 正在下载第 005/020 页...
2025-12-28 03:25:50 - mkk_comic - app.py:582 - INFO - 正在下载第 006/020 页...
2025-12-28 03:25:50 - mkk_comic - app.py:582 - INFO - 正在下载第 007/020 页...
2025-12-28 03:25:50 - mkk_comic - app.py:582 - INFO - 正在下载第 008/020 页...
2025-12-28 03:25:50 - mkk_comic - app.py:582 - INFO - 正在下载第 009/020 页...
2025-12-28 03:25:50 - mkk_comic - app.py:582 - INFO - 正在下载第 010/020 页...
2025-12-28 03:25:50 - mkk_comic - app.py:582 - INFO - 正在下载第 011/020 页...
2025-12-28 03:25:50 - mkk_comic - app.py:582 - INFO - 正在下载第 012/020 页...
2025-12-28 03:25:50 - mkk_comic - app.py:582 - INFO - 正在下载第 013/020 页...
2025-12-28 03:25:50 - mkk_comic - app.py:582 - INFO - 正在下载第 014/020 页...
2025-12-28 03:25:50 - mkk_comic - app.py:582 - INFO - 正在下载第 015/020 页...
2025-12-28 03:25:50 - mkk_comic - app.py:582 - INFO - 正在下载第 016/020 页...
2025-12-28 03:25:50 - mkk_comic - app.py:582 - INFO - 正在下载第 017/020 页...
2025-12-28 03:25:50 - mkk_comic - app.py:582 - INFO - 正在下载第 018/020 页...
2025-12-28 03:25:50 - mkk_comic - app.py:582 - INFO - 正在下载第 019/020 页...
2025-12-28 03:25:50 - mkk_comic - app.py:582 - INFO - 正在下载第 020/020 页...
2025-12-28 03:25:50 - mkk_comic - app.py:511 - INFO - 下载完成!
2025-12-28 03:25:50 - mkk_comic - app.py:512 - INFO - 成功下载: 20/20 页
2025-12-28 03:25:51 - mkk_comic - app.py:494 - INFO - 正在下载第44章: 第40话    UUID:76c59306-e126-11e9-83b4-00163e0ca5bd
2025-12-28 03:25:51 - mkk_comic - app.py:502 - INFO - 创建目录: ./out/電鋸人/第40话
2025-12-28 03:25:51 - mkk_comic - app.py:505 - INFO - 开始下载: 電鋸人 - 第40话
2025-12-28 03:25:51 - mkk_comic - app.py:506 - INFO - 总页数: 20
2025-12-28 03:25:51 - mkk_comic - app.py:582 - INFO - 正在下载第 001/020 页...
2025-12-28 03:25:51 - mkk_comic - app.py:582 - INFO - 正在下载第 002/020 页...
2025-12-28 03:25:51 - mkk_comic - app.py:582 - INFO - 正在下载第 003/020 页...
2025-12-28 03:25:51 - mkk_comic - app.py:582 - INFO - 正在下载第 004/020 页...
2025-12-28 03:25:51 - mkk_comic - app.py:582 - INFO - 正在下载第 005/020 页...
2025-12-28 03:25:52 - mkk_comic - app.py:582 - INFO - 正在下载第 006/020 页...
2025-12-28 03:25:52 - mkk_comic - app.py:582 - INFO - 正在下载第 007/020 页...
2025-12-28 03:25:52 - mkk_comic - app.py:582 - INFO - 正在下载第 008/020 页...
2025-12-28 03:25:52 - mkk_comic - app.py:582 - INFO - 正在下载第 009/020 页...
2025-12-28 03:25:52 - mkk_comic - app.py:582 - INFO - 正在下载第 010/020 页...
2025-12-28 03:25:52 - mkk_comic - app.py:582 - INFO - 正在下载第 011/020 页...
2025-12-28 03:25:52 - mkk_comic - app.py:582 - INFO - 正在下载第 012/020 页...
2025-12-28 03:25:52 - mkk_comic - app.py:582 - INFO - 正在下载第 013/020 页...
2025-12-28 03:25:52 - mkk_comic - app.py:582 - INFO - 正在下载第 014/020 页...
2025-12-28 03:25:52 - mkk_comic - app.py:582 - INFO - 正在下载第 015/020 页...
2025-12-28 03:25:52 - mkk_comic - app.py:582 - INFO - 正在下载第 016/020 页...
2025-12-28 03:25:52 - mkk_comic - app.py:582 - INFO - 正在下载第 017/020 页...
2025-12-28 03:25:52 - mkk_comic - app.py:582 - INFO - 正在下载第 018/020 页...
2025-12-28 03:25:52 - mkk_comic - app.py:582 - INFO - 正在下载第 019/020 页...
2025-12-28 03:25:52 - mkk_comic - app.py:582 - INFO - 正在下载第 020/020 页...
2025-12-28 03:25:52 - mkk_comic - app.py:511 - INFO - 下载完成!
2025-12-28 03:25:52 - mkk_comic - app.py:512 - INFO - 成功下载: 20/20 页
2025-12-28 03:25:53 - mkk_comic - app.py:494 - INFO - 正在下载第45章: 第41话    UUID:f73d298e-e673-11e9-87b9-00163e0ca5bd
2025-12-28 03:25:53 - mkk_comic - app.py:502 - INFO - 创建目录: ./out/電鋸人/第41话
2025-12-28 03:25:53 - mkk_comic - app.py:505 - INFO - 开始下载: 電鋸人 - 第41话
2025-12-28 03:25:53 - mkk_comic - app.py:506 - INFO - 总页数: 20
2025-12-28 03:25:53 - mkk_comic - app.py:582 - INFO - 正在下载第 001/020 页...
2025-12-28 03:25:53 - mkk_comic - app.py:582 - INFO - 正在下载第 002/020 页...
2025-12-28 03:25:53 - mkk_comic - app.py:582 - INFO - 正在下载第 003/020 页...
2025-12-28 03:25:53 - mkk_comic - app.py:582 - INFO - 正在下载第 004/020 页...
2025-12-28 03:25:53 - mkk_comic - app.py:582 - INFO - 正在下载第 005/020 页...
2025-12-28 03:25:53 - mkk_comic - app.py:582 - INFO - 正在下载第 006/020 页...
2025-12-28 03:25:53 - mkk_comic - app.py:582 - INFO - 正在下载第 007/020 页...
2025-12-28 03:25:53 - mkk_comic - app.py:582 - INFO - 正在下载第 008/020 页...
2025-12-28 03:25:53 - mkk_comic - app.py:582 - INFO - 正在下载第 009/020 页...
2025-12-28 03:25:53 - mkk_comic - app.py:582 - INFO - 正在下载第 010/020 页...
2025-12-28 03:25:53 - mkk_comic - app.py:582 - INFO - 正在下载第 011/020 页...
2025-12-28 03:25:53 - mkk_comic - app.py:582 - INFO - 正在下载第 012/020 页...
2025-12-28 03:25:53 - mkk_comic - app.py:582 - INFO - 正在下载第 013/020 页...
2025-12-28 03:25:53 - mkk_comic - app.py:582 - INFO - 正在下载第 014/020 页...
2025-12-28 03:25:53 - mkk_comic - app.py:582 - INFO - 正在下载第 015/020 页...
2025-12-28 03:25:54 - mkk_comic - app.py:582 - INFO - 正在下载第 016/020 页...
2025-12-28 03:25:54 - mkk_comic - app.py:582 - INFO - 正在下载第 017/020 页...
2025-12-28 03:25:54 - mkk_comic - app.py:582 - INFO - 正在下载第 018/020 页...
2025-12-28 03:25:54 - mkk_comic - app.py:582 - INFO - 正在下载第 019/020 页...
2025-12-28 03:25:54 - mkk_comic - app.py:582 - INFO - 正在下载第 020/020 页...
2025-12-28 03:25:54 - mkk_comic - app.py:511 - INFO - 下载完成!
2025-12-28 03:25:54 - mkk_comic - app.py:512 - INFO - 成功下载: 20/20 页
2025-12-28 03:25:54 - mkk_comic - app.py:494 - INFO - 正在下载第46章: 04卷附录    UUID:dd95a226-e845-11e9-b93a-00163e0ca5bd
2025-12-28 03:25:55 - mkk_comic - app.py:502 - INFO - 创建目录: ./out/電鋸人/04卷附录
2025-12-28 03:25:55 - mkk_comic - app.py:505 - INFO - 开始下载: 電鋸人 - 04卷附录
2025-12-28 03:25:55 - mkk_comic - app.py:506 - INFO - 总页数: 16
2025-12-28 03:25:55 - mkk_comic - app.py:582 - INFO - 正在下载第 001/016 页...
2025-12-28 03:25:55 - mkk_comic - app.py:582 - INFO - 正在下载第 002/016 页...
2025-12-28 03:25:55 - mkk_comic - app.py:582 - INFO - 正在下载第 003/016 页...
2025-12-28 03:25:55 - mkk_comic - app.py:582 - INFO - 正在下载第 004/016 页...
2025-12-28 03:25:55 - mkk_comic - app.py:582 - INFO - 正在下载第 005/016 页...
2025-12-28 03:25:55 - mkk_comic - app.py:582 - INFO - 正在下载第 006/016 页...
2025-12-28 03:25:55 - mkk_comic - app.py:582 - INFO - 正在下载第 007/016 页...
2025-12-28 03:25:55 - mkk_comic - app.py:582 - INFO - 正在下载第 008/016 页...
2025-12-28 03:25:55 - mkk_comic - app.py:582 - INFO - 正在下载第 009/016 页...
2025-12-28 03:25:55 - mkk_comic - app.py:582 - INFO - 正在下载第 010/016 页...
2025-12-28 03:25:55 - mkk_comic - app.py:582 - INFO - 正在下载第 011/016 页...
2025-12-28 03:25:55 - mkk_comic - app.py:582 - INFO - 正在下载第 012/016 页...
2025-12-28 03:25:55 - mkk_comic - app.py:582 - INFO - 正在下载第 013/016 页...
2025-12-28 03:25:55 - mkk_comic - app.py:582 - INFO - 正在下载第 014/016 页...
2025-12-28 03:25:55 - mkk_comic - app.py:582 - INFO - 正在下载第 015/016 页...
2025-12-28 03:25:55 - mkk_comic - app.py:582 - INFO - 正在下载第 016/016 页...
2025-12-28 03:25:55 - mkk_comic - app.py:511 - INFO - 下载完成!
2025-12-28 03:25:55 - mkk_comic - app.py:512 - INFO - 成功下载: 16/16 页
2025-12-28 03:25:55 - mkk_comic - app.py:858 - INFO - ===== 检查更新完成 =====

