2025-12-31 03:14:45 - mkk_comic - app.py:863 - INFO - 运行环境：GitHub Actions（自动化模式）
2025-12-31 03:14:45 - mkk_comic - app.py:820 - INFO - ===== 开始检查更新=====
2025-12-31 03:14:45 - mkk_comic - app.py:838 - INFO - 【海贼王】上次下载至第49章
2025-12-31 03:14:46 - mkk_comic - app.py:845 - INFO - 【海贼王】检测到更新！最新：374章
2025-12-31 03:14:46 - mkk_comic - app.py:848 - INFO - 【海贼王】最大下载限制为5章-需下载50~54章）
2025-12-31 03:14:47 - mkk_comic - app.py:494 - INFO - 正在下载第50章: 50卷    UUID:40d95b6b-c7c0-11e8-8821-024352452ce0
2025-12-31 03:14:48 - mkk_comic - app.py:502 - INFO - 创建目录: ./out/海贼王/50卷
2025-12-31 03:14:48 - mkk_comic - app.py:505 - INFO - 开始下载: 海贼王 - 50卷
2025-12-31 03:14:48 - mkk_comic - app.py:506 - INFO - 总页数: 206
2025-12-31 03:14:48 - mkk_comic - app.py:582 - INFO - 正在下载第 001/206 页...
2025-12-31 03:14:48 - mkk_comic - app.py:582 - INFO - 正在下载第 002/206 页...
2025-12-31 03:14:48 - mkk_comic - app.py:582 - INFO - 正在下载第 003/206 页...
2025-12-31 03:14:48 - mkk_comic - app.py:582 - INFO - 正在下载第 004/206 页...
2025-12-31 03:14:48 - mkk_comic - app.py:582 - INFO - 正在下载第 005/206 页...
2025-12-31 03:14:48 - mkk_comic - app.py:582 - INFO - 正在下载第 006/206 页...
2025-12-31 03:14:48 - mkk_comic - app.py:582 - INFO - 正在下载第 007/206 页...
2025-12-31 03:14:48 - mkk_comic - app.py:582 - INFO - 正在下载第 008/206 页...
2025-12-31 03:14:48 - mkk_comic - app.py:582 - INFO - 正在下载第 009/206 页...
2025-12-31 03:14:48 - mkk_comic - app.py:582 - INFO - 正在下载第 010/206 页...
2025-12-31 03:14:48 - mkk_comic - app.py:582 - INFO - 正在下载第 011/206 页...
2025-12-31 03:14:48 - mkk_comic - app.py:582 - INFO - 正在下载第 012/206 页...
2025-12-31 03:14:48 - mkk_comic - app.py:582 - INFO - 正在下载第 013/206 页...
2025-12-31 03:14:48 - mkk_comic - app.py:582 - INFO - 正在下载第 014/206 页...
2025-12-31 03:14:48 - mkk_comic - app.py:582 - INFO - 正在下载第 015/206 页...
2025-12-31 03:14:48 - mkk_comic - app.py:582 - INFO - 正在下载第 016/206 页...
2025-12-31 03:14:49 - mkk_comic - app.py:582 - INFO - 正在下载第 017/206 页...
2025-12-31 03:14:49 - mkk_comic - app.py:582 - INFO - 正在下载第 018/206 页...
2025-12-31 03:14:49 - mkk_comic - app.py:582 - INFO - 正在下载第 019/206 页...
2025-12-31 03:14:49 - mkk_comic - app.py:582 - INFO - 正在下载第 020/206 页...
2025-12-31 03:14:49 - mkk_comic - app.py:582 - INFO - 正在下载第 021/206 页...
2025-12-31 03:14:49 - mkk_comic - app.py:582 - INFO - 正在下载第 022/206 页...
2025-12-31 03:14:49 - mkk_comic - app.py:582 - INFO - 正在下载第 023/206 页...
2025-12-31 03:14:49 - mkk_comic - app.py:582 - INFO - 正在下载第 024/206 页...
2025-12-31 03:14:49 - mkk_comic - app.py:582 - INFO - 正在下载第 025/206 页...
2025-12-31 03:14:49 - mkk_comic - app.py:582 - INFO - 正在下载第 026/206 页...
2025-12-31 03:14:49 - mkk_comic - app.py:582 - INFO - 正在下载第 027/206 页...
2025-12-31 03:14:49 - mkk_comic - app.py:582 - INFO - 正在下载第 028/206 页...
2025-12-31 03:14:49 - mkk_comic - app.py:582 - INFO - 正在下载第 029/206 页...
2025-12-31 03:14:49 - mkk_comic - app.py:582 - INFO - 正在下载第 030/206 页...
2025-12-31 03:14:49 - mkk_comic - app.py:582 - INFO - 正在下载第 031/206 页...
2025-12-31 03:14:49 - mkk_comic - app.py:582 - INFO - 正在下载第 032/206 页...
2025-12-31 03:14:49 - mkk_comic - app.py:582 - INFO - 正在下载第 033/206 页...
2025-12-31 03:14:49 - mkk_comic - app.py:582 - INFO - 正在下载第 034/206 页...
2025-12-31 03:14:49 - mkk_comic - app.py:582 - INFO - 正在下载第 035/206 页...
2025-12-31 03:14:49 - mkk_comic - app.py:582 - INFO - 正在下载第 036/206 页...
2025-12-31 03:14:49 - mkk_comic - app.py:582 - INFO - 正在下载第 037/206 页...
2025-12-31 03:14:49 - mkk_comic - app.py:582 - INFO - 正在下载第 038/206 页...
2025-12-31 03:14:50 - mkk_comic - app.py:582 - INFO - 正在下载第 039/206 页...
2025-12-31 03:14:50 - mkk_comic - app.py:582 - INFO - 正在下载第 040/206 页...
2025-12-31 03:14:50 - mkk_comic - app.py:582 - INFO - 正在下载第 041/206 页...
2025-12-31 03:14:50 - mkk_comic - app.py:582 - INFO - 正在下载第 042/206 页...
2025-12-31 03:14:50 - mkk_comic - app.py:582 - INFO - 正在下载第 043/206 页...
2025-12-31 03:14:50 - mkk_comic - app.py:582 - INFO - 正在下载第 044/206 页...
2025-12-31 03:14:50 - mkk_comic - app.py:582 - INFO - 正在下载第 045/206 页...
2025-12-31 03:14:50 - mkk_comic - app.py:582 - INFO - 正在下载第 046/206 页...
2025-12-31 03:14:50 - mkk_comic - app.py:582 - INFO - 正在下载第 047/206 页...
2025-12-31 03:14:50 - mkk_comic - app.py:582 - INFO - 正在下载第 048/206 页...
2025-12-31 03:14:50 - mkk_comic - app.py:582 - INFO - 正在下载第 049/206 页...
2025-12-31 03:14:50 - mkk_comic - app.py:582 - INFO - 正在下载第 050/206 页...
2025-12-31 03:14:50 - mkk_comic - app.py:582 - INFO - 正在下载第 051/206 页...
2025-12-31 03:14:50 - mkk_comic - app.py:582 - INFO - 正在下载第 052/206 页...
2025-12-31 03:14:50 - mkk_comic - app.py:582 - INFO - 正在下载第 053/206 页...
2025-12-31 03:14:50 - mkk_comic - app.py:582 - INFO - 正在下载第 054/206 页...
2025-12-31 03:14:50 - mkk_comic - app.py:582 - INFO - 正在下载第 055/206 页...
2025-12-31 03:14:50 - mkk_comic - app.py:582 - INFO - 正在下载第 056/206 页...
2025-12-31 03:14:50 - mkk_comic - app.py:582 - INFO - 正在下载第 057/206 页...
2025-12-31 03:14:50 - mkk_comic - app.py:582 - INFO - 正在下载第 058/206 页...
2025-12-31 03:14:50 - mkk_comic - app.py:582 - INFO - 正在下载第 059/206 页...
2025-12-31 03:14:50 - mkk_comic - app.py:582 - INFO - 正在下载第 060/206 页...
2025-12-31 03:14:51 - mkk_comic - app.py:582 - INFO - 正在下载第 061/206 页...
2025-12-31 03:14:51 - mkk_comic - app.py:582 - INFO - 正在下载第 062/206 页...
2025-12-31 03:14:51 - mkk_comic - app.py:582 - INFO - 正在下载第 063/206 页...
2025-12-31 03:14:51 - mkk_comic - app.py:582 - INFO - 正在下载第 064/206 页...
2025-12-31 03:14:51 - mkk_comic - app.py:582 - INFO - 正在下载第 065/206 页...
2025-12-31 03:14:51 - mkk_comic - app.py:582 - INFO - 正在下载第 066/206 页...
2025-12-31 03:14:51 - mkk_comic - app.py:582 - INFO - 正在下载第 067/206 页...
2025-12-31 03:14:51 - mkk_comic - app.py:582 - INFO - 正在下载第 068/206 页...
2025-12-31 03:14:51 - mkk_comic - app.py:582 - INFO - 正在下载第 069/206 页...
2025-12-31 03:14:51 - mkk_comic - app.py:582 - INFO - 正在下载第 070/206 页...
2025-12-31 03:14:51 - mkk_comic - app.py:582 - INFO - 正在下载第 071/206 页...
2025-12-31 03:14:51 - mkk_comic - app.py:582 - INFO - 正在下载第 072/206 页...
2025-12-31 03:14:51 - mkk_comic - app.py:582 - INFO - 正在下载第 073/206 页...
2025-12-31 03:14:51 - mkk_comic - app.py:582 - INFO - 正在下载第 074/206 页...
2025-12-31 03:14:51 - mkk_comic - app.py:582 - INFO - 正在下载第 075/206 页...
2025-12-31 03:14:51 - mkk_comic - app.py:582 - INFO - 正在下载第 076/206 页...
2025-12-31 03:14:51 - mkk_comic - app.py:582 - INFO - 正在下载第 077/206 页...
2025-12-31 03:14:51 - mkk_comic - app.py:582 - INFO - 正在下载第 078/206 页...
2025-12-31 03:14:51 - mkk_comic - app.py:582 - INFO - 正在下载第 079/206 页...
2025-12-31 03:14:51 - mkk_comic - app.py:582 - INFO - 正在下载第 080/206 页...
2025-12-31 03:14:51 - mkk_comic - app.py:582 - INFO - 正在下载第 081/206 页...
2025-12-31 03:14:51 - mkk_comic - app.py:582 - INFO - 正在下载第 082/206 页...
2025-12-31 03:14:51 - mkk_comic - app.py:582 - INFO - 正在下载第 083/206 页...
2025-12-31 03:14:51 - mkk_comic - app.py:582 - INFO - 正在下载第 084/206 页...
2025-12-31 03:14:52 - mkk_comic - app.py:582 - INFO - 正在下载第 085/206 页...
2025-12-31 03:14:52 - mkk_comic - app.py:582 - INFO - 正在下载第 086/206 页...
2025-12-31 03:14:52 - mkk_comic - app.py:582 - INFO - 正在下载第 087/206 页...
2025-12-31 03:14:52 - mkk_comic - app.py:582 - INFO - 正在下载第 088/206 页...
2025-12-31 03:14:52 - mkk_comic - app.py:582 - INFO - 正在下载第 089/206 页...
2025-12-31 03:14:52 - mkk_comic - app.py:582 - INFO - 正在下载第 090/206 页...
2025-12-31 03:14:52 - mkk_comic - app.py:582 - INFO - 正在下载第 091/206 页...
2025-12-31 03:14:52 - mkk_comic - app.py:582 - INFO - 正在下载第 092/206 页...
2025-12-31 03:14:52 - mkk_comic - app.py:582 - INFO - 正在下载第 093/206 页...
2025-12-31 03:14:52 - mkk_comic - app.py:582 - INFO - 正在下载第 094/206 页...
2025-12-31 03:14:52 - mkk_comic - app.py:582 - INFO - 正在下载第 095/206 页...
2025-12-31 03:14:52 - mkk_comic - app.py:582 - INFO - 正在下载第 096/206 页...
2025-12-31 03:14:52 - mkk_comic - app.py:582 - INFO - 正在下载第 097/206 页...
2025-12-31 03:14:52 - mkk_comic - app.py:582 - INFO - 正在下载第 098/206 页...
2025-12-31 03:14:52 - mkk_comic - app.py:582 - INFO - 正在下载第 099/206 页...
2025-12-31 03:14:52 - mkk_comic - app.py:582 - INFO - 正在下载第 100/206 页...
2025-12-31 03:14:52 - mkk_comic - app.py:582 - INFO - 正在下载第 101/206 页...
2025-12-31 03:14:52 - mkk_comic - app.py:582 - INFO - 正在下载第 102/206 页...
2025-12-31 03:14:52 - mkk_comic - app.py:582 - INFO - 正在下载第 103/206 页...
2025-12-31 03:14:52 - mkk_comic - app.py:582 - INFO - 正在下载第 104/206 页...
2025-12-31 03:14:52 - mkk_comic - app.py:582 - INFO - 正在下载第 105/206 页...
2025-12-31 03:14:53 - mkk_comic - app.py:582 - INFO - 正在下载第 106/206 页...
2025-12-31 03:14:53 - mkk_comic - app.py:582 - INFO - 正在下载第 107/206 页...
2025-12-31 03:14:53 - mkk_comic - app.py:582 - INFO - 正在下载第 108/206 页...
2025-12-31 03:14:53 - mkk_comic - app.py:582 - INFO - 正在下载第 109/206 页...
2025-12-31 03:14:53 - mkk_comic - app.py:582 - INFO - 正在下载第 110/206 页...
2025-12-31 03:14:53 - mkk_comic - app.py:582 - INFO - 正在下载第 111/206 页...
2025-12-31 03:14:53 - mkk_comic - app.py:582 - INFO - 正在下载第 112/206 页...
2025-12-31 03:14:53 - mkk_comic - app.py:582 - INFO - 正在下载第 113/206 页...
2025-12-31 03:14:53 - mkk_comic - app.py:582 - INFO - 正在下载第 114/206 页...
2025-12-31 03:14:53 - mkk_comic - app.py:582 - INFO - 正在下载第 115/206 页...
2025-12-31 03:14:53 - mkk_comic - app.py:582 - INFO - 正在下载第 116/206 页...
2025-12-31 03:14:53 - mkk_comic - app.py:582 - INFO - 正在下载第 117/206 页...
2025-12-31 03:14:53 - mkk_comic - app.py:582 - INFO - 正在下载第 118/206 页...
2025-12-31 03:14:53 - mkk_comic - app.py:582 - INFO - 正在下载第 119/206 页...
2025-12-31 03:14:53 - mkk_comic - app.py:582 - INFO - 正在下载第 120/206 页...
2025-12-31 03:14:53 - mkk_comic - app.py:582 - INFO - 正在下载第 121/206 页...
2025-12-31 03:14:53 - mkk_comic - app.py:582 - INFO - 正在下载第 122/206 页...
2025-12-31 03:14:53 - mkk_comic - app.py:582 - INFO - 正在下载第 123/206 页...
2025-12-31 03:14:53 - mkk_comic - app.py:582 - INFO - 正在下载第 124/206 页...
2025-12-31 03:14:53 - mkk_comic - app.py:582 - INFO - 正在下载第 125/206 页...
2025-12-31 03:14:53 - mkk_comic - app.py:582 - INFO - 正在下载第 126/206 页...
2025-12-31 03:14:54 - mkk_comic - app.py:582 - INFO - 正在下载第 127/206 页...
2025-12-31 03:14:54 - mkk_comic - app.py:582 - INFO - 正在下载第 128/206 页...
2025-12-31 03:14:54 - mkk_comic - app.py:582 - INFO - 正在下载第 129/206 页...
2025-12-31 03:14:54 - mkk_comic - app.py:582 - INFO - 正在下载第 130/206 页...
2025-12-31 03:14:54 - mkk_comic - app.py:582 - INFO - 正在下载第 131/206 页...
2025-12-31 03:14:54 - mkk_comic - app.py:582 - INFO - 正在下载第 132/206 页...
2025-12-31 03:14:54 - mkk_comic - app.py:582 - INFO - 正在下载第 133/206 页...
2025-12-31 03:14:54 - mkk_comic - app.py:582 - INFO - 正在下载第 134/206 页...
2025-12-31 03:14:54 - mkk_comic - app.py:582 - INFO - 正在下载第 135/206 页...
2025-12-31 03:14:54 - mkk_comic - app.py:582 - INFO - 正在下载第 136/206 页...
2025-12-31 03:14:54 - mkk_comic - app.py:582 - INFO - 正在下载第 137/206 页...
2025-12-31 03:14:54 - mkk_comic - app.py:582 - INFO - 正在下载第 138/206 页...
2025-12-31 03:14:54 - mkk_comic - app.py:582 - INFO - 正在下载第 139/206 页...
2025-12-31 03:14:54 - mkk_comic - app.py:582 - INFO - 正在下载第 140/206 页...
2025-12-31 03:14:54 - mkk_comic - app.py:582 - INFO - 正在下载第 141/206 页...
2025-12-31 03:14:54 - mkk_comic - app.py:582 - INFO - 正在下载第 142/206 页...
2025-12-31 03:14:54 - mkk_comic - app.py:582 - INFO - 正在下载第 143/206 页...
2025-12-31 03:14:54 - mkk_comic - app.py:582 - INFO - 正在下载第 144/206 页...
2025-12-31 03:14:54 - mkk_comic - app.py:582 - INFO - 正在下载第 145/206 页...
2025-12-31 03:14:54 - mkk_comic - app.py:582 - INFO - 正在下载第 146/206 页...
2025-12-31 03:14:54 - mkk_comic - app.py:582 - INFO - 正在下载第 147/206 页...
2025-12-31 03:14:54 - mkk_comic - app.py:582 - INFO - 正在下载第 148/206 页...
2025-12-31 03:14:54 - mkk_comic - app.py:582 - INFO - 正在下载第 149/206 页...
2025-12-31 03:14:55 - mkk_comic - app.py:582 - INFO - 正在下载第 150/206 页...
2025-12-31 03:14:55 - mkk_comic - app.py:582 - INFO - 正在下载第 151/206 页...
2025-12-31 03:14:55 - mkk_comic - app.py:582 - INFO - 正在下载第 152/206 页...
2025-12-31 03:14:55 - mkk_comic - app.py:582 - INFO - 正在下载第 153/206 页...
2025-12-31 03:14:55 - mkk_comic - app.py:582 - INFO - 正在下载第 154/206 页...
2025-12-31 03:14:55 - mkk_comic - app.py:582 - INFO - 正在下载第 155/206 页...
2025-12-31 03:14:55 - mkk_comic - app.py:582 - INFO - 正在下载第 156/206 页...
2025-12-31 03:14:55 - mkk_comic - app.py:582 - INFO - 正在下载第 157/206 页...
2025-12-31 03:14:55 - mkk_comic - app.py:582 - INFO - 正在下载第 158/206 页...
2025-12-31 03:14:55 - mkk_comic - app.py:582 - INFO - 正在下载第 159/206 页...
2025-12-31 03:14:55 - mkk_comic - app.py:582 - INFO - 正在下载第 160/206 页...
2025-12-31 03:14:55 - mkk_comic - app.py:582 - INFO - 正在下载第 161/206 页...
2025-12-31 03:14:55 - mkk_comic - app.py:582 - INFO - 正在下载第 162/206 页...
2025-12-31 03:14:55 - mkk_comic - app.py:582 - INFO - 正在下载第 163/206 页...
2025-12-31 03:14:55 - mkk_comic - app.py:582 - INFO - 正在下载第 164/206 页...
2025-12-31 03:14:55 - mkk_comic - app.py:582 - INFO - 正在下载第 165/206 页...
2025-12-31 03:14:55 - mkk_comic - app.py:582 - INFO - 正在下载第 166/206 页...
2025-12-31 03:14:55 - mkk_comic - app.py:582 - INFO - 正在下载第 167/206 页...
2025-12-31 03:14:55 - mkk_comic - app.py:582 - INFO - 正在下载第 168/206 页...
2025-12-31 03:14:55 - mkk_comic - app.py:582 - INFO - 正在下载第 169/206 页...
2025-12-31 03:14:56 - mkk_comic - app.py:582 - INFO - 正在下载第 170/206 页...
2025-12-31 03:14:56 - mkk_comic - app.py:582 - INFO - 正在下载第 171/206 页...
2025-12-31 03:14:56 - mkk_comic - app.py:582 - INFO - 正在下载第 172/206 页...
2025-12-31 03:14:56 - mkk_comic - app.py:582 - INFO - 正在下载第 173/206 页...
2025-12-31 03:14:56 - mkk_comic - app.py:582 - INFO - 正在下载第 174/206 页...
2025-12-31 03:14:56 - mkk_comic - app.py:582 - INFO - 正在下载第 175/206 页...
2025-12-31 03:14:56 - mkk_comic - app.py:582 - INFO - 正在下载第 176/206 页...
2025-12-31 03:14:56 - mkk_comic - app.py:582 - INFO - 正在下载第 177/206 页...
2025-12-31 03:14:56 - mkk_comic - app.py:582 - INFO - 正在下载第 178/206 页...
2025-12-31 03:14:56 - mkk_comic - app.py:582 - INFO - 正在下载第 179/206 页...
2025-12-31 03:14:56 - mkk_comic - app.py:582 - INFO - 正在下载第 180/206 页...
2025-12-31 03:14:56 - mkk_comic - app.py:582 - INFO - 正在下载第 181/206 页...
2025-12-31 03:14:56 - mkk_comic - app.py:582 - INFO - 正在下载第 182/206 页...
2025-12-31 03:14:56 - mkk_comic - app.py:582 - INFO - 正在下载第 183/206 页...
2025-12-31 03:14:56 - mkk_comic - app.py:582 - INFO - 正在下载第 184/206 页...
2025-12-31 03:14:56 - mkk_comic - app.py:582 - INFO - 正在下载第 185/206 页...
2025-12-31 03:14:56 - mkk_comic - app.py:582 - INFO - 正在下载第 186/206 页...
2025-12-31 03:14:56 - mkk_comic - app.py:582 - INFO - 正在下载第 187/206 页...
2025-12-31 03:14:56 - mkk_comic - app.py:582 - INFO - 正在下载第 188/206 页...
2025-12-31 03:14:56 - mkk_comic - app.py:582 - INFO - 正在下载第 189/206 页...
2025-12-31 03:14:56 - mkk_comic - app.py:582 - INFO - 正在下载第 190/206 页...
2025-12-31 03:14:56 - mkk_comic - app.py:582 - INFO - 正在下载第 191/206 页...
2025-12-31 03:14:57 - mkk_comic - app.py:582 - INFO - 正在下载第 192/206 页...
2025-12-31 03:14:57 - mkk_comic - app.py:582 - INFO - 正在下载第 193/206 页...
2025-12-31 03:14:57 - mkk_comic - app.py:582 - INFO - 正在下载第 194/206 页...
2025-12-31 03:14:57 - mkk_comic - app.py:582 - INFO - 正在下载第 195/206 页...
2025-12-31 03:14:57 - mkk_comic - app.py:582 - INFO - 正在下载第 196/206 页...
2025-12-31 03:14:57 - mkk_comic - app.py:582 - INFO - 正在下载第 197/206 页...
2025-12-31 03:14:57 - mkk_comic - app.py:582 - INFO - 正在下载第 198/206 页...
2025-12-31 03:14:57 - mkk_comic - app.py:582 - INFO - 正在下载第 199/206 页...
2025-12-31 03:14:57 - mkk_comic - app.py:582 - INFO - 正在下载第 200/206 页...
2025-12-31 03:14:57 - mkk_comic - app.py:582 - INFO - 正在下载第 201/206 页...
2025-12-31 03:14:57 - mkk_comic - app.py:582 - INFO - 正在下载第 202/206 页...
2025-12-31 03:14:57 - mkk_comic - app.py:582 - INFO - 正在下载第 203/206 页...
2025-12-31 03:14:57 - mkk_comic - app.py:582 - INFO - 正在下载第 204/206 页...
2025-12-31 03:14:57 - mkk_comic - app.py:582 - INFO - 正在下载第 205/206 页...
2025-12-31 03:14:57 - mkk_comic - app.py:582 - INFO - 正在下载第 206/206 页...
2025-12-31 03:14:57 - mkk_comic - app.py:511 - INFO - 下载完成!
2025-12-31 03:14:57 - mkk_comic - app.py:512 - INFO - 成功下载: 206/206 页
2025-12-31 03:14:58 - mkk_comic - app.py:854 - INFO - 【海贼王】第50章下载失败，终止后续章节下载
2025-12-31 03:14:58 - mkk_comic - app.py:838 - INFO - 【电锯人】上次下载至第49章
2025-12-31 03:14:59 - mkk_comic - app.py:845 - INFO - 【电锯人】检测到更新！最新：250章
2025-12-31 03:14:59 - mkk_comic - app.py:848 - INFO - 【电锯人】最大下载限制为5章-需下载50~54章）
2025-12-31 03:15:00 - mkk_comic - app.py:494 - INFO - 正在下载第50章: 第45话    UUID:359c0f2a-fbae-11e9-8e09-00163e0ca5bd
2025-12-31 03:15:01 - mkk_comic - app.py:502 - INFO - 创建目录: ./out/電鋸人/第45话
2025-12-31 03:15:01 - mkk_comic - app.py:505 - INFO - 开始下载: 電鋸人 - 第45话
2025-12-31 03:15:01 - mkk_comic - app.py:506 - INFO - 总页数: 20
2025-12-31 03:15:01 - mkk_comic - app.py:582 - INFO - 正在下载第 001/020 页...
2025-12-31 03:15:01 - mkk_comic - app.py:582 - INFO - 正在下载第 002/020 页...
2025-12-31 03:15:01 - mkk_comic - app.py:582 - INFO - 正在下载第 003/020 页...
2025-12-31 03:15:01 - mkk_comic - app.py:582 - INFO - 正在下载第 004/020 页...
2025-12-31 03:15:01 - mkk_comic - app.py:582 - INFO - 正在下载第 005/020 页...
2025-12-31 03:15:01 - mkk_comic - app.py:582 - INFO - 正在下载第 006/020 页...
2025-12-31 03:15:01 - mkk_comic - app.py:582 - INFO - 正在下载第 007/020 页...
2025-12-31 03:15:01 - mkk_comic - app.py:582 - INFO - 正在下载第 008/020 页...
2025-12-31 03:15:01 - mkk_comic - app.py:582 - INFO - 正在下载第 009/020 页...
2025-12-31 03:15:01 - mkk_comic - app.py:582 - INFO - 正在下载第 010/020 页...
2025-12-31 03:15:01 - mkk_comic - app.py:582 - INFO - 正在下载第 011/020 页...
2025-12-31 03:15:01 - mkk_comic - app.py:582 - INFO - 正在下载第 012/020 页...
2025-12-31 03:15:01 - mkk_comic - app.py:582 - INFO - 正在下载第 013/020 页...
2025-12-31 03:15:01 - mkk_comic - app.py:582 - INFO - 正在下载第 014/020 页...
2025-12-31 03:15:01 - mkk_comic - app.py:582 - INFO - 正在下载第 015/020 页...
2025-12-31 03:15:01 - mkk_comic - app.py:582 - INFO - 正在下载第 016/020 页...
2025-12-31 03:15:01 - mkk_comic - app.py:582 - INFO - 正在下载第 017/020 页...
2025-12-31 03:15:01 - mkk_comic - app.py:582 - INFO - 正在下载第 018/020 页...
2025-12-31 03:15:02 - mkk_comic - app.py:582 - INFO - 正在下载第 019/020 页...
2025-12-31 03:15:02 - mkk_comic - app.py:582 - INFO - 正在下载第 020/020 页...
2025-12-31 03:15:02 - mkk_comic - app.py:511 - INFO - 下载完成!
2025-12-31 03:15:02 - mkk_comic - app.py:512 - INFO - 成功下载: 20/20 页
2025-12-31 03:15:03 - mkk_comic - app.py:854 - INFO - 【电锯人】第50章下载失败，终止后续章节下载
2025-12-31 03:15:03 - mkk_comic - app.py:858 - INFO - ===== 检查更新完成 =====

