2026-03-17 03:59:47 - mkk_comic - app.py:868 - INFO - 运行环境：GitHub Actions（自动化模式）
2026-03-17 03:59:47 - mkk_comic - app.py:825 - INFO - ===== 开始检查更新=====
2026-03-17 03:59:47 - mkk_comic - app.py:843 - INFO - 【海贼王】上次下载至第279章
2026-03-17 03:59:48 - mkk_comic - app.py:850 - INFO - 【海贼王】检测到更新！最新：381章
2026-03-17 03:59:48 - mkk_comic - app.py:853 - INFO - 【海贼王】最大下载限制为10章-需下载280~289章）
2026-03-17 03:59:49 - mkk_comic - app.py:494 - INFO - 正在下载第280章: 第1075话    UUID:e3ab6a2c-aff4-11ed-a2fb-024352452ce0
2026-03-17 03:59:49 - mkk_comic - app.py:502 - INFO - 创建目录: ./out/海贼王/第1075话
2026-03-17 03:59:49 - mkk_comic - app.py:505 - INFO - 开始下载: 海贼王 - 第1075话
2026-03-17 03:59:49 - mkk_comic - app.py:506 - INFO - 总页数: 15
2026-03-17 03:59:49 - mkk_comic - app.py:587 - INFO - 正在下载第 001/015 页...
2026-03-17 03:59:49 - mkk_comic - app.py:587 - INFO - 正在下载第 002/015 页...
2026-03-17 03:59:49 - mkk_comic - app.py:587 - INFO - 正在下载第 003/015 页...
2026-03-17 03:59:49 - mkk_comic - app.py:587 - INFO - 正在下载第 004/015 页...
2026-03-17 03:59:49 - mkk_comic - app.py:587 - INFO - 正在下载第 005/015 页...
2026-03-17 03:59:49 - mkk_comic - app.py:587 - INFO - 正在下载第 006/015 页...
2026-03-17 03:59:49 - mkk_comic - app.py:587 - INFO - 正在下载第 007/015 页...
2026-03-17 03:59:50 - mkk_comic - app.py:587 - INFO - 正在下载第 008/015 页...
2026-03-17 03:59:50 - mkk_comic - app.py:587 - INFO - 正在下载第 009/015 页...
2026-03-17 03:59:50 - mkk_comic - app.py:587 - INFO - 正在下载第 010/015 页...
2026-03-17 03:59:50 - mkk_comic - app.py:587 - INFO - 正在下载第 011/015 页...
2026-03-17 03:59:50 - mkk_comic - app.py:587 - INFO - 正在下载第 012/015 页...
2026-03-17 03:59:50 - mkk_comic - app.py:587 - INFO - 正在下载第 013/015 页...
2026-03-17 03:59:50 - mkk_comic - app.py:587 - INFO - 正在下载第 014/015 页...
2026-03-17 03:59:50 - mkk_comic - app.py:587 - INFO - 正在下载第 015/015 页...
2026-03-17 03:59:50 - mkk_comic - app.py:511 - INFO - 下载完成!
2026-03-17 03:59:50 - mkk_comic - app.py:512 - INFO - 成功下载: 15/15 页
2026-03-17 03:59:50 - mkk_comic - app.py:523 - INFO - 章节下载完成，等待 9.7 秒后继续...
2026-03-17 04:00:00 - mkk_comic - app.py:494 - INFO - 正在下载第281章: 第1076话    UUID:a3af6f18-b57b-11ed-a62e-024352452ce0
2026-03-17 04:00:01 - mkk_comic - app.py:502 - INFO - 创建目录: ./out/海贼王/第1076话
2026-03-17 04:00:01 - mkk_comic - app.py:505 - INFO - 开始下载: 海贼王 - 第1076话
2026-03-17 04:00:01 - mkk_comic - app.py:506 - INFO - 总页数: 15
2026-03-17 04:00:01 - mkk_comic - app.py:587 - INFO - 正在下载第 001/015 页...
2026-03-17 04:00:01 - mkk_comic - app.py:587 - INFO - 正在下载第 002/015 页...
2026-03-17 04:00:01 - mkk_comic - app.py:587 - INFO - 正在下载第 003/015 页...
2026-03-17 04:00:01 - mkk_comic - app.py:587 - INFO - 正在下载第 004/015 页...
2026-03-17 04:00:01 - mkk_comic - app.py:587 - INFO - 正在下载第 005/015 页...
2026-03-17 04:00:01 - mkk_comic - app.py:587 - INFO - 正在下载第 006/015 页...
2026-03-17 04:00:01 - mkk_comic - app.py:587 - INFO - 正在下载第 007/015 页...
2026-03-17 04:00:01 - mkk_comic - app.py:587 - INFO - 正在下载第 008/015 页...
2026-03-17 04:00:01 - mkk_comic - app.py:587 - INFO - 正在下载第 009/015 页...
2026-03-17 04:00:01 - mkk_comic - app.py:587 - INFO - 正在下载第 010/015 页...
2026-03-17 04:00:01 - mkk_comic - app.py:587 - INFO - 正在下载第 011/015 页...
2026-03-17 04:00:01 - mkk_comic - app.py:587 - INFO - 正在下载第 012/015 页...
2026-03-17 04:00:01 - mkk_comic - app.py:587 - INFO - 正在下载第 013/015 页...
2026-03-17 04:00:01 - mkk_comic - app.py:587 - INFO - 正在下载第 014/015 页...
2026-03-17 04:00:02 - mkk_comic - app.py:587 - INFO - 正在下载第 015/015 页...
2026-03-17 04:00:02 - mkk_comic - app.py:511 - INFO - 下载完成!
2026-03-17 04:00:02 - mkk_comic - app.py:512 - INFO - 成功下载: 15/15 页
2026-03-17 04:00:02 - mkk_comic - app.py:523 - INFO - 章节下载完成，等待 5.6 秒后继续...
2026-03-17 04:00:08 - mkk_comic - app.py:494 - INFO - 正在下载第282章: 第1077话    UUID:e2130502-c071-11ed-ab90-024352452ce0
2026-03-17 04:00:09 - mkk_comic - app.py:502 - INFO - 创建目录: ./out/海贼王/第1077话
2026-03-17 04:00:09 - mkk_comic - app.py:505 - INFO - 开始下载: 海贼王 - 第1077话
2026-03-17 04:00:09 - mkk_comic - app.py:506 - INFO - 总页数: 18
2026-03-17 04:00:09 - mkk_comic - app.py:587 - INFO - 正在下载第 001/018 页...
2026-03-17 04:00:09 - mkk_comic - app.py:587 - INFO - 正在下载第 002/018 页...
2026-03-17 04:00:09 - mkk_comic - app.py:587 - INFO - 正在下载第 003/018 页...
2026-03-17 04:00:09 - mkk_comic - app.py:587 - INFO - 正在下载第 004/018 页...
2026-03-17 04:00:09 - mkk_comic - app.py:587 - INFO - 正在下载第 005/018 页...
2026-03-17 04:00:09 - mkk_comic - app.py:587 - INFO - 正在下载第 006/018 页...
2026-03-17 04:00:09 - mkk_comic - app.py:587 - INFO - 正在下载第 007/018 页...
2026-03-17 04:00:09 - mkk_comic - app.py:587 - INFO - 正在下载第 008/018 页...
2026-03-17 04:00:09 - mkk_comic - app.py:587 - INFO - 正在下载第 009/018 页...
2026-03-17 04:00:09 - mkk_comic - app.py:587 - INFO - 正在下载第 010/018 页...
2026-03-17 04:00:09 - mkk_comic - app.py:587 - INFO - 正在下载第 011/018 页...
2026-03-17 04:00:09 - mkk_comic - app.py:587 - INFO - 正在下载第 012/018 页...
2026-03-17 04:00:09 - mkk_comic - app.py:587 - INFO - 正在下载第 013/018 页...
2026-03-17 04:00:09 - mkk_comic - app.py:587 - INFO - 正在下载第 014/018 页...
2026-03-17 04:00:09 - mkk_comic - app.py:587 - INFO - 正在下载第 015/018 页...
2026-03-17 04:00:09 - mkk_comic - app.py:587 - INFO - 正在下载第 016/018 页...
2026-03-17 04:00:09 - mkk_comic - app.py:587 - INFO - 正在下载第 017/018 页...
2026-03-17 04:00:09 - mkk_comic - app.py:587 - INFO - 正在下载第 018/018 页...
2026-03-17 04:00:10 - mkk_comic - app.py:511 - INFO - 下载完成!
2026-03-17 04:00:10 - mkk_comic - app.py:512 - INFO - 成功下载: 18/18 页
2026-03-17 04:00:10 - mkk_comic - app.py:523 - INFO - 章节下载完成，等待 6.9 秒后继续...
2026-03-17 04:00:17 - mkk_comic - app.py:494 - INFO - 正在下载第283章: 第1078话    UUID:ecfd28da-c6bb-11ed-aebb-024352452ce0
2026-03-17 04:00:18 - mkk_comic - app.py:502 - INFO - 创建目录: ./out/海贼王/第1078话
2026-03-17 04:00:18 - mkk_comic - app.py:505 - INFO - 开始下载: 海贼王 - 第1078话
2026-03-17 04:00:18 - mkk_comic - app.py:506 - INFO - 总页数: 15
2026-03-17 04:00:18 - mkk_comic - app.py:587 - INFO - 正在下载第 001/015 页...
2026-03-17 04:00:18 - mkk_comic - app.py:587 - INFO - 正在下载第 002/015 页...
2026-03-17 04:00:18 - mkk_comic - app.py:587 - INFO - 正在下载第 003/015 页...
2026-03-17 04:00:18 - mkk_comic - app.py:587 - INFO - 正在下载第 004/015 页...
2026-03-17 04:00:18 - mkk_comic - app.py:587 - INFO - 正在下载第 005/015 页...
2026-03-17 04:00:18 - mkk_comic - app.py:587 - INFO - 正在下载第 006/015 页...
2026-03-17 04:00:18 - mkk_comic - app.py:587 - INFO - 正在下载第 007/015 页...
2026-03-17 04:00:18 - mkk_comic - app.py:587 - INFO - 正在下载第 008/015 页...
2026-03-17 04:00:18 - mkk_comic - app.py:587 - INFO - 正在下载第 009/015 页...
2026-03-17 04:00:18 - mkk_comic - app.py:587 - INFO - 正在下载第 010/015 页...
2026-03-17 04:00:18 - mkk_comic - app.py:587 - INFO - 正在下载第 011/015 页...
2026-03-17 04:00:18 - mkk_comic - app.py:587 - INFO - 正在下载第 012/015 页...
2026-03-17 04:00:18 - mkk_comic - app.py:587 - INFO - 正在下载第 013/015 页...
2026-03-17 04:00:18 - mkk_comic - app.py:587 - INFO - 正在下载第 014/015 页...
2026-03-17 04:00:18 - mkk_comic - app.py:587 - INFO - 正在下载第 015/015 页...
2026-03-17 04:00:19 - mkk_comic - app.py:511 - INFO - 下载完成!
2026-03-17 04:00:19 - mkk_comic - app.py:512 - INFO - 成功下载: 15/15 页
2026-03-17 04:00:19 - mkk_comic - app.py:523 - INFO - 章节下载完成，等待 6.9 秒后继续...
2026-03-17 04:00:26 - mkk_comic - app.py:494 - INFO - 正在下载第284章: 第1079话    UUID:6f6d8fe4-cc48-11ed-b10d-024352452ce0
2026-03-17 04:00:27 - mkk_comic - app.py:502 - INFO - 创建目录: ./out/海贼王/第1079话
2026-03-17 04:00:27 - mkk_comic - app.py:505 - INFO - 开始下载: 海贼王 - 第1079话
2026-03-17 04:00:27 - mkk_comic - app.py:506 - INFO - 总页数: 15
2026-03-17 04:00:27 - mkk_comic - app.py:587 - INFO - 正在下载第 001/015 页...
2026-03-17 04:00:27 - mkk_comic - app.py:587 - INFO - 正在下载第 002/015 页...
2026-03-17 04:00:27 - mkk_comic - app.py:587 - INFO - 正在下载第 003/015 页...
2026-03-17 04:00:27 - mkk_comic - app.py:587 - INFO - 正在下载第 004/015 页...
2026-03-17 04:00:27 - mkk_comic - app.py:587 - INFO - 正在下载第 005/015 页...
2026-03-17 04:00:27 - mkk_comic - app.py:587 - INFO - 正在下载第 006/015 页...
2026-03-17 04:00:27 - mkk_comic - app.py:587 - INFO - 正在下载第 007/015 页...
2026-03-17 04:00:27 - mkk_comic - app.py:587 - INFO - 正在下载第 008/015 页...
2026-03-17 04:00:27 - mkk_comic - app.py:587 - INFO - 正在下载第 009/015 页...
2026-03-17 04:00:27 - mkk_comic - app.py:587 - INFO - 正在下载第 010/015 页...
2026-03-17 04:00:27 - mkk_comic - app.py:587 - INFO - 正在下载第 011/015 页...
2026-03-17 04:00:27 - mkk_comic - app.py:587 - INFO - 正在下载第 012/015 页...
2026-03-17 04:00:27 - mkk_comic - app.py:587 - INFO - 正在下载第 013/015 页...
2026-03-17 04:00:27 - mkk_comic - app.py:587 - INFO - 正在下载第 014/015 页...
2026-03-17 04:00:27 - mkk_comic - app.py:587 - INFO - 正在下载第 015/015 页...
2026-03-17 04:00:27 - mkk_comic - app.py:511 - INFO - 下载完成!
2026-03-17 04:00:27 - mkk_comic - app.py:512 - INFO - 成功下载: 15/15 页
2026-03-17 04:00:27 - mkk_comic - app.py:523 - INFO - 章节下载完成，等待 9.4 秒后继续...
2026-03-17 04:00:38 - mkk_comic - app.py:494 - INFO - 正在下载第285章: 第1080话    UUID:7358a4ab-d5ad-11ed-9521-024352452ce0
2026-03-17 04:00:38 - mkk_comic - app.py:502 - INFO - 创建目录: ./out/海贼王/第1080话
2026-03-17 04:00:38 - mkk_comic - app.py:505 - INFO - 开始下载: 海贼王 - 第1080话
2026-03-17 04:00:38 - mkk_comic - app.py:506 - INFO - 总页数: 17
2026-03-17 04:00:38 - mkk_comic - app.py:587 - INFO - 正在下载第 001/017 页...
2026-03-17 04:00:38 - mkk_comic - app.py:587 - INFO - 正在下载第 002/017 页...
2026-03-17 04:00:38 - mkk_comic - app.py:587 - INFO - 正在下载第 003/017 页...
2026-03-17 04:00:38 - mkk_comic - app.py:587 - INFO - 正在下载第 004/017 页...
2026-03-17 04:00:38 - mkk_comic - app.py:587 - INFO - 正在下载第 005/017 页...
2026-03-17 04:00:38 - mkk_comic - app.py:587 - INFO - 正在下载第 006/017 页...
2026-03-17 04:00:38 - mkk_comic - app.py:587 - INFO - 正在下载第 007/017 页...
2026-03-17 04:00:39 - mkk_comic - app.py:587 - INFO - 正在下载第 008/017 页...
2026-03-17 04:00:39 - mkk_comic - app.py:587 - INFO - 正在下载第 009/017 页...
2026-03-17 04:00:39 - mkk_comic - app.py:587 - INFO - 正在下载第 010/017 页...
2026-03-17 04:00:39 - mkk_comic - app.py:587 - INFO - 正在下载第 011/017 页...
2026-03-17 04:00:39 - mkk_comic - app.py:587 - INFO - 正在下载第 012/017 页...
2026-03-17 04:00:39 - mkk_comic - app.py:587 - INFO - 正在下载第 013/017 页...
2026-03-17 04:00:39 - mkk_comic - app.py:587 - INFO - 正在下载第 014/017 页...
2026-03-17 04:00:39 - mkk_comic - app.py:587 - INFO - 正在下载第 015/017 页...
2026-03-17 04:00:39 - mkk_comic - app.py:587 - INFO - 正在下载第 016/017 页...
2026-03-17 04:00:39 - mkk_comic - app.py:587 - INFO - 正在下载第 017/017 页...
2026-03-17 04:00:39 - mkk_comic - app.py:511 - INFO - 下载完成!
2026-03-17 04:00:39 - mkk_comic - app.py:512 - INFO - 成功下载: 17/17 页
2026-03-17 04:00:39 - mkk_comic - app.py:523 - INFO - 章节下载完成，等待 9.0 秒后继续...
2026-03-17 04:00:49 - mkk_comic - app.py:494 - INFO - 正在下载第286章: 第1081话    UUID:17fd3e54-e32c-11ed-9280-024352452ce0
2026-03-17 04:00:50 - mkk_comic - app.py:502 - INFO - 创建目录: ./out/海贼王/第1081话
2026-03-17 04:00:50 - mkk_comic - app.py:505 - INFO - 开始下载: 海贼王 - 第1081话
2026-03-17 04:00:50 - mkk_comic - app.py:506 - INFO - 总页数: 19
2026-03-17 04:00:50 - mkk_comic - app.py:587 - INFO - 正在下载第 001/019 页...
2026-03-17 04:00:50 - mkk_comic - app.py:587 - INFO - 正在下载第 002/019 页...
2026-03-17 04:00:50 - mkk_comic - app.py:587 - INFO - 正在下载第 003/019 页...
2026-03-17 04:00:50 - mkk_comic - app.py:587 - INFO - 正在下载第 004/019 页...
2026-03-17 04:00:50 - mkk_comic - app.py:587 - INFO - 正在下载第 005/019 页...
2026-03-17 04:00:50 - mkk_comic - app.py:587 - INFO - 正在下载第 006/019 页...
2026-03-17 04:00:50 - mkk_comic - app.py:587 - INFO - 正在下载第 007/019 页...
2026-03-17 04:00:50 - mkk_comic - app.py:587 - INFO - 正在下载第 008/019 页...
2026-03-17 04:00:50 - mkk_comic - app.py:587 - INFO - 正在下载第 009/019 页...
2026-03-17 04:00:50 - mkk_comic - app.py:587 - INFO - 正在下载第 010/019 页...
2026-03-17 04:00:50 - mkk_comic - app.py:587 - INFO - 正在下载第 011/019 页...
2026-03-17 04:00:50 - mkk_comic - app.py:587 - INFO - 正在下载第 012/019 页...
2026-03-17 04:00:50 - mkk_comic - app.py:587 - INFO - 正在下载第 013/019 页...
2026-03-17 04:00:50 - mkk_comic - app.py:587 - INFO - 正在下载第 014/019 页...
2026-03-17 04:00:50 - mkk_comic - app.py:587 - INFO - 正在下载第 015/019 页...
2026-03-17 04:00:50 - mkk_comic - app.py:587 - INFO - 正在下载第 016/019 页...
2026-03-17 04:00:50 - mkk_comic - app.py:587 - INFO - 正在下载第 017/019 页...
2026-03-17 04:00:50 - mkk_comic - app.py:587 - INFO - 正在下载第 018/019 页...
2026-03-17 04:00:50 - mkk_comic - app.py:587 - INFO - 正在下载第 019/019 页...
2026-03-17 04:00:50 - mkk_comic - app.py:511 - INFO - 下载完成!
2026-03-17 04:00:50 - mkk_comic - app.py:512 - INFO - 成功下载: 19/19 页
2026-03-17 04:00:50 - mkk_comic - app.py:523 - INFO - 章节下载完成，等待 5.1 秒后继续...
2026-03-17 04:00:56 - mkk_comic - app.py:494 - INFO - 正在下载第287章: 第1082话    UUID:7e9a314f-e72e-11ed-9ed1-024352452ce0
2026-03-17 04:00:57 - mkk_comic - app.py:502 - INFO - 创建目录: ./out/海贼王/第1082话
2026-03-17 04:00:57 - mkk_comic - app.py:505 - INFO - 开始下载: 海贼王 - 第1082话
2026-03-17 04:00:57 - mkk_comic - app.py:506 - INFO - 总页数: 15
2026-03-17 04:00:57 - mkk_comic - app.py:587 - INFO - 正在下载第 001/015 页...
2026-03-17 04:00:57 - mkk_comic - app.py:587 - INFO - 正在下载第 002/015 页...
2026-03-17 04:00:57 - mkk_comic - app.py:587 - INFO - 正在下载第 003/015 页...
2026-03-17 04:00:57 - mkk_comic - app.py:587 - INFO - 正在下载第 004/015 页...
2026-03-17 04:00:57 - mkk_comic - app.py:587 - INFO - 正在下载第 005/015 页...
2026-03-17 04:00:57 - mkk_comic - app.py:587 - INFO - 正在下载第 006/015 页...
2026-03-17 04:00:57 - mkk_comic - app.py:587 - INFO - 正在下载第 007/015 页...
2026-03-17 04:00:57 - mkk_comic - app.py:587 - INFO - 正在下载第 008/015 页...
2026-03-17 04:00:57 - mkk_comic - app.py:587 - INFO - 正在下载第 009/015 页...
2026-03-17 04:00:57 - mkk_comic - app.py:587 - INFO - 正在下载第 010/015 页...
2026-03-17 04:00:57 - mkk_comic - app.py:587 - INFO - 正在下载第 011/015 页...
2026-03-17 04:00:57 - mkk_comic - app.py:587 - INFO - 正在下载第 012/015 页...
2026-03-17 04:00:57 - mkk_comic - app.py:587 - INFO - 正在下载第 013/015 页...
2026-03-17 04:00:57 - mkk_comic - app.py:587 - INFO - 正在下载第 014/015 页...
2026-03-17 04:00:57 - mkk_comic - app.py:587 - INFO - 正在下载第 015/015 页...
2026-03-17 04:00:57 - mkk_comic - app.py:511 - INFO - 下载完成!
2026-03-17 04:00:57 - mkk_comic - app.py:512 - INFO - 成功下载: 15/15 页
2026-03-17 04:00:57 - mkk_comic - app.py:523 - INFO - 章节下载完成，等待 6.9 秒后继续...
2026-03-17 04:01:05 - mkk_comic - app.py:494 - INFO - 正在下载第288章: 第1083话    UUID:4166f9de-f3b9-11ed-b78c-024352452ce0
2026-03-17 04:01:06 - mkk_comic - app.py:502 - INFO - 创建目录: ./out/海贼王/第1083话
2026-03-17 04:01:06 - mkk_comic - app.py:505 - INFO - 开始下载: 海贼王 - 第1083话
2026-03-17 04:01:06 - mkk_comic - app.py:506 - INFO - 总页数: 15
2026-03-17 04:01:06 - mkk_comic - app.py:587 - INFO - 正在下载第 001/015 页...
2026-03-17 04:01:06 - mkk_comic - app.py:587 - INFO - 正在下载第 002/015 页...
2026-03-17 04:01:06 - mkk_comic - app.py:587 - INFO - 正在下载第 003/015 页...
2026-03-17 04:01:06 - mkk_comic - app.py:587 - INFO - 正在下载第 004/015 页...
2026-03-17 04:01:06 - mkk_comic - app.py:587 - INFO - 正在下载第 005/015 页...
2026-03-17 04:01:06 - mkk_comic - app.py:587 - INFO - 正在下载第 006/015 页...
2026-03-17 04:01:06 - mkk_comic - app.py:587 - INFO - 正在下载第 007/015 页...
2026-03-17 04:01:06 - mkk_comic - app.py:587 - INFO - 正在下载第 008/015 页...
2026-03-17 04:01:06 - mkk_comic - app.py:587 - INFO - 正在下载第 009/015 页...
2026-03-17 04:01:06 - mkk_comic - app.py:587 - INFO - 正在下载第 010/015 页...
2026-03-17 04:01:06 - mkk_comic - app.py:587 - INFO - 正在下载第 011/015 页...
2026-03-17 04:01:06 - mkk_comic - app.py:587 - INFO - 正在下载第 012/015 页...
2026-03-17 04:01:06 - mkk_comic - app.py:587 - INFO - 正在下载第 013/015 页...
2026-03-17 04:01:06 - mkk_comic - app.py:587 - INFO - 正在下载第 014/015 页...
2026-03-17 04:01:06 - mkk_comic - app.py:587 - INFO - 正在下载第 015/015 页...
2026-03-17 04:01:06 - mkk_comic - app.py:511 - INFO - 下载完成!
2026-03-17 04:01:06 - mkk_comic - app.py:512 - INFO - 成功下载: 15/15 页
2026-03-17 04:01:06 - mkk_comic - app.py:523 - INFO - 章节下载完成，等待 6.9 秒后继续...
2026-03-17 04:01:14 - mkk_comic - app.py:494 - INFO - 正在下载第289章: 第1084话    UUID:1d0e5e1e-fa9b-11ed-a4de-d3d228a76de6
2026-03-17 04:01:15 - mkk_comic - app.py:502 - INFO - 创建目录: ./out/海贼王/第1084话
2026-03-17 04:01:15 - mkk_comic - app.py:505 - INFO - 开始下载: 海贼王 - 第1084话
2026-03-17 04:01:15 - mkk_comic - app.py:506 - INFO - 总页数: 17
2026-03-17 04:01:15 - mkk_comic - app.py:587 - INFO - 正在下载第 001/017 页...
2026-03-17 04:01:15 - mkk_comic - app.py:587 - INFO - 正在下载第 002/017 页...
2026-03-17 04:01:15 - mkk_comic - app.py:587 - INFO - 正在下载第 003/017 页...
2026-03-17 04:01:15 - mkk_comic - app.py:587 - INFO - 正在下载第 004/017 页...
2026-03-17 04:01:15 - mkk_comic - app.py:587 - INFO - 正在下载第 005/017 页...
2026-03-17 04:01:15 - mkk_comic - app.py:587 - INFO - 正在下载第 006/017 页...
2026-03-17 04:01:15 - mkk_comic - app.py:587 - INFO - 正在下载第 007/017 页...
2026-03-17 04:01:15 - mkk_comic - app.py:587 - INFO - 正在下载第 008/017 页...
2026-03-17 04:01:15 - mkk_comic - app.py:587 - INFO - 正在下载第 009/017 页...
2026-03-17 04:01:15 - mkk_comic - app.py:587 - INFO - 正在下载第 010/017 页...
2026-03-17 04:01:15 - mkk_comic - app.py:587 - INFO - 正在下载第 011/017 页...
2026-03-17 04:01:15 - mkk_comic - app.py:587 - INFO - 正在下载第 012/017 页...
2026-03-17 04:01:15 - mkk_comic - app.py:587 - INFO - 正在下载第 013/017 页...
2026-03-17 04:01:15 - mkk_comic - app.py:587 - INFO - 正在下载第 014/017 页...
2026-03-17 04:01:15 - mkk_comic - app.py:587 - INFO - 正在下载第 015/017 页...
2026-03-17 04:01:15 - mkk_comic - app.py:587 - INFO - 正在下载第 016/017 页...
2026-03-17 04:01:15 - mkk_comic - app.py:587 - INFO - 正在下载第 017/017 页...
2026-03-17 04:01:15 - mkk_comic - app.py:511 - INFO - 下载完成!
2026-03-17 04:01:15 - mkk_comic - app.py:512 - INFO - 成功下载: 17/17 页
2026-03-17 04:01:15 - mkk_comic - app.py:523 - INFO - 章节下载完成，等待 6.1 秒后继续...
2026-03-17 04:01:22 - mkk_comic - app.py:843 - INFO - 【电锯人】上次下载至第257章
2026-03-17 04:01:22 - mkk_comic - app.py:846 - INFO - 该漫画更新至257章，不需要更新
2026-03-17 04:01:22 - mkk_comic - app.py:863 - INFO - ===== 检查更新完成 =====

