2026-06-08 06:19:30 - mkk_comic - app.py:868 - INFO - 运行环境：GitHub Actions（自动化模式）
2026-06-08 06:19:30 - mkk_comic - app.py:825 - INFO - ===== 开始检查更新=====
2026-06-08 06:19:30 - mkk_comic - app.py:843 - INFO - 【海贼王】上次下载至第389章
2026-06-08 06:19:31 - mkk_comic - app.py:846 - INFO - 该漫画更新至389章，不需要更新
2026-06-08 06:19:31 - mkk_comic - app.py:843 - INFO - 【电锯人】上次下载至第258章
2026-06-08 06:19:32 - mkk_comic - app.py:846 - INFO - 该漫画更新至258章，不需要更新
2026-06-08 06:19:32 - mkk_comic - app.py:843 - INFO - 【魔都精兵的奴隸】上次下载至第203章
2026-06-08 06:19:32 - mkk_comic - app.py:850 - INFO - 【魔都精兵的奴隸】检测到更新！最新：205章
2026-06-08 06:19:32 - mkk_comic - app.py:853 - INFO - 【魔都精兵的奴隸】最大下载限制为60章-需下载204~205章）
2026-06-08 06:19:33 - mkk_comic - app.py:494 - INFO - 正在下载第204章: 21卷增页    UUID:6b1d79c0-62fb-11f1-8389-fa163e02432f
2026-06-08 06:19:34 - mkk_comic - app.py:502 - INFO - 创建目录: ./out/魔都精兵的奴隸/21卷增页
2026-06-08 06:19:34 - mkk_comic - app.py:505 - INFO - 开始下载: 魔都精兵的奴隸 - 21卷增页
2026-06-08 06:19:34 - mkk_comic - app.py:506 - INFO - 总页数: 15
2026-06-08 06:19:34 - mkk_comic - app.py:587 - INFO - 正在下载第 001/015 页...
2026-06-08 06:19:34 - mkk_comic - app.py:587 - INFO - 正在下载第 002/015 页...
2026-06-08 06:19:34 - mkk_comic - app.py:587 - INFO - 正在下载第 003/015 页...
2026-06-08 06:19:34 - mkk_comic - app.py:587 - INFO - 正在下载第 004/015 页...
2026-06-08 06:19:34 - mkk_comic - app.py:587 - INFO - 正在下载第 005/015 页...
2026-06-08 06:19:34 - mkk_comic - app.py:587 - INFO - 正在下载第 006/015 页...
2026-06-08 06:19:34 - mkk_comic - app.py:587 - INFO - 正在下载第 007/015 页...
2026-06-08 06:19:34 - mkk_comic - app.py:587 - INFO - 正在下载第 008/015 页...
2026-06-08 06:19:34 - mkk_comic - app.py:587 - INFO - 正在下载第 009/015 页...
2026-06-08 06:19:34 - mkk_comic - app.py:587 - INFO - 正在下载第 010/015 页...
2026-06-08 06:19:34 - mkk_comic - app.py:587 - INFO - 正在下载第 011/015 页...
2026-06-08 06:19:34 - mkk_comic - app.py:587 - INFO - 正在下载第 012/015 页...
2026-06-08 06:19:34 - mkk_comic - app.py:587 - INFO - 正在下载第 013/015 页...
2026-06-08 06:19:34 - mkk_comic - app.py:587 - INFO - 正在下载第 014/015 页...
2026-06-08 06:19:34 - mkk_comic - app.py:587 - INFO - 正在下载第 015/015 页...
2026-06-08 06:19:35 - mkk_comic - app.py:511 - INFO - 下载完成!
2026-06-08 06:19:35 - mkk_comic - app.py:512 - INFO - 成功下载: 15/15 页
2026-06-08 06:19:35 - mkk_comic - app.py:523 - INFO - 章节下载完成，等待 7.4 秒后继续...
2026-06-08 06:19:43 - mkk_comic - app.py:494 - INFO - 正在下载第205章: 第180话    UUID:79c91d2c-62fb-11f1-9459-fa163e02432f
2026-06-08 06:19:44 - mkk_comic - app.py:502 - INFO - 创建目录: ./out/魔都精兵的奴隸/第180话
2026-06-08 06:19:44 - mkk_comic - app.py:505 - INFO - 开始下载: 魔都精兵的奴隸 - 第180话
2026-06-08 06:19:44 - mkk_comic - app.py:506 - INFO - 总页数: 20
2026-06-08 06:19:44 - mkk_comic - app.py:587 - INFO - 正在下载第 001/020 页...
2026-06-08 06:19:44 - mkk_comic - app.py:587 - INFO - 正在下载第 002/020 页...
2026-06-08 06:19:44 - mkk_comic - app.py:587 - INFO - 正在下载第 003/020 页...
2026-06-08 06:19:44 - mkk_comic - app.py:587 - INFO - 正在下载第 004/020 页...
2026-06-08 06:19:44 - mkk_comic - app.py:587 - INFO - 正在下载第 005/020 页...
2026-06-08 06:19:44 - mkk_comic - app.py:587 - INFO - 正在下载第 006/020 页...
2026-06-08 06:19:44 - mkk_comic - app.py:587 - INFO - 正在下载第 007/020 页...
2026-06-08 06:19:44 - mkk_comic - app.py:587 - INFO - 正在下载第 008/020 页...
2026-06-08 06:19:44 - mkk_comic - app.py:587 - INFO - 正在下载第 009/020 页...
2026-06-08 06:19:44 - mkk_comic - app.py:587 - INFO - 正在下载第 010/020 页...
2026-06-08 06:19:44 - mkk_comic - app.py:587 - INFO - 正在下载第 011/020 页...
2026-06-08 06:19:44 - mkk_comic - app.py:587 - INFO - 正在下载第 012/020 页...
2026-06-08 06:19:44 - mkk_comic - app.py:587 - INFO - 正在下载第 013/020 页...
2026-06-08 06:19:44 - mkk_comic - app.py:587 - INFO - 正在下载第 014/020 页...
2026-06-08 06:19:44 - mkk_comic - app.py:587 - INFO - 正在下载第 015/020 页...
2026-06-08 06:19:44 - mkk_comic - app.py:587 - INFO - 正在下载第 016/020 页...
2026-06-08 06:19:44 - mkk_comic - app.py:587 - INFO - 正在下载第 017/020 页...
2026-06-08 06:19:44 - mkk_comic - app.py:587 - INFO - 正在下载第 018/020 页...
2026-06-08 06:19:44 - mkk_comic - app.py:587 - INFO - 正在下载第 019/020 页...
2026-06-08 06:19:44 - mkk_comic - app.py:587 - INFO - 正在下载第 020/020 页...
2026-06-08 06:19:44 - mkk_comic - app.py:511 - INFO - 下载完成!
2026-06-08 06:19:44 - mkk_comic - app.py:512 - INFO - 成功下载: 20/20 页
2026-06-08 06:19:44 - mkk_comic - app.py:523 - INFO - 章节下载完成，等待 8.1 秒后继续...
2026-06-08 06:19:52 - mkk_comic - app.py:843 - INFO - 【我獨自升級】上次下载至第201章
2026-06-08 06:19:53 - mkk_comic - app.py:846 - INFO - 该漫画更新至201章，不需要更新
2026-06-08 06:19:53 - mkk_comic - app.py:843 - INFO - 【迷宮干】上次下载至第149章
2026-06-08 06:19:54 - mkk_comic - app.py:846 - INFO - 该漫画更新至149章，不需要更新
2026-06-08 06:19:54 - mkk_comic - app.py:863 - INFO - ===== 检查更新完成 =====

