2026-03-20 03:56:43 - mkk_comic - app.py:868 - INFO - 运行环境：GitHub Actions（自动化模式）
2026-03-20 03:56:43 - mkk_comic - app.py:825 - INFO - ===== 开始检查更新=====
2026-03-20 03:56:43 - mkk_comic - app.py:843 - INFO - 【海贼王】上次下载至第309章
2026-03-20 03:56:44 - mkk_comic - app.py:850 - INFO - 【海贼王】检测到更新！最新：381章
2026-03-20 03:56:44 - mkk_comic - app.py:853 - INFO - 【海贼王】最大下载限制为10章-需下载310~319章）
2026-03-20 03:56:45 - mkk_comic - app.py:494 - INFO - 正在下载第310章: 第1105话    UUID:5eb51cf6-bf2e-11ee-b070-55b00c27fb36
2026-03-20 03:56:45 - mkk_comic - app.py:502 - INFO - 创建目录: ./out/海贼王/第1105话
2026-03-20 03:56:45 - mkk_comic - app.py:505 - INFO - 开始下载: 海贼王 - 第1105话
2026-03-20 03:56:45 - mkk_comic - app.py:506 - INFO - 总页数: 11
2026-03-20 03:56:45 - mkk_comic - app.py:587 - INFO - 正在下载第 001/011 页...
2026-03-20 03:56:45 - mkk_comic - app.py:587 - INFO - 正在下载第 002/011 页...
2026-03-20 03:56:45 - mkk_comic - app.py:587 - INFO - 正在下载第 003/011 页...
2026-03-20 03:56:45 - mkk_comic - app.py:587 - INFO - 正在下载第 004/011 页...
2026-03-20 03:56:45 - mkk_comic - app.py:587 - INFO - 正在下载第 005/011 页...
2026-03-20 03:56:45 - mkk_comic - app.py:587 - INFO - 正在下载第 006/011 页...
2026-03-20 03:56:45 - mkk_comic - app.py:587 - INFO - 正在下载第 007/011 页...
2026-03-20 03:56:45 - mkk_comic - app.py:587 - INFO - 正在下载第 008/011 页...
2026-03-20 03:56:45 - mkk_comic - app.py:587 - INFO - 正在下载第 009/011 页...
2026-03-20 03:56:45 - mkk_comic - app.py:587 - INFO - 正在下载第 010/011 页...
2026-03-20 03:56:45 - mkk_comic - app.py:587 - INFO - 正在下载第 011/011 页...
2026-03-20 03:56:45 - mkk_comic - app.py:511 - INFO - 下载完成!
2026-03-20 03:56:45 - mkk_comic - app.py:512 - INFO - 成功下载: 11/11 页
2026-03-20 03:56:45 - mkk_comic - app.py:523 - INFO - 章节下载完成，等待 6.7 秒后继续...
2026-03-20 03:56:53 - mkk_comic - app.py:494 - INFO - 正在下载第311章: 第1106话    UUID:e42c446a-c35f-11ee-b351-55b00c27fb36
2026-03-20 03:56:53 - mkk_comic - app.py:502 - INFO - 创建目录: ./out/海贼王/第1106话
2026-03-20 03:56:53 - mkk_comic - app.py:505 - INFO - 开始下载: 海贼王 - 第1106话
2026-03-20 03:56:53 - mkk_comic - app.py:506 - INFO - 总页数: 13
2026-03-20 03:56:53 - mkk_comic - app.py:587 - INFO - 正在下载第 001/013 页...
2026-03-20 03:56:53 - mkk_comic - app.py:587 - INFO - 正在下载第 002/013 页...
2026-03-20 03:56:53 - mkk_comic - app.py:587 - INFO - 正在下载第 003/013 页...
2026-03-20 03:56:53 - mkk_comic - app.py:587 - INFO - 正在下载第 004/013 页...
2026-03-20 03:56:53 - mkk_comic - app.py:587 - INFO - 正在下载第 005/013 页...
2026-03-20 03:56:53 - mkk_comic - app.py:587 - INFO - 正在下载第 006/013 页...
2026-03-20 03:56:53 - mkk_comic - app.py:587 - INFO - 正在下载第 007/013 页...
2026-03-20 03:56:53 - mkk_comic - app.py:587 - INFO - 正在下载第 008/013 页...
2026-03-20 03:56:53 - mkk_comic - app.py:587 - INFO - 正在下载第 009/013 页...
2026-03-20 03:56:53 - mkk_comic - app.py:587 - INFO - 正在下载第 010/013 页...
2026-03-20 03:56:54 - mkk_comic - app.py:587 - INFO - 正在下载第 011/013 页...
2026-03-20 03:56:54 - mkk_comic - app.py:587 - INFO - 正在下载第 012/013 页...
2026-03-20 03:56:54 - mkk_comic - app.py:587 - INFO - 正在下载第 013/013 页...
2026-03-20 03:56:54 - mkk_comic - app.py:511 - INFO - 下载完成!
2026-03-20 03:56:54 - mkk_comic - app.py:512 - INFO - 成功下载: 13/13 页
2026-03-20 03:56:54 - mkk_comic - app.py:523 - INFO - 章节下载完成，等待 5.5 秒后继续...
2026-03-20 03:57:00 - mkk_comic - app.py:494 - INFO - 正在下载第312章: 第1107话    UUID:a742619e-d06e-11ee-b99b-55b00c27fb36
2026-03-20 03:57:01 - mkk_comic - app.py:502 - INFO - 创建目录: ./out/海贼王/第1107话
2026-03-20 03:57:01 - mkk_comic - app.py:505 - INFO - 开始下载: 海贼王 - 第1107话
2026-03-20 03:57:01 - mkk_comic - app.py:506 - INFO - 总页数: 17
2026-03-20 03:57:01 - mkk_comic - app.py:587 - INFO - 正在下载第 001/017 页...
2026-03-20 03:57:01 - mkk_comic - app.py:587 - INFO - 正在下载第 002/017 页...
2026-03-20 03:57:01 - mkk_comic - app.py:587 - INFO - 正在下载第 003/017 页...
2026-03-20 03:57:01 - mkk_comic - app.py:587 - INFO - 正在下载第 004/017 页...
2026-03-20 03:57:01 - mkk_comic - app.py:587 - INFO - 正在下载第 005/017 页...
2026-03-20 03:57:01 - mkk_comic - app.py:587 - INFO - 正在下载第 006/017 页...
2026-03-20 03:57:01 - mkk_comic - app.py:587 - INFO - 正在下载第 007/017 页...
2026-03-20 03:57:01 - mkk_comic - app.py:587 - INFO - 正在下载第 008/017 页...
2026-03-20 03:57:01 - mkk_comic - app.py:587 - INFO - 正在下载第 009/017 页...
2026-03-20 03:57:01 - mkk_comic - app.py:587 - INFO - 正在下载第 010/017 页...
2026-03-20 03:57:01 - mkk_comic - app.py:587 - INFO - 正在下载第 011/017 页...
2026-03-20 03:57:01 - mkk_comic - app.py:587 - INFO - 正在下载第 012/017 页...
2026-03-20 03:57:01 - mkk_comic - app.py:587 - INFO - 正在下载第 013/017 页...
2026-03-20 03:57:01 - mkk_comic - app.py:587 - INFO - 正在下载第 014/017 页...
2026-03-20 03:57:01 - mkk_comic - app.py:587 - INFO - 正在下载第 015/017 页...
2026-03-20 03:57:01 - mkk_comic - app.py:587 - INFO - 正在下载第 016/017 页...
2026-03-20 03:57:01 - mkk_comic - app.py:587 - INFO - 正在下载第 017/017 页...
2026-03-20 03:57:01 - mkk_comic - app.py:511 - INFO - 下载完成!
2026-03-20 03:57:01 - mkk_comic - app.py:512 - INFO - 成功下载: 17/17 页
2026-03-20 03:57:01 - mkk_comic - app.py:523 - INFO - 章节下载完成，等待 7.8 秒后继续...
2026-03-20 03:57:10 - mkk_comic - app.py:494 - INFO - 正在下载第313章: 第1108话    UUID:84780f66-d527-11ee-bd90-55b00c27fb36
2026-03-20 03:57:10 - mkk_comic - app.py:502 - INFO - 创建目录: ./out/海贼王/第1108话
2026-03-20 03:57:10 - mkk_comic - app.py:505 - INFO - 开始下载: 海贼王 - 第1108话
2026-03-20 03:57:10 - mkk_comic - app.py:506 - INFO - 总页数: 15
2026-03-20 03:57:10 - mkk_comic - app.py:587 - INFO - 正在下载第 001/015 页...
2026-03-20 03:57:10 - mkk_comic - app.py:587 - INFO - 正在下载第 002/015 页...
2026-03-20 03:57:10 - mkk_comic - app.py:587 - INFO - 正在下载第 003/015 页...
2026-03-20 03:57:10 - mkk_comic - app.py:587 - INFO - 正在下载第 004/015 页...
2026-03-20 03:57:10 - mkk_comic - app.py:587 - INFO - 正在下载第 005/015 页...
2026-03-20 03:57:11 - mkk_comic - app.py:587 - INFO - 正在下载第 006/015 页...
2026-03-20 03:57:11 - mkk_comic - app.py:587 - INFO - 正在下载第 007/015 页...
2026-03-20 03:57:11 - mkk_comic - app.py:587 - INFO - 正在下载第 008/015 页...
2026-03-20 03:57:11 - mkk_comic - app.py:587 - INFO - 正在下载第 009/015 页...
2026-03-20 03:57:11 - mkk_comic - app.py:587 - INFO - 正在下载第 010/015 页...
2026-03-20 03:57:11 - mkk_comic - app.py:587 - INFO - 正在下载第 011/015 页...
2026-03-20 03:57:11 - mkk_comic - app.py:587 - INFO - 正在下载第 012/015 页...
2026-03-20 03:57:11 - mkk_comic - app.py:587 - INFO - 正在下载第 013/015 页...
2026-03-20 03:57:11 - mkk_comic - app.py:587 - INFO - 正在下载第 014/015 页...
2026-03-20 03:57:11 - mkk_comic - app.py:587 - INFO - 正在下载第 015/015 页...
2026-03-20 03:57:11 - mkk_comic - app.py:511 - INFO - 下载完成!
2026-03-20 03:57:11 - mkk_comic - app.py:512 - INFO - 成功下载: 15/15 页
2026-03-20 03:57:11 - mkk_comic - app.py:523 - INFO - 章节下载完成，等待 6.5 秒后继续...
2026-03-20 03:57:18 - mkk_comic - app.py:494 - INFO - 正在下载第314章: 第1109话    UUID:03e4b298-daf2-11ee-814b-55b00c27fb36
2026-03-20 03:57:19 - mkk_comic - app.py:502 - INFO - 创建目录: ./out/海贼王/第1109话
2026-03-20 03:57:19 - mkk_comic - app.py:505 - INFO - 开始下载: 海贼王 - 第1109话
2026-03-20 03:57:19 - mkk_comic - app.py:506 - INFO - 总页数: 15
2026-03-20 03:57:19 - mkk_comic - app.py:587 - INFO - 正在下载第 001/015 页...
2026-03-20 03:57:19 - mkk_comic - app.py:587 - INFO - 正在下载第 002/015 页...
2026-03-20 03:57:19 - mkk_comic - app.py:587 - INFO - 正在下载第 003/015 页...
2026-03-20 03:57:19 - mkk_comic - app.py:587 - INFO - 正在下载第 004/015 页...
2026-03-20 03:57:19 - mkk_comic - app.py:587 - INFO - 正在下载第 005/015 页...
2026-03-20 03:57:19 - mkk_comic - app.py:587 - INFO - 正在下载第 006/015 页...
2026-03-20 03:57:19 - mkk_comic - app.py:587 - INFO - 正在下载第 007/015 页...
2026-03-20 03:57:19 - mkk_comic - app.py:587 - INFO - 正在下载第 008/015 页...
2026-03-20 03:57:19 - mkk_comic - app.py:587 - INFO - 正在下载第 009/015 页...
2026-03-20 03:57:19 - mkk_comic - app.py:587 - INFO - 正在下载第 010/015 页...
2026-03-20 03:57:19 - mkk_comic - app.py:587 - INFO - 正在下载第 011/015 页...
2026-03-20 03:57:19 - mkk_comic - app.py:587 - INFO - 正在下载第 012/015 页...
2026-03-20 03:57:19 - mkk_comic - app.py:587 - INFO - 正在下载第 013/015 页...
2026-03-20 03:57:19 - mkk_comic - app.py:587 - INFO - 正在下载第 014/015 页...
2026-03-20 03:57:19 - mkk_comic - app.py:587 - INFO - 正在下载第 015/015 页...
2026-03-20 03:57:19 - mkk_comic - app.py:511 - INFO - 下载完成!
2026-03-20 03:57:19 - mkk_comic - app.py:512 - INFO - 成功下载: 15/15 页
2026-03-20 03:57:19 - mkk_comic - app.py:523 - INFO - 章节下载完成，等待 6.8 秒后继续...
2026-03-20 03:57:26 - mkk_comic - app.py:494 - INFO - 正在下载第315章: 第1110话    UUID:5388efb6-e728-11ee-8a5b-55b00c27fb36
2026-03-20 03:57:27 - mkk_comic - app.py:502 - INFO - 创建目录: ./out/海贼王/第1110话
2026-03-20 03:57:27 - mkk_comic - app.py:505 - INFO - 开始下载: 海贼王 - 第1110话
2026-03-20 03:57:27 - mkk_comic - app.py:506 - INFO - 总页数: 17
2026-03-20 03:57:27 - mkk_comic - app.py:587 - INFO - 正在下载第 001/017 页...
2026-03-20 03:57:27 - mkk_comic - app.py:587 - INFO - 正在下载第 002/017 页...
2026-03-20 03:57:27 - mkk_comic - app.py:587 - INFO - 正在下载第 003/017 页...
2026-03-20 03:57:27 - mkk_comic - app.py:587 - INFO - 正在下载第 004/017 页...
2026-03-20 03:57:27 - mkk_comic - app.py:587 - INFO - 正在下载第 005/017 页...
2026-03-20 03:57:27 - mkk_comic - app.py:587 - INFO - 正在下载第 006/017 页...
2026-03-20 03:57:27 - mkk_comic - app.py:587 - INFO - 正在下载第 007/017 页...
2026-03-20 03:57:27 - mkk_comic - app.py:587 - INFO - 正在下载第 008/017 页...
2026-03-20 03:57:27 - mkk_comic - app.py:587 - INFO - 正在下载第 009/017 页...
2026-03-20 03:57:27 - mkk_comic - app.py:587 - INFO - 正在下载第 010/017 页...
2026-03-20 03:57:27 - mkk_comic - app.py:587 - INFO - 正在下载第 011/017 页...
2026-03-20 03:57:27 - mkk_comic - app.py:587 - INFO - 正在下载第 012/017 页...
2026-03-20 03:57:27 - mkk_comic - app.py:587 - INFO - 正在下载第 013/017 页...
2026-03-20 03:57:27 - mkk_comic - app.py:587 - INFO - 正在下载第 014/017 页...
2026-03-20 03:57:27 - mkk_comic - app.py:587 - INFO - 正在下载第 015/017 页...
2026-03-20 03:57:27 - mkk_comic - app.py:587 - INFO - 正在下载第 016/017 页...
2026-03-20 03:57:27 - mkk_comic - app.py:587 - INFO - 正在下载第 017/017 页...
2026-03-20 03:57:27 - mkk_comic - app.py:511 - INFO - 下载完成!
2026-03-20 03:57:27 - mkk_comic - app.py:512 - INFO - 成功下载: 17/17 页
2026-03-20 03:57:27 - mkk_comic - app.py:523 - INFO - 章节下载完成，等待 7.1 秒后继续...
2026-03-20 03:57:35 - mkk_comic - app.py:494 - INFO - 正在下载第316章: 第1111话    UUID:2a1b1612-eb34-11ee-8cbb-55b00c27fb36
2026-03-20 03:57:36 - mkk_comic - app.py:502 - INFO - 创建目录: ./out/海贼王/第1111话
2026-03-20 03:57:36 - mkk_comic - app.py:505 - INFO - 开始下载: 海贼王 - 第1111话
2026-03-20 03:57:36 - mkk_comic - app.py:506 - INFO - 总页数: 19
2026-03-20 03:57:36 - mkk_comic - app.py:587 - INFO - 正在下载第 001/019 页...
2026-03-20 03:57:36 - mkk_comic - app.py:587 - INFO - 正在下载第 002/019 页...
2026-03-20 03:57:36 - mkk_comic - app.py:587 - INFO - 正在下载第 003/019 页...
2026-03-20 03:57:36 - mkk_comic - app.py:587 - INFO - 正在下载第 004/019 页...
2026-03-20 03:57:36 - mkk_comic - app.py:587 - INFO - 正在下载第 005/019 页...
2026-03-20 03:57:36 - mkk_comic - app.py:587 - INFO - 正在下载第 006/019 页...
2026-03-20 03:57:36 - mkk_comic - app.py:587 - INFO - 正在下载第 007/019 页...
2026-03-20 03:57:36 - mkk_comic - app.py:587 - INFO - 正在下载第 008/019 页...
2026-03-20 03:57:36 - mkk_comic - app.py:587 - INFO - 正在下载第 009/019 页...
2026-03-20 03:57:36 - mkk_comic - app.py:587 - INFO - 正在下载第 010/019 页...
2026-03-20 03:57:36 - mkk_comic - app.py:587 - INFO - 正在下载第 011/019 页...
2026-03-20 03:57:36 - mkk_comic - app.py:587 - INFO - 正在下载第 012/019 页...
2026-03-20 03:57:36 - mkk_comic - app.py:587 - INFO - 正在下载第 013/019 页...
2026-03-20 03:57:36 - mkk_comic - app.py:587 - INFO - 正在下载第 014/019 页...
2026-03-20 03:57:36 - mkk_comic - app.py:587 - INFO - 正在下载第 015/019 页...
2026-03-20 03:57:36 - mkk_comic - app.py:587 - INFO - 正在下载第 016/019 页...
2026-03-20 03:57:36 - mkk_comic - app.py:587 - INFO - 正在下载第 017/019 页...
2026-03-20 03:57:36 - mkk_comic - app.py:587 - INFO - 正在下载第 018/019 页...
2026-03-20 03:57:36 - mkk_comic - app.py:587 - INFO - 正在下载第 019/019 页...
2026-03-20 03:57:36 - mkk_comic - app.py:511 - INFO - 下载完成!
2026-03-20 03:57:36 - mkk_comic - app.py:512 - INFO - 成功下载: 19/19 页
2026-03-20 03:57:36 - mkk_comic - app.py:523 - INFO - 章节下载完成，等待 6.9 秒后继续...
2026-03-20 03:57:44 - mkk_comic - app.py:494 - INFO - 正在下载第317章: 第1112话    UUID:57a7cf80-0123-11ef-836b-3f487b7d9a9a
2026-03-20 03:57:44 - mkk_comic - app.py:502 - INFO - 创建目录: ./out/海贼王/第1112话
2026-03-20 03:57:44 - mkk_comic - app.py:505 - INFO - 开始下载: 海贼王 - 第1112话
2026-03-20 03:57:44 - mkk_comic - app.py:506 - INFO - 总页数: 17
2026-03-20 03:57:44 - mkk_comic - app.py:587 - INFO - 正在下载第 001/017 页...
2026-03-20 03:57:44 - mkk_comic - app.py:587 - INFO - 正在下载第 002/017 页...
2026-03-20 03:57:44 - mkk_comic - app.py:587 - INFO - 正在下载第 003/017 页...
2026-03-20 03:57:44 - mkk_comic - app.py:587 - INFO - 正在下载第 004/017 页...
2026-03-20 03:57:44 - mkk_comic - app.py:587 - INFO - 正在下载第 005/017 页...
2026-03-20 03:57:44 - mkk_comic - app.py:587 - INFO - 正在下载第 006/017 页...
2026-03-20 03:57:44 - mkk_comic - app.py:587 - INFO - 正在下载第 007/017 页...
2026-03-20 03:57:44 - mkk_comic - app.py:587 - INFO - 正在下载第 008/017 页...
2026-03-20 03:57:44 - mkk_comic - app.py:587 - INFO - 正在下载第 009/017 页...
2026-03-20 03:57:44 - mkk_comic - app.py:587 - INFO - 正在下载第 010/017 页...
2026-03-20 03:57:44 - mkk_comic - app.py:587 - INFO - 正在下载第 011/017 页...
2026-03-20 03:57:44 - mkk_comic - app.py:587 - INFO - 正在下载第 012/017 页...
2026-03-20 03:57:44 - mkk_comic - app.py:587 - INFO - 正在下载第 013/017 页...
2026-03-20 03:57:44 - mkk_comic - app.py:587 - INFO - 正在下载第 014/017 页...
2026-03-20 03:57:44 - mkk_comic - app.py:587 - INFO - 正在下载第 015/017 页...
2026-03-20 03:57:44 - mkk_comic - app.py:587 - INFO - 正在下载第 016/017 页...
2026-03-20 03:57:44 - mkk_comic - app.py:587 - INFO - 正在下载第 017/017 页...
2026-03-20 03:57:45 - mkk_comic - app.py:511 - INFO - 下载完成!
2026-03-20 03:57:45 - mkk_comic - app.py:512 - INFO - 成功下载: 17/17 页
2026-03-20 03:57:45 - mkk_comic - app.py:523 - INFO - 章节下载完成，等待 8.7 秒后继续...
2026-03-20 03:57:54 - mkk_comic - app.py:494 - INFO - 正在下载第318章: 第1113话    UUID:20614176-06bb-11ef-848a-3f487b7d9a9a
2026-03-20 03:57:54 - mkk_comic - app.py:502 - INFO - 创建目录: ./out/海贼王/第1113话
2026-03-20 03:57:54 - mkk_comic - app.py:505 - INFO - 开始下载: 海贼王 - 第1113话
2026-03-20 03:57:54 - mkk_comic - app.py:506 - INFO - 总页数: 19
2026-03-20 03:57:54 - mkk_comic - app.py:587 - INFO - 正在下载第 001/019 页...
2026-03-20 03:57:54 - mkk_comic - app.py:587 - INFO - 正在下载第 002/019 页...
2026-03-20 03:57:54 - mkk_comic - app.py:587 - INFO - 正在下载第 003/019 页...
2026-03-20 03:57:54 - mkk_comic - app.py:587 - INFO - 正在下载第 004/019 页...
2026-03-20 03:57:54 - mkk_comic - app.py:587 - INFO - 正在下载第 005/019 页...
2026-03-20 03:57:55 - mkk_comic - app.py:587 - INFO - 正在下载第 006/019 页...
2026-03-20 03:57:55 - mkk_comic - app.py:587 - INFO - 正在下载第 007/019 页...
2026-03-20 03:57:55 - mkk_comic - app.py:587 - INFO - 正在下载第 008/019 页...
2026-03-20 03:57:55 - mkk_comic - app.py:587 - INFO - 正在下载第 009/019 页...
2026-03-20 03:57:55 - mkk_comic - app.py:587 - INFO - 正在下载第 010/019 页...
2026-03-20 03:57:55 - mkk_comic - app.py:587 - INFO - 正在下载第 011/019 页...
2026-03-20 03:57:55 - mkk_comic - app.py:587 - INFO - 正在下载第 012/019 页...
2026-03-20 03:57:55 - mkk_comic - app.py:587 - INFO - 正在下载第 013/019 页...
2026-03-20 03:57:55 - mkk_comic - app.py:587 - INFO - 正在下载第 014/019 页...
2026-03-20 03:57:55 - mkk_comic - app.py:587 - INFO - 正在下载第 015/019 页...
2026-03-20 03:57:55 - mkk_comic - app.py:587 - INFO - 正在下载第 016/019 页...
2026-03-20 03:57:55 - mkk_comic - app.py:587 - INFO - 正在下载第 017/019 页...
2026-03-20 03:57:55 - mkk_comic - app.py:587 - INFO - 正在下载第 018/019 页...
2026-03-20 03:57:55 - mkk_comic - app.py:587 - INFO - 正在下载第 019/019 页...
2026-03-20 03:57:55 - mkk_comic - app.py:511 - INFO - 下载完成!
2026-03-20 03:57:55 - mkk_comic - app.py:512 - INFO - 成功下载: 19/19 页
2026-03-20 03:57:55 - mkk_comic - app.py:523 - INFO - 章节下载完成，等待 5.5 秒后继续...
2026-03-20 03:58:01 - mkk_comic - app.py:494 - INFO - 正在下载第319章: 第1114话    UUID:cb95c568-10fb-11ef-8708-3f487b7d9a9a
2026-03-20 03:58:02 - mkk_comic - app.py:502 - INFO - 创建目录: ./out/海贼王/第1114话
2026-03-20 03:58:02 - mkk_comic - app.py:505 - INFO - 开始下载: 海贼王 - 第1114话
2026-03-20 03:58:02 - mkk_comic - app.py:506 - INFO - 总页数: 15
2026-03-20 03:58:02 - mkk_comic - app.py:587 - INFO - 正在下载第 001/015 页...
2026-03-20 03:58:02 - mkk_comic - app.py:587 - INFO - 正在下载第 002/015 页...
2026-03-20 03:58:02 - mkk_comic - app.py:587 - INFO - 正在下载第 003/015 页...
2026-03-20 03:58:02 - mkk_comic - app.py:587 - INFO - 正在下载第 004/015 页...
2026-03-20 03:58:02 - mkk_comic - app.py:587 - INFO - 正在下载第 005/015 页...
2026-03-20 03:58:02 - mkk_comic - app.py:587 - INFO - 正在下载第 006/015 页...
2026-03-20 03:58:02 - mkk_comic - app.py:587 - INFO - 正在下载第 007/015 页...
2026-03-20 03:58:02 - mkk_comic - app.py:587 - INFO - 正在下载第 008/015 页...
2026-03-20 03:58:02 - mkk_comic - app.py:587 - INFO - 正在下载第 009/015 页...
2026-03-20 03:58:02 - mkk_comic - app.py:587 - INFO - 正在下载第 010/015 页...
2026-03-20 03:58:02 - mkk_comic - app.py:587 - INFO - 正在下载第 011/015 页...
2026-03-20 03:58:02 - mkk_comic - app.py:587 - INFO - 正在下载第 012/015 页...
2026-03-20 03:58:02 - mkk_comic - app.py:587 - INFO - 正在下载第 013/015 页...
2026-03-20 03:58:02 - mkk_comic - app.py:587 - INFO - 正在下载第 014/015 页...
2026-03-20 03:58:02 - mkk_comic - app.py:587 - INFO - 正在下载第 015/015 页...
2026-03-20 03:58:02 - mkk_comic - app.py:511 - INFO - 下载完成!
2026-03-20 03:58:02 - mkk_comic - app.py:512 - INFO - 成功下载: 15/15 页
2026-03-20 03:58:02 - mkk_comic - app.py:523 - INFO - 章节下载完成，等待 5.6 秒后继续...
2026-03-20 03:58:08 - mkk_comic - app.py:843 - INFO - 【电锯人】上次下载至第257章
2026-03-20 03:58:08 - mkk_comic - app.py:846 - INFO - 该漫画更新至257章，不需要更新
2026-03-20 03:58:08 - mkk_comic - app.py:863 - INFO - ===== 检查更新完成 =====

