2026-04-09 04:15:18 - mkk_comic - app.py:868 - INFO - 运行环境：GitHub Actions（自动化模式）
2026-04-09 04:15:18 - mkk_comic - app.py:825 - INFO - ===== 开始检查更新=====
2026-04-09 04:15:18 - mkk_comic - app.py:843 - INFO - 【海贼王】上次下载至第383章
2026-04-09 04:15:19 - mkk_comic - app.py:850 - INFO - 【海贼王】检测到更新！最新：384章
2026-04-09 04:15:19 - mkk_comic - app.py:853 - INFO - 【海贼王】最大下载限制为10章-需下载384~384章）
2026-04-09 04:15:20 - mkk_comic - app.py:494 - INFO - 正在下载第384章: 第1179话    UUID:a23fac2e-3307-11f1-a183-fa163e02432f
2026-04-09 04:15:21 - mkk_comic - app.py:502 - INFO - 创建目录: ./out/海贼王/第1179话
2026-04-09 04:15:21 - mkk_comic - app.py:505 - INFO - 开始下载: 海贼王 - 第1179话
2026-04-09 04:15:21 - mkk_comic - app.py:506 - INFO - 总页数: 15
2026-04-09 04:15:21 - mkk_comic - app.py:587 - INFO - 正在下载第 001/015 页...
2026-04-09 04:15:21 - mkk_comic - app.py:587 - INFO - 正在下载第 002/015 页...
2026-04-09 04:15:21 - mkk_comic - app.py:587 - INFO - 正在下载第 003/015 页...
2026-04-09 04:15:21 - mkk_comic - app.py:587 - INFO - 正在下载第 004/015 页...
2026-04-09 04:15:21 - mkk_comic - app.py:587 - INFO - 正在下载第 005/015 页...
2026-04-09 04:15:21 - mkk_comic - app.py:587 - INFO - 正在下载第 006/015 页...
2026-04-09 04:15:21 - mkk_comic - app.py:587 - INFO - 正在下载第 007/015 页...
2026-04-09 04:15:21 - mkk_comic - app.py:587 - INFO - 正在下载第 008/015 页...
2026-04-09 04:15:21 - mkk_comic - app.py:587 - INFO - 正在下载第 009/015 页...
2026-04-09 04:15:21 - mkk_comic - app.py:587 - INFO - 正在下载第 010/015 页...
2026-04-09 04:15:21 - mkk_comic - app.py:587 - INFO - 正在下载第 011/015 页...
2026-04-09 04:15:21 - mkk_comic - app.py:587 - INFO - 正在下载第 012/015 页...
2026-04-09 04:15:21 - mkk_comic - app.py:587 - INFO - 正在下载第 013/015 页...
2026-04-09 04:15:21 - mkk_comic - app.py:587 - INFO - 正在下载第 014/015 页...
2026-04-09 04:15:21 - mkk_comic - app.py:587 - INFO - 正在下载第 015/015 页...
2026-04-09 04:15:21 - mkk_comic - app.py:511 - INFO - 下载完成!
2026-04-09 04:15:21 - mkk_comic - app.py:512 - INFO - 成功下载: 15/15 页
2026-04-09 04:15:21 - mkk_comic - app.py:523 - INFO - 章节下载完成，等待 8.1 秒后继续...
2026-04-09 04:15:29 - mkk_comic - app.py:843 - INFO - 【电锯人】上次下载至第258章
2026-04-09 04:15:30 - mkk_comic - app.py:846 - INFO - 该漫画更新至258章，不需要更新
2026-04-09 04:15:30 - mkk_comic - app.py:843 - INFO - 【魔都精兵的奴隸】上次下载至第201章
2026-04-09 04:15:31 - mkk_comic - app.py:846 - INFO - 该漫画更新至201章，不需要更新
2026-04-09 04:15:31 - mkk_comic - app.py:843 - INFO - 【我獨自升級】上次下载至第201章
2026-04-09 04:15:32 - mkk_comic - app.py:846 - INFO - 该漫画更新至201章，不需要更新
2026-04-09 04:15:32 - mkk_comic - app.py:843 - INFO - 【迷宮干】上次下载至第149章
2026-04-09 04:15:33 - mkk_comic - app.py:846 - INFO - 该漫画更新至149章，不需要更新
2026-04-09 04:15:33 - mkk_comic - app.py:863 - INFO - ===== 检查更新完成 =====

