2026-02-23 04:05:49 - mkk_comic - app.py:863 - INFO - 运行环境：GitHub Actions（自动化模式）
2026-02-23 04:05:49 - mkk_comic - app.py:820 - INFO - ===== 开始检查更新=====
2026-02-23 04:05:49 - mkk_comic - app.py:838 - INFO - 【海贼王】上次下载至第59章
2026-02-23 04:05:50 - mkk_comic - app.py:845 - INFO - 【海贼王】检测到更新！最新：378章
2026-02-23 04:05:50 - mkk_comic - app.py:848 - INFO - 【海贼王】最大下载限制为5章-需下载60~64章）
2026-02-23 04:05:51 - mkk_comic - app.py:494 - INFO - 正在下载第60章: 60卷    UUID:7a180249-c7d8-11e8-882e-024352452ce0
2026-02-23 04:05:51 - mkk_comic - app.py:502 - INFO - 创建目录: ./out/海贼王/60卷
2026-02-23 04:05:51 - mkk_comic - app.py:505 - INFO - 开始下载: 海贼王 - 60卷
2026-02-23 04:05:51 - mkk_comic - app.py:506 - INFO - 总页数: 215
2026-02-23 04:05:51 - mkk_comic - app.py:582 - INFO - 正在下载第 001/215 页...
2026-02-23 04:05:51 - mkk_comic - app.py:582 - INFO - 正在下载第 002/215 页...
2026-02-23 04:05:51 - mkk_comic - app.py:582 - INFO - 正在下载第 003/215 页...
2026-02-23 04:05:51 - mkk_comic - app.py:582 - INFO - 正在下载第 004/215 页...
2026-02-23 04:05:51 - mkk_comic - app.py:582 - INFO - 正在下载第 005/215 页...
2026-02-23 04:05:51 - mkk_comic - app.py:582 - INFO - 正在下载第 006/215 页...
2026-02-23 04:05:51 - mkk_comic - app.py:582 - INFO - 正在下载第 007/215 页...
2026-02-23 04:05:51 - mkk_comic - app.py:582 - INFO - 正在下载第 008/215 页...
2026-02-23 04:05:51 - mkk_comic - app.py:582 - INFO - 正在下载第 009/215 页...
2026-02-23 04:05:51 - mkk_comic - app.py:582 - INFO - 正在下载第 010/215 页...
2026-02-23 04:05:51 - mkk_comic - app.py:582 - INFO - 正在下载第 011/215 页...
2026-02-23 04:05:51 - mkk_comic - app.py:582 - INFO - 正在下载第 012/215 页...
2026-02-23 04:05:51 - mkk_comic - app.py:582 - INFO - 正在下载第 013/215 页...
2026-02-23 04:05:51 - mkk_comic - app.py:582 - INFO - 正在下载第 014/215 页...
2026-02-23 04:05:51 - mkk_comic - app.py:582 - INFO - 正在下载第 015/215 页...
2026-02-23 04:05:52 - mkk_comic - app.py:582 - INFO - 正在下载第 016/215 页...
2026-02-23 04:05:52 - mkk_comic - app.py:582 - INFO - 正在下载第 017/215 页...
2026-02-23 04:05:52 - mkk_comic - app.py:582 - INFO - 正在下载第 018/215 页...
2026-02-23 04:05:52 - mkk_comic - app.py:582 - INFO - 正在下载第 019/215 页...
2026-02-23 04:05:52 - mkk_comic - app.py:582 - INFO - 正在下载第 020/215 页...
2026-02-23 04:05:52 - mkk_comic - app.py:582 - INFO - 正在下载第 021/215 页...
2026-02-23 04:05:52 - mkk_comic - app.py:582 - INFO - 正在下载第 022/215 页...
2026-02-23 04:05:52 - mkk_comic - app.py:582 - INFO - 正在下载第 023/215 页...
2026-02-23 04:05:52 - mkk_comic - app.py:582 - INFO - 正在下载第 024/215 页...
2026-02-23 04:05:52 - mkk_comic - app.py:582 - INFO - 正在下载第 025/215 页...
2026-02-23 04:05:52 - mkk_comic - app.py:582 - INFO - 正在下载第 026/215 页...
2026-02-23 04:05:52 - mkk_comic - app.py:582 - INFO - 正在下载第 027/215 页...
2026-02-23 04:05:52 - mkk_comic - app.py:582 - INFO - 正在下载第 028/215 页...
2026-02-23 04:05:52 - mkk_comic - app.py:582 - INFO - 正在下载第 029/215 页...
2026-02-23 04:05:52 - mkk_comic - app.py:582 - INFO - 正在下载第 030/215 页...
2026-02-23 04:05:52 - mkk_comic - app.py:582 - INFO - 正在下载第 031/215 页...
2026-02-23 04:05:52 - mkk_comic - app.py:582 - INFO - 正在下载第 032/215 页...
2026-02-23 04:05:52 - mkk_comic - app.py:582 - INFO - 正在下载第 033/215 页...
2026-02-23 04:05:52 - mkk_comic - app.py:582 - INFO - 正在下载第 034/215 页...
2026-02-23 04:05:52 - mkk_comic - app.py:582 - INFO - 正在下载第 035/215 页...
2026-02-23 04:05:52 - mkk_comic - app.py:582 - INFO - 正在下载第 036/215 页...
2026-02-23 04:05:52 - mkk_comic - app.py:582 - INFO - 正在下载第 037/215 页...
2026-02-23 04:05:52 - mkk_comic - app.py:582 - INFO - 正在下载第 038/215 页...
2026-02-23 04:05:52 - mkk_comic - app.py:582 - INFO - 正在下载第 039/215 页...
2026-02-23 04:05:52 - mkk_comic - app.py:582 - INFO - 正在下载第 040/215 页...
2026-02-23 04:05:52 - mkk_comic - app.py:582 - INFO - 正在下载第 041/215 页...
2026-02-23 04:05:52 - mkk_comic - app.py:582 - INFO - 正在下载第 042/215 页...
2026-02-23 04:05:52 - mkk_comic - app.py:582 - INFO - 正在下载第 043/215 页...
2026-02-23 04:05:52 - mkk_comic - app.py:582 - INFO - 正在下载第 044/215 页...
2026-02-23 04:05:52 - mkk_comic - app.py:582 - INFO - 正在下载第 045/215 页...
2026-02-23 04:05:52 - mkk_comic - app.py:582 - INFO - 正在下载第 046/215 页...
2026-02-23 04:05:52 - mkk_comic - app.py:582 - INFO - 正在下载第 047/215 页...
2026-02-23 04:05:52 - mkk_comic - app.py:582 - INFO - 正在下载第 048/215 页...
2026-02-23 04:05:52 - mkk_comic - app.py:582 - INFO - 正在下载第 049/215 页...
2026-02-23 04:05:52 - mkk_comic - app.py:582 - INFO - 正在下载第 050/215 页...
2026-02-23 04:05:52 - mkk_comic - app.py:582 - INFO - 正在下载第 051/215 页...
2026-02-23 04:05:52 - mkk_comic - app.py:582 - INFO - 正在下载第 052/215 页...
2026-02-23 04:05:52 - mkk_comic - app.py:582 - INFO - 正在下载第 053/215 页...
2026-02-23 04:05:52 - mkk_comic - app.py:582 - INFO - 正在下载第 054/215 页...
2026-02-23 04:05:52 - mkk_comic - app.py:582 - INFO - 正在下载第 055/215 页...
2026-02-23 04:05:52 - mkk_comic - app.py:582 - INFO - 正在下载第 056/215 页...
2026-02-23 04:05:52 - mkk_comic - app.py:582 - INFO - 正在下载第 057/215 页...
2026-02-23 04:05:52 - mkk_comic - app.py:582 - INFO - 正在下载第 058/215 页...
2026-02-23 04:05:52 - mkk_comic - app.py:582 - INFO - 正在下载第 059/215 页...
2026-02-23 04:05:52 - mkk_comic - app.py:582 - INFO - 正在下载第 060/215 页...
2026-02-23 04:05:53 - mkk_comic - app.py:582 - INFO - 正在下载第 061/215 页...
2026-02-23 04:05:53 - mkk_comic - app.py:582 - INFO - 正在下载第 062/215 页...
2026-02-23 04:05:53 - mkk_comic - app.py:582 - INFO - 正在下载第 063/215 页...
2026-02-23 04:05:53 - mkk_comic - app.py:582 - INFO - 正在下载第 064/215 页...
2026-02-23 04:05:53 - mkk_comic - app.py:582 - INFO - 正在下载第 065/215 页...
2026-02-23 04:05:53 - mkk_comic - app.py:582 - INFO - 正在下载第 066/215 页...
2026-02-23 04:05:53 - mkk_comic - app.py:582 - INFO - 正在下载第 067/215 页...
2026-02-23 04:05:53 - mkk_comic - app.py:582 - INFO - 正在下载第 068/215 页...
2026-02-23 04:05:53 - mkk_comic - app.py:582 - INFO - 正在下载第 069/215 页...
2026-02-23 04:05:53 - mkk_comic - app.py:582 - INFO - 正在下载第 070/215 页...
2026-02-23 04:05:53 - mkk_comic - app.py:582 - INFO - 正在下载第 071/215 页...
2026-02-23 04:05:53 - mkk_comic - app.py:582 - INFO - 正在下载第 072/215 页...
2026-02-23 04:05:53 - mkk_comic - app.py:582 - INFO - 正在下载第 073/215 页...
2026-02-23 04:05:53 - mkk_comic - app.py:582 - INFO - 正在下载第 074/215 页...
2026-02-23 04:05:53 - mkk_comic - app.py:582 - INFO - 正在下载第 075/215 页...
2026-02-23 04:05:53 - mkk_comic - app.py:582 - INFO - 正在下载第 076/215 页...
2026-02-23 04:05:53 - mkk_comic - app.py:582 - INFO - 正在下载第 077/215 页...
2026-02-23 04:05:53 - mkk_comic - app.py:582 - INFO - 正在下载第 078/215 页...
2026-02-23 04:05:53 - mkk_comic - app.py:582 - INFO - 正在下载第 079/215 页...
2026-02-23 04:05:53 - mkk_comic - app.py:582 - INFO - 正在下载第 080/215 页...
2026-02-23 04:05:53 - mkk_comic - app.py:582 - INFO - 正在下载第 081/215 页...
2026-02-23 04:05:53 - mkk_comic - app.py:582 - INFO - 正在下载第 082/215 页...
2026-02-23 04:05:53 - mkk_comic - app.py:582 - INFO - 正在下载第 083/215 页...
2026-02-23 04:05:53 - mkk_comic - app.py:582 - INFO - 正在下载第 084/215 页...
2026-02-23 04:05:53 - mkk_comic - app.py:582 - INFO - 正在下载第 085/215 页...
2026-02-23 04:05:53 - mkk_comic - app.py:582 - INFO - 正在下载第 086/215 页...
2026-02-23 04:05:53 - mkk_comic - app.py:582 - INFO - 正在下载第 087/215 页...
2026-02-23 04:05:53 - mkk_comic - app.py:582 - INFO - 正在下载第 088/215 页...
2026-02-23 04:05:53 - mkk_comic - app.py:582 - INFO - 正在下载第 089/215 页...
2026-02-23 04:05:53 - mkk_comic - app.py:582 - INFO - 正在下载第 090/215 页...
2026-02-23 04:05:53 - mkk_comic - app.py:582 - INFO - 正在下载第 091/215 页...
2026-02-23 04:05:53 - mkk_comic - app.py:582 - INFO - 正在下载第 092/215 页...
2026-02-23 04:05:53 - mkk_comic - app.py:582 - INFO - 正在下载第 093/215 页...
2026-02-23 04:05:53 - mkk_comic - app.py:582 - INFO - 正在下载第 094/215 页...
2026-02-23 04:05:53 - mkk_comic - app.py:582 - INFO - 正在下载第 095/215 页...
2026-02-23 04:05:53 - mkk_comic - app.py:582 - INFO - 正在下载第 096/215 页...
2026-02-23 04:05:53 - mkk_comic - app.py:582 - INFO - 正在下载第 097/215 页...
2026-02-23 04:05:53 - mkk_comic - app.py:582 - INFO - 正在下载第 098/215 页...
2026-02-23 04:05:53 - mkk_comic - app.py:582 - INFO - 正在下载第 099/215 页...
2026-02-23 04:05:53 - mkk_comic - app.py:582 - INFO - 正在下载第 100/215 页...
2026-02-23 04:05:53 - mkk_comic - app.py:582 - INFO - 正在下载第 101/215 页...
2026-02-23 04:05:53 - mkk_comic - app.py:582 - INFO - 正在下载第 102/215 页...
2026-02-23 04:05:53 - mkk_comic - app.py:582 - INFO - 正在下载第 103/215 页...
2026-02-23 04:05:53 - mkk_comic - app.py:582 - INFO - 正在下载第 104/215 页...
2026-02-23 04:05:53 - mkk_comic - app.py:582 - INFO - 正在下载第 105/215 页...
2026-02-23 04:05:53 - mkk_comic - app.py:582 - INFO - 正在下载第 106/215 页...
2026-02-23 04:05:54 - mkk_comic - app.py:582 - INFO - 正在下载第 107/215 页...
2026-02-23 04:05:54 - mkk_comic - app.py:582 - INFO - 正在下载第 108/215 页...
2026-02-23 04:05:54 - mkk_comic - app.py:582 - INFO - 正在下载第 109/215 页...
2026-02-23 04:05:54 - mkk_comic - app.py:582 - INFO - 正在下载第 110/215 页...
2026-02-23 04:05:54 - mkk_comic - app.py:582 - INFO - 正在下载第 111/215 页...
2026-02-23 04:05:54 - mkk_comic - app.py:582 - INFO - 正在下载第 112/215 页...
2026-02-23 04:05:54 - mkk_comic - app.py:582 - INFO - 正在下载第 113/215 页...
2026-02-23 04:05:54 - mkk_comic - app.py:582 - INFO - 正在下载第 114/215 页...
2026-02-23 04:05:54 - mkk_comic - app.py:582 - INFO - 正在下载第 115/215 页...
2026-02-23 04:05:54 - mkk_comic - app.py:582 - INFO - 正在下载第 116/215 页...
2026-02-23 04:05:54 - mkk_comic - app.py:582 - INFO - 正在下载第 117/215 页...
2026-02-23 04:05:54 - mkk_comic - app.py:582 - INFO - 正在下载第 118/215 页...
2026-02-23 04:05:54 - mkk_comic - app.py:582 - INFO - 正在下载第 119/215 页...
2026-02-23 04:05:54 - mkk_comic - app.py:582 - INFO - 正在下载第 120/215 页...
2026-02-23 04:05:54 - mkk_comic - app.py:582 - INFO - 正在下载第 121/215 页...
2026-02-23 04:05:54 - mkk_comic - app.py:582 - INFO - 正在下载第 122/215 页...
2026-02-23 04:05:54 - mkk_comic - app.py:582 - INFO - 正在下载第 123/215 页...
2026-02-23 04:05:54 - mkk_comic - app.py:582 - INFO - 正在下载第 124/215 页...
2026-02-23 04:05:54 - mkk_comic - app.py:582 - INFO - 正在下载第 125/215 页...
2026-02-23 04:05:54 - mkk_comic - app.py:582 - INFO - 正在下载第 126/215 页...
2026-02-23 04:05:54 - mkk_comic - app.py:582 - INFO - 正在下载第 127/215 页...
2026-02-23 04:05:54 - mkk_comic - app.py:582 - INFO - 正在下载第 128/215 页...
2026-02-23 04:05:54 - mkk_comic - app.py:582 - INFO - 正在下载第 129/215 页...
2026-02-23 04:05:54 - mkk_comic - app.py:582 - INFO - 正在下载第 130/215 页...
2026-02-23 04:05:54 - mkk_comic - app.py:582 - INFO - 正在下载第 131/215 页...
2026-02-23 04:05:54 - mkk_comic - app.py:582 - INFO - 正在下载第 132/215 页...
2026-02-23 04:05:54 - mkk_comic - app.py:582 - INFO - 正在下载第 133/215 页...
2026-02-23 04:05:54 - mkk_comic - app.py:582 - INFO - 正在下载第 134/215 页...
2026-02-23 04:05:54 - mkk_comic - app.py:582 - INFO - 正在下载第 135/215 页...
2026-02-23 04:05:54 - mkk_comic - app.py:582 - INFO - 正在下载第 136/215 页...
2026-02-23 04:05:54 - mkk_comic - app.py:582 - INFO - 正在下载第 137/215 页...
2026-02-23 04:05:54 - mkk_comic - app.py:582 - INFO - 正在下载第 138/215 页...
2026-02-23 04:05:54 - mkk_comic - app.py:582 - INFO - 正在下载第 139/215 页...
2026-02-23 04:05:54 - mkk_comic - app.py:582 - INFO - 正在下载第 140/215 页...
2026-02-23 04:05:54 - mkk_comic - app.py:582 - INFO - 正在下载第 141/215 页...
2026-02-23 04:05:54 - mkk_comic - app.py:582 - INFO - 正在下载第 142/215 页...
2026-02-23 04:05:54 - mkk_comic - app.py:582 - INFO - 正在下载第 143/215 页...
2026-02-23 04:05:54 - mkk_comic - app.py:582 - INFO - 正在下载第 144/215 页...
2026-02-23 04:05:54 - mkk_comic - app.py:582 - INFO - 正在下载第 145/215 页...
2026-02-23 04:05:54 - mkk_comic - app.py:582 - INFO - 正在下载第 146/215 页...
2026-02-23 04:05:54 - mkk_comic - app.py:582 - INFO - 正在下载第 147/215 页...
2026-02-23 04:05:54 - mkk_comic - app.py:582 - INFO - 正在下载第 148/215 页...
2026-02-23 04:05:54 - mkk_comic - app.py:582 - INFO - 正在下载第 149/215 页...
2026-02-23 04:05:54 - mkk_comic - app.py:582 - INFO - 正在下载第 150/215 页...
2026-02-23 04:05:54 - mkk_comic - app.py:582 - INFO - 正在下载第 151/215 页...
2026-02-23 04:05:55 - mkk_comic - app.py:582 - INFO - 正在下载第 152/215 页...
2026-02-23 04:05:55 - mkk_comic - app.py:582 - INFO - 正在下载第 153/215 页...
2026-02-23 04:05:55 - mkk_comic - app.py:582 - INFO - 正在下载第 154/215 页...
2026-02-23 04:05:55 - mkk_comic - app.py:582 - INFO - 正在下载第 155/215 页...
2026-02-23 04:05:55 - mkk_comic - app.py:582 - INFO - 正在下载第 156/215 页...
2026-02-23 04:05:55 - mkk_comic - app.py:582 - INFO - 正在下载第 157/215 页...
2026-02-23 04:05:55 - mkk_comic - app.py:582 - INFO - 正在下载第 158/215 页...
2026-02-23 04:05:55 - mkk_comic - app.py:582 - INFO - 正在下载第 159/215 页...
2026-02-23 04:05:55 - mkk_comic - app.py:582 - INFO - 正在下载第 160/215 页...
2026-02-23 04:05:55 - mkk_comic - app.py:582 - INFO - 正在下载第 161/215 页...
2026-02-23 04:05:55 - mkk_comic - app.py:582 - INFO - 正在下载第 162/215 页...
2026-02-23 04:05:55 - mkk_comic - app.py:582 - INFO - 正在下载第 163/215 页...
2026-02-23 04:05:55 - mkk_comic - app.py:582 - INFO - 正在下载第 164/215 页...
2026-02-23 04:05:55 - mkk_comic - app.py:582 - INFO - 正在下载第 165/215 页...
2026-02-23 04:05:55 - mkk_comic - app.py:582 - INFO - 正在下载第 166/215 页...
2026-02-23 04:05:55 - mkk_comic - app.py:582 - INFO - 正在下载第 167/215 页...
2026-02-23 04:05:55 - mkk_comic - app.py:582 - INFO - 正在下载第 168/215 页...
2026-02-23 04:05:55 - mkk_comic - app.py:582 - INFO - 正在下载第 169/215 页...
2026-02-23 04:05:55 - mkk_comic - app.py:582 - INFO - 正在下载第 170/215 页...
2026-02-23 04:05:55 - mkk_comic - app.py:582 - INFO - 正在下载第 171/215 页...
2026-02-23 04:05:55 - mkk_comic - app.py:582 - INFO - 正在下载第 172/215 页...
2026-02-23 04:05:55 - mkk_comic - app.py:582 - INFO - 正在下载第 173/215 页...
2026-02-23 04:05:55 - mkk_comic - app.py:582 - INFO - 正在下载第 174/215 页...
2026-02-23 04:05:55 - mkk_comic - app.py:582 - INFO - 正在下载第 175/215 页...
2026-02-23 04:05:55 - mkk_comic - app.py:582 - INFO - 正在下载第 176/215 页...
2026-02-23 04:05:55 - mkk_comic - app.py:582 - INFO - 正在下载第 177/215 页...
2026-02-23 04:05:55 - mkk_comic - app.py:582 - INFO - 正在下载第 178/215 页...
2026-02-23 04:05:55 - mkk_comic - app.py:582 - INFO - 正在下载第 179/215 页...
2026-02-23 04:05:55 - mkk_comic - app.py:582 - INFO - 正在下载第 180/215 页...
2026-02-23 04:05:55 - mkk_comic - app.py:582 - INFO - 正在下载第 181/215 页...
2026-02-23 04:05:55 - mkk_comic - app.py:582 - INFO - 正在下载第 182/215 页...
2026-02-23 04:05:55 - mkk_comic - app.py:582 - INFO - 正在下载第 183/215 页...
2026-02-23 04:05:55 - mkk_comic - app.py:582 - INFO - 正在下载第 184/215 页...
2026-02-23 04:05:55 - mkk_comic - app.py:582 - INFO - 正在下载第 185/215 页...
2026-02-23 04:05:55 - mkk_comic - app.py:582 - INFO - 正在下载第 186/215 页...
2026-02-23 04:05:55 - mkk_comic - app.py:582 - INFO - 正在下载第 187/215 页...
2026-02-23 04:05:55 - mkk_comic - app.py:582 - INFO - 正在下载第 188/215 页...
2026-02-23 04:05:55 - mkk_comic - app.py:582 - INFO - 正在下载第 189/215 页...
2026-02-23 04:05:55 - mkk_comic - app.py:582 - INFO - 正在下载第 190/215 页...
2026-02-23 04:05:55 - mkk_comic - app.py:582 - INFO - 正在下载第 191/215 页...
2026-02-23 04:05:55 - mkk_comic - app.py:582 - INFO - 正在下载第 192/215 页...
2026-02-23 04:05:55 - mkk_comic - app.py:582 - INFO - 正在下载第 193/215 页...
2026-02-23 04:05:55 - mkk_comic - app.py:582 - INFO - 正在下载第 194/215 页...
2026-02-23 04:05:55 - mkk_comic - app.py:582 - INFO - 正在下载第 195/215 页...
2026-02-23 04:05:55 - mkk_comic - app.py:582 - INFO - 正在下载第 196/215 页...
2026-02-23 04:05:55 - mkk_comic - app.py:582 - INFO - 正在下载第 197/215 页...
2026-02-23 04:05:55 - mkk_comic - app.py:582 - INFO - 正在下载第 198/215 页...
2026-02-23 04:05:55 - mkk_comic - app.py:582 - INFO - 正在下载第 199/215 页...
2026-02-23 04:05:56 - mkk_comic - app.py:582 - INFO - 正在下载第 200/215 页...
2026-02-23 04:05:56 - mkk_comic - app.py:582 - INFO - 正在下载第 201/215 页...
2026-02-23 04:05:56 - mkk_comic - app.py:582 - INFO - 正在下载第 202/215 页...
2026-02-23 04:05:56 - mkk_comic - app.py:582 - INFO - 正在下载第 203/215 页...
2026-02-23 04:05:56 - mkk_comic - app.py:582 - INFO - 正在下载第 204/215 页...
2026-02-23 04:05:56 - mkk_comic - app.py:582 - INFO - 正在下载第 205/215 页...
2026-02-23 04:05:56 - mkk_comic - app.py:582 - INFO - 正在下载第 206/215 页...
2026-02-23 04:05:56 - mkk_comic - app.py:582 - INFO - 正在下载第 207/215 页...
2026-02-23 04:05:56 - mkk_comic - app.py:582 - INFO - 正在下载第 208/215 页...
2026-02-23 04:05:56 - mkk_comic - app.py:582 - INFO - 正在下载第 209/215 页...
2026-02-23 04:05:56 - mkk_comic - app.py:582 - INFO - 正在下载第 210/215 页...
2026-02-23 04:05:56 - mkk_comic - app.py:582 - INFO - 正在下载第 211/215 页...
2026-02-23 04:05:56 - mkk_comic - app.py:582 - INFO - 正在下载第 212/215 页...
2026-02-23 04:05:56 - mkk_comic - app.py:582 - INFO - 正在下载第 213/215 页...
2026-02-23 04:05:56 - mkk_comic - app.py:582 - INFO - 正在下载第 214/215 页...
2026-02-23 04:05:56 - mkk_comic - app.py:582 - INFO - 正在下载第 215/215 页...
2026-02-23 04:05:56 - mkk_comic - app.py:511 - INFO - 下载完成!
2026-02-23 04:05:56 - mkk_comic - app.py:512 - INFO - 成功下载: 215/215 页
2026-02-23 04:05:57 - mkk_comic - app.py:494 - INFO - 正在下载第61章: 61卷    UUID:814809e9-c7d8-11e8-882e-024352452ce0
2026-02-23 04:05:57 - mkk_comic - app.py:502 - INFO - 创建目录: ./out/海贼王/61卷
2026-02-23 04:05:57 - mkk_comic - app.py:505 - INFO - 开始下载: 海贼王 - 61卷
2026-02-23 04:05:57 - mkk_comic - app.py:506 - INFO - 总页数: 203
2026-02-23 04:05:57 - mkk_comic - app.py:582 - INFO - 正在下载第 001/203 页...
2026-02-23 04:05:57 - mkk_comic - app.py:582 - INFO - 正在下载第 002/203 页...
2026-02-23 04:05:57 - mkk_comic - app.py:582 - INFO - 正在下载第 003/203 页...
2026-02-23 04:05:57 - mkk_comic - app.py:582 - INFO - 正在下载第 004/203 页...
2026-02-23 04:05:57 - mkk_comic - app.py:582 - INFO - 正在下载第 005/203 页...
2026-02-23 04:05:57 - mkk_comic - app.py:582 - INFO - 正在下载第 006/203 页...
2026-02-23 04:05:57 - mkk_comic - app.py:582 - INFO - 正在下载第 007/203 页...
2026-02-23 04:05:57 - mkk_comic - app.py:582 - INFO - 正在下载第 008/203 页...
2026-02-23 04:05:57 - mkk_comic - app.py:582 - INFO - 正在下载第 009/203 页...
2026-02-23 04:05:57 - mkk_comic - app.py:582 - INFO - 正在下载第 010/203 页...
2026-02-23 04:05:57 - mkk_comic - app.py:582 - INFO - 正在下载第 011/203 页...
2026-02-23 04:05:57 - mkk_comic - app.py:582 - INFO - 正在下载第 012/203 页...
2026-02-23 04:05:57 - mkk_comic - app.py:582 - INFO - 正在下载第 013/203 页...
2026-02-23 04:05:57 - mkk_comic - app.py:582 - INFO - 正在下载第 014/203 页...
2026-02-23 04:05:57 - mkk_comic - app.py:582 - INFO - 正在下载第 015/203 页...
2026-02-23 04:05:57 - mkk_comic - app.py:582 - INFO - 正在下载第 016/203 页...
2026-02-23 04:05:57 - mkk_comic - app.py:582 - INFO - 正在下载第 017/203 页...
2026-02-23 04:05:57 - mkk_comic - app.py:582 - INFO - 正在下载第 018/203 页...
2026-02-23 04:05:57 - mkk_comic - app.py:582 - INFO - 正在下载第 019/203 页...
2026-02-23 04:05:57 - mkk_comic - app.py:582 - INFO - 正在下载第 020/203 页...
2026-02-23 04:05:57 - mkk_comic - app.py:582 - INFO - 正在下载第 021/203 页...
2026-02-23 04:05:57 - mkk_comic - app.py:582 - INFO - 正在下载第 022/203 页...
2026-02-23 04:05:57 - mkk_comic - app.py:582 - INFO - 正在下载第 023/203 页...
2026-02-23 04:05:58 - mkk_comic - app.py:582 - INFO - 正在下载第 024/203 页...
2026-02-23 04:05:58 - mkk_comic - app.py:582 - INFO - 正在下载第 025/203 页...
2026-02-23 04:05:58 - mkk_comic - app.py:582 - INFO - 正在下载第 026/203 页...
2026-02-23 04:05:58 - mkk_comic - app.py:582 - INFO - 正在下载第 027/203 页...
2026-02-23 04:05:58 - mkk_comic - app.py:582 - INFO - 正在下载第 028/203 页...
2026-02-23 04:05:58 - mkk_comic - app.py:582 - INFO - 正在下载第 029/203 页...
2026-02-23 04:05:58 - mkk_comic - app.py:582 - INFO - 正在下载第 030/203 页...
2026-02-23 04:05:58 - mkk_comic - app.py:582 - INFO - 正在下载第 031/203 页...
2026-02-23 04:05:58 - mkk_comic - app.py:582 - INFO - 正在下载第 032/203 页...
2026-02-23 04:05:58 - mkk_comic - app.py:582 - INFO - 正在下载第 033/203 页...
2026-02-23 04:05:58 - mkk_comic - app.py:582 - INFO - 正在下载第 034/203 页...
2026-02-23 04:05:58 - mkk_comic - app.py:582 - INFO - 正在下载第 035/203 页...
2026-02-23 04:05:58 - mkk_comic - app.py:582 - INFO - 正在下载第 036/203 页...
2026-02-23 04:05:58 - mkk_comic - app.py:582 - INFO - 正在下载第 037/203 页...
2026-02-23 04:05:58 - mkk_comic - app.py:582 - INFO - 正在下载第 038/203 页...
2026-02-23 04:05:58 - mkk_comic - app.py:582 - INFO - 正在下载第 039/203 页...
2026-02-23 04:05:58 - mkk_comic - app.py:582 - INFO - 正在下载第 040/203 页...
2026-02-23 04:05:58 - mkk_comic - app.py:582 - INFO - 正在下载第 041/203 页...
2026-02-23 04:05:58 - mkk_comic - app.py:582 - INFO - 正在下载第 042/203 页...
2026-02-23 04:05:58 - mkk_comic - app.py:582 - INFO - 正在下载第 043/203 页...
2026-02-23 04:05:58 - mkk_comic - app.py:582 - INFO - 正在下载第 044/203 页...
2026-02-23 04:05:58 - mkk_comic - app.py:582 - INFO - 正在下载第 045/203 页...
2026-02-23 04:05:58 - mkk_comic - app.py:582 - INFO - 正在下载第 046/203 页...
2026-02-23 04:05:58 - mkk_comic - app.py:582 - INFO - 正在下载第 047/203 页...
2026-02-23 04:05:58 - mkk_comic - app.py:582 - INFO - 正在下载第 048/203 页...
2026-02-23 04:05:58 - mkk_comic - app.py:582 - INFO - 正在下载第 049/203 页...
2026-02-23 04:05:58 - mkk_comic - app.py:582 - INFO - 正在下载第 050/203 页...
2026-02-23 04:05:58 - mkk_comic - app.py:582 - INFO - 正在下载第 051/203 页...
2026-02-23 04:05:58 - mkk_comic - app.py:582 - INFO - 正在下载第 052/203 页...
2026-02-23 04:05:58 - mkk_comic - app.py:582 - INFO - 正在下载第 053/203 页...
2026-02-23 04:05:58 - mkk_comic - app.py:582 - INFO - 正在下载第 054/203 页...
2026-02-23 04:05:58 - mkk_comic - app.py:582 - INFO - 正在下载第 055/203 页...
2026-02-23 04:05:58 - mkk_comic - app.py:582 - INFO - 正在下载第 056/203 页...
2026-02-23 04:05:58 - mkk_comic - app.py:582 - INFO - 正在下载第 057/203 页...
2026-02-23 04:05:58 - mkk_comic - app.py:582 - INFO - 正在下载第 058/203 页...
2026-02-23 04:05:58 - mkk_comic - app.py:582 - INFO - 正在下载第 059/203 页...
2026-02-23 04:05:58 - mkk_comic - app.py:582 - INFO - 正在下载第 060/203 页...
2026-02-23 04:05:58 - mkk_comic - app.py:582 - INFO - 正在下载第 061/203 页...
2026-02-23 04:05:58 - mkk_comic - app.py:582 - INFO - 正在下载第 062/203 页...
2026-02-23 04:05:58 - mkk_comic - app.py:582 - INFO - 正在下载第 063/203 页...
2026-02-23 04:05:58 - mkk_comic - app.py:582 - INFO - 正在下载第 064/203 页...
2026-02-23 04:05:58 - mkk_comic - app.py:582 - INFO - 正在下载第 065/203 页...
2026-02-23 04:05:58 - mkk_comic - app.py:582 - INFO - 正在下载第 066/203 页...
2026-02-23 04:05:58 - mkk_comic - app.py:582 - INFO - 正在下载第 067/203 页...
2026-02-23 04:05:58 - mkk_comic - app.py:582 - INFO - 正在下载第 068/203 页...
2026-02-23 04:05:58 - mkk_comic - app.py:582 - INFO - 正在下载第 069/203 页...
2026-02-23 04:05:58 - mkk_comic - app.py:582 - INFO - 正在下载第 070/203 页...
2026-02-23 04:05:58 - mkk_comic - app.py:582 - INFO - 正在下载第 071/203 页...
2026-02-23 04:05:58 - mkk_comic - app.py:582 - INFO - 正在下载第 072/203 页...
2026-02-23 04:05:58 - mkk_comic - app.py:582 - INFO - 正在下载第 073/203 页...
2026-02-23 04:05:58 - mkk_comic - app.py:582 - INFO - 正在下载第 074/203 页...
2026-02-23 04:05:58 - mkk_comic - app.py:582 - INFO - 正在下载第 075/203 页...
2026-02-23 04:05:58 - mkk_comic - app.py:582 - INFO - 正在下载第 076/203 页...
2026-02-23 04:05:58 - mkk_comic - app.py:582 - INFO - 正在下载第 077/203 页...
2026-02-23 04:05:59 - mkk_comic - app.py:582 - INFO - 正在下载第 078/203 页...
2026-02-23 04:05:59 - mkk_comic - app.py:582 - INFO - 正在下载第 079/203 页...
2026-02-23 04:05:59 - mkk_comic - app.py:582 - INFO - 正在下载第 080/203 页...
2026-02-23 04:05:59 - mkk_comic - app.py:582 - INFO - 正在下载第 081/203 页...
2026-02-23 04:05:59 - mkk_comic - app.py:582 - INFO - 正在下载第 082/203 页...
2026-02-23 04:05:59 - mkk_comic - app.py:582 - INFO - 正在下载第 083/203 页...
2026-02-23 04:05:59 - mkk_comic - app.py:582 - INFO - 正在下载第 084/203 页...
2026-02-23 04:05:59 - mkk_comic - app.py:582 - INFO - 正在下载第 085/203 页...
2026-02-23 04:05:59 - mkk_comic - app.py:582 - INFO - 正在下载第 086/203 页...
2026-02-23 04:05:59 - mkk_comic - app.py:582 - INFO - 正在下载第 087/203 页...
2026-02-23 04:05:59 - mkk_comic - app.py:582 - INFO - 正在下载第 088/203 页...
2026-02-23 04:05:59 - mkk_comic - app.py:582 - INFO - 正在下载第 089/203 页...
2026-02-23 04:05:59 - mkk_comic - app.py:582 - INFO - 正在下载第 090/203 页...
2026-02-23 04:05:59 - mkk_comic - app.py:582 - INFO - 正在下载第 091/203 页...
2026-02-23 04:05:59 - mkk_comic - app.py:582 - INFO - 正在下载第 092/203 页...
2026-02-23 04:05:59 - mkk_comic - app.py:582 - INFO - 正在下载第 093/203 页...
2026-02-23 04:05:59 - mkk_comic - app.py:582 - INFO - 正在下载第 094/203 页...
2026-02-23 04:05:59 - mkk_comic - app.py:582 - INFO - 正在下载第 095/203 页...
2026-02-23 04:05:59 - mkk_comic - app.py:582 - INFO - 正在下载第 096/203 页...
2026-02-23 04:05:59 - mkk_comic - app.py:582 - INFO - 正在下载第 097/203 页...
2026-02-23 04:05:59 - mkk_comic - app.py:582 - INFO - 正在下载第 098/203 页...
2026-02-23 04:05:59 - mkk_comic - app.py:582 - INFO - 正在下载第 099/203 页...
2026-02-23 04:05:59 - mkk_comic - app.py:582 - INFO - 正在下载第 100/203 页...
2026-02-23 04:05:59 - mkk_comic - app.py:582 - INFO - 正在下载第 101/203 页...
2026-02-23 04:05:59 - mkk_comic - app.py:582 - INFO - 正在下载第 102/203 页...
2026-02-23 04:05:59 - mkk_comic - app.py:582 - INFO - 正在下载第 103/203 页...
2026-02-23 04:05:59 - mkk_comic - app.py:582 - INFO - 正在下载第 104/203 页...
2026-02-23 04:05:59 - mkk_comic - app.py:582 - INFO - 正在下载第 105/203 页...
2026-02-23 04:05:59 - mkk_comic - app.py:582 - INFO - 正在下载第 106/203 页...
2026-02-23 04:05:59 - mkk_comic - app.py:582 - INFO - 正在下载第 107/203 页...
2026-02-23 04:05:59 - mkk_comic - app.py:582 - INFO - 正在下载第 108/203 页...
2026-02-23 04:05:59 - mkk_comic - app.py:582 - INFO - 正在下载第 109/203 页...
2026-02-23 04:05:59 - mkk_comic - app.py:582 - INFO - 正在下载第 110/203 页...
2026-02-23 04:05:59 - mkk_comic - app.py:582 - INFO - 正在下载第 111/203 页...
2026-02-23 04:05:59 - mkk_comic - app.py:582 - INFO - 正在下载第 112/203 页...
2026-02-23 04:05:59 - mkk_comic - app.py:582 - INFO - 正在下载第 113/203 页...
2026-02-23 04:05:59 - mkk_comic - app.py:582 - INFO - 正在下载第 114/203 页...
2026-02-23 04:05:59 - mkk_comic - app.py:582 - INFO - 正在下载第 115/203 页...
2026-02-23 04:05:59 - mkk_comic - app.py:582 - INFO - 正在下载第 116/203 页...
2026-02-23 04:05:59 - mkk_comic - app.py:582 - INFO - 正在下载第 117/203 页...
2026-02-23 04:05:59 - mkk_comic - app.py:582 - INFO - 正在下载第 118/203 页...
2026-02-23 04:05:59 - mkk_comic - app.py:582 - INFO - 正在下载第 119/203 页...
2026-02-23 04:05:59 - mkk_comic - app.py:582 - INFO - 正在下载第 120/203 页...
2026-02-23 04:05:59 - mkk_comic - app.py:582 - INFO - 正在下载第 121/203 页...
2026-02-23 04:05:59 - mkk_comic - app.py:582 - INFO - 正在下载第 122/203 页...
2026-02-23 04:05:59 - mkk_comic - app.py:582 - INFO - 正在下载第 123/203 页...
2026-02-23 04:05:59 - mkk_comic - app.py:582 - INFO - 正在下载第 124/203 页...
2026-02-23 04:05:59 - mkk_comic - app.py:582 - INFO - 正在下载第 125/203 页...
2026-02-23 04:05:59 - mkk_comic - app.py:582 - INFO - 正在下载第 126/203 页...
2026-02-23 04:05:59 - mkk_comic - app.py:582 - INFO - 正在下载第 127/203 页...
2026-02-23 04:05:59 - mkk_comic - app.py:582 - INFO - 正在下载第 128/203 页...
2026-02-23 04:05:59 - mkk_comic - app.py:582 - INFO - 正在下载第 129/203 页...
2026-02-23 04:05:59 - mkk_comic - app.py:582 - INFO - 正在下载第 130/203 页...
2026-02-23 04:05:59 - mkk_comic - app.py:582 - INFO - 正在下载第 131/203 页...
2026-02-23 04:05:59 - mkk_comic - app.py:582 - INFO - 正在下载第 132/203 页...
2026-02-23 04:06:00 - mkk_comic - app.py:582 - INFO - 正在下载第 133/203 页...
2026-02-23 04:06:00 - mkk_comic - app.py:582 - INFO - 正在下载第 134/203 页...
2026-02-23 04:06:00 - mkk_comic - app.py:582 - INFO - 正在下载第 135/203 页...
2026-02-23 04:06:00 - mkk_comic - app.py:582 - INFO - 正在下载第 136/203 页...
2026-02-23 04:06:00 - mkk_comic - app.py:582 - INFO - 正在下载第 137/203 页...
2026-02-23 04:06:00 - mkk_comic - app.py:582 - INFO - 正在下载第 138/203 页...
2026-02-23 04:06:00 - mkk_comic - app.py:582 - INFO - 正在下载第 139/203 页...
2026-02-23 04:06:00 - mkk_comic - app.py:582 - INFO - 正在下载第 140/203 页...
2026-02-23 04:06:00 - mkk_comic - app.py:582 - INFO - 正在下载第 141/203 页...
2026-02-23 04:06:00 - mkk_comic - app.py:582 - INFO - 正在下载第 142/203 页...
2026-02-23 04:06:00 - mkk_comic - app.py:582 - INFO - 正在下载第 143/203 页...
2026-02-23 04:06:00 - mkk_comic - app.py:582 - INFO - 正在下载第 144/203 页...
2026-02-23 04:06:00 - mkk_comic - app.py:582 - INFO - 正在下载第 145/203 页...
2026-02-23 04:06:00 - mkk_comic - app.py:582 - INFO - 正在下载第 146/203 页...
2026-02-23 04:06:00 - mkk_comic - app.py:582 - INFO - 正在下载第 147/203 页...
2026-02-23 04:06:00 - mkk_comic - app.py:582 - INFO - 正在下载第 148/203 页...
2026-02-23 04:06:00 - mkk_comic - app.py:582 - INFO - 正在下载第 149/203 页...
2026-02-23 04:06:00 - mkk_comic - app.py:582 - INFO - 正在下载第 150/203 页...
2026-02-23 04:06:00 - mkk_comic - app.py:582 - INFO - 正在下载第 151/203 页...
2026-02-23 04:06:00 - mkk_comic - app.py:582 - INFO - 正在下载第 152/203 页...
2026-02-23 04:06:00 - mkk_comic - app.py:582 - INFO - 正在下载第 153/203 页...
2026-02-23 04:06:00 - mkk_comic - app.py:582 - INFO - 正在下载第 154/203 页...
2026-02-23 04:06:00 - mkk_comic - app.py:582 - INFO - 正在下载第 155/203 页...
2026-02-23 04:06:00 - mkk_comic - app.py:582 - INFO - 正在下载第 156/203 页...
2026-02-23 04:06:00 - mkk_comic - app.py:582 - INFO - 正在下载第 157/203 页...
2026-02-23 04:06:00 - mkk_comic - app.py:582 - INFO - 正在下载第 158/203 页...
2026-02-23 04:06:00 - mkk_comic - app.py:582 - INFO - 正在下载第 159/203 页...
2026-02-23 04:06:00 - mkk_comic - app.py:582 - INFO - 正在下载第 160/203 页...
2026-02-23 04:06:00 - mkk_comic - app.py:582 - INFO - 正在下载第 161/203 页...
2026-02-23 04:06:00 - mkk_comic - app.py:582 - INFO - 正在下载第 162/203 页...
2026-02-23 04:06:00 - mkk_comic - app.py:582 - INFO - 正在下载第 163/203 页...
2026-02-23 04:06:00 - mkk_comic - app.py:582 - INFO - 正在下载第 164/203 页...
2026-02-23 04:06:00 - mkk_comic - app.py:582 - INFO - 正在下载第 165/203 页...
2026-02-23 04:06:00 - mkk_comic - app.py:582 - INFO - 正在下载第 166/203 页...
2026-02-23 04:06:00 - mkk_comic - app.py:582 - INFO - 正在下载第 167/203 页...
2026-02-23 04:06:00 - mkk_comic - app.py:582 - INFO - 正在下载第 168/203 页...
2026-02-23 04:06:00 - mkk_comic - app.py:582 - INFO - 正在下载第 169/203 页...
2026-02-23 04:06:00 - mkk_comic - app.py:582 - INFO - 正在下载第 170/203 页...
2026-02-23 04:06:00 - mkk_comic - app.py:582 - INFO - 正在下载第 171/203 页...
2026-02-23 04:06:00 - mkk_comic - app.py:582 - INFO - 正在下载第 172/203 页...
2026-02-23 04:06:00 - mkk_comic - app.py:582 - INFO - 正在下载第 173/203 页...
2026-02-23 04:06:00 - mkk_comic - app.py:582 - INFO - 正在下载第 174/203 页...
2026-02-23 04:06:00 - mkk_comic - app.py:582 - INFO - 正在下载第 175/203 页...
2026-02-23 04:06:00 - mkk_comic - app.py:582 - INFO - 正在下载第 176/203 页...
2026-02-23 04:06:00 - mkk_comic - app.py:582 - INFO - 正在下载第 177/203 页...
2026-02-23 04:06:00 - mkk_comic - app.py:582 - INFO - 正在下载第 178/203 页...
2026-02-23 04:06:00 - mkk_comic - app.py:582 - INFO - 正在下载第 179/203 页...
2026-02-23 04:06:00 - mkk_comic - app.py:582 - INFO - 正在下载第 180/203 页...
2026-02-23 04:06:00 - mkk_comic - app.py:582 - INFO - 正在下载第 181/203 页...
2026-02-23 04:06:00 - mkk_comic - app.py:582 - INFO - 正在下载第 182/203 页...
2026-02-23 04:06:00 - mkk_comic - app.py:582 - INFO - 正在下载第 183/203 页...
2026-02-23 04:06:01 - mkk_comic - app.py:582 - INFO - 正在下载第 184/203 页...
2026-02-23 04:06:01 - mkk_comic - app.py:582 - INFO - 正在下载第 185/203 页...
2026-02-23 04:06:01 - mkk_comic - app.py:582 - INFO - 正在下载第 186/203 页...
2026-02-23 04:06:01 - mkk_comic - app.py:582 - INFO - 正在下载第 187/203 页...
2026-02-23 04:06:01 - mkk_comic - app.py:582 - INFO - 正在下载第 188/203 页...
2026-02-23 04:06:01 - mkk_comic - app.py:582 - INFO - 正在下载第 189/203 页...
2026-02-23 04:06:01 - mkk_comic - app.py:582 - INFO - 正在下载第 190/203 页...
2026-02-23 04:06:01 - mkk_comic - app.py:582 - INFO - 正在下载第 191/203 页...
2026-02-23 04:06:01 - mkk_comic - app.py:582 - INFO - 正在下载第 192/203 页...
2026-02-23 04:06:01 - mkk_comic - app.py:582 - INFO - 正在下载第 193/203 页...
2026-02-23 04:06:01 - mkk_comic - app.py:582 - INFO - 正在下载第 194/203 页...
2026-02-23 04:06:01 - mkk_comic - app.py:582 - INFO - 正在下载第 195/203 页...
2026-02-23 04:06:01 - mkk_comic - app.py:582 - INFO - 正在下载第 196/203 页...
2026-02-23 04:06:01 - mkk_comic - app.py:582 - INFO - 正在下载第 197/203 页...
2026-02-23 04:06:01 - mkk_comic - app.py:582 - INFO - 正在下载第 198/203 页...
2026-02-23 04:06:01 - mkk_comic - app.py:582 - INFO - 正在下载第 199/203 页...
2026-02-23 04:06:01 - mkk_comic - app.py:582 - INFO - 正在下载第 200/203 页...
2026-02-23 04:06:01 - mkk_comic - app.py:582 - INFO - 正在下载第 201/203 页...
2026-02-23 04:06:01 - mkk_comic - app.py:582 - INFO - 正在下载第 202/203 页...
2026-02-23 04:06:01 - mkk_comic - app.py:582 - INFO - 正在下载第 203/203 页...
2026-02-23 04:06:01 - mkk_comic - app.py:511 - INFO - 下载完成!
2026-02-23 04:06:01 - mkk_comic - app.py:512 - INFO - 成功下载: 203/203 页
2026-02-23 04:06:02 - mkk_comic - app.py:494 - INFO - 正在下载第62章: 62卷    UUID:8b683c1b-c7d8-11e8-882e-024352452ce0
2026-02-23 04:06:02 - mkk_comic - app.py:502 - INFO - 创建目录: ./out/海贼王/62卷
2026-02-23 04:06:02 - mkk_comic - app.py:505 - INFO - 开始下载: 海贼王 - 62卷
2026-02-23 04:06:02 - mkk_comic - app.py:506 - INFO - 总页数: 212
2026-02-23 04:06:02 - mkk_comic - app.py:582 - INFO - 正在下载第 001/212 页...
2026-02-23 04:06:02 - mkk_comic - app.py:582 - INFO - 正在下载第 002/212 页...
2026-02-23 04:06:02 - mkk_comic - app.py:582 - INFO - 正在下载第 003/212 页...
2026-02-23 04:06:02 - mkk_comic - app.py:582 - INFO - 正在下载第 004/212 页...
2026-02-23 04:06:02 - mkk_comic - app.py:582 - INFO - 正在下载第 005/212 页...
2026-02-23 04:06:02 - mkk_comic - app.py:582 - INFO - 正在下载第 006/212 页...
2026-02-23 04:06:02 - mkk_comic - app.py:582 - INFO - 正在下载第 007/212 页...
2026-02-23 04:06:02 - mkk_comic - app.py:582 - INFO - 正在下载第 008/212 页...
2026-02-23 04:06:02 - mkk_comic - app.py:582 - INFO - 正在下载第 009/212 页...
2026-02-23 04:06:02 - mkk_comic - app.py:582 - INFO - 正在下载第 010/212 页...
2026-02-23 04:06:02 - mkk_comic - app.py:582 - INFO - 正在下载第 011/212 页...
2026-02-23 04:06:02 - mkk_comic - app.py:582 - INFO - 正在下载第 012/212 页...
2026-02-23 04:06:03 - mkk_comic - app.py:582 - INFO - 正在下载第 013/212 页...
2026-02-23 04:06:03 - mkk_comic - app.py:582 - INFO - 正在下载第 014/212 页...
2026-02-23 04:06:03 - mkk_comic - app.py:582 - INFO - 正在下载第 015/212 页...
2026-02-23 04:06:03 - mkk_comic - app.py:582 - INFO - 正在下载第 016/212 页...
2026-02-23 04:06:03 - mkk_comic - app.py:582 - INFO - 正在下载第 017/212 页...
2026-02-23 04:06:03 - mkk_comic - app.py:582 - INFO - 正在下载第 018/212 页...
2026-02-23 04:06:03 - mkk_comic - app.py:582 - INFO - 正在下载第 019/212 页...
2026-02-23 04:06:03 - mkk_comic - app.py:582 - INFO - 正在下载第 020/212 页...
2026-02-23 04:06:03 - mkk_comic - app.py:582 - INFO - 正在下载第 021/212 页...
2026-02-23 04:06:03 - mkk_comic - app.py:582 - INFO - 正在下载第 022/212 页...
2026-02-23 04:06:03 - mkk_comic - app.py:582 - INFO - 正在下载第 023/212 页...
2026-02-23 04:06:03 - mkk_comic - app.py:582 - INFO - 正在下载第 024/212 页...
2026-02-23 04:06:03 - mkk_comic - app.py:582 - INFO - 正在下载第 025/212 页...
2026-02-23 04:06:03 - mkk_comic - app.py:582 - INFO - 正在下载第 026/212 页...
2026-02-23 04:06:03 - mkk_comic - app.py:582 - INFO - 正在下载第 027/212 页...
2026-02-23 04:06:03 - mkk_comic - app.py:582 - INFO - 正在下载第 028/212 页...
2026-02-23 04:06:03 - mkk_comic - app.py:582 - INFO - 正在下载第 029/212 页...
2026-02-23 04:06:03 - mkk_comic - app.py:582 - INFO - 正在下载第 030/212 页...
2026-02-23 04:06:03 - mkk_comic - app.py:582 - INFO - 正在下载第 031/212 页...
2026-02-23 04:06:03 - mkk_comic - app.py:582 - INFO - 正在下载第 032/212 页...
2026-02-23 04:06:03 - mkk_comic - app.py:582 - INFO - 正在下载第 033/212 页...
2026-02-23 04:06:03 - mkk_comic - app.py:582 - INFO - 正在下载第 034/212 页...
2026-02-23 04:06:03 - mkk_comic - app.py:582 - INFO - 正在下载第 035/212 页...
2026-02-23 04:06:03 - mkk_comic - app.py:582 - INFO - 正在下载第 036/212 页...
2026-02-23 04:06:03 - mkk_comic - app.py:582 - INFO - 正在下载第 037/212 页...
2026-02-23 04:06:03 - mkk_comic - app.py:582 - INFO - 正在下载第 038/212 页...
2026-02-23 04:06:03 - mkk_comic - app.py:582 - INFO - 正在下载第 039/212 页...
2026-02-23 04:06:03 - mkk_comic - app.py:582 - INFO - 正在下载第 040/212 页...
2026-02-23 04:06:03 - mkk_comic - app.py:582 - INFO - 正在下载第 041/212 页...
2026-02-23 04:06:03 - mkk_comic - app.py:582 - INFO - 正在下载第 042/212 页...
2026-02-23 04:06:03 - mkk_comic - app.py:582 - INFO - 正在下载第 043/212 页...
2026-02-23 04:06:03 - mkk_comic - app.py:582 - INFO - 正在下载第 044/212 页...
2026-02-23 04:06:03 - mkk_comic - app.py:582 - INFO - 正在下载第 045/212 页...
2026-02-23 04:06:03 - mkk_comic - app.py:582 - INFO - 正在下载第 046/212 页...
2026-02-23 04:06:03 - mkk_comic - app.py:582 - INFO - 正在下载第 047/212 页...
2026-02-23 04:06:03 - mkk_comic - app.py:582 - INFO - 正在下载第 048/212 页...
2026-02-23 04:06:03 - mkk_comic - app.py:582 - INFO - 正在下载第 049/212 页...
2026-02-23 04:06:03 - mkk_comic - app.py:582 - INFO - 正在下载第 050/212 页...
2026-02-23 04:06:03 - mkk_comic - app.py:582 - INFO - 正在下载第 051/212 页...
2026-02-23 04:06:03 - mkk_comic - app.py:582 - INFO - 正在下载第 052/212 页...
2026-02-23 04:06:03 - mkk_comic - app.py:582 - INFO - 正在下载第 053/212 页...
2026-02-23 04:06:03 - mkk_comic - app.py:582 - INFO - 正在下载第 054/212 页...
2026-02-23 04:06:03 - mkk_comic - app.py:582 - INFO - 正在下载第 055/212 页...
2026-02-23 04:06:03 - mkk_comic - app.py:582 - INFO - 正在下载第 056/212 页...
2026-02-23 04:06:03 - mkk_comic - app.py:582 - INFO - 正在下载第 057/212 页...
2026-02-23 04:06:03 - mkk_comic - app.py:582 - INFO - 正在下载第 058/212 页...
2026-02-23 04:06:03 - mkk_comic - app.py:582 - INFO - 正在下载第 059/212 页...
2026-02-23 04:06:04 - mkk_comic - app.py:582 - INFO - 正在下载第 060/212 页...
2026-02-23 04:06:04 - mkk_comic - app.py:582 - INFO - 正在下载第 061/212 页...
2026-02-23 04:06:04 - mkk_comic - app.py:582 - INFO - 正在下载第 062/212 页...
2026-02-23 04:06:04 - mkk_comic - app.py:582 - INFO - 正在下载第 063/212 页...
2026-02-23 04:06:04 - mkk_comic - app.py:582 - INFO - 正在下载第 064/212 页...
2026-02-23 04:06:04 - mkk_comic - app.py:582 - INFO - 正在下载第 065/212 页...
2026-02-23 04:06:04 - mkk_comic - app.py:582 - INFO - 正在下载第 066/212 页...
2026-02-23 04:06:04 - mkk_comic - app.py:582 - INFO - 正在下载第 067/212 页...
2026-02-23 04:06:04 - mkk_comic - app.py:582 - INFO - 正在下载第 068/212 页...
2026-02-23 04:06:04 - mkk_comic - app.py:582 - INFO - 正在下载第 069/212 页...
2026-02-23 04:06:04 - mkk_comic - app.py:582 - INFO - 正在下载第 070/212 页...
2026-02-23 04:06:04 - mkk_comic - app.py:582 - INFO - 正在下载第 071/212 页...
2026-02-23 04:06:04 - mkk_comic - app.py:582 - INFO - 正在下载第 072/212 页...
2026-02-23 04:06:04 - mkk_comic - app.py:582 - INFO - 正在下载第 073/212 页...
2026-02-23 04:06:04 - mkk_comic - app.py:582 - INFO - 正在下载第 074/212 页...
2026-02-23 04:06:04 - mkk_comic - app.py:582 - INFO - 正在下载第 075/212 页...
2026-02-23 04:06:04 - mkk_comic - app.py:582 - INFO - 正在下载第 076/212 页...
2026-02-23 04:06:04 - mkk_comic - app.py:582 - INFO - 正在下载第 077/212 页...
2026-02-23 04:06:04 - mkk_comic - app.py:582 - INFO - 正在下载第 078/212 页...
2026-02-23 04:06:04 - mkk_comic - app.py:582 - INFO - 正在下载第 079/212 页...
2026-02-23 04:06:04 - mkk_comic - app.py:582 - INFO - 正在下载第 080/212 页...
2026-02-23 04:06:04 - mkk_comic - app.py:582 - INFO - 正在下载第 081/212 页...
2026-02-23 04:06:04 - mkk_comic - app.py:582 - INFO - 正在下载第 082/212 页...
2026-02-23 04:06:04 - mkk_comic - app.py:582 - INFO - 正在下载第 083/212 页...
2026-02-23 04:06:04 - mkk_comic - app.py:582 - INFO - 正在下载第 084/212 页...
2026-02-23 04:06:04 - mkk_comic - app.py:582 - INFO - 正在下载第 085/212 页...
2026-02-23 04:06:04 - mkk_comic - app.py:582 - INFO - 正在下载第 086/212 页...
2026-02-23 04:06:04 - mkk_comic - app.py:582 - INFO - 正在下载第 087/212 页...
2026-02-23 04:06:04 - mkk_comic - app.py:582 - INFO - 正在下载第 088/212 页...
2026-02-23 04:06:04 - mkk_comic - app.py:582 - INFO - 正在下载第 089/212 页...
2026-02-23 04:06:04 - mkk_comic - app.py:582 - INFO - 正在下载第 090/212 页...
2026-02-23 04:06:04 - mkk_comic - app.py:582 - INFO - 正在下载第 091/212 页...
2026-02-23 04:06:04 - mkk_comic - app.py:582 - INFO - 正在下载第 092/212 页...
2026-02-23 04:06:04 - mkk_comic - app.py:582 - INFO - 正在下载第 093/212 页...
2026-02-23 04:06:04 - mkk_comic - app.py:582 - INFO - 正在下载第 094/212 页...
2026-02-23 04:06:04 - mkk_comic - app.py:582 - INFO - 正在下载第 095/212 页...
2026-02-23 04:06:04 - mkk_comic - app.py:582 - INFO - 正在下载第 096/212 页...
2026-02-23 04:06:04 - mkk_comic - app.py:582 - INFO - 正在下载第 097/212 页...
2026-02-23 04:06:04 - mkk_comic - app.py:582 - INFO - 正在下载第 098/212 页...
2026-02-23 04:06:04 - mkk_comic - app.py:582 - INFO - 正在下载第 099/212 页...
2026-02-23 04:06:04 - mkk_comic - app.py:582 - INFO - 正在下载第 100/212 页...
2026-02-23 04:06:04 - mkk_comic - app.py:582 - INFO - 正在下载第 101/212 页...
2026-02-23 04:06:04 - mkk_comic - app.py:582 - INFO - 正在下载第 102/212 页...
2026-02-23 04:06:04 - mkk_comic - app.py:582 - INFO - 正在下载第 103/212 页...
2026-02-23 04:06:04 - mkk_comic - app.py:582 - INFO - 正在下载第 104/212 页...
2026-02-23 04:06:04 - mkk_comic - app.py:582 - INFO - 正在下载第 105/212 页...
2026-02-23 04:06:04 - mkk_comic - app.py:582 - INFO - 正在下载第 106/212 页...
2026-02-23 04:06:04 - mkk_comic - app.py:582 - INFO - 正在下载第 107/212 页...
2026-02-23 04:06:04 - mkk_comic - app.py:582 - INFO - 正在下载第 108/212 页...
2026-02-23 04:06:04 - mkk_comic - app.py:582 - INFO - 正在下载第 109/212 页...
2026-02-23 04:06:05 - mkk_comic - app.py:582 - INFO - 正在下载第 110/212 页...
2026-02-23 04:06:05 - mkk_comic - app.py:582 - INFO - 正在下载第 111/212 页...
2026-02-23 04:06:05 - mkk_comic - app.py:582 - INFO - 正在下载第 112/212 页...
2026-02-23 04:06:05 - mkk_comic - app.py:582 - INFO - 正在下载第 113/212 页...
2026-02-23 04:06:05 - mkk_comic - app.py:582 - INFO - 正在下载第 114/212 页...
2026-02-23 04:06:05 - mkk_comic - app.py:582 - INFO - 正在下载第 115/212 页...
2026-02-23 04:06:05 - mkk_comic - app.py:582 - INFO - 正在下载第 116/212 页...
2026-02-23 04:06:05 - mkk_comic - app.py:582 - INFO - 正在下载第 117/212 页...
2026-02-23 04:06:05 - mkk_comic - app.py:582 - INFO - 正在下载第 118/212 页...
2026-02-23 04:06:05 - mkk_comic - app.py:582 - INFO - 正在下载第 119/212 页...
2026-02-23 04:06:05 - mkk_comic - app.py:582 - INFO - 正在下载第 120/212 页...
2026-02-23 04:06:05 - mkk_comic - app.py:582 - INFO - 正在下载第 121/212 页...
2026-02-23 04:06:05 - mkk_comic - app.py:582 - INFO - 正在下载第 122/212 页...
2026-02-23 04:06:05 - mkk_comic - app.py:582 - INFO - 正在下载第 123/212 页...
2026-02-23 04:06:05 - mkk_comic - app.py:582 - INFO - 正在下载第 124/212 页...
2026-02-23 04:06:05 - mkk_comic - app.py:582 - INFO - 正在下载第 125/212 页...
2026-02-23 04:06:05 - mkk_comic - app.py:582 - INFO - 正在下载第 126/212 页...
2026-02-23 04:06:05 - mkk_comic - app.py:582 - INFO - 正在下载第 127/212 页...
2026-02-23 04:06:05 - mkk_comic - app.py:582 - INFO - 正在下载第 128/212 页...
2026-02-23 04:06:05 - mkk_comic - app.py:582 - INFO - 正在下载第 129/212 页...
2026-02-23 04:06:05 - mkk_comic - app.py:582 - INFO - 正在下载第 130/212 页...
2026-02-23 04:06:05 - mkk_comic - app.py:582 - INFO - 正在下载第 131/212 页...
2026-02-23 04:06:05 - mkk_comic - app.py:582 - INFO - 正在下载第 132/212 页...
2026-02-23 04:06:05 - mkk_comic - app.py:582 - INFO - 正在下载第 133/212 页...
2026-02-23 04:06:05 - mkk_comic - app.py:582 - INFO - 正在下载第 134/212 页...
2026-02-23 04:06:05 - mkk_comic - app.py:582 - INFO - 正在下载第 135/212 页...
2026-02-23 04:06:05 - mkk_comic - app.py:582 - INFO - 正在下载第 136/212 页...
2026-02-23 04:06:05 - mkk_comic - app.py:582 - INFO - 正在下载第 137/212 页...
2026-02-23 04:06:05 - mkk_comic - app.py:582 - INFO - 正在下载第 138/212 页...
2026-02-23 04:06:05 - mkk_comic - app.py:582 - INFO - 正在下载第 139/212 页...
2026-02-23 04:06:05 - mkk_comic - app.py:582 - INFO - 正在下载第 140/212 页...
2026-02-23 04:06:05 - mkk_comic - app.py:582 - INFO - 正在下载第 141/212 页...
2026-02-23 04:06:05 - mkk_comic - app.py:582 - INFO - 正在下载第 142/212 页...
2026-02-23 04:06:05 - mkk_comic - app.py:582 - INFO - 正在下载第 143/212 页...
2026-02-23 04:06:05 - mkk_comic - app.py:582 - INFO - 正在下载第 144/212 页...
2026-02-23 04:06:05 - mkk_comic - app.py:582 - INFO - 正在下载第 145/212 页...
2026-02-23 04:06:05 - mkk_comic - app.py:582 - INFO - 正在下载第 146/212 页...
2026-02-23 04:06:05 - mkk_comic - app.py:582 - INFO - 正在下载第 147/212 页...
2026-02-23 04:06:05 - mkk_comic - app.py:582 - INFO - 正在下载第 148/212 页...
2026-02-23 04:06:05 - mkk_comic - app.py:582 - INFO - 正在下载第 149/212 页...
2026-02-23 04:06:05 - mkk_comic - app.py:582 - INFO - 正在下载第 150/212 页...
2026-02-23 04:06:05 - mkk_comic - app.py:582 - INFO - 正在下载第 151/212 页...
2026-02-23 04:06:05 - mkk_comic - app.py:582 - INFO - 正在下载第 152/212 页...
2026-02-23 04:06:05 - mkk_comic - app.py:582 - INFO - 正在下载第 153/212 页...
2026-02-23 04:06:05 - mkk_comic - app.py:582 - INFO - 正在下载第 154/212 页...
2026-02-23 04:06:05 - mkk_comic - app.py:582 - INFO - 正在下载第 155/212 页...
2026-02-23 04:06:06 - mkk_comic - app.py:582 - INFO - 正在下载第 156/212 页...
2026-02-23 04:06:06 - mkk_comic - app.py:582 - INFO - 正在下载第 157/212 页...
2026-02-23 04:06:06 - mkk_comic - app.py:582 - INFO - 正在下载第 158/212 页...
2026-02-23 04:06:06 - mkk_comic - app.py:582 - INFO - 正在下载第 159/212 页...
2026-02-23 04:06:06 - mkk_comic - app.py:582 - INFO - 正在下载第 160/212 页...
2026-02-23 04:06:06 - mkk_comic - app.py:582 - INFO - 正在下载第 161/212 页...
2026-02-23 04:06:06 - mkk_comic - app.py:582 - INFO - 正在下载第 162/212 页...
2026-02-23 04:06:06 - mkk_comic - app.py:582 - INFO - 正在下载第 163/212 页...
2026-02-23 04:06:06 - mkk_comic - app.py:582 - INFO - 正在下载第 164/212 页...
2026-02-23 04:06:06 - mkk_comic - app.py:582 - INFO - 正在下载第 165/212 页...
2026-02-23 04:06:06 - mkk_comic - app.py:582 - INFO - 正在下载第 166/212 页...
2026-02-23 04:06:06 - mkk_comic - app.py:582 - INFO - 正在下载第 167/212 页...
2026-02-23 04:06:06 - mkk_comic - app.py:582 - INFO - 正在下载第 168/212 页...
2026-02-23 04:06:06 - mkk_comic - app.py:582 - INFO - 正在下载第 169/212 页...
2026-02-23 04:06:06 - mkk_comic - app.py:582 - INFO - 正在下载第 170/212 页...
2026-02-23 04:06:06 - mkk_comic - app.py:582 - INFO - 正在下载第 171/212 页...
2026-02-23 04:06:06 - mkk_comic - app.py:582 - INFO - 正在下载第 172/212 页...
2026-02-23 04:06:06 - mkk_comic - app.py:582 - INFO - 正在下载第 173/212 页...
2026-02-23 04:06:06 - mkk_comic - app.py:582 - INFO - 正在下载第 174/212 页...
2026-02-23 04:06:06 - mkk_comic - app.py:582 - INFO - 正在下载第 175/212 页...
2026-02-23 04:06:06 - mkk_comic - app.py:582 - INFO - 正在下载第 176/212 页...
2026-02-23 04:06:06 - mkk_comic - app.py:582 - INFO - 正在下载第 177/212 页...
2026-02-23 04:06:06 - mkk_comic - app.py:582 - INFO - 正在下载第 178/212 页...
2026-02-23 04:06:06 - mkk_comic - app.py:582 - INFO - 正在下载第 179/212 页...
2026-02-23 04:06:06 - mkk_comic - app.py:582 - INFO - 正在下载第 180/212 页...
2026-02-23 04:06:06 - mkk_comic - app.py:582 - INFO - 正在下载第 181/212 页...
2026-02-23 04:06:06 - mkk_comic - app.py:582 - INFO - 正在下载第 182/212 页...
2026-02-23 04:06:06 - mkk_comic - app.py:582 - INFO - 正在下载第 183/212 页...
2026-02-23 04:06:06 - mkk_comic - app.py:582 - INFO - 正在下载第 184/212 页...
2026-02-23 04:06:06 - mkk_comic - app.py:582 - INFO - 正在下载第 185/212 页...
2026-02-23 04:06:06 - mkk_comic - app.py:582 - INFO - 正在下载第 186/212 页...
2026-02-23 04:06:06 - mkk_comic - app.py:582 - INFO - 正在下载第 187/212 页...
2026-02-23 04:06:06 - mkk_comic - app.py:582 - INFO - 正在下载第 188/212 页...
2026-02-23 04:06:06 - mkk_comic - app.py:582 - INFO - 正在下载第 189/212 页...
2026-02-23 04:06:06 - mkk_comic - app.py:582 - INFO - 正在下载第 190/212 页...
2026-02-23 04:06:06 - mkk_comic - app.py:582 - INFO - 正在下载第 191/212 页...
2026-02-23 04:06:06 - mkk_comic - app.py:582 - INFO - 正在下载第 192/212 页...
2026-02-23 04:06:06 - mkk_comic - app.py:582 - INFO - 正在下载第 193/212 页...
2026-02-23 04:06:06 - mkk_comic - app.py:582 - INFO - 正在下载第 194/212 页...
2026-02-23 04:06:06 - mkk_comic - app.py:582 - INFO - 正在下载第 195/212 页...
2026-02-23 04:06:06 - mkk_comic - app.py:582 - INFO - 正在下载第 196/212 页...
2026-02-23 04:06:06 - mkk_comic - app.py:582 - INFO - 正在下载第 197/212 页...
2026-02-23 04:06:06 - mkk_comic - app.py:582 - INFO - 正在下载第 198/212 页...
2026-02-23 04:06:07 - mkk_comic - app.py:582 - INFO - 正在下载第 199/212 页...
2026-02-23 04:06:07 - mkk_comic - app.py:582 - INFO - 正在下载第 200/212 页...
2026-02-23 04:06:07 - mkk_comic - app.py:582 - INFO - 正在下载第 201/212 页...
2026-02-23 04:06:07 - mkk_comic - app.py:582 - INFO - 正在下载第 202/212 页...
2026-02-23 04:06:07 - mkk_comic - app.py:582 - INFO - 正在下载第 203/212 页...
2026-02-23 04:06:07 - mkk_comic - app.py:582 - INFO - 正在下载第 204/212 页...
2026-02-23 04:06:07 - mkk_comic - app.py:582 - INFO - 正在下载第 205/212 页...
2026-02-23 04:06:07 - mkk_comic - app.py:582 - INFO - 正在下载第 206/212 页...
2026-02-23 04:06:07 - mkk_comic - app.py:582 - INFO - 正在下载第 207/212 页...
2026-02-23 04:06:07 - mkk_comic - app.py:582 - INFO - 正在下载第 208/212 页...
2026-02-23 04:06:07 - mkk_comic - app.py:582 - INFO - 正在下载第 209/212 页...
2026-02-23 04:06:07 - mkk_comic - app.py:582 - INFO - 正在下载第 210/212 页...
2026-02-23 04:06:07 - mkk_comic - app.py:582 - INFO - 正在下载第 211/212 页...
2026-02-23 04:06:07 - mkk_comic - app.py:582 - INFO - 正在下载第 212/212 页...
2026-02-23 04:06:07 - mkk_comic - app.py:511 - INFO - 下载完成!
2026-02-23 04:06:07 - mkk_comic - app.py:512 - INFO - 成功下载: 212/212 页
2026-02-23 04:06:08 - mkk_comic - app.py:494 - INFO - 正在下载第63章: 63卷    UUID:91f18415-c7d8-11e8-882e-024352452ce0
2026-02-23 04:06:08 - mkk_comic - app.py:502 - INFO - 创建目录: ./out/海贼王/63卷
2026-02-23 04:06:08 - mkk_comic - app.py:505 - INFO - 开始下载: 海贼王 - 63卷
2026-02-23 04:06:08 - mkk_comic - app.py:506 - INFO - 总页数: 180
2026-02-23 04:06:08 - mkk_comic - app.py:582 - INFO - 正在下载第 001/180 页...
2026-02-23 04:06:08 - mkk_comic - app.py:582 - INFO - 正在下载第 002/180 页...
2026-02-23 04:06:08 - mkk_comic - app.py:582 - INFO - 正在下载第 003/180 页...
2026-02-23 04:06:08 - mkk_comic - app.py:582 - INFO - 正在下载第 004/180 页...
2026-02-23 04:06:08 - mkk_comic - app.py:582 - INFO - 正在下载第 005/180 页...
2026-02-23 04:06:08 - mkk_comic - app.py:582 - INFO - 正在下载第 006/180 页...
2026-02-23 04:06:08 - mkk_comic - app.py:582 - INFO - 正在下载第 007/180 页...
2026-02-23 04:06:08 - mkk_comic - app.py:582 - INFO - 正在下载第 008/180 页...
2026-02-23 04:06:08 - mkk_comic - app.py:582 - INFO - 正在下载第 009/180 页...
2026-02-23 04:06:08 - mkk_comic - app.py:582 - INFO - 正在下载第 010/180 页...
2026-02-23 04:06:08 - mkk_comic - app.py:582 - INFO - 正在下载第 011/180 页...
2026-02-23 04:06:08 - mkk_comic - app.py:582 - INFO - 正在下载第 012/180 页...
2026-02-23 04:06:09 - mkk_comic - app.py:582 - INFO - 正在下载第 013/180 页...
2026-02-23 04:06:09 - mkk_comic - app.py:582 - INFO - 正在下载第 014/180 页...
2026-02-23 04:06:09 - mkk_comic - app.py:582 - INFO - 正在下载第 015/180 页...
2026-02-23 04:06:09 - mkk_comic - app.py:582 - INFO - 正在下载第 016/180 页...
2026-02-23 04:06:09 - mkk_comic - app.py:582 - INFO - 正在下载第 017/180 页...
2026-02-23 04:06:09 - mkk_comic - app.py:582 - INFO - 正在下载第 018/180 页...
2026-02-23 04:06:09 - mkk_comic - app.py:582 - INFO - 正在下载第 019/180 页...
2026-02-23 04:06:09 - mkk_comic - app.py:582 - INFO - 正在下载第 020/180 页...
2026-02-23 04:06:09 - mkk_comic - app.py:582 - INFO - 正在下载第 021/180 页...
2026-02-23 04:06:09 - mkk_comic - app.py:582 - INFO - 正在下载第 022/180 页...
2026-02-23 04:06:09 - mkk_comic - app.py:582 - INFO - 正在下载第 023/180 页...
2026-02-23 04:06:09 - mkk_comic - app.py:582 - INFO - 正在下载第 024/180 页...
2026-02-23 04:06:09 - mkk_comic - app.py:582 - INFO - 正在下载第 025/180 页...
2026-02-23 04:06:09 - mkk_comic - app.py:582 - INFO - 正在下载第 026/180 页...
2026-02-23 04:06:09 - mkk_comic - app.py:582 - INFO - 正在下载第 027/180 页...
2026-02-23 04:06:09 - mkk_comic - app.py:582 - INFO - 正在下载第 028/180 页...
2026-02-23 04:06:09 - mkk_comic - app.py:582 - INFO - 正在下载第 029/180 页...
2026-02-23 04:06:09 - mkk_comic - app.py:582 - INFO - 正在下载第 030/180 页...
2026-02-23 04:06:09 - mkk_comic - app.py:582 - INFO - 正在下载第 031/180 页...
2026-02-23 04:06:09 - mkk_comic - app.py:582 - INFO - 正在下载第 032/180 页...
2026-02-23 04:06:09 - mkk_comic - app.py:582 - INFO - 正在下载第 033/180 页...
2026-02-23 04:06:09 - mkk_comic - app.py:582 - INFO - 正在下载第 034/180 页...
2026-02-23 04:06:09 - mkk_comic - app.py:582 - INFO - 正在下载第 035/180 页...
2026-02-23 04:06:09 - mkk_comic - app.py:582 - INFO - 正在下载第 036/180 页...
2026-02-23 04:06:09 - mkk_comic - app.py:582 - INFO - 正在下载第 037/180 页...
2026-02-23 04:06:09 - mkk_comic - app.py:582 - INFO - 正在下载第 038/180 页...
2026-02-23 04:06:09 - mkk_comic - app.py:582 - INFO - 正在下载第 039/180 页...
2026-02-23 04:06:09 - mkk_comic - app.py:582 - INFO - 正在下载第 040/180 页...
2026-02-23 04:06:09 - mkk_comic - app.py:582 - INFO - 正在下载第 041/180 页...
2026-02-23 04:06:09 - mkk_comic - app.py:582 - INFO - 正在下载第 042/180 页...
2026-02-23 04:06:09 - mkk_comic - app.py:582 - INFO - 正在下载第 043/180 页...
2026-02-23 04:06:09 - mkk_comic - app.py:582 - INFO - 正在下载第 044/180 页...
2026-02-23 04:06:09 - mkk_comic - app.py:582 - INFO - 正在下载第 045/180 页...
2026-02-23 04:06:09 - mkk_comic - app.py:582 - INFO - 正在下载第 046/180 页...
2026-02-23 04:06:09 - mkk_comic - app.py:582 - INFO - 正在下载第 047/180 页...
2026-02-23 04:06:09 - mkk_comic - app.py:582 - INFO - 正在下载第 048/180 页...
2026-02-23 04:06:09 - mkk_comic - app.py:582 - INFO - 正在下载第 049/180 页...
2026-02-23 04:06:09 - mkk_comic - app.py:582 - INFO - 正在下载第 050/180 页...
2026-02-23 04:06:09 - mkk_comic - app.py:582 - INFO - 正在下载第 051/180 页...
2026-02-23 04:06:09 - mkk_comic - app.py:582 - INFO - 正在下载第 052/180 页...
2026-02-23 04:06:09 - mkk_comic - app.py:582 - INFO - 正在下载第 053/180 页...
2026-02-23 04:06:09 - mkk_comic - app.py:582 - INFO - 正在下载第 054/180 页...
2026-02-23 04:06:09 - mkk_comic - app.py:582 - INFO - 正在下载第 055/180 页...
2026-02-23 04:06:09 - mkk_comic - app.py:582 - INFO - 正在下载第 056/180 页...
2026-02-23 04:06:10 - mkk_comic - app.py:582 - INFO - 正在下载第 057/180 页...
2026-02-23 04:06:10 - mkk_comic - app.py:582 - INFO - 正在下载第 058/180 页...
2026-02-23 04:06:10 - mkk_comic - app.py:582 - INFO - 正在下载第 059/180 页...
2026-02-23 04:06:10 - mkk_comic - app.py:582 - INFO - 正在下载第 060/180 页...
2026-02-23 04:06:10 - mkk_comic - app.py:582 - INFO - 正在下载第 061/180 页...
2026-02-23 04:06:10 - mkk_comic - app.py:582 - INFO - 正在下载第 062/180 页...
2026-02-23 04:06:10 - mkk_comic - app.py:582 - INFO - 正在下载第 063/180 页...
2026-02-23 04:06:10 - mkk_comic - app.py:582 - INFO - 正在下载第 064/180 页...
2026-02-23 04:06:10 - mkk_comic - app.py:582 - INFO - 正在下载第 065/180 页...
2026-02-23 04:06:10 - mkk_comic - app.py:582 - INFO - 正在下载第 066/180 页...
2026-02-23 04:06:10 - mkk_comic - app.py:582 - INFO - 正在下载第 067/180 页...
2026-02-23 04:06:10 - mkk_comic - app.py:582 - INFO - 正在下载第 068/180 页...
2026-02-23 04:06:10 - mkk_comic - app.py:582 - INFO - 正在下载第 069/180 页...
2026-02-23 04:06:10 - mkk_comic - app.py:582 - INFO - 正在下载第 070/180 页...
2026-02-23 04:06:10 - mkk_comic - app.py:582 - INFO - 正在下载第 071/180 页...
2026-02-23 04:06:10 - mkk_comic - app.py:582 - INFO - 正在下载第 072/180 页...
2026-02-23 04:06:10 - mkk_comic - app.py:582 - INFO - 正在下载第 073/180 页...
2026-02-23 04:06:10 - mkk_comic - app.py:582 - INFO - 正在下载第 074/180 页...
2026-02-23 04:06:10 - mkk_comic - app.py:582 - INFO - 正在下载第 075/180 页...
2026-02-23 04:06:10 - mkk_comic - app.py:582 - INFO - 正在下载第 076/180 页...
2026-02-23 04:06:10 - mkk_comic - app.py:582 - INFO - 正在下载第 077/180 页...
2026-02-23 04:06:10 - mkk_comic - app.py:582 - INFO - 正在下载第 078/180 页...
2026-02-23 04:06:10 - mkk_comic - app.py:582 - INFO - 正在下载第 079/180 页...
2026-02-23 04:06:10 - mkk_comic - app.py:582 - INFO - 正在下载第 080/180 页...
2026-02-23 04:06:10 - mkk_comic - app.py:582 - INFO - 正在下载第 081/180 页...
2026-02-23 04:06:10 - mkk_comic - app.py:582 - INFO - 正在下载第 082/180 页...
2026-02-23 04:06:10 - mkk_comic - app.py:582 - INFO - 正在下载第 083/180 页...
2026-02-23 04:06:10 - mkk_comic - app.py:582 - INFO - 正在下载第 084/180 页...
2026-02-23 04:06:10 - mkk_comic - app.py:582 - INFO - 正在下载第 085/180 页...
2026-02-23 04:06:10 - mkk_comic - app.py:582 - INFO - 正在下载第 086/180 页...
2026-02-23 04:06:10 - mkk_comic - app.py:582 - INFO - 正在下载第 087/180 页...
2026-02-23 04:06:10 - mkk_comic - app.py:582 - INFO - 正在下载第 088/180 页...
2026-02-23 04:06:10 - mkk_comic - app.py:582 - INFO - 正在下载第 089/180 页...
2026-02-23 04:06:10 - mkk_comic - app.py:582 - INFO - 正在下载第 090/180 页...
2026-02-23 04:06:10 - mkk_comic - app.py:582 - INFO - 正在下载第 091/180 页...
2026-02-23 04:06:10 - mkk_comic - app.py:582 - INFO - 正在下载第 092/180 页...
2026-02-23 04:06:10 - mkk_comic - app.py:582 - INFO - 正在下载第 093/180 页...
2026-02-23 04:06:10 - mkk_comic - app.py:582 - INFO - 正在下载第 094/180 页...
2026-02-23 04:06:10 - mkk_comic - app.py:582 - INFO - 正在下载第 095/180 页...
2026-02-23 04:06:10 - mkk_comic - app.py:582 - INFO - 正在下载第 096/180 页...
2026-02-23 04:06:10 - mkk_comic - app.py:582 - INFO - 正在下载第 097/180 页...
2026-02-23 04:06:10 - mkk_comic - app.py:582 - INFO - 正在下载第 098/180 页...
2026-02-23 04:06:10 - mkk_comic - app.py:582 - INFO - 正在下载第 099/180 页...
2026-02-23 04:06:10 - mkk_comic - app.py:582 - INFO - 正在下载第 100/180 页...
2026-02-23 04:06:10 - mkk_comic - app.py:582 - INFO - 正在下载第 101/180 页...
2026-02-23 04:06:10 - mkk_comic - app.py:582 - INFO - 正在下载第 102/180 页...
2026-02-23 04:06:10 - mkk_comic - app.py:582 - INFO - 正在下载第 103/180 页...
2026-02-23 04:06:10 - mkk_comic - app.py:582 - INFO - 正在下载第 104/180 页...
2026-02-23 04:06:10 - mkk_comic - app.py:582 - INFO - 正在下载第 105/180 页...
2026-02-23 04:06:10 - mkk_comic - app.py:582 - INFO - 正在下载第 106/180 页...
2026-02-23 04:06:11 - mkk_comic - app.py:582 - INFO - 正在下载第 107/180 页...
2026-02-23 04:06:11 - mkk_comic - app.py:582 - INFO - 正在下载第 108/180 页...
2026-02-23 04:06:11 - mkk_comic - app.py:582 - INFO - 正在下载第 109/180 页...
2026-02-23 04:06:11 - mkk_comic - app.py:582 - INFO - 正在下载第 110/180 页...
2026-02-23 04:06:11 - mkk_comic - app.py:582 - INFO - 正在下载第 111/180 页...
2026-02-23 04:06:11 - mkk_comic - app.py:582 - INFO - 正在下载第 112/180 页...
2026-02-23 04:06:11 - mkk_comic - app.py:582 - INFO - 正在下载第 113/180 页...
2026-02-23 04:06:11 - mkk_comic - app.py:582 - INFO - 正在下载第 114/180 页...
2026-02-23 04:06:11 - mkk_comic - app.py:582 - INFO - 正在下载第 115/180 页...
2026-02-23 04:06:11 - mkk_comic - app.py:582 - INFO - 正在下载第 116/180 页...
2026-02-23 04:06:11 - mkk_comic - app.py:582 - INFO - 正在下载第 117/180 页...
2026-02-23 04:06:11 - mkk_comic - app.py:582 - INFO - 正在下载第 118/180 页...
2026-02-23 04:06:11 - mkk_comic - app.py:582 - INFO - 正在下载第 119/180 页...
2026-02-23 04:06:11 - mkk_comic - app.py:582 - INFO - 正在下载第 120/180 页...
2026-02-23 04:06:11 - mkk_comic - app.py:582 - INFO - 正在下载第 121/180 页...
2026-02-23 04:06:11 - mkk_comic - app.py:582 - INFO - 正在下载第 122/180 页...
2026-02-23 04:06:11 - mkk_comic - app.py:582 - INFO - 正在下载第 123/180 页...
2026-02-23 04:06:11 - mkk_comic - app.py:582 - INFO - 正在下载第 124/180 页...
2026-02-23 04:06:11 - mkk_comic - app.py:582 - INFO - 正在下载第 125/180 页...
2026-02-23 04:06:11 - mkk_comic - app.py:582 - INFO - 正在下载第 126/180 页...
2026-02-23 04:06:11 - mkk_comic - app.py:582 - INFO - 正在下载第 127/180 页...
2026-02-23 04:06:11 - mkk_comic - app.py:582 - INFO - 正在下载第 128/180 页...
2026-02-23 04:06:11 - mkk_comic - app.py:582 - INFO - 正在下载第 129/180 页...
2026-02-23 04:06:11 - mkk_comic - app.py:582 - INFO - 正在下载第 130/180 页...
2026-02-23 04:06:11 - mkk_comic - app.py:582 - INFO - 正在下载第 131/180 页...
2026-02-23 04:06:11 - mkk_comic - app.py:582 - INFO - 正在下载第 132/180 页...
2026-02-23 04:06:11 - mkk_comic - app.py:582 - INFO - 正在下载第 133/180 页...
2026-02-23 04:06:11 - mkk_comic - app.py:582 - INFO - 正在下载第 134/180 页...
2026-02-23 04:06:11 - mkk_comic - app.py:582 - INFO - 正在下载第 135/180 页...
2026-02-23 04:06:11 - mkk_comic - app.py:582 - INFO - 正在下载第 136/180 页...
2026-02-23 04:06:11 - mkk_comic - app.py:582 - INFO - 正在下载第 137/180 页...
2026-02-23 04:06:11 - mkk_comic - app.py:582 - INFO - 正在下载第 138/180 页...
2026-02-23 04:06:11 - mkk_comic - app.py:582 - INFO - 正在下载第 139/180 页...
2026-02-23 04:06:11 - mkk_comic - app.py:582 - INFO - 正在下载第 140/180 页...
2026-02-23 04:06:11 - mkk_comic - app.py:582 - INFO - 正在下载第 141/180 页...
2026-02-23 04:06:11 - mkk_comic - app.py:582 - INFO - 正在下载第 142/180 页...
2026-02-23 04:06:11 - mkk_comic - app.py:582 - INFO - 正在下载第 143/180 页...
2026-02-23 04:06:11 - mkk_comic - app.py:582 - INFO - 正在下载第 144/180 页...
2026-02-23 04:06:11 - mkk_comic - app.py:582 - INFO - 正在下载第 145/180 页...
2026-02-23 04:06:11 - mkk_comic - app.py:582 - INFO - 正在下载第 146/180 页...
2026-02-23 04:06:11 - mkk_comic - app.py:582 - INFO - 正在下载第 147/180 页...
2026-02-23 04:06:11 - mkk_comic - app.py:582 - INFO - 正在下载第 148/180 页...
2026-02-23 04:06:11 - mkk_comic - app.py:582 - INFO - 正在下载第 149/180 页...
2026-02-23 04:06:11 - mkk_comic - app.py:582 - INFO - 正在下载第 150/180 页...
2026-02-23 04:06:11 - mkk_comic - app.py:582 - INFO - 正在下载第 151/180 页...
2026-02-23 04:06:11 - mkk_comic - app.py:582 - INFO - 正在下载第 152/180 页...
2026-02-23 04:06:12 - mkk_comic - app.py:582 - INFO - 正在下载第 153/180 页...
2026-02-23 04:06:12 - mkk_comic - app.py:582 - INFO - 正在下载第 154/180 页...
2026-02-23 04:06:12 - mkk_comic - app.py:582 - INFO - 正在下载第 155/180 页...
2026-02-23 04:06:12 - mkk_comic - app.py:582 - INFO - 正在下载第 156/180 页...
2026-02-23 04:06:12 - mkk_comic - app.py:582 - INFO - 正在下载第 157/180 页...
2026-02-23 04:06:12 - mkk_comic - app.py:582 - INFO - 正在下载第 158/180 页...
2026-02-23 04:06:12 - mkk_comic - app.py:582 - INFO - 正在下载第 159/180 页...
2026-02-23 04:06:12 - mkk_comic - app.py:582 - INFO - 正在下载第 160/180 页...
2026-02-23 04:06:12 - mkk_comic - app.py:582 - INFO - 正在下载第 161/180 页...
2026-02-23 04:06:12 - mkk_comic - app.py:582 - INFO - 正在下载第 162/180 页...
2026-02-23 04:06:12 - mkk_comic - app.py:582 - INFO - 正在下载第 163/180 页...
2026-02-23 04:06:12 - mkk_comic - app.py:582 - INFO - 正在下载第 164/180 页...
2026-02-23 04:06:12 - mkk_comic - app.py:582 - INFO - 正在下载第 165/180 页...
2026-02-23 04:06:12 - mkk_comic - app.py:582 - INFO - 正在下载第 166/180 页...
2026-02-23 04:06:12 - mkk_comic - app.py:582 - INFO - 正在下载第 167/180 页...
2026-02-23 04:06:12 - mkk_comic - app.py:582 - INFO - 正在下载第 168/180 页...
2026-02-23 04:06:12 - mkk_comic - app.py:582 - INFO - 正在下载第 169/180 页...
2026-02-23 04:06:12 - mkk_comic - app.py:582 - INFO - 正在下载第 170/180 页...
2026-02-23 04:06:12 - mkk_comic - app.py:582 - INFO - 正在下载第 171/180 页...
2026-02-23 04:06:12 - mkk_comic - app.py:582 - INFO - 正在下载第 172/180 页...
2026-02-23 04:06:12 - mkk_comic - app.py:582 - INFO - 正在下载第 173/180 页...
2026-02-23 04:06:12 - mkk_comic - app.py:582 - INFO - 正在下载第 174/180 页...
2026-02-23 04:06:12 - mkk_comic - app.py:582 - INFO - 正在下载第 175/180 页...
2026-02-23 04:06:12 - mkk_comic - app.py:582 - INFO - 正在下载第 176/180 页...
2026-02-23 04:06:12 - mkk_comic - app.py:582 - INFO - 正在下载第 177/180 页...
2026-02-23 04:06:12 - mkk_comic - app.py:582 - INFO - 正在下载第 178/180 页...
2026-02-23 04:06:12 - mkk_comic - app.py:582 - INFO - 正在下载第 179/180 页...
2026-02-23 04:06:12 - mkk_comic - app.py:582 - INFO - 正在下载第 180/180 页...
2026-02-23 04:06:12 - mkk_comic - app.py:511 - INFO - 下载完成!
2026-02-23 04:06:12 - mkk_comic - app.py:512 - INFO - 成功下载: 180/180 页
2026-02-23 04:06:13 - mkk_comic - app.py:494 - INFO - 正在下载第64章: 64卷    UUID:99bac7ad-c7d8-11e8-882e-024352452ce0
2026-02-23 04:06:13 - mkk_comic - app.py:502 - INFO - 创建目录: ./out/海贼王/64卷
2026-02-23 04:06:13 - mkk_comic - app.py:505 - INFO - 开始下载: 海贼王 - 64卷
2026-02-23 04:06:13 - mkk_comic - app.py:506 - INFO - 总页数: 211
2026-02-23 04:06:13 - mkk_comic - app.py:582 - INFO - 正在下载第 001/211 页...
2026-02-23 04:06:13 - mkk_comic - app.py:582 - INFO - 正在下载第 002/211 页...
2026-02-23 04:06:13 - mkk_comic - app.py:582 - INFO - 正在下载第 003/211 页...
2026-02-23 04:06:13 - mkk_comic - app.py:582 - INFO - 正在下载第 004/211 页...
2026-02-23 04:06:13 - mkk_comic - app.py:582 - INFO - 正在下载第 005/211 页...
2026-02-23 04:06:13 - mkk_comic - app.py:582 - INFO - 正在下载第 006/211 页...
2026-02-23 04:06:13 - mkk_comic - app.py:582 - INFO - 正在下载第 007/211 页...
2026-02-23 04:06:13 - mkk_comic - app.py:582 - INFO - 正在下载第 008/211 页...
2026-02-23 04:06:14 - mkk_comic - app.py:582 - INFO - 正在下载第 009/211 页...
2026-02-23 04:06:14 - mkk_comic - app.py:582 - INFO - 正在下载第 010/211 页...
2026-02-23 04:06:14 - mkk_comic - app.py:582 - INFO - 正在下载第 011/211 页...
2026-02-23 04:06:14 - mkk_comic - app.py:582 - INFO - 正在下载第 012/211 页...
2026-02-23 04:06:14 - mkk_comic - app.py:582 - INFO - 正在下载第 013/211 页...
2026-02-23 04:06:14 - mkk_comic - app.py:582 - INFO - 正在下载第 014/211 页...
2026-02-23 04:06:14 - mkk_comic - app.py:582 - INFO - 正在下载第 015/211 页...
2026-02-23 04:06:14 - mkk_comic - app.py:582 - INFO - 正在下载第 016/211 页...
2026-02-23 04:06:14 - mkk_comic - app.py:582 - INFO - 正在下载第 017/211 页...
2026-02-23 04:06:14 - mkk_comic - app.py:582 - INFO - 正在下载第 018/211 页...
2026-02-23 04:06:14 - mkk_comic - app.py:582 - INFO - 正在下载第 019/211 页...
2026-02-23 04:06:14 - mkk_comic - app.py:582 - INFO - 正在下载第 020/211 页...
2026-02-23 04:06:14 - mkk_comic - app.py:582 - INFO - 正在下载第 021/211 页...
2026-02-23 04:06:14 - mkk_comic - app.py:582 - INFO - 正在下载第 022/211 页...
2026-02-23 04:06:14 - mkk_comic - app.py:582 - INFO - 正在下载第 023/211 页...
2026-02-23 04:06:14 - mkk_comic - app.py:582 - INFO - 正在下载第 024/211 页...
2026-02-23 04:06:14 - mkk_comic - app.py:582 - INFO - 正在下载第 025/211 页...
2026-02-23 04:06:14 - mkk_comic - app.py:582 - INFO - 正在下载第 026/211 页...
2026-02-23 04:06:14 - mkk_comic - app.py:582 - INFO - 正在下载第 027/211 页...
2026-02-23 04:06:14 - mkk_comic - app.py:582 - INFO - 正在下载第 028/211 页...
2026-02-23 04:06:14 - mkk_comic - app.py:582 - INFO - 正在下载第 029/211 页...
2026-02-23 04:06:14 - mkk_comic - app.py:582 - INFO - 正在下载第 030/211 页...
2026-02-23 04:06:14 - mkk_comic - app.py:582 - INFO - 正在下载第 031/211 页...
2026-02-23 04:06:14 - mkk_comic - app.py:582 - INFO - 正在下载第 032/211 页...
2026-02-23 04:06:14 - mkk_comic - app.py:582 - INFO - 正在下载第 033/211 页...
2026-02-23 04:06:14 - mkk_comic - app.py:582 - INFO - 正在下载第 034/211 页...
2026-02-23 04:06:14 - mkk_comic - app.py:582 - INFO - 正在下载第 035/211 页...
2026-02-23 04:06:14 - mkk_comic - app.py:582 - INFO - 正在下载第 036/211 页...
2026-02-23 04:06:14 - mkk_comic - app.py:582 - INFO - 正在下载第 037/211 页...
2026-02-23 04:06:14 - mkk_comic - app.py:582 - INFO - 正在下载第 038/211 页...
2026-02-23 04:06:14 - mkk_comic - app.py:582 - INFO - 正在下载第 039/211 页...
2026-02-23 04:06:14 - mkk_comic - app.py:582 - INFO - 正在下载第 040/211 页...
2026-02-23 04:06:14 - mkk_comic - app.py:582 - INFO - 正在下载第 041/211 页...
2026-02-23 04:06:14 - mkk_comic - app.py:582 - INFO - 正在下载第 042/211 页...
2026-02-23 04:06:14 - mkk_comic - app.py:582 - INFO - 正在下载第 043/211 页...
2026-02-23 04:06:14 - mkk_comic - app.py:582 - INFO - 正在下载第 044/211 页...
2026-02-23 04:06:14 - mkk_comic - app.py:582 - INFO - 正在下载第 045/211 页...
2026-02-23 04:06:14 - mkk_comic - app.py:582 - INFO - 正在下载第 046/211 页...
2026-02-23 04:06:14 - mkk_comic - app.py:582 - INFO - 正在下载第 047/211 页...
2026-02-23 04:06:14 - mkk_comic - app.py:582 - INFO - 正在下载第 048/211 页...
2026-02-23 04:06:14 - mkk_comic - app.py:582 - INFO - 正在下载第 049/211 页...
2026-02-23 04:06:14 - mkk_comic - app.py:582 - INFO - 正在下载第 050/211 页...
2026-02-23 04:06:14 - mkk_comic - app.py:582 - INFO - 正在下载第 051/211 页...
2026-02-23 04:06:14 - mkk_comic - app.py:582 - INFO - 正在下载第 052/211 页...
2026-02-23 04:06:14 - mkk_comic - app.py:582 - INFO - 正在下载第 053/211 页...
2026-02-23 04:06:14 - mkk_comic - app.py:582 - INFO - 正在下载第 054/211 页...
2026-02-23 04:06:14 - mkk_comic - app.py:582 - INFO - 正在下载第 055/211 页...
2026-02-23 04:06:15 - mkk_comic - app.py:582 - INFO - 正在下载第 056/211 页...
2026-02-23 04:06:15 - mkk_comic - app.py:582 - INFO - 正在下载第 057/211 页...
2026-02-23 04:06:15 - mkk_comic - app.py:582 - INFO - 正在下载第 058/211 页...
2026-02-23 04:06:15 - mkk_comic - app.py:582 - INFO - 正在下载第 059/211 页...
2026-02-23 04:06:15 - mkk_comic - app.py:582 - INFO - 正在下载第 060/211 页...
2026-02-23 04:06:15 - mkk_comic - app.py:582 - INFO - 正在下载第 061/211 页...
2026-02-23 04:06:15 - mkk_comic - app.py:582 - INFO - 正在下载第 062/211 页...
2026-02-23 04:06:15 - mkk_comic - app.py:582 - INFO - 正在下载第 063/211 页...
2026-02-23 04:06:15 - mkk_comic - app.py:582 - INFO - 正在下载第 064/211 页...
2026-02-23 04:06:15 - mkk_comic - app.py:582 - INFO - 正在下载第 065/211 页...
2026-02-23 04:06:15 - mkk_comic - app.py:582 - INFO - 正在下载第 066/211 页...
2026-02-23 04:06:15 - mkk_comic - app.py:582 - INFO - 正在下载第 067/211 页...
2026-02-23 04:06:15 - mkk_comic - app.py:582 - INFO - 正在下载第 068/211 页...
2026-02-23 04:06:15 - mkk_comic - app.py:582 - INFO - 正在下载第 069/211 页...
2026-02-23 04:06:15 - mkk_comic - app.py:582 - INFO - 正在下载第 070/211 页...
2026-02-23 04:06:15 - mkk_comic - app.py:582 - INFO - 正在下载第 071/211 页...
2026-02-23 04:06:15 - mkk_comic - app.py:582 - INFO - 正在下载第 072/211 页...
2026-02-23 04:06:15 - mkk_comic - app.py:582 - INFO - 正在下载第 073/211 页...
2026-02-23 04:06:15 - mkk_comic - app.py:582 - INFO - 正在下载第 074/211 页...
2026-02-23 04:06:15 - mkk_comic - app.py:582 - INFO - 正在下载第 075/211 页...
2026-02-23 04:06:15 - mkk_comic - app.py:582 - INFO - 正在下载第 076/211 页...
2026-02-23 04:06:15 - mkk_comic - app.py:582 - INFO - 正在下载第 077/211 页...
2026-02-23 04:06:15 - mkk_comic - app.py:582 - INFO - 正在下载第 078/211 页...
2026-02-23 04:06:15 - mkk_comic - app.py:582 - INFO - 正在下载第 079/211 页...
2026-02-23 04:06:15 - mkk_comic - app.py:582 - INFO - 正在下载第 080/211 页...
2026-02-23 04:06:15 - mkk_comic - app.py:582 - INFO - 正在下载第 081/211 页...
2026-02-23 04:06:15 - mkk_comic - app.py:582 - INFO - 正在下载第 082/211 页...
2026-02-23 04:06:15 - mkk_comic - app.py:582 - INFO - 正在下载第 083/211 页...
2026-02-23 04:06:15 - mkk_comic - app.py:582 - INFO - 正在下载第 084/211 页...
2026-02-23 04:06:15 - mkk_comic - app.py:582 - INFO - 正在下载第 085/211 页...
2026-02-23 04:06:15 - mkk_comic - app.py:582 - INFO - 正在下载第 086/211 页...
2026-02-23 04:06:15 - mkk_comic - app.py:582 - INFO - 正在下载第 087/211 页...
2026-02-23 04:06:15 - mkk_comic - app.py:582 - INFO - 正在下载第 088/211 页...
2026-02-23 04:06:15 - mkk_comic - app.py:582 - INFO - 正在下载第 089/211 页...
2026-02-23 04:06:15 - mkk_comic - app.py:582 - INFO - 正在下载第 090/211 页...
2026-02-23 04:06:15 - mkk_comic - app.py:582 - INFO - 正在下载第 091/211 页...
2026-02-23 04:06:15 - mkk_comic - app.py:582 - INFO - 正在下载第 092/211 页...
2026-02-23 04:06:15 - mkk_comic - app.py:582 - INFO - 正在下载第 093/211 页...
2026-02-23 04:06:15 - mkk_comic - app.py:582 - INFO - 正在下载第 094/211 页...
2026-02-23 04:06:15 - mkk_comic - app.py:582 - INFO - 正在下载第 095/211 页...
2026-02-23 04:06:15 - mkk_comic - app.py:582 - INFO - 正在下载第 096/211 页...
2026-02-23 04:06:15 - mkk_comic - app.py:582 - INFO - 正在下载第 097/211 页...
2026-02-23 04:06:15 - mkk_comic - app.py:582 - INFO - 正在下载第 098/211 页...
2026-02-23 04:06:15 - mkk_comic - app.py:582 - INFO - 正在下载第 099/211 页...
2026-02-23 04:06:15 - mkk_comic - app.py:582 - INFO - 正在下载第 100/211 页...
2026-02-23 04:06:15 - mkk_comic - app.py:582 - INFO - 正在下载第 101/211 页...
2026-02-23 04:06:15 - mkk_comic - app.py:582 - INFO - 正在下载第 102/211 页...
2026-02-23 04:06:15 - mkk_comic - app.py:582 - INFO - 正在下载第 103/211 页...
2026-02-23 04:06:16 - mkk_comic - app.py:582 - INFO - 正在下载第 104/211 页...
2026-02-23 04:06:16 - mkk_comic - app.py:582 - INFO - 正在下载第 105/211 页...
2026-02-23 04:06:16 - mkk_comic - app.py:582 - INFO - 正在下载第 106/211 页...
2026-02-23 04:06:16 - mkk_comic - app.py:582 - INFO - 正在下载第 107/211 页...
2026-02-23 04:06:16 - mkk_comic - app.py:582 - INFO - 正在下载第 108/211 页...
2026-02-23 04:06:16 - mkk_comic - app.py:582 - INFO - 正在下载第 109/211 页...
2026-02-23 04:06:16 - mkk_comic - app.py:582 - INFO - 正在下载第 110/211 页...
2026-02-23 04:06:16 - mkk_comic - app.py:582 - INFO - 正在下载第 111/211 页...
2026-02-23 04:06:16 - mkk_comic - app.py:582 - INFO - 正在下载第 112/211 页...
2026-02-23 04:06:16 - mkk_comic - app.py:582 - INFO - 正在下载第 113/211 页...
2026-02-23 04:06:16 - mkk_comic - app.py:582 - INFO - 正在下载第 114/211 页...
2026-02-23 04:06:16 - mkk_comic - app.py:582 - INFO - 正在下载第 115/211 页...
2026-02-23 04:06:16 - mkk_comic - app.py:582 - INFO - 正在下载第 116/211 页...
2026-02-23 04:06:16 - mkk_comic - app.py:582 - INFO - 正在下载第 117/211 页...
2026-02-23 04:06:16 - mkk_comic - app.py:582 - INFO - 正在下载第 118/211 页...
2026-02-23 04:06:16 - mkk_comic - app.py:582 - INFO - 正在下载第 119/211 页...
2026-02-23 04:06:16 - mkk_comic - app.py:582 - INFO - 正在下载第 120/211 页...
2026-02-23 04:06:16 - mkk_comic - app.py:582 - INFO - 正在下载第 121/211 页...
2026-02-23 04:06:16 - mkk_comic - app.py:582 - INFO - 正在下载第 122/211 页...
2026-02-23 04:06:16 - mkk_comic - app.py:582 - INFO - 正在下载第 123/211 页...
2026-02-23 04:06:16 - mkk_comic - app.py:582 - INFO - 正在下载第 124/211 页...
2026-02-23 04:06:16 - mkk_comic - app.py:582 - INFO - 正在下载第 125/211 页...
2026-02-23 04:06:16 - mkk_comic - app.py:582 - INFO - 正在下载第 126/211 页...
2026-02-23 04:06:16 - mkk_comic - app.py:582 - INFO - 正在下载第 127/211 页...
2026-02-23 04:06:16 - mkk_comic - app.py:582 - INFO - 正在下载第 128/211 页...
2026-02-23 04:06:16 - mkk_comic - app.py:582 - INFO - 正在下载第 129/211 页...
2026-02-23 04:06:16 - mkk_comic - app.py:582 - INFO - 正在下载第 130/211 页...
2026-02-23 04:06:16 - mkk_comic - app.py:582 - INFO - 正在下载第 131/211 页...
2026-02-23 04:06:16 - mkk_comic - app.py:582 - INFO - 正在下载第 132/211 页...
2026-02-23 04:06:16 - mkk_comic - app.py:582 - INFO - 正在下载第 133/211 页...
2026-02-23 04:06:16 - mkk_comic - app.py:582 - INFO - 正在下载第 134/211 页...
2026-02-23 04:06:16 - mkk_comic - app.py:582 - INFO - 正在下载第 135/211 页...
2026-02-23 04:06:16 - mkk_comic - app.py:582 - INFO - 正在下载第 136/211 页...
2026-02-23 04:06:16 - mkk_comic - app.py:582 - INFO - 正在下载第 137/211 页...
2026-02-23 04:06:16 - mkk_comic - app.py:582 - INFO - 正在下载第 138/211 页...
2026-02-23 04:06:16 - mkk_comic - app.py:582 - INFO - 正在下载第 139/211 页...
2026-02-23 04:06:16 - mkk_comic - app.py:582 - INFO - 正在下载第 140/211 页...
2026-02-23 04:06:16 - mkk_comic - app.py:582 - INFO - 正在下载第 141/211 页...
2026-02-23 04:06:16 - mkk_comic - app.py:582 - INFO - 正在下载第 142/211 页...
2026-02-23 04:06:16 - mkk_comic - app.py:582 - INFO - 正在下载第 143/211 页...
2026-02-23 04:06:16 - mkk_comic - app.py:582 - INFO - 正在下载第 144/211 页...
2026-02-23 04:06:16 - mkk_comic - app.py:582 - INFO - 正在下载第 145/211 页...
2026-02-23 04:06:16 - mkk_comic - app.py:582 - INFO - 正在下载第 146/211 页...
2026-02-23 04:06:16 - mkk_comic - app.py:582 - INFO - 正在下载第 147/211 页...
2026-02-23 04:06:16 - mkk_comic - app.py:582 - INFO - 正在下载第 148/211 页...
2026-02-23 04:06:16 - mkk_comic - app.py:582 - INFO - 正在下载第 149/211 页...
2026-02-23 04:06:16 - mkk_comic - app.py:582 - INFO - 正在下载第 150/211 页...
2026-02-23 04:06:16 - mkk_comic - app.py:582 - INFO - 正在下载第 151/211 页...
2026-02-23 04:06:16 - mkk_comic - app.py:582 - INFO - 正在下载第 152/211 页...
2026-02-23 04:06:16 - mkk_comic - app.py:582 - INFO - 正在下载第 153/211 页...
2026-02-23 04:06:16 - mkk_comic - app.py:582 - INFO - 正在下载第 154/211 页...
2026-02-23 04:06:16 - mkk_comic - app.py:582 - INFO - 正在下载第 155/211 页...
2026-02-23 04:06:16 - mkk_comic - app.py:582 - INFO - 正在下载第 156/211 页...
2026-02-23 04:06:17 - mkk_comic - app.py:582 - INFO - 正在下载第 157/211 页...
2026-02-23 04:06:17 - mkk_comic - app.py:582 - INFO - 正在下载第 158/211 页...
2026-02-23 04:06:17 - mkk_comic - app.py:582 - INFO - 正在下载第 159/211 页...
2026-02-23 04:06:17 - mkk_comic - app.py:582 - INFO - 正在下载第 160/211 页...
2026-02-23 04:06:17 - mkk_comic - app.py:582 - INFO - 正在下载第 161/211 页...
2026-02-23 04:06:17 - mkk_comic - app.py:582 - INFO - 正在下载第 162/211 页...
2026-02-23 04:06:17 - mkk_comic - app.py:582 - INFO - 正在下载第 163/211 页...
2026-02-23 04:06:17 - mkk_comic - app.py:582 - INFO - 正在下载第 164/211 页...
2026-02-23 04:06:17 - mkk_comic - app.py:582 - INFO - 正在下载第 165/211 页...
2026-02-23 04:06:17 - mkk_comic - app.py:582 - INFO - 正在下载第 166/211 页...
2026-02-23 04:06:17 - mkk_comic - app.py:582 - INFO - 正在下载第 167/211 页...
2026-02-23 04:06:17 - mkk_comic - app.py:582 - INFO - 正在下载第 168/211 页...
2026-02-23 04:06:17 - mkk_comic - app.py:582 - INFO - 正在下载第 169/211 页...
2026-02-23 04:06:17 - mkk_comic - app.py:582 - INFO - 正在下载第 170/211 页...
2026-02-23 04:06:17 - mkk_comic - app.py:582 - INFO - 正在下载第 171/211 页...
2026-02-23 04:06:17 - mkk_comic - app.py:582 - INFO - 正在下载第 172/211 页...
2026-02-23 04:06:17 - mkk_comic - app.py:582 - INFO - 正在下载第 173/211 页...
2026-02-23 04:06:17 - mkk_comic - app.py:582 - INFO - 正在下载第 174/211 页...
2026-02-23 04:06:17 - mkk_comic - app.py:582 - INFO - 正在下载第 175/211 页...
2026-02-23 04:06:17 - mkk_comic - app.py:582 - INFO - 正在下载第 176/211 页...
2026-02-23 04:06:17 - mkk_comic - app.py:582 - INFO - 正在下载第 177/211 页...
2026-02-23 04:06:17 - mkk_comic - app.py:582 - INFO - 正在下载第 178/211 页...
2026-02-23 04:06:17 - mkk_comic - app.py:582 - INFO - 正在下载第 179/211 页...
2026-02-23 04:06:17 - mkk_comic - app.py:582 - INFO - 正在下载第 180/211 页...
2026-02-23 04:06:17 - mkk_comic - app.py:582 - INFO - 正在下载第 181/211 页...
2026-02-23 04:06:17 - mkk_comic - app.py:582 - INFO - 正在下载第 182/211 页...
2026-02-23 04:06:17 - mkk_comic - app.py:582 - INFO - 正在下载第 183/211 页...
2026-02-23 04:06:17 - mkk_comic - app.py:582 - INFO - 正在下载第 184/211 页...
2026-02-23 04:06:17 - mkk_comic - app.py:582 - INFO - 正在下载第 185/211 页...
2026-02-23 04:06:17 - mkk_comic - app.py:582 - INFO - 正在下载第 186/211 页...
2026-02-23 04:06:17 - mkk_comic - app.py:582 - INFO - 正在下载第 187/211 页...
2026-02-23 04:06:17 - mkk_comic - app.py:582 - INFO - 正在下载第 188/211 页...
2026-02-23 04:06:17 - mkk_comic - app.py:582 - INFO - 正在下载第 189/211 页...
2026-02-23 04:06:17 - mkk_comic - app.py:582 - INFO - 正在下载第 190/211 页...
2026-02-23 04:06:17 - mkk_comic - app.py:582 - INFO - 正在下载第 191/211 页...
2026-02-23 04:06:17 - mkk_comic - app.py:582 - INFO - 正在下载第 192/211 页...
2026-02-23 04:06:17 - mkk_comic - app.py:582 - INFO - 正在下载第 193/211 页...
2026-02-23 04:06:17 - mkk_comic - app.py:582 - INFO - 正在下载第 194/211 页...
2026-02-23 04:06:17 - mkk_comic - app.py:582 - INFO - 正在下载第 195/211 页...
2026-02-23 04:06:17 - mkk_comic - app.py:582 - INFO - 正在下载第 196/211 页...
2026-02-23 04:06:17 - mkk_comic - app.py:582 - INFO - 正在下载第 197/211 页...
2026-02-23 04:06:17 - mkk_comic - app.py:582 - INFO - 正在下载第 198/211 页...
2026-02-23 04:06:17 - mkk_comic - app.py:582 - INFO - 正在下载第 199/211 页...
2026-02-23 04:06:17 - mkk_comic - app.py:582 - INFO - 正在下载第 200/211 页...
2026-02-23 04:06:17 - mkk_comic - app.py:582 - INFO - 正在下载第 201/211 页...
2026-02-23 04:06:17 - mkk_comic - app.py:582 - INFO - 正在下载第 202/211 页...
2026-02-23 04:06:18 - mkk_comic - app.py:582 - INFO - 正在下载第 203/211 页...
2026-02-23 04:06:18 - mkk_comic - app.py:582 - INFO - 正在下载第 204/211 页...
2026-02-23 04:06:18 - mkk_comic - app.py:582 - INFO - 正在下载第 205/211 页...
2026-02-23 04:06:18 - mkk_comic - app.py:582 - INFO - 正在下载第 206/211 页...
2026-02-23 04:06:18 - mkk_comic - app.py:582 - INFO - 正在下载第 207/211 页...
2026-02-23 04:06:18 - mkk_comic - app.py:582 - INFO - 正在下载第 208/211 页...
2026-02-23 04:06:18 - mkk_comic - app.py:582 - INFO - 正在下载第 209/211 页...
2026-02-23 04:06:18 - mkk_comic - app.py:582 - INFO - 正在下载第 210/211 页...
2026-02-23 04:06:18 - mkk_comic - app.py:582 - INFO - 正在下载第 211/211 页...
2026-02-23 04:06:18 - mkk_comic - app.py:511 - INFO - 下载完成!
2026-02-23 04:06:18 - mkk_comic - app.py:512 - INFO - 成功下载: 211/211 页
2026-02-23 04:06:18 - mkk_comic - app.py:838 - INFO - 【电锯人】上次下载至第59章
2026-02-23 04:06:18 - mkk_comic - app.py:845 - INFO - 【电锯人】检测到更新！最新：254章
2026-02-23 04:06:18 - mkk_comic - app.py:848 - INFO - 【电锯人】最大下载限制为5章-需下载60~64章）
2026-02-23 04:06:19 - mkk_comic - app.py:494 - INFO - 正在下载第60章: 第54话    UUID:c38b5b1e-38ea-11ea-966d-00163e0ca5bd
2026-02-23 04:06:20 - mkk_comic - app.py:502 - INFO - 创建目录: ./out/電鋸人/第54话
2026-02-23 04:06:20 - mkk_comic - app.py:505 - INFO - 开始下载: 電鋸人 - 第54话
2026-02-23 04:06:20 - mkk_comic - app.py:506 - INFO - 总页数: 20
2026-02-23 04:06:20 - mkk_comic - app.py:582 - INFO - 正在下载第 001/020 页...
2026-02-23 04:06:20 - mkk_comic - app.py:582 - INFO - 正在下载第 002/020 页...
2026-02-23 04:06:20 - mkk_comic - app.py:582 - INFO - 正在下载第 003/020 页...
2026-02-23 04:06:20 - mkk_comic - app.py:582 - INFO - 正在下载第 004/020 页...
2026-02-23 04:06:20 - mkk_comic - app.py:582 - INFO - 正在下载第 005/020 页...
2026-02-23 04:06:20 - mkk_comic - app.py:582 - INFO - 正在下载第 006/020 页...
2026-02-23 04:06:20 - mkk_comic - app.py:582 - INFO - 正在下载第 007/020 页...
2026-02-23 04:06:20 - mkk_comic - app.py:582 - INFO - 正在下载第 008/020 页...
2026-02-23 04:06:20 - mkk_comic - app.py:582 - INFO - 正在下载第 009/020 页...
2026-02-23 04:06:20 - mkk_comic - app.py:582 - INFO - 正在下载第 010/020 页...
2026-02-23 04:06:20 - mkk_comic - app.py:582 - INFO - 正在下载第 011/020 页...
2026-02-23 04:06:20 - mkk_comic - app.py:582 - INFO - 正在下载第 012/020 页...
2026-02-23 04:06:20 - mkk_comic - app.py:582 - INFO - 正在下载第 013/020 页...
2026-02-23 04:06:20 - mkk_comic - app.py:582 - INFO - 正在下载第 014/020 页...
2026-02-23 04:06:20 - mkk_comic - app.py:582 - INFO - 正在下载第 015/020 页...
2026-02-23 04:06:20 - mkk_comic - app.py:582 - INFO - 正在下载第 016/020 页...
2026-02-23 04:06:20 - mkk_comic - app.py:582 - INFO - 正在下载第 017/020 页...
2026-02-23 04:06:20 - mkk_comic - app.py:582 - INFO - 正在下载第 018/020 页...
2026-02-23 04:06:20 - mkk_comic - app.py:582 - INFO - 正在下载第 019/020 页...
2026-02-23 04:06:20 - mkk_comic - app.py:582 - INFO - 正在下载第 020/020 页...
2026-02-23 04:06:20 - mkk_comic - app.py:511 - INFO - 下载完成!
2026-02-23 04:06:20 - mkk_comic - app.py:512 - INFO - 成功下载: 20/20 页
2026-02-23 04:06:21 - mkk_comic - app.py:494 - INFO - 正在下载第61章: 第55话    UUID:c09ea900-3e81-11ea-9cc3-00163e0ca5bd
2026-02-23 04:06:21 - mkk_comic - app.py:502 - INFO - 创建目录: ./out/電鋸人/第55话
2026-02-23 04:06:21 - mkk_comic - app.py:505 - INFO - 开始下载: 電鋸人 - 第55话
2026-02-23 04:06:21 - mkk_comic - app.py:506 - INFO - 总页数: 21
2026-02-23 04:06:21 - mkk_comic - app.py:582 - INFO - 正在下载第 001/021 页...
2026-02-23 04:06:21 - mkk_comic - app.py:582 - INFO - 正在下载第 002/021 页...
2026-02-23 04:06:21 - mkk_comic - app.py:582 - INFO - 正在下载第 003/021 页...
2026-02-23 04:06:21 - mkk_comic - app.py:582 - INFO - 正在下载第 004/021 页...
2026-02-23 04:06:21 - mkk_comic - app.py:582 - INFO - 正在下载第 005/021 页...
2026-02-23 04:06:21 - mkk_comic - app.py:582 - INFO - 正在下载第 006/021 页...
2026-02-23 04:06:21 - mkk_comic - app.py:582 - INFO - 正在下载第 007/021 页...
2026-02-23 04:06:21 - mkk_comic - app.py:582 - INFO - 正在下载第 008/021 页...
2026-02-23 04:06:21 - mkk_comic - app.py:582 - INFO - 正在下载第 009/021 页...
2026-02-23 04:06:21 - mkk_comic - app.py:582 - INFO - 正在下载第 010/021 页...
2026-02-23 04:06:21 - mkk_comic - app.py:582 - INFO - 正在下载第 011/021 页...
2026-02-23 04:06:21 - mkk_comic - app.py:582 - INFO - 正在下载第 012/021 页...
2026-02-23 04:06:21 - mkk_comic - app.py:582 - INFO - 正在下载第 013/021 页...
2026-02-23 04:06:21 - mkk_comic - app.py:582 - INFO - 正在下载第 014/021 页...
2026-02-23 04:06:21 - mkk_comic - app.py:582 - INFO - 正在下载第 015/021 页...
2026-02-23 04:06:22 - mkk_comic - app.py:582 - INFO - 正在下载第 016/021 页...
2026-02-23 04:06:22 - mkk_comic - app.py:582 - INFO - 正在下载第 017/021 页...
2026-02-23 04:06:22 - mkk_comic - app.py:582 - INFO - 正在下载第 018/021 页...
2026-02-23 04:06:22 - mkk_comic - app.py:582 - INFO - 正在下载第 019/021 页...
2026-02-23 04:06:22 - mkk_comic - app.py:582 - INFO - 正在下载第 020/021 页...
2026-02-23 04:06:22 - mkk_comic - app.py:582 - INFO - 正在下载第 021/021 页...
2026-02-23 04:06:22 - mkk_comic - app.py:511 - INFO - 下载完成!
2026-02-23 04:06:22 - mkk_comic - app.py:512 - INFO - 成功下载: 21/21 页
2026-02-23 04:06:22 - mkk_comic - app.py:494 - INFO - 正在下载第62章: 第56话    UUID:0c3de11e-43f0-11ea-88cf-00163e0ca5bd
2026-02-23 04:06:23 - mkk_comic - app.py:502 - INFO - 创建目录: ./out/電鋸人/第56话
2026-02-23 04:06:23 - mkk_comic - app.py:505 - INFO - 开始下载: 電鋸人 - 第56话
2026-02-23 04:06:23 - mkk_comic - app.py:506 - INFO - 总页数: 21
2026-02-23 04:06:23 - mkk_comic - app.py:582 - INFO - 正在下载第 001/021 页...
2026-02-23 04:06:23 - mkk_comic - app.py:582 - INFO - 正在下载第 002/021 页...
2026-02-23 04:06:23 - mkk_comic - app.py:582 - INFO - 正在下载第 003/021 页...
2026-02-23 04:06:23 - mkk_comic - app.py:582 - INFO - 正在下载第 004/021 页...
2026-02-23 04:06:23 - mkk_comic - app.py:582 - INFO - 正在下载第 005/021 页...
2026-02-23 04:06:23 - mkk_comic - app.py:582 - INFO - 正在下载第 006/021 页...
2026-02-23 04:06:23 - mkk_comic - app.py:582 - INFO - 正在下载第 007/021 页...
2026-02-23 04:06:23 - mkk_comic - app.py:582 - INFO - 正在下载第 008/021 页...
2026-02-23 04:06:23 - mkk_comic - app.py:582 - INFO - 正在下载第 009/021 页...
2026-02-23 04:06:23 - mkk_comic - app.py:582 - INFO - 正在下载第 010/021 页...
2026-02-23 04:06:23 - mkk_comic - app.py:582 - INFO - 正在下载第 011/021 页...
2026-02-23 04:06:23 - mkk_comic - app.py:582 - INFO - 正在下载第 012/021 页...
2026-02-23 04:06:23 - mkk_comic - app.py:582 - INFO - 正在下载第 013/021 页...
2026-02-23 04:06:23 - mkk_comic - app.py:582 - INFO - 正在下载第 014/021 页...
2026-02-23 04:06:23 - mkk_comic - app.py:582 - INFO - 正在下载第 015/021 页...
2026-02-23 04:06:23 - mkk_comic - app.py:582 - INFO - 正在下载第 016/021 页...
2026-02-23 04:06:23 - mkk_comic - app.py:582 - INFO - 正在下载第 017/021 页...
2026-02-23 04:06:23 - mkk_comic - app.py:582 - INFO - 正在下载第 018/021 页...
2026-02-23 04:06:23 - mkk_comic - app.py:582 - INFO - 正在下载第 019/021 页...
2026-02-23 04:06:23 - mkk_comic - app.py:582 - INFO - 正在下载第 020/021 页...
2026-02-23 04:06:23 - mkk_comic - app.py:582 - INFO - 正在下载第 021/021 页...
2026-02-23 04:06:23 - mkk_comic - app.py:511 - INFO - 下载完成!
2026-02-23 04:06:23 - mkk_comic - app.py:512 - INFO - 成功下载: 21/21 页
2026-02-23 04:06:24 - mkk_comic - app.py:494 - INFO - 正在下载第63章: 第57话    UUID:780300e6-4977-11ea-98af-00163e0ca5bd
2026-02-23 04:06:25 - mkk_comic - app.py:502 - INFO - 创建目录: ./out/電鋸人/第57话
2026-02-23 04:06:25 - mkk_comic - app.py:505 - INFO - 开始下载: 電鋸人 - 第57话
2026-02-23 04:06:25 - mkk_comic - app.py:506 - INFO - 总页数: 21
2026-02-23 04:06:25 - mkk_comic - app.py:582 - INFO - 正在下载第 001/021 页...
2026-02-23 04:06:25 - mkk_comic - app.py:582 - INFO - 正在下载第 002/021 页...
2026-02-23 04:06:25 - mkk_comic - app.py:582 - INFO - 正在下载第 003/021 页...
2026-02-23 04:06:25 - mkk_comic - app.py:582 - INFO - 正在下载第 004/021 页...
2026-02-23 04:06:25 - mkk_comic - app.py:582 - INFO - 正在下载第 005/021 页...
2026-02-23 04:06:25 - mkk_comic - app.py:582 - INFO - 正在下载第 006/021 页...
2026-02-23 04:06:25 - mkk_comic - app.py:582 - INFO - 正在下载第 007/021 页...
2026-02-23 04:06:25 - mkk_comic - app.py:582 - INFO - 正在下载第 008/021 页...
2026-02-23 04:06:25 - mkk_comic - app.py:582 - INFO - 正在下载第 009/021 页...
2026-02-23 04:06:25 - mkk_comic - app.py:582 - INFO - 正在下载第 010/021 页...
2026-02-23 04:06:25 - mkk_comic - app.py:582 - INFO - 正在下载第 011/021 页...
2026-02-23 04:06:25 - mkk_comic - app.py:582 - INFO - 正在下载第 012/021 页...
2026-02-23 04:06:25 - mkk_comic - app.py:582 - INFO - 正在下载第 013/021 页...
2026-02-23 04:06:25 - mkk_comic - app.py:582 - INFO - 正在下载第 014/021 页...
2026-02-23 04:06:25 - mkk_comic - app.py:582 - INFO - 正在下载第 015/021 页...
2026-02-23 04:06:25 - mkk_comic - app.py:582 - INFO - 正在下载第 016/021 页...
2026-02-23 04:06:25 - mkk_comic - app.py:582 - INFO - 正在下载第 017/021 页...
2026-02-23 04:06:25 - mkk_comic - app.py:582 - INFO - 正在下载第 018/021 页...
2026-02-23 04:06:25 - mkk_comic - app.py:582 - INFO - 正在下载第 019/021 页...
2026-02-23 04:06:25 - mkk_comic - app.py:582 - INFO - 正在下载第 020/021 页...
2026-02-23 04:06:25 - mkk_comic - app.py:582 - INFO - 正在下载第 021/021 页...
2026-02-23 04:06:25 - mkk_comic - app.py:511 - INFO - 下载完成!
2026-02-23 04:06:25 - mkk_comic - app.py:512 - INFO - 成功下载: 21/21 页
2026-02-23 04:06:26 - mkk_comic - app.py:494 - INFO - 正在下载第64章: 第58话    UUID:fb90521a-4f03-11ea-b5ac-00163e0ca5bd
2026-02-23 04:06:26 - mkk_comic - app.py:502 - INFO - 创建目录: ./out/電鋸人/第58话
2026-02-23 04:06:26 - mkk_comic - app.py:505 - INFO - 开始下载: 電鋸人 - 第58话
2026-02-23 04:06:26 - mkk_comic - app.py:506 - INFO - 总页数: 20
2026-02-23 04:06:26 - mkk_comic - app.py:582 - INFO - 正在下载第 001/020 页...
2026-02-23 04:06:26 - mkk_comic - app.py:582 - INFO - 正在下载第 002/020 页...
2026-02-23 04:06:26 - mkk_comic - app.py:582 - INFO - 正在下载第 003/020 页...
2026-02-23 04:06:26 - mkk_comic - app.py:582 - INFO - 正在下载第 004/020 页...
2026-02-23 04:06:26 - mkk_comic - app.py:582 - INFO - 正在下载第 005/020 页...
2026-02-23 04:06:26 - mkk_comic - app.py:582 - INFO - 正在下载第 006/020 页...
2026-02-23 04:06:26 - mkk_comic - app.py:582 - INFO - 正在下载第 007/020 页...
2026-02-23 04:06:26 - mkk_comic - app.py:582 - INFO - 正在下载第 008/020 页...
2026-02-23 04:06:26 - mkk_comic - app.py:582 - INFO - 正在下载第 009/020 页...
2026-02-23 04:06:26 - mkk_comic - app.py:582 - INFO - 正在下载第 010/020 页...
2026-02-23 04:06:26 - mkk_comic - app.py:582 - INFO - 正在下载第 011/020 页...
2026-02-23 04:06:26 - mkk_comic - app.py:582 - INFO - 正在下载第 012/020 页...
2026-02-23 04:06:26 - mkk_comic - app.py:582 - INFO - 正在下载第 013/020 页...
2026-02-23 04:06:26 - mkk_comic - app.py:582 - INFO - 正在下载第 014/020 页...
2026-02-23 04:06:26 - mkk_comic - app.py:582 - INFO - 正在下载第 015/020 页...
2026-02-23 04:06:27 - mkk_comic - app.py:582 - INFO - 正在下载第 016/020 页...
2026-02-23 04:06:27 - mkk_comic - app.py:582 - INFO - 正在下载第 017/020 页...
2026-02-23 04:06:27 - mkk_comic - app.py:582 - INFO - 正在下载第 018/020 页...
2026-02-23 04:06:27 - mkk_comic - app.py:582 - INFO - 正在下载第 019/020 页...
2026-02-23 04:06:27 - mkk_comic - app.py:582 - INFO - 正在下载第 020/020 页...
2026-02-23 04:06:27 - mkk_comic - app.py:511 - INFO - 下载完成!
2026-02-23 04:06:27 - mkk_comic - app.py:512 - INFO - 成功下载: 20/20 页
2026-02-23 04:06:27 - mkk_comic - app.py:858 - INFO - ===== 检查更新完成 =====

