2026-03-24 04:00:18 - mkk_comic - app.py:868 - INFO - 运行环境：GitHub Actions（自动化模式）
2026-03-24 04:00:18 - mkk_comic - app.py:825 - INFO - ===== 开始检查更新=====
2026-03-24 04:00:18 - mkk_comic - app.py:843 - INFO - 【海贼王】上次下载至第349章
2026-03-24 04:00:19 - mkk_comic - app.py:850 - INFO - 【海贼王】检测到更新！最新：381章
2026-03-24 04:00:19 - mkk_comic - app.py:853 - INFO - 【海贼王】最大下载限制为10章-需下载350~359章）
2026-03-24 04:00:20 - mkk_comic - app.py:494 - INFO - 正在下载第350章: 第1145话    UUID:12cd9ba3-1f28-11f0-9925-fa163e02432f
2026-03-24 04:00:20 - mkk_comic - app.py:502 - INFO - 创建目录: ./out/海贼王/第1145话
2026-03-24 04:00:20 - mkk_comic - app.py:505 - INFO - 开始下载: 海贼王 - 第1145话
2026-03-24 04:00:20 - mkk_comic - app.py:506 - INFO - 总页数: 19
2026-03-24 04:00:20 - mkk_comic - app.py:587 - INFO - 正在下载第 001/019 页...
2026-03-24 04:00:20 - mkk_comic - app.py:587 - INFO - 正在下载第 002/019 页...
2026-03-24 04:00:20 - mkk_comic - app.py:587 - INFO - 正在下载第 003/019 页...
2026-03-24 04:00:20 - mkk_comic - app.py:587 - INFO - 正在下载第 004/019 页...
2026-03-24 04:00:20 - mkk_comic - app.py:587 - INFO - 正在下载第 005/019 页...
2026-03-24 04:00:21 - mkk_comic - app.py:587 - INFO - 正在下载第 006/019 页...
2026-03-24 04:00:21 - mkk_comic - app.py:587 - INFO - 正在下载第 007/019 页...
2026-03-24 04:00:21 - mkk_comic - app.py:587 - INFO - 正在下载第 008/019 页...
2026-03-24 04:00:21 - mkk_comic - app.py:587 - INFO - 正在下载第 009/019 页...
2026-03-24 04:00:21 - mkk_comic - app.py:587 - INFO - 正在下载第 010/019 页...
2026-03-24 04:00:21 - mkk_comic - app.py:587 - INFO - 正在下载第 011/019 页...
2026-03-24 04:00:21 - mkk_comic - app.py:587 - INFO - 正在下载第 012/019 页...
2026-03-24 04:00:21 - mkk_comic - app.py:587 - INFO - 正在下载第 013/019 页...
2026-03-24 04:00:21 - mkk_comic - app.py:587 - INFO - 正在下载第 014/019 页...
2026-03-24 04:00:21 - mkk_comic - app.py:587 - INFO - 正在下载第 015/019 页...
2026-03-24 04:00:21 - mkk_comic - app.py:587 - INFO - 正在下载第 016/019 页...
2026-03-24 04:00:21 - mkk_comic - app.py:587 - INFO - 正在下载第 017/019 页...
2026-03-24 04:00:21 - mkk_comic - app.py:587 - INFO - 正在下载第 018/019 页...
2026-03-24 04:00:21 - mkk_comic - app.py:587 - INFO - 正在下载第 019/019 页...
2026-03-24 04:00:21 - mkk_comic - app.py:511 - INFO - 下载完成!
2026-03-24 04:00:21 - mkk_comic - app.py:512 - INFO - 成功下载: 19/19 页
2026-03-24 04:00:21 - mkk_comic - app.py:523 - INFO - 章节下载完成，等待 8.1 秒后继续...
2026-03-24 04:00:30 - mkk_comic - app.py:494 - INFO - 正在下载第351章: 第1146话    UUID:17213c05-1f28-11f0-adb5-fa163e02432f
2026-03-24 04:00:31 - mkk_comic - app.py:502 - INFO - 创建目录: ./out/海贼王/第1146话
2026-03-24 04:00:31 - mkk_comic - app.py:505 - INFO - 开始下载: 海贼王 - 第1146话
2026-03-24 04:00:31 - mkk_comic - app.py:506 - INFO - 总页数: 17
2026-03-24 04:00:31 - mkk_comic - app.py:587 - INFO - 正在下载第 001/017 页...
2026-03-24 04:00:31 - mkk_comic - app.py:587 - INFO - 正在下载第 002/017 页...
2026-03-24 04:00:31 - mkk_comic - app.py:587 - INFO - 正在下载第 003/017 页...
2026-03-24 04:00:31 - mkk_comic - app.py:587 - INFO - 正在下载第 004/017 页...
2026-03-24 04:00:31 - mkk_comic - app.py:587 - INFO - 正在下载第 005/017 页...
2026-03-24 04:00:31 - mkk_comic - app.py:587 - INFO - 正在下载第 006/017 页...
2026-03-24 04:00:31 - mkk_comic - app.py:587 - INFO - 正在下载第 007/017 页...
2026-03-24 04:00:31 - mkk_comic - app.py:587 - INFO - 正在下载第 008/017 页...
2026-03-24 04:00:31 - mkk_comic - app.py:587 - INFO - 正在下载第 009/017 页...
2026-03-24 04:00:31 - mkk_comic - app.py:587 - INFO - 正在下载第 010/017 页...
2026-03-24 04:00:31 - mkk_comic - app.py:587 - INFO - 正在下载第 011/017 页...
2026-03-24 04:00:31 - mkk_comic - app.py:587 - INFO - 正在下载第 012/017 页...
2026-03-24 04:00:31 - mkk_comic - app.py:587 - INFO - 正在下载第 013/017 页...
2026-03-24 04:00:31 - mkk_comic - app.py:587 - INFO - 正在下载第 014/017 页...
2026-03-24 04:00:31 - mkk_comic - app.py:587 - INFO - 正在下载第 015/017 页...
2026-03-24 04:00:31 - mkk_comic - app.py:587 - INFO - 正在下载第 016/017 页...
2026-03-24 04:00:31 - mkk_comic - app.py:587 - INFO - 正在下载第 017/017 页...
2026-03-24 04:00:32 - mkk_comic - app.py:511 - INFO - 下载完成!
2026-03-24 04:00:32 - mkk_comic - app.py:512 - INFO - 成功下载: 17/17 页
2026-03-24 04:00:32 - mkk_comic - app.py:523 - INFO - 章节下载完成，等待 9.4 秒后继续...
2026-03-24 04:00:42 - mkk_comic - app.py:494 - INFO - 正在下载第352章: 第1147话    UUID:b8e08d67-270f-11f0-9344-fa163e02432f
2026-03-24 04:00:43 - mkk_comic - app.py:502 - INFO - 创建目录: ./out/海贼王/第1147话
2026-03-24 04:00:43 - mkk_comic - app.py:505 - INFO - 开始下载: 海贼王 - 第1147话
2026-03-24 04:00:43 - mkk_comic - app.py:506 - INFO - 总页数: 17
2026-03-24 04:00:43 - mkk_comic - app.py:587 - INFO - 正在下载第 001/017 页...
2026-03-24 04:00:43 - mkk_comic - app.py:587 - INFO - 正在下载第 002/017 页...
2026-03-24 04:00:43 - mkk_comic - app.py:587 - INFO - 正在下载第 003/017 页...
2026-03-24 04:00:43 - mkk_comic - app.py:587 - INFO - 正在下载第 004/017 页...
2026-03-24 04:00:43 - mkk_comic - app.py:587 - INFO - 正在下载第 005/017 页...
2026-03-24 04:00:43 - mkk_comic - app.py:587 - INFO - 正在下载第 006/017 页...
2026-03-24 04:00:43 - mkk_comic - app.py:587 - INFO - 正在下载第 007/017 页...
2026-03-24 04:00:43 - mkk_comic - app.py:587 - INFO - 正在下载第 008/017 页...
2026-03-24 04:00:43 - mkk_comic - app.py:587 - INFO - 正在下载第 009/017 页...
2026-03-24 04:00:43 - mkk_comic - app.py:587 - INFO - 正在下载第 010/017 页...
2026-03-24 04:00:43 - mkk_comic - app.py:587 - INFO - 正在下载第 011/017 页...
2026-03-24 04:00:43 - mkk_comic - app.py:587 - INFO - 正在下载第 012/017 页...
2026-03-24 04:00:43 - mkk_comic - app.py:587 - INFO - 正在下载第 013/017 页...
2026-03-24 04:00:43 - mkk_comic - app.py:587 - INFO - 正在下载第 014/017 页...
2026-03-24 04:00:43 - mkk_comic - app.py:587 - INFO - 正在下载第 015/017 页...
2026-03-24 04:00:43 - mkk_comic - app.py:587 - INFO - 正在下载第 016/017 页...
2026-03-24 04:00:43 - mkk_comic - app.py:587 - INFO - 正在下载第 017/017 页...
2026-03-24 04:00:43 - mkk_comic - app.py:511 - INFO - 下载完成!
2026-03-24 04:00:43 - mkk_comic - app.py:512 - INFO - 成功下载: 17/17 页
2026-03-24 04:00:43 - mkk_comic - app.py:523 - INFO - 章节下载完成，等待 5.5 秒后继续...
2026-03-24 04:00:50 - mkk_comic - app.py:494 - INFO - 正在下载第353章: 第1148话    UUID:3ad80126-30be-11f0-b31d-fa163e02432f
2026-03-24 04:00:50 - mkk_comic - app.py:502 - INFO - 创建目录: ./out/海贼王/第1148话
2026-03-24 04:00:50 - mkk_comic - app.py:505 - INFO - 开始下载: 海贼王 - 第1148话
2026-03-24 04:00:50 - mkk_comic - app.py:506 - INFO - 总页数: 15
2026-03-24 04:00:50 - mkk_comic - app.py:587 - INFO - 正在下载第 001/015 页...
2026-03-24 04:00:50 - mkk_comic - app.py:587 - INFO - 正在下载第 002/015 页...
2026-03-24 04:00:50 - mkk_comic - app.py:587 - INFO - 正在下载第 003/015 页...
2026-03-24 04:00:50 - mkk_comic - app.py:587 - INFO - 正在下载第 004/015 页...
2026-03-24 04:00:50 - mkk_comic - app.py:587 - INFO - 正在下载第 005/015 页...
2026-03-24 04:00:50 - mkk_comic - app.py:587 - INFO - 正在下载第 006/015 页...
2026-03-24 04:00:50 - mkk_comic - app.py:587 - INFO - 正在下载第 007/015 页...
2026-03-24 04:00:50 - mkk_comic - app.py:587 - INFO - 正在下载第 008/015 页...
2026-03-24 04:00:50 - mkk_comic - app.py:587 - INFO - 正在下载第 009/015 页...
2026-03-24 04:00:50 - mkk_comic - app.py:587 - INFO - 正在下载第 010/015 页...
2026-03-24 04:00:51 - mkk_comic - app.py:587 - INFO - 正在下载第 011/015 页...
2026-03-24 04:00:51 - mkk_comic - app.py:587 - INFO - 正在下载第 012/015 页...
2026-03-24 04:00:51 - mkk_comic - app.py:587 - INFO - 正在下载第 013/015 页...
2026-03-24 04:00:51 - mkk_comic - app.py:587 - INFO - 正在下载第 014/015 页...
2026-03-24 04:00:51 - mkk_comic - app.py:587 - INFO - 正在下载第 015/015 页...
2026-03-24 04:00:51 - mkk_comic - app.py:511 - INFO - 下载完成!
2026-03-24 04:00:51 - mkk_comic - app.py:512 - INFO - 成功下载: 15/15 页
2026-03-24 04:00:51 - mkk_comic - app.py:523 - INFO - 章节下载完成，等待 5.1 秒后继续...
2026-03-24 04:00:57 - mkk_comic - app.py:494 - INFO - 正在下载第354章: 第1149话    UUID:cf27d339-459c-11f0-831e-fa163e02432f
2026-03-24 04:00:58 - mkk_comic - app.py:502 - INFO - 创建目录: ./out/海贼王/第1149话
2026-03-24 04:00:58 - mkk_comic - app.py:505 - INFO - 开始下载: 海贼王 - 第1149话
2026-03-24 04:00:58 - mkk_comic - app.py:506 - INFO - 总页数: 19
2026-03-24 04:00:58 - mkk_comic - app.py:587 - INFO - 正在下载第 001/019 页...
2026-03-24 04:00:58 - mkk_comic - app.py:587 - INFO - 正在下载第 002/019 页...
2026-03-24 04:00:58 - mkk_comic - app.py:587 - INFO - 正在下载第 003/019 页...
2026-03-24 04:00:58 - mkk_comic - app.py:587 - INFO - 正在下载第 004/019 页...
2026-03-24 04:00:58 - mkk_comic - app.py:587 - INFO - 正在下载第 005/019 页...
2026-03-24 04:00:58 - mkk_comic - app.py:587 - INFO - 正在下载第 006/019 页...
2026-03-24 04:00:58 - mkk_comic - app.py:587 - INFO - 正在下载第 007/019 页...
2026-03-24 04:00:58 - mkk_comic - app.py:587 - INFO - 正在下载第 008/019 页...
2026-03-24 04:00:58 - mkk_comic - app.py:587 - INFO - 正在下载第 009/019 页...
2026-03-24 04:00:58 - mkk_comic - app.py:587 - INFO - 正在下载第 010/019 页...
2026-03-24 04:00:58 - mkk_comic - app.py:587 - INFO - 正在下载第 011/019 页...
2026-03-24 04:00:58 - mkk_comic - app.py:587 - INFO - 正在下载第 012/019 页...
2026-03-24 04:00:58 - mkk_comic - app.py:587 - INFO - 正在下载第 013/019 页...
2026-03-24 04:00:58 - mkk_comic - app.py:587 - INFO - 正在下载第 014/019 页...
2026-03-24 04:00:58 - mkk_comic - app.py:587 - INFO - 正在下载第 015/019 页...
2026-03-24 04:00:58 - mkk_comic - app.py:587 - INFO - 正在下载第 016/019 页...
2026-03-24 04:00:58 - mkk_comic - app.py:587 - INFO - 正在下载第 017/019 页...
2026-03-24 04:00:58 - mkk_comic - app.py:587 - INFO - 正在下载第 018/019 页...
2026-03-24 04:00:58 - mkk_comic - app.py:587 - INFO - 正在下载第 019/019 页...
2026-03-24 04:00:58 - mkk_comic - app.py:511 - INFO - 下载完成!
2026-03-24 04:00:58 - mkk_comic - app.py:512 - INFO - 成功下载: 19/19 页
2026-03-24 04:00:58 - mkk_comic - app.py:523 - INFO - 章节下载完成，等待 5.9 秒后继续...
2026-03-24 04:01:05 - mkk_comic - app.py:494 - INFO - 正在下载第355章: 第1150话    UUID:d44b3b6c-459c-11f0-8428-fa163e02432f
2026-03-24 04:01:05 - mkk_comic - app.py:502 - INFO - 创建目录: ./out/海贼王/第1150话
2026-03-24 04:01:05 - mkk_comic - app.py:505 - INFO - 开始下载: 海贼王 - 第1150话
2026-03-24 04:01:05 - mkk_comic - app.py:506 - INFO - 总页数: 15
2026-03-24 04:01:05 - mkk_comic - app.py:587 - INFO - 正在下载第 001/015 页...
2026-03-24 04:01:05 - mkk_comic - app.py:587 - INFO - 正在下载第 002/015 页...
2026-03-24 04:01:05 - mkk_comic - app.py:587 - INFO - 正在下载第 003/015 页...
2026-03-24 04:01:05 - mkk_comic - app.py:587 - INFO - 正在下载第 004/015 页...
2026-03-24 04:01:05 - mkk_comic - app.py:587 - INFO - 正在下载第 005/015 页...
2026-03-24 04:01:06 - mkk_comic - app.py:587 - INFO - 正在下载第 006/015 页...
2026-03-24 04:01:06 - mkk_comic - app.py:587 - INFO - 正在下载第 007/015 页...
2026-03-24 04:01:06 - mkk_comic - app.py:587 - INFO - 正在下载第 008/015 页...
2026-03-24 04:01:06 - mkk_comic - app.py:587 - INFO - 正在下载第 009/015 页...
2026-03-24 04:01:06 - mkk_comic - app.py:587 - INFO - 正在下载第 010/015 页...
2026-03-24 04:01:06 - mkk_comic - app.py:587 - INFO - 正在下载第 011/015 页...
2026-03-24 04:01:06 - mkk_comic - app.py:587 - INFO - 正在下载第 012/015 页...
2026-03-24 04:01:06 - mkk_comic - app.py:587 - INFO - 正在下载第 013/015 页...
2026-03-24 04:01:06 - mkk_comic - app.py:587 - INFO - 正在下载第 014/015 页...
2026-03-24 04:01:06 - mkk_comic - app.py:587 - INFO - 正在下载第 015/015 页...
2026-03-24 04:01:06 - mkk_comic - app.py:511 - INFO - 下载完成!
2026-03-24 04:01:06 - mkk_comic - app.py:512 - INFO - 成功下载: 15/15 页
2026-03-24 04:01:06 - mkk_comic - app.py:523 - INFO - 章节下载完成，等待 7.2 秒后继续...
2026-03-24 04:01:14 - mkk_comic - app.py:494 - INFO - 正在下载第356章: 第1151话    UUID:d912cf5f-459c-11f0-8551-fa163e02432f
2026-03-24 04:01:15 - mkk_comic - app.py:502 - INFO - 创建目录: ./out/海贼王/第1151话
2026-03-24 04:01:15 - mkk_comic - app.py:505 - INFO - 开始下载: 海贼王 - 第1151话
2026-03-24 04:01:15 - mkk_comic - app.py:506 - INFO - 总页数: 15
2026-03-24 04:01:15 - mkk_comic - app.py:587 - INFO - 正在下载第 001/015 页...
2026-03-24 04:01:15 - mkk_comic - app.py:587 - INFO - 正在下载第 002/015 页...
2026-03-24 04:01:15 - mkk_comic - app.py:587 - INFO - 正在下载第 003/015 页...
2026-03-24 04:01:15 - mkk_comic - app.py:587 - INFO - 正在下载第 004/015 页...
2026-03-24 04:01:15 - mkk_comic - app.py:587 - INFO - 正在下载第 005/015 页...
2026-03-24 04:01:15 - mkk_comic - app.py:587 - INFO - 正在下载第 006/015 页...
2026-03-24 04:01:15 - mkk_comic - app.py:587 - INFO - 正在下载第 007/015 页...
2026-03-24 04:01:15 - mkk_comic - app.py:587 - INFO - 正在下载第 008/015 页...
2026-03-24 04:01:15 - mkk_comic - app.py:587 - INFO - 正在下载第 009/015 页...
2026-03-24 04:01:15 - mkk_comic - app.py:587 - INFO - 正在下载第 010/015 页...
2026-03-24 04:01:15 - mkk_comic - app.py:587 - INFO - 正在下载第 011/015 页...
2026-03-24 04:01:15 - mkk_comic - app.py:587 - INFO - 正在下载第 012/015 页...
2026-03-24 04:01:15 - mkk_comic - app.py:587 - INFO - 正在下载第 013/015 页...
2026-03-24 04:01:15 - mkk_comic - app.py:587 - INFO - 正在下载第 014/015 页...
2026-03-24 04:01:15 - mkk_comic - app.py:587 - INFO - 正在下载第 015/015 页...
2026-03-24 04:01:15 - mkk_comic - app.py:511 - INFO - 下载完成!
2026-03-24 04:01:15 - mkk_comic - app.py:512 - INFO - 成功下载: 15/15 页
2026-03-24 04:01:15 - mkk_comic - app.py:523 - INFO - 章节下载完成，等待 8.2 秒后继续...
2026-03-24 04:01:24 - mkk_comic - app.py:494 - INFO - 正在下载第357章: 第1152话    UUID:418b8857-533c-11f0-8d6e-fa163e02432f
2026-03-24 04:01:25 - mkk_comic - app.py:502 - INFO - 创建目录: ./out/海贼王/第1152话
2026-03-24 04:01:25 - mkk_comic - app.py:505 - INFO - 开始下载: 海贼王 - 第1152话
2026-03-24 04:01:25 - mkk_comic - app.py:506 - INFO - 总页数: 17
2026-03-24 04:01:25 - mkk_comic - app.py:587 - INFO - 正在下载第 001/017 页...
2026-03-24 04:01:25 - mkk_comic - app.py:587 - INFO - 正在下载第 002/017 页...
2026-03-24 04:01:25 - mkk_comic - app.py:587 - INFO - 正在下载第 003/017 页...
2026-03-24 04:01:25 - mkk_comic - app.py:587 - INFO - 正在下载第 004/017 页...
2026-03-24 04:01:25 - mkk_comic - app.py:587 - INFO - 正在下载第 005/017 页...
2026-03-24 04:01:25 - mkk_comic - app.py:587 - INFO - 正在下载第 006/017 页...
2026-03-24 04:01:25 - mkk_comic - app.py:587 - INFO - 正在下载第 007/017 页...
2026-03-24 04:01:25 - mkk_comic - app.py:587 - INFO - 正在下载第 008/017 页...
2026-03-24 04:01:25 - mkk_comic - app.py:587 - INFO - 正在下载第 009/017 页...
2026-03-24 04:01:25 - mkk_comic - app.py:587 - INFO - 正在下载第 010/017 页...
2026-03-24 04:01:25 - mkk_comic - app.py:587 - INFO - 正在下载第 011/017 页...
2026-03-24 04:01:25 - mkk_comic - app.py:587 - INFO - 正在下载第 012/017 页...
2026-03-24 04:01:25 - mkk_comic - app.py:587 - INFO - 正在下载第 013/017 页...
2026-03-24 04:01:25 - mkk_comic - app.py:587 - INFO - 正在下载第 014/017 页...
2026-03-24 04:01:25 - mkk_comic - app.py:587 - INFO - 正在下载第 015/017 页...
2026-03-24 04:01:25 - mkk_comic - app.py:587 - INFO - 正在下载第 016/017 页...
2026-03-24 04:01:25 - mkk_comic - app.py:587 - INFO - 正在下载第 017/017 页...
2026-03-24 04:01:26 - mkk_comic - app.py:511 - INFO - 下载完成!
2026-03-24 04:01:26 - mkk_comic - app.py:512 - INFO - 成功下载: 17/17 页
2026-03-24 04:01:26 - mkk_comic - app.py:523 - INFO - 章节下载完成，等待 6.1 秒后继续...
2026-03-24 04:01:32 - mkk_comic - app.py:494 - INFO - 正在下载第358章: 第1153话    UUID:300ca5d9-6da9-11f0-8283-fa163e02432f
2026-03-24 04:01:33 - mkk_comic - app.py:502 - INFO - 创建目录: ./out/海贼王/第1153话
2026-03-24 04:01:33 - mkk_comic - app.py:505 - INFO - 开始下载: 海贼王 - 第1153话
2026-03-24 04:01:33 - mkk_comic - app.py:506 - INFO - 总页数: 17
2026-03-24 04:01:33 - mkk_comic - app.py:587 - INFO - 正在下载第 001/017 页...
2026-03-24 04:01:33 - mkk_comic - app.py:587 - INFO - 正在下载第 002/017 页...
2026-03-24 04:01:33 - mkk_comic - app.py:587 - INFO - 正在下载第 003/017 页...
2026-03-24 04:01:33 - mkk_comic - app.py:587 - INFO - 正在下载第 004/017 页...
2026-03-24 04:01:33 - mkk_comic - app.py:587 - INFO - 正在下载第 005/017 页...
2026-03-24 04:01:33 - mkk_comic - app.py:587 - INFO - 正在下载第 006/017 页...
2026-03-24 04:01:33 - mkk_comic - app.py:587 - INFO - 正在下载第 007/017 页...
2026-03-24 04:01:33 - mkk_comic - app.py:587 - INFO - 正在下载第 008/017 页...
2026-03-24 04:01:33 - mkk_comic - app.py:587 - INFO - 正在下载第 009/017 页...
2026-03-24 04:01:33 - mkk_comic - app.py:587 - INFO - 正在下载第 010/017 页...
2026-03-24 04:01:33 - mkk_comic - app.py:587 - INFO - 正在下载第 011/017 页...
2026-03-24 04:01:33 - mkk_comic - app.py:587 - INFO - 正在下载第 012/017 页...
2026-03-24 04:01:33 - mkk_comic - app.py:587 - INFO - 正在下载第 013/017 页...
2026-03-24 04:01:33 - mkk_comic - app.py:587 - INFO - 正在下载第 014/017 页...
2026-03-24 04:01:34 - mkk_comic - app.py:587 - INFO - 正在下载第 015/017 页...
2026-03-24 04:01:34 - mkk_comic - app.py:587 - INFO - 正在下载第 016/017 页...
2026-03-24 04:01:34 - mkk_comic - app.py:587 - INFO - 正在下载第 017/017 页...
2026-03-24 04:01:34 - mkk_comic - app.py:511 - INFO - 下载完成!
2026-03-24 04:01:34 - mkk_comic - app.py:512 - INFO - 成功下载: 17/17 页
2026-03-24 04:01:34 - mkk_comic - app.py:523 - INFO - 章节下载完成，等待 6.7 秒后继续...
2026-03-24 04:01:41 - mkk_comic - app.py:494 - INFO - 正在下载第359章: 第1154话    UUID:3453e679-6da9-11f0-8daf-fa163e02432f
2026-03-24 04:01:42 - mkk_comic - app.py:502 - INFO - 创建目录: ./out/海贼王/第1154话
2026-03-24 04:01:42 - mkk_comic - app.py:505 - INFO - 开始下载: 海贼王 - 第1154话
2026-03-24 04:01:42 - mkk_comic - app.py:506 - INFO - 总页数: 17
2026-03-24 04:01:42 - mkk_comic - app.py:587 - INFO - 正在下载第 001/017 页...
2026-03-24 04:01:42 - mkk_comic - app.py:587 - INFO - 正在下载第 002/017 页...
2026-03-24 04:01:42 - mkk_comic - app.py:587 - INFO - 正在下载第 003/017 页...
2026-03-24 04:01:42 - mkk_comic - app.py:587 - INFO - 正在下载第 004/017 页...
2026-03-24 04:01:42 - mkk_comic - app.py:587 - INFO - 正在下载第 005/017 页...
2026-03-24 04:01:42 - mkk_comic - app.py:587 - INFO - 正在下载第 006/017 页...
2026-03-24 04:01:42 - mkk_comic - app.py:587 - INFO - 正在下载第 007/017 页...
2026-03-24 04:01:42 - mkk_comic - app.py:587 - INFO - 正在下载第 008/017 页...
2026-03-24 04:01:42 - mkk_comic - app.py:587 - INFO - 正在下载第 009/017 页...
2026-03-24 04:01:42 - mkk_comic - app.py:587 - INFO - 正在下载第 010/017 页...
2026-03-24 04:01:42 - mkk_comic - app.py:587 - INFO - 正在下载第 011/017 页...
2026-03-24 04:01:42 - mkk_comic - app.py:587 - INFO - 正在下载第 012/017 页...
2026-03-24 04:01:42 - mkk_comic - app.py:587 - INFO - 正在下载第 013/017 页...
2026-03-24 04:01:42 - mkk_comic - app.py:587 - INFO - 正在下载第 014/017 页...
2026-03-24 04:01:42 - mkk_comic - app.py:587 - INFO - 正在下载第 015/017 页...
2026-03-24 04:01:42 - mkk_comic - app.py:587 - INFO - 正在下载第 016/017 页...
2026-03-24 04:01:42 - mkk_comic - app.py:587 - INFO - 正在下载第 017/017 页...
2026-03-24 04:01:42 - mkk_comic - app.py:511 - INFO - 下载完成!
2026-03-24 04:01:42 - mkk_comic - app.py:512 - INFO - 成功下载: 17/17 页
2026-03-24 04:01:42 - mkk_comic - app.py:523 - INFO - 章节下载完成，等待 9.3 秒后继续...
2026-03-24 04:01:52 - mkk_comic - app.py:843 - INFO - 【电锯人】上次下载至第257章
2026-03-24 04:01:52 - mkk_comic - app.py:846 - INFO - 该漫画更新至257章，不需要更新
2026-03-24 04:01:52 - mkk_comic - app.py:863 - INFO - ===== 检查更新完成 =====

