2026-04-29 04:55:49 - mkk_comic - app.py:868 - INFO - 运行环境：GitHub Actions（自动化模式）
2026-04-29 04:55:49 - mkk_comic - app.py:825 - INFO - ===== 开始检查更新=====
2026-04-29 04:55:49 - mkk_comic - app.py:843 - INFO - 【海贼王】上次下载至第385章
2026-04-29 04:55:50 - mkk_comic - app.py:850 - INFO - 【海贼王】检测到更新！最新：386章
2026-04-29 04:55:50 - mkk_comic - app.py:853 - INFO - 【海贼王】最大下载限制为10章-需下载386~386章）
2026-04-29 04:55:51 - mkk_comic - app.py:494 - INFO - 正在下载第386章: 第1181话    UUID:1554b1b1-436d-11f1-9f78-fa163e02432f
2026-04-29 04:55:51 - mkk_comic - app.py:502 - INFO - 创建目录: ./out/海贼王/第1181话
2026-04-29 04:55:51 - mkk_comic - app.py:505 - INFO - 开始下载: 海贼王 - 第1181话
2026-04-29 04:55:51 - mkk_comic - app.py:506 - INFO - 总页数: 12
2026-04-29 04:55:51 - mkk_comic - app.py:587 - INFO - 正在下载第 001/012 页...
2026-04-29 04:55:51 - mkk_comic - app.py:587 - INFO - 正在下载第 002/012 页...
2026-04-29 04:55:51 - mkk_comic - app.py:587 - INFO - 正在下载第 003/012 页...
2026-04-29 04:55:51 - mkk_comic - app.py:587 - INFO - 正在下载第 004/012 页...
2026-04-29 04:55:51 - mkk_comic - app.py:587 - INFO - 正在下载第 005/012 页...
2026-04-29 04:55:52 - mkk_comic - app.py:587 - INFO - 正在下载第 006/012 页...
2026-04-29 04:55:52 - mkk_comic - app.py:587 - INFO - 正在下载第 007/012 页...
2026-04-29 04:55:52 - mkk_comic - app.py:587 - INFO - 正在下载第 008/012 页...
2026-04-29 04:55:52 - mkk_comic - app.py:587 - INFO - 正在下载第 009/012 页...
2026-04-29 04:55:52 - mkk_comic - app.py:587 - INFO - 正在下载第 010/012 页...
2026-04-29 04:55:52 - mkk_comic - app.py:587 - INFO - 正在下载第 011/012 页...
2026-04-29 04:55:52 - mkk_comic - app.py:587 - INFO - 正在下载第 012/012 页...
2026-04-29 04:55:52 - mkk_comic - app.py:511 - INFO - 下载完成!
2026-04-29 04:55:52 - mkk_comic - app.py:512 - INFO - 成功下载: 12/12 页
2026-04-29 04:55:52 - mkk_comic - app.py:523 - INFO - 章节下载完成，等待 5.2 秒后继续...
2026-04-29 04:55:57 - mkk_comic - app.py:843 - INFO - 【电锯人】上次下载至第258章
2026-04-29 04:55:58 - mkk_comic - app.py:846 - INFO - 该漫画更新至258章，不需要更新
2026-04-29 04:55:58 - mkk_comic - app.py:843 - INFO - 【魔都精兵的奴隸】上次下载至第202章
2026-04-29 04:55:59 - mkk_comic - app.py:846 - INFO - 该漫画更新至202章，不需要更新
2026-04-29 04:55:59 - mkk_comic - app.py:843 - INFO - 【我獨自升級】上次下载至第201章
2026-04-29 04:56:00 - mkk_comic - app.py:846 - INFO - 该漫画更新至201章，不需要更新
2026-04-29 04:56:00 - mkk_comic - app.py:843 - INFO - 【迷宮干】上次下载至第149章
2026-04-29 04:56:00 - mkk_comic - app.py:846 - INFO - 该漫画更新至149章，不需要更新
2026-04-29 04:56:00 - mkk_comic - app.py:863 - INFO - ===== 检查更新完成 =====

