2026-02-26 03:59:07 - mkk_comic - app.py:863 - INFO - 运行环境：GitHub Actions（自动化模式）
2026-02-26 03:59:07 - mkk_comic - app.py:820 - INFO - ===== 开始检查更新=====
2026-02-26 03:59:07 - mkk_comic - app.py:838 - INFO - 【海贼王】上次下载至第79章
2026-02-26 03:59:08 - mkk_comic - app.py:845 - INFO - 【海贼王】检测到更新！最新：379章
2026-02-26 03:59:08 - mkk_comic - app.py:848 - INFO - 【海贼王】最大下载限制为5章-需下载80~84章）
2026-02-26 03:59:09 - mkk_comic - app.py:494 - INFO - 正在下载第80章: 80卷    UUID:59a2f3a3-c7d9-11e8-882e-024352452ce0
2026-02-26 03:59:10 - mkk_comic - app.py:502 - INFO - 创建目录: ./out/海贼王/80卷
2026-02-26 03:59:10 - mkk_comic - app.py:505 - INFO - 开始下载: 海贼王 - 80卷
2026-02-26 03:59:10 - mkk_comic - app.py:506 - INFO - 总页数: 203
2026-02-26 03:59:10 - mkk_comic - app.py:582 - INFO - 正在下载第 001/203 页...
2026-02-26 03:59:10 - mkk_comic - app.py:582 - INFO - 正在下载第 002/203 页...
2026-02-26 03:59:10 - mkk_comic - app.py:582 - INFO - 正在下载第 003/203 页...
2026-02-26 03:59:10 - mkk_comic - app.py:582 - INFO - 正在下载第 004/203 页...
2026-02-26 03:59:10 - mkk_comic - app.py:582 - INFO - 正在下载第 005/203 页...
2026-02-26 03:59:10 - mkk_comic - app.py:582 - INFO - 正在下载第 006/203 页...
2026-02-26 03:59:10 - mkk_comic - app.py:582 - INFO - 正在下载第 007/203 页...
2026-02-26 03:59:10 - mkk_comic - app.py:582 - INFO - 正在下载第 008/203 页...
2026-02-26 03:59:10 - mkk_comic - app.py:582 - INFO - 正在下载第 009/203 页...
2026-02-26 03:59:10 - mkk_comic - app.py:582 - INFO - 正在下载第 010/203 页...
2026-02-26 03:59:10 - mkk_comic - app.py:582 - INFO - 正在下载第 011/203 页...
2026-02-26 03:59:10 - mkk_comic - app.py:582 - INFO - 正在下载第 012/203 页...
2026-02-26 03:59:10 - mkk_comic - app.py:582 - INFO - 正在下载第 013/203 页...
2026-02-26 03:59:10 - mkk_comic - app.py:582 - INFO - 正在下载第 014/203 页...
2026-02-26 03:59:10 - mkk_comic - app.py:582 - INFO - 正在下载第 015/203 页...
2026-02-26 03:59:10 - mkk_comic - app.py:582 - INFO - 正在下载第 016/203 页...
2026-02-26 03:59:10 - mkk_comic - app.py:582 - INFO - 正在下载第 017/203 页...
2026-02-26 03:59:10 - mkk_comic - app.py:582 - INFO - 正在下载第 018/203 页...
2026-02-26 03:59:10 - mkk_comic - app.py:582 - INFO - 正在下载第 019/203 页...
2026-02-26 03:59:10 - mkk_comic - app.py:582 - INFO - 正在下载第 020/203 页...
2026-02-26 03:59:10 - mkk_comic - app.py:582 - INFO - 正在下载第 021/203 页...
2026-02-26 03:59:10 - mkk_comic - app.py:582 - INFO - 正在下载第 022/203 页...
2026-02-26 03:59:10 - mkk_comic - app.py:582 - INFO - 正在下载第 023/203 页...
2026-02-26 03:59:10 - mkk_comic - app.py:582 - INFO - 正在下载第 024/203 页...
2026-02-26 03:59:10 - mkk_comic - app.py:582 - INFO - 正在下载第 025/203 页...
2026-02-26 03:59:10 - mkk_comic - app.py:582 - INFO - 正在下载第 026/203 页...
2026-02-26 03:59:10 - mkk_comic - app.py:582 - INFO - 正在下载第 027/203 页...
2026-02-26 03:59:10 - mkk_comic - app.py:582 - INFO - 正在下载第 028/203 页...
2026-02-26 03:59:10 - mkk_comic - app.py:582 - INFO - 正在下载第 029/203 页...
2026-02-26 03:59:10 - mkk_comic - app.py:582 - INFO - 正在下载第 030/203 页...
2026-02-26 03:59:11 - mkk_comic - app.py:582 - INFO - 正在下载第 031/203 页...
2026-02-26 03:59:11 - mkk_comic - app.py:582 - INFO - 正在下载第 032/203 页...
2026-02-26 03:59:11 - mkk_comic - app.py:582 - INFO - 正在下载第 033/203 页...
2026-02-26 03:59:11 - mkk_comic - app.py:582 - INFO - 正在下载第 034/203 页...
2026-02-26 03:59:11 - mkk_comic - app.py:582 - INFO - 正在下载第 035/203 页...
2026-02-26 03:59:11 - mkk_comic - app.py:582 - INFO - 正在下载第 036/203 页...
2026-02-26 03:59:11 - mkk_comic - app.py:582 - INFO - 正在下载第 037/203 页...
2026-02-26 03:59:11 - mkk_comic - app.py:582 - INFO - 正在下载第 038/203 页...
2026-02-26 03:59:11 - mkk_comic - app.py:582 - INFO - 正在下载第 039/203 页...
2026-02-26 03:59:11 - mkk_comic - app.py:582 - INFO - 正在下载第 040/203 页...
2026-02-26 03:59:11 - mkk_comic - app.py:582 - INFO - 正在下载第 041/203 页...
2026-02-26 03:59:11 - mkk_comic - app.py:582 - INFO - 正在下载第 042/203 页...
2026-02-26 03:59:11 - mkk_comic - app.py:582 - INFO - 正在下载第 043/203 页...
2026-02-26 03:59:11 - mkk_comic - app.py:582 - INFO - 正在下载第 044/203 页...
2026-02-26 03:59:11 - mkk_comic - app.py:582 - INFO - 正在下载第 045/203 页...
2026-02-26 03:59:11 - mkk_comic - app.py:582 - INFO - 正在下载第 046/203 页...
2026-02-26 03:59:11 - mkk_comic - app.py:582 - INFO - 正在下载第 047/203 页...
2026-02-26 03:59:11 - mkk_comic - app.py:582 - INFO - 正在下载第 048/203 页...
2026-02-26 03:59:11 - mkk_comic - app.py:582 - INFO - 正在下载第 049/203 页...
2026-02-26 03:59:11 - mkk_comic - app.py:582 - INFO - 正在下载第 050/203 页...
2026-02-26 03:59:11 - mkk_comic - app.py:582 - INFO - 正在下载第 051/203 页...
2026-02-26 03:59:11 - mkk_comic - app.py:582 - INFO - 正在下载第 052/203 页...
2026-02-26 03:59:11 - mkk_comic - app.py:582 - INFO - 正在下载第 053/203 页...
2026-02-26 03:59:11 - mkk_comic - app.py:582 - INFO - 正在下载第 054/203 页...
2026-02-26 03:59:11 - mkk_comic - app.py:582 - INFO - 正在下载第 055/203 页...
2026-02-26 03:59:11 - mkk_comic - app.py:582 - INFO - 正在下载第 056/203 页...
2026-02-26 03:59:11 - mkk_comic - app.py:582 - INFO - 正在下载第 057/203 页...
2026-02-26 03:59:11 - mkk_comic - app.py:582 - INFO - 正在下载第 058/203 页...
2026-02-26 03:59:11 - mkk_comic - app.py:582 - INFO - 正在下载第 059/203 页...
2026-02-26 03:59:11 - mkk_comic - app.py:582 - INFO - 正在下载第 060/203 页...
2026-02-26 03:59:12 - mkk_comic - app.py:582 - INFO - 正在下载第 061/203 页...
2026-02-26 03:59:12 - mkk_comic - app.py:582 - INFO - 正在下载第 062/203 页...
2026-02-26 03:59:12 - mkk_comic - app.py:582 - INFO - 正在下载第 063/203 页...
2026-02-26 03:59:12 - mkk_comic - app.py:582 - INFO - 正在下载第 064/203 页...
2026-02-26 03:59:12 - mkk_comic - app.py:582 - INFO - 正在下载第 065/203 页...
2026-02-26 03:59:12 - mkk_comic - app.py:582 - INFO - 正在下载第 066/203 页...
2026-02-26 03:59:12 - mkk_comic - app.py:582 - INFO - 正在下载第 067/203 页...
2026-02-26 03:59:12 - mkk_comic - app.py:582 - INFO - 正在下载第 068/203 页...
2026-02-26 03:59:12 - mkk_comic - app.py:582 - INFO - 正在下载第 069/203 页...
2026-02-26 03:59:12 - mkk_comic - app.py:582 - INFO - 正在下载第 070/203 页...
2026-02-26 03:59:12 - mkk_comic - app.py:582 - INFO - 正在下载第 071/203 页...
2026-02-26 03:59:12 - mkk_comic - app.py:582 - INFO - 正在下载第 072/203 页...
2026-02-26 03:59:12 - mkk_comic - app.py:582 - INFO - 正在下载第 073/203 页...
2026-02-26 03:59:12 - mkk_comic - app.py:582 - INFO - 正在下载第 074/203 页...
2026-02-26 03:59:12 - mkk_comic - app.py:582 - INFO - 正在下载第 075/203 页...
2026-02-26 03:59:12 - mkk_comic - app.py:582 - INFO - 正在下载第 076/203 页...
2026-02-26 03:59:12 - mkk_comic - app.py:582 - INFO - 正在下载第 077/203 页...
2026-02-26 03:59:12 - mkk_comic - app.py:582 - INFO - 正在下载第 078/203 页...
2026-02-26 03:59:12 - mkk_comic - app.py:582 - INFO - 正在下载第 079/203 页...
2026-02-26 03:59:12 - mkk_comic - app.py:582 - INFO - 正在下载第 080/203 页...
2026-02-26 03:59:12 - mkk_comic - app.py:582 - INFO - 正在下载第 081/203 页...
2026-02-26 03:59:12 - mkk_comic - app.py:582 - INFO - 正在下载第 082/203 页...
2026-02-26 03:59:12 - mkk_comic - app.py:582 - INFO - 正在下载第 083/203 页...
2026-02-26 03:59:12 - mkk_comic - app.py:582 - INFO - 正在下载第 084/203 页...
2026-02-26 03:59:12 - mkk_comic - app.py:582 - INFO - 正在下载第 085/203 页...
2026-02-26 03:59:12 - mkk_comic - app.py:582 - INFO - 正在下载第 086/203 页...
2026-02-26 03:59:12 - mkk_comic - app.py:582 - INFO - 正在下载第 087/203 页...
2026-02-26 03:59:12 - mkk_comic - app.py:582 - INFO - 正在下载第 088/203 页...
2026-02-26 03:59:12 - mkk_comic - app.py:582 - INFO - 正在下载第 089/203 页...
2026-02-26 03:59:12 - mkk_comic - app.py:582 - INFO - 正在下载第 090/203 页...
2026-02-26 03:59:12 - mkk_comic - app.py:582 - INFO - 正在下载第 091/203 页...
2026-02-26 03:59:12 - mkk_comic - app.py:582 - INFO - 正在下载第 092/203 页...
2026-02-26 03:59:12 - mkk_comic - app.py:582 - INFO - 正在下载第 093/203 页...
2026-02-26 03:59:12 - mkk_comic - app.py:582 - INFO - 正在下载第 094/203 页...
2026-02-26 03:59:13 - mkk_comic - app.py:582 - INFO - 正在下载第 095/203 页...
2026-02-26 03:59:13 - mkk_comic - app.py:582 - INFO - 正在下载第 096/203 页...
2026-02-26 03:59:13 - mkk_comic - app.py:582 - INFO - 正在下载第 097/203 页...
2026-02-26 03:59:13 - mkk_comic - app.py:582 - INFO - 正在下载第 098/203 页...
2026-02-26 03:59:13 - mkk_comic - app.py:582 - INFO - 正在下载第 099/203 页...
2026-02-26 03:59:13 - mkk_comic - app.py:582 - INFO - 正在下载第 100/203 页...
2026-02-26 03:59:13 - mkk_comic - app.py:582 - INFO - 正在下载第 101/203 页...
2026-02-26 03:59:13 - mkk_comic - app.py:582 - INFO - 正在下载第 102/203 页...
2026-02-26 03:59:13 - mkk_comic - app.py:582 - INFO - 正在下载第 103/203 页...
2026-02-26 03:59:13 - mkk_comic - app.py:582 - INFO - 正在下载第 104/203 页...
2026-02-26 03:59:13 - mkk_comic - app.py:582 - INFO - 正在下载第 105/203 页...
2026-02-26 03:59:13 - mkk_comic - app.py:582 - INFO - 正在下载第 106/203 页...
2026-02-26 03:59:13 - mkk_comic - app.py:582 - INFO - 正在下载第 107/203 页...
2026-02-26 03:59:13 - mkk_comic - app.py:582 - INFO - 正在下载第 108/203 页...
2026-02-26 03:59:13 - mkk_comic - app.py:582 - INFO - 正在下载第 109/203 页...
2026-02-26 03:59:13 - mkk_comic - app.py:582 - INFO - 正在下载第 110/203 页...
2026-02-26 03:59:13 - mkk_comic - app.py:582 - INFO - 正在下载第 111/203 页...
2026-02-26 03:59:13 - mkk_comic - app.py:582 - INFO - 正在下载第 112/203 页...
2026-02-26 03:59:13 - mkk_comic - app.py:582 - INFO - 正在下载第 113/203 页...
2026-02-26 03:59:13 - mkk_comic - app.py:582 - INFO - 正在下载第 114/203 页...
2026-02-26 03:59:13 - mkk_comic - app.py:582 - INFO - 正在下载第 115/203 页...
2026-02-26 03:59:13 - mkk_comic - app.py:582 - INFO - 正在下载第 116/203 页...
2026-02-26 03:59:13 - mkk_comic - app.py:582 - INFO - 正在下载第 117/203 页...
2026-02-26 03:59:13 - mkk_comic - app.py:582 - INFO - 正在下载第 118/203 页...
2026-02-26 03:59:13 - mkk_comic - app.py:582 - INFO - 正在下载第 119/203 页...
2026-02-26 03:59:13 - mkk_comic - app.py:582 - INFO - 正在下载第 120/203 页...
2026-02-26 03:59:13 - mkk_comic - app.py:582 - INFO - 正在下载第 121/203 页...
2026-02-26 03:59:13 - mkk_comic - app.py:582 - INFO - 正在下载第 122/203 页...
2026-02-26 03:59:13 - mkk_comic - app.py:582 - INFO - 正在下载第 123/203 页...
2026-02-26 03:59:13 - mkk_comic - app.py:582 - INFO - 正在下载第 124/203 页...
2026-02-26 03:59:13 - mkk_comic - app.py:582 - INFO - 正在下载第 125/203 页...
2026-02-26 03:59:13 - mkk_comic - app.py:582 - INFO - 正在下载第 126/203 页...
2026-02-26 03:59:13 - mkk_comic - app.py:582 - INFO - 正在下载第 127/203 页...
2026-02-26 03:59:13 - mkk_comic - app.py:582 - INFO - 正在下载第 128/203 页...
2026-02-26 03:59:13 - mkk_comic - app.py:582 - INFO - 正在下载第 129/203 页...
2026-02-26 03:59:13 - mkk_comic - app.py:582 - INFO - 正在下载第 130/203 页...
2026-02-26 03:59:13 - mkk_comic - app.py:582 - INFO - 正在下载第 131/203 页...
2026-02-26 03:59:13 - mkk_comic - app.py:582 - INFO - 正在下载第 132/203 页...
2026-02-26 03:59:14 - mkk_comic - app.py:582 - INFO - 正在下载第 133/203 页...
2026-02-26 03:59:14 - mkk_comic - app.py:582 - INFO - 正在下载第 134/203 页...
2026-02-26 03:59:14 - mkk_comic - app.py:582 - INFO - 正在下载第 135/203 页...
2026-02-26 03:59:14 - mkk_comic - app.py:582 - INFO - 正在下载第 136/203 页...
2026-02-26 03:59:14 - mkk_comic - app.py:582 - INFO - 正在下载第 137/203 页...
2026-02-26 03:59:14 - mkk_comic - app.py:582 - INFO - 正在下载第 138/203 页...
2026-02-26 03:59:14 - mkk_comic - app.py:582 - INFO - 正在下载第 139/203 页...
2026-02-26 03:59:14 - mkk_comic - app.py:582 - INFO - 正在下载第 140/203 页...
2026-02-26 03:59:14 - mkk_comic - app.py:582 - INFO - 正在下载第 141/203 页...
2026-02-26 03:59:14 - mkk_comic - app.py:582 - INFO - 正在下载第 142/203 页...
2026-02-26 03:59:14 - mkk_comic - app.py:582 - INFO - 正在下载第 143/203 页...
2026-02-26 03:59:14 - mkk_comic - app.py:582 - INFO - 正在下载第 144/203 页...
2026-02-26 03:59:14 - mkk_comic - app.py:582 - INFO - 正在下载第 145/203 页...
2026-02-26 03:59:14 - mkk_comic - app.py:582 - INFO - 正在下载第 146/203 页...
2026-02-26 03:59:14 - mkk_comic - app.py:582 - INFO - 正在下载第 147/203 页...
2026-02-26 03:59:14 - mkk_comic - app.py:582 - INFO - 正在下载第 148/203 页...
2026-02-26 03:59:14 - mkk_comic - app.py:582 - INFO - 正在下载第 149/203 页...
2026-02-26 03:59:14 - mkk_comic - app.py:582 - INFO - 正在下载第 150/203 页...
2026-02-26 03:59:14 - mkk_comic - app.py:582 - INFO - 正在下载第 151/203 页...
2026-02-26 03:59:14 - mkk_comic - app.py:582 - INFO - 正在下载第 152/203 页...
2026-02-26 03:59:14 - mkk_comic - app.py:582 - INFO - 正在下载第 153/203 页...
2026-02-26 03:59:14 - mkk_comic - app.py:582 - INFO - 正在下载第 154/203 页...
2026-02-26 03:59:14 - mkk_comic - app.py:582 - INFO - 正在下载第 155/203 页...
2026-02-26 03:59:14 - mkk_comic - app.py:582 - INFO - 正在下载第 156/203 页...
2026-02-26 03:59:14 - mkk_comic - app.py:582 - INFO - 正在下载第 157/203 页...
2026-02-26 03:59:14 - mkk_comic - app.py:582 - INFO - 正在下载第 158/203 页...
2026-02-26 03:59:14 - mkk_comic - app.py:582 - INFO - 正在下载第 159/203 页...
2026-02-26 03:59:14 - mkk_comic - app.py:582 - INFO - 正在下载第 160/203 页...
2026-02-26 03:59:14 - mkk_comic - app.py:582 - INFO - 正在下载第 161/203 页...
2026-02-26 03:59:14 - mkk_comic - app.py:582 - INFO - 正在下载第 162/203 页...
2026-02-26 03:59:14 - mkk_comic - app.py:582 - INFO - 正在下载第 163/203 页...
2026-02-26 03:59:14 - mkk_comic - app.py:582 - INFO - 正在下载第 164/203 页...
2026-02-26 03:59:14 - mkk_comic - app.py:582 - INFO - 正在下载第 165/203 页...
2026-02-26 03:59:14 - mkk_comic - app.py:582 - INFO - 正在下载第 166/203 页...
2026-02-26 03:59:14 - mkk_comic - app.py:582 - INFO - 正在下载第 167/203 页...
2026-02-26 03:59:14 - mkk_comic - app.py:582 - INFO - 正在下载第 168/203 页...
2026-02-26 03:59:15 - mkk_comic - app.py:582 - INFO - 正在下载第 169/203 页...
2026-02-26 03:59:15 - mkk_comic - app.py:582 - INFO - 正在下载第 170/203 页...
2026-02-26 03:59:15 - mkk_comic - app.py:582 - INFO - 正在下载第 171/203 页...
2026-02-26 03:59:15 - mkk_comic - app.py:582 - INFO - 正在下载第 172/203 页...
2026-02-26 03:59:15 - mkk_comic - app.py:582 - INFO - 正在下载第 173/203 页...
2026-02-26 03:59:15 - mkk_comic - app.py:582 - INFO - 正在下载第 174/203 页...
2026-02-26 03:59:15 - mkk_comic - app.py:582 - INFO - 正在下载第 175/203 页...
2026-02-26 03:59:15 - mkk_comic - app.py:582 - INFO - 正在下载第 176/203 页...
2026-02-26 03:59:15 - mkk_comic - app.py:582 - INFO - 正在下载第 177/203 页...
2026-02-26 03:59:15 - mkk_comic - app.py:582 - INFO - 正在下载第 178/203 页...
2026-02-26 03:59:15 - mkk_comic - app.py:582 - INFO - 正在下载第 179/203 页...
2026-02-26 03:59:15 - mkk_comic - app.py:582 - INFO - 正在下载第 180/203 页...
2026-02-26 03:59:15 - mkk_comic - app.py:582 - INFO - 正在下载第 181/203 页...
2026-02-26 03:59:15 - mkk_comic - app.py:582 - INFO - 正在下载第 182/203 页...
2026-02-26 03:59:15 - mkk_comic - app.py:582 - INFO - 正在下载第 183/203 页...
2026-02-26 03:59:15 - mkk_comic - app.py:582 - INFO - 正在下载第 184/203 页...
2026-02-26 03:59:15 - mkk_comic - app.py:582 - INFO - 正在下载第 185/203 页...
2026-02-26 03:59:15 - mkk_comic - app.py:582 - INFO - 正在下载第 186/203 页...
2026-02-26 03:59:15 - mkk_comic - app.py:582 - INFO - 正在下载第 187/203 页...
2026-02-26 03:59:15 - mkk_comic - app.py:582 - INFO - 正在下载第 188/203 页...
2026-02-26 03:59:15 - mkk_comic - app.py:582 - INFO - 正在下载第 189/203 页...
2026-02-26 03:59:15 - mkk_comic - app.py:582 - INFO - 正在下载第 190/203 页...
2026-02-26 03:59:15 - mkk_comic - app.py:582 - INFO - 正在下载第 191/203 页...
2026-02-26 03:59:15 - mkk_comic - app.py:582 - INFO - 正在下载第 192/203 页...
2026-02-26 03:59:15 - mkk_comic - app.py:582 - INFO - 正在下载第 193/203 页...
2026-02-26 03:59:15 - mkk_comic - app.py:582 - INFO - 正在下载第 194/203 页...
2026-02-26 03:59:15 - mkk_comic - app.py:582 - INFO - 正在下载第 195/203 页...
2026-02-26 03:59:15 - mkk_comic - app.py:582 - INFO - 正在下载第 196/203 页...
2026-02-26 03:59:15 - mkk_comic - app.py:582 - INFO - 正在下载第 197/203 页...
2026-02-26 03:59:15 - mkk_comic - app.py:582 - INFO - 正在下载第 198/203 页...
2026-02-26 03:59:15 - mkk_comic - app.py:582 - INFO - 正在下载第 199/203 页...
2026-02-26 03:59:15 - mkk_comic - app.py:582 - INFO - 正在下载第 200/203 页...
2026-02-26 03:59:15 - mkk_comic - app.py:582 - INFO - 正在下载第 201/203 页...
2026-02-26 03:59:15 - mkk_comic - app.py:582 - INFO - 正在下载第 202/203 页...
2026-02-26 03:59:16 - mkk_comic - app.py:582 - INFO - 正在下载第 203/203 页...
2026-02-26 03:59:16 - mkk_comic - app.py:511 - INFO - 下载完成!
2026-02-26 03:59:16 - mkk_comic - app.py:512 - INFO - 成功下载: 203/203 页
2026-02-26 03:59:17 - mkk_comic - app.py:494 - INFO - 正在下载第81章: 81卷    UUID:60d83539-c7d9-11e8-882e-024352452ce0
2026-02-26 03:59:17 - mkk_comic - app.py:502 - INFO - 创建目录: ./out/海贼王/81卷
2026-02-26 03:59:17 - mkk_comic - app.py:505 - INFO - 开始下载: 海贼王 - 81卷
2026-02-26 03:59:17 - mkk_comic - app.py:506 - INFO - 总页数: 189
2026-02-26 03:59:17 - mkk_comic - app.py:582 - INFO - 正在下载第 001/189 页...
2026-02-26 03:59:17 - mkk_comic - app.py:582 - INFO - 正在下载第 002/189 页...
2026-02-26 03:59:17 - mkk_comic - app.py:582 - INFO - 正在下载第 003/189 页...
2026-02-26 03:59:17 - mkk_comic - app.py:582 - INFO - 正在下载第 004/189 页...
2026-02-26 03:59:17 - mkk_comic - app.py:582 - INFO - 正在下载第 005/189 页...
2026-02-26 03:59:17 - mkk_comic - app.py:582 - INFO - 正在下载第 006/189 页...
2026-02-26 03:59:18 - mkk_comic - app.py:582 - INFO - 正在下载第 007/189 页...
2026-02-26 03:59:18 - mkk_comic - app.py:582 - INFO - 正在下载第 008/189 页...
2026-02-26 03:59:18 - mkk_comic - app.py:582 - INFO - 正在下载第 009/189 页...
2026-02-26 03:59:18 - mkk_comic - app.py:582 - INFO - 正在下载第 010/189 页...
2026-02-26 03:59:18 - mkk_comic - app.py:582 - INFO - 正在下载第 011/189 页...
2026-02-26 03:59:18 - mkk_comic - app.py:582 - INFO - 正在下载第 012/189 页...
2026-02-26 03:59:18 - mkk_comic - app.py:582 - INFO - 正在下载第 013/189 页...
2026-02-26 03:59:18 - mkk_comic - app.py:582 - INFO - 正在下载第 014/189 页...
2026-02-26 03:59:18 - mkk_comic - app.py:582 - INFO - 正在下载第 015/189 页...
2026-02-26 03:59:18 - mkk_comic - app.py:582 - INFO - 正在下载第 016/189 页...
2026-02-26 03:59:18 - mkk_comic - app.py:582 - INFO - 正在下载第 017/189 页...
2026-02-26 03:59:18 - mkk_comic - app.py:582 - INFO - 正在下载第 018/189 页...
2026-02-26 03:59:18 - mkk_comic - app.py:582 - INFO - 正在下载第 019/189 页...
2026-02-26 03:59:18 - mkk_comic - app.py:582 - INFO - 正在下载第 020/189 页...
2026-02-26 03:59:18 - mkk_comic - app.py:582 - INFO - 正在下载第 021/189 页...
2026-02-26 03:59:18 - mkk_comic - app.py:582 - INFO - 正在下载第 022/189 页...
2026-02-26 03:59:18 - mkk_comic - app.py:582 - INFO - 正在下载第 023/189 页...
2026-02-26 03:59:18 - mkk_comic - app.py:582 - INFO - 正在下载第 024/189 页...
2026-02-26 03:59:18 - mkk_comic - app.py:582 - INFO - 正在下载第 025/189 页...
2026-02-26 03:59:18 - mkk_comic - app.py:582 - INFO - 正在下载第 026/189 页...
2026-02-26 03:59:18 - mkk_comic - app.py:582 - INFO - 正在下载第 027/189 页...
2026-02-26 03:59:18 - mkk_comic - app.py:582 - INFO - 正在下载第 028/189 页...
2026-02-26 03:59:18 - mkk_comic - app.py:582 - INFO - 正在下载第 029/189 页...
2026-02-26 03:59:18 - mkk_comic - app.py:582 - INFO - 正在下载第 030/189 页...
2026-02-26 03:59:18 - mkk_comic - app.py:582 - INFO - 正在下载第 031/189 页...
2026-02-26 03:59:18 - mkk_comic - app.py:582 - INFO - 正在下载第 032/189 页...
2026-02-26 03:59:18 - mkk_comic - app.py:582 - INFO - 正在下载第 033/189 页...
2026-02-26 03:59:18 - mkk_comic - app.py:582 - INFO - 正在下载第 034/189 页...
2026-02-26 03:59:18 - mkk_comic - app.py:582 - INFO - 正在下载第 035/189 页...
2026-02-26 03:59:18 - mkk_comic - app.py:582 - INFO - 正在下载第 036/189 页...
2026-02-26 03:59:18 - mkk_comic - app.py:582 - INFO - 正在下载第 037/189 页...
2026-02-26 03:59:18 - mkk_comic - app.py:582 - INFO - 正在下载第 038/189 页...
2026-02-26 03:59:18 - mkk_comic - app.py:582 - INFO - 正在下载第 039/189 页...
2026-02-26 03:59:18 - mkk_comic - app.py:582 - INFO - 正在下载第 040/189 页...
2026-02-26 03:59:18 - mkk_comic - app.py:582 - INFO - 正在下载第 041/189 页...
2026-02-26 03:59:18 - mkk_comic - app.py:582 - INFO - 正在下载第 042/189 页...
2026-02-26 03:59:18 - mkk_comic - app.py:582 - INFO - 正在下载第 043/189 页...
2026-02-26 03:59:19 - mkk_comic - app.py:582 - INFO - 正在下载第 044/189 页...
2026-02-26 03:59:19 - mkk_comic - app.py:582 - INFO - 正在下载第 045/189 页...
2026-02-26 03:59:19 - mkk_comic - app.py:582 - INFO - 正在下载第 046/189 页...
2026-02-26 03:59:19 - mkk_comic - app.py:582 - INFO - 正在下载第 047/189 页...
2026-02-26 03:59:19 - mkk_comic - app.py:582 - INFO - 正在下载第 048/189 页...
2026-02-26 03:59:19 - mkk_comic - app.py:582 - INFO - 正在下载第 049/189 页...
2026-02-26 03:59:19 - mkk_comic - app.py:582 - INFO - 正在下载第 050/189 页...
2026-02-26 03:59:19 - mkk_comic - app.py:582 - INFO - 正在下载第 051/189 页...
2026-02-26 03:59:19 - mkk_comic - app.py:582 - INFO - 正在下载第 052/189 页...
2026-02-26 03:59:19 - mkk_comic - app.py:582 - INFO - 正在下载第 053/189 页...
2026-02-26 03:59:19 - mkk_comic - app.py:582 - INFO - 正在下载第 054/189 页...
2026-02-26 03:59:19 - mkk_comic - app.py:582 - INFO - 正在下载第 055/189 页...
2026-02-26 03:59:19 - mkk_comic - app.py:582 - INFO - 正在下载第 056/189 页...
2026-02-26 03:59:19 - mkk_comic - app.py:582 - INFO - 正在下载第 057/189 页...
2026-02-26 03:59:19 - mkk_comic - app.py:582 - INFO - 正在下载第 058/189 页...
2026-02-26 03:59:19 - mkk_comic - app.py:582 - INFO - 正在下载第 059/189 页...
2026-02-26 03:59:19 - mkk_comic - app.py:582 - INFO - 正在下载第 060/189 页...
2026-02-26 03:59:19 - mkk_comic - app.py:582 - INFO - 正在下载第 061/189 页...
2026-02-26 03:59:19 - mkk_comic - app.py:582 - INFO - 正在下载第 062/189 页...
2026-02-26 03:59:19 - mkk_comic - app.py:582 - INFO - 正在下载第 063/189 页...
2026-02-26 03:59:19 - mkk_comic - app.py:582 - INFO - 正在下载第 064/189 页...
2026-02-26 03:59:19 - mkk_comic - app.py:582 - INFO - 正在下载第 065/189 页...
2026-02-26 03:59:19 - mkk_comic - app.py:582 - INFO - 正在下载第 066/189 页...
2026-02-26 03:59:19 - mkk_comic - app.py:582 - INFO - 正在下载第 067/189 页...
2026-02-26 03:59:19 - mkk_comic - app.py:582 - INFO - 正在下载第 068/189 页...
2026-02-26 03:59:19 - mkk_comic - app.py:582 - INFO - 正在下载第 069/189 页...
2026-02-26 03:59:19 - mkk_comic - app.py:582 - INFO - 正在下载第 070/189 页...
2026-02-26 03:59:19 - mkk_comic - app.py:582 - INFO - 正在下载第 071/189 页...
2026-02-26 03:59:19 - mkk_comic - app.py:582 - INFO - 正在下载第 072/189 页...
2026-02-26 03:59:19 - mkk_comic - app.py:582 - INFO - 正在下载第 073/189 页...
2026-02-26 03:59:19 - mkk_comic - app.py:582 - INFO - 正在下载第 074/189 页...
2026-02-26 03:59:19 - mkk_comic - app.py:582 - INFO - 正在下载第 075/189 页...
2026-02-26 03:59:19 - mkk_comic - app.py:582 - INFO - 正在下载第 076/189 页...
2026-02-26 03:59:19 - mkk_comic - app.py:582 - INFO - 正在下载第 077/189 页...
2026-02-26 03:59:19 - mkk_comic - app.py:582 - INFO - 正在下载第 078/189 页...
2026-02-26 03:59:19 - mkk_comic - app.py:582 - INFO - 正在下载第 079/189 页...
2026-02-26 03:59:19 - mkk_comic - app.py:582 - INFO - 正在下载第 080/189 页...
2026-02-26 03:59:20 - mkk_comic - app.py:582 - INFO - 正在下载第 081/189 页...
2026-02-26 03:59:20 - mkk_comic - app.py:582 - INFO - 正在下载第 082/189 页...
2026-02-26 03:59:20 - mkk_comic - app.py:582 - INFO - 正在下载第 083/189 页...
2026-02-26 03:59:20 - mkk_comic - app.py:582 - INFO - 正在下载第 084/189 页...
2026-02-26 03:59:20 - mkk_comic - app.py:582 - INFO - 正在下载第 085/189 页...
2026-02-26 03:59:20 - mkk_comic - app.py:582 - INFO - 正在下载第 086/189 页...
2026-02-26 03:59:20 - mkk_comic - app.py:582 - INFO - 正在下载第 087/189 页...
2026-02-26 03:59:20 - mkk_comic - app.py:582 - INFO - 正在下载第 088/189 页...
2026-02-26 03:59:20 - mkk_comic - app.py:582 - INFO - 正在下载第 089/189 页...
2026-02-26 03:59:20 - mkk_comic - app.py:582 - INFO - 正在下载第 090/189 页...
2026-02-26 03:59:20 - mkk_comic - app.py:582 - INFO - 正在下载第 091/189 页...
2026-02-26 03:59:20 - mkk_comic - app.py:582 - INFO - 正在下载第 092/189 页...
2026-02-26 03:59:20 - mkk_comic - app.py:582 - INFO - 正在下载第 093/189 页...
2026-02-26 03:59:20 - mkk_comic - app.py:582 - INFO - 正在下载第 094/189 页...
2026-02-26 03:59:20 - mkk_comic - app.py:582 - INFO - 正在下载第 095/189 页...
2026-02-26 03:59:20 - mkk_comic - app.py:582 - INFO - 正在下载第 096/189 页...
2026-02-26 03:59:20 - mkk_comic - app.py:582 - INFO - 正在下载第 097/189 页...
2026-02-26 03:59:20 - mkk_comic - app.py:582 - INFO - 正在下载第 098/189 页...
2026-02-26 03:59:20 - mkk_comic - app.py:582 - INFO - 正在下载第 099/189 页...
2026-02-26 03:59:20 - mkk_comic - app.py:582 - INFO - 正在下载第 100/189 页...
2026-02-26 03:59:20 - mkk_comic - app.py:582 - INFO - 正在下载第 101/189 页...
2026-02-26 03:59:20 - mkk_comic - app.py:582 - INFO - 正在下载第 102/189 页...
2026-02-26 03:59:20 - mkk_comic - app.py:582 - INFO - 正在下载第 103/189 页...
2026-02-26 03:59:20 - mkk_comic - app.py:582 - INFO - 正在下载第 104/189 页...
2026-02-26 03:59:20 - mkk_comic - app.py:582 - INFO - 正在下载第 105/189 页...
2026-02-26 03:59:20 - mkk_comic - app.py:582 - INFO - 正在下载第 106/189 页...
2026-02-26 03:59:20 - mkk_comic - app.py:582 - INFO - 正在下载第 107/189 页...
2026-02-26 03:59:20 - mkk_comic - app.py:582 - INFO - 正在下载第 108/189 页...
2026-02-26 03:59:20 - mkk_comic - app.py:582 - INFO - 正在下载第 109/189 页...
2026-02-26 03:59:20 - mkk_comic - app.py:582 - INFO - 正在下载第 110/189 页...
2026-02-26 03:59:20 - mkk_comic - app.py:582 - INFO - 正在下载第 111/189 页...
2026-02-26 03:59:20 - mkk_comic - app.py:582 - INFO - 正在下载第 112/189 页...
2026-02-26 03:59:20 - mkk_comic - app.py:582 - INFO - 正在下载第 113/189 页...
2026-02-26 03:59:21 - mkk_comic - app.py:582 - INFO - 正在下载第 114/189 页...
2026-02-26 03:59:21 - mkk_comic - app.py:582 - INFO - 正在下载第 115/189 页...
2026-02-26 03:59:21 - mkk_comic - app.py:582 - INFO - 正在下载第 116/189 页...
2026-02-26 03:59:21 - mkk_comic - app.py:582 - INFO - 正在下载第 117/189 页...
2026-02-26 03:59:21 - mkk_comic - app.py:582 - INFO - 正在下载第 118/189 页...
2026-02-26 03:59:21 - mkk_comic - app.py:582 - INFO - 正在下载第 119/189 页...
2026-02-26 03:59:21 - mkk_comic - app.py:582 - INFO - 正在下载第 120/189 页...
2026-02-26 03:59:21 - mkk_comic - app.py:582 - INFO - 正在下载第 121/189 页...
2026-02-26 03:59:21 - mkk_comic - app.py:582 - INFO - 正在下载第 122/189 页...
2026-02-26 03:59:21 - mkk_comic - app.py:582 - INFO - 正在下载第 123/189 页...
2026-02-26 03:59:21 - mkk_comic - app.py:582 - INFO - 正在下载第 124/189 页...
2026-02-26 03:59:21 - mkk_comic - app.py:582 - INFO - 正在下载第 125/189 页...
2026-02-26 03:59:21 - mkk_comic - app.py:582 - INFO - 正在下载第 126/189 页...
2026-02-26 03:59:21 - mkk_comic - app.py:582 - INFO - 正在下载第 127/189 页...
2026-02-26 03:59:21 - mkk_comic - app.py:582 - INFO - 正在下载第 128/189 页...
2026-02-26 03:59:21 - mkk_comic - app.py:582 - INFO - 正在下载第 129/189 页...
2026-02-26 03:59:21 - mkk_comic - app.py:582 - INFO - 正在下载第 130/189 页...
2026-02-26 03:59:21 - mkk_comic - app.py:582 - INFO - 正在下载第 131/189 页...
2026-02-26 03:59:21 - mkk_comic - app.py:582 - INFO - 正在下载第 132/189 页...
2026-02-26 03:59:21 - mkk_comic - app.py:582 - INFO - 正在下载第 133/189 页...
2026-02-26 03:59:21 - mkk_comic - app.py:582 - INFO - 正在下载第 134/189 页...
2026-02-26 03:59:21 - mkk_comic - app.py:582 - INFO - 正在下载第 135/189 页...
2026-02-26 03:59:21 - mkk_comic - app.py:582 - INFO - 正在下载第 136/189 页...
2026-02-26 03:59:21 - mkk_comic - app.py:582 - INFO - 正在下载第 137/189 页...
2026-02-26 03:59:21 - mkk_comic - app.py:582 - INFO - 正在下载第 138/189 页...
2026-02-26 03:59:21 - mkk_comic - app.py:582 - INFO - 正在下载第 139/189 页...
2026-02-26 03:59:21 - mkk_comic - app.py:582 - INFO - 正在下载第 140/189 页...
2026-02-26 03:59:21 - mkk_comic - app.py:582 - INFO - 正在下载第 141/189 页...
2026-02-26 03:59:21 - mkk_comic - app.py:582 - INFO - 正在下载第 142/189 页...
2026-02-26 03:59:21 - mkk_comic - app.py:582 - INFO - 正在下载第 143/189 页...
2026-02-26 03:59:21 - mkk_comic - app.py:582 - INFO - 正在下载第 144/189 页...
2026-02-26 03:59:21 - mkk_comic - app.py:582 - INFO - 正在下载第 145/189 页...
2026-02-26 03:59:21 - mkk_comic - app.py:582 - INFO - 正在下载第 146/189 页...
2026-02-26 03:59:21 - mkk_comic - app.py:582 - INFO - 正在下载第 147/189 页...
2026-02-26 03:59:21 - mkk_comic - app.py:582 - INFO - 正在下载第 148/189 页...
2026-02-26 03:59:22 - mkk_comic - app.py:582 - INFO - 正在下载第 149/189 页...
2026-02-26 03:59:22 - mkk_comic - app.py:582 - INFO - 正在下载第 150/189 页...
2026-02-26 03:59:22 - mkk_comic - app.py:582 - INFO - 正在下载第 151/189 页...
2026-02-26 03:59:22 - mkk_comic - app.py:582 - INFO - 正在下载第 152/189 页...
2026-02-26 03:59:22 - mkk_comic - app.py:582 - INFO - 正在下载第 153/189 页...
2026-02-26 03:59:22 - mkk_comic - app.py:582 - INFO - 正在下载第 154/189 页...
2026-02-26 03:59:22 - mkk_comic - app.py:582 - INFO - 正在下载第 155/189 页...
2026-02-26 03:59:22 - mkk_comic - app.py:582 - INFO - 正在下载第 156/189 页...
2026-02-26 03:59:22 - mkk_comic - app.py:582 - INFO - 正在下载第 157/189 页...
2026-02-26 03:59:22 - mkk_comic - app.py:582 - INFO - 正在下载第 158/189 页...
2026-02-26 03:59:22 - mkk_comic - app.py:582 - INFO - 正在下载第 159/189 页...
2026-02-26 03:59:22 - mkk_comic - app.py:582 - INFO - 正在下载第 160/189 页...
2026-02-26 03:59:22 - mkk_comic - app.py:582 - INFO - 正在下载第 161/189 页...
2026-02-26 03:59:22 - mkk_comic - app.py:582 - INFO - 正在下载第 162/189 页...
2026-02-26 03:59:22 - mkk_comic - app.py:582 - INFO - 正在下载第 163/189 页...
2026-02-26 03:59:22 - mkk_comic - app.py:582 - INFO - 正在下载第 164/189 页...
2026-02-26 03:59:22 - mkk_comic - app.py:582 - INFO - 正在下载第 165/189 页...
2026-02-26 03:59:22 - mkk_comic - app.py:582 - INFO - 正在下载第 166/189 页...
2026-02-26 03:59:22 - mkk_comic - app.py:582 - INFO - 正在下载第 167/189 页...
2026-02-26 03:59:22 - mkk_comic - app.py:582 - INFO - 正在下载第 168/189 页...
2026-02-26 03:59:22 - mkk_comic - app.py:582 - INFO - 正在下载第 169/189 页...
2026-02-26 03:59:22 - mkk_comic - app.py:582 - INFO - 正在下载第 170/189 页...
2026-02-26 03:59:22 - mkk_comic - app.py:582 - INFO - 正在下载第 171/189 页...
2026-02-26 03:59:22 - mkk_comic - app.py:582 - INFO - 正在下载第 172/189 页...
2026-02-26 03:59:22 - mkk_comic - app.py:582 - INFO - 正在下载第 173/189 页...
2026-02-26 03:59:22 - mkk_comic - app.py:582 - INFO - 正在下载第 174/189 页...
2026-02-26 03:59:22 - mkk_comic - app.py:582 - INFO - 正在下载第 175/189 页...
2026-02-26 03:59:22 - mkk_comic - app.py:582 - INFO - 正在下载第 176/189 页...
2026-02-26 03:59:22 - mkk_comic - app.py:582 - INFO - 正在下载第 177/189 页...
2026-02-26 03:59:22 - mkk_comic - app.py:582 - INFO - 正在下载第 178/189 页...
2026-02-26 03:59:22 - mkk_comic - app.py:582 - INFO - 正在下载第 179/189 页...
2026-02-26 03:59:22 - mkk_comic - app.py:582 - INFO - 正在下载第 180/189 页...
2026-02-26 03:59:22 - mkk_comic - app.py:582 - INFO - 正在下载第 181/189 页...
2026-02-26 03:59:22 - mkk_comic - app.py:582 - INFO - 正在下载第 182/189 页...
2026-02-26 03:59:22 - mkk_comic - app.py:582 - INFO - 正在下载第 183/189 页...
2026-02-26 03:59:22 - mkk_comic - app.py:582 - INFO - 正在下载第 184/189 页...
2026-02-26 03:59:22 - mkk_comic - app.py:582 - INFO - 正在下载第 185/189 页...
2026-02-26 03:59:22 - mkk_comic - app.py:582 - INFO - 正在下载第 186/189 页...
2026-02-26 03:59:23 - mkk_comic - app.py:582 - INFO - 正在下载第 187/189 页...
2026-02-26 03:59:23 - mkk_comic - app.py:582 - INFO - 正在下载第 188/189 页...
2026-02-26 03:59:23 - mkk_comic - app.py:582 - INFO - 正在下载第 189/189 页...
2026-02-26 03:59:23 - mkk_comic - app.py:511 - INFO - 下载完成!
2026-02-26 03:59:23 - mkk_comic - app.py:512 - INFO - 成功下载: 189/189 页
2026-02-26 03:59:23 - mkk_comic - app.py:494 - INFO - 正在下载第82章: 82卷    UUID:65889d8a-c7d9-11e8-882e-024352452ce0
2026-02-26 03:59:24 - mkk_comic - app.py:502 - INFO - 创建目录: ./out/海贼王/82卷
2026-02-26 03:59:24 - mkk_comic - app.py:505 - INFO - 开始下载: 海贼王 - 82卷
2026-02-26 03:59:24 - mkk_comic - app.py:506 - INFO - 总页数: 217
2026-02-26 03:59:24 - mkk_comic - app.py:582 - INFO - 正在下载第 001/217 页...
2026-02-26 03:59:24 - mkk_comic - app.py:582 - INFO - 正在下载第 002/217 页...
2026-02-26 03:59:24 - mkk_comic - app.py:582 - INFO - 正在下载第 003/217 页...
2026-02-26 03:59:24 - mkk_comic - app.py:582 - INFO - 正在下载第 004/217 页...
2026-02-26 03:59:24 - mkk_comic - app.py:582 - INFO - 正在下载第 005/217 页...
2026-02-26 03:59:24 - mkk_comic - app.py:582 - INFO - 正在下载第 006/217 页...
2026-02-26 03:59:24 - mkk_comic - app.py:582 - INFO - 正在下载第 007/217 页...
2026-02-26 03:59:24 - mkk_comic - app.py:582 - INFO - 正在下载第 008/217 页...
2026-02-26 03:59:24 - mkk_comic - app.py:582 - INFO - 正在下载第 009/217 页...
2026-02-26 03:59:24 - mkk_comic - app.py:582 - INFO - 正在下载第 010/217 页...
2026-02-26 03:59:25 - mkk_comic - app.py:582 - INFO - 正在下载第 011/217 页...
2026-02-26 03:59:25 - mkk_comic - app.py:582 - INFO - 正在下载第 012/217 页...
2026-02-26 03:59:25 - mkk_comic - app.py:582 - INFO - 正在下载第 013/217 页...
2026-02-26 03:59:25 - mkk_comic - app.py:582 - INFO - 正在下载第 014/217 页...
2026-02-26 03:59:25 - mkk_comic - app.py:582 - INFO - 正在下载第 015/217 页...
2026-02-26 03:59:25 - mkk_comic - app.py:582 - INFO - 正在下载第 016/217 页...
2026-02-26 03:59:25 - mkk_comic - app.py:582 - INFO - 正在下载第 017/217 页...
2026-02-26 03:59:25 - mkk_comic - app.py:582 - INFO - 正在下载第 018/217 页...
2026-02-26 03:59:25 - mkk_comic - app.py:582 - INFO - 正在下载第 019/217 页...
2026-02-26 03:59:25 - mkk_comic - app.py:582 - INFO - 正在下载第 020/217 页...
2026-02-26 03:59:25 - mkk_comic - app.py:582 - INFO - 正在下载第 021/217 页...
2026-02-26 03:59:25 - mkk_comic - app.py:582 - INFO - 正在下载第 022/217 页...
2026-02-26 03:59:25 - mkk_comic - app.py:582 - INFO - 正在下载第 023/217 页...
2026-02-26 03:59:25 - mkk_comic - app.py:582 - INFO - 正在下载第 024/217 页...
2026-02-26 03:59:25 - mkk_comic - app.py:582 - INFO - 正在下载第 025/217 页...
2026-02-26 03:59:25 - mkk_comic - app.py:582 - INFO - 正在下载第 026/217 页...
2026-02-26 03:59:25 - mkk_comic - app.py:582 - INFO - 正在下载第 027/217 页...
2026-02-26 03:59:25 - mkk_comic - app.py:582 - INFO - 正在下载第 028/217 页...
2026-02-26 03:59:25 - mkk_comic - app.py:582 - INFO - 正在下载第 029/217 页...
2026-02-26 03:59:25 - mkk_comic - app.py:582 - INFO - 正在下载第 030/217 页...
2026-02-26 03:59:25 - mkk_comic - app.py:582 - INFO - 正在下载第 031/217 页...
2026-02-26 03:59:25 - mkk_comic - app.py:582 - INFO - 正在下载第 032/217 页...
2026-02-26 03:59:25 - mkk_comic - app.py:582 - INFO - 正在下载第 033/217 页...
2026-02-26 03:59:25 - mkk_comic - app.py:582 - INFO - 正在下载第 034/217 页...
2026-02-26 03:59:25 - mkk_comic - app.py:582 - INFO - 正在下载第 035/217 页...
2026-02-26 03:59:25 - mkk_comic - app.py:582 - INFO - 正在下载第 036/217 页...
2026-02-26 03:59:25 - mkk_comic - app.py:582 - INFO - 正在下载第 037/217 页...
2026-02-26 03:59:25 - mkk_comic - app.py:582 - INFO - 正在下载第 038/217 页...
2026-02-26 03:59:25 - mkk_comic - app.py:582 - INFO - 正在下载第 039/217 页...
2026-02-26 03:59:25 - mkk_comic - app.py:582 - INFO - 正在下载第 040/217 页...
2026-02-26 03:59:25 - mkk_comic - app.py:582 - INFO - 正在下载第 041/217 页...
2026-02-26 03:59:25 - mkk_comic - app.py:582 - INFO - 正在下载第 042/217 页...
2026-02-26 03:59:25 - mkk_comic - app.py:582 - INFO - 正在下载第 043/217 页...
2026-02-26 03:59:25 - mkk_comic - app.py:582 - INFO - 正在下载第 044/217 页...
2026-02-26 03:59:25 - mkk_comic - app.py:582 - INFO - 正在下载第 045/217 页...
2026-02-26 03:59:25 - mkk_comic - app.py:582 - INFO - 正在下载第 046/217 页...
2026-02-26 03:59:25 - mkk_comic - app.py:582 - INFO - 正在下载第 047/217 页...
2026-02-26 03:59:25 - mkk_comic - app.py:582 - INFO - 正在下载第 048/217 页...
2026-02-26 03:59:26 - mkk_comic - app.py:582 - INFO - 正在下载第 049/217 页...
2026-02-26 03:59:26 - mkk_comic - app.py:582 - INFO - 正在下载第 050/217 页...
2026-02-26 03:59:26 - mkk_comic - app.py:582 - INFO - 正在下载第 051/217 页...
2026-02-26 03:59:26 - mkk_comic - app.py:582 - INFO - 正在下载第 052/217 页...
2026-02-26 03:59:26 - mkk_comic - app.py:582 - INFO - 正在下载第 053/217 页...
2026-02-26 03:59:26 - mkk_comic - app.py:582 - INFO - 正在下载第 054/217 页...
2026-02-26 03:59:26 - mkk_comic - app.py:582 - INFO - 正在下载第 055/217 页...
2026-02-26 03:59:26 - mkk_comic - app.py:582 - INFO - 正在下载第 056/217 页...
2026-02-26 03:59:26 - mkk_comic - app.py:582 - INFO - 正在下载第 057/217 页...
2026-02-26 03:59:26 - mkk_comic - app.py:582 - INFO - 正在下载第 058/217 页...
2026-02-26 03:59:26 - mkk_comic - app.py:582 - INFO - 正在下载第 059/217 页...
2026-02-26 03:59:26 - mkk_comic - app.py:582 - INFO - 正在下载第 060/217 页...
2026-02-26 03:59:26 - mkk_comic - app.py:582 - INFO - 正在下载第 061/217 页...
2026-02-26 03:59:26 - mkk_comic - app.py:582 - INFO - 正在下载第 062/217 页...
2026-02-26 03:59:26 - mkk_comic - app.py:582 - INFO - 正在下载第 063/217 页...
2026-02-26 03:59:26 - mkk_comic - app.py:582 - INFO - 正在下载第 064/217 页...
2026-02-26 03:59:26 - mkk_comic - app.py:582 - INFO - 正在下载第 065/217 页...
2026-02-26 03:59:26 - mkk_comic - app.py:582 - INFO - 正在下载第 066/217 页...
2026-02-26 03:59:26 - mkk_comic - app.py:582 - INFO - 正在下载第 067/217 页...
2026-02-26 03:59:26 - mkk_comic - app.py:582 - INFO - 正在下载第 068/217 页...
2026-02-26 03:59:26 - mkk_comic - app.py:582 - INFO - 正在下载第 069/217 页...
2026-02-26 03:59:26 - mkk_comic - app.py:582 - INFO - 正在下载第 070/217 页...
2026-02-26 03:59:26 - mkk_comic - app.py:582 - INFO - 正在下载第 071/217 页...
2026-02-26 03:59:26 - mkk_comic - app.py:582 - INFO - 正在下载第 072/217 页...
2026-02-26 03:59:26 - mkk_comic - app.py:582 - INFO - 正在下载第 073/217 页...
2026-02-26 03:59:26 - mkk_comic - app.py:582 - INFO - 正在下载第 074/217 页...
2026-02-26 03:59:26 - mkk_comic - app.py:582 - INFO - 正在下载第 075/217 页...
2026-02-26 03:59:26 - mkk_comic - app.py:582 - INFO - 正在下载第 076/217 页...
2026-02-26 03:59:26 - mkk_comic - app.py:582 - INFO - 正在下载第 077/217 页...
2026-02-26 03:59:26 - mkk_comic - app.py:582 - INFO - 正在下载第 078/217 页...
2026-02-26 03:59:26 - mkk_comic - app.py:582 - INFO - 正在下载第 079/217 页...
2026-02-26 03:59:26 - mkk_comic - app.py:582 - INFO - 正在下载第 080/217 页...
2026-02-26 03:59:26 - mkk_comic - app.py:582 - INFO - 正在下载第 081/217 页...
2026-02-26 03:59:26 - mkk_comic - app.py:582 - INFO - 正在下载第 082/217 页...
2026-02-26 03:59:26 - mkk_comic - app.py:582 - INFO - 正在下载第 083/217 页...
2026-02-26 03:59:27 - mkk_comic - app.py:582 - INFO - 正在下载第 084/217 页...
2026-02-26 03:59:27 - mkk_comic - app.py:582 - INFO - 正在下载第 085/217 页...
2026-02-26 03:59:27 - mkk_comic - app.py:582 - INFO - 正在下载第 086/217 页...
2026-02-26 03:59:27 - mkk_comic - app.py:582 - INFO - 正在下载第 087/217 页...
2026-02-26 03:59:27 - mkk_comic - app.py:582 - INFO - 正在下载第 088/217 页...
2026-02-26 03:59:27 - mkk_comic - app.py:582 - INFO - 正在下载第 089/217 页...
2026-02-26 03:59:27 - mkk_comic - app.py:582 - INFO - 正在下载第 090/217 页...
2026-02-26 03:59:27 - mkk_comic - app.py:582 - INFO - 正在下载第 091/217 页...
2026-02-26 03:59:27 - mkk_comic - app.py:582 - INFO - 正在下载第 092/217 页...
2026-02-26 03:59:27 - mkk_comic - app.py:582 - INFO - 正在下载第 093/217 页...
2026-02-26 03:59:27 - mkk_comic - app.py:582 - INFO - 正在下载第 094/217 页...
2026-02-26 03:59:27 - mkk_comic - app.py:582 - INFO - 正在下载第 095/217 页...
2026-02-26 03:59:27 - mkk_comic - app.py:582 - INFO - 正在下载第 096/217 页...
2026-02-26 03:59:27 - mkk_comic - app.py:582 - INFO - 正在下载第 097/217 页...
2026-02-26 03:59:27 - mkk_comic - app.py:582 - INFO - 正在下载第 098/217 页...
2026-02-26 03:59:27 - mkk_comic - app.py:582 - INFO - 正在下载第 099/217 页...
2026-02-26 03:59:27 - mkk_comic - app.py:582 - INFO - 正在下载第 100/217 页...
2026-02-26 03:59:27 - mkk_comic - app.py:582 - INFO - 正在下载第 101/217 页...
2026-02-26 03:59:27 - mkk_comic - app.py:582 - INFO - 正在下载第 102/217 页...
2026-02-26 03:59:27 - mkk_comic - app.py:582 - INFO - 正在下载第 103/217 页...
2026-02-26 03:59:27 - mkk_comic - app.py:582 - INFO - 正在下载第 104/217 页...
2026-02-26 03:59:27 - mkk_comic - app.py:582 - INFO - 正在下载第 105/217 页...
2026-02-26 03:59:27 - mkk_comic - app.py:582 - INFO - 正在下载第 106/217 页...
2026-02-26 03:59:27 - mkk_comic - app.py:582 - INFO - 正在下载第 107/217 页...
2026-02-26 03:59:27 - mkk_comic - app.py:582 - INFO - 正在下载第 108/217 页...
2026-02-26 03:59:27 - mkk_comic - app.py:582 - INFO - 正在下载第 109/217 页...
2026-02-26 03:59:27 - mkk_comic - app.py:582 - INFO - 正在下载第 110/217 页...
2026-02-26 03:59:27 - mkk_comic - app.py:582 - INFO - 正在下载第 111/217 页...
2026-02-26 03:59:27 - mkk_comic - app.py:582 - INFO - 正在下载第 112/217 页...
2026-02-26 03:59:27 - mkk_comic - app.py:582 - INFO - 正在下载第 113/217 页...
2026-02-26 03:59:27 - mkk_comic - app.py:582 - INFO - 正在下载第 114/217 页...
2026-02-26 03:59:27 - mkk_comic - app.py:582 - INFO - 正在下载第 115/217 页...
2026-02-26 03:59:27 - mkk_comic - app.py:582 - INFO - 正在下载第 116/217 页...
2026-02-26 03:59:27 - mkk_comic - app.py:582 - INFO - 正在下载第 117/217 页...
2026-02-26 03:59:27 - mkk_comic - app.py:582 - INFO - 正在下载第 118/217 页...
2026-02-26 03:59:27 - mkk_comic - app.py:582 - INFO - 正在下载第 119/217 页...
2026-02-26 03:59:27 - mkk_comic - app.py:582 - INFO - 正在下载第 120/217 页...
2026-02-26 03:59:27 - mkk_comic - app.py:582 - INFO - 正在下载第 121/217 页...
2026-02-26 03:59:28 - mkk_comic - app.py:582 - INFO - 正在下载第 122/217 页...
2026-02-26 03:59:28 - mkk_comic - app.py:582 - INFO - 正在下载第 123/217 页...
2026-02-26 03:59:28 - mkk_comic - app.py:582 - INFO - 正在下载第 124/217 页...
2026-02-26 03:59:28 - mkk_comic - app.py:582 - INFO - 正在下载第 125/217 页...
2026-02-26 03:59:28 - mkk_comic - app.py:582 - INFO - 正在下载第 126/217 页...
2026-02-26 03:59:28 - mkk_comic - app.py:582 - INFO - 正在下载第 127/217 页...
2026-02-26 03:59:28 - mkk_comic - app.py:582 - INFO - 正在下载第 128/217 页...
2026-02-26 03:59:28 - mkk_comic - app.py:582 - INFO - 正在下载第 129/217 页...
2026-02-26 03:59:28 - mkk_comic - app.py:582 - INFO - 正在下载第 130/217 页...
2026-02-26 03:59:28 - mkk_comic - app.py:582 - INFO - 正在下载第 131/217 页...
2026-02-26 03:59:28 - mkk_comic - app.py:582 - INFO - 正在下载第 132/217 页...
2026-02-26 03:59:28 - mkk_comic - app.py:582 - INFO - 正在下载第 133/217 页...
2026-02-26 03:59:28 - mkk_comic - app.py:582 - INFO - 正在下载第 134/217 页...
2026-02-26 03:59:28 - mkk_comic - app.py:582 - INFO - 正在下载第 135/217 页...
2026-02-26 03:59:28 - mkk_comic - app.py:582 - INFO - 正在下载第 136/217 页...
2026-02-26 03:59:28 - mkk_comic - app.py:582 - INFO - 正在下载第 137/217 页...
2026-02-26 03:59:28 - mkk_comic - app.py:582 - INFO - 正在下载第 138/217 页...
2026-02-26 03:59:28 - mkk_comic - app.py:582 - INFO - 正在下载第 139/217 页...
2026-02-26 03:59:28 - mkk_comic - app.py:582 - INFO - 正在下载第 140/217 页...
2026-02-26 03:59:28 - mkk_comic - app.py:582 - INFO - 正在下载第 141/217 页...
2026-02-26 03:59:28 - mkk_comic - app.py:582 - INFO - 正在下载第 142/217 页...
2026-02-26 03:59:28 - mkk_comic - app.py:582 - INFO - 正在下载第 143/217 页...
2026-02-26 03:59:28 - mkk_comic - app.py:582 - INFO - 正在下载第 144/217 页...
2026-02-26 03:59:28 - mkk_comic - app.py:582 - INFO - 正在下载第 145/217 页...
2026-02-26 03:59:28 - mkk_comic - app.py:582 - INFO - 正在下载第 146/217 页...
2026-02-26 03:59:28 - mkk_comic - app.py:582 - INFO - 正在下载第 147/217 页...
2026-02-26 03:59:28 - mkk_comic - app.py:582 - INFO - 正在下载第 148/217 页...
2026-02-26 03:59:28 - mkk_comic - app.py:582 - INFO - 正在下载第 149/217 页...
2026-02-26 03:59:28 - mkk_comic - app.py:582 - INFO - 正在下载第 150/217 页...
2026-02-26 03:59:28 - mkk_comic - app.py:582 - INFO - 正在下载第 151/217 页...
2026-02-26 03:59:28 - mkk_comic - app.py:582 - INFO - 正在下载第 152/217 页...
2026-02-26 03:59:28 - mkk_comic - app.py:582 - INFO - 正在下载第 153/217 页...
2026-02-26 03:59:28 - mkk_comic - app.py:582 - INFO - 正在下载第 154/217 页...
2026-02-26 03:59:28 - mkk_comic - app.py:582 - INFO - 正在下载第 155/217 页...
2026-02-26 03:59:28 - mkk_comic - app.py:582 - INFO - 正在下载第 156/217 页...
2026-02-26 03:59:29 - mkk_comic - app.py:582 - INFO - 正在下载第 157/217 页...
2026-02-26 03:59:29 - mkk_comic - app.py:582 - INFO - 正在下载第 158/217 页...
2026-02-26 03:59:29 - mkk_comic - app.py:582 - INFO - 正在下载第 159/217 页...
2026-02-26 03:59:29 - mkk_comic - app.py:582 - INFO - 正在下载第 160/217 页...
2026-02-26 03:59:29 - mkk_comic - app.py:582 - INFO - 正在下载第 161/217 页...
2026-02-26 03:59:29 - mkk_comic - app.py:582 - INFO - 正在下载第 162/217 页...
2026-02-26 03:59:29 - mkk_comic - app.py:582 - INFO - 正在下载第 163/217 页...
2026-02-26 03:59:29 - mkk_comic - app.py:582 - INFO - 正在下载第 164/217 页...
2026-02-26 03:59:29 - mkk_comic - app.py:582 - INFO - 正在下载第 165/217 页...
2026-02-26 03:59:29 - mkk_comic - app.py:582 - INFO - 正在下载第 166/217 页...
2026-02-26 03:59:29 - mkk_comic - app.py:582 - INFO - 正在下载第 167/217 页...
2026-02-26 03:59:29 - mkk_comic - app.py:582 - INFO - 正在下载第 168/217 页...
2026-02-26 03:59:29 - mkk_comic - app.py:582 - INFO - 正在下载第 169/217 页...
2026-02-26 03:59:29 - mkk_comic - app.py:582 - INFO - 正在下载第 170/217 页...
2026-02-26 03:59:29 - mkk_comic - app.py:582 - INFO - 正在下载第 171/217 页...
2026-02-26 03:59:29 - mkk_comic - app.py:582 - INFO - 正在下载第 172/217 页...
2026-02-26 03:59:29 - mkk_comic - app.py:582 - INFO - 正在下载第 173/217 页...
2026-02-26 03:59:29 - mkk_comic - app.py:582 - INFO - 正在下载第 174/217 页...
2026-02-26 03:59:29 - mkk_comic - app.py:582 - INFO - 正在下载第 175/217 页...
2026-02-26 03:59:29 - mkk_comic - app.py:582 - INFO - 正在下载第 176/217 页...
2026-02-26 03:59:29 - mkk_comic - app.py:582 - INFO - 正在下载第 177/217 页...
2026-02-26 03:59:29 - mkk_comic - app.py:582 - INFO - 正在下载第 178/217 页...
2026-02-26 03:59:29 - mkk_comic - app.py:582 - INFO - 正在下载第 179/217 页...
2026-02-26 03:59:29 - mkk_comic - app.py:582 - INFO - 正在下载第 180/217 页...
2026-02-26 03:59:29 - mkk_comic - app.py:582 - INFO - 正在下载第 181/217 页...
2026-02-26 03:59:29 - mkk_comic - app.py:582 - INFO - 正在下载第 182/217 页...
2026-02-26 03:59:29 - mkk_comic - app.py:582 - INFO - 正在下载第 183/217 页...
2026-02-26 03:59:29 - mkk_comic - app.py:582 - INFO - 正在下载第 184/217 页...
2026-02-26 03:59:29 - mkk_comic - app.py:582 - INFO - 正在下载第 185/217 页...
2026-02-26 03:59:29 - mkk_comic - app.py:582 - INFO - 正在下载第 186/217 页...
2026-02-26 03:59:29 - mkk_comic - app.py:582 - INFO - 正在下载第 187/217 页...
2026-02-26 03:59:29 - mkk_comic - app.py:582 - INFO - 正在下载第 188/217 页...
2026-02-26 03:59:29 - mkk_comic - app.py:582 - INFO - 正在下载第 189/217 页...
2026-02-26 03:59:29 - mkk_comic - app.py:582 - INFO - 正在下载第 190/217 页...
2026-02-26 03:59:29 - mkk_comic - app.py:582 - INFO - 正在下载第 191/217 页...
2026-02-26 03:59:29 - mkk_comic - app.py:582 - INFO - 正在下载第 192/217 页...
2026-02-26 03:59:29 - mkk_comic - app.py:582 - INFO - 正在下载第 193/217 页...
2026-02-26 03:59:29 - mkk_comic - app.py:582 - INFO - 正在下载第 194/217 页...
2026-02-26 03:59:29 - mkk_comic - app.py:582 - INFO - 正在下载第 195/217 页...
2026-02-26 03:59:30 - mkk_comic - app.py:582 - INFO - 正在下载第 196/217 页...
2026-02-26 03:59:30 - mkk_comic - app.py:582 - INFO - 正在下载第 197/217 页...
2026-02-26 03:59:30 - mkk_comic - app.py:582 - INFO - 正在下载第 198/217 页...
2026-02-26 03:59:30 - mkk_comic - app.py:582 - INFO - 正在下载第 199/217 页...
2026-02-26 03:59:30 - mkk_comic - app.py:582 - INFO - 正在下载第 200/217 页...
2026-02-26 03:59:30 - mkk_comic - app.py:582 - INFO - 正在下载第 201/217 页...
2026-02-26 03:59:30 - mkk_comic - app.py:582 - INFO - 正在下载第 202/217 页...
2026-02-26 03:59:30 - mkk_comic - app.py:582 - INFO - 正在下载第 203/217 页...
2026-02-26 03:59:30 - mkk_comic - app.py:582 - INFO - 正在下载第 204/217 页...
2026-02-26 03:59:30 - mkk_comic - app.py:582 - INFO - 正在下载第 205/217 页...
2026-02-26 03:59:30 - mkk_comic - app.py:582 - INFO - 正在下载第 206/217 页...
2026-02-26 03:59:30 - mkk_comic - app.py:582 - INFO - 正在下载第 207/217 页...
2026-02-26 03:59:30 - mkk_comic - app.py:582 - INFO - 正在下载第 208/217 页...
2026-02-26 03:59:30 - mkk_comic - app.py:582 - INFO - 正在下载第 209/217 页...
2026-02-26 03:59:30 - mkk_comic - app.py:582 - INFO - 正在下载第 210/217 页...
2026-02-26 03:59:30 - mkk_comic - app.py:582 - INFO - 正在下载第 211/217 页...
2026-02-26 03:59:30 - mkk_comic - app.py:582 - INFO - 正在下载第 212/217 页...
2026-02-26 03:59:30 - mkk_comic - app.py:582 - INFO - 正在下载第 213/217 页...
2026-02-26 03:59:30 - mkk_comic - app.py:582 - INFO - 正在下载第 214/217 页...
2026-02-26 03:59:30 - mkk_comic - app.py:582 - INFO - 正在下载第 215/217 页...
2026-02-26 03:59:30 - mkk_comic - app.py:582 - INFO - 正在下载第 216/217 页...
2026-02-26 03:59:30 - mkk_comic - app.py:582 - INFO - 正在下载第 217/217 页...
2026-02-26 03:59:30 - mkk_comic - app.py:511 - INFO - 下载完成!
2026-02-26 03:59:30 - mkk_comic - app.py:512 - INFO - 成功下载: 217/217 页
2026-02-26 03:59:31 - mkk_comic - app.py:494 - INFO - 正在下载第83章: 83卷    UUID:7d73f13a-c7d9-11e8-882e-024352452ce0
2026-02-26 03:59:32 - mkk_comic - app.py:502 - INFO - 创建目录: ./out/海贼王/83卷
2026-02-26 03:59:32 - mkk_comic - app.py:505 - INFO - 开始下载: 海贼王 - 83卷
2026-02-26 03:59:32 - mkk_comic - app.py:506 - INFO - 总页数: 207
2026-02-26 03:59:32 - mkk_comic - app.py:582 - INFO - 正在下载第 001/207 页...
2026-02-26 03:59:32 - mkk_comic - app.py:582 - INFO - 正在下载第 002/207 页...
2026-02-26 03:59:32 - mkk_comic - app.py:582 - INFO - 正在下载第 003/207 页...
2026-02-26 03:59:32 - mkk_comic - app.py:582 - INFO - 正在下载第 004/207 页...
2026-02-26 03:59:32 - mkk_comic - app.py:582 - INFO - 正在下载第 005/207 页...
2026-02-26 03:59:32 - mkk_comic - app.py:582 - INFO - 正在下载第 006/207 页...
2026-02-26 03:59:32 - mkk_comic - app.py:582 - INFO - 正在下载第 007/207 页...
2026-02-26 03:59:32 - mkk_comic - app.py:582 - INFO - 正在下载第 008/207 页...
2026-02-26 03:59:32 - mkk_comic - app.py:582 - INFO - 正在下载第 009/207 页...
2026-02-26 03:59:32 - mkk_comic - app.py:582 - INFO - 正在下载第 010/207 页...
2026-02-26 03:59:32 - mkk_comic - app.py:582 - INFO - 正在下载第 011/207 页...
2026-02-26 03:59:32 - mkk_comic - app.py:582 - INFO - 正在下载第 012/207 页...
2026-02-26 03:59:32 - mkk_comic - app.py:582 - INFO - 正在下载第 013/207 页...
2026-02-26 03:59:32 - mkk_comic - app.py:582 - INFO - 正在下载第 014/207 页...
2026-02-26 03:59:32 - mkk_comic - app.py:582 - INFO - 正在下载第 015/207 页...
2026-02-26 03:59:33 - mkk_comic - app.py:582 - INFO - 正在下载第 016/207 页...
2026-02-26 03:59:33 - mkk_comic - app.py:582 - INFO - 正在下载第 017/207 页...
2026-02-26 03:59:33 - mkk_comic - app.py:582 - INFO - 正在下载第 018/207 页...
2026-02-26 03:59:33 - mkk_comic - app.py:582 - INFO - 正在下载第 019/207 页...
2026-02-26 03:59:33 - mkk_comic - app.py:582 - INFO - 正在下载第 020/207 页...
2026-02-26 03:59:33 - mkk_comic - app.py:582 - INFO - 正在下载第 021/207 页...
2026-02-26 03:59:33 - mkk_comic - app.py:582 - INFO - 正在下载第 022/207 页...
2026-02-26 03:59:33 - mkk_comic - app.py:582 - INFO - 正在下载第 023/207 页...
2026-02-26 03:59:33 - mkk_comic - app.py:582 - INFO - 正在下载第 024/207 页...
2026-02-26 03:59:33 - mkk_comic - app.py:582 - INFO - 正在下载第 025/207 页...
2026-02-26 03:59:33 - mkk_comic - app.py:582 - INFO - 正在下载第 026/207 页...
2026-02-26 03:59:33 - mkk_comic - app.py:582 - INFO - 正在下载第 027/207 页...
2026-02-26 03:59:33 - mkk_comic - app.py:582 - INFO - 正在下载第 028/207 页...
2026-02-26 03:59:33 - mkk_comic - app.py:582 - INFO - 正在下载第 029/207 页...
2026-02-26 03:59:33 - mkk_comic - app.py:582 - INFO - 正在下载第 030/207 页...
2026-02-26 03:59:33 - mkk_comic - app.py:582 - INFO - 正在下载第 031/207 页...
2026-02-26 03:59:34 - mkk_comic - app.py:582 - INFO - 正在下载第 032/207 页...
2026-02-26 03:59:34 - mkk_comic - app.py:582 - INFO - 正在下载第 033/207 页...
2026-02-26 03:59:34 - mkk_comic - app.py:582 - INFO - 正在下载第 034/207 页...
2026-02-26 03:59:34 - mkk_comic - app.py:582 - INFO - 正在下载第 035/207 页...
2026-02-26 03:59:34 - mkk_comic - app.py:582 - INFO - 正在下载第 036/207 页...
2026-02-26 03:59:34 - mkk_comic - app.py:582 - INFO - 正在下载第 037/207 页...
2026-02-26 03:59:34 - mkk_comic - app.py:582 - INFO - 正在下载第 038/207 页...
2026-02-26 03:59:34 - mkk_comic - app.py:582 - INFO - 正在下载第 039/207 页...
2026-02-26 03:59:34 - mkk_comic - app.py:582 - INFO - 正在下载第 040/207 页...
2026-02-26 03:59:34 - mkk_comic - app.py:582 - INFO - 正在下载第 041/207 页...
2026-02-26 03:59:34 - mkk_comic - app.py:582 - INFO - 正在下载第 042/207 页...
2026-02-26 03:59:34 - mkk_comic - app.py:582 - INFO - 正在下载第 043/207 页...
2026-02-26 03:59:34 - mkk_comic - app.py:582 - INFO - 正在下载第 044/207 页...
2026-02-26 03:59:34 - mkk_comic - app.py:582 - INFO - 正在下载第 045/207 页...
2026-02-26 03:59:34 - mkk_comic - app.py:582 - INFO - 正在下载第 046/207 页...
2026-02-26 03:59:34 - mkk_comic - app.py:582 - INFO - 正在下载第 047/207 页...
2026-02-26 03:59:34 - mkk_comic - app.py:582 - INFO - 正在下载第 048/207 页...
2026-02-26 03:59:34 - mkk_comic - app.py:582 - INFO - 正在下载第 049/207 页...
2026-02-26 03:59:34 - mkk_comic - app.py:582 - INFO - 正在下载第 050/207 页...
2026-02-26 03:59:34 - mkk_comic - app.py:582 - INFO - 正在下载第 051/207 页...
2026-02-26 03:59:34 - mkk_comic - app.py:582 - INFO - 正在下载第 052/207 页...
2026-02-26 03:59:34 - mkk_comic - app.py:582 - INFO - 正在下载第 053/207 页...
2026-02-26 03:59:34 - mkk_comic - app.py:582 - INFO - 正在下载第 054/207 页...
2026-02-26 03:59:34 - mkk_comic - app.py:582 - INFO - 正在下载第 055/207 页...
2026-02-26 03:59:34 - mkk_comic - app.py:582 - INFO - 正在下载第 056/207 页...
2026-02-26 03:59:34 - mkk_comic - app.py:582 - INFO - 正在下载第 057/207 页...
2026-02-26 03:59:34 - mkk_comic - app.py:582 - INFO - 正在下载第 058/207 页...
2026-02-26 03:59:34 - mkk_comic - app.py:582 - INFO - 正在下载第 059/207 页...
2026-02-26 03:59:34 - mkk_comic - app.py:582 - INFO - 正在下载第 060/207 页...
2026-02-26 03:59:34 - mkk_comic - app.py:582 - INFO - 正在下载第 061/207 页...
2026-02-26 03:59:34 - mkk_comic - app.py:582 - INFO - 正在下载第 062/207 页...
2026-02-26 03:59:34 - mkk_comic - app.py:582 - INFO - 正在下载第 063/207 页...
2026-02-26 03:59:34 - mkk_comic - app.py:582 - INFO - 正在下载第 064/207 页...
2026-02-26 03:59:34 - mkk_comic - app.py:582 - INFO - 正在下载第 065/207 页...
2026-02-26 03:59:34 - mkk_comic - app.py:582 - INFO - 正在下载第 066/207 页...
2026-02-26 03:59:34 - mkk_comic - app.py:582 - INFO - 正在下载第 067/207 页...
2026-02-26 03:59:34 - mkk_comic - app.py:582 - INFO - 正在下载第 068/207 页...
2026-02-26 03:59:34 - mkk_comic - app.py:582 - INFO - 正在下载第 069/207 页...
2026-02-26 03:59:34 - mkk_comic - app.py:582 - INFO - 正在下载第 070/207 页...
2026-02-26 03:59:34 - mkk_comic - app.py:582 - INFO - 正在下载第 071/207 页...
2026-02-26 03:59:34 - mkk_comic - app.py:582 - INFO - 正在下载第 072/207 页...
2026-02-26 03:59:35 - mkk_comic - app.py:582 - INFO - 正在下载第 073/207 页...
2026-02-26 03:59:35 - mkk_comic - app.py:582 - INFO - 正在下载第 074/207 页...
2026-02-26 03:59:35 - mkk_comic - app.py:582 - INFO - 正在下载第 075/207 页...
2026-02-26 03:59:35 - mkk_comic - app.py:582 - INFO - 正在下载第 076/207 页...
2026-02-26 03:59:35 - mkk_comic - app.py:582 - INFO - 正在下载第 077/207 页...
2026-02-26 03:59:35 - mkk_comic - app.py:582 - INFO - 正在下载第 078/207 页...
2026-02-26 03:59:35 - mkk_comic - app.py:582 - INFO - 正在下载第 079/207 页...
2026-02-26 03:59:35 - mkk_comic - app.py:582 - INFO - 正在下载第 080/207 页...
2026-02-26 03:59:35 - mkk_comic - app.py:582 - INFO - 正在下载第 081/207 页...
2026-02-26 03:59:35 - mkk_comic - app.py:582 - INFO - 正在下载第 082/207 页...
2026-02-26 03:59:35 - mkk_comic - app.py:582 - INFO - 正在下载第 083/207 页...
2026-02-26 03:59:35 - mkk_comic - app.py:582 - INFO - 正在下载第 084/207 页...
2026-02-26 03:59:35 - mkk_comic - app.py:582 - INFO - 正在下载第 085/207 页...
2026-02-26 03:59:35 - mkk_comic - app.py:582 - INFO - 正在下载第 086/207 页...
2026-02-26 03:59:35 - mkk_comic - app.py:582 - INFO - 正在下载第 087/207 页...
2026-02-26 03:59:35 - mkk_comic - app.py:582 - INFO - 正在下载第 088/207 页...
2026-02-26 03:59:35 - mkk_comic - app.py:582 - INFO - 正在下载第 089/207 页...
2026-02-26 03:59:35 - mkk_comic - app.py:582 - INFO - 正在下载第 090/207 页...
2026-02-26 03:59:35 - mkk_comic - app.py:582 - INFO - 正在下载第 091/207 页...
2026-02-26 03:59:35 - mkk_comic - app.py:582 - INFO - 正在下载第 092/207 页...
2026-02-26 03:59:35 - mkk_comic - app.py:582 - INFO - 正在下载第 093/207 页...
2026-02-26 03:59:35 - mkk_comic - app.py:582 - INFO - 正在下载第 094/207 页...
2026-02-26 03:59:35 - mkk_comic - app.py:582 - INFO - 正在下载第 095/207 页...
2026-02-26 03:59:35 - mkk_comic - app.py:582 - INFO - 正在下载第 096/207 页...
2026-02-26 03:59:35 - mkk_comic - app.py:582 - INFO - 正在下载第 097/207 页...
2026-02-26 03:59:35 - mkk_comic - app.py:582 - INFO - 正在下载第 098/207 页...
2026-02-26 03:59:35 - mkk_comic - app.py:582 - INFO - 正在下载第 099/207 页...
2026-02-26 03:59:35 - mkk_comic - app.py:582 - INFO - 正在下载第 100/207 页...
2026-02-26 03:59:35 - mkk_comic - app.py:582 - INFO - 正在下载第 101/207 页...
2026-02-26 03:59:35 - mkk_comic - app.py:582 - INFO - 正在下载第 102/207 页...
2026-02-26 03:59:35 - mkk_comic - app.py:582 - INFO - 正在下载第 103/207 页...
2026-02-26 03:59:35 - mkk_comic - app.py:582 - INFO - 正在下载第 104/207 页...
2026-02-26 03:59:35 - mkk_comic - app.py:582 - INFO - 正在下载第 105/207 页...
2026-02-26 03:59:35 - mkk_comic - app.py:582 - INFO - 正在下载第 106/207 页...
2026-02-26 03:59:35 - mkk_comic - app.py:582 - INFO - 正在下载第 107/207 页...
2026-02-26 03:59:35 - mkk_comic - app.py:582 - INFO - 正在下载第 108/207 页...
2026-02-26 03:59:35 - mkk_comic - app.py:582 - INFO - 正在下载第 109/207 页...
2026-02-26 03:59:35 - mkk_comic - app.py:582 - INFO - 正在下载第 110/207 页...
2026-02-26 03:59:36 - mkk_comic - app.py:582 - INFO - 正在下载第 111/207 页...
2026-02-26 03:59:36 - mkk_comic - app.py:582 - INFO - 正在下载第 112/207 页...
2026-02-26 03:59:36 - mkk_comic - app.py:582 - INFO - 正在下载第 113/207 页...
2026-02-26 03:59:36 - mkk_comic - app.py:582 - INFO - 正在下载第 114/207 页...
2026-02-26 03:59:36 - mkk_comic - app.py:582 - INFO - 正在下载第 115/207 页...
2026-02-26 03:59:36 - mkk_comic - app.py:582 - INFO - 正在下载第 116/207 页...
2026-02-26 03:59:36 - mkk_comic - app.py:582 - INFO - 正在下载第 117/207 页...
2026-02-26 03:59:36 - mkk_comic - app.py:582 - INFO - 正在下载第 118/207 页...
2026-02-26 03:59:36 - mkk_comic - app.py:582 - INFO - 正在下载第 119/207 页...
2026-02-26 03:59:36 - mkk_comic - app.py:582 - INFO - 正在下载第 120/207 页...
2026-02-26 03:59:36 - mkk_comic - app.py:582 - INFO - 正在下载第 121/207 页...
2026-02-26 03:59:36 - mkk_comic - app.py:582 - INFO - 正在下载第 122/207 页...
2026-02-26 03:59:36 - mkk_comic - app.py:582 - INFO - 正在下载第 123/207 页...
2026-02-26 03:59:36 - mkk_comic - app.py:582 - INFO - 正在下载第 124/207 页...
2026-02-26 03:59:36 - mkk_comic - app.py:582 - INFO - 正在下载第 125/207 页...
2026-02-26 03:59:36 - mkk_comic - app.py:582 - INFO - 正在下载第 126/207 页...
2026-02-26 03:59:36 - mkk_comic - app.py:582 - INFO - 正在下载第 127/207 页...
2026-02-26 03:59:36 - mkk_comic - app.py:582 - INFO - 正在下载第 128/207 页...
2026-02-26 03:59:36 - mkk_comic - app.py:582 - INFO - 正在下载第 129/207 页...
2026-02-26 03:59:36 - mkk_comic - app.py:582 - INFO - 正在下载第 130/207 页...
2026-02-26 03:59:36 - mkk_comic - app.py:582 - INFO - 正在下载第 131/207 页...
2026-02-26 03:59:36 - mkk_comic - app.py:582 - INFO - 正在下载第 132/207 页...
2026-02-26 03:59:36 - mkk_comic - app.py:582 - INFO - 正在下载第 133/207 页...
2026-02-26 03:59:36 - mkk_comic - app.py:582 - INFO - 正在下载第 134/207 页...
2026-02-26 03:59:36 - mkk_comic - app.py:582 - INFO - 正在下载第 135/207 页...
2026-02-26 03:59:36 - mkk_comic - app.py:582 - INFO - 正在下载第 136/207 页...
2026-02-26 03:59:36 - mkk_comic - app.py:582 - INFO - 正在下载第 137/207 页...
2026-02-26 03:59:36 - mkk_comic - app.py:582 - INFO - 正在下载第 138/207 页...
2026-02-26 03:59:36 - mkk_comic - app.py:582 - INFO - 正在下载第 139/207 页...
2026-02-26 03:59:36 - mkk_comic - app.py:582 - INFO - 正在下载第 140/207 页...
2026-02-26 03:59:36 - mkk_comic - app.py:582 - INFO - 正在下载第 141/207 页...
2026-02-26 03:59:36 - mkk_comic - app.py:582 - INFO - 正在下载第 142/207 页...
2026-02-26 03:59:36 - mkk_comic - app.py:582 - INFO - 正在下载第 143/207 页...
2026-02-26 03:59:36 - mkk_comic - app.py:582 - INFO - 正在下载第 144/207 页...
2026-02-26 03:59:36 - mkk_comic - app.py:582 - INFO - 正在下载第 145/207 页...
2026-02-26 03:59:36 - mkk_comic - app.py:582 - INFO - 正在下载第 146/207 页...
2026-02-26 03:59:37 - mkk_comic - app.py:582 - INFO - 正在下载第 147/207 页...
2026-02-26 03:59:37 - mkk_comic - app.py:582 - INFO - 正在下载第 148/207 页...
2026-02-26 03:59:37 - mkk_comic - app.py:582 - INFO - 正在下载第 149/207 页...
2026-02-26 03:59:37 - mkk_comic - app.py:582 - INFO - 正在下载第 150/207 页...
2026-02-26 03:59:37 - mkk_comic - app.py:582 - INFO - 正在下载第 151/207 页...
2026-02-26 03:59:37 - mkk_comic - app.py:582 - INFO - 正在下载第 152/207 页...
2026-02-26 03:59:37 - mkk_comic - app.py:582 - INFO - 正在下载第 153/207 页...
2026-02-26 03:59:37 - mkk_comic - app.py:582 - INFO - 正在下载第 154/207 页...
2026-02-26 03:59:37 - mkk_comic - app.py:582 - INFO - 正在下载第 155/207 页...
2026-02-26 03:59:37 - mkk_comic - app.py:582 - INFO - 正在下载第 156/207 页...
2026-02-26 03:59:37 - mkk_comic - app.py:582 - INFO - 正在下载第 157/207 页...
2026-02-26 03:59:37 - mkk_comic - app.py:582 - INFO - 正在下载第 158/207 页...
2026-02-26 03:59:37 - mkk_comic - app.py:582 - INFO - 正在下载第 159/207 页...
2026-02-26 03:59:37 - mkk_comic - app.py:582 - INFO - 正在下载第 160/207 页...
2026-02-26 03:59:37 - mkk_comic - app.py:582 - INFO - 正在下载第 161/207 页...
2026-02-26 03:59:37 - mkk_comic - app.py:582 - INFO - 正在下载第 162/207 页...
2026-02-26 03:59:37 - mkk_comic - app.py:582 - INFO - 正在下载第 163/207 页...
2026-02-26 03:59:37 - mkk_comic - app.py:582 - INFO - 正在下载第 164/207 页...
2026-02-26 03:59:37 - mkk_comic - app.py:582 - INFO - 正在下载第 165/207 页...
2026-02-26 03:59:37 - mkk_comic - app.py:582 - INFO - 正在下载第 166/207 页...
2026-02-26 03:59:37 - mkk_comic - app.py:582 - INFO - 正在下载第 167/207 页...
2026-02-26 03:59:37 - mkk_comic - app.py:582 - INFO - 正在下载第 168/207 页...
2026-02-26 03:59:37 - mkk_comic - app.py:582 - INFO - 正在下载第 169/207 页...
2026-02-26 03:59:37 - mkk_comic - app.py:582 - INFO - 正在下载第 170/207 页...
2026-02-26 03:59:37 - mkk_comic - app.py:582 - INFO - 正在下载第 171/207 页...
2026-02-26 03:59:37 - mkk_comic - app.py:582 - INFO - 正在下载第 172/207 页...
2026-02-26 03:59:37 - mkk_comic - app.py:582 - INFO - 正在下载第 173/207 页...
2026-02-26 03:59:37 - mkk_comic - app.py:582 - INFO - 正在下载第 174/207 页...
2026-02-26 03:59:37 - mkk_comic - app.py:582 - INFO - 正在下载第 175/207 页...
2026-02-26 03:59:37 - mkk_comic - app.py:582 - INFO - 正在下载第 176/207 页...
2026-02-26 03:59:37 - mkk_comic - app.py:582 - INFO - 正在下载第 177/207 页...
2026-02-26 03:59:37 - mkk_comic - app.py:582 - INFO - 正在下载第 178/207 页...
2026-02-26 03:59:37 - mkk_comic - app.py:582 - INFO - 正在下载第 179/207 页...
2026-02-26 03:59:37 - mkk_comic - app.py:582 - INFO - 正在下载第 180/207 页...
2026-02-26 03:59:38 - mkk_comic - app.py:582 - INFO - 正在下载第 181/207 页...
2026-02-26 03:59:38 - mkk_comic - app.py:582 - INFO - 正在下载第 182/207 页...
2026-02-26 03:59:38 - mkk_comic - app.py:582 - INFO - 正在下载第 183/207 页...
2026-02-26 03:59:38 - mkk_comic - app.py:582 - INFO - 正在下载第 184/207 页...
2026-02-26 03:59:38 - mkk_comic - app.py:582 - INFO - 正在下载第 185/207 页...
2026-02-26 03:59:38 - mkk_comic - app.py:582 - INFO - 正在下载第 186/207 页...
2026-02-26 03:59:38 - mkk_comic - app.py:582 - INFO - 正在下载第 187/207 页...
2026-02-26 03:59:38 - mkk_comic - app.py:582 - INFO - 正在下载第 188/207 页...
2026-02-26 03:59:38 - mkk_comic - app.py:582 - INFO - 正在下载第 189/207 页...
2026-02-26 03:59:38 - mkk_comic - app.py:582 - INFO - 正在下载第 190/207 页...
2026-02-26 03:59:38 - mkk_comic - app.py:582 - INFO - 正在下载第 191/207 页...
2026-02-26 03:59:38 - mkk_comic - app.py:582 - INFO - 正在下载第 192/207 页...
2026-02-26 03:59:38 - mkk_comic - app.py:582 - INFO - 正在下载第 193/207 页...
2026-02-26 03:59:38 - mkk_comic - app.py:582 - INFO - 正在下载第 194/207 页...
2026-02-26 03:59:38 - mkk_comic - app.py:582 - INFO - 正在下载第 195/207 页...
2026-02-26 03:59:38 - mkk_comic - app.py:582 - INFO - 正在下载第 196/207 页...
2026-02-26 03:59:38 - mkk_comic - app.py:582 - INFO - 正在下载第 197/207 页...
2026-02-26 03:59:38 - mkk_comic - app.py:582 - INFO - 正在下载第 198/207 页...
2026-02-26 03:59:38 - mkk_comic - app.py:582 - INFO - 正在下载第 199/207 页...
2026-02-26 03:59:38 - mkk_comic - app.py:582 - INFO - 正在下载第 200/207 页...
2026-02-26 03:59:38 - mkk_comic - app.py:582 - INFO - 正在下载第 201/207 页...
2026-02-26 03:59:38 - mkk_comic - app.py:582 - INFO - 正在下载第 202/207 页...
2026-02-26 03:59:38 - mkk_comic - app.py:582 - INFO - 正在下载第 203/207 页...
2026-02-26 03:59:38 - mkk_comic - app.py:582 - INFO - 正在下载第 204/207 页...
2026-02-26 03:59:38 - mkk_comic - app.py:582 - INFO - 正在下载第 205/207 页...
2026-02-26 03:59:38 - mkk_comic - app.py:582 - INFO - 正在下载第 206/207 页...
2026-02-26 03:59:38 - mkk_comic - app.py:582 - INFO - 正在下载第 207/207 页...
2026-02-26 03:59:38 - mkk_comic - app.py:511 - INFO - 下载完成!
2026-02-26 03:59:38 - mkk_comic - app.py:512 - INFO - 成功下载: 207/207 页
2026-02-26 03:59:39 - mkk_comic - app.py:494 - INFO - 正在下载第84章: 84卷    UUID:89555425-c7d9-11e8-882e-024352452ce0
2026-02-26 03:59:40 - mkk_comic - app.py:502 - INFO - 创建目录: ./out/海贼王/84卷
2026-02-26 03:59:40 - mkk_comic - app.py:505 - INFO - 开始下载: 海贼王 - 84卷
2026-02-26 03:59:40 - mkk_comic - app.py:506 - INFO - 总页数: 188
2026-02-26 03:59:40 - mkk_comic - app.py:582 - INFO - 正在下载第 001/188 页...
2026-02-26 03:59:40 - mkk_comic - app.py:582 - INFO - 正在下载第 002/188 页...
2026-02-26 03:59:40 - mkk_comic - app.py:582 - INFO - 正在下载第 003/188 页...
2026-02-26 03:59:40 - mkk_comic - app.py:582 - INFO - 正在下载第 004/188 页...
2026-02-26 03:59:40 - mkk_comic - app.py:582 - INFO - 正在下载第 005/188 页...
2026-02-26 03:59:40 - mkk_comic - app.py:582 - INFO - 正在下载第 006/188 页...
2026-02-26 03:59:40 - mkk_comic - app.py:582 - INFO - 正在下载第 007/188 页...
2026-02-26 03:59:40 - mkk_comic - app.py:582 - INFO - 正在下载第 008/188 页...
2026-02-26 03:59:40 - mkk_comic - app.py:582 - INFO - 正在下载第 009/188 页...
2026-02-26 03:59:40 - mkk_comic - app.py:582 - INFO - 正在下载第 010/188 页...
2026-02-26 03:59:40 - mkk_comic - app.py:582 - INFO - 正在下载第 011/188 页...
2026-02-26 03:59:40 - mkk_comic - app.py:582 - INFO - 正在下载第 012/188 页...
2026-02-26 03:59:40 - mkk_comic - app.py:582 - INFO - 正在下载第 013/188 页...
2026-02-26 03:59:40 - mkk_comic - app.py:582 - INFO - 正在下载第 014/188 页...
2026-02-26 03:59:40 - mkk_comic - app.py:582 - INFO - 正在下载第 015/188 页...
2026-02-26 03:59:40 - mkk_comic - app.py:582 - INFO - 正在下载第 016/188 页...
2026-02-26 03:59:40 - mkk_comic - app.py:582 - INFO - 正在下载第 017/188 页...
2026-02-26 03:59:40 - mkk_comic - app.py:582 - INFO - 正在下载第 018/188 页...
2026-02-26 03:59:40 - mkk_comic - app.py:582 - INFO - 正在下载第 019/188 页...
2026-02-26 03:59:40 - mkk_comic - app.py:582 - INFO - 正在下载第 020/188 页...
2026-02-26 03:59:41 - mkk_comic - app.py:582 - INFO - 正在下载第 021/188 页...
2026-02-26 03:59:41 - mkk_comic - app.py:582 - INFO - 正在下载第 022/188 页...
2026-02-26 03:59:41 - mkk_comic - app.py:582 - INFO - 正在下载第 023/188 页...
2026-02-26 03:59:41 - mkk_comic - app.py:582 - INFO - 正在下载第 024/188 页...
2026-02-26 03:59:41 - mkk_comic - app.py:582 - INFO - 正在下载第 025/188 页...
2026-02-26 03:59:41 - mkk_comic - app.py:582 - INFO - 正在下载第 026/188 页...
2026-02-26 03:59:41 - mkk_comic - app.py:582 - INFO - 正在下载第 027/188 页...
2026-02-26 03:59:41 - mkk_comic - app.py:582 - INFO - 正在下载第 028/188 页...
2026-02-26 03:59:41 - mkk_comic - app.py:582 - INFO - 正在下载第 029/188 页...
2026-02-26 03:59:41 - mkk_comic - app.py:582 - INFO - 正在下载第 030/188 页...
2026-02-26 03:59:41 - mkk_comic - app.py:582 - INFO - 正在下载第 031/188 页...
2026-02-26 03:59:41 - mkk_comic - app.py:582 - INFO - 正在下载第 032/188 页...
2026-02-26 03:59:41 - mkk_comic - app.py:582 - INFO - 正在下载第 033/188 页...
2026-02-26 03:59:41 - mkk_comic - app.py:582 - INFO - 正在下载第 034/188 页...
2026-02-26 03:59:41 - mkk_comic - app.py:582 - INFO - 正在下载第 035/188 页...
2026-02-26 03:59:41 - mkk_comic - app.py:582 - INFO - 正在下载第 036/188 页...
2026-02-26 03:59:41 - mkk_comic - app.py:582 - INFO - 正在下载第 037/188 页...
2026-02-26 03:59:41 - mkk_comic - app.py:582 - INFO - 正在下载第 038/188 页...
2026-02-26 03:59:41 - mkk_comic - app.py:582 - INFO - 正在下载第 039/188 页...
2026-02-26 03:59:41 - mkk_comic - app.py:582 - INFO - 正在下载第 040/188 页...
2026-02-26 03:59:41 - mkk_comic - app.py:582 - INFO - 正在下载第 041/188 页...
2026-02-26 03:59:41 - mkk_comic - app.py:582 - INFO - 正在下载第 042/188 页...
2026-02-26 03:59:41 - mkk_comic - app.py:582 - INFO - 正在下载第 043/188 页...
2026-02-26 03:59:41 - mkk_comic - app.py:582 - INFO - 正在下载第 044/188 页...
2026-02-26 03:59:41 - mkk_comic - app.py:582 - INFO - 正在下载第 045/188 页...
2026-02-26 03:59:41 - mkk_comic - app.py:582 - INFO - 正在下载第 046/188 页...
2026-02-26 03:59:41 - mkk_comic - app.py:582 - INFO - 正在下载第 047/188 页...
2026-02-26 03:59:41 - mkk_comic - app.py:582 - INFO - 正在下载第 048/188 页...
2026-02-26 03:59:41 - mkk_comic - app.py:582 - INFO - 正在下载第 049/188 页...
2026-02-26 03:59:41 - mkk_comic - app.py:582 - INFO - 正在下载第 050/188 页...
2026-02-26 03:59:41 - mkk_comic - app.py:582 - INFO - 正在下载第 051/188 页...
2026-02-26 03:59:41 - mkk_comic - app.py:582 - INFO - 正在下载第 052/188 页...
2026-02-26 03:59:41 - mkk_comic - app.py:582 - INFO - 正在下载第 053/188 页...
2026-02-26 03:59:41 - mkk_comic - app.py:582 - INFO - 正在下载第 054/188 页...
2026-02-26 03:59:41 - mkk_comic - app.py:582 - INFO - 正在下载第 055/188 页...
2026-02-26 03:59:41 - mkk_comic - app.py:582 - INFO - 正在下载第 056/188 页...
2026-02-26 03:59:41 - mkk_comic - app.py:582 - INFO - 正在下载第 057/188 页...
2026-02-26 03:59:41 - mkk_comic - app.py:582 - INFO - 正在下载第 058/188 页...
2026-02-26 03:59:41 - mkk_comic - app.py:582 - INFO - 正在下载第 059/188 页...
2026-02-26 03:59:41 - mkk_comic - app.py:582 - INFO - 正在下载第 060/188 页...
2026-02-26 03:59:42 - mkk_comic - app.py:582 - INFO - 正在下载第 061/188 页...
2026-02-26 03:59:42 - mkk_comic - app.py:582 - INFO - 正在下载第 062/188 页...
2026-02-26 03:59:42 - mkk_comic - app.py:582 - INFO - 正在下载第 063/188 页...
2026-02-26 03:59:42 - mkk_comic - app.py:582 - INFO - 正在下载第 064/188 页...
2026-02-26 03:59:42 - mkk_comic - app.py:582 - INFO - 正在下载第 065/188 页...
2026-02-26 03:59:42 - mkk_comic - app.py:582 - INFO - 正在下载第 066/188 页...
2026-02-26 03:59:42 - mkk_comic - app.py:582 - INFO - 正在下载第 067/188 页...
2026-02-26 03:59:42 - mkk_comic - app.py:582 - INFO - 正在下载第 068/188 页...
2026-02-26 03:59:42 - mkk_comic - app.py:582 - INFO - 正在下载第 069/188 页...
2026-02-26 03:59:42 - mkk_comic - app.py:582 - INFO - 正在下载第 070/188 页...
2026-02-26 03:59:42 - mkk_comic - app.py:582 - INFO - 正在下载第 071/188 页...
2026-02-26 03:59:42 - mkk_comic - app.py:582 - INFO - 正在下载第 072/188 页...
2026-02-26 03:59:42 - mkk_comic - app.py:582 - INFO - 正在下载第 073/188 页...
2026-02-26 03:59:42 - mkk_comic - app.py:582 - INFO - 正在下载第 074/188 页...
2026-02-26 03:59:42 - mkk_comic - app.py:582 - INFO - 正在下载第 075/188 页...
2026-02-26 03:59:42 - mkk_comic - app.py:582 - INFO - 正在下载第 076/188 页...
2026-02-26 03:59:42 - mkk_comic - app.py:582 - INFO - 正在下载第 077/188 页...
2026-02-26 03:59:42 - mkk_comic - app.py:582 - INFO - 正在下载第 078/188 页...
2026-02-26 03:59:42 - mkk_comic - app.py:582 - INFO - 正在下载第 079/188 页...
2026-02-26 03:59:42 - mkk_comic - app.py:582 - INFO - 正在下载第 080/188 页...
2026-02-26 03:59:42 - mkk_comic - app.py:582 - INFO - 正在下载第 081/188 页...
2026-02-26 03:59:42 - mkk_comic - app.py:582 - INFO - 正在下载第 082/188 页...
2026-02-26 03:59:42 - mkk_comic - app.py:582 - INFO - 正在下载第 083/188 页...
2026-02-26 03:59:42 - mkk_comic - app.py:582 - INFO - 正在下载第 084/188 页...
2026-02-26 03:59:42 - mkk_comic - app.py:582 - INFO - 正在下载第 085/188 页...
2026-02-26 03:59:42 - mkk_comic - app.py:582 - INFO - 正在下载第 086/188 页...
2026-02-26 03:59:42 - mkk_comic - app.py:582 - INFO - 正在下载第 087/188 页...
2026-02-26 03:59:42 - mkk_comic - app.py:582 - INFO - 正在下载第 088/188 页...
2026-02-26 03:59:42 - mkk_comic - app.py:582 - INFO - 正在下载第 089/188 页...
2026-02-26 03:59:42 - mkk_comic - app.py:582 - INFO - 正在下载第 090/188 页...
2026-02-26 03:59:42 - mkk_comic - app.py:582 - INFO - 正在下载第 091/188 页...
2026-02-26 03:59:42 - mkk_comic - app.py:582 - INFO - 正在下载第 092/188 页...
2026-02-26 03:59:42 - mkk_comic - app.py:582 - INFO - 正在下载第 093/188 页...
2026-02-26 03:59:42 - mkk_comic - app.py:582 - INFO - 正在下载第 094/188 页...
2026-02-26 03:59:42 - mkk_comic - app.py:582 - INFO - 正在下载第 095/188 页...
2026-02-26 03:59:42 - mkk_comic - app.py:582 - INFO - 正在下载第 096/188 页...
2026-02-26 03:59:42 - mkk_comic - app.py:582 - INFO - 正在下载第 097/188 页...
2026-02-26 03:59:42 - mkk_comic - app.py:582 - INFO - 正在下载第 098/188 页...
2026-02-26 03:59:42 - mkk_comic - app.py:582 - INFO - 正在下载第 099/188 页...
2026-02-26 03:59:42 - mkk_comic - app.py:582 - INFO - 正在下载第 100/188 页...
2026-02-26 03:59:43 - mkk_comic - app.py:582 - INFO - 正在下载第 101/188 页...
2026-02-26 03:59:43 - mkk_comic - app.py:582 - INFO - 正在下载第 102/188 页...
2026-02-26 03:59:43 - mkk_comic - app.py:582 - INFO - 正在下载第 103/188 页...
2026-02-26 03:59:43 - mkk_comic - app.py:582 - INFO - 正在下载第 104/188 页...
2026-02-26 03:59:43 - mkk_comic - app.py:582 - INFO - 正在下载第 105/188 页...
2026-02-26 03:59:43 - mkk_comic - app.py:582 - INFO - 正在下载第 106/188 页...
2026-02-26 03:59:43 - mkk_comic - app.py:582 - INFO - 正在下载第 107/188 页...
2026-02-26 03:59:43 - mkk_comic - app.py:582 - INFO - 正在下载第 108/188 页...
2026-02-26 03:59:43 - mkk_comic - app.py:582 - INFO - 正在下载第 109/188 页...
2026-02-26 03:59:43 - mkk_comic - app.py:582 - INFO - 正在下载第 110/188 页...
2026-02-26 03:59:43 - mkk_comic - app.py:582 - INFO - 正在下载第 111/188 页...
2026-02-26 03:59:43 - mkk_comic - app.py:582 - INFO - 正在下载第 112/188 页...
2026-02-26 03:59:43 - mkk_comic - app.py:582 - INFO - 正在下载第 113/188 页...
2026-02-26 03:59:43 - mkk_comic - app.py:582 - INFO - 正在下载第 114/188 页...
2026-02-26 03:59:43 - mkk_comic - app.py:582 - INFO - 正在下载第 115/188 页...
2026-02-26 03:59:43 - mkk_comic - app.py:582 - INFO - 正在下载第 116/188 页...
2026-02-26 03:59:43 - mkk_comic - app.py:582 - INFO - 正在下载第 117/188 页...
2026-02-26 03:59:43 - mkk_comic - app.py:582 - INFO - 正在下载第 118/188 页...
2026-02-26 03:59:43 - mkk_comic - app.py:582 - INFO - 正在下载第 119/188 页...
2026-02-26 03:59:43 - mkk_comic - app.py:582 - INFO - 正在下载第 120/188 页...
2026-02-26 03:59:43 - mkk_comic - app.py:582 - INFO - 正在下载第 121/188 页...
2026-02-26 03:59:43 - mkk_comic - app.py:582 - INFO - 正在下载第 122/188 页...
2026-02-26 03:59:43 - mkk_comic - app.py:582 - INFO - 正在下载第 123/188 页...
2026-02-26 03:59:43 - mkk_comic - app.py:582 - INFO - 正在下载第 124/188 页...
2026-02-26 03:59:43 - mkk_comic - app.py:582 - INFO - 正在下载第 125/188 页...
2026-02-26 03:59:43 - mkk_comic - app.py:582 - INFO - 正在下载第 126/188 页...
2026-02-26 03:59:43 - mkk_comic - app.py:582 - INFO - 正在下载第 127/188 页...
2026-02-26 03:59:43 - mkk_comic - app.py:582 - INFO - 正在下载第 128/188 页...
2026-02-26 03:59:43 - mkk_comic - app.py:582 - INFO - 正在下载第 129/188 页...
2026-02-26 03:59:43 - mkk_comic - app.py:582 - INFO - 正在下载第 130/188 页...
2026-02-26 03:59:43 - mkk_comic - app.py:582 - INFO - 正在下载第 131/188 页...
2026-02-26 03:59:43 - mkk_comic - app.py:582 - INFO - 正在下载第 132/188 页...
2026-02-26 03:59:43 - mkk_comic - app.py:582 - INFO - 正在下载第 133/188 页...
2026-02-26 03:59:43 - mkk_comic - app.py:582 - INFO - 正在下载第 134/188 页...
2026-02-26 03:59:43 - mkk_comic - app.py:582 - INFO - 正在下载第 135/188 页...
2026-02-26 03:59:43 - mkk_comic - app.py:582 - INFO - 正在下载第 136/188 页...
2026-02-26 03:59:43 - mkk_comic - app.py:582 - INFO - 正在下载第 137/188 页...
2026-02-26 03:59:43 - mkk_comic - app.py:582 - INFO - 正在下载第 138/188 页...
2026-02-26 03:59:43 - mkk_comic - app.py:582 - INFO - 正在下载第 139/188 页...
2026-02-26 03:59:44 - mkk_comic - app.py:582 - INFO - 正在下载第 140/188 页...
2026-02-26 03:59:44 - mkk_comic - app.py:582 - INFO - 正在下载第 141/188 页...
2026-02-26 03:59:44 - mkk_comic - app.py:582 - INFO - 正在下载第 142/188 页...
2026-02-26 03:59:44 - mkk_comic - app.py:582 - INFO - 正在下载第 143/188 页...
2026-02-26 03:59:44 - mkk_comic - app.py:582 - INFO - 正在下载第 144/188 页...
2026-02-26 03:59:44 - mkk_comic - app.py:582 - INFO - 正在下载第 145/188 页...
2026-02-26 03:59:44 - mkk_comic - app.py:582 - INFO - 正在下载第 146/188 页...
2026-02-26 03:59:44 - mkk_comic - app.py:582 - INFO - 正在下载第 147/188 页...
2026-02-26 03:59:44 - mkk_comic - app.py:582 - INFO - 正在下载第 148/188 页...
2026-02-26 03:59:44 - mkk_comic - app.py:582 - INFO - 正在下载第 149/188 页...
2026-02-26 03:59:44 - mkk_comic - app.py:582 - INFO - 正在下载第 150/188 页...
2026-02-26 03:59:44 - mkk_comic - app.py:582 - INFO - 正在下载第 151/188 页...
2026-02-26 03:59:44 - mkk_comic - app.py:582 - INFO - 正在下载第 152/188 页...
2026-02-26 03:59:44 - mkk_comic - app.py:582 - INFO - 正在下载第 153/188 页...
2026-02-26 03:59:44 - mkk_comic - app.py:582 - INFO - 正在下载第 154/188 页...
2026-02-26 03:59:44 - mkk_comic - app.py:582 - INFO - 正在下载第 155/188 页...
2026-02-26 03:59:44 - mkk_comic - app.py:582 - INFO - 正在下载第 156/188 页...
2026-02-26 03:59:44 - mkk_comic - app.py:582 - INFO - 正在下载第 157/188 页...
2026-02-26 03:59:44 - mkk_comic - app.py:582 - INFO - 正在下载第 158/188 页...
2026-02-26 03:59:44 - mkk_comic - app.py:582 - INFO - 正在下载第 159/188 页...
2026-02-26 03:59:44 - mkk_comic - app.py:582 - INFO - 正在下载第 160/188 页...
2026-02-26 03:59:44 - mkk_comic - app.py:582 - INFO - 正在下载第 161/188 页...
2026-02-26 03:59:44 - mkk_comic - app.py:582 - INFO - 正在下载第 162/188 页...
2026-02-26 03:59:44 - mkk_comic - app.py:582 - INFO - 正在下载第 163/188 页...
2026-02-26 03:59:44 - mkk_comic - app.py:582 - INFO - 正在下载第 164/188 页...
2026-02-26 03:59:44 - mkk_comic - app.py:582 - INFO - 正在下载第 165/188 页...
2026-02-26 03:59:44 - mkk_comic - app.py:582 - INFO - 正在下载第 166/188 页...
2026-02-26 03:59:45 - mkk_comic - app.py:582 - INFO - 正在下载第 167/188 页...
2026-02-26 03:59:45 - mkk_comic - app.py:582 - INFO - 正在下载第 168/188 页...
2026-02-26 03:59:45 - mkk_comic - app.py:582 - INFO - 正在下载第 169/188 页...
2026-02-26 03:59:45 - mkk_comic - app.py:582 - INFO - 正在下载第 170/188 页...
2026-02-26 03:59:45 - mkk_comic - app.py:582 - INFO - 正在下载第 171/188 页...
2026-02-26 03:59:45 - mkk_comic - app.py:582 - INFO - 正在下载第 172/188 页...
2026-02-26 03:59:45 - mkk_comic - app.py:582 - INFO - 正在下载第 173/188 页...
2026-02-26 03:59:45 - mkk_comic - app.py:582 - INFO - 正在下载第 174/188 页...
2026-02-26 03:59:45 - mkk_comic - app.py:582 - INFO - 正在下载第 175/188 页...
2026-02-26 03:59:45 - mkk_comic - app.py:582 - INFO - 正在下载第 176/188 页...
2026-02-26 03:59:45 - mkk_comic - app.py:582 - INFO - 正在下载第 177/188 页...
2026-02-26 03:59:45 - mkk_comic - app.py:582 - INFO - 正在下载第 178/188 页...
2026-02-26 03:59:45 - mkk_comic - app.py:582 - INFO - 正在下载第 179/188 页...
2026-02-26 03:59:45 - mkk_comic - app.py:582 - INFO - 正在下载第 180/188 页...
2026-02-26 03:59:45 - mkk_comic - app.py:582 - INFO - 正在下载第 181/188 页...
2026-02-26 03:59:45 - mkk_comic - app.py:582 - INFO - 正在下载第 182/188 页...
2026-02-26 03:59:45 - mkk_comic - app.py:582 - INFO - 正在下载第 183/188 页...
2026-02-26 03:59:45 - mkk_comic - app.py:582 - INFO - 正在下载第 184/188 页...
2026-02-26 03:59:45 - mkk_comic - app.py:582 - INFO - 正在下载第 185/188 页...
2026-02-26 03:59:45 - mkk_comic - app.py:582 - INFO - 正在下载第 186/188 页...
2026-02-26 03:59:45 - mkk_comic - app.py:582 - INFO - 正在下载第 187/188 页...
2026-02-26 03:59:45 - mkk_comic - app.py:582 - INFO - 正在下载第 188/188 页...
2026-02-26 03:59:45 - mkk_comic - app.py:511 - INFO - 下载完成!
2026-02-26 03:59:45 - mkk_comic - app.py:512 - INFO - 成功下载: 188/188 页
2026-02-26 03:59:45 - mkk_comic - app.py:838 - INFO - 【电锯人】上次下载至第79章
2026-02-26 03:59:46 - mkk_comic - app.py:845 - INFO - 【电锯人】检测到更新！最新：255章
2026-02-26 03:59:46 - mkk_comic - app.py:848 - INFO - 【电锯人】最大下载限制为5章-需下载80~84章）
2026-02-26 03:59:47 - mkk_comic - app.py:494 - INFO - 正在下载第80章: 第72话    UUID:5ddabdea-a92f-11ea-bb3d-00163e0ca5bd
2026-02-26 03:59:48 - mkk_comic - app.py:502 - INFO - 创建目录: ./out/電鋸人/第72话
2026-02-26 03:59:48 - mkk_comic - app.py:505 - INFO - 开始下载: 電鋸人 - 第72话
2026-02-26 03:59:48 - mkk_comic - app.py:506 - INFO - 总页数: 20
2026-02-26 03:59:48 - mkk_comic - app.py:582 - INFO - 正在下载第 001/020 页...
2026-02-26 03:59:48 - mkk_comic - app.py:582 - INFO - 正在下载第 002/020 页...
2026-02-26 03:59:48 - mkk_comic - app.py:582 - INFO - 正在下载第 003/020 页...
2026-02-26 03:59:48 - mkk_comic - app.py:582 - INFO - 正在下载第 004/020 页...
2026-02-26 03:59:48 - mkk_comic - app.py:582 - INFO - 正在下载第 005/020 页...
2026-02-26 03:59:48 - mkk_comic - app.py:582 - INFO - 正在下载第 006/020 页...
2026-02-26 03:59:48 - mkk_comic - app.py:582 - INFO - 正在下载第 007/020 页...
2026-02-26 03:59:48 - mkk_comic - app.py:582 - INFO - 正在下载第 008/020 页...
2026-02-26 03:59:48 - mkk_comic - app.py:582 - INFO - 正在下载第 009/020 页...
2026-02-26 03:59:48 - mkk_comic - app.py:582 - INFO - 正在下载第 010/020 页...
2026-02-26 03:59:48 - mkk_comic - app.py:582 - INFO - 正在下载第 011/020 页...
2026-02-26 03:59:48 - mkk_comic - app.py:582 - INFO - 正在下载第 012/020 页...
2026-02-26 03:59:48 - mkk_comic - app.py:582 - INFO - 正在下载第 013/020 页...
2026-02-26 03:59:48 - mkk_comic - app.py:582 - INFO - 正在下载第 014/020 页...
2026-02-26 03:59:48 - mkk_comic - app.py:582 - INFO - 正在下载第 015/020 页...
2026-02-26 03:59:48 - mkk_comic - app.py:582 - INFO - 正在下载第 016/020 页...
2026-02-26 03:59:48 - mkk_comic - app.py:582 - INFO - 正在下载第 017/020 页...
2026-02-26 03:59:48 - mkk_comic - app.py:582 - INFO - 正在下载第 018/020 页...
2026-02-26 03:59:48 - mkk_comic - app.py:582 - INFO - 正在下载第 019/020 页...
2026-02-26 03:59:48 - mkk_comic - app.py:582 - INFO - 正在下载第 020/020 页...
2026-02-26 03:59:49 - mkk_comic - app.py:511 - INFO - 下载完成!
2026-02-26 03:59:49 - mkk_comic - app.py:512 - INFO - 成功下载: 20/20 页
2026-02-26 03:59:49 - mkk_comic - app.py:494 - INFO - 正在下载第81章: 07卷附录    UUID:b70d1e7a-a9a8-11ea-83ce-00163e0ca5bd
2026-02-26 03:59:50 - mkk_comic - app.py:502 - INFO - 创建目录: ./out/電鋸人/07卷附录
2026-02-26 03:59:50 - mkk_comic - app.py:505 - INFO - 开始下载: 電鋸人 - 07卷附录
2026-02-26 03:59:50 - mkk_comic - app.py:506 - INFO - 总页数: 18
2026-02-26 03:59:50 - mkk_comic - app.py:582 - INFO - 正在下载第 001/018 页...
2026-02-26 03:59:50 - mkk_comic - app.py:582 - INFO - 正在下载第 002/018 页...
2026-02-26 03:59:50 - mkk_comic - app.py:582 - INFO - 正在下载第 003/018 页...
2026-02-26 03:59:50 - mkk_comic - app.py:582 - INFO - 正在下载第 004/018 页...
2026-02-26 03:59:50 - mkk_comic - app.py:582 - INFO - 正在下载第 005/018 页...
2026-02-26 03:59:50 - mkk_comic - app.py:582 - INFO - 正在下载第 006/018 页...
2026-02-26 03:59:50 - mkk_comic - app.py:582 - INFO - 正在下载第 007/018 页...
2026-02-26 03:59:50 - mkk_comic - app.py:582 - INFO - 正在下载第 008/018 页...
2026-02-26 03:59:50 - mkk_comic - app.py:582 - INFO - 正在下载第 009/018 页...
2026-02-26 03:59:50 - mkk_comic - app.py:582 - INFO - 正在下载第 010/018 页...
2026-02-26 03:59:50 - mkk_comic - app.py:582 - INFO - 正在下载第 011/018 页...
2026-02-26 03:59:50 - mkk_comic - app.py:582 - INFO - 正在下载第 012/018 页...
2026-02-26 03:59:50 - mkk_comic - app.py:582 - INFO - 正在下载第 013/018 页...
2026-02-26 03:59:50 - mkk_comic - app.py:582 - INFO - 正在下载第 014/018 页...
2026-02-26 03:59:50 - mkk_comic - app.py:582 - INFO - 正在下载第 015/018 页...
2026-02-26 03:59:50 - mkk_comic - app.py:582 - INFO - 正在下载第 016/018 页...
2026-02-26 03:59:50 - mkk_comic - app.py:582 - INFO - 正在下载第 017/018 页...
2026-02-26 03:59:50 - mkk_comic - app.py:582 - INFO - 正在下载第 018/018 页...
2026-02-26 03:59:51 - mkk_comic - app.py:511 - INFO - 下载完成!
2026-02-26 03:59:51 - mkk_comic - app.py:512 - INFO - 成功下载: 18/18 页
2026-02-26 03:59:51 - mkk_comic - app.py:494 - INFO - 正在下载第82章: 第73话    UUID:7cf7bdd0-aee4-11ea-b624-00163e0ca5bd
2026-02-26 03:59:52 - mkk_comic - app.py:502 - INFO - 创建目录: ./out/電鋸人/第73话
2026-02-26 03:59:52 - mkk_comic - app.py:505 - INFO - 开始下载: 電鋸人 - 第73话
2026-02-26 03:59:52 - mkk_comic - app.py:506 - INFO - 总页数: 23
2026-02-26 03:59:52 - mkk_comic - app.py:582 - INFO - 正在下载第 001/023 页...
2026-02-26 03:59:52 - mkk_comic - app.py:582 - INFO - 正在下载第 002/023 页...
2026-02-26 03:59:52 - mkk_comic - app.py:582 - INFO - 正在下载第 003/023 页...
2026-02-26 03:59:52 - mkk_comic - app.py:582 - INFO - 正在下载第 004/023 页...
2026-02-26 03:59:52 - mkk_comic - app.py:582 - INFO - 正在下载第 005/023 页...
2026-02-26 03:59:52 - mkk_comic - app.py:582 - INFO - 正在下载第 006/023 页...
2026-02-26 03:59:52 - mkk_comic - app.py:582 - INFO - 正在下载第 007/023 页...
2026-02-26 03:59:52 - mkk_comic - app.py:582 - INFO - 正在下载第 008/023 页...
2026-02-26 03:59:52 - mkk_comic - app.py:582 - INFO - 正在下载第 009/023 页...
2026-02-26 03:59:52 - mkk_comic - app.py:582 - INFO - 正在下载第 010/023 页...
2026-02-26 03:59:52 - mkk_comic - app.py:582 - INFO - 正在下载第 011/023 页...
2026-02-26 03:59:52 - mkk_comic - app.py:582 - INFO - 正在下载第 012/023 页...
2026-02-26 03:59:53 - mkk_comic - app.py:582 - INFO - 正在下载第 013/023 页...
2026-02-26 03:59:53 - mkk_comic - app.py:582 - INFO - 正在下载第 014/023 页...
2026-02-26 03:59:53 - mkk_comic - app.py:582 - INFO - 正在下载第 015/023 页...
2026-02-26 03:59:53 - mkk_comic - app.py:582 - INFO - 正在下载第 016/023 页...
2026-02-26 03:59:53 - mkk_comic - app.py:582 - INFO - 正在下载第 017/023 页...
2026-02-26 03:59:53 - mkk_comic - app.py:582 - INFO - 正在下载第 018/023 页...
2026-02-26 03:59:53 - mkk_comic - app.py:582 - INFO - 正在下载第 019/023 页...
2026-02-26 03:59:53 - mkk_comic - app.py:582 - INFO - 正在下载第 020/023 页...
2026-02-26 03:59:53 - mkk_comic - app.py:582 - INFO - 正在下载第 021/023 页...
2026-02-26 03:59:53 - mkk_comic - app.py:582 - INFO - 正在下载第 022/023 页...
2026-02-26 03:59:53 - mkk_comic - app.py:582 - INFO - 正在下载第 023/023 页...
2026-02-26 03:59:53 - mkk_comic - app.py:511 - INFO - 下载完成!
2026-02-26 03:59:53 - mkk_comic - app.py:512 - INFO - 成功下载: 23/23 页
2026-02-26 03:59:54 - mkk_comic - app.py:494 - INFO - 正在下载第83章: 第74话    UUID:bbc3adf8-b457-11ea-9600-00163e0ca5bd
2026-02-26 03:59:54 - mkk_comic - app.py:502 - INFO - 创建目录: ./out/電鋸人/第74话
2026-02-26 03:59:54 - mkk_comic - app.py:505 - INFO - 开始下载: 電鋸人 - 第74话
2026-02-26 03:59:54 - mkk_comic - app.py:506 - INFO - 总页数: 21
2026-02-26 03:59:54 - mkk_comic - app.py:582 - INFO - 正在下载第 001/021 页...
2026-02-26 03:59:54 - mkk_comic - app.py:582 - INFO - 正在下载第 002/021 页...
2026-02-26 03:59:54 - mkk_comic - app.py:582 - INFO - 正在下载第 003/021 页...
2026-02-26 03:59:54 - mkk_comic - app.py:582 - INFO - 正在下载第 004/021 页...
2026-02-26 03:59:54 - mkk_comic - app.py:582 - INFO - 正在下载第 005/021 页...
2026-02-26 03:59:55 - mkk_comic - app.py:582 - INFO - 正在下载第 006/021 页...
2026-02-26 03:59:55 - mkk_comic - app.py:582 - INFO - 正在下载第 007/021 页...
2026-02-26 03:59:55 - mkk_comic - app.py:582 - INFO - 正在下载第 008/021 页...
2026-02-26 03:59:55 - mkk_comic - app.py:582 - INFO - 正在下载第 009/021 页...
2026-02-26 03:59:55 - mkk_comic - app.py:582 - INFO - 正在下载第 010/021 页...
2026-02-26 03:59:55 - mkk_comic - app.py:582 - INFO - 正在下载第 011/021 页...
2026-02-26 03:59:55 - mkk_comic - app.py:582 - INFO - 正在下载第 012/021 页...
2026-02-26 03:59:55 - mkk_comic - app.py:582 - INFO - 正在下载第 013/021 页...
2026-02-26 03:59:55 - mkk_comic - app.py:582 - INFO - 正在下载第 014/021 页...
2026-02-26 03:59:55 - mkk_comic - app.py:582 - INFO - 正在下载第 015/021 页...
2026-02-26 03:59:55 - mkk_comic - app.py:582 - INFO - 正在下载第 016/021 页...
2026-02-26 03:59:55 - mkk_comic - app.py:582 - INFO - 正在下载第 017/021 页...
2026-02-26 03:59:55 - mkk_comic - app.py:582 - INFO - 正在下载第 018/021 页...
2026-02-26 03:59:55 - mkk_comic - app.py:582 - INFO - 正在下载第 019/021 页...
2026-02-26 03:59:55 - mkk_comic - app.py:582 - INFO - 正在下载第 020/021 页...
2026-02-26 03:59:55 - mkk_comic - app.py:582 - INFO - 正在下载第 021/021 页...
2026-02-26 03:59:55 - mkk_comic - app.py:511 - INFO - 下载完成!
2026-02-26 03:59:55 - mkk_comic - app.py:512 - INFO - 成功下载: 21/21 页
2026-02-26 03:59:56 - mkk_comic - app.py:494 - INFO - 正在下载第84章: 第75话    UUID:81684cf0-c103-11ea-b8b6-00163e0ca5bd
2026-02-26 03:59:57 - mkk_comic - app.py:502 - INFO - 创建目录: ./out/電鋸人/第75话
2026-02-26 03:59:57 - mkk_comic - app.py:505 - INFO - 开始下载: 電鋸人 - 第75话
2026-02-26 03:59:57 - mkk_comic - app.py:506 - INFO - 总页数: 17
2026-02-26 03:59:57 - mkk_comic - app.py:582 - INFO - 正在下载第 001/017 页...
2026-02-26 03:59:57 - mkk_comic - app.py:582 - INFO - 正在下载第 002/017 页...
2026-02-26 03:59:57 - mkk_comic - app.py:582 - INFO - 正在下载第 003/017 页...
2026-02-26 03:59:57 - mkk_comic - app.py:582 - INFO - 正在下载第 004/017 页...
2026-02-26 03:59:57 - mkk_comic - app.py:582 - INFO - 正在下载第 005/017 页...
2026-02-26 03:59:57 - mkk_comic - app.py:582 - INFO - 正在下载第 006/017 页...
2026-02-26 03:59:57 - mkk_comic - app.py:582 - INFO - 正在下载第 007/017 页...
2026-02-26 03:59:57 - mkk_comic - app.py:582 - INFO - 正在下载第 008/017 页...
2026-02-26 03:59:57 - mkk_comic - app.py:582 - INFO - 正在下载第 009/017 页...
2026-02-26 03:59:57 - mkk_comic - app.py:582 - INFO - 正在下载第 010/017 页...
2026-02-26 03:59:57 - mkk_comic - app.py:582 - INFO - 正在下载第 011/017 页...
2026-02-26 03:59:57 - mkk_comic - app.py:582 - INFO - 正在下载第 012/017 页...
2026-02-26 03:59:57 - mkk_comic - app.py:582 - INFO - 正在下载第 013/017 页...
2026-02-26 03:59:57 - mkk_comic - app.py:582 - INFO - 正在下载第 014/017 页...
2026-02-26 03:59:57 - mkk_comic - app.py:582 - INFO - 正在下载第 015/017 页...
2026-02-26 03:59:57 - mkk_comic - app.py:582 - INFO - 正在下载第 016/017 页...
2026-02-26 03:59:57 - mkk_comic - app.py:582 - INFO - 正在下载第 017/017 页...
2026-02-26 03:59:57 - mkk_comic - app.py:511 - INFO - 下载完成!
2026-02-26 03:59:57 - mkk_comic - app.py:512 - INFO - 成功下载: 17/17 页
2026-02-26 03:59:57 - mkk_comic - app.py:858 - INFO - ===== 检查更新完成 =====

