2026-03-26 04:15:55 - mkk_comic - app.py:868 - INFO - 运行环境：GitHub Actions（自动化模式）
2026-03-26 04:15:55 - mkk_comic - app.py:825 - INFO - ===== 开始检查更新=====
2026-03-26 04:15:55 - mkk_comic - app.py:843 - INFO - 【海贼王】上次下载至第369章
2026-03-26 04:15:56 - mkk_comic - app.py:850 - INFO - 【海贼王】检测到更新！最新：381章
2026-03-26 04:15:56 - mkk_comic - app.py:853 - INFO - 【海贼王】最大下载限制为10章-需下载370~379章）
2026-03-26 04:15:57 - mkk_comic - app.py:494 - INFO - 正在下载第370章: 第1165话    UUID:13872de0-c394-11f0-b6d5-fa163e4baef8
2026-03-26 04:15:58 - mkk_comic - app.py:502 - INFO - 创建目录: ./out/海贼王/第1165话
2026-03-26 04:15:58 - mkk_comic - app.py:505 - INFO - 开始下载: 海贼王 - 第1165话
2026-03-26 04:15:58 - mkk_comic - app.py:506 - INFO - 总页数: 15
2026-03-26 04:15:58 - mkk_comic - app.py:587 - INFO - 正在下载第 001/015 页...
2026-03-26 04:15:58 - mkk_comic - app.py:587 - INFO - 正在下载第 002/015 页...
2026-03-26 04:15:58 - mkk_comic - app.py:587 - INFO - 正在下载第 003/015 页...
2026-03-26 04:15:58 - mkk_comic - app.py:587 - INFO - 正在下载第 004/015 页...
2026-03-26 04:15:58 - mkk_comic - app.py:587 - INFO - 正在下载第 005/015 页...
2026-03-26 04:15:58 - mkk_comic - app.py:587 - INFO - 正在下载第 006/015 页...
2026-03-26 04:15:58 - mkk_comic - app.py:587 - INFO - 正在下载第 007/015 页...
2026-03-26 04:15:58 - mkk_comic - app.py:587 - INFO - 正在下载第 008/015 页...
2026-03-26 04:15:58 - mkk_comic - app.py:587 - INFO - 正在下载第 009/015 页...
2026-03-26 04:15:58 - mkk_comic - app.py:587 - INFO - 正在下载第 010/015 页...
2026-03-26 04:15:58 - mkk_comic - app.py:587 - INFO - 正在下载第 011/015 页...
2026-03-26 04:15:58 - mkk_comic - app.py:587 - INFO - 正在下载第 012/015 页...
2026-03-26 04:15:58 - mkk_comic - app.py:587 - INFO - 正在下载第 013/015 页...
2026-03-26 04:15:58 - mkk_comic - app.py:587 - INFO - 正在下载第 014/015 页...
2026-03-26 04:15:58 - mkk_comic - app.py:587 - INFO - 正在下载第 015/015 页...
2026-03-26 04:15:58 - mkk_comic - app.py:511 - INFO - 下载完成!
2026-03-26 04:15:58 - mkk_comic - app.py:512 - INFO - 成功下载: 15/15 页
2026-03-26 04:15:58 - mkk_comic - app.py:523 - INFO - 章节下载完成，等待 5.2 秒后继续...
2026-03-26 04:16:04 - mkk_comic - app.py:494 - INFO - 正在下载第371章: 第1166话    UUID:6639b798-cb63-11f0-844f-fa163e4baef8
2026-03-26 04:16:04 - mkk_comic - app.py:502 - INFO - 创建目录: ./out/海贼王/第1166话
2026-03-26 04:16:04 - mkk_comic - app.py:505 - INFO - 开始下载: 海贼王 - 第1166话
2026-03-26 04:16:04 - mkk_comic - app.py:506 - INFO - 总页数: 16
2026-03-26 04:16:04 - mkk_comic - app.py:587 - INFO - 正在下载第 001/016 页...
2026-03-26 04:16:04 - mkk_comic - app.py:587 - INFO - 正在下载第 002/016 页...
2026-03-26 04:16:04 - mkk_comic - app.py:587 - INFO - 正在下载第 003/016 页...
2026-03-26 04:16:04 - mkk_comic - app.py:587 - INFO - 正在下载第 004/016 页...
2026-03-26 04:16:04 - mkk_comic - app.py:587 - INFO - 正在下载第 005/016 页...
2026-03-26 04:16:05 - mkk_comic - app.py:587 - INFO - 正在下载第 006/016 页...
2026-03-26 04:16:05 - mkk_comic - app.py:587 - INFO - 正在下载第 007/016 页...
2026-03-26 04:16:05 - mkk_comic - app.py:587 - INFO - 正在下载第 008/016 页...
2026-03-26 04:16:05 - mkk_comic - app.py:587 - INFO - 正在下载第 009/016 页...
2026-03-26 04:16:05 - mkk_comic - app.py:587 - INFO - 正在下载第 010/016 页...
2026-03-26 04:16:05 - mkk_comic - app.py:587 - INFO - 正在下载第 011/016 页...
2026-03-26 04:16:05 - mkk_comic - app.py:587 - INFO - 正在下载第 012/016 页...
2026-03-26 04:16:05 - mkk_comic - app.py:587 - INFO - 正在下载第 013/016 页...
2026-03-26 04:16:05 - mkk_comic - app.py:587 - INFO - 正在下载第 014/016 页...
2026-03-26 04:16:05 - mkk_comic - app.py:587 - INFO - 正在下载第 015/016 页...
2026-03-26 04:16:05 - mkk_comic - app.py:587 - INFO - 正在下载第 016/016 页...
2026-03-26 04:16:05 - mkk_comic - app.py:511 - INFO - 下载完成!
2026-03-26 04:16:05 - mkk_comic - app.py:512 - INFO - 成功下载: 16/16 页
2026-03-26 04:16:05 - mkk_comic - app.py:523 - INFO - 章节下载完成，等待 9.6 秒后继续...
2026-03-26 04:16:15 - mkk_comic - app.py:494 - INFO - 正在下载第372章: 第1167话    UUID:6e2cb639-d18a-11f0-8771-fa163e02432f
2026-03-26 04:16:16 - mkk_comic - app.py:502 - INFO - 创建目录: ./out/海贼王/第1167话
2026-03-26 04:16:16 - mkk_comic - app.py:505 - INFO - 开始下载: 海贼王 - 第1167话
2026-03-26 04:16:16 - mkk_comic - app.py:506 - INFO - 总页数: 16
2026-03-26 04:16:16 - mkk_comic - app.py:587 - INFO - 正在下载第 001/016 页...
2026-03-26 04:16:16 - mkk_comic - app.py:587 - INFO - 正在下载第 002/016 页...
2026-03-26 04:16:16 - mkk_comic - app.py:587 - INFO - 正在下载第 003/016 页...
2026-03-26 04:16:16 - mkk_comic - app.py:587 - INFO - 正在下载第 004/016 页...
2026-03-26 04:16:16 - mkk_comic - app.py:587 - INFO - 正在下载第 005/016 页...
2026-03-26 04:16:16 - mkk_comic - app.py:587 - INFO - 正在下载第 006/016 页...
2026-03-26 04:16:16 - mkk_comic - app.py:587 - INFO - 正在下载第 007/016 页...
2026-03-26 04:16:16 - mkk_comic - app.py:587 - INFO - 正在下载第 008/016 页...
2026-03-26 04:16:16 - mkk_comic - app.py:587 - INFO - 正在下载第 009/016 页...
2026-03-26 04:16:16 - mkk_comic - app.py:587 - INFO - 正在下载第 010/016 页...
2026-03-26 04:16:16 - mkk_comic - app.py:587 - INFO - 正在下载第 011/016 页...
2026-03-26 04:16:16 - mkk_comic - app.py:587 - INFO - 正在下载第 012/016 页...
2026-03-26 04:16:16 - mkk_comic - app.py:587 - INFO - 正在下载第 013/016 页...
2026-03-26 04:16:16 - mkk_comic - app.py:587 - INFO - 正在下载第 014/016 页...
2026-03-26 04:16:16 - mkk_comic - app.py:587 - INFO - 正在下载第 015/016 页...
2026-03-26 04:16:16 - mkk_comic - app.py:587 - INFO - 正在下载第 016/016 页...
2026-03-26 04:16:16 - mkk_comic - app.py:511 - INFO - 下载完成!
2026-03-26 04:16:16 - mkk_comic - app.py:512 - INFO - 成功下载: 16/16 页
2026-03-26 04:16:16 - mkk_comic - app.py:523 - INFO - 章节下载完成，等待 5.2 秒后继续...
2026-03-26 04:16:22 - mkk_comic - app.py:494 - INFO - 正在下载第373章: 第1168话    UUID:10f4e324-d64d-11f0-9932-fa163e4baef8
2026-03-26 04:16:23 - mkk_comic - app.py:502 - INFO - 创建目录: ./out/海贼王/第1168话
2026-03-26 04:16:23 - mkk_comic - app.py:505 - INFO - 开始下载: 海贼王 - 第1168话
2026-03-26 04:16:23 - mkk_comic - app.py:506 - INFO - 总页数: 15
2026-03-26 04:16:23 - mkk_comic - app.py:587 - INFO - 正在下载第 001/015 页...
2026-03-26 04:16:23 - mkk_comic - app.py:587 - INFO - 正在下载第 002/015 页...
2026-03-26 04:16:23 - mkk_comic - app.py:587 - INFO - 正在下载第 003/015 页...
2026-03-26 04:16:23 - mkk_comic - app.py:587 - INFO - 正在下载第 004/015 页...
2026-03-26 04:16:23 - mkk_comic - app.py:587 - INFO - 正在下载第 005/015 页...
2026-03-26 04:16:23 - mkk_comic - app.py:587 - INFO - 正在下载第 006/015 页...
2026-03-26 04:16:23 - mkk_comic - app.py:587 - INFO - 正在下载第 007/015 页...
2026-03-26 04:16:23 - mkk_comic - app.py:587 - INFO - 正在下载第 008/015 页...
2026-03-26 04:16:23 - mkk_comic - app.py:587 - INFO - 正在下载第 009/015 页...
2026-03-26 04:16:23 - mkk_comic - app.py:587 - INFO - 正在下载第 010/015 页...
2026-03-26 04:16:23 - mkk_comic - app.py:587 - INFO - 正在下载第 011/015 页...
2026-03-26 04:16:23 - mkk_comic - app.py:587 - INFO - 正在下载第 012/015 页...
2026-03-26 04:16:23 - mkk_comic - app.py:587 - INFO - 正在下载第 013/015 页...
2026-03-26 04:16:23 - mkk_comic - app.py:587 - INFO - 正在下载第 014/015 页...
2026-03-26 04:16:23 - mkk_comic - app.py:587 - INFO - 正在下载第 015/015 页...
2026-03-26 04:16:23 - mkk_comic - app.py:511 - INFO - 下载完成!
2026-03-26 04:16:23 - mkk_comic - app.py:512 - INFO - 成功下载: 15/15 页
2026-03-26 04:16:23 - mkk_comic - app.py:523 - INFO - 章节下载完成，等待 7.0 秒后继续...
2026-03-26 04:16:30 - mkk_comic - app.py:494 - INFO - 正在下载第374章: 第1169话    UUID:10cf296e-e0a5-11f0-8985-fa163e02432f
2026-03-26 04:16:31 - mkk_comic - app.py:502 - INFO - 创建目录: ./out/海贼王/第1169话
2026-03-26 04:16:31 - mkk_comic - app.py:505 - INFO - 开始下载: 海贼王 - 第1169话
2026-03-26 04:16:31 - mkk_comic - app.py:506 - INFO - 总页数: 16
2026-03-26 04:16:31 - mkk_comic - app.py:587 - INFO - 正在下载第 001/016 页...
2026-03-26 04:16:31 - mkk_comic - app.py:587 - INFO - 正在下载第 002/016 页...
2026-03-26 04:16:31 - mkk_comic - app.py:587 - INFO - 正在下载第 003/016 页...
2026-03-26 04:16:31 - mkk_comic - app.py:587 - INFO - 正在下载第 004/016 页...
2026-03-26 04:16:31 - mkk_comic - app.py:587 - INFO - 正在下载第 005/016 页...
2026-03-26 04:16:31 - mkk_comic - app.py:587 - INFO - 正在下载第 006/016 页...
2026-03-26 04:16:31 - mkk_comic - app.py:587 - INFO - 正在下载第 007/016 页...
2026-03-26 04:16:31 - mkk_comic - app.py:587 - INFO - 正在下载第 008/016 页...
2026-03-26 04:16:31 - mkk_comic - app.py:587 - INFO - 正在下载第 009/016 页...
2026-03-26 04:16:31 - mkk_comic - app.py:587 - INFO - 正在下载第 010/016 页...
2026-03-26 04:16:31 - mkk_comic - app.py:587 - INFO - 正在下载第 011/016 页...
2026-03-26 04:16:31 - mkk_comic - app.py:587 - INFO - 正在下载第 012/016 页...
2026-03-26 04:16:31 - mkk_comic - app.py:587 - INFO - 正在下载第 013/016 页...
2026-03-26 04:16:31 - mkk_comic - app.py:587 - INFO - 正在下载第 014/016 页...
2026-03-26 04:16:31 - mkk_comic - app.py:587 - INFO - 正在下载第 015/016 页...
2026-03-26 04:16:31 - mkk_comic - app.py:587 - INFO - 正在下载第 016/016 页...
2026-03-26 04:16:32 - mkk_comic - app.py:511 - INFO - 下载完成!
2026-03-26 04:16:32 - mkk_comic - app.py:512 - INFO - 成功下载: 16/16 页
2026-03-26 04:16:32 - mkk_comic - app.py:523 - INFO - 章节下载完成，等待 8.2 秒后继续...
2026-03-26 04:16:40 - mkk_comic - app.py:494 - INFO - 正在下载第375章: 第1170话    UUID:345aa74e-ede8-11f0-b7f4-fa163e02432f
2026-03-26 04:16:41 - mkk_comic - app.py:502 - INFO - 创建目录: ./out/海贼王/第1170话
2026-03-26 04:16:41 - mkk_comic - app.py:505 - INFO - 开始下载: 海贼王 - 第1170话
2026-03-26 04:16:41 - mkk_comic - app.py:506 - INFO - 总页数: 15
2026-03-26 04:16:41 - mkk_comic - app.py:587 - INFO - 正在下载第 001/015 页...
2026-03-26 04:16:41 - mkk_comic - app.py:587 - INFO - 正在下载第 002/015 页...
2026-03-26 04:16:41 - mkk_comic - app.py:587 - INFO - 正在下载第 003/015 页...
2026-03-26 04:16:41 - mkk_comic - app.py:587 - INFO - 正在下载第 004/015 页...
2026-03-26 04:16:41 - mkk_comic - app.py:587 - INFO - 正在下载第 005/015 页...
2026-03-26 04:16:41 - mkk_comic - app.py:587 - INFO - 正在下载第 006/015 页...
2026-03-26 04:16:41 - mkk_comic - app.py:587 - INFO - 正在下载第 007/015 页...
2026-03-26 04:16:41 - mkk_comic - app.py:587 - INFO - 正在下载第 008/015 页...
2026-03-26 04:16:41 - mkk_comic - app.py:587 - INFO - 正在下载第 009/015 页...
2026-03-26 04:16:41 - mkk_comic - app.py:587 - INFO - 正在下载第 010/015 页...
2026-03-26 04:16:41 - mkk_comic - app.py:587 - INFO - 正在下载第 011/015 页...
2026-03-26 04:16:41 - mkk_comic - app.py:587 - INFO - 正在下载第 012/015 页...
2026-03-26 04:16:41 - mkk_comic - app.py:587 - INFO - 正在下载第 013/015 页...
2026-03-26 04:16:41 - mkk_comic - app.py:587 - INFO - 正在下载第 014/015 页...
2026-03-26 04:16:41 - mkk_comic - app.py:587 - INFO - 正在下载第 015/015 页...
2026-03-26 04:16:41 - mkk_comic - app.py:511 - INFO - 下载完成!
2026-03-26 04:16:41 - mkk_comic - app.py:512 - INFO - 成功下载: 15/15 页
2026-03-26 04:16:41 - mkk_comic - app.py:523 - INFO - 章节下载完成，等待 7.3 秒后继续...
2026-03-26 04:16:49 - mkk_comic - app.py:494 - INFO - 正在下载第376章: 第1171话    UUID:68ffc82a-f5c6-11f0-86fd-fa163e4baef8
2026-03-26 04:16:50 - mkk_comic - app.py:502 - INFO - 创建目录: ./out/海贼王/第1171话
2026-03-26 04:16:50 - mkk_comic - app.py:505 - INFO - 开始下载: 海贼王 - 第1171话
2026-03-26 04:16:50 - mkk_comic - app.py:506 - INFO - 总页数: 13
2026-03-26 04:16:50 - mkk_comic - app.py:587 - INFO - 正在下载第 001/013 页...
2026-03-26 04:16:50 - mkk_comic - app.py:587 - INFO - 正在下载第 002/013 页...
2026-03-26 04:16:50 - mkk_comic - app.py:587 - INFO - 正在下载第 003/013 页...
2026-03-26 04:16:50 - mkk_comic - app.py:587 - INFO - 正在下载第 004/013 页...
2026-03-26 04:16:50 - mkk_comic - app.py:587 - INFO - 正在下载第 005/013 页...
2026-03-26 04:16:50 - mkk_comic - app.py:587 - INFO - 正在下载第 006/013 页...
2026-03-26 04:16:50 - mkk_comic - app.py:587 - INFO - 正在下载第 007/013 页...
2026-03-26 04:16:50 - mkk_comic - app.py:587 - INFO - 正在下载第 008/013 页...
2026-03-26 04:16:50 - mkk_comic - app.py:587 - INFO - 正在下载第 009/013 页...
2026-03-26 04:16:50 - mkk_comic - app.py:587 - INFO - 正在下载第 010/013 页...
2026-03-26 04:16:50 - mkk_comic - app.py:587 - INFO - 正在下载第 011/013 页...
2026-03-26 04:16:50 - mkk_comic - app.py:587 - INFO - 正在下载第 012/013 页...
2026-03-26 04:16:50 - mkk_comic - app.py:587 - INFO - 正在下载第 013/013 页...
2026-03-26 04:16:50 - mkk_comic - app.py:511 - INFO - 下载完成!
2026-03-26 04:16:50 - mkk_comic - app.py:512 - INFO - 成功下载: 13/13 页
2026-03-26 04:16:50 - mkk_comic - app.py:523 - INFO - 章节下载完成，等待 7.2 秒后继续...
2026-03-26 04:16:58 - mkk_comic - app.py:494 - INFO - 正在下载第377章: 第1172话    UUID:566caf6f-0244-11f1-9331-fa163e02432f
2026-03-26 04:16:59 - mkk_comic - app.py:502 - INFO - 创建目录: ./out/海贼王/第1172话
2026-03-26 04:16:59 - mkk_comic - app.py:505 - INFO - 开始下载: 海贼王 - 第1172话
2026-03-26 04:16:59 - mkk_comic - app.py:506 - INFO - 总页数: 13
2026-03-26 04:16:59 - mkk_comic - app.py:587 - INFO - 正在下载第 001/013 页...
2026-03-26 04:16:59 - mkk_comic - app.py:587 - INFO - 正在下载第 002/013 页...
2026-03-26 04:16:59 - mkk_comic - app.py:587 - INFO - 正在下载第 003/013 页...
2026-03-26 04:16:59 - mkk_comic - app.py:587 - INFO - 正在下载第 004/013 页...
2026-03-26 04:16:59 - mkk_comic - app.py:587 - INFO - 正在下载第 005/013 页...
2026-03-26 04:16:59 - mkk_comic - app.py:587 - INFO - 正在下载第 006/013 页...
2026-03-26 04:16:59 - mkk_comic - app.py:587 - INFO - 正在下载第 007/013 页...
2026-03-26 04:16:59 - mkk_comic - app.py:587 - INFO - 正在下载第 008/013 页...
2026-03-26 04:16:59 - mkk_comic - app.py:587 - INFO - 正在下载第 009/013 页...
2026-03-26 04:16:59 - mkk_comic - app.py:587 - INFO - 正在下载第 010/013 页...
2026-03-26 04:16:59 - mkk_comic - app.py:587 - INFO - 正在下载第 011/013 页...
2026-03-26 04:16:59 - mkk_comic - app.py:587 - INFO - 正在下载第 012/013 页...
2026-03-26 04:16:59 - mkk_comic - app.py:587 - INFO - 正在下载第 013/013 页...
2026-03-26 04:16:59 - mkk_comic - app.py:511 - INFO - 下载完成!
2026-03-26 04:16:59 - mkk_comic - app.py:512 - INFO - 成功下载: 13/13 页
2026-03-26 04:16:59 - mkk_comic - app.py:523 - INFO - 章节下载完成，等待 7.7 秒后继续...
2026-03-26 04:17:07 - mkk_comic - app.py:494 - INFO - 正在下载第378章: 第1173话    UUID:f2715348-0be1-11f1-b4ea-fa163e02432f
2026-03-26 04:17:08 - mkk_comic - app.py:502 - INFO - 创建目录: ./out/海贼王/第1173话
2026-03-26 04:17:08 - mkk_comic - app.py:505 - INFO - 开始下载: 海贼王 - 第1173话
2026-03-26 04:17:08 - mkk_comic - app.py:506 - INFO - 总页数: 14
2026-03-26 04:17:08 - mkk_comic - app.py:587 - INFO - 正在下载第 001/014 页...
2026-03-26 04:17:08 - mkk_comic - app.py:587 - INFO - 正在下载第 002/014 页...
2026-03-26 04:17:08 - mkk_comic - app.py:587 - INFO - 正在下载第 003/014 页...
2026-03-26 04:17:08 - mkk_comic - app.py:587 - INFO - 正在下载第 004/014 页...
2026-03-26 04:17:08 - mkk_comic - app.py:587 - INFO - 正在下载第 005/014 页...
2026-03-26 04:17:08 - mkk_comic - app.py:587 - INFO - 正在下载第 006/014 页...
2026-03-26 04:17:08 - mkk_comic - app.py:587 - INFO - 正在下载第 007/014 页...
2026-03-26 04:17:08 - mkk_comic - app.py:587 - INFO - 正在下载第 008/014 页...
2026-03-26 04:17:08 - mkk_comic - app.py:587 - INFO - 正在下载第 009/014 页...
2026-03-26 04:17:08 - mkk_comic - app.py:587 - INFO - 正在下载第 010/014 页...
2026-03-26 04:17:08 - mkk_comic - app.py:587 - INFO - 正在下载第 011/014 页...
2026-03-26 04:17:08 - mkk_comic - app.py:587 - INFO - 正在下载第 012/014 页...
2026-03-26 04:17:08 - mkk_comic - app.py:587 - INFO - 正在下载第 013/014 页...
2026-03-26 04:17:08 - mkk_comic - app.py:587 - INFO - 正在下载第 014/014 页...
2026-03-26 04:17:08 - mkk_comic - app.py:511 - INFO - 下载完成!
2026-03-26 04:17:08 - mkk_comic - app.py:512 - INFO - 成功下载: 14/14 页
2026-03-26 04:17:08 - mkk_comic - app.py:523 - INFO - 章节下载完成，等待 5.1 秒后继续...
2026-03-26 04:17:14 - mkk_comic - app.py:494 - INFO - 正在下载第379章: 第1174话    UUID:1d82c5c2-1188-11f1-b2bc-fa163e02432f
2026-03-26 04:17:14 - mkk_comic - app.py:502 - INFO - 创建目录: ./out/海贼王/第1174话
2026-03-26 04:17:14 - mkk_comic - app.py:505 - INFO - 开始下载: 海贼王 - 第1174话
2026-03-26 04:17:14 - mkk_comic - app.py:506 - INFO - 总页数: 14
2026-03-26 04:17:14 - mkk_comic - app.py:587 - INFO - 正在下载第 001/014 页...
2026-03-26 04:17:14 - mkk_comic - app.py:587 - INFO - 正在下载第 002/014 页...
2026-03-26 04:17:14 - mkk_comic - app.py:587 - INFO - 正在下载第 003/014 页...
2026-03-26 04:17:14 - mkk_comic - app.py:587 - INFO - 正在下载第 004/014 页...
2026-03-26 04:17:14 - mkk_comic - app.py:587 - INFO - 正在下载第 005/014 页...
2026-03-26 04:17:14 - mkk_comic - app.py:587 - INFO - 正在下载第 006/014 页...
2026-03-26 04:17:14 - mkk_comic - app.py:587 - INFO - 正在下载第 007/014 页...
2026-03-26 04:17:15 - mkk_comic - app.py:587 - INFO - 正在下载第 008/014 页...
2026-03-26 04:17:15 - mkk_comic - app.py:587 - INFO - 正在下载第 009/014 页...
2026-03-26 04:17:15 - mkk_comic - app.py:587 - INFO - 正在下载第 010/014 页...
2026-03-26 04:17:15 - mkk_comic - app.py:587 - INFO - 正在下载第 011/014 页...
2026-03-26 04:17:15 - mkk_comic - app.py:587 - INFO - 正在下载第 012/014 页...
2026-03-26 04:17:15 - mkk_comic - app.py:587 - INFO - 正在下载第 013/014 页...
2026-03-26 04:17:15 - mkk_comic - app.py:587 - INFO - 正在下载第 014/014 页...
2026-03-26 04:17:15 - mkk_comic - app.py:511 - INFO - 下载完成!
2026-03-26 04:17:15 - mkk_comic - app.py:512 - INFO - 成功下载: 14/14 页
2026-03-26 04:17:15 - mkk_comic - app.py:523 - INFO - 章节下载完成，等待 9.5 秒后继续...
2026-03-26 04:17:24 - mkk_comic - app.py:843 - INFO - 【电锯人】上次下载至第257章
2026-03-26 04:17:25 - mkk_comic - app.py:850 - INFO - 【电锯人】检测到更新！最新：258章
2026-03-26 04:17:25 - mkk_comic - app.py:853 - INFO - 【电锯人】最大下载限制为15章-需下载258~258章）
2026-03-26 04:17:25 - mkk_comic - app.py:494 - INFO - 正在下载第258章: 第232话    UUID:5b5dcf9c-28c4-11f1-a384-fa163e02432f
2026-03-26 04:17:26 - mkk_comic - app.py:502 - INFO - 创建目录: ./out/電鋸人/第232话
2026-03-26 04:17:26 - mkk_comic - app.py:505 - INFO - 开始下载: 電鋸人 - 第232话
2026-03-26 04:17:26 - mkk_comic - app.py:506 - INFO - 总页数: 28
2026-03-26 04:17:26 - mkk_comic - app.py:587 - INFO - 正在下载第 001/028 页...
2026-03-26 04:17:26 - mkk_comic - app.py:587 - INFO - 正在下载第 002/028 页...
2026-03-26 04:17:26 - mkk_comic - app.py:587 - INFO - 正在下载第 003/028 页...
2026-03-26 04:17:26 - mkk_comic - app.py:587 - INFO - 正在下载第 004/028 页...
2026-03-26 04:17:26 - mkk_comic - app.py:587 - INFO - 正在下载第 005/028 页...
2026-03-26 04:17:26 - mkk_comic - app.py:587 - INFO - 正在下载第 006/028 页...
2026-03-26 04:17:26 - mkk_comic - app.py:587 - INFO - 正在下载第 007/028 页...
2026-03-26 04:17:26 - mkk_comic - app.py:587 - INFO - 正在下载第 008/028 页...
2026-03-26 04:17:26 - mkk_comic - app.py:587 - INFO - 正在下载第 009/028 页...
2026-03-26 04:17:26 - mkk_comic - app.py:587 - INFO - 正在下载第 010/028 页...
2026-03-26 04:17:26 - mkk_comic - app.py:587 - INFO - 正在下载第 011/028 页...
2026-03-26 04:17:26 - mkk_comic - app.py:587 - INFO - 正在下载第 012/028 页...
2026-03-26 04:17:26 - mkk_comic - app.py:587 - INFO - 正在下载第 013/028 页...
2026-03-26 04:17:26 - mkk_comic - app.py:587 - INFO - 正在下载第 014/028 页...
2026-03-26 04:17:26 - mkk_comic - app.py:587 - INFO - 正在下载第 015/028 页...
2026-03-26 04:17:26 - mkk_comic - app.py:587 - INFO - 正在下载第 016/028 页...
2026-03-26 04:17:26 - mkk_comic - app.py:587 - INFO - 正在下载第 017/028 页...
2026-03-26 04:17:26 - mkk_comic - app.py:587 - INFO - 正在下载第 018/028 页...
2026-03-26 04:17:26 - mkk_comic - app.py:587 - INFO - 正在下载第 019/028 页...
2026-03-26 04:17:26 - mkk_comic - app.py:587 - INFO - 正在下载第 020/028 页...
2026-03-26 04:17:26 - mkk_comic - app.py:587 - INFO - 正在下载第 021/028 页...
2026-03-26 04:17:26 - mkk_comic - app.py:587 - INFO - 正在下载第 022/028 页...
2026-03-26 04:17:26 - mkk_comic - app.py:587 - INFO - 正在下载第 023/028 页...
2026-03-26 04:17:26 - mkk_comic - app.py:587 - INFO - 正在下载第 024/028 页...
2026-03-26 04:17:26 - mkk_comic - app.py:587 - INFO - 正在下载第 025/028 页...
2026-03-26 04:17:26 - mkk_comic - app.py:587 - INFO - 正在下载第 026/028 页...
2026-03-26 04:17:26 - mkk_comic - app.py:587 - INFO - 正在下载第 027/028 页...
2026-03-26 04:17:26 - mkk_comic - app.py:587 - INFO - 正在下载第 028/028 页...
2026-03-26 04:17:27 - mkk_comic - app.py:511 - INFO - 下载完成!
2026-03-26 04:17:27 - mkk_comic - app.py:512 - INFO - 成功下载: 28/28 页
2026-03-26 04:17:27 - mkk_comic - app.py:523 - INFO - 章节下载完成，等待 7.0 秒后继续...
2026-03-26 04:17:34 - mkk_comic - app.py:863 - INFO - ===== 检查更新完成 =====

