2026-02-25 04:02:58 - mkk_comic - app.py:863 - INFO - 运行环境：GitHub Actions（自动化模式）
2026-02-25 04:02:58 - mkk_comic - app.py:820 - INFO - ===== 开始检查更新=====
2026-02-25 04:02:58 - mkk_comic - app.py:838 - INFO - 【海贼王】上次下载至第74章
2026-02-25 04:02:59 - mkk_comic - app.py:845 - INFO - 【海贼王】检测到更新！最新：379章
2026-02-25 04:02:59 - mkk_comic - app.py:848 - INFO - 【海贼王】最大下载限制为5章-需下载75~79章）
2026-02-25 04:03:00 - mkk_comic - app.py:494 - INFO - 正在下载第75章: 75卷    UUID:1fd201f4-c7d9-11e8-882e-024352452ce0
2026-02-25 04:03:00 - mkk_comic - app.py:502 - INFO - 创建目录: ./out/海贼王/75卷
2026-02-25 04:03:00 - mkk_comic - app.py:505 - INFO - 开始下载: 海贼王 - 75卷
2026-02-25 04:03:00 - mkk_comic - app.py:506 - INFO - 总页数: 194
2026-02-25 04:03:00 - mkk_comic - app.py:582 - INFO - 正在下载第 001/194 页...
2026-02-25 04:03:00 - mkk_comic - app.py:582 - INFO - 正在下载第 002/194 页...
2026-02-25 04:03:00 - mkk_comic - app.py:582 - INFO - 正在下载第 003/194 页...
2026-02-25 04:03:00 - mkk_comic - app.py:582 - INFO - 正在下载第 004/194 页...
2026-02-25 04:03:00 - mkk_comic - app.py:582 - INFO - 正在下载第 005/194 页...
2026-02-25 04:03:00 - mkk_comic - app.py:582 - INFO - 正在下载第 006/194 页...
2026-02-25 04:03:00 - mkk_comic - app.py:582 - INFO - 正在下载第 007/194 页...
2026-02-25 04:03:00 - mkk_comic - app.py:582 - INFO - 正在下载第 008/194 页...
2026-02-25 04:03:00 - mkk_comic - app.py:582 - INFO - 正在下载第 009/194 页...
2026-02-25 04:03:00 - mkk_comic - app.py:582 - INFO - 正在下载第 010/194 页...
2026-02-25 04:03:01 - mkk_comic - app.py:582 - INFO - 正在下载第 011/194 页...
2026-02-25 04:03:01 - mkk_comic - app.py:582 - INFO - 正在下载第 012/194 页...
2026-02-25 04:03:01 - mkk_comic - app.py:582 - INFO - 正在下载第 013/194 页...
2026-02-25 04:03:01 - mkk_comic - app.py:582 - INFO - 正在下载第 014/194 页...
2026-02-25 04:03:01 - mkk_comic - app.py:582 - INFO - 正在下载第 015/194 页...
2026-02-25 04:03:01 - mkk_comic - app.py:582 - INFO - 正在下载第 016/194 页...
2026-02-25 04:03:01 - mkk_comic - app.py:582 - INFO - 正在下载第 017/194 页...
2026-02-25 04:03:01 - mkk_comic - app.py:582 - INFO - 正在下载第 018/194 页...
2026-02-25 04:03:01 - mkk_comic - app.py:582 - INFO - 正在下载第 019/194 页...
2026-02-25 04:03:01 - mkk_comic - app.py:582 - INFO - 正在下载第 020/194 页...
2026-02-25 04:03:01 - mkk_comic - app.py:582 - INFO - 正在下载第 021/194 页...
2026-02-25 04:03:01 - mkk_comic - app.py:582 - INFO - 正在下载第 022/194 页...
2026-02-25 04:03:01 - mkk_comic - app.py:582 - INFO - 正在下载第 023/194 页...
2026-02-25 04:03:01 - mkk_comic - app.py:582 - INFO - 正在下载第 024/194 页...
2026-02-25 04:03:01 - mkk_comic - app.py:582 - INFO - 正在下载第 025/194 页...
2026-02-25 04:03:01 - mkk_comic - app.py:582 - INFO - 正在下载第 026/194 页...
2026-02-25 04:03:01 - mkk_comic - app.py:582 - INFO - 正在下载第 027/194 页...
2026-02-25 04:03:01 - mkk_comic - app.py:582 - INFO - 正在下载第 028/194 页...
2026-02-25 04:03:01 - mkk_comic - app.py:582 - INFO - 正在下载第 029/194 页...
2026-02-25 04:03:01 - mkk_comic - app.py:582 - INFO - 正在下载第 030/194 页...
2026-02-25 04:03:01 - mkk_comic - app.py:582 - INFO - 正在下载第 031/194 页...
2026-02-25 04:03:02 - mkk_comic - app.py:582 - INFO - 正在下载第 032/194 页...
2026-02-25 04:03:02 - mkk_comic - app.py:582 - INFO - 正在下载第 033/194 页...
2026-02-25 04:03:02 - mkk_comic - app.py:582 - INFO - 正在下载第 034/194 页...
2026-02-25 04:03:02 - mkk_comic - app.py:582 - INFO - 正在下载第 035/194 页...
2026-02-25 04:03:02 - mkk_comic - app.py:582 - INFO - 正在下载第 036/194 页...
2026-02-25 04:03:02 - mkk_comic - app.py:582 - INFO - 正在下载第 037/194 页...
2026-02-25 04:03:02 - mkk_comic - app.py:582 - INFO - 正在下载第 038/194 页...
2026-02-25 04:03:02 - mkk_comic - app.py:582 - INFO - 正在下载第 039/194 页...
2026-02-25 04:03:02 - mkk_comic - app.py:582 - INFO - 正在下载第 040/194 页...
2026-02-25 04:03:02 - mkk_comic - app.py:582 - INFO - 正在下载第 041/194 页...
2026-02-25 04:03:02 - mkk_comic - app.py:582 - INFO - 正在下载第 042/194 页...
2026-02-25 04:03:02 - mkk_comic - app.py:582 - INFO - 正在下载第 043/194 页...
2026-02-25 04:03:02 - mkk_comic - app.py:582 - INFO - 正在下载第 044/194 页...
2026-02-25 04:03:02 - mkk_comic - app.py:582 - INFO - 正在下载第 045/194 页...
2026-02-25 04:03:02 - mkk_comic - app.py:582 - INFO - 正在下载第 046/194 页...
2026-02-25 04:03:02 - mkk_comic - app.py:582 - INFO - 正在下载第 047/194 页...
2026-02-25 04:03:02 - mkk_comic - app.py:582 - INFO - 正在下载第 048/194 页...
2026-02-25 04:03:02 - mkk_comic - app.py:582 - INFO - 正在下载第 049/194 页...
2026-02-25 04:03:02 - mkk_comic - app.py:582 - INFO - 正在下载第 050/194 页...
2026-02-25 04:03:02 - mkk_comic - app.py:582 - INFO - 正在下载第 051/194 页...
2026-02-25 04:03:02 - mkk_comic - app.py:582 - INFO - 正在下载第 052/194 页...
2026-02-25 04:03:02 - mkk_comic - app.py:582 - INFO - 正在下载第 053/194 页...
2026-02-25 04:03:02 - mkk_comic - app.py:582 - INFO - 正在下载第 054/194 页...
2026-02-25 04:03:02 - mkk_comic - app.py:582 - INFO - 正在下载第 055/194 页...
2026-02-25 04:03:03 - mkk_comic - app.py:582 - INFO - 正在下载第 056/194 页...
2026-02-25 04:03:03 - mkk_comic - app.py:582 - INFO - 正在下载第 057/194 页...
2026-02-25 04:03:03 - mkk_comic - app.py:582 - INFO - 正在下载第 058/194 页...
2026-02-25 04:03:03 - mkk_comic - app.py:582 - INFO - 正在下载第 059/194 页...
2026-02-25 04:03:03 - mkk_comic - app.py:582 - INFO - 正在下载第 060/194 页...
2026-02-25 04:03:03 - mkk_comic - app.py:582 - INFO - 正在下载第 061/194 页...
2026-02-25 04:03:03 - mkk_comic - app.py:582 - INFO - 正在下载第 062/194 页...
2026-02-25 04:03:03 - mkk_comic - app.py:582 - INFO - 正在下载第 063/194 页...
2026-02-25 04:03:03 - mkk_comic - app.py:582 - INFO - 正在下载第 064/194 页...
2026-02-25 04:03:03 - mkk_comic - app.py:582 - INFO - 正在下载第 065/194 页...
2026-02-25 04:03:03 - mkk_comic - app.py:582 - INFO - 正在下载第 066/194 页...
2026-02-25 04:03:03 - mkk_comic - app.py:582 - INFO - 正在下载第 067/194 页...
2026-02-25 04:03:03 - mkk_comic - app.py:582 - INFO - 正在下载第 068/194 页...
2026-02-25 04:03:03 - mkk_comic - app.py:582 - INFO - 正在下载第 069/194 页...
2026-02-25 04:03:03 - mkk_comic - app.py:582 - INFO - 正在下载第 070/194 页...
2026-02-25 04:03:03 - mkk_comic - app.py:582 - INFO - 正在下载第 071/194 页...
2026-02-25 04:03:03 - mkk_comic - app.py:582 - INFO - 正在下载第 072/194 页...
2026-02-25 04:03:03 - mkk_comic - app.py:582 - INFO - 正在下载第 073/194 页...
2026-02-25 04:03:03 - mkk_comic - app.py:582 - INFO - 正在下载第 074/194 页...
2026-02-25 04:03:03 - mkk_comic - app.py:582 - INFO - 正在下载第 075/194 页...
2026-02-25 04:03:03 - mkk_comic - app.py:582 - INFO - 正在下载第 076/194 页...
2026-02-25 04:03:03 - mkk_comic - app.py:582 - INFO - 正在下载第 077/194 页...
2026-02-25 04:03:03 - mkk_comic - app.py:582 - INFO - 正在下载第 078/194 页...
2026-02-25 04:03:03 - mkk_comic - app.py:582 - INFO - 正在下载第 079/194 页...
2026-02-25 04:03:04 - mkk_comic - app.py:582 - INFO - 正在下载第 080/194 页...
2026-02-25 04:03:04 - mkk_comic - app.py:582 - INFO - 正在下载第 081/194 页...
2026-02-25 04:03:04 - mkk_comic - app.py:582 - INFO - 正在下载第 082/194 页...
2026-02-25 04:03:04 - mkk_comic - app.py:582 - INFO - 正在下载第 083/194 页...
2026-02-25 04:03:04 - mkk_comic - app.py:582 - INFO - 正在下载第 084/194 页...
2026-02-25 04:03:04 - mkk_comic - app.py:582 - INFO - 正在下载第 085/194 页...
2026-02-25 04:03:04 - mkk_comic - app.py:582 - INFO - 正在下载第 086/194 页...
2026-02-25 04:03:04 - mkk_comic - app.py:582 - INFO - 正在下载第 087/194 页...
2026-02-25 04:03:04 - mkk_comic - app.py:582 - INFO - 正在下载第 088/194 页...
2026-02-25 04:03:04 - mkk_comic - app.py:582 - INFO - 正在下载第 089/194 页...
2026-02-25 04:03:04 - mkk_comic - app.py:582 - INFO - 正在下载第 090/194 页...
2026-02-25 04:03:04 - mkk_comic - app.py:582 - INFO - 正在下载第 091/194 页...
2026-02-25 04:03:04 - mkk_comic - app.py:582 - INFO - 正在下载第 092/194 页...
2026-02-25 04:03:04 - mkk_comic - app.py:582 - INFO - 正在下载第 093/194 页...
2026-02-25 04:03:04 - mkk_comic - app.py:582 - INFO - 正在下载第 094/194 页...
2026-02-25 04:03:04 - mkk_comic - app.py:582 - INFO - 正在下载第 095/194 页...
2026-02-25 04:03:04 - mkk_comic - app.py:582 - INFO - 正在下载第 096/194 页...
2026-02-25 04:03:04 - mkk_comic - app.py:582 - INFO - 正在下载第 097/194 页...
2026-02-25 04:03:04 - mkk_comic - app.py:582 - INFO - 正在下载第 098/194 页...
2026-02-25 04:03:04 - mkk_comic - app.py:582 - INFO - 正在下载第 099/194 页...
2026-02-25 04:03:04 - mkk_comic - app.py:582 - INFO - 正在下载第 100/194 页...
2026-02-25 04:03:04 - mkk_comic - app.py:582 - INFO - 正在下载第 101/194 页...
2026-02-25 04:03:05 - mkk_comic - app.py:582 - INFO - 正在下载第 102/194 页...
2026-02-25 04:03:05 - mkk_comic - app.py:582 - INFO - 正在下载第 103/194 页...
2026-02-25 04:03:05 - mkk_comic - app.py:582 - INFO - 正在下载第 104/194 页...
2026-02-25 04:03:05 - mkk_comic - app.py:582 - INFO - 正在下载第 105/194 页...
2026-02-25 04:03:05 - mkk_comic - app.py:582 - INFO - 正在下载第 106/194 页...
2026-02-25 04:03:05 - mkk_comic - app.py:582 - INFO - 正在下载第 107/194 页...
2026-02-25 04:03:05 - mkk_comic - app.py:582 - INFO - 正在下载第 108/194 页...
2026-02-25 04:03:05 - mkk_comic - app.py:582 - INFO - 正在下载第 109/194 页...
2026-02-25 04:03:05 - mkk_comic - app.py:582 - INFO - 正在下载第 110/194 页...
2026-02-25 04:03:05 - mkk_comic - app.py:582 - INFO - 正在下载第 111/194 页...
2026-02-25 04:03:05 - mkk_comic - app.py:582 - INFO - 正在下载第 112/194 页...
2026-02-25 04:03:05 - mkk_comic - app.py:582 - INFO - 正在下载第 113/194 页...
2026-02-25 04:03:05 - mkk_comic - app.py:582 - INFO - 正在下载第 114/194 页...
2026-02-25 04:03:05 - mkk_comic - app.py:582 - INFO - 正在下载第 115/194 页...
2026-02-25 04:03:05 - mkk_comic - app.py:582 - INFO - 正在下载第 116/194 页...
2026-02-25 04:03:05 - mkk_comic - app.py:582 - INFO - 正在下载第 117/194 页...
2026-02-25 04:03:05 - mkk_comic - app.py:582 - INFO - 正在下载第 118/194 页...
2026-02-25 04:03:05 - mkk_comic - app.py:582 - INFO - 正在下载第 119/194 页...
2026-02-25 04:03:05 - mkk_comic - app.py:582 - INFO - 正在下载第 120/194 页...
2026-02-25 04:03:05 - mkk_comic - app.py:582 - INFO - 正在下载第 121/194 页...
2026-02-25 04:03:05 - mkk_comic - app.py:582 - INFO - 正在下载第 122/194 页...
2026-02-25 04:03:05 - mkk_comic - app.py:582 - INFO - 正在下载第 123/194 页...
2026-02-25 04:03:05 - mkk_comic - app.py:582 - INFO - 正在下载第 124/194 页...
2026-02-25 04:03:05 - mkk_comic - app.py:582 - INFO - 正在下载第 125/194 页...
2026-02-25 04:03:06 - mkk_comic - app.py:582 - INFO - 正在下载第 126/194 页...
2026-02-25 04:03:06 - mkk_comic - app.py:582 - INFO - 正在下载第 127/194 页...
2026-02-25 04:03:06 - mkk_comic - app.py:582 - INFO - 正在下载第 128/194 页...
2026-02-25 04:03:06 - mkk_comic - app.py:582 - INFO - 正在下载第 129/194 页...
2026-02-25 04:03:06 - mkk_comic - app.py:582 - INFO - 正在下载第 130/194 页...
2026-02-25 04:03:06 - mkk_comic - app.py:582 - INFO - 正在下载第 131/194 页...
2026-02-25 04:03:06 - mkk_comic - app.py:582 - INFO - 正在下载第 132/194 页...
2026-02-25 04:03:06 - mkk_comic - app.py:582 - INFO - 正在下载第 133/194 页...
2026-02-25 04:03:06 - mkk_comic - app.py:582 - INFO - 正在下载第 134/194 页...
2026-02-25 04:03:06 - mkk_comic - app.py:582 - INFO - 正在下载第 135/194 页...
2026-02-25 04:03:06 - mkk_comic - app.py:582 - INFO - 正在下载第 136/194 页...
2026-02-25 04:03:06 - mkk_comic - app.py:582 - INFO - 正在下载第 137/194 页...
2026-02-25 04:03:06 - mkk_comic - app.py:582 - INFO - 正在下载第 138/194 页...
2026-02-25 04:03:06 - mkk_comic - app.py:582 - INFO - 正在下载第 139/194 页...
2026-02-25 04:03:06 - mkk_comic - app.py:582 - INFO - 正在下载第 140/194 页...
2026-02-25 04:03:06 - mkk_comic - app.py:582 - INFO - 正在下载第 141/194 页...
2026-02-25 04:03:06 - mkk_comic - app.py:582 - INFO - 正在下载第 142/194 页...
2026-02-25 04:03:06 - mkk_comic - app.py:582 - INFO - 正在下载第 143/194 页...
2026-02-25 04:03:06 - mkk_comic - app.py:582 - INFO - 正在下载第 144/194 页...
2026-02-25 04:03:06 - mkk_comic - app.py:582 - INFO - 正在下载第 145/194 页...
2026-02-25 04:03:06 - mkk_comic - app.py:582 - INFO - 正在下载第 146/194 页...
2026-02-25 04:03:06 - mkk_comic - app.py:582 - INFO - 正在下载第 147/194 页...
2026-02-25 04:03:06 - mkk_comic - app.py:582 - INFO - 正在下载第 148/194 页...
2026-02-25 04:03:06 - mkk_comic - app.py:582 - INFO - 正在下载第 149/194 页...
2026-02-25 04:03:07 - mkk_comic - app.py:582 - INFO - 正在下载第 150/194 页...
2026-02-25 04:03:07 - mkk_comic - app.py:582 - INFO - 正在下载第 151/194 页...
2026-02-25 04:03:07 - mkk_comic - app.py:582 - INFO - 正在下载第 152/194 页...
2026-02-25 04:03:07 - mkk_comic - app.py:582 - INFO - 正在下载第 153/194 页...
2026-02-25 04:03:07 - mkk_comic - app.py:582 - INFO - 正在下载第 154/194 页...
2026-02-25 04:03:07 - mkk_comic - app.py:582 - INFO - 正在下载第 155/194 页...
2026-02-25 04:03:07 - mkk_comic - app.py:582 - INFO - 正在下载第 156/194 页...
2026-02-25 04:03:07 - mkk_comic - app.py:582 - INFO - 正在下载第 157/194 页...
2026-02-25 04:03:07 - mkk_comic - app.py:582 - INFO - 正在下载第 158/194 页...
2026-02-25 04:03:07 - mkk_comic - app.py:582 - INFO - 正在下载第 159/194 页...
2026-02-25 04:03:07 - mkk_comic - app.py:582 - INFO - 正在下载第 160/194 页...
2026-02-25 04:03:07 - mkk_comic - app.py:582 - INFO - 正在下载第 161/194 页...
2026-02-25 04:03:07 - mkk_comic - app.py:582 - INFO - 正在下载第 162/194 页...
2026-02-25 04:03:07 - mkk_comic - app.py:582 - INFO - 正在下载第 163/194 页...
2026-02-25 04:03:07 - mkk_comic - app.py:582 - INFO - 正在下载第 164/194 页...
2026-02-25 04:03:07 - mkk_comic - app.py:582 - INFO - 正在下载第 165/194 页...
2026-02-25 04:03:07 - mkk_comic - app.py:582 - INFO - 正在下载第 166/194 页...
2026-02-25 04:03:07 - mkk_comic - app.py:582 - INFO - 正在下载第 167/194 页...
2026-02-25 04:03:07 - mkk_comic - app.py:582 - INFO - 正在下载第 168/194 页...
2026-02-25 04:03:07 - mkk_comic - app.py:582 - INFO - 正在下载第 169/194 页...
2026-02-25 04:03:07 - mkk_comic - app.py:582 - INFO - 正在下载第 170/194 页...
2026-02-25 04:03:07 - mkk_comic - app.py:582 - INFO - 正在下载第 171/194 页...
2026-02-25 04:03:07 - mkk_comic - app.py:582 - INFO - 正在下载第 172/194 页...
2026-02-25 04:03:07 - mkk_comic - app.py:582 - INFO - 正在下载第 173/194 页...
2026-02-25 04:03:08 - mkk_comic - app.py:582 - INFO - 正在下载第 174/194 页...
2026-02-25 04:03:08 - mkk_comic - app.py:582 - INFO - 正在下载第 175/194 页...
2026-02-25 04:03:08 - mkk_comic - app.py:582 - INFO - 正在下载第 176/194 页...
2026-02-25 04:03:08 - mkk_comic - app.py:582 - INFO - 正在下载第 177/194 页...
2026-02-25 04:03:08 - mkk_comic - app.py:582 - INFO - 正在下载第 178/194 页...
2026-02-25 04:03:08 - mkk_comic - app.py:582 - INFO - 正在下载第 179/194 页...
2026-02-25 04:03:08 - mkk_comic - app.py:582 - INFO - 正在下载第 180/194 页...
2026-02-25 04:03:08 - mkk_comic - app.py:582 - INFO - 正在下载第 181/194 页...
2026-02-25 04:03:08 - mkk_comic - app.py:582 - INFO - 正在下载第 182/194 页...
2026-02-25 04:03:08 - mkk_comic - app.py:582 - INFO - 正在下载第 183/194 页...
2026-02-25 04:03:08 - mkk_comic - app.py:582 - INFO - 正在下载第 184/194 页...
2026-02-25 04:03:08 - mkk_comic - app.py:582 - INFO - 正在下载第 185/194 页...
2026-02-25 04:03:08 - mkk_comic - app.py:582 - INFO - 正在下载第 186/194 页...
2026-02-25 04:03:08 - mkk_comic - app.py:582 - INFO - 正在下载第 187/194 页...
2026-02-25 04:03:08 - mkk_comic - app.py:582 - INFO - 正在下载第 188/194 页...
2026-02-25 04:03:08 - mkk_comic - app.py:582 - INFO - 正在下载第 189/194 页...
2026-02-25 04:03:08 - mkk_comic - app.py:582 - INFO - 正在下载第 190/194 页...
2026-02-25 04:03:08 - mkk_comic - app.py:582 - INFO - 正在下载第 191/194 页...
2026-02-25 04:03:08 - mkk_comic - app.py:582 - INFO - 正在下载第 192/194 页...
2026-02-25 04:03:08 - mkk_comic - app.py:582 - INFO - 正在下载第 193/194 页...
2026-02-25 04:03:08 - mkk_comic - app.py:582 - INFO - 正在下载第 194/194 页...
2026-02-25 04:03:08 - mkk_comic - app.py:511 - INFO - 下载完成!
2026-02-25 04:03:08 - mkk_comic - app.py:512 - INFO - 成功下载: 194/194 页
2026-02-25 04:03:09 - mkk_comic - app.py:494 - INFO - 正在下载第76章: 76卷    UUID:270490b3-c7d9-11e8-882e-024352452ce0
2026-02-25 04:03:10 - mkk_comic - app.py:502 - INFO - 创建目录: ./out/海贼王/76卷
2026-02-25 04:03:10 - mkk_comic - app.py:505 - INFO - 开始下载: 海贼王 - 76卷
2026-02-25 04:03:10 - mkk_comic - app.py:506 - INFO - 总页数: 190
2026-02-25 04:03:10 - mkk_comic - app.py:582 - INFO - 正在下载第 001/190 页...
2026-02-25 04:03:10 - mkk_comic - app.py:582 - INFO - 正在下载第 002/190 页...
2026-02-25 04:03:10 - mkk_comic - app.py:582 - INFO - 正在下载第 003/190 页...
2026-02-25 04:03:10 - mkk_comic - app.py:582 - INFO - 正在下载第 004/190 页...
2026-02-25 04:03:10 - mkk_comic - app.py:582 - INFO - 正在下载第 005/190 页...
2026-02-25 04:03:10 - mkk_comic - app.py:582 - INFO - 正在下载第 006/190 页...
2026-02-25 04:03:10 - mkk_comic - app.py:582 - INFO - 正在下载第 007/190 页...
2026-02-25 04:03:10 - mkk_comic - app.py:582 - INFO - 正在下载第 008/190 页...
2026-02-25 04:03:10 - mkk_comic - app.py:582 - INFO - 正在下载第 009/190 页...
2026-02-25 04:03:10 - mkk_comic - app.py:582 - INFO - 正在下载第 010/190 页...
2026-02-25 04:03:10 - mkk_comic - app.py:582 - INFO - 正在下载第 011/190 页...
2026-02-25 04:03:10 - mkk_comic - app.py:582 - INFO - 正在下载第 012/190 页...
2026-02-25 04:03:10 - mkk_comic - app.py:582 - INFO - 正在下载第 013/190 页...
2026-02-25 04:03:10 - mkk_comic - app.py:582 - INFO - 正在下载第 014/190 页...
2026-02-25 04:03:11 - mkk_comic - app.py:582 - INFO - 正在下载第 015/190 页...
2026-02-25 04:03:11 - mkk_comic - app.py:582 - INFO - 正在下载第 016/190 页...
2026-02-25 04:03:11 - mkk_comic - app.py:582 - INFO - 正在下载第 017/190 页...
2026-02-25 04:03:11 - mkk_comic - app.py:582 - INFO - 正在下载第 018/190 页...
2026-02-25 04:03:11 - mkk_comic - app.py:582 - INFO - 正在下载第 019/190 页...
2026-02-25 04:03:11 - mkk_comic - app.py:582 - INFO - 正在下载第 020/190 页...
2026-02-25 04:03:11 - mkk_comic - app.py:582 - INFO - 正在下载第 021/190 页...
2026-02-25 04:03:11 - mkk_comic - app.py:582 - INFO - 正在下载第 022/190 页...
2026-02-25 04:03:11 - mkk_comic - app.py:582 - INFO - 正在下载第 023/190 页...
2026-02-25 04:03:11 - mkk_comic - app.py:582 - INFO - 正在下载第 024/190 页...
2026-02-25 04:03:11 - mkk_comic - app.py:582 - INFO - 正在下载第 025/190 页...
2026-02-25 04:03:11 - mkk_comic - app.py:582 - INFO - 正在下载第 026/190 页...
2026-02-25 04:03:11 - mkk_comic - app.py:582 - INFO - 正在下载第 027/190 页...
2026-02-25 04:03:11 - mkk_comic - app.py:582 - INFO - 正在下载第 028/190 页...
2026-02-25 04:03:11 - mkk_comic - app.py:582 - INFO - 正在下载第 029/190 页...
2026-02-25 04:03:11 - mkk_comic - app.py:582 - INFO - 正在下载第 030/190 页...
2026-02-25 04:03:11 - mkk_comic - app.py:582 - INFO - 正在下载第 031/190 页...
2026-02-25 04:03:11 - mkk_comic - app.py:582 - INFO - 正在下载第 032/190 页...
2026-02-25 04:03:11 - mkk_comic - app.py:582 - INFO - 正在下载第 033/190 页...
2026-02-25 04:03:11 - mkk_comic - app.py:582 - INFO - 正在下载第 034/190 页...
2026-02-25 04:03:11 - mkk_comic - app.py:582 - INFO - 正在下载第 035/190 页...
2026-02-25 04:03:11 - mkk_comic - app.py:582 - INFO - 正在下载第 036/190 页...
2026-02-25 04:03:11 - mkk_comic - app.py:582 - INFO - 正在下载第 037/190 页...
2026-02-25 04:03:11 - mkk_comic - app.py:582 - INFO - 正在下载第 038/190 页...
2026-02-25 04:03:11 - mkk_comic - app.py:582 - INFO - 正在下载第 039/190 页...
2026-02-25 04:03:12 - mkk_comic - app.py:582 - INFO - 正在下载第 040/190 页...
2026-02-25 04:03:12 - mkk_comic - app.py:582 - INFO - 正在下载第 041/190 页...
2026-02-25 04:03:12 - mkk_comic - app.py:582 - INFO - 正在下载第 042/190 页...
2026-02-25 04:03:12 - mkk_comic - app.py:582 - INFO - 正在下载第 043/190 页...
2026-02-25 04:03:12 - mkk_comic - app.py:582 - INFO - 正在下载第 044/190 页...
2026-02-25 04:03:12 - mkk_comic - app.py:582 - INFO - 正在下载第 045/190 页...
2026-02-25 04:03:12 - mkk_comic - app.py:582 - INFO - 正在下载第 046/190 页...
2026-02-25 04:03:12 - mkk_comic - app.py:582 - INFO - 正在下载第 047/190 页...
2026-02-25 04:03:12 - mkk_comic - app.py:582 - INFO - 正在下载第 048/190 页...
2026-02-25 04:03:12 - mkk_comic - app.py:582 - INFO - 正在下载第 049/190 页...
2026-02-25 04:03:12 - mkk_comic - app.py:582 - INFO - 正在下载第 050/190 页...
2026-02-25 04:03:12 - mkk_comic - app.py:582 - INFO - 正在下载第 051/190 页...
2026-02-25 04:03:12 - mkk_comic - app.py:582 - INFO - 正在下载第 052/190 页...
2026-02-25 04:03:12 - mkk_comic - app.py:582 - INFO - 正在下载第 053/190 页...
2026-02-25 04:03:12 - mkk_comic - app.py:582 - INFO - 正在下载第 054/190 页...
2026-02-25 04:03:12 - mkk_comic - app.py:582 - INFO - 正在下载第 055/190 页...
2026-02-25 04:03:12 - mkk_comic - app.py:582 - INFO - 正在下载第 056/190 页...
2026-02-25 04:03:12 - mkk_comic - app.py:582 - INFO - 正在下载第 057/190 页...
2026-02-25 04:03:12 - mkk_comic - app.py:582 - INFO - 正在下载第 058/190 页...
2026-02-25 04:03:12 - mkk_comic - app.py:582 - INFO - 正在下载第 059/190 页...
2026-02-25 04:03:12 - mkk_comic - app.py:582 - INFO - 正在下载第 060/190 页...
2026-02-25 04:03:13 - mkk_comic - app.py:582 - INFO - 正在下载第 061/190 页...
2026-02-25 04:03:13 - mkk_comic - app.py:582 - INFO - 正在下载第 062/190 页...
2026-02-25 04:03:13 - mkk_comic - app.py:582 - INFO - 正在下载第 063/190 页...
2026-02-25 04:03:13 - mkk_comic - app.py:582 - INFO - 正在下载第 064/190 页...
2026-02-25 04:03:13 - mkk_comic - app.py:582 - INFO - 正在下载第 065/190 页...
2026-02-25 04:03:13 - mkk_comic - app.py:582 - INFO - 正在下载第 066/190 页...
2026-02-25 04:03:13 - mkk_comic - app.py:582 - INFO - 正在下载第 067/190 页...
2026-02-25 04:03:13 - mkk_comic - app.py:582 - INFO - 正在下载第 068/190 页...
2026-02-25 04:03:13 - mkk_comic - app.py:582 - INFO - 正在下载第 069/190 页...
2026-02-25 04:03:13 - mkk_comic - app.py:582 - INFO - 正在下载第 070/190 页...
2026-02-25 04:03:13 - mkk_comic - app.py:582 - INFO - 正在下载第 071/190 页...
2026-02-25 04:03:13 - mkk_comic - app.py:582 - INFO - 正在下载第 072/190 页...
2026-02-25 04:03:13 - mkk_comic - app.py:582 - INFO - 正在下载第 073/190 页...
2026-02-25 04:03:13 - mkk_comic - app.py:582 - INFO - 正在下载第 074/190 页...
2026-02-25 04:03:13 - mkk_comic - app.py:582 - INFO - 正在下载第 075/190 页...
2026-02-25 04:03:13 - mkk_comic - app.py:582 - INFO - 正在下载第 076/190 页...
2026-02-25 04:03:13 - mkk_comic - app.py:582 - INFO - 正在下载第 077/190 页...
2026-02-25 04:03:13 - mkk_comic - app.py:582 - INFO - 正在下载第 078/190 页...
2026-02-25 04:03:13 - mkk_comic - app.py:582 - INFO - 正在下载第 079/190 页...
2026-02-25 04:03:13 - mkk_comic - app.py:582 - INFO - 正在下载第 080/190 页...
2026-02-25 04:03:13 - mkk_comic - app.py:582 - INFO - 正在下载第 081/190 页...
2026-02-25 04:03:13 - mkk_comic - app.py:582 - INFO - 正在下载第 082/190 页...
2026-02-25 04:03:13 - mkk_comic - app.py:582 - INFO - 正在下载第 083/190 页...
2026-02-25 04:03:14 - mkk_comic - app.py:582 - INFO - 正在下载第 084/190 页...
2026-02-25 04:03:14 - mkk_comic - app.py:582 - INFO - 正在下载第 085/190 页...
2026-02-25 04:03:14 - mkk_comic - app.py:582 - INFO - 正在下载第 086/190 页...
2026-02-25 04:03:14 - mkk_comic - app.py:582 - INFO - 正在下载第 087/190 页...
2026-02-25 04:03:14 - mkk_comic - app.py:582 - INFO - 正在下载第 088/190 页...
2026-02-25 04:03:14 - mkk_comic - app.py:582 - INFO - 正在下载第 089/190 页...
2026-02-25 04:03:14 - mkk_comic - app.py:582 - INFO - 正在下载第 090/190 页...
2026-02-25 04:03:14 - mkk_comic - app.py:582 - INFO - 正在下载第 091/190 页...
2026-02-25 04:03:14 - mkk_comic - app.py:582 - INFO - 正在下载第 092/190 页...
2026-02-25 04:03:14 - mkk_comic - app.py:582 - INFO - 正在下载第 093/190 页...
2026-02-25 04:03:14 - mkk_comic - app.py:582 - INFO - 正在下载第 094/190 页...
2026-02-25 04:03:14 - mkk_comic - app.py:582 - INFO - 正在下载第 095/190 页...
2026-02-25 04:03:14 - mkk_comic - app.py:582 - INFO - 正在下载第 096/190 页...
2026-02-25 04:03:14 - mkk_comic - app.py:582 - INFO - 正在下载第 097/190 页...
2026-02-25 04:03:14 - mkk_comic - app.py:582 - INFO - 正在下载第 098/190 页...
2026-02-25 04:03:14 - mkk_comic - app.py:582 - INFO - 正在下载第 099/190 页...
2026-02-25 04:03:14 - mkk_comic - app.py:582 - INFO - 正在下载第 100/190 页...
2026-02-25 04:03:14 - mkk_comic - app.py:582 - INFO - 正在下载第 101/190 页...
2026-02-25 04:03:14 - mkk_comic - app.py:582 - INFO - 正在下载第 102/190 页...
2026-02-25 04:03:14 - mkk_comic - app.py:582 - INFO - 正在下载第 103/190 页...
2026-02-25 04:03:14 - mkk_comic - app.py:582 - INFO - 正在下载第 104/190 页...
2026-02-25 04:03:14 - mkk_comic - app.py:582 - INFO - 正在下载第 105/190 页...
2026-02-25 04:03:15 - mkk_comic - app.py:582 - INFO - 正在下载第 106/190 页...
2026-02-25 04:03:15 - mkk_comic - app.py:582 - INFO - 正在下载第 107/190 页...
2026-02-25 04:03:15 - mkk_comic - app.py:582 - INFO - 正在下载第 108/190 页...
2026-02-25 04:03:15 - mkk_comic - app.py:582 - INFO - 正在下载第 109/190 页...
2026-02-25 04:03:15 - mkk_comic - app.py:582 - INFO - 正在下载第 110/190 页...
2026-02-25 04:03:15 - mkk_comic - app.py:582 - INFO - 正在下载第 111/190 页...
2026-02-25 04:03:15 - mkk_comic - app.py:582 - INFO - 正在下载第 112/190 页...
2026-02-25 04:03:15 - mkk_comic - app.py:582 - INFO - 正在下载第 113/190 页...
2026-02-25 04:03:15 - mkk_comic - app.py:582 - INFO - 正在下载第 114/190 页...
2026-02-25 04:03:15 - mkk_comic - app.py:582 - INFO - 正在下载第 115/190 页...
2026-02-25 04:03:15 - mkk_comic - app.py:582 - INFO - 正在下载第 116/190 页...
2026-02-25 04:03:15 - mkk_comic - app.py:582 - INFO - 正在下载第 117/190 页...
2026-02-25 04:03:15 - mkk_comic - app.py:582 - INFO - 正在下载第 118/190 页...
2026-02-25 04:03:15 - mkk_comic - app.py:582 - INFO - 正在下载第 119/190 页...
2026-02-25 04:03:15 - mkk_comic - app.py:582 - INFO - 正在下载第 120/190 页...
2026-02-25 04:03:15 - mkk_comic - app.py:582 - INFO - 正在下载第 121/190 页...
2026-02-25 04:03:15 - mkk_comic - app.py:582 - INFO - 正在下载第 122/190 页...
2026-02-25 04:03:15 - mkk_comic - app.py:582 - INFO - 正在下载第 123/190 页...
2026-02-25 04:03:15 - mkk_comic - app.py:582 - INFO - 正在下载第 124/190 页...
2026-02-25 04:03:16 - mkk_comic - app.py:582 - INFO - 正在下载第 125/190 页...
2026-02-25 04:03:16 - mkk_comic - app.py:582 - INFO - 正在下载第 126/190 页...
2026-02-25 04:03:16 - mkk_comic - app.py:582 - INFO - 正在下载第 127/190 页...
2026-02-25 04:03:16 - mkk_comic - app.py:582 - INFO - 正在下载第 128/190 页...
2026-02-25 04:03:16 - mkk_comic - app.py:582 - INFO - 正在下载第 129/190 页...
2026-02-25 04:03:16 - mkk_comic - app.py:582 - INFO - 正在下载第 130/190 页...
2026-02-25 04:03:16 - mkk_comic - app.py:582 - INFO - 正在下载第 131/190 页...
2026-02-25 04:03:16 - mkk_comic - app.py:582 - INFO - 正在下载第 132/190 页...
2026-02-25 04:03:16 - mkk_comic - app.py:582 - INFO - 正在下载第 133/190 页...
2026-02-25 04:03:16 - mkk_comic - app.py:582 - INFO - 正在下载第 134/190 页...
2026-02-25 04:03:16 - mkk_comic - app.py:582 - INFO - 正在下载第 135/190 页...
2026-02-25 04:03:16 - mkk_comic - app.py:582 - INFO - 正在下载第 136/190 页...
2026-02-25 04:03:16 - mkk_comic - app.py:582 - INFO - 正在下载第 137/190 页...
2026-02-25 04:03:16 - mkk_comic - app.py:582 - INFO - 正在下载第 138/190 页...
2026-02-25 04:03:16 - mkk_comic - app.py:582 - INFO - 正在下载第 139/190 页...
2026-02-25 04:03:16 - mkk_comic - app.py:582 - INFO - 正在下载第 140/190 页...
2026-02-25 04:03:16 - mkk_comic - app.py:582 - INFO - 正在下载第 141/190 页...
2026-02-25 04:03:16 - mkk_comic - app.py:582 - INFO - 正在下载第 142/190 页...
2026-02-25 04:03:17 - mkk_comic - app.py:582 - INFO - 正在下载第 143/190 页...
2026-02-25 04:03:17 - mkk_comic - app.py:582 - INFO - 正在下载第 144/190 页...
2026-02-25 04:03:17 - mkk_comic - app.py:582 - INFO - 正在下载第 145/190 页...
2026-02-25 04:03:17 - mkk_comic - app.py:582 - INFO - 正在下载第 146/190 页...
2026-02-25 04:03:17 - mkk_comic - app.py:582 - INFO - 正在下载第 147/190 页...
2026-02-25 04:03:17 - mkk_comic - app.py:582 - INFO - 正在下载第 148/190 页...
2026-02-25 04:03:17 - mkk_comic - app.py:582 - INFO - 正在下载第 149/190 页...
2026-02-25 04:03:17 - mkk_comic - app.py:582 - INFO - 正在下载第 150/190 页...
2026-02-25 04:03:17 - mkk_comic - app.py:582 - INFO - 正在下载第 151/190 页...
2026-02-25 04:03:17 - mkk_comic - app.py:582 - INFO - 正在下载第 152/190 页...
2026-02-25 04:03:17 - mkk_comic - app.py:582 - INFO - 正在下载第 153/190 页...
2026-02-25 04:03:17 - mkk_comic - app.py:582 - INFO - 正在下载第 154/190 页...
2026-02-25 04:03:17 - mkk_comic - app.py:582 - INFO - 正在下载第 155/190 页...
2026-02-25 04:03:17 - mkk_comic - app.py:582 - INFO - 正在下载第 156/190 页...
2026-02-25 04:03:17 - mkk_comic - app.py:582 - INFO - 正在下载第 157/190 页...
2026-02-25 04:03:17 - mkk_comic - app.py:582 - INFO - 正在下载第 158/190 页...
2026-02-25 04:03:17 - mkk_comic - app.py:582 - INFO - 正在下载第 159/190 页...
2026-02-25 04:03:17 - mkk_comic - app.py:582 - INFO - 正在下载第 160/190 页...
2026-02-25 04:03:17 - mkk_comic - app.py:582 - INFO - 正在下载第 161/190 页...
2026-02-25 04:03:17 - mkk_comic - app.py:582 - INFO - 正在下载第 162/190 页...
2026-02-25 04:03:18 - mkk_comic - app.py:582 - INFO - 正在下载第 163/190 页...
2026-02-25 04:03:18 - mkk_comic - app.py:582 - INFO - 正在下载第 164/190 页...
2026-02-25 04:03:18 - mkk_comic - app.py:582 - INFO - 正在下载第 165/190 页...
2026-02-25 04:03:18 - mkk_comic - app.py:582 - INFO - 正在下载第 166/190 页...
2026-02-25 04:03:18 - mkk_comic - app.py:582 - INFO - 正在下载第 167/190 页...
2026-02-25 04:03:18 - mkk_comic - app.py:582 - INFO - 正在下载第 168/190 页...
2026-02-25 04:03:18 - mkk_comic - app.py:582 - INFO - 正在下载第 169/190 页...
2026-02-25 04:03:18 - mkk_comic - app.py:582 - INFO - 正在下载第 170/190 页...
2026-02-25 04:03:18 - mkk_comic - app.py:582 - INFO - 正在下载第 171/190 页...
2026-02-25 04:03:18 - mkk_comic - app.py:582 - INFO - 正在下载第 172/190 页...
2026-02-25 04:03:18 - mkk_comic - app.py:582 - INFO - 正在下载第 173/190 页...
2026-02-25 04:03:18 - mkk_comic - app.py:582 - INFO - 正在下载第 174/190 页...
2026-02-25 04:03:18 - mkk_comic - app.py:582 - INFO - 正在下载第 175/190 页...
2026-02-25 04:03:18 - mkk_comic - app.py:582 - INFO - 正在下载第 176/190 页...
2026-02-25 04:03:18 - mkk_comic - app.py:582 - INFO - 正在下载第 177/190 页...
2026-02-25 04:03:18 - mkk_comic - app.py:582 - INFO - 正在下载第 178/190 页...
2026-02-25 04:03:18 - mkk_comic - app.py:582 - INFO - 正在下载第 179/190 页...
2026-02-25 04:03:18 - mkk_comic - app.py:582 - INFO - 正在下载第 180/190 页...
2026-02-25 04:03:19 - mkk_comic - app.py:582 - INFO - 正在下载第 181/190 页...
2026-02-25 04:03:19 - mkk_comic - app.py:582 - INFO - 正在下载第 182/190 页...
2026-02-25 04:03:19 - mkk_comic - app.py:582 - INFO - 正在下载第 183/190 页...
2026-02-25 04:03:19 - mkk_comic - app.py:582 - INFO - 正在下载第 184/190 页...
2026-02-25 04:03:19 - mkk_comic - app.py:582 - INFO - 正在下载第 185/190 页...
2026-02-25 04:03:19 - mkk_comic - app.py:582 - INFO - 正在下载第 186/190 页...
2026-02-25 04:03:19 - mkk_comic - app.py:582 - INFO - 正在下载第 187/190 页...
2026-02-25 04:03:19 - mkk_comic - app.py:582 - INFO - 正在下载第 188/190 页...
2026-02-25 04:03:19 - mkk_comic - app.py:582 - INFO - 正在下载第 189/190 页...
2026-02-25 04:03:19 - mkk_comic - app.py:582 - INFO - 正在下载第 190/190 页...
2026-02-25 04:03:19 - mkk_comic - app.py:511 - INFO - 下载完成!
2026-02-25 04:03:19 - mkk_comic - app.py:512 - INFO - 成功下载: 190/190 页
2026-02-25 04:03:20 - mkk_comic - app.py:494 - INFO - 正在下载第77章: 77卷    UUID:2c5a6248-c7d9-11e8-882e-024352452ce0
2026-02-25 04:03:20 - mkk_comic - app.py:502 - INFO - 创建目录: ./out/海贼王/77卷
2026-02-25 04:03:20 - mkk_comic - app.py:505 - INFO - 开始下载: 海贼王 - 77卷
2026-02-25 04:03:20 - mkk_comic - app.py:506 - INFO - 总页数: 225
2026-02-25 04:03:20 - mkk_comic - app.py:582 - INFO - 正在下载第 001/225 页...
2026-02-25 04:03:20 - mkk_comic - app.py:582 - INFO - 正在下载第 002/225 页...
2026-02-25 04:03:20 - mkk_comic - app.py:582 - INFO - 正在下载第 003/225 页...
2026-02-25 04:03:20 - mkk_comic - app.py:582 - INFO - 正在下载第 004/225 页...
2026-02-25 04:03:20 - mkk_comic - app.py:582 - INFO - 正在下载第 005/225 页...
2026-02-25 04:03:21 - mkk_comic - app.py:582 - INFO - 正在下载第 006/225 页...
2026-02-25 04:03:21 - mkk_comic - app.py:582 - INFO - 正在下载第 007/225 页...
2026-02-25 04:03:21 - mkk_comic - app.py:582 - INFO - 正在下载第 008/225 页...
2026-02-25 04:03:21 - mkk_comic - app.py:582 - INFO - 正在下载第 009/225 页...
2026-02-25 04:03:21 - mkk_comic - app.py:582 - INFO - 正在下载第 010/225 页...
2026-02-25 04:03:21 - mkk_comic - app.py:582 - INFO - 正在下载第 011/225 页...
2026-02-25 04:03:21 - mkk_comic - app.py:582 - INFO - 正在下载第 012/225 页...
2026-02-25 04:03:21 - mkk_comic - app.py:582 - INFO - 正在下载第 013/225 页...
2026-02-25 04:03:21 - mkk_comic - app.py:582 - INFO - 正在下载第 014/225 页...
2026-02-25 04:03:21 - mkk_comic - app.py:582 - INFO - 正在下载第 015/225 页...
2026-02-25 04:03:21 - mkk_comic - app.py:582 - INFO - 正在下载第 016/225 页...
2026-02-25 04:03:21 - mkk_comic - app.py:582 - INFO - 正在下载第 017/225 页...
2026-02-25 04:03:21 - mkk_comic - app.py:582 - INFO - 正在下载第 018/225 页...
2026-02-25 04:03:21 - mkk_comic - app.py:582 - INFO - 正在下载第 019/225 页...
2026-02-25 04:03:21 - mkk_comic - app.py:582 - INFO - 正在下载第 020/225 页...
2026-02-25 04:03:21 - mkk_comic - app.py:582 - INFO - 正在下载第 021/225 页...
2026-02-25 04:03:21 - mkk_comic - app.py:582 - INFO - 正在下载第 022/225 页...
2026-02-25 04:03:22 - mkk_comic - app.py:582 - INFO - 正在下载第 023/225 页...
2026-02-25 04:03:22 - mkk_comic - app.py:582 - INFO - 正在下载第 024/225 页...
2026-02-25 04:03:22 - mkk_comic - app.py:582 - INFO - 正在下载第 025/225 页...
2026-02-25 04:03:22 - mkk_comic - app.py:582 - INFO - 正在下载第 026/225 页...
2026-02-25 04:03:22 - mkk_comic - app.py:582 - INFO - 正在下载第 027/225 页...
2026-02-25 04:03:22 - mkk_comic - app.py:582 - INFO - 正在下载第 028/225 页...
2026-02-25 04:03:22 - mkk_comic - app.py:582 - INFO - 正在下载第 029/225 页...
2026-02-25 04:03:22 - mkk_comic - app.py:582 - INFO - 正在下载第 030/225 页...
2026-02-25 04:03:22 - mkk_comic - app.py:582 - INFO - 正在下载第 031/225 页...
2026-02-25 04:03:22 - mkk_comic - app.py:582 - INFO - 正在下载第 032/225 页...
2026-02-25 04:03:22 - mkk_comic - app.py:582 - INFO - 正在下载第 033/225 页...
2026-02-25 04:03:22 - mkk_comic - app.py:582 - INFO - 正在下载第 034/225 页...
2026-02-25 04:03:22 - mkk_comic - app.py:582 - INFO - 正在下载第 035/225 页...
2026-02-25 04:03:22 - mkk_comic - app.py:582 - INFO - 正在下载第 036/225 页...
2026-02-25 04:03:22 - mkk_comic - app.py:582 - INFO - 正在下载第 037/225 页...
2026-02-25 04:03:22 - mkk_comic - app.py:582 - INFO - 正在下载第 038/225 页...
2026-02-25 04:03:23 - mkk_comic - app.py:582 - INFO - 正在下载第 039/225 页...
2026-02-25 04:03:23 - mkk_comic - app.py:582 - INFO - 正在下载第 040/225 页...
2026-02-25 04:03:23 - mkk_comic - app.py:582 - INFO - 正在下载第 041/225 页...
2026-02-25 04:03:23 - mkk_comic - app.py:582 - INFO - 正在下载第 042/225 页...
2026-02-25 04:03:23 - mkk_comic - app.py:582 - INFO - 正在下载第 043/225 页...
2026-02-25 04:03:23 - mkk_comic - app.py:582 - INFO - 正在下载第 044/225 页...
2026-02-25 04:03:23 - mkk_comic - app.py:582 - INFO - 正在下载第 045/225 页...
2026-02-25 04:03:23 - mkk_comic - app.py:582 - INFO - 正在下载第 046/225 页...
2026-02-25 04:03:23 - mkk_comic - app.py:582 - INFO - 正在下载第 047/225 页...
2026-02-25 04:03:23 - mkk_comic - app.py:582 - INFO - 正在下载第 048/225 页...
2026-02-25 04:03:23 - mkk_comic - app.py:582 - INFO - 正在下载第 049/225 页...
2026-02-25 04:03:23 - mkk_comic - app.py:582 - INFO - 正在下载第 050/225 页...
2026-02-25 04:03:23 - mkk_comic - app.py:582 - INFO - 正在下载第 051/225 页...
2026-02-25 04:03:23 - mkk_comic - app.py:582 - INFO - 正在下载第 052/225 页...
2026-02-25 04:03:23 - mkk_comic - app.py:582 - INFO - 正在下载第 053/225 页...
2026-02-25 04:03:23 - mkk_comic - app.py:582 - INFO - 正在下载第 054/225 页...
2026-02-25 04:03:24 - mkk_comic - app.py:582 - INFO - 正在下载第 055/225 页...
2026-02-25 04:03:24 - mkk_comic - app.py:582 - INFO - 正在下载第 056/225 页...
2026-02-25 04:03:24 - mkk_comic - app.py:582 - INFO - 正在下载第 057/225 页...
2026-02-25 04:03:24 - mkk_comic - app.py:582 - INFO - 正在下载第 058/225 页...
2026-02-25 04:03:24 - mkk_comic - app.py:582 - INFO - 正在下载第 059/225 页...
2026-02-25 04:03:24 - mkk_comic - app.py:582 - INFO - 正在下载第 060/225 页...
2026-02-25 04:03:24 - mkk_comic - app.py:582 - INFO - 正在下载第 061/225 页...
2026-02-25 04:03:24 - mkk_comic - app.py:582 - INFO - 正在下载第 062/225 页...
2026-02-25 04:03:24 - mkk_comic - app.py:582 - INFO - 正在下载第 063/225 页...
2026-02-25 04:03:24 - mkk_comic - app.py:582 - INFO - 正在下载第 064/225 页...
2026-02-25 04:03:24 - mkk_comic - app.py:582 - INFO - 正在下载第 065/225 页...
2026-02-25 04:03:24 - mkk_comic - app.py:582 - INFO - 正在下载第 066/225 页...
2026-02-25 04:03:24 - mkk_comic - app.py:582 - INFO - 正在下载第 067/225 页...
2026-02-25 04:03:24 - mkk_comic - app.py:582 - INFO - 正在下载第 068/225 页...
2026-02-25 04:03:24 - mkk_comic - app.py:582 - INFO - 正在下载第 069/225 页...
2026-02-25 04:03:24 - mkk_comic - app.py:582 - INFO - 正在下载第 070/225 页...
2026-02-25 04:03:24 - mkk_comic - app.py:582 - INFO - 正在下载第 071/225 页...
2026-02-25 04:03:24 - mkk_comic - app.py:582 - INFO - 正在下载第 072/225 页...
2026-02-25 04:03:24 - mkk_comic - app.py:582 - INFO - 正在下载第 073/225 页...
2026-02-25 04:03:25 - mkk_comic - app.py:582 - INFO - 正在下载第 074/225 页...
2026-02-25 04:03:25 - mkk_comic - app.py:582 - INFO - 正在下载第 075/225 页...
2026-02-25 04:03:25 - mkk_comic - app.py:582 - INFO - 正在下载第 076/225 页...
2026-02-25 04:03:25 - mkk_comic - app.py:582 - INFO - 正在下载第 077/225 页...
2026-02-25 04:03:25 - mkk_comic - app.py:582 - INFO - 正在下载第 078/225 页...
2026-02-25 04:03:25 - mkk_comic - app.py:582 - INFO - 正在下载第 079/225 页...
2026-02-25 04:03:25 - mkk_comic - app.py:582 - INFO - 正在下载第 080/225 页...
2026-02-25 04:03:25 - mkk_comic - app.py:582 - INFO - 正在下载第 081/225 页...
2026-02-25 04:03:25 - mkk_comic - app.py:582 - INFO - 正在下载第 082/225 页...
2026-02-25 04:03:25 - mkk_comic - app.py:582 - INFO - 正在下载第 083/225 页...
2026-02-25 04:03:25 - mkk_comic - app.py:582 - INFO - 正在下载第 084/225 页...
2026-02-25 04:03:25 - mkk_comic - app.py:582 - INFO - 正在下载第 085/225 页...
2026-02-25 04:03:25 - mkk_comic - app.py:582 - INFO - 正在下载第 086/225 页...
2026-02-25 04:03:25 - mkk_comic - app.py:582 - INFO - 正在下载第 087/225 页...
2026-02-25 04:03:25 - mkk_comic - app.py:582 - INFO - 正在下载第 088/225 页...
2026-02-25 04:03:25 - mkk_comic - app.py:582 - INFO - 正在下载第 089/225 页...
2026-02-25 04:03:25 - mkk_comic - app.py:582 - INFO - 正在下载第 090/225 页...
2026-02-25 04:03:26 - mkk_comic - app.py:582 - INFO - 正在下载第 091/225 页...
2026-02-25 04:03:26 - mkk_comic - app.py:582 - INFO - 正在下载第 092/225 页...
2026-02-25 04:03:26 - mkk_comic - app.py:582 - INFO - 正在下载第 093/225 页...
2026-02-25 04:03:26 - mkk_comic - app.py:582 - INFO - 正在下载第 094/225 页...
2026-02-25 04:03:26 - mkk_comic - app.py:582 - INFO - 正在下载第 095/225 页...
2026-02-25 04:03:26 - mkk_comic - app.py:582 - INFO - 正在下载第 096/225 页...
2026-02-25 04:03:26 - mkk_comic - app.py:582 - INFO - 正在下载第 097/225 页...
2026-02-25 04:03:26 - mkk_comic - app.py:582 - INFO - 正在下载第 098/225 页...
2026-02-25 04:03:26 - mkk_comic - app.py:582 - INFO - 正在下载第 099/225 页...
2026-02-25 04:03:26 - mkk_comic - app.py:582 - INFO - 正在下载第 100/225 页...
2026-02-25 04:03:26 - mkk_comic - app.py:582 - INFO - 正在下载第 101/225 页...
2026-02-25 04:03:26 - mkk_comic - app.py:582 - INFO - 正在下载第 102/225 页...
2026-02-25 04:03:26 - mkk_comic - app.py:582 - INFO - 正在下载第 103/225 页...
2026-02-25 04:03:26 - mkk_comic - app.py:582 - INFO - 正在下载第 104/225 页...
2026-02-25 04:03:26 - mkk_comic - app.py:582 - INFO - 正在下载第 105/225 页...
2026-02-25 04:03:26 - mkk_comic - app.py:582 - INFO - 正在下载第 106/225 页...
2026-02-25 04:03:26 - mkk_comic - app.py:582 - INFO - 正在下载第 107/225 页...
2026-02-25 04:03:26 - mkk_comic - app.py:582 - INFO - 正在下载第 108/225 页...
2026-02-25 04:03:26 - mkk_comic - app.py:582 - INFO - 正在下载第 109/225 页...
2026-02-25 04:03:26 - mkk_comic - app.py:582 - INFO - 正在下载第 110/225 页...
2026-02-25 04:03:26 - mkk_comic - app.py:582 - INFO - 正在下载第 111/225 页...
2026-02-25 04:03:26 - mkk_comic - app.py:582 - INFO - 正在下载第 112/225 页...
2026-02-25 04:03:26 - mkk_comic - app.py:582 - INFO - 正在下载第 113/225 页...
2026-02-25 04:03:27 - mkk_comic - app.py:582 - INFO - 正在下载第 114/225 页...
2026-02-25 04:03:27 - mkk_comic - app.py:582 - INFO - 正在下载第 115/225 页...
2026-02-25 04:03:27 - mkk_comic - app.py:582 - INFO - 正在下载第 116/225 页...
2026-02-25 04:03:27 - mkk_comic - app.py:582 - INFO - 正在下载第 117/225 页...
2026-02-25 04:03:27 - mkk_comic - app.py:582 - INFO - 正在下载第 118/225 页...
2026-02-25 04:03:27 - mkk_comic - app.py:582 - INFO - 正在下载第 119/225 页...
2026-02-25 04:03:27 - mkk_comic - app.py:582 - INFO - 正在下载第 120/225 页...
2026-02-25 04:03:27 - mkk_comic - app.py:582 - INFO - 正在下载第 121/225 页...
2026-02-25 04:03:27 - mkk_comic - app.py:582 - INFO - 正在下载第 122/225 页...
2026-02-25 04:03:27 - mkk_comic - app.py:582 - INFO - 正在下载第 123/225 页...
2026-02-25 04:03:27 - mkk_comic - app.py:582 - INFO - 正在下载第 124/225 页...
2026-02-25 04:03:27 - mkk_comic - app.py:582 - INFO - 正在下载第 125/225 页...
2026-02-25 04:03:27 - mkk_comic - app.py:582 - INFO - 正在下载第 126/225 页...
2026-02-25 04:03:27 - mkk_comic - app.py:582 - INFO - 正在下载第 127/225 页...
2026-02-25 04:03:27 - mkk_comic - app.py:582 - INFO - 正在下载第 128/225 页...
2026-02-25 04:03:27 - mkk_comic - app.py:582 - INFO - 正在下载第 129/225 页...
2026-02-25 04:03:27 - mkk_comic - app.py:582 - INFO - 正在下载第 130/225 页...
2026-02-25 04:03:27 - mkk_comic - app.py:582 - INFO - 正在下载第 131/225 页...
2026-02-25 04:03:27 - mkk_comic - app.py:582 - INFO - 正在下载第 132/225 页...
2026-02-25 04:03:27 - mkk_comic - app.py:582 - INFO - 正在下载第 133/225 页...
2026-02-25 04:03:27 - mkk_comic - app.py:582 - INFO - 正在下载第 134/225 页...
2026-02-25 04:03:27 - mkk_comic - app.py:582 - INFO - 正在下载第 135/225 页...
2026-02-25 04:03:27 - mkk_comic - app.py:582 - INFO - 正在下载第 136/225 页...
2026-02-25 04:03:28 - mkk_comic - app.py:582 - INFO - 正在下载第 137/225 页...
2026-02-25 04:03:28 - mkk_comic - app.py:582 - INFO - 正在下载第 138/225 页...
2026-02-25 04:03:28 - mkk_comic - app.py:582 - INFO - 正在下载第 139/225 页...
2026-02-25 04:03:28 - mkk_comic - app.py:582 - INFO - 正在下载第 140/225 页...
2026-02-25 04:03:28 - mkk_comic - app.py:582 - INFO - 正在下载第 141/225 页...
2026-02-25 04:03:28 - mkk_comic - app.py:582 - INFO - 正在下载第 142/225 页...
2026-02-25 04:03:28 - mkk_comic - app.py:582 - INFO - 正在下载第 143/225 页...
2026-02-25 04:03:28 - mkk_comic - app.py:582 - INFO - 正在下载第 144/225 页...
2026-02-25 04:03:28 - mkk_comic - app.py:582 - INFO - 正在下载第 145/225 页...
2026-02-25 04:03:28 - mkk_comic - app.py:582 - INFO - 正在下载第 146/225 页...
2026-02-25 04:03:28 - mkk_comic - app.py:582 - INFO - 正在下载第 147/225 页...
2026-02-25 04:03:28 - mkk_comic - app.py:582 - INFO - 正在下载第 148/225 页...
2026-02-25 04:03:28 - mkk_comic - app.py:582 - INFO - 正在下载第 149/225 页...
2026-02-25 04:03:28 - mkk_comic - app.py:582 - INFO - 正在下载第 150/225 页...
2026-02-25 04:03:28 - mkk_comic - app.py:582 - INFO - 正在下载第 151/225 页...
2026-02-25 04:03:28 - mkk_comic - app.py:582 - INFO - 正在下载第 152/225 页...
2026-02-25 04:03:28 - mkk_comic - app.py:582 - INFO - 正在下载第 153/225 页...
2026-02-25 04:03:28 - mkk_comic - app.py:582 - INFO - 正在下载第 154/225 页...
2026-02-25 04:03:28 - mkk_comic - app.py:582 - INFO - 正在下载第 155/225 页...
2026-02-25 04:03:28 - mkk_comic - app.py:582 - INFO - 正在下载第 156/225 页...
2026-02-25 04:03:28 - mkk_comic - app.py:582 - INFO - 正在下载第 157/225 页...
2026-02-25 04:03:28 - mkk_comic - app.py:582 - INFO - 正在下载第 158/225 页...
2026-02-25 04:03:28 - mkk_comic - app.py:582 - INFO - 正在下载第 159/225 页...
2026-02-25 04:03:29 - mkk_comic - app.py:582 - INFO - 正在下载第 160/225 页...
2026-02-25 04:03:29 - mkk_comic - app.py:582 - INFO - 正在下载第 161/225 页...
2026-02-25 04:03:29 - mkk_comic - app.py:582 - INFO - 正在下载第 162/225 页...
2026-02-25 04:03:29 - mkk_comic - app.py:582 - INFO - 正在下载第 163/225 页...
2026-02-25 04:03:29 - mkk_comic - app.py:582 - INFO - 正在下载第 164/225 页...
2026-02-25 04:03:29 - mkk_comic - app.py:582 - INFO - 正在下载第 165/225 页...
2026-02-25 04:03:29 - mkk_comic - app.py:582 - INFO - 正在下载第 166/225 页...
2026-02-25 04:03:29 - mkk_comic - app.py:582 - INFO - 正在下载第 167/225 页...
2026-02-25 04:03:29 - mkk_comic - app.py:582 - INFO - 正在下载第 168/225 页...
2026-02-25 04:03:29 - mkk_comic - app.py:582 - INFO - 正在下载第 169/225 页...
2026-02-25 04:03:29 - mkk_comic - app.py:582 - INFO - 正在下载第 170/225 页...
2026-02-25 04:03:29 - mkk_comic - app.py:582 - INFO - 正在下载第 171/225 页...
2026-02-25 04:03:29 - mkk_comic - app.py:582 - INFO - 正在下载第 172/225 页...
2026-02-25 04:03:29 - mkk_comic - app.py:582 - INFO - 正在下载第 173/225 页...
2026-02-25 04:03:29 - mkk_comic - app.py:582 - INFO - 正在下载第 174/225 页...
2026-02-25 04:03:29 - mkk_comic - app.py:582 - INFO - 正在下载第 175/225 页...
2026-02-25 04:03:29 - mkk_comic - app.py:582 - INFO - 正在下载第 176/225 页...
2026-02-25 04:03:29 - mkk_comic - app.py:582 - INFO - 正在下载第 177/225 页...
2026-02-25 04:03:29 - mkk_comic - app.py:582 - INFO - 正在下载第 178/225 页...
2026-02-25 04:03:29 - mkk_comic - app.py:582 - INFO - 正在下载第 179/225 页...
2026-02-25 04:03:29 - mkk_comic - app.py:582 - INFO - 正在下载第 180/225 页...
2026-02-25 04:03:29 - mkk_comic - app.py:582 - INFO - 正在下载第 181/225 页...
2026-02-25 04:03:29 - mkk_comic - app.py:582 - INFO - 正在下载第 182/225 页...
2026-02-25 04:03:29 - mkk_comic - app.py:582 - INFO - 正在下载第 183/225 页...
2026-02-25 04:03:29 - mkk_comic - app.py:582 - INFO - 正在下载第 184/225 页...
2026-02-25 04:03:29 - mkk_comic - app.py:582 - INFO - 正在下载第 185/225 页...
2026-02-25 04:03:30 - mkk_comic - app.py:582 - INFO - 正在下载第 186/225 页...
2026-02-25 04:03:30 - mkk_comic - app.py:582 - INFO - 正在下载第 187/225 页...
2026-02-25 04:03:30 - mkk_comic - app.py:582 - INFO - 正在下载第 188/225 页...
2026-02-25 04:03:30 - mkk_comic - app.py:582 - INFO - 正在下载第 189/225 页...
2026-02-25 04:03:30 - mkk_comic - app.py:582 - INFO - 正在下载第 190/225 页...
2026-02-25 04:03:30 - mkk_comic - app.py:582 - INFO - 正在下载第 191/225 页...
2026-02-25 04:03:30 - mkk_comic - app.py:582 - INFO - 正在下载第 192/225 页...
2026-02-25 04:03:30 - mkk_comic - app.py:582 - INFO - 正在下载第 193/225 页...
2026-02-25 04:03:30 - mkk_comic - app.py:582 - INFO - 正在下载第 194/225 页...
2026-02-25 04:03:30 - mkk_comic - app.py:582 - INFO - 正在下载第 195/225 页...
2026-02-25 04:03:30 - mkk_comic - app.py:582 - INFO - 正在下载第 196/225 页...
2026-02-25 04:03:30 - mkk_comic - app.py:582 - INFO - 正在下载第 197/225 页...
2026-02-25 04:03:30 - mkk_comic - app.py:582 - INFO - 正在下载第 198/225 页...
2026-02-25 04:03:30 - mkk_comic - app.py:582 - INFO - 正在下载第 199/225 页...
2026-02-25 04:03:30 - mkk_comic - app.py:582 - INFO - 正在下载第 200/225 页...
2026-02-25 04:03:30 - mkk_comic - app.py:582 - INFO - 正在下载第 201/225 页...
2026-02-25 04:03:30 - mkk_comic - app.py:582 - INFO - 正在下载第 202/225 页...
2026-02-25 04:03:30 - mkk_comic - app.py:582 - INFO - 正在下载第 203/225 页...
2026-02-25 04:03:30 - mkk_comic - app.py:582 - INFO - 正在下载第 204/225 页...
2026-02-25 04:03:30 - mkk_comic - app.py:582 - INFO - 正在下载第 205/225 页...
2026-02-25 04:03:31 - mkk_comic - app.py:582 - INFO - 正在下载第 206/225 页...
2026-02-25 04:03:31 - mkk_comic - app.py:582 - INFO - 正在下载第 207/225 页...
2026-02-25 04:03:31 - mkk_comic - app.py:582 - INFO - 正在下载第 208/225 页...
2026-02-25 04:03:31 - mkk_comic - app.py:582 - INFO - 正在下载第 209/225 页...
2026-02-25 04:03:31 - mkk_comic - app.py:582 - INFO - 正在下载第 210/225 页...
2026-02-25 04:03:31 - mkk_comic - app.py:582 - INFO - 正在下载第 211/225 页...
2026-02-25 04:03:31 - mkk_comic - app.py:582 - INFO - 正在下载第 212/225 页...
2026-02-25 04:03:31 - mkk_comic - app.py:582 - INFO - 正在下载第 213/225 页...
2026-02-25 04:03:31 - mkk_comic - app.py:582 - INFO - 正在下载第 214/225 页...
2026-02-25 04:03:31 - mkk_comic - app.py:582 - INFO - 正在下载第 215/225 页...
2026-02-25 04:03:31 - mkk_comic - app.py:582 - INFO - 正在下载第 216/225 页...
2026-02-25 04:03:31 - mkk_comic - app.py:582 - INFO - 正在下载第 217/225 页...
2026-02-25 04:03:31 - mkk_comic - app.py:582 - INFO - 正在下载第 218/225 页...
2026-02-25 04:03:31 - mkk_comic - app.py:582 - INFO - 正在下载第 219/225 页...
2026-02-25 04:03:31 - mkk_comic - app.py:582 - INFO - 正在下载第 220/225 页...
2026-02-25 04:03:31 - mkk_comic - app.py:582 - INFO - 正在下载第 221/225 页...
2026-02-25 04:03:31 - mkk_comic - app.py:582 - INFO - 正在下载第 222/225 页...
2026-02-25 04:03:31 - mkk_comic - app.py:582 - INFO - 正在下载第 223/225 页...
2026-02-25 04:03:31 - mkk_comic - app.py:582 - INFO - 正在下载第 224/225 页...
2026-02-25 04:03:31 - mkk_comic - app.py:582 - INFO - 正在下载第 225/225 页...
2026-02-25 04:03:32 - mkk_comic - app.py:511 - INFO - 下载完成!
2026-02-25 04:03:32 - mkk_comic - app.py:512 - INFO - 成功下载: 225/225 页
2026-02-25 04:03:32 - mkk_comic - app.py:494 - INFO - 正在下载第78章: 78卷    UUID:36740b3d-c7d9-11e8-882e-024352452ce0
2026-02-25 04:03:33 - mkk_comic - app.py:502 - INFO - 创建目录: ./out/海贼王/78卷
2026-02-25 04:03:33 - mkk_comic - app.py:505 - INFO - 开始下载: 海贼王 - 78卷
2026-02-25 04:03:33 - mkk_comic - app.py:506 - INFO - 总页数: 186
2026-02-25 04:03:33 - mkk_comic - app.py:582 - INFO - 正在下载第 001/186 页...
2026-02-25 04:03:33 - mkk_comic - app.py:582 - INFO - 正在下载第 002/186 页...
2026-02-25 04:03:33 - mkk_comic - app.py:582 - INFO - 正在下载第 003/186 页...
2026-02-25 04:03:33 - mkk_comic - app.py:582 - INFO - 正在下载第 004/186 页...
2026-02-25 04:03:33 - mkk_comic - app.py:582 - INFO - 正在下载第 005/186 页...
2026-02-25 04:03:33 - mkk_comic - app.py:582 - INFO - 正在下载第 006/186 页...
2026-02-25 04:03:33 - mkk_comic - app.py:582 - INFO - 正在下载第 007/186 页...
2026-02-25 04:03:33 - mkk_comic - app.py:582 - INFO - 正在下载第 008/186 页...
2026-02-25 04:03:33 - mkk_comic - app.py:582 - INFO - 正在下载第 009/186 页...
2026-02-25 04:03:33 - mkk_comic - app.py:582 - INFO - 正在下载第 010/186 页...
2026-02-25 04:03:33 - mkk_comic - app.py:582 - INFO - 正在下载第 011/186 页...
2026-02-25 04:03:33 - mkk_comic - app.py:582 - INFO - 正在下载第 012/186 页...
2026-02-25 04:03:33 - mkk_comic - app.py:582 - INFO - 正在下载第 013/186 页...
2026-02-25 04:03:33 - mkk_comic - app.py:582 - INFO - 正在下载第 014/186 页...
2026-02-25 04:03:33 - mkk_comic - app.py:582 - INFO - 正在下载第 015/186 页...
2026-02-25 04:03:34 - mkk_comic - app.py:582 - INFO - 正在下载第 016/186 页...
2026-02-25 04:03:34 - mkk_comic - app.py:582 - INFO - 正在下载第 017/186 页...
2026-02-25 04:03:34 - mkk_comic - app.py:582 - INFO - 正在下载第 018/186 页...
2026-02-25 04:03:34 - mkk_comic - app.py:582 - INFO - 正在下载第 019/186 页...
2026-02-25 04:03:34 - mkk_comic - app.py:582 - INFO - 正在下载第 020/186 页...
2026-02-25 04:03:34 - mkk_comic - app.py:582 - INFO - 正在下载第 021/186 页...
2026-02-25 04:03:34 - mkk_comic - app.py:582 - INFO - 正在下载第 022/186 页...
2026-02-25 04:03:34 - mkk_comic - app.py:582 - INFO - 正在下载第 023/186 页...
2026-02-25 04:03:34 - mkk_comic - app.py:582 - INFO - 正在下载第 024/186 页...
2026-02-25 04:03:34 - mkk_comic - app.py:582 - INFO - 正在下载第 025/186 页...
2026-02-25 04:03:34 - mkk_comic - app.py:582 - INFO - 正在下载第 026/186 页...
2026-02-25 04:03:34 - mkk_comic - app.py:582 - INFO - 正在下载第 027/186 页...
2026-02-25 04:03:34 - mkk_comic - app.py:582 - INFO - 正在下载第 028/186 页...
2026-02-25 04:03:34 - mkk_comic - app.py:582 - INFO - 正在下载第 029/186 页...
2026-02-25 04:03:34 - mkk_comic - app.py:582 - INFO - 正在下载第 030/186 页...
2026-02-25 04:03:34 - mkk_comic - app.py:582 - INFO - 正在下载第 031/186 页...
2026-02-25 04:03:34 - mkk_comic - app.py:582 - INFO - 正在下载第 032/186 页...
2026-02-25 04:03:34 - mkk_comic - app.py:582 - INFO - 正在下载第 033/186 页...
2026-02-25 04:03:34 - mkk_comic - app.py:582 - INFO - 正在下载第 034/186 页...
2026-02-25 04:03:34 - mkk_comic - app.py:582 - INFO - 正在下载第 035/186 页...
2026-02-25 04:03:35 - mkk_comic - app.py:582 - INFO - 正在下载第 036/186 页...
2026-02-25 04:03:35 - mkk_comic - app.py:582 - INFO - 正在下载第 037/186 页...
2026-02-25 04:03:35 - mkk_comic - app.py:582 - INFO - 正在下载第 038/186 页...
2026-02-25 04:03:35 - mkk_comic - app.py:582 - INFO - 正在下载第 039/186 页...
2026-02-25 04:03:35 - mkk_comic - app.py:582 - INFO - 正在下载第 040/186 页...
2026-02-25 04:03:35 - mkk_comic - app.py:582 - INFO - 正在下载第 041/186 页...
2026-02-25 04:03:35 - mkk_comic - app.py:582 - INFO - 正在下载第 042/186 页...
2026-02-25 04:03:35 - mkk_comic - app.py:582 - INFO - 正在下载第 043/186 页...
2026-02-25 04:03:35 - mkk_comic - app.py:582 - INFO - 正在下载第 044/186 页...
2026-02-25 04:03:35 - mkk_comic - app.py:582 - INFO - 正在下载第 045/186 页...
2026-02-25 04:03:35 - mkk_comic - app.py:582 - INFO - 正在下载第 046/186 页...
2026-02-25 04:03:35 - mkk_comic - app.py:582 - INFO - 正在下载第 047/186 页...
2026-02-25 04:03:35 - mkk_comic - app.py:582 - INFO - 正在下载第 048/186 页...
2026-02-25 04:03:35 - mkk_comic - app.py:582 - INFO - 正在下载第 049/186 页...
2026-02-25 04:03:35 - mkk_comic - app.py:582 - INFO - 正在下载第 050/186 页...
2026-02-25 04:03:35 - mkk_comic - app.py:582 - INFO - 正在下载第 051/186 页...
2026-02-25 04:03:35 - mkk_comic - app.py:582 - INFO - 正在下载第 052/186 页...
2026-02-25 04:03:35 - mkk_comic - app.py:582 - INFO - 正在下载第 053/186 页...
2026-02-25 04:03:35 - mkk_comic - app.py:582 - INFO - 正在下载第 054/186 页...
2026-02-25 04:03:35 - mkk_comic - app.py:582 - INFO - 正在下载第 055/186 页...
2026-02-25 04:03:36 - mkk_comic - app.py:582 - INFO - 正在下载第 056/186 页...
2026-02-25 04:03:36 - mkk_comic - app.py:582 - INFO - 正在下载第 057/186 页...
2026-02-25 04:03:36 - mkk_comic - app.py:582 - INFO - 正在下载第 058/186 页...
2026-02-25 04:03:36 - mkk_comic - app.py:582 - INFO - 正在下载第 059/186 页...
2026-02-25 04:03:36 - mkk_comic - app.py:582 - INFO - 正在下载第 060/186 页...
2026-02-25 04:03:36 - mkk_comic - app.py:582 - INFO - 正在下载第 061/186 页...
2026-02-25 04:03:36 - mkk_comic - app.py:582 - INFO - 正在下载第 062/186 页...
2026-02-25 04:03:36 - mkk_comic - app.py:582 - INFO - 正在下载第 063/186 页...
2026-02-25 04:03:36 - mkk_comic - app.py:582 - INFO - 正在下载第 064/186 页...
2026-02-25 04:03:36 - mkk_comic - app.py:582 - INFO - 正在下载第 065/186 页...
2026-02-25 04:03:36 - mkk_comic - app.py:582 - INFO - 正在下载第 066/186 页...
2026-02-25 04:03:36 - mkk_comic - app.py:582 - INFO - 正在下载第 067/186 页...
2026-02-25 04:03:36 - mkk_comic - app.py:582 - INFO - 正在下载第 068/186 页...
2026-02-25 04:03:36 - mkk_comic - app.py:582 - INFO - 正在下载第 069/186 页...
2026-02-25 04:03:36 - mkk_comic - app.py:582 - INFO - 正在下载第 070/186 页...
2026-02-25 04:03:36 - mkk_comic - app.py:582 - INFO - 正在下载第 071/186 页...
2026-02-25 04:03:36 - mkk_comic - app.py:582 - INFO - 正在下载第 072/186 页...
2026-02-25 04:03:36 - mkk_comic - app.py:582 - INFO - 正在下载第 073/186 页...
2026-02-25 04:03:37 - mkk_comic - app.py:582 - INFO - 正在下载第 074/186 页...
2026-02-25 04:03:37 - mkk_comic - app.py:582 - INFO - 正在下载第 075/186 页...
2026-02-25 04:03:37 - mkk_comic - app.py:582 - INFO - 正在下载第 076/186 页...
2026-02-25 04:03:37 - mkk_comic - app.py:582 - INFO - 正在下载第 077/186 页...
2026-02-25 04:03:37 - mkk_comic - app.py:582 - INFO - 正在下载第 078/186 页...
2026-02-25 04:03:37 - mkk_comic - app.py:582 - INFO - 正在下载第 079/186 页...
2026-02-25 04:03:37 - mkk_comic - app.py:582 - INFO - 正在下载第 080/186 页...
2026-02-25 04:03:37 - mkk_comic - app.py:582 - INFO - 正在下载第 081/186 页...
2026-02-25 04:03:37 - mkk_comic - app.py:582 - INFO - 正在下载第 082/186 页...
2026-02-25 04:03:37 - mkk_comic - app.py:582 - INFO - 正在下载第 083/186 页...
2026-02-25 04:03:37 - mkk_comic - app.py:582 - INFO - 正在下载第 084/186 页...
2026-02-25 04:03:37 - mkk_comic - app.py:582 - INFO - 正在下载第 085/186 页...
2026-02-25 04:03:37 - mkk_comic - app.py:582 - INFO - 正在下载第 086/186 页...
2026-02-25 04:03:37 - mkk_comic - app.py:582 - INFO - 正在下载第 087/186 页...
2026-02-25 04:03:37 - mkk_comic - app.py:582 - INFO - 正在下载第 088/186 页...
2026-02-25 04:03:37 - mkk_comic - app.py:582 - INFO - 正在下载第 089/186 页...
2026-02-25 04:03:38 - mkk_comic - app.py:582 - INFO - 正在下载第 090/186 页...
2026-02-25 04:03:38 - mkk_comic - app.py:582 - INFO - 正在下载第 091/186 页...
2026-02-25 04:03:38 - mkk_comic - app.py:582 - INFO - 正在下载第 092/186 页...
2026-02-25 04:03:38 - mkk_comic - app.py:582 - INFO - 正在下载第 093/186 页...
2026-02-25 04:03:38 - mkk_comic - app.py:582 - INFO - 正在下载第 094/186 页...
2026-02-25 04:03:38 - mkk_comic - app.py:582 - INFO - 正在下载第 095/186 页...
2026-02-25 04:03:38 - mkk_comic - app.py:582 - INFO - 正在下载第 096/186 页...
2026-02-25 04:03:38 - mkk_comic - app.py:582 - INFO - 正在下载第 097/186 页...
2026-02-25 04:03:38 - mkk_comic - app.py:582 - INFO - 正在下载第 098/186 页...
2026-02-25 04:03:38 - mkk_comic - app.py:582 - INFO - 正在下载第 099/186 页...
2026-02-25 04:03:38 - mkk_comic - app.py:582 - INFO - 正在下载第 100/186 页...
2026-02-25 04:03:38 - mkk_comic - app.py:582 - INFO - 正在下载第 101/186 页...
2026-02-25 04:03:38 - mkk_comic - app.py:582 - INFO - 正在下载第 102/186 页...
2026-02-25 04:03:38 - mkk_comic - app.py:582 - INFO - 正在下载第 103/186 页...
2026-02-25 04:03:38 - mkk_comic - app.py:582 - INFO - 正在下载第 104/186 页...
2026-02-25 04:03:38 - mkk_comic - app.py:582 - INFO - 正在下载第 105/186 页...
2026-02-25 04:03:38 - mkk_comic - app.py:582 - INFO - 正在下载第 106/186 页...
2026-02-25 04:03:38 - mkk_comic - app.py:582 - INFO - 正在下载第 107/186 页...
2026-02-25 04:03:38 - mkk_comic - app.py:582 - INFO - 正在下载第 108/186 页...
2026-02-25 04:03:39 - mkk_comic - app.py:582 - INFO - 正在下载第 109/186 页...
2026-02-25 04:03:39 - mkk_comic - app.py:582 - INFO - 正在下载第 110/186 页...
2026-02-25 04:03:39 - mkk_comic - app.py:582 - INFO - 正在下载第 111/186 页...
2026-02-25 04:03:39 - mkk_comic - app.py:582 - INFO - 正在下载第 112/186 页...
2026-02-25 04:03:39 - mkk_comic - app.py:582 - INFO - 正在下载第 113/186 页...
2026-02-25 04:03:39 - mkk_comic - app.py:582 - INFO - 正在下载第 114/186 页...
2026-02-25 04:03:39 - mkk_comic - app.py:582 - INFO - 正在下载第 115/186 页...
2026-02-25 04:03:39 - mkk_comic - app.py:582 - INFO - 正在下载第 116/186 页...
2026-02-25 04:03:39 - mkk_comic - app.py:582 - INFO - 正在下载第 117/186 页...
2026-02-25 04:03:39 - mkk_comic - app.py:582 - INFO - 正在下载第 118/186 页...
2026-02-25 04:03:39 - mkk_comic - app.py:582 - INFO - 正在下载第 119/186 页...
2026-02-25 04:03:39 - mkk_comic - app.py:582 - INFO - 正在下载第 120/186 页...
2026-02-25 04:03:39 - mkk_comic - app.py:582 - INFO - 正在下载第 121/186 页...
2026-02-25 04:03:39 - mkk_comic - app.py:582 - INFO - 正在下载第 122/186 页...
2026-02-25 04:03:39 - mkk_comic - app.py:582 - INFO - 正在下载第 123/186 页...
2026-02-25 04:03:39 - mkk_comic - app.py:582 - INFO - 正在下载第 124/186 页...
2026-02-25 04:03:39 - mkk_comic - app.py:582 - INFO - 正在下载第 125/186 页...
2026-02-25 04:03:39 - mkk_comic - app.py:582 - INFO - 正在下载第 126/186 页...
2026-02-25 04:03:39 - mkk_comic - app.py:582 - INFO - 正在下载第 127/186 页...
2026-02-25 04:03:39 - mkk_comic - app.py:582 - INFO - 正在下载第 128/186 页...
2026-02-25 04:03:39 - mkk_comic - app.py:582 - INFO - 正在下载第 129/186 页...
2026-02-25 04:03:39 - mkk_comic - app.py:582 - INFO - 正在下载第 130/186 页...
2026-02-25 04:03:40 - mkk_comic - app.py:582 - INFO - 正在下载第 131/186 页...
2026-02-25 04:03:40 - mkk_comic - app.py:582 - INFO - 正在下载第 132/186 页...
2026-02-25 04:03:40 - mkk_comic - app.py:582 - INFO - 正在下载第 133/186 页...
2026-02-25 04:03:40 - mkk_comic - app.py:582 - INFO - 正在下载第 134/186 页...
2026-02-25 04:03:40 - mkk_comic - app.py:582 - INFO - 正在下载第 135/186 页...
2026-02-25 04:03:40 - mkk_comic - app.py:582 - INFO - 正在下载第 136/186 页...
2026-02-25 04:03:40 - mkk_comic - app.py:582 - INFO - 正在下载第 137/186 页...
2026-02-25 04:03:40 - mkk_comic - app.py:582 - INFO - 正在下载第 138/186 页...
2026-02-25 04:03:40 - mkk_comic - app.py:582 - INFO - 正在下载第 139/186 页...
2026-02-25 04:03:40 - mkk_comic - app.py:582 - INFO - 正在下载第 140/186 页...
2026-02-25 04:03:40 - mkk_comic - app.py:582 - INFO - 正在下载第 141/186 页...
2026-02-25 04:03:40 - mkk_comic - app.py:582 - INFO - 正在下载第 142/186 页...
2026-02-25 04:03:40 - mkk_comic - app.py:582 - INFO - 正在下载第 143/186 页...
2026-02-25 04:03:40 - mkk_comic - app.py:582 - INFO - 正在下载第 144/186 页...
2026-02-25 04:03:40 - mkk_comic - app.py:582 - INFO - 正在下载第 145/186 页...
2026-02-25 04:03:40 - mkk_comic - app.py:582 - INFO - 正在下载第 146/186 页...
2026-02-25 04:03:40 - mkk_comic - app.py:582 - INFO - 正在下载第 147/186 页...
2026-02-25 04:03:40 - mkk_comic - app.py:582 - INFO - 正在下载第 148/186 页...
2026-02-25 04:03:40 - mkk_comic - app.py:582 - INFO - 正在下载第 149/186 页...
2026-02-25 04:03:40 - mkk_comic - app.py:582 - INFO - 正在下载第 150/186 页...
2026-02-25 04:03:40 - mkk_comic - app.py:582 - INFO - 正在下载第 151/186 页...
2026-02-25 04:03:41 - mkk_comic - app.py:582 - INFO - 正在下载第 152/186 页...
2026-02-25 04:03:41 - mkk_comic - app.py:582 - INFO - 正在下载第 153/186 页...
2026-02-25 04:03:41 - mkk_comic - app.py:582 - INFO - 正在下载第 154/186 页...
2026-02-25 04:03:41 - mkk_comic - app.py:582 - INFO - 正在下载第 155/186 页...
2026-02-25 04:03:41 - mkk_comic - app.py:582 - INFO - 正在下载第 156/186 页...
2026-02-25 04:03:41 - mkk_comic - app.py:582 - INFO - 正在下载第 157/186 页...
2026-02-25 04:03:41 - mkk_comic - app.py:582 - INFO - 正在下载第 158/186 页...
2026-02-25 04:03:41 - mkk_comic - app.py:582 - INFO - 正在下载第 159/186 页...
2026-02-25 04:03:41 - mkk_comic - app.py:582 - INFO - 正在下载第 160/186 页...
2026-02-25 04:03:41 - mkk_comic - app.py:582 - INFO - 正在下载第 161/186 页...
2026-02-25 04:03:41 - mkk_comic - app.py:582 - INFO - 正在下载第 162/186 页...
2026-02-25 04:03:41 - mkk_comic - app.py:582 - INFO - 正在下载第 163/186 页...
2026-02-25 04:03:41 - mkk_comic - app.py:582 - INFO - 正在下载第 164/186 页...
2026-02-25 04:03:41 - mkk_comic - app.py:582 - INFO - 正在下载第 165/186 页...
2026-02-25 04:03:41 - mkk_comic - app.py:582 - INFO - 正在下载第 166/186 页...
2026-02-25 04:03:41 - mkk_comic - app.py:582 - INFO - 正在下载第 167/186 页...
2026-02-25 04:03:41 - mkk_comic - app.py:582 - INFO - 正在下载第 168/186 页...
2026-02-25 04:03:41 - mkk_comic - app.py:582 - INFO - 正在下载第 169/186 页...
2026-02-25 04:03:41 - mkk_comic - app.py:582 - INFO - 正在下载第 170/186 页...
2026-02-25 04:03:41 - mkk_comic - app.py:582 - INFO - 正在下载第 171/186 页...
2026-02-25 04:03:41 - mkk_comic - app.py:582 - INFO - 正在下载第 172/186 页...
2026-02-25 04:03:41 - mkk_comic - app.py:582 - INFO - 正在下载第 173/186 页...
2026-02-25 04:03:42 - mkk_comic - app.py:582 - INFO - 正在下载第 174/186 页...
2026-02-25 04:03:42 - mkk_comic - app.py:582 - INFO - 正在下载第 175/186 页...
2026-02-25 04:03:42 - mkk_comic - app.py:582 - INFO - 正在下载第 176/186 页...
2026-02-25 04:03:42 - mkk_comic - app.py:582 - INFO - 正在下载第 177/186 页...
2026-02-25 04:03:42 - mkk_comic - app.py:582 - INFO - 正在下载第 178/186 页...
2026-02-25 04:03:42 - mkk_comic - app.py:582 - INFO - 正在下载第 179/186 页...
2026-02-25 04:03:42 - mkk_comic - app.py:582 - INFO - 正在下载第 180/186 页...
2026-02-25 04:03:42 - mkk_comic - app.py:582 - INFO - 正在下载第 181/186 页...
2026-02-25 04:03:42 - mkk_comic - app.py:582 - INFO - 正在下载第 182/186 页...
2026-02-25 04:03:42 - mkk_comic - app.py:582 - INFO - 正在下载第 183/186 页...
2026-02-25 04:03:42 - mkk_comic - app.py:582 - INFO - 正在下载第 184/186 页...
2026-02-25 04:03:42 - mkk_comic - app.py:582 - INFO - 正在下载第 185/186 页...
2026-02-25 04:03:42 - mkk_comic - app.py:582 - INFO - 正在下载第 186/186 页...
2026-02-25 04:03:42 - mkk_comic - app.py:511 - INFO - 下载完成!
2026-02-25 04:03:42 - mkk_comic - app.py:512 - INFO - 成功下载: 186/186 页
2026-02-25 04:03:43 - mkk_comic - app.py:494 - INFO - 正在下载第79章: 79卷    UUID:4a1d8b35-c7d9-11e8-882e-024352452ce0
2026-02-25 04:03:44 - mkk_comic - app.py:502 - INFO - 创建目录: ./out/海贼王/79卷
2026-02-25 04:03:44 - mkk_comic - app.py:505 - INFO - 开始下载: 海贼王 - 79卷
2026-02-25 04:03:44 - mkk_comic - app.py:506 - INFO - 总页数: 197
2026-02-25 04:03:44 - mkk_comic - app.py:582 - INFO - 正在下载第 001/197 页...
2026-02-25 04:03:44 - mkk_comic - app.py:582 - INFO - 正在下载第 002/197 页...
2026-02-25 04:03:44 - mkk_comic - app.py:582 - INFO - 正在下载第 003/197 页...
2026-02-25 04:03:44 - mkk_comic - app.py:582 - INFO - 正在下载第 004/197 页...
2026-02-25 04:03:44 - mkk_comic - app.py:582 - INFO - 正在下载第 005/197 页...
2026-02-25 04:03:44 - mkk_comic - app.py:582 - INFO - 正在下载第 006/197 页...
2026-02-25 04:03:44 - mkk_comic - app.py:582 - INFO - 正在下载第 007/197 页...
2026-02-25 04:03:44 - mkk_comic - app.py:582 - INFO - 正在下载第 008/197 页...
2026-02-25 04:03:44 - mkk_comic - app.py:582 - INFO - 正在下载第 009/197 页...
2026-02-25 04:03:44 - mkk_comic - app.py:582 - INFO - 正在下载第 010/197 页...
2026-02-25 04:03:44 - mkk_comic - app.py:582 - INFO - 正在下载第 011/197 页...
2026-02-25 04:03:44 - mkk_comic - app.py:582 - INFO - 正在下载第 012/197 页...
2026-02-25 04:03:44 - mkk_comic - app.py:582 - INFO - 正在下载第 013/197 页...
2026-02-25 04:03:44 - mkk_comic - app.py:582 - INFO - 正在下载第 014/197 页...
2026-02-25 04:03:44 - mkk_comic - app.py:582 - INFO - 正在下载第 015/197 页...
2026-02-25 04:03:44 - mkk_comic - app.py:582 - INFO - 正在下载第 016/197 页...
2026-02-25 04:03:44 - mkk_comic - app.py:582 - INFO - 正在下载第 017/197 页...
2026-02-25 04:03:44 - mkk_comic - app.py:582 - INFO - 正在下载第 018/197 页...
2026-02-25 04:03:44 - mkk_comic - app.py:582 - INFO - 正在下载第 019/197 页...
2026-02-25 04:03:44 - mkk_comic - app.py:582 - INFO - 正在下载第 020/197 页...
2026-02-25 04:03:45 - mkk_comic - app.py:582 - INFO - 正在下载第 021/197 页...
2026-02-25 04:03:45 - mkk_comic - app.py:582 - INFO - 正在下载第 022/197 页...
2026-02-25 04:03:45 - mkk_comic - app.py:582 - INFO - 正在下载第 023/197 页...
2026-02-25 04:03:45 - mkk_comic - app.py:582 - INFO - 正在下载第 024/197 页...
2026-02-25 04:03:45 - mkk_comic - app.py:582 - INFO - 正在下载第 025/197 页...
2026-02-25 04:03:45 - mkk_comic - app.py:582 - INFO - 正在下载第 026/197 页...
2026-02-25 04:03:45 - mkk_comic - app.py:582 - INFO - 正在下载第 027/197 页...
2026-02-25 04:03:45 - mkk_comic - app.py:582 - INFO - 正在下载第 028/197 页...
2026-02-25 04:03:45 - mkk_comic - app.py:582 - INFO - 正在下载第 029/197 页...
2026-02-25 04:03:45 - mkk_comic - app.py:582 - INFO - 正在下载第 030/197 页...
2026-02-25 04:03:45 - mkk_comic - app.py:582 - INFO - 正在下载第 031/197 页...
2026-02-25 04:03:45 - mkk_comic - app.py:582 - INFO - 正在下载第 032/197 页...
2026-02-25 04:03:45 - mkk_comic - app.py:582 - INFO - 正在下载第 033/197 页...
2026-02-25 04:03:45 - mkk_comic - app.py:582 - INFO - 正在下载第 034/197 页...
2026-02-25 04:03:45 - mkk_comic - app.py:582 - INFO - 正在下载第 035/197 页...
2026-02-25 04:03:45 - mkk_comic - app.py:582 - INFO - 正在下载第 036/197 页...
2026-02-25 04:03:45 - mkk_comic - app.py:582 - INFO - 正在下载第 037/197 页...
2026-02-25 04:03:45 - mkk_comic - app.py:582 - INFO - 正在下载第 038/197 页...
2026-02-25 04:03:45 - mkk_comic - app.py:582 - INFO - 正在下载第 039/197 页...
2026-02-25 04:03:45 - mkk_comic - app.py:582 - INFO - 正在下载第 040/197 页...
2026-02-25 04:03:45 - mkk_comic - app.py:582 - INFO - 正在下载第 041/197 页...
2026-02-25 04:03:45 - mkk_comic - app.py:582 - INFO - 正在下载第 042/197 页...
2026-02-25 04:03:45 - mkk_comic - app.py:582 - INFO - 正在下载第 043/197 页...
2026-02-25 04:03:45 - mkk_comic - app.py:582 - INFO - 正在下载第 044/197 页...
2026-02-25 04:03:45 - mkk_comic - app.py:582 - INFO - 正在下载第 045/197 页...
2026-02-25 04:03:45 - mkk_comic - app.py:582 - INFO - 正在下载第 046/197 页...
2026-02-25 04:03:45 - mkk_comic - app.py:582 - INFO - 正在下载第 047/197 页...
2026-02-25 04:03:46 - mkk_comic - app.py:582 - INFO - 正在下载第 048/197 页...
2026-02-25 04:03:46 - mkk_comic - app.py:582 - INFO - 正在下载第 049/197 页...
2026-02-25 04:03:46 - mkk_comic - app.py:582 - INFO - 正在下载第 050/197 页...
2026-02-25 04:03:46 - mkk_comic - app.py:582 - INFO - 正在下载第 051/197 页...
2026-02-25 04:03:46 - mkk_comic - app.py:582 - INFO - 正在下载第 052/197 页...
2026-02-25 04:03:46 - mkk_comic - app.py:582 - INFO - 正在下载第 053/197 页...
2026-02-25 04:03:46 - mkk_comic - app.py:582 - INFO - 正在下载第 054/197 页...
2026-02-25 04:03:46 - mkk_comic - app.py:582 - INFO - 正在下载第 055/197 页...
2026-02-25 04:03:46 - mkk_comic - app.py:582 - INFO - 正在下载第 056/197 页...
2026-02-25 04:03:46 - mkk_comic - app.py:582 - INFO - 正在下载第 057/197 页...
2026-02-25 04:03:46 - mkk_comic - app.py:582 - INFO - 正在下载第 058/197 页...
2026-02-25 04:03:46 - mkk_comic - app.py:582 - INFO - 正在下载第 059/197 页...
2026-02-25 04:03:46 - mkk_comic - app.py:582 - INFO - 正在下载第 060/197 页...
2026-02-25 04:03:46 - mkk_comic - app.py:582 - INFO - 正在下载第 061/197 页...
2026-02-25 04:03:46 - mkk_comic - app.py:582 - INFO - 正在下载第 062/197 页...
2026-02-25 04:03:46 - mkk_comic - app.py:582 - INFO - 正在下载第 063/197 页...
2026-02-25 04:03:46 - mkk_comic - app.py:582 - INFO - 正在下载第 064/197 页...
2026-02-25 04:03:46 - mkk_comic - app.py:582 - INFO - 正在下载第 065/197 页...
2026-02-25 04:03:46 - mkk_comic - app.py:582 - INFO - 正在下载第 066/197 页...
2026-02-25 04:03:46 - mkk_comic - app.py:582 - INFO - 正在下载第 067/197 页...
2026-02-25 04:03:46 - mkk_comic - app.py:582 - INFO - 正在下载第 068/197 页...
2026-02-25 04:03:46 - mkk_comic - app.py:582 - INFO - 正在下载第 069/197 页...
2026-02-25 04:03:46 - mkk_comic - app.py:582 - INFO - 正在下载第 070/197 页...
2026-02-25 04:03:46 - mkk_comic - app.py:582 - INFO - 正在下载第 071/197 页...
2026-02-25 04:03:47 - mkk_comic - app.py:582 - INFO - 正在下载第 072/197 页...
2026-02-25 04:03:47 - mkk_comic - app.py:582 - INFO - 正在下载第 073/197 页...
2026-02-25 04:03:47 - mkk_comic - app.py:582 - INFO - 正在下载第 074/197 页...
2026-02-25 04:03:47 - mkk_comic - app.py:582 - INFO - 正在下载第 075/197 页...
2026-02-25 04:03:47 - mkk_comic - app.py:582 - INFO - 正在下载第 076/197 页...
2026-02-25 04:03:47 - mkk_comic - app.py:582 - INFO - 正在下载第 077/197 页...
2026-02-25 04:03:47 - mkk_comic - app.py:582 - INFO - 正在下载第 078/197 页...
2026-02-25 04:03:47 - mkk_comic - app.py:582 - INFO - 正在下载第 079/197 页...
2026-02-25 04:03:47 - mkk_comic - app.py:582 - INFO - 正在下载第 080/197 页...
2026-02-25 04:03:47 - mkk_comic - app.py:582 - INFO - 正在下载第 081/197 页...
2026-02-25 04:03:47 - mkk_comic - app.py:582 - INFO - 正在下载第 082/197 页...
2026-02-25 04:03:47 - mkk_comic - app.py:582 - INFO - 正在下载第 083/197 页...
2026-02-25 04:03:47 - mkk_comic - app.py:582 - INFO - 正在下载第 084/197 页...
2026-02-25 04:03:47 - mkk_comic - app.py:582 - INFO - 正在下载第 085/197 页...
2026-02-25 04:03:47 - mkk_comic - app.py:582 - INFO - 正在下载第 086/197 页...
2026-02-25 04:03:47 - mkk_comic - app.py:582 - INFO - 正在下载第 087/197 页...
2026-02-25 04:03:47 - mkk_comic - app.py:582 - INFO - 正在下载第 088/197 页...
2026-02-25 04:03:47 - mkk_comic - app.py:582 - INFO - 正在下载第 089/197 页...
2026-02-25 04:03:47 - mkk_comic - app.py:582 - INFO - 正在下载第 090/197 页...
2026-02-25 04:03:47 - mkk_comic - app.py:582 - INFO - 正在下载第 091/197 页...
2026-02-25 04:03:47 - mkk_comic - app.py:582 - INFO - 正在下载第 092/197 页...
2026-02-25 04:03:47 - mkk_comic - app.py:582 - INFO - 正在下载第 093/197 页...
2026-02-25 04:03:47 - mkk_comic - app.py:582 - INFO - 正在下载第 094/197 页...
2026-02-25 04:03:47 - mkk_comic - app.py:582 - INFO - 正在下载第 095/197 页...
2026-02-25 04:03:48 - mkk_comic - app.py:582 - INFO - 正在下载第 096/197 页...
2026-02-25 04:03:48 - mkk_comic - app.py:582 - INFO - 正在下载第 097/197 页...
2026-02-25 04:03:48 - mkk_comic - app.py:582 - INFO - 正在下载第 098/197 页...
2026-02-25 04:03:48 - mkk_comic - app.py:582 - INFO - 正在下载第 099/197 页...
2026-02-25 04:03:48 - mkk_comic - app.py:582 - INFO - 正在下载第 100/197 页...
2026-02-25 04:03:48 - mkk_comic - app.py:582 - INFO - 正在下载第 101/197 页...
2026-02-25 04:03:48 - mkk_comic - app.py:582 - INFO - 正在下载第 102/197 页...
2026-02-25 04:03:48 - mkk_comic - app.py:582 - INFO - 正在下载第 103/197 页...
2026-02-25 04:03:48 - mkk_comic - app.py:582 - INFO - 正在下载第 104/197 页...
2026-02-25 04:03:48 - mkk_comic - app.py:582 - INFO - 正在下载第 105/197 页...
2026-02-25 04:03:48 - mkk_comic - app.py:582 - INFO - 正在下载第 106/197 页...
2026-02-25 04:03:48 - mkk_comic - app.py:582 - INFO - 正在下载第 107/197 页...
2026-02-25 04:03:48 - mkk_comic - app.py:582 - INFO - 正在下载第 108/197 页...
2026-02-25 04:03:48 - mkk_comic - app.py:582 - INFO - 正在下载第 109/197 页...
2026-02-25 04:03:48 - mkk_comic - app.py:582 - INFO - 正在下载第 110/197 页...
2026-02-25 04:03:48 - mkk_comic - app.py:582 - INFO - 正在下载第 111/197 页...
2026-02-25 04:03:48 - mkk_comic - app.py:582 - INFO - 正在下载第 112/197 页...
2026-02-25 04:03:48 - mkk_comic - app.py:582 - INFO - 正在下载第 113/197 页...
2026-02-25 04:03:48 - mkk_comic - app.py:582 - INFO - 正在下载第 114/197 页...
2026-02-25 04:03:48 - mkk_comic - app.py:582 - INFO - 正在下载第 115/197 页...
2026-02-25 04:03:48 - mkk_comic - app.py:582 - INFO - 正在下载第 116/197 页...
2026-02-25 04:03:48 - mkk_comic - app.py:582 - INFO - 正在下载第 117/197 页...
2026-02-25 04:03:48 - mkk_comic - app.py:582 - INFO - 正在下载第 118/197 页...
2026-02-25 04:03:48 - mkk_comic - app.py:582 - INFO - 正在下载第 119/197 页...
2026-02-25 04:03:48 - mkk_comic - app.py:582 - INFO - 正在下载第 120/197 页...
2026-02-25 04:03:49 - mkk_comic - app.py:582 - INFO - 正在下载第 121/197 页...
2026-02-25 04:03:49 - mkk_comic - app.py:582 - INFO - 正在下载第 122/197 页...
2026-02-25 04:03:49 - mkk_comic - app.py:582 - INFO - 正在下载第 123/197 页...
2026-02-25 04:03:49 - mkk_comic - app.py:582 - INFO - 正在下载第 124/197 页...
2026-02-25 04:03:49 - mkk_comic - app.py:582 - INFO - 正在下载第 125/197 页...
2026-02-25 04:03:49 - mkk_comic - app.py:582 - INFO - 正在下载第 126/197 页...
2026-02-25 04:03:49 - mkk_comic - app.py:582 - INFO - 正在下载第 127/197 页...
2026-02-25 04:03:49 - mkk_comic - app.py:582 - INFO - 正在下载第 128/197 页...
2026-02-25 04:03:49 - mkk_comic - app.py:582 - INFO - 正在下载第 129/197 页...
2026-02-25 04:03:49 - mkk_comic - app.py:582 - INFO - 正在下载第 130/197 页...
2026-02-25 04:03:49 - mkk_comic - app.py:582 - INFO - 正在下载第 131/197 页...
2026-02-25 04:03:49 - mkk_comic - app.py:582 - INFO - 正在下载第 132/197 页...
2026-02-25 04:03:49 - mkk_comic - app.py:582 - INFO - 正在下载第 133/197 页...
2026-02-25 04:03:49 - mkk_comic - app.py:582 - INFO - 正在下载第 134/197 页...
2026-02-25 04:03:49 - mkk_comic - app.py:582 - INFO - 正在下载第 135/197 页...
2026-02-25 04:03:49 - mkk_comic - app.py:582 - INFO - 正在下载第 136/197 页...
2026-02-25 04:03:49 - mkk_comic - app.py:582 - INFO - 正在下载第 137/197 页...
2026-02-25 04:03:49 - mkk_comic - app.py:582 - INFO - 正在下载第 138/197 页...
2026-02-25 04:03:49 - mkk_comic - app.py:582 - INFO - 正在下载第 139/197 页...
2026-02-25 04:03:49 - mkk_comic - app.py:582 - INFO - 正在下载第 140/197 页...
2026-02-25 04:03:49 - mkk_comic - app.py:582 - INFO - 正在下载第 141/197 页...
2026-02-25 04:03:49 - mkk_comic - app.py:582 - INFO - 正在下载第 142/197 页...
2026-02-25 04:03:49 - mkk_comic - app.py:582 - INFO - 正在下载第 143/197 页...
2026-02-25 04:03:49 - mkk_comic - app.py:582 - INFO - 正在下载第 144/197 页...
2026-02-25 04:03:50 - mkk_comic - app.py:582 - INFO - 正在下载第 145/197 页...
2026-02-25 04:03:50 - mkk_comic - app.py:582 - INFO - 正在下载第 146/197 页...
2026-02-25 04:03:50 - mkk_comic - app.py:582 - INFO - 正在下载第 147/197 页...
2026-02-25 04:03:50 - mkk_comic - app.py:582 - INFO - 正在下载第 148/197 页...
2026-02-25 04:03:50 - mkk_comic - app.py:582 - INFO - 正在下载第 149/197 页...
2026-02-25 04:03:50 - mkk_comic - app.py:582 - INFO - 正在下载第 150/197 页...
2026-02-25 04:03:50 - mkk_comic - app.py:582 - INFO - 正在下载第 151/197 页...
2026-02-25 04:03:50 - mkk_comic - app.py:582 - INFO - 正在下载第 152/197 页...
2026-02-25 04:03:50 - mkk_comic - app.py:582 - INFO - 正在下载第 153/197 页...
2026-02-25 04:03:50 - mkk_comic - app.py:582 - INFO - 正在下载第 154/197 页...
2026-02-25 04:03:50 - mkk_comic - app.py:582 - INFO - 正在下载第 155/197 页...
2026-02-25 04:03:50 - mkk_comic - app.py:582 - INFO - 正在下载第 156/197 页...
2026-02-25 04:03:50 - mkk_comic - app.py:582 - INFO - 正在下载第 157/197 页...
2026-02-25 04:03:50 - mkk_comic - app.py:582 - INFO - 正在下载第 158/197 页...
2026-02-25 04:03:50 - mkk_comic - app.py:582 - INFO - 正在下载第 159/197 页...
2026-02-25 04:03:50 - mkk_comic - app.py:582 - INFO - 正在下载第 160/197 页...
2026-02-25 04:03:50 - mkk_comic - app.py:582 - INFO - 正在下载第 161/197 页...
2026-02-25 04:03:50 - mkk_comic - app.py:582 - INFO - 正在下载第 162/197 页...
2026-02-25 04:03:50 - mkk_comic - app.py:582 - INFO - 正在下载第 163/197 页...
2026-02-25 04:03:50 - mkk_comic - app.py:582 - INFO - 正在下载第 164/197 页...
2026-02-25 04:03:50 - mkk_comic - app.py:582 - INFO - 正在下载第 165/197 页...
2026-02-25 04:03:50 - mkk_comic - app.py:582 - INFO - 正在下载第 166/197 页...
2026-02-25 04:03:50 - mkk_comic - app.py:582 - INFO - 正在下载第 167/197 页...
2026-02-25 04:03:51 - mkk_comic - app.py:582 - INFO - 正在下载第 168/197 页...
2026-02-25 04:03:51 - mkk_comic - app.py:582 - INFO - 正在下载第 169/197 页...
2026-02-25 04:03:51 - mkk_comic - app.py:582 - INFO - 正在下载第 170/197 页...
2026-02-25 04:03:51 - mkk_comic - app.py:582 - INFO - 正在下载第 171/197 页...
2026-02-25 04:03:51 - mkk_comic - app.py:582 - INFO - 正在下载第 172/197 页...
2026-02-25 04:03:51 - mkk_comic - app.py:582 - INFO - 正在下载第 173/197 页...
2026-02-25 04:03:51 - mkk_comic - app.py:582 - INFO - 正在下载第 174/197 页...
2026-02-25 04:03:51 - mkk_comic - app.py:582 - INFO - 正在下载第 175/197 页...
2026-02-25 04:03:51 - mkk_comic - app.py:582 - INFO - 正在下载第 176/197 页...
2026-02-25 04:03:51 - mkk_comic - app.py:582 - INFO - 正在下载第 177/197 页...
2026-02-25 04:03:51 - mkk_comic - app.py:582 - INFO - 正在下载第 178/197 页...
2026-02-25 04:03:51 - mkk_comic - app.py:582 - INFO - 正在下载第 179/197 页...
2026-02-25 04:03:51 - mkk_comic - app.py:582 - INFO - 正在下载第 180/197 页...
2026-02-25 04:03:51 - mkk_comic - app.py:582 - INFO - 正在下载第 181/197 页...
2026-02-25 04:03:51 - mkk_comic - app.py:582 - INFO - 正在下载第 182/197 页...
2026-02-25 04:03:51 - mkk_comic - app.py:582 - INFO - 正在下载第 183/197 页...
2026-02-25 04:03:51 - mkk_comic - app.py:582 - INFO - 正在下载第 184/197 页...
2026-02-25 04:03:51 - mkk_comic - app.py:582 - INFO - 正在下载第 185/197 页...
2026-02-25 04:03:51 - mkk_comic - app.py:582 - INFO - 正在下载第 186/197 页...
2026-02-25 04:03:51 - mkk_comic - app.py:582 - INFO - 正在下载第 187/197 页...
2026-02-25 04:03:51 - mkk_comic - app.py:582 - INFO - 正在下载第 188/197 页...
2026-02-25 04:03:51 - mkk_comic - app.py:582 - INFO - 正在下载第 189/197 页...
2026-02-25 04:03:52 - mkk_comic - app.py:582 - INFO - 正在下载第 190/197 页...
2026-02-25 04:03:52 - mkk_comic - app.py:582 - INFO - 正在下载第 191/197 页...
2026-02-25 04:03:52 - mkk_comic - app.py:582 - INFO - 正在下载第 192/197 页...
2026-02-25 04:03:52 - mkk_comic - app.py:582 - INFO - 正在下载第 193/197 页...
2026-02-25 04:03:52 - mkk_comic - app.py:582 - INFO - 正在下载第 194/197 页...
2026-02-25 04:03:52 - mkk_comic - app.py:582 - INFO - 正在下载第 195/197 页...
2026-02-25 04:03:52 - mkk_comic - app.py:582 - INFO - 正在下载第 196/197 页...
2026-02-25 04:03:52 - mkk_comic - app.py:582 - INFO - 正在下载第 197/197 页...
2026-02-25 04:03:52 - mkk_comic - app.py:511 - INFO - 下载完成!
2026-02-25 04:03:52 - mkk_comic - app.py:512 - INFO - 成功下载: 197/197 页
2026-02-25 04:03:52 - mkk_comic - app.py:838 - INFO - 【电锯人】上次下载至第74章
2026-02-25 04:03:53 - mkk_comic - app.py:845 - INFO - 【电锯人】检测到更新！最新：255章
2026-02-25 04:03:53 - mkk_comic - app.py:848 - INFO - 【电锯人】最大下载限制为5章-需下载75~79章）
2026-02-25 04:03:53 - mkk_comic - app.py:494 - INFO - 正在下载第75章: 第67话    UUID:832207d8-85fe-11ea-9902-00163e0ca5bd
2026-02-25 04:03:54 - mkk_comic - app.py:502 - INFO - 创建目录: ./out/電鋸人/第67话
2026-02-25 04:03:54 - mkk_comic - app.py:505 - INFO - 开始下载: 電鋸人 - 第67话
2026-02-25 04:03:54 - mkk_comic - app.py:506 - INFO - 总页数: 21
2026-02-25 04:03:54 - mkk_comic - app.py:582 - INFO - 正在下载第 001/021 页...
2026-02-25 04:03:54 - mkk_comic - app.py:582 - INFO - 正在下载第 002/021 页...
2026-02-25 04:03:54 - mkk_comic - app.py:582 - INFO - 正在下载第 003/021 页...
2026-02-25 04:03:54 - mkk_comic - app.py:582 - INFO - 正在下载第 004/021 页...
2026-02-25 04:03:54 - mkk_comic - app.py:582 - INFO - 正在下载第 005/021 页...
2026-02-25 04:03:54 - mkk_comic - app.py:582 - INFO - 正在下载第 006/021 页...
2026-02-25 04:03:54 - mkk_comic - app.py:582 - INFO - 正在下载第 007/021 页...
2026-02-25 04:03:54 - mkk_comic - app.py:582 - INFO - 正在下载第 008/021 页...
2026-02-25 04:03:54 - mkk_comic - app.py:582 - INFO - 正在下载第 009/021 页...
2026-02-25 04:03:54 - mkk_comic - app.py:582 - INFO - 正在下载第 010/021 页...
2026-02-25 04:03:54 - mkk_comic - app.py:582 - INFO - 正在下载第 011/021 页...
2026-02-25 04:03:54 - mkk_comic - app.py:582 - INFO - 正在下载第 012/021 页...
2026-02-25 04:03:54 - mkk_comic - app.py:582 - INFO - 正在下载第 013/021 页...
2026-02-25 04:03:55 - mkk_comic - app.py:582 - INFO - 正在下载第 014/021 页...
2026-02-25 04:03:55 - mkk_comic - app.py:582 - INFO - 正在下载第 015/021 页...
2026-02-25 04:03:55 - mkk_comic - app.py:582 - INFO - 正在下载第 016/021 页...
2026-02-25 04:03:55 - mkk_comic - app.py:582 - INFO - 正在下载第 017/021 页...
2026-02-25 04:03:55 - mkk_comic - app.py:582 - INFO - 正在下载第 018/021 页...
2026-02-25 04:03:55 - mkk_comic - app.py:582 - INFO - 正在下载第 019/021 页...
2026-02-25 04:03:55 - mkk_comic - app.py:582 - INFO - 正在下载第 020/021 页...
2026-02-25 04:03:55 - mkk_comic - app.py:582 - INFO - 正在下载第 021/021 页...
2026-02-25 04:03:55 - mkk_comic - app.py:511 - INFO - 下载完成!
2026-02-25 04:03:55 - mkk_comic - app.py:512 - INFO - 成功下载: 21/21 页
2026-02-25 04:03:56 - mkk_comic - app.py:494 - INFO - 正在下载第76章: 第68话    UUID:560a7d0c-9355-11ea-9dad-00163e0ca5bd
2026-02-25 04:03:56 - mkk_comic - app.py:502 - INFO - 创建目录: ./out/電鋸人/第68话
2026-02-25 04:03:56 - mkk_comic - app.py:505 - INFO - 开始下载: 電鋸人 - 第68话
2026-02-25 04:03:56 - mkk_comic - app.py:506 - INFO - 总页数: 20
2026-02-25 04:03:56 - mkk_comic - app.py:582 - INFO - 正在下载第 001/020 页...
2026-02-25 04:03:56 - mkk_comic - app.py:582 - INFO - 正在下载第 002/020 页...
2026-02-25 04:03:56 - mkk_comic - app.py:582 - INFO - 正在下载第 003/020 页...
2026-02-25 04:03:56 - mkk_comic - app.py:582 - INFO - 正在下载第 004/020 页...
2026-02-25 04:03:57 - mkk_comic - app.py:582 - INFO - 正在下载第 005/020 页...
2026-02-25 04:03:57 - mkk_comic - app.py:582 - INFO - 正在下载第 006/020 页...
2026-02-25 04:03:57 - mkk_comic - app.py:582 - INFO - 正在下载第 007/020 页...
2026-02-25 04:03:57 - mkk_comic - app.py:582 - INFO - 正在下载第 008/020 页...
2026-02-25 04:03:57 - mkk_comic - app.py:582 - INFO - 正在下载第 009/020 页...
2026-02-25 04:03:57 - mkk_comic - app.py:582 - INFO - 正在下载第 010/020 页...
2026-02-25 04:03:57 - mkk_comic - app.py:582 - INFO - 正在下载第 011/020 页...
2026-02-25 04:03:57 - mkk_comic - app.py:582 - INFO - 正在下载第 012/020 页...
2026-02-25 04:03:57 - mkk_comic - app.py:582 - INFO - 正在下载第 013/020 页...
2026-02-25 04:03:57 - mkk_comic - app.py:582 - INFO - 正在下载第 014/020 页...
2026-02-25 04:03:57 - mkk_comic - app.py:582 - INFO - 正在下载第 015/020 页...
2026-02-25 04:03:57 - mkk_comic - app.py:582 - INFO - 正在下载第 016/020 页...
2026-02-25 04:03:57 - mkk_comic - app.py:582 - INFO - 正在下载第 017/020 页...
2026-02-25 04:03:57 - mkk_comic - app.py:582 - INFO - 正在下载第 018/020 页...
2026-02-25 04:03:57 - mkk_comic - app.py:582 - INFO - 正在下载第 019/020 页...
2026-02-25 04:03:57 - mkk_comic - app.py:582 - INFO - 正在下载第 020/020 页...
2026-02-25 04:03:57 - mkk_comic - app.py:511 - INFO - 下载完成!
2026-02-25 04:03:57 - mkk_comic - app.py:512 - INFO - 成功下载: 20/20 页
2026-02-25 04:03:58 - mkk_comic - app.py:494 - INFO - 正在下载第77章: 第69话    UUID:87ea3b42-98bd-11ea-93b1-00163e0ca5bd
2026-02-25 04:03:59 - mkk_comic - app.py:502 - INFO - 创建目录: ./out/電鋸人/第69话
2026-02-25 04:03:59 - mkk_comic - app.py:505 - INFO - 开始下载: 電鋸人 - 第69话
2026-02-25 04:03:59 - mkk_comic - app.py:506 - INFO - 总页数: 19
2026-02-25 04:03:59 - mkk_comic - app.py:582 - INFO - 正在下载第 001/019 页...
2026-02-25 04:03:59 - mkk_comic - app.py:582 - INFO - 正在下载第 002/019 页...
2026-02-25 04:03:59 - mkk_comic - app.py:582 - INFO - 正在下载第 003/019 页...
2026-02-25 04:03:59 - mkk_comic - app.py:582 - INFO - 正在下载第 004/019 页...
2026-02-25 04:03:59 - mkk_comic - app.py:582 - INFO - 正在下载第 005/019 页...
2026-02-25 04:03:59 - mkk_comic - app.py:582 - INFO - 正在下载第 006/019 页...
2026-02-25 04:03:59 - mkk_comic - app.py:582 - INFO - 正在下载第 007/019 页...
2026-02-25 04:03:59 - mkk_comic - app.py:582 - INFO - 正在下载第 008/019 页...
2026-02-25 04:03:59 - mkk_comic - app.py:582 - INFO - 正在下载第 009/019 页...
2026-02-25 04:03:59 - mkk_comic - app.py:582 - INFO - 正在下载第 010/019 页...
2026-02-25 04:03:59 - mkk_comic - app.py:582 - INFO - 正在下载第 011/019 页...
2026-02-25 04:03:59 - mkk_comic - app.py:582 - INFO - 正在下载第 012/019 页...
2026-02-25 04:03:59 - mkk_comic - app.py:582 - INFO - 正在下载第 013/019 页...
2026-02-25 04:03:59 - mkk_comic - app.py:582 - INFO - 正在下载第 014/019 页...
2026-02-25 04:03:59 - mkk_comic - app.py:582 - INFO - 正在下载第 015/019 页...
2026-02-25 04:03:59 - mkk_comic - app.py:582 - INFO - 正在下载第 016/019 页...
2026-02-25 04:03:59 - mkk_comic - app.py:582 - INFO - 正在下载第 017/019 页...
2026-02-25 04:03:59 - mkk_comic - app.py:582 - INFO - 正在下载第 018/019 页...
2026-02-25 04:03:59 - mkk_comic - app.py:582 - INFO - 正在下载第 019/019 页...
2026-02-25 04:04:00 - mkk_comic - app.py:511 - INFO - 下载完成!
2026-02-25 04:04:00 - mkk_comic - app.py:512 - INFO - 成功下载: 19/19 页
2026-02-25 04:04:00 - mkk_comic - app.py:494 - INFO - 正在下载第78章: 第70话    UUID:cba2d140-9e81-11ea-97b5-00163e0ca5bd
2026-02-25 04:04:01 - mkk_comic - app.py:502 - INFO - 创建目录: ./out/電鋸人/第70话
2026-02-25 04:04:01 - mkk_comic - app.py:505 - INFO - 开始下载: 電鋸人 - 第70话
2026-02-25 04:04:01 - mkk_comic - app.py:506 - INFO - 总页数: 20
2026-02-25 04:04:01 - mkk_comic - app.py:582 - INFO - 正在下载第 001/020 页...
2026-02-25 04:04:01 - mkk_comic - app.py:582 - INFO - 正在下载第 002/020 页...
2026-02-25 04:04:01 - mkk_comic - app.py:582 - INFO - 正在下载第 003/020 页...
2026-02-25 04:04:01 - mkk_comic - app.py:582 - INFO - 正在下载第 004/020 页...
2026-02-25 04:04:01 - mkk_comic - app.py:582 - INFO - 正在下载第 005/020 页...
2026-02-25 04:04:01 - mkk_comic - app.py:582 - INFO - 正在下载第 006/020 页...
2026-02-25 04:04:01 - mkk_comic - app.py:582 - INFO - 正在下载第 007/020 页...
2026-02-25 04:04:01 - mkk_comic - app.py:582 - INFO - 正在下载第 008/020 页...
2026-02-25 04:04:01 - mkk_comic - app.py:582 - INFO - 正在下载第 009/020 页...
2026-02-25 04:04:01 - mkk_comic - app.py:582 - INFO - 正在下载第 010/020 页...
2026-02-25 04:04:01 - mkk_comic - app.py:582 - INFO - 正在下载第 011/020 页...
2026-02-25 04:04:01 - mkk_comic - app.py:582 - INFO - 正在下载第 012/020 页...
2026-02-25 04:04:01 - mkk_comic - app.py:582 - INFO - 正在下载第 013/020 页...
2026-02-25 04:04:01 - mkk_comic - app.py:582 - INFO - 正在下载第 014/020 页...
2026-02-25 04:04:01 - mkk_comic - app.py:582 - INFO - 正在下载第 015/020 页...
2026-02-25 04:04:02 - mkk_comic - app.py:582 - INFO - 正在下载第 016/020 页...
2026-02-25 04:04:02 - mkk_comic - app.py:582 - INFO - 正在下载第 017/020 页...
2026-02-25 04:04:02 - mkk_comic - app.py:582 - INFO - 正在下载第 018/020 页...
2026-02-25 04:04:02 - mkk_comic - app.py:582 - INFO - 正在下载第 019/020 页...
2026-02-25 04:04:02 - mkk_comic - app.py:582 - INFO - 正在下载第 020/020 页...
2026-02-25 04:04:02 - mkk_comic - app.py:511 - INFO - 下载完成!
2026-02-25 04:04:02 - mkk_comic - app.py:512 - INFO - 成功下载: 20/20 页
2026-02-25 04:04:03 - mkk_comic - app.py:494 - INFO - 正在下载第79章: 第71话    UUID:1a7b59d6-a599-11ea-9429-00163e0ca5bd
2026-02-25 04:04:03 - mkk_comic - app.py:502 - INFO - 创建目录: ./out/電鋸人/第71话
2026-02-25 04:04:03 - mkk_comic - app.py:505 - INFO - 开始下载: 電鋸人 - 第71话
2026-02-25 04:04:03 - mkk_comic - app.py:506 - INFO - 总页数: 23
2026-02-25 04:04:03 - mkk_comic - app.py:582 - INFO - 正在下载第 001/023 页...
2026-02-25 04:04:03 - mkk_comic - app.py:582 - INFO - 正在下载第 002/023 页...
2026-02-25 04:04:03 - mkk_comic - app.py:582 - INFO - 正在下载第 003/023 页...
2026-02-25 04:04:03 - mkk_comic - app.py:582 - INFO - 正在下载第 004/023 页...
2026-02-25 04:04:03 - mkk_comic - app.py:582 - INFO - 正在下载第 005/023 页...
2026-02-25 04:04:03 - mkk_comic - app.py:582 - INFO - 正在下载第 006/023 页...
2026-02-25 04:04:03 - mkk_comic - app.py:582 - INFO - 正在下载第 007/023 页...
2026-02-25 04:04:04 - mkk_comic - app.py:582 - INFO - 正在下载第 008/023 页...
2026-02-25 04:04:04 - mkk_comic - app.py:582 - INFO - 正在下载第 009/023 页...
2026-02-25 04:04:04 - mkk_comic - app.py:582 - INFO - 正在下载第 010/023 页...
2026-02-25 04:04:04 - mkk_comic - app.py:582 - INFO - 正在下载第 011/023 页...
2026-02-25 04:04:04 - mkk_comic - app.py:582 - INFO - 正在下载第 012/023 页...
2026-02-25 04:04:04 - mkk_comic - app.py:582 - INFO - 正在下载第 013/023 页...
2026-02-25 04:04:04 - mkk_comic - app.py:582 - INFO - 正在下载第 014/023 页...
2026-02-25 04:04:04 - mkk_comic - app.py:582 - INFO - 正在下载第 015/023 页...
2026-02-25 04:04:04 - mkk_comic - app.py:582 - INFO - 正在下载第 016/023 页...
2026-02-25 04:04:04 - mkk_comic - app.py:582 - INFO - 正在下载第 017/023 页...
2026-02-25 04:04:04 - mkk_comic - app.py:582 - INFO - 正在下载第 018/023 页...
2026-02-25 04:04:04 - mkk_comic - app.py:582 - INFO - 正在下载第 019/023 页...
2026-02-25 04:04:04 - mkk_comic - app.py:582 - INFO - 正在下载第 020/023 页...
2026-02-25 04:04:04 - mkk_comic - app.py:582 - INFO - 正在下载第 021/023 页...
2026-02-25 04:04:04 - mkk_comic - app.py:582 - INFO - 正在下载第 022/023 页...
2026-02-25 04:04:04 - mkk_comic - app.py:582 - INFO - 正在下载第 023/023 页...
2026-02-25 04:04:04 - mkk_comic - app.py:511 - INFO - 下载完成!
2026-02-25 04:04:04 - mkk_comic - app.py:512 - INFO - 成功下载: 23/23 页
2026-02-25 04:04:04 - mkk_comic - app.py:858 - INFO - ===== 检查更新完成 =====

