2026-05-06 04:57:19 - mkk_comic - app.py:868 - INFO - 运行环境：GitHub Actions（自动化模式）
2026-05-06 04:57:19 - mkk_comic - app.py:825 - INFO - ===== 开始检查更新=====
2026-05-06 04:57:19 - mkk_comic - app.py:843 - INFO - 【海贼王】上次下载至第386章
2026-05-06 04:57:20 - mkk_comic - app.py:846 - INFO - 该漫画更新至386章，不需要更新
2026-05-06 04:57:20 - mkk_comic - app.py:843 - INFO - 【电锯人】上次下载至第258章
2026-05-06 04:57:20 - mkk_comic - app.py:846 - INFO - 该漫画更新至258章，不需要更新
2026-05-06 04:57:20 - mkk_comic - app.py:843 - INFO - 【魔都精兵的奴隸】上次下载至第202章
2026-05-06 04:57:21 - mkk_comic - app.py:850 - INFO - 【魔都精兵的奴隸】检测到更新！最新：203章
2026-05-06 04:57:21 - mkk_comic - app.py:853 - INFO - 【魔都精兵的奴隸】最大下载限制为60章-需下载203~203章）
2026-05-06 04:57:22 - mkk_comic - app.py:494 - INFO - 正在下载第203章: 第179话    UUID:9b961e69-48a2-11f1-827d-fa163e02432f
2026-05-06 04:57:23 - mkk_comic - app.py:502 - INFO - 创建目录: ./out/魔都精兵的奴隸/第179话
2026-05-06 04:57:23 - mkk_comic - app.py:505 - INFO - 开始下载: 魔都精兵的奴隸 - 第179话
2026-05-06 04:57:23 - mkk_comic - app.py:506 - INFO - 总页数: 22
2026-05-06 04:57:23 - mkk_comic - app.py:587 - INFO - 正在下载第 001/022 页...
2026-05-06 04:57:23 - mkk_comic - app.py:587 - INFO - 正在下载第 002/022 页...
2026-05-06 04:57:23 - mkk_comic - app.py:587 - INFO - 正在下载第 003/022 页...
2026-05-06 04:57:23 - mkk_comic - app.py:587 - INFO - 正在下载第 004/022 页...
2026-05-06 04:57:23 - mkk_comic - app.py:587 - INFO - 正在下载第 005/022 页...
2026-05-06 04:57:23 - mkk_comic - app.py:587 - INFO - 正在下载第 006/022 页...
2026-05-06 04:57:23 - mkk_comic - app.py:587 - INFO - 正在下载第 007/022 页...
2026-05-06 04:57:23 - mkk_comic - app.py:587 - INFO - 正在下载第 008/022 页...
2026-05-06 04:57:23 - mkk_comic - app.py:587 - INFO - 正在下载第 009/022 页...
2026-05-06 04:57:23 - mkk_comic - app.py:587 - INFO - 正在下载第 010/022 页...
2026-05-06 04:57:23 - mkk_comic - app.py:587 - INFO - 正在下载第 011/022 页...
2026-05-06 04:57:23 - mkk_comic - app.py:587 - INFO - 正在下载第 012/022 页...
2026-05-06 04:57:23 - mkk_comic - app.py:587 - INFO - 正在下载第 013/022 页...
2026-05-06 04:57:23 - mkk_comic - app.py:587 - INFO - 正在下载第 014/022 页...
2026-05-06 04:57:23 - mkk_comic - app.py:587 - INFO - 正在下载第 015/022 页...
2026-05-06 04:57:23 - mkk_comic - app.py:587 - INFO - 正在下载第 016/022 页...
2026-05-06 04:57:23 - mkk_comic - app.py:587 - INFO - 正在下载第 017/022 页...
2026-05-06 04:57:23 - mkk_comic - app.py:587 - INFO - 正在下载第 018/022 页...
2026-05-06 04:57:23 - mkk_comic - app.py:587 - INFO - 正在下载第 019/022 页...
2026-05-06 04:57:23 - mkk_comic - app.py:587 - INFO - 正在下载第 020/022 页...
2026-05-06 04:57:23 - mkk_comic - app.py:587 - INFO - 正在下载第 021/022 页...
2026-05-06 04:57:23 - mkk_comic - app.py:587 - INFO - 正在下载第 022/022 页...
2026-05-06 04:57:23 - mkk_comic - app.py:511 - INFO - 下载完成!
2026-05-06 04:57:23 - mkk_comic - app.py:512 - INFO - 成功下载: 22/22 页
2026-05-06 04:57:23 - mkk_comic - app.py:523 - INFO - 章节下载完成，等待 5.1 秒后继续...
2026-05-06 04:57:28 - mkk_comic - app.py:843 - INFO - 【我獨自升級】上次下载至第201章
2026-05-06 04:57:29 - mkk_comic - app.py:846 - INFO - 该漫画更新至201章，不需要更新
2026-05-06 04:57:29 - mkk_comic - app.py:843 - INFO - 【迷宮干】上次下载至第149章
2026-05-06 04:57:30 - mkk_comic - app.py:846 - INFO - 该漫画更新至149章，不需要更新
2026-05-06 04:57:30 - mkk_comic - app.py:863 - INFO - ===== 检查更新完成 =====

