2026-03-08 03:54:47 - mkk_comic - app.py:868 - INFO - 运行环境：GitHub Actions（自动化模式）
2026-03-08 03:54:47 - mkk_comic - app.py:825 - INFO - ===== 开始检查更新=====
2026-03-08 03:54:47 - mkk_comic - app.py:843 - INFO - 【海贼王】上次下载至第179章
2026-03-08 03:54:48 - mkk_comic - app.py:850 - INFO - 【海贼王】检测到更新！最新：380章
2026-03-08 03:54:48 - mkk_comic - app.py:853 - INFO - 【海贼王】最大下载限制为10章-需下载180~189章）
2026-03-08 03:54:49 - mkk_comic - app.py:494 - INFO - 正在下载第180章: 975話    UUID:27b5fa9e-6ab2-11ea-bad0-024352452ce0
2026-03-08 03:54:49 - mkk_comic - app.py:502 - INFO - 创建目录: ./out/海贼王/975話
2026-03-08 03:54:49 - mkk_comic - app.py:505 - INFO - 开始下载: 海贼王 - 975話
2026-03-08 03:54:49 - mkk_comic - app.py:506 - INFO - 总页数: 16
2026-03-08 03:54:49 - mkk_comic - app.py:587 - INFO - 正在下载第 001/016 页...
2026-03-08 03:54:49 - mkk_comic - app.py:587 - INFO - 正在下载第 002/016 页...
2026-03-08 03:54:49 - mkk_comic - app.py:587 - INFO - 正在下载第 003/016 页...
2026-03-08 03:54:49 - mkk_comic - app.py:587 - INFO - 正在下载第 004/016 页...
2026-03-08 03:54:49 - mkk_comic - app.py:587 - INFO - 正在下载第 005/016 页...
2026-03-08 03:54:49 - mkk_comic - app.py:587 - INFO - 正在下载第 006/016 页...
2026-03-08 03:54:49 - mkk_comic - app.py:587 - INFO - 正在下载第 007/016 页...
2026-03-08 03:54:49 - mkk_comic - app.py:587 - INFO - 正在下载第 008/016 页...
2026-03-08 03:54:50 - mkk_comic - app.py:587 - INFO - 正在下载第 009/016 页...
2026-03-08 03:54:50 - mkk_comic - app.py:587 - INFO - 正在下载第 010/016 页...
2026-03-08 03:54:50 - mkk_comic - app.py:587 - INFO - 正在下载第 011/016 页...
2026-03-08 03:54:50 - mkk_comic - app.py:587 - INFO - 正在下载第 012/016 页...
2026-03-08 03:54:50 - mkk_comic - app.py:587 - INFO - 正在下载第 013/016 页...
2026-03-08 03:54:50 - mkk_comic - app.py:587 - INFO - 正在下载第 014/016 页...
2026-03-08 03:54:50 - mkk_comic - app.py:587 - INFO - 正在下载第 015/016 页...
2026-03-08 03:54:50 - mkk_comic - app.py:587 - INFO - 正在下载第 016/016 页...
2026-03-08 03:54:50 - mkk_comic - app.py:511 - INFO - 下载完成!
2026-03-08 03:54:50 - mkk_comic - app.py:512 - INFO - 成功下载: 16/16 页
2026-03-08 03:54:50 - mkk_comic - app.py:523 - INFO - 章节下载完成，等待 8.4 秒后继续...
2026-03-08 03:54:59 - mkk_comic - app.py:494 - INFO - 正在下载第181章: 976話    UUID:7aac39f8-75b3-11ea-bc5c-024352452ce0
2026-03-08 03:54:59 - mkk_comic - app.py:502 - INFO - 创建目录: ./out/海贼王/976話
2026-03-08 03:54:59 - mkk_comic - app.py:505 - INFO - 开始下载: 海贼王 - 976話
2026-03-08 03:54:59 - mkk_comic - app.py:506 - INFO - 总页数: 17
2026-03-08 03:54:59 - mkk_comic - app.py:587 - INFO - 正在下载第 001/017 页...
2026-03-08 03:54:59 - mkk_comic - app.py:587 - INFO - 正在下载第 002/017 页...
2026-03-08 03:54:59 - mkk_comic - app.py:587 - INFO - 正在下载第 003/017 页...
2026-03-08 03:54:59 - mkk_comic - app.py:587 - INFO - 正在下载第 004/017 页...
2026-03-08 03:54:59 - mkk_comic - app.py:587 - INFO - 正在下载第 005/017 页...
2026-03-08 03:54:59 - mkk_comic - app.py:587 - INFO - 正在下载第 006/017 页...
2026-03-08 03:54:59 - mkk_comic - app.py:587 - INFO - 正在下载第 007/017 页...
2026-03-08 03:54:59 - mkk_comic - app.py:587 - INFO - 正在下载第 008/017 页...
2026-03-08 03:54:59 - mkk_comic - app.py:587 - INFO - 正在下载第 009/017 页...
2026-03-08 03:54:59 - mkk_comic - app.py:587 - INFO - 正在下载第 010/017 页...
2026-03-08 03:54:59 - mkk_comic - app.py:587 - INFO - 正在下载第 011/017 页...
2026-03-08 03:55:00 - mkk_comic - app.py:587 - INFO - 正在下载第 012/017 页...
2026-03-08 03:55:00 - mkk_comic - app.py:587 - INFO - 正在下载第 013/017 页...
2026-03-08 03:55:00 - mkk_comic - app.py:587 - INFO - 正在下载第 014/017 页...
2026-03-08 03:55:00 - mkk_comic - app.py:587 - INFO - 正在下载第 015/017 页...
2026-03-08 03:55:00 - mkk_comic - app.py:587 - INFO - 正在下载第 016/017 页...
2026-03-08 03:55:00 - mkk_comic - app.py:587 - INFO - 正在下载第 017/017 页...
2026-03-08 03:55:00 - mkk_comic - app.py:511 - INFO - 下载完成!
2026-03-08 03:55:00 - mkk_comic - app.py:512 - INFO - 成功下载: 17/17 页
2026-03-08 03:55:00 - mkk_comic - app.py:523 - INFO - 章节下载完成，等待 9.1 秒后继续...
2026-03-08 03:55:09 - mkk_comic - app.py:494 - INFO - 正在下载第182章: 977話    UUID:d9f99b1a-7b14-11ea-bd16-024352452ce0
2026-03-08 03:55:10 - mkk_comic - app.py:502 - INFO - 创建目录: ./out/海贼王/977話
2026-03-08 03:55:10 - mkk_comic - app.py:505 - INFO - 开始下载: 海贼王 - 977話
2026-03-08 03:55:10 - mkk_comic - app.py:506 - INFO - 总页数: 15
2026-03-08 03:55:10 - mkk_comic - app.py:587 - INFO - 正在下载第 001/015 页...
2026-03-08 03:55:10 - mkk_comic - app.py:587 - INFO - 正在下载第 002/015 页...
2026-03-08 03:55:10 - mkk_comic - app.py:587 - INFO - 正在下载第 003/015 页...
2026-03-08 03:55:10 - mkk_comic - app.py:587 - INFO - 正在下载第 004/015 页...
2026-03-08 03:55:10 - mkk_comic - app.py:587 - INFO - 正在下载第 005/015 页...
2026-03-08 03:55:10 - mkk_comic - app.py:587 - INFO - 正在下载第 006/015 页...
2026-03-08 03:55:10 - mkk_comic - app.py:587 - INFO - 正在下载第 007/015 页...
2026-03-08 03:55:10 - mkk_comic - app.py:587 - INFO - 正在下载第 008/015 页...
2026-03-08 03:55:10 - mkk_comic - app.py:587 - INFO - 正在下载第 009/015 页...
2026-03-08 03:55:10 - mkk_comic - app.py:587 - INFO - 正在下载第 010/015 页...
2026-03-08 03:55:10 - mkk_comic - app.py:587 - INFO - 正在下载第 011/015 页...
2026-03-08 03:55:10 - mkk_comic - app.py:587 - INFO - 正在下载第 012/015 页...
2026-03-08 03:55:10 - mkk_comic - app.py:587 - INFO - 正在下载第 013/015 页...
2026-03-08 03:55:10 - mkk_comic - app.py:587 - INFO - 正在下载第 014/015 页...
2026-03-08 03:55:10 - mkk_comic - app.py:587 - INFO - 正在下载第 015/015 页...
2026-03-08 03:55:10 - mkk_comic - app.py:511 - INFO - 下载完成!
2026-03-08 03:55:10 - mkk_comic - app.py:512 - INFO - 成功下载: 15/15 页
2026-03-08 03:55:10 - mkk_comic - app.py:523 - INFO - 章节下载完成，等待 8.6 秒后继续...
2026-03-08 03:55:20 - mkk_comic - app.py:494 - INFO - 正在下载第183章: 978話    UUID:fdb8cb7e-86f0-11ea-be53-024352452ce0
2026-03-08 03:55:20 - mkk_comic - app.py:502 - INFO - 创建目录: ./out/海贼王/978話
2026-03-08 03:55:20 - mkk_comic - app.py:505 - INFO - 开始下载: 海贼王 - 978話
2026-03-08 03:55:20 - mkk_comic - app.py:506 - INFO - 总页数: 14
2026-03-08 03:55:20 - mkk_comic - app.py:587 - INFO - 正在下载第 001/014 页...
2026-03-08 03:55:20 - mkk_comic - app.py:587 - INFO - 正在下载第 002/014 页...
2026-03-08 03:55:20 - mkk_comic - app.py:587 - INFO - 正在下载第 003/014 页...
2026-03-08 03:55:20 - mkk_comic - app.py:587 - INFO - 正在下载第 004/014 页...
2026-03-08 03:55:20 - mkk_comic - app.py:587 - INFO - 正在下载第 005/014 页...
2026-03-08 03:55:20 - mkk_comic - app.py:587 - INFO - 正在下载第 006/014 页...
2026-03-08 03:55:20 - mkk_comic - app.py:587 - INFO - 正在下载第 007/014 页...
2026-03-08 03:55:20 - mkk_comic - app.py:587 - INFO - 正在下载第 008/014 页...
2026-03-08 03:55:20 - mkk_comic - app.py:587 - INFO - 正在下载第 009/014 页...
2026-03-08 03:55:20 - mkk_comic - app.py:587 - INFO - 正在下载第 010/014 页...
2026-03-08 03:55:20 - mkk_comic - app.py:587 - INFO - 正在下载第 011/014 页...
2026-03-08 03:55:20 - mkk_comic - app.py:587 - INFO - 正在下载第 012/014 页...
2026-03-08 03:55:20 - mkk_comic - app.py:587 - INFO - 正在下载第 013/014 页...
2026-03-08 03:55:20 - mkk_comic - app.py:587 - INFO - 正在下载第 014/014 页...
2026-03-08 03:55:20 - mkk_comic - app.py:511 - INFO - 下载完成!
2026-03-08 03:55:20 - mkk_comic - app.py:512 - INFO - 成功下载: 14/14 页
2026-03-08 03:55:20 - mkk_comic - app.py:523 - INFO - 章节下载完成，等待 9.9 秒后继续...
2026-03-08 03:55:31 - mkk_comic - app.py:494 - INFO - 正在下载第184章: 979話    UUID:b8be6e84-913d-11ea-8125-024352452ce0
2026-03-08 03:55:32 - mkk_comic - app.py:502 - INFO - 创建目录: ./out/海贼王/979話
2026-03-08 03:55:32 - mkk_comic - app.py:505 - INFO - 开始下载: 海贼王 - 979話
2026-03-08 03:55:32 - mkk_comic - app.py:506 - INFO - 总页数: 17
2026-03-08 03:55:32 - mkk_comic - app.py:587 - INFO - 正在下载第 001/017 页...
2026-03-08 03:55:32 - mkk_comic - app.py:587 - INFO - 正在下载第 002/017 页...
2026-03-08 03:55:32 - mkk_comic - app.py:587 - INFO - 正在下载第 003/017 页...
2026-03-08 03:55:32 - mkk_comic - app.py:587 - INFO - 正在下载第 004/017 页...
2026-03-08 03:55:32 - mkk_comic - app.py:587 - INFO - 正在下载第 005/017 页...
2026-03-08 03:55:32 - mkk_comic - app.py:587 - INFO - 正在下载第 006/017 页...
2026-03-08 03:55:32 - mkk_comic - app.py:587 - INFO - 正在下载第 007/017 页...
2026-03-08 03:55:32 - mkk_comic - app.py:587 - INFO - 正在下载第 008/017 页...
2026-03-08 03:55:32 - mkk_comic - app.py:587 - INFO - 正在下载第 009/017 页...
2026-03-08 03:55:32 - mkk_comic - app.py:587 - INFO - 正在下载第 010/017 页...
2026-03-08 03:55:32 - mkk_comic - app.py:587 - INFO - 正在下载第 011/017 页...
2026-03-08 03:55:32 - mkk_comic - app.py:587 - INFO - 正在下载第 012/017 页...
2026-03-08 03:55:32 - mkk_comic - app.py:587 - INFO - 正在下载第 013/017 页...
2026-03-08 03:55:32 - mkk_comic - app.py:587 - INFO - 正在下载第 014/017 页...
2026-03-08 03:55:32 - mkk_comic - app.py:587 - INFO - 正在下载第 015/017 页...
2026-03-08 03:55:32 - mkk_comic - app.py:587 - INFO - 正在下载第 016/017 页...
2026-03-08 03:55:32 - mkk_comic - app.py:587 - INFO - 正在下载第 017/017 页...
2026-03-08 03:55:32 - mkk_comic - app.py:511 - INFO - 下载完成!
2026-03-08 03:55:32 - mkk_comic - app.py:512 - INFO - 成功下载: 17/17 页
2026-03-08 03:55:32 - mkk_comic - app.py:523 - INFO - 章节下载完成，等待 7.4 秒后继续...
2026-03-08 03:55:40 - mkk_comic - app.py:494 - INFO - 正在下载第185章: 980話    UUID:9fee8b2c-9cea-11ea-82c8-024352452ce0
2026-03-08 03:55:41 - mkk_comic - app.py:502 - INFO - 创建目录: ./out/海贼王/980話
2026-03-08 03:55:41 - mkk_comic - app.py:505 - INFO - 开始下载: 海贼王 - 980話
2026-03-08 03:55:41 - mkk_comic - app.py:506 - INFO - 总页数: 17
2026-03-08 03:55:41 - mkk_comic - app.py:587 - INFO - 正在下载第 001/017 页...
2026-03-08 03:55:41 - mkk_comic - app.py:587 - INFO - 正在下载第 002/017 页...
2026-03-08 03:55:41 - mkk_comic - app.py:587 - INFO - 正在下载第 003/017 页...
2026-03-08 03:55:41 - mkk_comic - app.py:587 - INFO - 正在下载第 004/017 页...
2026-03-08 03:55:41 - mkk_comic - app.py:587 - INFO - 正在下载第 005/017 页...
2026-03-08 03:55:41 - mkk_comic - app.py:587 - INFO - 正在下载第 006/017 页...
2026-03-08 03:55:41 - mkk_comic - app.py:587 - INFO - 正在下载第 007/017 页...
2026-03-08 03:55:41 - mkk_comic - app.py:587 - INFO - 正在下载第 008/017 页...
2026-03-08 03:55:41 - mkk_comic - app.py:587 - INFO - 正在下载第 009/017 页...
2026-03-08 03:55:41 - mkk_comic - app.py:587 - INFO - 正在下载第 010/017 页...
2026-03-08 03:55:41 - mkk_comic - app.py:587 - INFO - 正在下载第 011/017 页...
2026-03-08 03:55:41 - mkk_comic - app.py:587 - INFO - 正在下载第 012/017 页...
2026-03-08 03:55:41 - mkk_comic - app.py:587 - INFO - 正在下载第 013/017 页...
2026-03-08 03:55:41 - mkk_comic - app.py:587 - INFO - 正在下载第 014/017 页...
2026-03-08 03:55:41 - mkk_comic - app.py:587 - INFO - 正在下载第 015/017 页...
2026-03-08 03:55:41 - mkk_comic - app.py:587 - INFO - 正在下载第 016/017 页...
2026-03-08 03:55:41 - mkk_comic - app.py:587 - INFO - 正在下载第 017/017 页...
2026-03-08 03:55:41 - mkk_comic - app.py:511 - INFO - 下载完成!
2026-03-08 03:55:41 - mkk_comic - app.py:512 - INFO - 成功下载: 17/17 页
2026-03-08 03:55:41 - mkk_comic - app.py:523 - INFO - 章节下载完成，等待 8.3 秒后继续...
2026-03-08 03:55:50 - mkk_comic - app.py:494 - INFO - 正在下载第186章: 981話    UUID:46a7fee4-a7ae-11ea-844c-024352452ce0
2026-03-08 03:55:50 - mkk_comic - app.py:502 - INFO - 创建目录: ./out/海贼王/981話
2026-03-08 03:55:50 - mkk_comic - app.py:505 - INFO - 开始下载: 海贼王 - 981話
2026-03-08 03:55:50 - mkk_comic - app.py:506 - INFO - 总页数: 18
2026-03-08 03:55:50 - mkk_comic - app.py:587 - INFO - 正在下载第 001/018 页...
2026-03-08 03:55:50 - mkk_comic - app.py:587 - INFO - 正在下载第 002/018 页...
2026-03-08 03:55:50 - mkk_comic - app.py:587 - INFO - 正在下载第 003/018 页...
2026-03-08 03:55:50 - mkk_comic - app.py:587 - INFO - 正在下载第 004/018 页...
2026-03-08 03:55:50 - mkk_comic - app.py:587 - INFO - 正在下载第 005/018 页...
2026-03-08 03:55:50 - mkk_comic - app.py:587 - INFO - 正在下载第 006/018 页...
2026-03-08 03:55:50 - mkk_comic - app.py:587 - INFO - 正在下载第 007/018 页...
2026-03-08 03:55:50 - mkk_comic - app.py:587 - INFO - 正在下载第 008/018 页...
2026-03-08 03:55:50 - mkk_comic - app.py:587 - INFO - 正在下载第 009/018 页...
2026-03-08 03:55:50 - mkk_comic - app.py:587 - INFO - 正在下载第 010/018 页...
2026-03-08 03:55:51 - mkk_comic - app.py:587 - INFO - 正在下载第 011/018 页...
2026-03-08 03:55:51 - mkk_comic - app.py:587 - INFO - 正在下载第 012/018 页...
2026-03-08 03:55:51 - mkk_comic - app.py:587 - INFO - 正在下载第 013/018 页...
2026-03-08 03:55:51 - mkk_comic - app.py:587 - INFO - 正在下载第 014/018 页...
2026-03-08 03:55:51 - mkk_comic - app.py:587 - INFO - 正在下载第 015/018 页...
2026-03-08 03:55:51 - mkk_comic - app.py:587 - INFO - 正在下载第 016/018 页...
2026-03-08 03:55:51 - mkk_comic - app.py:587 - INFO - 正在下载第 017/018 页...
2026-03-08 03:55:51 - mkk_comic - app.py:587 - INFO - 正在下载第 018/018 页...
2026-03-08 03:55:51 - mkk_comic - app.py:511 - INFO - 下载完成!
2026-03-08 03:55:51 - mkk_comic - app.py:512 - INFO - 成功下载: 18/18 页
2026-03-08 03:55:51 - mkk_comic - app.py:523 - INFO - 章节下载完成，等待 7.7 秒后继续...
2026-03-08 03:55:59 - mkk_comic - app.py:494 - INFO - 正在下载第187章: 982話    UUID:3e21b090-aca8-11ea-84cf-024352452ce0
2026-03-08 03:56:00 - mkk_comic - app.py:502 - INFO - 创建目录: ./out/海贼王/982話
2026-03-08 03:56:00 - mkk_comic - app.py:505 - INFO - 开始下载: 海贼王 - 982話
2026-03-08 03:56:00 - mkk_comic - app.py:506 - INFO - 总页数: 17
2026-03-08 03:56:00 - mkk_comic - app.py:587 - INFO - 正在下载第 001/017 页...
2026-03-08 03:56:00 - mkk_comic - app.py:587 - INFO - 正在下载第 002/017 页...
2026-03-08 03:56:00 - mkk_comic - app.py:587 - INFO - 正在下载第 003/017 页...
2026-03-08 03:56:00 - mkk_comic - app.py:587 - INFO - 正在下载第 004/017 页...
2026-03-08 03:56:00 - mkk_comic - app.py:587 - INFO - 正在下载第 005/017 页...
2026-03-08 03:56:00 - mkk_comic - app.py:587 - INFO - 正在下载第 006/017 页...
2026-03-08 03:56:00 - mkk_comic - app.py:587 - INFO - 正在下载第 007/017 页...
2026-03-08 03:56:00 - mkk_comic - app.py:587 - INFO - 正在下载第 008/017 页...
2026-03-08 03:56:00 - mkk_comic - app.py:587 - INFO - 正在下载第 009/017 页...
2026-03-08 03:56:00 - mkk_comic - app.py:587 - INFO - 正在下载第 010/017 页...
2026-03-08 03:56:00 - mkk_comic - app.py:587 - INFO - 正在下载第 011/017 页...
2026-03-08 03:56:00 - mkk_comic - app.py:587 - INFO - 正在下载第 012/017 页...
2026-03-08 03:56:00 - mkk_comic - app.py:587 - INFO - 正在下载第 013/017 页...
2026-03-08 03:56:00 - mkk_comic - app.py:587 - INFO - 正在下载第 014/017 页...
2026-03-08 03:56:00 - mkk_comic - app.py:587 - INFO - 正在下载第 015/017 页...
2026-03-08 03:56:00 - mkk_comic - app.py:587 - INFO - 正在下载第 016/017 页...
2026-03-08 03:56:00 - mkk_comic - app.py:587 - INFO - 正在下载第 017/017 页...
2026-03-08 03:56:00 - mkk_comic - app.py:511 - INFO - 下载完成!
2026-03-08 03:56:00 - mkk_comic - app.py:512 - INFO - 成功下载: 17/17 页
2026-03-08 03:56:00 - mkk_comic - app.py:523 - INFO - 章节下载完成，等待 5.0 秒后继续...
2026-03-08 03:56:06 - mkk_comic - app.py:494 - INFO - 正在下载第188章: 983話    UUID:acefcb12-b228-11ea-859a-024352452ce0
2026-03-08 03:56:06 - mkk_comic - app.py:502 - INFO - 创建目录: ./out/海贼王/983話
2026-03-08 03:56:06 - mkk_comic - app.py:505 - INFO - 开始下载: 海贼王 - 983話
2026-03-08 03:56:06 - mkk_comic - app.py:506 - INFO - 总页数: 16
2026-03-08 03:56:06 - mkk_comic - app.py:587 - INFO - 正在下载第 001/016 页...
2026-03-08 03:56:06 - mkk_comic - app.py:587 - INFO - 正在下载第 002/016 页...
2026-03-08 03:56:06 - mkk_comic - app.py:587 - INFO - 正在下载第 003/016 页...
2026-03-08 03:56:06 - mkk_comic - app.py:587 - INFO - 正在下载第 004/016 页...
2026-03-08 03:56:06 - mkk_comic - app.py:587 - INFO - 正在下载第 005/016 页...
2026-03-08 03:56:06 - mkk_comic - app.py:587 - INFO - 正在下载第 006/016 页...
2026-03-08 03:56:06 - mkk_comic - app.py:587 - INFO - 正在下载第 007/016 页...
2026-03-08 03:56:06 - mkk_comic - app.py:587 - INFO - 正在下载第 008/016 页...
2026-03-08 03:56:06 - mkk_comic - app.py:587 - INFO - 正在下载第 009/016 页...
2026-03-08 03:56:06 - mkk_comic - app.py:587 - INFO - 正在下载第 010/016 页...
2026-03-08 03:56:06 - mkk_comic - app.py:587 - INFO - 正在下载第 011/016 页...
2026-03-08 03:56:06 - mkk_comic - app.py:587 - INFO - 正在下载第 012/016 页...
2026-03-08 03:56:06 - mkk_comic - app.py:587 - INFO - 正在下载第 013/016 页...
2026-03-08 03:56:06 - mkk_comic - app.py:587 - INFO - 正在下载第 014/016 页...
2026-03-08 03:56:06 - mkk_comic - app.py:587 - INFO - 正在下载第 015/016 页...
2026-03-08 03:56:06 - mkk_comic - app.py:587 - INFO - 正在下载第 016/016 页...
2026-03-08 03:56:06 - mkk_comic - app.py:511 - INFO - 下载完成!
2026-03-08 03:56:06 - mkk_comic - app.py:512 - INFO - 成功下载: 16/16 页
2026-03-08 03:56:06 - mkk_comic - app.py:523 - INFO - 章节下载完成，等待 9.1 秒后继续...
2026-03-08 03:56:16 - mkk_comic - app.py:494 - INFO - 正在下载第189章: 984話    UUID:b5008050-bdf7-11ea-8679-024352452ce0
2026-03-08 03:56:17 - mkk_comic - app.py:502 - INFO - 创建目录: ./out/海贼王/984話
2026-03-08 03:56:17 - mkk_comic - app.py:505 - INFO - 开始下载: 海贼王 - 984話
2026-03-08 03:56:17 - mkk_comic - app.py:506 - INFO - 总页数: 14
2026-03-08 03:56:17 - mkk_comic - app.py:587 - INFO - 正在下载第 001/014 页...
2026-03-08 03:56:17 - mkk_comic - app.py:587 - INFO - 正在下载第 002/014 页...
2026-03-08 03:56:17 - mkk_comic - app.py:587 - INFO - 正在下载第 003/014 页...
2026-03-08 03:56:17 - mkk_comic - app.py:587 - INFO - 正在下载第 004/014 页...
2026-03-08 03:56:17 - mkk_comic - app.py:587 - INFO - 正在下载第 005/014 页...
2026-03-08 03:56:17 - mkk_comic - app.py:587 - INFO - 正在下载第 006/014 页...
2026-03-08 03:56:17 - mkk_comic - app.py:587 - INFO - 正在下载第 007/014 页...
2026-03-08 03:56:17 - mkk_comic - app.py:587 - INFO - 正在下载第 008/014 页...
2026-03-08 03:56:17 - mkk_comic - app.py:587 - INFO - 正在下载第 009/014 页...
2026-03-08 03:56:17 - mkk_comic - app.py:587 - INFO - 正在下载第 010/014 页...
2026-03-08 03:56:17 - mkk_comic - app.py:587 - INFO - 正在下载第 011/014 页...
2026-03-08 03:56:17 - mkk_comic - app.py:587 - INFO - 正在下载第 012/014 页...
2026-03-08 03:56:17 - mkk_comic - app.py:587 - INFO - 正在下载第 013/014 页...
2026-03-08 03:56:17 - mkk_comic - app.py:587 - INFO - 正在下载第 014/014 页...
2026-03-08 03:56:17 - mkk_comic - app.py:511 - INFO - 下载完成!
2026-03-08 03:56:17 - mkk_comic - app.py:512 - INFO - 成功下载: 14/14 页
2026-03-08 03:56:17 - mkk_comic - app.py:523 - INFO - 章节下载完成，等待 7.8 秒后继续...
2026-03-08 03:56:25 - mkk_comic - app.py:843 - INFO - 【电锯人】上次下载至第219章
2026-03-08 03:56:25 - mkk_comic - app.py:850 - INFO - 【电锯人】检测到更新！最新：256章
2026-03-08 03:56:25 - mkk_comic - app.py:853 - INFO - 【电锯人】最大下载限制为15章-需下载220~234章）
2026-03-08 03:56:26 - mkk_comic - app.py:494 - INFO - 正在下载第220章: 第196话    UUID:4c2529ab-0b7a-11f0-a600-fa163e02432f
2026-03-08 03:56:27 - mkk_comic - app.py:502 - INFO - 创建目录: ./out/電鋸人/第196话
2026-03-08 03:56:27 - mkk_comic - app.py:505 - INFO - 开始下载: 電鋸人 - 第196话
2026-03-08 03:56:27 - mkk_comic - app.py:506 - INFO - 总页数: 15
2026-03-08 03:56:27 - mkk_comic - app.py:587 - INFO - 正在下载第 001/015 页...
2026-03-08 03:56:27 - mkk_comic - app.py:587 - INFO - 正在下载第 002/015 页...
2026-03-08 03:56:27 - mkk_comic - app.py:587 - INFO - 正在下载第 003/015 页...
2026-03-08 03:56:27 - mkk_comic - app.py:587 - INFO - 正在下载第 004/015 页...
2026-03-08 03:56:27 - mkk_comic - app.py:587 - INFO - 正在下载第 005/015 页...
2026-03-08 03:56:27 - mkk_comic - app.py:587 - INFO - 正在下载第 006/015 页...
2026-03-08 03:56:27 - mkk_comic - app.py:587 - INFO - 正在下载第 007/015 页...
2026-03-08 03:56:27 - mkk_comic - app.py:587 - INFO - 正在下载第 008/015 页...
2026-03-08 03:56:27 - mkk_comic - app.py:587 - INFO - 正在下载第 009/015 页...
2026-03-08 03:56:27 - mkk_comic - app.py:587 - INFO - 正在下载第 010/015 页...
2026-03-08 03:56:27 - mkk_comic - app.py:587 - INFO - 正在下载第 011/015 页...
2026-03-08 03:56:27 - mkk_comic - app.py:587 - INFO - 正在下载第 012/015 页...
2026-03-08 03:56:27 - mkk_comic - app.py:587 - INFO - 正在下载第 013/015 页...
2026-03-08 03:56:27 - mkk_comic - app.py:587 - INFO - 正在下载第 014/015 页...
2026-03-08 03:56:27 - mkk_comic - app.py:587 - INFO - 正在下载第 015/015 页...
2026-03-08 03:56:27 - mkk_comic - app.py:511 - INFO - 下载完成!
2026-03-08 03:56:27 - mkk_comic - app.py:512 - INFO - 成功下载: 15/15 页
2026-03-08 03:56:27 - mkk_comic - app.py:523 - INFO - 章节下载完成，等待 9.5 秒后继续...
2026-03-08 03:56:37 - mkk_comic - app.py:494 - INFO - 正在下载第221章: 第197话    UUID:57dea64e-0b7a-11f0-99ad-fa163e02432f
2026-03-08 03:56:38 - mkk_comic - app.py:502 - INFO - 创建目录: ./out/電鋸人/第197话
2026-03-08 03:56:38 - mkk_comic - app.py:505 - INFO - 开始下载: 電鋸人 - 第197话
2026-03-08 03:56:38 - mkk_comic - app.py:506 - INFO - 总页数: 16
2026-03-08 03:56:38 - mkk_comic - app.py:587 - INFO - 正在下载第 001/016 页...
2026-03-08 03:56:38 - mkk_comic - app.py:587 - INFO - 正在下载第 002/016 页...
2026-03-08 03:56:38 - mkk_comic - app.py:587 - INFO - 正在下载第 003/016 页...
2026-03-08 03:56:38 - mkk_comic - app.py:587 - INFO - 正在下载第 004/016 页...
2026-03-08 03:56:38 - mkk_comic - app.py:587 - INFO - 正在下载第 005/016 页...
2026-03-08 03:56:38 - mkk_comic - app.py:587 - INFO - 正在下载第 006/016 页...
2026-03-08 03:56:38 - mkk_comic - app.py:587 - INFO - 正在下载第 007/016 页...
2026-03-08 03:56:38 - mkk_comic - app.py:587 - INFO - 正在下载第 008/016 页...
2026-03-08 03:56:38 - mkk_comic - app.py:587 - INFO - 正在下载第 009/016 页...
2026-03-08 03:56:38 - mkk_comic - app.py:587 - INFO - 正在下载第 010/016 页...
2026-03-08 03:56:38 - mkk_comic - app.py:587 - INFO - 正在下载第 011/016 页...
2026-03-08 03:56:38 - mkk_comic - app.py:587 - INFO - 正在下载第 012/016 页...
2026-03-08 03:56:38 - mkk_comic - app.py:587 - INFO - 正在下载第 013/016 页...
2026-03-08 03:56:38 - mkk_comic - app.py:587 - INFO - 正在下载第 014/016 页...
2026-03-08 03:56:38 - mkk_comic - app.py:587 - INFO - 正在下载第 015/016 页...
2026-03-08 03:56:38 - mkk_comic - app.py:587 - INFO - 正在下载第 016/016 页...
2026-03-08 03:56:38 - mkk_comic - app.py:511 - INFO - 下载完成!
2026-03-08 03:56:38 - mkk_comic - app.py:512 - INFO - 成功下载: 16/16 页
2026-03-08 03:56:38 - mkk_comic - app.py:523 - INFO - 章节下载完成，等待 7.9 秒后继续...
2026-03-08 03:56:46 - mkk_comic - app.py:494 - INFO - 正在下载第222章: 第198话    UUID:c8831a4e-1527-11f0-887a-fa163e02432f
2026-03-08 03:56:47 - mkk_comic - app.py:502 - INFO - 创建目录: ./out/電鋸人/第198话
2026-03-08 03:56:47 - mkk_comic - app.py:505 - INFO - 开始下载: 電鋸人 - 第198话
2026-03-08 03:56:47 - mkk_comic - app.py:506 - INFO - 总页数: 15
2026-03-08 03:56:47 - mkk_comic - app.py:587 - INFO - 正在下载第 001/015 页...
2026-03-08 03:56:47 - mkk_comic - app.py:587 - INFO - 正在下载第 002/015 页...
2026-03-08 03:56:47 - mkk_comic - app.py:587 - INFO - 正在下载第 003/015 页...
2026-03-08 03:56:47 - mkk_comic - app.py:587 - INFO - 正在下载第 004/015 页...
2026-03-08 03:56:47 - mkk_comic - app.py:587 - INFO - 正在下载第 005/015 页...
2026-03-08 03:56:47 - mkk_comic - app.py:587 - INFO - 正在下载第 006/015 页...
2026-03-08 03:56:47 - mkk_comic - app.py:587 - INFO - 正在下载第 007/015 页...
2026-03-08 03:56:47 - mkk_comic - app.py:587 - INFO - 正在下载第 008/015 页...
2026-03-08 03:56:47 - mkk_comic - app.py:587 - INFO - 正在下载第 009/015 页...
2026-03-08 03:56:47 - mkk_comic - app.py:587 - INFO - 正在下载第 010/015 页...
2026-03-08 03:56:47 - mkk_comic - app.py:587 - INFO - 正在下载第 011/015 页...
2026-03-08 03:56:47 - mkk_comic - app.py:587 - INFO - 正在下载第 012/015 页...
2026-03-08 03:56:47 - mkk_comic - app.py:587 - INFO - 正在下载第 013/015 页...
2026-03-08 03:56:47 - mkk_comic - app.py:587 - INFO - 正在下载第 014/015 页...
2026-03-08 03:56:47 - mkk_comic - app.py:587 - INFO - 正在下载第 015/015 页...
2026-03-08 03:56:47 - mkk_comic - app.py:511 - INFO - 下载完成!
2026-03-08 03:56:47 - mkk_comic - app.py:512 - INFO - 成功下载: 15/15 页
2026-03-08 03:56:47 - mkk_comic - app.py:523 - INFO - 章节下载完成，等待 6.7 秒后继续...
2026-03-08 03:56:55 - mkk_comic - app.py:494 - INFO - 正在下载第223章: 第199话    UUID:cd8016bd-1527-11f0-8b12-fa163e02432f
2026-03-08 03:56:55 - mkk_comic - app.py:502 - INFO - 创建目录: ./out/電鋸人/第199话
2026-03-08 03:56:55 - mkk_comic - app.py:505 - INFO - 开始下载: 電鋸人 - 第199话
2026-03-08 03:56:55 - mkk_comic - app.py:506 - INFO - 总页数: 15
2026-03-08 03:56:55 - mkk_comic - app.py:587 - INFO - 正在下载第 001/015 页...
2026-03-08 03:56:55 - mkk_comic - app.py:587 - INFO - 正在下载第 002/015 页...
2026-03-08 03:56:55 - mkk_comic - app.py:587 - INFO - 正在下载第 003/015 页...
2026-03-08 03:56:55 - mkk_comic - app.py:587 - INFO - 正在下载第 004/015 页...
2026-03-08 03:56:55 - mkk_comic - app.py:587 - INFO - 正在下载第 005/015 页...
2026-03-08 03:56:55 - mkk_comic - app.py:587 - INFO - 正在下载第 006/015 页...
2026-03-08 03:56:55 - mkk_comic - app.py:587 - INFO - 正在下载第 007/015 页...
2026-03-08 03:56:55 - mkk_comic - app.py:587 - INFO - 正在下载第 008/015 页...
2026-03-08 03:56:55 - mkk_comic - app.py:587 - INFO - 正在下载第 009/015 页...
2026-03-08 03:56:55 - mkk_comic - app.py:587 - INFO - 正在下载第 010/015 页...
2026-03-08 03:56:55 - mkk_comic - app.py:587 - INFO - 正在下载第 011/015 页...
2026-03-08 03:56:56 - mkk_comic - app.py:587 - INFO - 正在下载第 012/015 页...
2026-03-08 03:56:56 - mkk_comic - app.py:587 - INFO - 正在下载第 013/015 页...
2026-03-08 03:56:56 - mkk_comic - app.py:587 - INFO - 正在下载第 014/015 页...
2026-03-08 03:56:56 - mkk_comic - app.py:587 - INFO - 正在下载第 015/015 页...
2026-03-08 03:56:56 - mkk_comic - app.py:511 - INFO - 下载完成!
2026-03-08 03:56:56 - mkk_comic - app.py:512 - INFO - 成功下载: 15/15 页
2026-03-08 03:56:56 - mkk_comic - app.py:523 - INFO - 章节下载完成，等待 5.2 秒后继续...
2026-03-08 03:57:01 - mkk_comic - app.py:494 - INFO - 正在下载第224章: 第200话    UUID:2b1894c3-1e8d-11f0-a0bf-fa163e02432f
2026-03-08 03:57:02 - mkk_comic - app.py:502 - INFO - 创建目录: ./out/電鋸人/第200话
2026-03-08 03:57:02 - mkk_comic - app.py:505 - INFO - 开始下载: 電鋸人 - 第200话
2026-03-08 03:57:02 - mkk_comic - app.py:506 - INFO - 总页数: 15
2026-03-08 03:57:02 - mkk_comic - app.py:587 - INFO - 正在下载第 001/015 页...
2026-03-08 03:57:02 - mkk_comic - app.py:587 - INFO - 正在下载第 002/015 页...
2026-03-08 03:57:02 - mkk_comic - app.py:587 - INFO - 正在下载第 003/015 页...
2026-03-08 03:57:02 - mkk_comic - app.py:587 - INFO - 正在下载第 004/015 页...
2026-03-08 03:57:02 - mkk_comic - app.py:587 - INFO - 正在下载第 005/015 页...
2026-03-08 03:57:02 - mkk_comic - app.py:587 - INFO - 正在下载第 006/015 页...
2026-03-08 03:57:02 - mkk_comic - app.py:587 - INFO - 正在下载第 007/015 页...
2026-03-08 03:57:02 - mkk_comic - app.py:587 - INFO - 正在下载第 008/015 页...
2026-03-08 03:57:02 - mkk_comic - app.py:587 - INFO - 正在下载第 009/015 页...
2026-03-08 03:57:02 - mkk_comic - app.py:587 - INFO - 正在下载第 010/015 页...
2026-03-08 03:57:02 - mkk_comic - app.py:587 - INFO - 正在下载第 011/015 页...
2026-03-08 03:57:02 - mkk_comic - app.py:587 - INFO - 正在下载第 012/015 页...
2026-03-08 03:57:02 - mkk_comic - app.py:587 - INFO - 正在下载第 013/015 页...
2026-03-08 03:57:02 - mkk_comic - app.py:587 - INFO - 正在下载第 014/015 页...
2026-03-08 03:57:02 - mkk_comic - app.py:587 - INFO - 正在下载第 015/015 页...
2026-03-08 03:57:02 - mkk_comic - app.py:511 - INFO - 下载完成!
2026-03-08 03:57:02 - mkk_comic - app.py:512 - INFO - 成功下载: 15/15 页
2026-03-08 03:57:02 - mkk_comic - app.py:523 - INFO - 章节下载完成，等待 7.8 秒后继续...
2026-03-08 03:57:11 - mkk_comic - app.py:494 - INFO - 正在下载第225章: 第201话    UUID:260f9d14-2562-11f0-888a-fa163e02432f
2026-03-08 03:57:11 - mkk_comic - app.py:502 - INFO - 创建目录: ./out/電鋸人/第201话
2026-03-08 03:57:11 - mkk_comic - app.py:505 - INFO - 开始下载: 電鋸人 - 第201话
2026-03-08 03:57:11 - mkk_comic - app.py:506 - INFO - 总页数: 15
2026-03-08 03:57:11 - mkk_comic - app.py:587 - INFO - 正在下载第 001/015 页...
2026-03-08 03:57:11 - mkk_comic - app.py:587 - INFO - 正在下载第 002/015 页...
2026-03-08 03:57:11 - mkk_comic - app.py:587 - INFO - 正在下载第 003/015 页...
2026-03-08 03:57:11 - mkk_comic - app.py:587 - INFO - 正在下载第 004/015 页...
2026-03-08 03:57:11 - mkk_comic - app.py:587 - INFO - 正在下载第 005/015 页...
2026-03-08 03:57:11 - mkk_comic - app.py:587 - INFO - 正在下载第 006/015 页...
2026-03-08 03:57:11 - mkk_comic - app.py:587 - INFO - 正在下载第 007/015 页...
2026-03-08 03:57:11 - mkk_comic - app.py:587 - INFO - 正在下载第 008/015 页...
2026-03-08 03:57:11 - mkk_comic - app.py:587 - INFO - 正在下载第 009/015 页...
2026-03-08 03:57:11 - mkk_comic - app.py:587 - INFO - 正在下载第 010/015 页...
2026-03-08 03:57:11 - mkk_comic - app.py:587 - INFO - 正在下载第 011/015 页...
2026-03-08 03:57:11 - mkk_comic - app.py:587 - INFO - 正在下载第 012/015 页...
2026-03-08 03:57:11 - mkk_comic - app.py:587 - INFO - 正在下载第 013/015 页...
2026-03-08 03:57:12 - mkk_comic - app.py:587 - INFO - 正在下载第 014/015 页...
2026-03-08 03:57:12 - mkk_comic - app.py:587 - INFO - 正在下载第 015/015 页...
2026-03-08 03:57:12 - mkk_comic - app.py:511 - INFO - 下载完成!
2026-03-08 03:57:12 - mkk_comic - app.py:512 - INFO - 成功下载: 15/15 页
2026-03-08 03:57:12 - mkk_comic - app.py:523 - INFO - 章节下载完成，等待 9.5 秒后继续...
2026-03-08 03:57:22 - mkk_comic - app.py:494 - INFO - 正在下载第226章: 第202话    UUID:190fffe8-2ae6-11f0-bbe9-fa163e02432f
2026-03-08 03:57:22 - mkk_comic - app.py:502 - INFO - 创建目录: ./out/電鋸人/第202话
2026-03-08 03:57:22 - mkk_comic - app.py:505 - INFO - 开始下载: 電鋸人 - 第202话
2026-03-08 03:57:22 - mkk_comic - app.py:506 - INFO - 总页数: 15
2026-03-08 03:57:22 - mkk_comic - app.py:587 - INFO - 正在下载第 001/015 页...
2026-03-08 03:57:22 - mkk_comic - app.py:587 - INFO - 正在下载第 002/015 页...
2026-03-08 03:57:22 - mkk_comic - app.py:587 - INFO - 正在下载第 003/015 页...
2026-03-08 03:57:22 - mkk_comic - app.py:587 - INFO - 正在下载第 004/015 页...
2026-03-08 03:57:22 - mkk_comic - app.py:587 - INFO - 正在下载第 005/015 页...
2026-03-08 03:57:22 - mkk_comic - app.py:587 - INFO - 正在下载第 006/015 页...
2026-03-08 03:57:22 - mkk_comic - app.py:587 - INFO - 正在下载第 007/015 页...
2026-03-08 03:57:22 - mkk_comic - app.py:587 - INFO - 正在下载第 008/015 页...
2026-03-08 03:57:22 - mkk_comic - app.py:587 - INFO - 正在下载第 009/015 页...
2026-03-08 03:57:22 - mkk_comic - app.py:587 - INFO - 正在下载第 010/015 页...
2026-03-08 03:57:22 - mkk_comic - app.py:587 - INFO - 正在下载第 011/015 页...
2026-03-08 03:57:22 - mkk_comic - app.py:587 - INFO - 正在下载第 012/015 页...
2026-03-08 03:57:22 - mkk_comic - app.py:587 - INFO - 正在下载第 013/015 页...
2026-03-08 03:57:22 - mkk_comic - app.py:587 - INFO - 正在下载第 014/015 页...
2026-03-08 03:57:22 - mkk_comic - app.py:587 - INFO - 正在下载第 015/015 页...
2026-03-08 03:57:23 - mkk_comic - app.py:511 - INFO - 下载完成!
2026-03-08 03:57:23 - mkk_comic - app.py:512 - INFO - 成功下载: 15/15 页
2026-03-08 03:57:23 - mkk_comic - app.py:523 - INFO - 章节下载完成，等待 7.2 秒后继续...
2026-03-08 03:57:30 - mkk_comic - app.py:494 - INFO - 正在下载第227章: 第203话    UUID:d17c17d3-35f3-11f0-b072-fa163e02432f
2026-03-08 03:57:31 - mkk_comic - app.py:502 - INFO - 创建目录: ./out/電鋸人/第203话
2026-03-08 03:57:31 - mkk_comic - app.py:505 - INFO - 开始下载: 電鋸人 - 第203话
2026-03-08 03:57:31 - mkk_comic - app.py:506 - INFO - 总页数: 14
2026-03-08 03:57:31 - mkk_comic - app.py:587 - INFO - 正在下载第 001/014 页...
2026-03-08 03:57:31 - mkk_comic - app.py:587 - INFO - 正在下载第 002/014 页...
2026-03-08 03:57:31 - mkk_comic - app.py:587 - INFO - 正在下载第 003/014 页...
2026-03-08 03:57:31 - mkk_comic - app.py:587 - INFO - 正在下载第 004/014 页...
2026-03-08 03:57:31 - mkk_comic - app.py:587 - INFO - 正在下载第 005/014 页...
2026-03-08 03:57:31 - mkk_comic - app.py:587 - INFO - 正在下载第 006/014 页...
2026-03-08 03:57:31 - mkk_comic - app.py:587 - INFO - 正在下载第 007/014 页...
2026-03-08 03:57:31 - mkk_comic - app.py:587 - INFO - 正在下载第 008/014 页...
2026-03-08 03:57:31 - mkk_comic - app.py:587 - INFO - 正在下载第 009/014 页...
2026-03-08 03:57:31 - mkk_comic - app.py:587 - INFO - 正在下载第 010/014 页...
2026-03-08 03:57:31 - mkk_comic - app.py:587 - INFO - 正在下载第 011/014 页...
2026-03-08 03:57:31 - mkk_comic - app.py:587 - INFO - 正在下载第 012/014 页...
2026-03-08 03:57:31 - mkk_comic - app.py:587 - INFO - 正在下载第 013/014 页...
2026-03-08 03:57:31 - mkk_comic - app.py:587 - INFO - 正在下载第 014/014 页...
2026-03-08 03:57:31 - mkk_comic - app.py:511 - INFO - 下载完成!
2026-03-08 03:57:31 - mkk_comic - app.py:512 - INFO - 成功下载: 14/14 页
2026-03-08 03:57:31 - mkk_comic - app.py:523 - INFO - 章节下载完成，等待 5.5 秒后继续...
2026-03-08 03:57:37 - mkk_comic - app.py:494 - INFO - 正在下载第228章: 第204话    UUID:062fbcc9-3b67-11f0-821c-fa163e02432f
2026-03-08 03:57:38 - mkk_comic - app.py:502 - INFO - 创建目录: ./out/電鋸人/第204话
2026-03-08 03:57:38 - mkk_comic - app.py:505 - INFO - 开始下载: 電鋸人 - 第204话
2026-03-08 03:57:38 - mkk_comic - app.py:506 - INFO - 总页数: 15
2026-03-08 03:57:38 - mkk_comic - app.py:587 - INFO - 正在下载第 001/015 页...
2026-03-08 03:57:38 - mkk_comic - app.py:587 - INFO - 正在下载第 002/015 页...
2026-03-08 03:57:38 - mkk_comic - app.py:587 - INFO - 正在下载第 003/015 页...
2026-03-08 03:57:38 - mkk_comic - app.py:587 - INFO - 正在下载第 004/015 页...
2026-03-08 03:57:38 - mkk_comic - app.py:587 - INFO - 正在下载第 005/015 页...
2026-03-08 03:57:38 - mkk_comic - app.py:587 - INFO - 正在下载第 006/015 页...
2026-03-08 03:57:38 - mkk_comic - app.py:587 - INFO - 正在下载第 007/015 页...
2026-03-08 03:57:38 - mkk_comic - app.py:587 - INFO - 正在下载第 008/015 页...
2026-03-08 03:57:38 - mkk_comic - app.py:587 - INFO - 正在下载第 009/015 页...
2026-03-08 03:57:38 - mkk_comic - app.py:587 - INFO - 正在下载第 010/015 页...
2026-03-08 03:57:38 - mkk_comic - app.py:587 - INFO - 正在下载第 011/015 页...
2026-03-08 03:57:38 - mkk_comic - app.py:587 - INFO - 正在下载第 012/015 页...
2026-03-08 03:57:38 - mkk_comic - app.py:587 - INFO - 正在下载第 013/015 页...
2026-03-08 03:57:38 - mkk_comic - app.py:587 - INFO - 正在下载第 014/015 页...
2026-03-08 03:57:38 - mkk_comic - app.py:587 - INFO - 正在下载第 015/015 页...
2026-03-08 03:57:38 - mkk_comic - app.py:511 - INFO - 下载完成!
2026-03-08 03:57:38 - mkk_comic - app.py:512 - INFO - 成功下载: 15/15 页
2026-03-08 03:57:38 - mkk_comic - app.py:523 - INFO - 章节下载完成，等待 8.4 秒后继续...
2026-03-08 03:57:47 - mkk_comic - app.py:494 - INFO - 正在下载第229章: 第205话    UUID:fbc32d52-472e-11f0-b8d7-fa163e02432f
2026-03-08 03:57:48 - mkk_comic - app.py:502 - INFO - 创建目录: ./out/電鋸人/第205话
2026-03-08 03:57:48 - mkk_comic - app.py:505 - INFO - 开始下载: 電鋸人 - 第205话
2026-03-08 03:57:48 - mkk_comic - app.py:506 - INFO - 总页数: 14
2026-03-08 03:57:48 - mkk_comic - app.py:587 - INFO - 正在下载第 001/014 页...
2026-03-08 03:57:48 - mkk_comic - app.py:587 - INFO - 正在下载第 002/014 页...
2026-03-08 03:57:48 - mkk_comic - app.py:587 - INFO - 正在下载第 003/014 页...
2026-03-08 03:57:48 - mkk_comic - app.py:587 - INFO - 正在下载第 004/014 页...
2026-03-08 03:57:48 - mkk_comic - app.py:587 - INFO - 正在下载第 005/014 页...
2026-03-08 03:57:48 - mkk_comic - app.py:587 - INFO - 正在下载第 006/014 页...
2026-03-08 03:57:48 - mkk_comic - app.py:587 - INFO - 正在下载第 007/014 页...
2026-03-08 03:57:48 - mkk_comic - app.py:587 - INFO - 正在下载第 008/014 页...
2026-03-08 03:57:48 - mkk_comic - app.py:587 - INFO - 正在下载第 009/014 页...
2026-03-08 03:57:48 - mkk_comic - app.py:587 - INFO - 正在下载第 010/014 页...
2026-03-08 03:57:48 - mkk_comic - app.py:587 - INFO - 正在下载第 011/014 页...
2026-03-08 03:57:48 - mkk_comic - app.py:587 - INFO - 正在下载第 012/014 页...
2026-03-08 03:57:48 - mkk_comic - app.py:587 - INFO - 正在下载第 013/014 页...
2026-03-08 03:57:48 - mkk_comic - app.py:587 - INFO - 正在下载第 014/014 页...
2026-03-08 03:57:48 - mkk_comic - app.py:511 - INFO - 下载完成!
2026-03-08 03:57:48 - mkk_comic - app.py:512 - INFO - 成功下载: 14/14 页
2026-03-08 03:57:48 - mkk_comic - app.py:523 - INFO - 章节下载完成，等待 8.6 秒后继续...
2026-03-08 03:57:57 - mkk_comic - app.py:494 - INFO - 正在下载第230章: 第206话    UUID:d9005b99-4c4e-11f0-8dfd-fa163e02432f
2026-03-08 03:57:58 - mkk_comic - app.py:502 - INFO - 创建目录: ./out/電鋸人/第206话
2026-03-08 03:57:58 - mkk_comic - app.py:505 - INFO - 开始下载: 電鋸人 - 第206话
2026-03-08 03:57:58 - mkk_comic - app.py:506 - INFO - 总页数: 15
2026-03-08 03:57:58 - mkk_comic - app.py:587 - INFO - 正在下载第 001/015 页...
2026-03-08 03:57:58 - mkk_comic - app.py:587 - INFO - 正在下载第 002/015 页...
2026-03-08 03:57:58 - mkk_comic - app.py:587 - INFO - 正在下载第 003/015 页...
2026-03-08 03:57:58 - mkk_comic - app.py:587 - INFO - 正在下载第 004/015 页...
2026-03-08 03:57:58 - mkk_comic - app.py:587 - INFO - 正在下载第 005/015 页...
2026-03-08 03:57:58 - mkk_comic - app.py:587 - INFO - 正在下载第 006/015 页...
2026-03-08 03:57:58 - mkk_comic - app.py:587 - INFO - 正在下载第 007/015 页...
2026-03-08 03:57:58 - mkk_comic - app.py:587 - INFO - 正在下载第 008/015 页...
2026-03-08 03:57:58 - mkk_comic - app.py:587 - INFO - 正在下载第 009/015 页...
2026-03-08 03:57:58 - mkk_comic - app.py:587 - INFO - 正在下载第 010/015 页...
2026-03-08 03:57:58 - mkk_comic - app.py:587 - INFO - 正在下载第 011/015 页...
2026-03-08 03:57:58 - mkk_comic - app.py:587 - INFO - 正在下载第 012/015 页...
2026-03-08 03:57:58 - mkk_comic - app.py:587 - INFO - 正在下载第 013/015 页...
2026-03-08 03:57:58 - mkk_comic - app.py:587 - INFO - 正在下载第 014/015 页...
2026-03-08 03:57:58 - mkk_comic - app.py:587 - INFO - 正在下载第 015/015 页...
2026-03-08 03:57:58 - mkk_comic - app.py:511 - INFO - 下载完成!
2026-03-08 03:57:58 - mkk_comic - app.py:512 - INFO - 成功下载: 15/15 页
2026-03-08 03:57:58 - mkk_comic - app.py:523 - INFO - 章节下载完成，等待 7.1 秒后继续...
2026-03-08 03:58:06 - mkk_comic - app.py:494 - INFO - 正在下载第231章: 第207话    UUID:ebcf3258-570e-11f0-9191-fa163e02432f
2026-03-08 03:58:06 - mkk_comic - app.py:502 - INFO - 创建目录: ./out/電鋸人/第207话
2026-03-08 03:58:06 - mkk_comic - app.py:505 - INFO - 开始下载: 電鋸人 - 第207话
2026-03-08 03:58:06 - mkk_comic - app.py:506 - INFO - 总页数: 14
2026-03-08 03:58:06 - mkk_comic - app.py:587 - INFO - 正在下载第 001/014 页...
2026-03-08 03:58:06 - mkk_comic - app.py:587 - INFO - 正在下载第 002/014 页...
2026-03-08 03:58:06 - mkk_comic - app.py:587 - INFO - 正在下载第 003/014 页...
2026-03-08 03:58:06 - mkk_comic - app.py:587 - INFO - 正在下载第 004/014 页...
2026-03-08 03:58:06 - mkk_comic - app.py:587 - INFO - 正在下载第 005/014 页...
2026-03-08 03:58:06 - mkk_comic - app.py:587 - INFO - 正在下载第 006/014 页...
2026-03-08 03:58:06 - mkk_comic - app.py:587 - INFO - 正在下载第 007/014 页...
2026-03-08 03:58:06 - mkk_comic - app.py:587 - INFO - 正在下载第 008/014 页...
2026-03-08 03:58:06 - mkk_comic - app.py:587 - INFO - 正在下载第 009/014 页...
2026-03-08 03:58:06 - mkk_comic - app.py:587 - INFO - 正在下载第 010/014 页...
2026-03-08 03:58:06 - mkk_comic - app.py:587 - INFO - 正在下载第 011/014 页...
2026-03-08 03:58:07 - mkk_comic - app.py:587 - INFO - 正在下载第 012/014 页...
2026-03-08 03:58:07 - mkk_comic - app.py:587 - INFO - 正在下载第 013/014 页...
2026-03-08 03:58:07 - mkk_comic - app.py:587 - INFO - 正在下载第 014/014 页...
2026-03-08 03:58:07 - mkk_comic - app.py:511 - INFO - 下载完成!
2026-03-08 03:58:07 - mkk_comic - app.py:512 - INFO - 成功下载: 14/14 页
2026-03-08 03:58:07 - mkk_comic - app.py:523 - INFO - 章节下载完成，等待 10.0 秒后继续...
2026-03-08 03:58:17 - mkk_comic - app.py:494 - INFO - 正在下载第232章: 第208话    UUID:0f8ce940-5c61-11f0-affb-fa163e02432f
2026-03-08 03:58:18 - mkk_comic - app.py:502 - INFO - 创建目录: ./out/電鋸人/第208话
2026-03-08 03:58:18 - mkk_comic - app.py:505 - INFO - 开始下载: 電鋸人 - 第208话
2026-03-08 03:58:18 - mkk_comic - app.py:506 - INFO - 总页数: 15
2026-03-08 03:58:18 - mkk_comic - app.py:587 - INFO - 正在下载第 001/015 页...
2026-03-08 03:58:18 - mkk_comic - app.py:587 - INFO - 正在下载第 002/015 页...
2026-03-08 03:58:18 - mkk_comic - app.py:587 - INFO - 正在下载第 003/015 页...
2026-03-08 03:58:18 - mkk_comic - app.py:587 - INFO - 正在下载第 004/015 页...
2026-03-08 03:58:18 - mkk_comic - app.py:587 - INFO - 正在下载第 005/015 页...
2026-03-08 03:58:18 - mkk_comic - app.py:587 - INFO - 正在下载第 006/015 页...
2026-03-08 03:58:18 - mkk_comic - app.py:587 - INFO - 正在下载第 007/015 页...
2026-03-08 03:58:18 - mkk_comic - app.py:587 - INFO - 正在下载第 008/015 页...
2026-03-08 03:58:18 - mkk_comic - app.py:587 - INFO - 正在下载第 009/015 页...
2026-03-08 03:58:18 - mkk_comic - app.py:587 - INFO - 正在下载第 010/015 页...
2026-03-08 03:58:18 - mkk_comic - app.py:587 - INFO - 正在下载第 011/015 页...
2026-03-08 03:58:18 - mkk_comic - app.py:587 - INFO - 正在下载第 012/015 页...
2026-03-08 03:58:18 - mkk_comic - app.py:587 - INFO - 正在下载第 013/015 页...
2026-03-08 03:58:18 - mkk_comic - app.py:587 - INFO - 正在下载第 014/015 页...
2026-03-08 03:58:18 - mkk_comic - app.py:587 - INFO - 正在下载第 015/015 页...
2026-03-08 03:58:18 - mkk_comic - app.py:511 - INFO - 下载完成!
2026-03-08 03:58:18 - mkk_comic - app.py:512 - INFO - 成功下载: 15/15 页
2026-03-08 03:58:18 - mkk_comic - app.py:523 - INFO - 章节下载完成，等待 8.6 秒后继续...
2026-03-08 03:58:27 - mkk_comic - app.py:494 - INFO - 正在下载第233章: 第209话    UUID:3c077a82-677d-11f0-81e1-fa163e02432f
2026-03-08 03:58:28 - mkk_comic - app.py:502 - INFO - 创建目录: ./out/電鋸人/第209话
2026-03-08 03:58:28 - mkk_comic - app.py:505 - INFO - 开始下载: 電鋸人 - 第209话
2026-03-08 03:58:28 - mkk_comic - app.py:506 - INFO - 总页数: 15
2026-03-08 03:58:28 - mkk_comic - app.py:587 - INFO - 正在下载第 001/015 页...
2026-03-08 03:58:28 - mkk_comic - app.py:587 - INFO - 正在下载第 002/015 页...
2026-03-08 03:58:28 - mkk_comic - app.py:587 - INFO - 正在下载第 003/015 页...
2026-03-08 03:58:28 - mkk_comic - app.py:587 - INFO - 正在下载第 004/015 页...
2026-03-08 03:58:28 - mkk_comic - app.py:587 - INFO - 正在下载第 005/015 页...
2026-03-08 03:58:28 - mkk_comic - app.py:587 - INFO - 正在下载第 006/015 页...
2026-03-08 03:58:28 - mkk_comic - app.py:587 - INFO - 正在下载第 007/015 页...
2026-03-08 03:58:28 - mkk_comic - app.py:587 - INFO - 正在下载第 008/015 页...
2026-03-08 03:58:28 - mkk_comic - app.py:587 - INFO - 正在下载第 009/015 页...
2026-03-08 03:58:28 - mkk_comic - app.py:587 - INFO - 正在下载第 010/015 页...
2026-03-08 03:58:28 - mkk_comic - app.py:587 - INFO - 正在下载第 011/015 页...
2026-03-08 03:58:28 - mkk_comic - app.py:587 - INFO - 正在下载第 012/015 页...
2026-03-08 03:58:28 - mkk_comic - app.py:587 - INFO - 正在下载第 013/015 页...
2026-03-08 03:58:28 - mkk_comic - app.py:587 - INFO - 正在下载第 014/015 页...
2026-03-08 03:58:28 - mkk_comic - app.py:587 - INFO - 正在下载第 015/015 页...
2026-03-08 03:58:28 - mkk_comic - app.py:511 - INFO - 下载完成!
2026-03-08 03:58:28 - mkk_comic - app.py:512 - INFO - 成功下载: 15/15 页
2026-03-08 03:58:28 - mkk_comic - app.py:523 - INFO - 章节下载完成，等待 6.5 秒后继续...
2026-03-08 03:58:35 - mkk_comic - app.py:494 - INFO - 正在下载第234章: 第210话    UUID:e8f1ab78-6cea-11f0-bee3-fa163e02432f
2026-03-08 03:58:36 - mkk_comic - app.py:502 - INFO - 创建目录: ./out/電鋸人/第210话
2026-03-08 03:58:36 - mkk_comic - app.py:505 - INFO - 开始下载: 電鋸人 - 第210话
2026-03-08 03:58:36 - mkk_comic - app.py:506 - INFO - 总页数: 15
2026-03-08 03:58:36 - mkk_comic - app.py:587 - INFO - 正在下载第 001/015 页...
2026-03-08 03:58:36 - mkk_comic - app.py:587 - INFO - 正在下载第 002/015 页...
2026-03-08 03:58:36 - mkk_comic - app.py:587 - INFO - 正在下载第 003/015 页...
2026-03-08 03:58:36 - mkk_comic - app.py:587 - INFO - 正在下载第 004/015 页...
2026-03-08 03:58:36 - mkk_comic - app.py:587 - INFO - 正在下载第 005/015 页...
2026-03-08 03:58:36 - mkk_comic - app.py:587 - INFO - 正在下载第 006/015 页...
2026-03-08 03:58:36 - mkk_comic - app.py:587 - INFO - 正在下载第 007/015 页...
2026-03-08 03:58:36 - mkk_comic - app.py:587 - INFO - 正在下载第 008/015 页...
2026-03-08 03:58:36 - mkk_comic - app.py:587 - INFO - 正在下载第 009/015 页...
2026-03-08 03:58:36 - mkk_comic - app.py:587 - INFO - 正在下载第 010/015 页...
2026-03-08 03:58:36 - mkk_comic - app.py:587 - INFO - 正在下载第 011/015 页...
2026-03-08 03:58:36 - mkk_comic - app.py:587 - INFO - 正在下载第 012/015 页...
2026-03-08 03:58:36 - mkk_comic - app.py:587 - INFO - 正在下载第 013/015 页...
2026-03-08 03:58:36 - mkk_comic - app.py:587 - INFO - 正在下载第 014/015 页...
2026-03-08 03:58:36 - mkk_comic - app.py:587 - INFO - 正在下载第 015/015 页...
2026-03-08 03:58:36 - mkk_comic - app.py:511 - INFO - 下载完成!
2026-03-08 03:58:36 - mkk_comic - app.py:512 - INFO - 成功下载: 15/15 页
2026-03-08 03:58:36 - mkk_comic - app.py:523 - INFO - 章节下载完成，等待 9.0 秒后继续...
2026-03-08 03:58:45 - mkk_comic - app.py:863 - INFO - ===== 检查更新完成 =====

