2026-04-22 04:29:28 - mkk_comic - app.py:868 - INFO - 运行环境：GitHub Actions（自动化模式）
2026-04-22 04:29:28 - mkk_comic - app.py:825 - INFO - ===== 开始检查更新=====
2026-04-22 04:29:28 - mkk_comic - app.py:843 - INFO - 【海贼王】上次下载至第384章
2026-04-22 04:29:28 - mkk_comic - app.py:850 - INFO - 【海贼王】检测到更新！最新：385章
2026-04-22 04:29:28 - mkk_comic - app.py:853 - INFO - 【海贼王】最大下载限制为10章-需下载385~385章）
2026-04-22 04:29:29 - mkk_comic - app.py:494 - INFO - 正在下载第385章: 第1180话    UUID:3e7aaa72-3df8-11f1-a5c1-fa163e02432f
2026-04-22 04:29:30 - mkk_comic - app.py:502 - INFO - 创建目录: ./out/海贼王/第1180话
2026-04-22 04:29:30 - mkk_comic - app.py:505 - INFO - 开始下载: 海贼王 - 第1180话
2026-04-22 04:29:30 - mkk_comic - app.py:506 - INFO - 总页数: 16
2026-04-22 04:29:30 - mkk_comic - app.py:587 - INFO - 正在下载第 001/016 页...
2026-04-22 04:29:30 - mkk_comic - app.py:587 - INFO - 正在下载第 002/016 页...
2026-04-22 04:29:30 - mkk_comic - app.py:587 - INFO - 正在下载第 003/016 页...
2026-04-22 04:29:30 - mkk_comic - app.py:587 - INFO - 正在下载第 004/016 页...
2026-04-22 04:29:30 - mkk_comic - app.py:587 - INFO - 正在下载第 005/016 页...
2026-04-22 04:29:30 - mkk_comic - app.py:587 - INFO - 正在下载第 006/016 页...
2026-04-22 04:29:30 - mkk_comic - app.py:587 - INFO - 正在下载第 007/016 页...
2026-04-22 04:29:30 - mkk_comic - app.py:587 - INFO - 正在下载第 008/016 页...
2026-04-22 04:29:30 - mkk_comic - app.py:587 - INFO - 正在下载第 009/016 页...
2026-04-22 04:29:30 - mkk_comic - app.py:587 - INFO - 正在下载第 010/016 页...
2026-04-22 04:29:30 - mkk_comic - app.py:587 - INFO - 正在下载第 011/016 页...
2026-04-22 04:29:30 - mkk_comic - app.py:587 - INFO - 正在下载第 012/016 页...
2026-04-22 04:29:30 - mkk_comic - app.py:587 - INFO - 正在下载第 013/016 页...
2026-04-22 04:29:30 - mkk_comic - app.py:587 - INFO - 正在下载第 014/016 页...
2026-04-22 04:29:31 - mkk_comic - app.py:587 - INFO - 正在下载第 015/016 页...
2026-04-22 04:29:31 - mkk_comic - app.py:587 - INFO - 正在下载第 016/016 页...
2026-04-22 04:29:31 - mkk_comic - app.py:511 - INFO - 下载完成!
2026-04-22 04:29:31 - mkk_comic - app.py:512 - INFO - 成功下载: 16/16 页
2026-04-22 04:29:31 - mkk_comic - app.py:523 - INFO - 章节下载完成，等待 5.4 秒后继续...
2026-04-22 04:29:36 - mkk_comic - app.py:843 - INFO - 【电锯人】上次下载至第258章
2026-04-22 04:29:37 - mkk_comic - app.py:846 - INFO - 该漫画更新至258章，不需要更新
2026-04-22 04:29:37 - mkk_comic - app.py:843 - INFO - 【魔都精兵的奴隸】上次下载至第201章
2026-04-22 04:29:38 - mkk_comic - app.py:850 - INFO - 【魔都精兵的奴隸】检测到更新！最新：202章
2026-04-22 04:29:38 - mkk_comic - app.py:853 - INFO - 【魔都精兵的奴隸】最大下载限制为60章-需下载202~202章）
2026-04-22 04:29:39 - mkk_comic - app.py:494 - INFO - 正在下载第202章: 第178话    UUID:ab089023-3da2-11f1-bd95-fa163e02432f
2026-04-22 04:29:39 - mkk_comic - app.py:502 - INFO - 创建目录: ./out/魔都精兵的奴隸/第178话
2026-04-22 04:29:39 - mkk_comic - app.py:505 - INFO - 开始下载: 魔都精兵的奴隸 - 第178话
2026-04-22 04:29:39 - mkk_comic - app.py:506 - INFO - 总页数: 22
2026-04-22 04:29:39 - mkk_comic - app.py:587 - INFO - 正在下载第 001/022 页...
2026-04-22 04:29:39 - mkk_comic - app.py:587 - INFO - 正在下载第 002/022 页...
2026-04-22 04:29:39 - mkk_comic - app.py:587 - INFO - 正在下载第 003/022 页...
2026-04-22 04:29:39 - mkk_comic - app.py:587 - INFO - 正在下载第 004/022 页...
2026-04-22 04:29:39 - mkk_comic - app.py:587 - INFO - 正在下载第 005/022 页...
2026-04-22 04:29:39 - mkk_comic - app.py:587 - INFO - 正在下载第 006/022 页...
2026-04-22 04:29:39 - mkk_comic - app.py:587 - INFO - 正在下载第 007/022 页...
2026-04-22 04:29:39 - mkk_comic - app.py:587 - INFO - 正在下载第 008/022 页...
2026-04-22 04:29:40 - mkk_comic - app.py:587 - INFO - 正在下载第 009/022 页...
2026-04-22 04:29:40 - mkk_comic - app.py:587 - INFO - 正在下载第 010/022 页...
2026-04-22 04:29:40 - mkk_comic - app.py:587 - INFO - 正在下载第 011/022 页...
2026-04-22 04:29:40 - mkk_comic - app.py:587 - INFO - 正在下载第 012/022 页...
2026-04-22 04:29:40 - mkk_comic - app.py:587 - INFO - 正在下载第 013/022 页...
2026-04-22 04:29:40 - mkk_comic - app.py:587 - INFO - 正在下载第 014/022 页...
2026-04-22 04:29:40 - mkk_comic - app.py:587 - INFO - 正在下载第 015/022 页...
2026-04-22 04:29:40 - mkk_comic - app.py:587 - INFO - 正在下载第 016/022 页...
2026-04-22 04:29:40 - mkk_comic - app.py:587 - INFO - 正在下载第 017/022 页...
2026-04-22 04:29:40 - mkk_comic - app.py:587 - INFO - 正在下载第 018/022 页...
2026-04-22 04:29:40 - mkk_comic - app.py:587 - INFO - 正在下载第 019/022 页...
2026-04-22 04:29:40 - mkk_comic - app.py:587 - INFO - 正在下载第 020/022 页...
2026-04-22 04:29:40 - mkk_comic - app.py:587 - INFO - 正在下载第 021/022 页...
2026-04-22 04:29:40 - mkk_comic - app.py:587 - INFO - 正在下载第 022/022 页...
2026-04-22 04:29:40 - mkk_comic - app.py:511 - INFO - 下载完成!
2026-04-22 04:29:40 - mkk_comic - app.py:512 - INFO - 成功下载: 22/22 页
2026-04-22 04:29:40 - mkk_comic - app.py:523 - INFO - 章节下载完成，等待 5.3 秒后继续...
2026-04-22 04:29:45 - mkk_comic - app.py:843 - INFO - 【我獨自升級】上次下载至第201章
2026-04-22 04:29:46 - mkk_comic - app.py:846 - INFO - 该漫画更新至201章，不需要更新
2026-04-22 04:29:46 - mkk_comic - app.py:843 - INFO - 【迷宮干】上次下载至第149章
2026-04-22 04:29:47 - mkk_comic - app.py:846 - INFO - 该漫画更新至149章，不需要更新
2026-04-22 04:29:47 - mkk_comic - app.py:863 - INFO - ===== 检查更新完成 =====

