2026-06-03 06:28:38 - mkk_comic - app.py:868 - INFO - 运行环境：GitHub Actions（自动化模式）
2026-06-03 06:28:38 - mkk_comic - app.py:825 - INFO - ===== 开始检查更新=====
2026-06-03 06:28:38 - mkk_comic - app.py:843 - INFO - 【海贼王】上次下载至第388章
2026-06-03 06:28:39 - mkk_comic - app.py:850 - INFO - 【海贼王】检测到更新！最新：389章
2026-06-03 06:28:39 - mkk_comic - app.py:853 - INFO - 【海贼王】最大下载限制为10章-需下载389~389章）
2026-06-03 06:28:39 - mkk_comic - app.py:494 - INFO - 正在下载第389章: 第1184话    UUID:7a11d531-5eef-11f1-853f-fa163e02432f
2026-06-03 06:28:40 - mkk_comic - app.py:502 - INFO - 创建目录: ./out/海贼王/第1184话
2026-06-03 06:28:40 - mkk_comic - app.py:505 - INFO - 开始下载: 海贼王 - 第1184话
2026-06-03 06:28:40 - mkk_comic - app.py:506 - INFO - 总页数: 12
2026-06-03 06:28:40 - mkk_comic - app.py:587 - INFO - 正在下载第 001/012 页...
2026-06-03 06:28:40 - mkk_comic - app.py:587 - INFO - 正在下载第 002/012 页...
2026-06-03 06:28:40 - mkk_comic - app.py:587 - INFO - 正在下载第 003/012 页...
2026-06-03 06:28:40 - mkk_comic - app.py:587 - INFO - 正在下载第 004/012 页...
2026-06-03 06:28:40 - mkk_comic - app.py:587 - INFO - 正在下载第 005/012 页...
2026-06-03 06:28:40 - mkk_comic - app.py:587 - INFO - 正在下载第 006/012 页...
2026-06-03 06:28:40 - mkk_comic - app.py:587 - INFO - 正在下载第 007/012 页...
2026-06-03 06:28:40 - mkk_comic - app.py:587 - INFO - 正在下载第 008/012 页...
2026-06-03 06:28:40 - mkk_comic - app.py:587 - INFO - 正在下载第 009/012 页...
2026-06-03 06:28:40 - mkk_comic - app.py:587 - INFO - 正在下载第 010/012 页...
2026-06-03 06:28:41 - mkk_comic - app.py:587 - INFO - 正在下载第 011/012 页...
2026-06-03 06:28:41 - mkk_comic - app.py:587 - INFO - 正在下载第 012/012 页...
2026-06-03 06:28:41 - mkk_comic - app.py:511 - INFO - 下载完成!
2026-06-03 06:28:41 - mkk_comic - app.py:512 - INFO - 成功下载: 12/12 页
2026-06-03 06:28:41 - mkk_comic - app.py:523 - INFO - 章节下载完成，等待 9.3 秒后继续...
2026-06-03 06:28:50 - mkk_comic - app.py:843 - INFO - 【电锯人】上次下载至第258章
2026-06-03 06:28:51 - mkk_comic - app.py:846 - INFO - 该漫画更新至258章，不需要更新
2026-06-03 06:28:51 - mkk_comic - app.py:843 - INFO - 【魔都精兵的奴隸】上次下载至第203章
2026-06-03 06:28:52 - mkk_comic - app.py:846 - INFO - 该漫画更新至203章，不需要更新
2026-06-03 06:28:52 - mkk_comic - app.py:843 - INFO - 【我獨自升級】上次下载至第201章
2026-06-03 06:28:52 - mkk_comic - app.py:846 - INFO - 该漫画更新至201章，不需要更新
2026-06-03 06:28:52 - mkk_comic - app.py:843 - INFO - 【迷宮干】上次下载至第149章
2026-06-03 06:28:53 - mkk_comic - app.py:846 - INFO - 该漫画更新至149章，不需要更新
2026-06-03 06:28:53 - mkk_comic - app.py:863 - INFO - ===== 检查更新完成 =====

