2026-03-15 04:16:26 - mkk_comic - app.py:868 - INFO - 运行环境：GitHub Actions（自动化模式）
2026-03-15 04:16:26 - mkk_comic - app.py:825 - INFO - ===== 开始检查更新=====
2026-03-15 04:16:26 - mkk_comic - app.py:843 - INFO - 【海贼王】上次下载至第259章
2026-03-15 04:16:27 - mkk_comic - app.py:850 - INFO - 【海贼王】检测到更新！最新：381章
2026-03-15 04:16:27 - mkk_comic - app.py:853 - INFO - 【海贼王】最大下载限制为10章-需下载260~269章）
2026-03-15 04:16:27 - mkk_comic - app.py:494 - INFO - 正在下载第260章: 第1055话    UUID:c1f22b84-113c-11ed-9591-024352452ce0
2026-03-15 04:16:28 - mkk_comic - app.py:502 - INFO - 创建目录: ./out/海贼王/第1055话
2026-03-15 04:16:28 - mkk_comic - app.py:505 - INFO - 开始下载: 海贼王 - 第1055话
2026-03-15 04:16:28 - mkk_comic - app.py:506 - INFO - 总页数: 18
2026-03-15 04:16:28 - mkk_comic - app.py:587 - INFO - 正在下载第 001/018 页...
2026-03-15 04:16:28 - mkk_comic - app.py:587 - INFO - 正在下载第 002/018 页...
2026-03-15 04:16:28 - mkk_comic - app.py:587 - INFO - 正在下载第 003/018 页...
2026-03-15 04:16:28 - mkk_comic - app.py:587 - INFO - 正在下载第 004/018 页...
2026-03-15 04:16:28 - mkk_comic - app.py:587 - INFO - 正在下载第 005/018 页...
2026-03-15 04:16:28 - mkk_comic - app.py:587 - INFO - 正在下载第 006/018 页...
2026-03-15 04:16:28 - mkk_comic - app.py:587 - INFO - 正在下载第 007/018 页...
2026-03-15 04:16:29 - mkk_comic - app.py:587 - INFO - 正在下载第 008/018 页...
2026-03-15 04:16:29 - mkk_comic - app.py:587 - INFO - 正在下载第 009/018 页...
2026-03-15 04:16:29 - mkk_comic - app.py:587 - INFO - 正在下载第 010/018 页...
2026-03-15 04:16:29 - mkk_comic - app.py:587 - INFO - 正在下载第 011/018 页...
2026-03-15 04:16:29 - mkk_comic - app.py:587 - INFO - 正在下载第 012/018 页...
2026-03-15 04:16:29 - mkk_comic - app.py:587 - INFO - 正在下载第 013/018 页...
2026-03-15 04:16:29 - mkk_comic - app.py:587 - INFO - 正在下载第 014/018 页...
2026-03-15 04:16:29 - mkk_comic - app.py:587 - INFO - 正在下载第 015/018 页...
2026-03-15 04:16:29 - mkk_comic - app.py:587 - INFO - 正在下载第 016/018 页...
2026-03-15 04:16:29 - mkk_comic - app.py:587 - INFO - 正在下载第 017/018 页...
2026-03-15 04:16:29 - mkk_comic - app.py:587 - INFO - 正在下载第 018/018 页...
2026-03-15 04:16:29 - mkk_comic - app.py:511 - INFO - 下载完成!
2026-03-15 04:16:29 - mkk_comic - app.py:512 - INFO - 成功下载: 18/18 页
2026-03-15 04:16:29 - mkk_comic - app.py:523 - INFO - 章节下载完成，等待 8.0 秒后继续...
2026-03-15 04:16:38 - mkk_comic - app.py:494 - INFO - 正在下载第261章: 第1056话    UUID:109f7d46-16b4-11ed-9aea-024352452ce0
2026-03-15 04:16:39 - mkk_comic - app.py:502 - INFO - 创建目录: ./out/海贼王/第1056话
2026-03-15 04:16:39 - mkk_comic - app.py:505 - INFO - 开始下载: 海贼王 - 第1056话
2026-03-15 04:16:39 - mkk_comic - app.py:506 - INFO - 总页数: 17
2026-03-15 04:16:39 - mkk_comic - app.py:587 - INFO - 正在下载第 001/017 页...
2026-03-15 04:16:39 - mkk_comic - app.py:587 - INFO - 正在下载第 002/017 页...
2026-03-15 04:16:39 - mkk_comic - app.py:587 - INFO - 正在下载第 003/017 页...
2026-03-15 04:16:39 - mkk_comic - app.py:587 - INFO - 正在下载第 004/017 页...
2026-03-15 04:16:39 - mkk_comic - app.py:587 - INFO - 正在下载第 005/017 页...
2026-03-15 04:16:39 - mkk_comic - app.py:587 - INFO - 正在下载第 006/017 页...
2026-03-15 04:16:39 - mkk_comic - app.py:587 - INFO - 正在下载第 007/017 页...
2026-03-15 04:16:39 - mkk_comic - app.py:587 - INFO - 正在下载第 008/017 页...
2026-03-15 04:16:39 - mkk_comic - app.py:587 - INFO - 正在下载第 009/017 页...
2026-03-15 04:16:39 - mkk_comic - app.py:587 - INFO - 正在下载第 010/017 页...
2026-03-15 04:16:39 - mkk_comic - app.py:587 - INFO - 正在下载第 011/017 页...
2026-03-15 04:16:39 - mkk_comic - app.py:587 - INFO - 正在下载第 012/017 页...
2026-03-15 04:16:39 - mkk_comic - app.py:587 - INFO - 正在下载第 013/017 页...
2026-03-15 04:16:39 - mkk_comic - app.py:587 - INFO - 正在下载第 014/017 页...
2026-03-15 04:16:39 - mkk_comic - app.py:587 - INFO - 正在下载第 015/017 页...
2026-03-15 04:16:39 - mkk_comic - app.py:587 - INFO - 正在下载第 016/017 页...
2026-03-15 04:16:39 - mkk_comic - app.py:587 - INFO - 正在下载第 017/017 页...
2026-03-15 04:16:40 - mkk_comic - app.py:511 - INFO - 下载完成!
2026-03-15 04:16:40 - mkk_comic - app.py:512 - INFO - 成功下载: 17/17 页
2026-03-15 04:16:40 - mkk_comic - app.py:523 - INFO - 章节下载完成，等待 9.0 秒后继续...
2026-03-15 04:16:49 - mkk_comic - app.py:494 - INFO - 正在下载第262章: 第1057话    UUID:a6f92682-21ba-11ed-a450-024352452ce0
2026-03-15 04:16:50 - mkk_comic - app.py:502 - INFO - 创建目录: ./out/海贼王/第1057话
2026-03-15 04:16:50 - mkk_comic - app.py:505 - INFO - 开始下载: 海贼王 - 第1057话
2026-03-15 04:16:50 - mkk_comic - app.py:506 - INFO - 总页数: 17
2026-03-15 04:16:50 - mkk_comic - app.py:587 - INFO - 正在下载第 001/017 页...
2026-03-15 04:16:50 - mkk_comic - app.py:587 - INFO - 正在下载第 002/017 页...
2026-03-15 04:16:50 - mkk_comic - app.py:587 - INFO - 正在下载第 003/017 页...
2026-03-15 04:16:50 - mkk_comic - app.py:587 - INFO - 正在下载第 004/017 页...
2026-03-15 04:16:50 - mkk_comic - app.py:587 - INFO - 正在下载第 005/017 页...
2026-03-15 04:16:50 - mkk_comic - app.py:587 - INFO - 正在下载第 006/017 页...
2026-03-15 04:16:50 - mkk_comic - app.py:587 - INFO - 正在下载第 007/017 页...
2026-03-15 04:16:50 - mkk_comic - app.py:587 - INFO - 正在下载第 008/017 页...
2026-03-15 04:16:50 - mkk_comic - app.py:587 - INFO - 正在下载第 009/017 页...
2026-03-15 04:16:50 - mkk_comic - app.py:587 - INFO - 正在下载第 010/017 页...
2026-03-15 04:16:51 - mkk_comic - app.py:587 - INFO - 正在下载第 011/017 页...
2026-03-15 04:16:51 - mkk_comic - app.py:587 - INFO - 正在下载第 012/017 页...
2026-03-15 04:16:51 - mkk_comic - app.py:587 - INFO - 正在下载第 013/017 页...
2026-03-15 04:16:51 - mkk_comic - app.py:587 - INFO - 正在下载第 014/017 页...
2026-03-15 04:16:51 - mkk_comic - app.py:587 - INFO - 正在下载第 015/017 页...
2026-03-15 04:16:51 - mkk_comic - app.py:587 - INFO - 正在下载第 016/017 页...
2026-03-15 04:16:51 - mkk_comic - app.py:587 - INFO - 正在下载第 017/017 页...
2026-03-15 04:16:51 - mkk_comic - app.py:511 - INFO - 下载完成!
2026-03-15 04:16:51 - mkk_comic - app.py:512 - INFO - 成功下载: 17/17 页
2026-03-15 04:16:51 - mkk_comic - app.py:523 - INFO - 章节下载完成，等待 7.6 秒后继续...
2026-03-15 04:17:00 - mkk_comic - app.py:494 - INFO - 正在下载第263章: 第1058话    UUID:fd6b8c0a-273a-11ed-a86f-024352452ce0
2026-03-15 04:17:00 - mkk_comic - app.py:502 - INFO - 创建目录: ./out/海贼王/第1058话
2026-03-15 04:17:00 - mkk_comic - app.py:505 - INFO - 开始下载: 海贼王 - 第1058话
2026-03-15 04:17:00 - mkk_comic - app.py:506 - INFO - 总页数: 17
2026-03-15 04:17:00 - mkk_comic - app.py:587 - INFO - 正在下载第 001/017 页...
2026-03-15 04:17:00 - mkk_comic - app.py:587 - INFO - 正在下载第 002/017 页...
2026-03-15 04:17:00 - mkk_comic - app.py:587 - INFO - 正在下载第 003/017 页...
2026-03-15 04:17:00 - mkk_comic - app.py:587 - INFO - 正在下载第 004/017 页...
2026-03-15 04:17:00 - mkk_comic - app.py:587 - INFO - 正在下载第 005/017 页...
2026-03-15 04:17:01 - mkk_comic - app.py:587 - INFO - 正在下载第 006/017 页...
2026-03-15 04:17:01 - mkk_comic - app.py:587 - INFO - 正在下载第 007/017 页...
2026-03-15 04:17:01 - mkk_comic - app.py:587 - INFO - 正在下载第 008/017 页...
2026-03-15 04:17:01 - mkk_comic - app.py:587 - INFO - 正在下载第 009/017 页...
2026-03-15 04:17:01 - mkk_comic - app.py:587 - INFO - 正在下载第 010/017 页...
2026-03-15 04:17:01 - mkk_comic - app.py:587 - INFO - 正在下载第 011/017 页...
2026-03-15 04:17:01 - mkk_comic - app.py:587 - INFO - 正在下载第 012/017 页...
2026-03-15 04:17:01 - mkk_comic - app.py:587 - INFO - 正在下载第 013/017 页...
2026-03-15 04:17:01 - mkk_comic - app.py:587 - INFO - 正在下载第 014/017 页...
2026-03-15 04:17:01 - mkk_comic - app.py:587 - INFO - 正在下载第 015/017 页...
2026-03-15 04:17:01 - mkk_comic - app.py:587 - INFO - 正在下载第 016/017 页...
2026-03-15 04:17:01 - mkk_comic - app.py:587 - INFO - 正在下载第 017/017 页...
2026-03-15 04:17:01 - mkk_comic - app.py:511 - INFO - 下载完成!
2026-03-15 04:17:01 - mkk_comic - app.py:512 - INFO - 成功下载: 17/17 页
2026-03-15 04:17:01 - mkk_comic - app.py:523 - INFO - 章节下载完成，等待 5.9 秒后继续...
2026-03-15 04:17:08 - mkk_comic - app.py:494 - INFO - 正在下载第264章: 第1059话    UUID:ce69e162-323a-11ed-b107-024352452ce0
2026-03-15 04:17:09 - mkk_comic - app.py:502 - INFO - 创建目录: ./out/海贼王/第1059话
2026-03-15 04:17:09 - mkk_comic - app.py:505 - INFO - 开始下载: 海贼王 - 第1059话
2026-03-15 04:17:09 - mkk_comic - app.py:506 - INFO - 总页数: 17
2026-03-15 04:17:09 - mkk_comic - app.py:587 - INFO - 正在下载第 001/017 页...
2026-03-15 04:17:09 - mkk_comic - app.py:587 - INFO - 正在下载第 002/017 页...
2026-03-15 04:17:09 - mkk_comic - app.py:587 - INFO - 正在下载第 003/017 页...
2026-03-15 04:17:09 - mkk_comic - app.py:587 - INFO - 正在下载第 004/017 页...
2026-03-15 04:17:09 - mkk_comic - app.py:587 - INFO - 正在下载第 005/017 页...
2026-03-15 04:17:09 - mkk_comic - app.py:587 - INFO - 正在下载第 006/017 页...
2026-03-15 04:17:09 - mkk_comic - app.py:587 - INFO - 正在下载第 007/017 页...
2026-03-15 04:17:09 - mkk_comic - app.py:587 - INFO - 正在下载第 008/017 页...
2026-03-15 04:17:09 - mkk_comic - app.py:587 - INFO - 正在下载第 009/017 页...
2026-03-15 04:17:09 - mkk_comic - app.py:587 - INFO - 正在下载第 010/017 页...
2026-03-15 04:17:09 - mkk_comic - app.py:587 - INFO - 正在下载第 011/017 页...
2026-03-15 04:17:09 - mkk_comic - app.py:587 - INFO - 正在下载第 012/017 页...
2026-03-15 04:17:09 - mkk_comic - app.py:587 - INFO - 正在下载第 013/017 页...
2026-03-15 04:17:09 - mkk_comic - app.py:587 - INFO - 正在下载第 014/017 页...
2026-03-15 04:17:09 - mkk_comic - app.py:587 - INFO - 正在下载第 015/017 页...
2026-03-15 04:17:09 - mkk_comic - app.py:587 - INFO - 正在下载第 016/017 页...
2026-03-15 04:17:09 - mkk_comic - app.py:587 - INFO - 正在下载第 017/017 页...
2026-03-15 04:17:09 - mkk_comic - app.py:511 - INFO - 下载完成!
2026-03-15 04:17:09 - mkk_comic - app.py:512 - INFO - 成功下载: 17/17 页
2026-03-15 04:17:09 - mkk_comic - app.py:523 - INFO - 章节下载完成，等待 5.2 秒后继续...
2026-03-15 04:17:15 - mkk_comic - app.py:494 - INFO - 正在下载第265章: 第1060话    UUID:7de18494-3883-11ed-b6c1-024352452ce0
2026-03-15 04:17:16 - mkk_comic - app.py:502 - INFO - 创建目录: ./out/海贼王/第1060话
2026-03-15 04:17:16 - mkk_comic - app.py:505 - INFO - 开始下载: 海贼王 - 第1060话
2026-03-15 04:17:16 - mkk_comic - app.py:506 - INFO - 总页数: 19
2026-03-15 04:17:16 - mkk_comic - app.py:587 - INFO - 正在下载第 001/019 页...
2026-03-15 04:17:16 - mkk_comic - app.py:587 - INFO - 正在下载第 002/019 页...
2026-03-15 04:17:16 - mkk_comic - app.py:587 - INFO - 正在下载第 003/019 页...
2026-03-15 04:17:16 - mkk_comic - app.py:587 - INFO - 正在下载第 004/019 页...
2026-03-15 04:17:16 - mkk_comic - app.py:587 - INFO - 正在下载第 005/019 页...
2026-03-15 04:17:16 - mkk_comic - app.py:587 - INFO - 正在下载第 006/019 页...
2026-03-15 04:17:16 - mkk_comic - app.py:587 - INFO - 正在下载第 007/019 页...
2026-03-15 04:17:16 - mkk_comic - app.py:587 - INFO - 正在下载第 008/019 页...
2026-03-15 04:17:16 - mkk_comic - app.py:587 - INFO - 正在下载第 009/019 页...
2026-03-15 04:17:16 - mkk_comic - app.py:587 - INFO - 正在下载第 010/019 页...
2026-03-15 04:17:17 - mkk_comic - app.py:587 - INFO - 正在下载第 011/019 页...
2026-03-15 04:17:17 - mkk_comic - app.py:587 - INFO - 正在下载第 012/019 页...
2026-03-15 04:17:17 - mkk_comic - app.py:587 - INFO - 正在下载第 013/019 页...
2026-03-15 04:17:17 - mkk_comic - app.py:587 - INFO - 正在下载第 014/019 页...
2026-03-15 04:17:17 - mkk_comic - app.py:587 - INFO - 正在下载第 015/019 页...
2026-03-15 04:17:17 - mkk_comic - app.py:587 - INFO - 正在下载第 016/019 页...
2026-03-15 04:17:17 - mkk_comic - app.py:587 - INFO - 正在下载第 017/019 页...
2026-03-15 04:17:17 - mkk_comic - app.py:587 - INFO - 正在下载第 018/019 页...
2026-03-15 04:17:17 - mkk_comic - app.py:587 - INFO - 正在下载第 019/019 页...
2026-03-15 04:17:17 - mkk_comic - app.py:511 - INFO - 下载完成!
2026-03-15 04:17:17 - mkk_comic - app.py:512 - INFO - 成功下载: 19/19 页
2026-03-15 04:17:17 - mkk_comic - app.py:523 - INFO - 章节下载完成，等待 7.1 秒后继续...
2026-03-15 04:17:25 - mkk_comic - app.py:494 - INFO - 正在下载第266章: 第1061话    UUID:23d6a538-3d33-11ed-b9ad-024352452ce0
2026-03-15 04:17:26 - mkk_comic - app.py:502 - INFO - 创建目录: ./out/海贼王/第1061话
2026-03-15 04:17:26 - mkk_comic - app.py:505 - INFO - 开始下载: 海贼王 - 第1061话
2026-03-15 04:17:26 - mkk_comic - app.py:506 - INFO - 总页数: 15
2026-03-15 04:17:26 - mkk_comic - app.py:587 - INFO - 正在下载第 001/015 页...
2026-03-15 04:17:26 - mkk_comic - app.py:587 - INFO - 正在下载第 002/015 页...
2026-03-15 04:17:26 - mkk_comic - app.py:587 - INFO - 正在下载第 003/015 页...
2026-03-15 04:17:26 - mkk_comic - app.py:587 - INFO - 正在下载第 004/015 页...
2026-03-15 04:17:26 - mkk_comic - app.py:587 - INFO - 正在下载第 005/015 页...
2026-03-15 04:17:26 - mkk_comic - app.py:587 - INFO - 正在下载第 006/015 页...
2026-03-15 04:17:26 - mkk_comic - app.py:587 - INFO - 正在下载第 007/015 页...
2026-03-15 04:17:26 - mkk_comic - app.py:587 - INFO - 正在下载第 008/015 页...
2026-03-15 04:17:26 - mkk_comic - app.py:587 - INFO - 正在下载第 009/015 页...
2026-03-15 04:17:26 - mkk_comic - app.py:587 - INFO - 正在下载第 010/015 页...
2026-03-15 04:17:26 - mkk_comic - app.py:587 - INFO - 正在下载第 011/015 页...
2026-03-15 04:17:26 - mkk_comic - app.py:587 - INFO - 正在下载第 012/015 页...
2026-03-15 04:17:26 - mkk_comic - app.py:587 - INFO - 正在下载第 013/015 页...
2026-03-15 04:17:26 - mkk_comic - app.py:587 - INFO - 正在下载第 014/015 页...
2026-03-15 04:17:26 - mkk_comic - app.py:587 - INFO - 正在下载第 015/015 页...
2026-03-15 04:17:27 - mkk_comic - app.py:511 - INFO - 下载完成!
2026-03-15 04:17:27 - mkk_comic - app.py:512 - INFO - 成功下载: 15/15 页
2026-03-15 04:17:27 - mkk_comic - app.py:523 - INFO - 章节下载完成，等待 5.6 秒后继续...
2026-03-15 04:17:33 - mkk_comic - app.py:494 - INFO - 正在下载第267章: 第1062话    UUID:54bed464-48fe-11ed-83c7-024352452ce0
2026-03-15 04:17:34 - mkk_comic - app.py:502 - INFO - 创建目录: ./out/海贼王/第1062话
2026-03-15 04:17:34 - mkk_comic - app.py:505 - INFO - 开始下载: 海贼王 - 第1062话
2026-03-15 04:17:34 - mkk_comic - app.py:506 - INFO - 总页数: 17
2026-03-15 04:17:34 - mkk_comic - app.py:587 - INFO - 正在下载第 001/017 页...
2026-03-15 04:17:34 - mkk_comic - app.py:587 - INFO - 正在下载第 002/017 页...
2026-03-15 04:17:34 - mkk_comic - app.py:587 - INFO - 正在下载第 003/017 页...
2026-03-15 04:17:34 - mkk_comic - app.py:587 - INFO - 正在下载第 004/017 页...
2026-03-15 04:17:34 - mkk_comic - app.py:587 - INFO - 正在下载第 005/017 页...
2026-03-15 04:17:34 - mkk_comic - app.py:587 - INFO - 正在下载第 006/017 页...
2026-03-15 04:17:34 - mkk_comic - app.py:587 - INFO - 正在下载第 007/017 页...
2026-03-15 04:17:34 - mkk_comic - app.py:587 - INFO - 正在下载第 008/017 页...
2026-03-15 04:17:34 - mkk_comic - app.py:587 - INFO - 正在下载第 009/017 页...
2026-03-15 04:17:34 - mkk_comic - app.py:587 - INFO - 正在下载第 010/017 页...
2026-03-15 04:17:34 - mkk_comic - app.py:587 - INFO - 正在下载第 011/017 页...
2026-03-15 04:17:34 - mkk_comic - app.py:587 - INFO - 正在下载第 012/017 页...
2026-03-15 04:17:34 - mkk_comic - app.py:587 - INFO - 正在下载第 013/017 页...
2026-03-15 04:17:34 - mkk_comic - app.py:587 - INFO - 正在下载第 014/017 页...
2026-03-15 04:17:34 - mkk_comic - app.py:587 - INFO - 正在下载第 015/017 页...
2026-03-15 04:17:34 - mkk_comic - app.py:587 - INFO - 正在下载第 016/017 页...
2026-03-15 04:17:34 - mkk_comic - app.py:587 - INFO - 正在下载第 017/017 页...
2026-03-15 04:17:35 - mkk_comic - app.py:511 - INFO - 下载完成!
2026-03-15 04:17:35 - mkk_comic - app.py:512 - INFO - 成功下载: 17/17 页
2026-03-15 04:17:35 - mkk_comic - app.py:523 - INFO - 章节下载完成，等待 6.6 秒后继续...
2026-03-15 04:17:42 - mkk_comic - app.py:494 - INFO - 正在下载第268章: 第1063话    UUID:a52c4314-4db3-11ed-8889-024352452ce0
2026-03-15 04:17:43 - mkk_comic - app.py:502 - INFO - 创建目录: ./out/海贼王/第1063话
2026-03-15 04:17:43 - mkk_comic - app.py:505 - INFO - 开始下载: 海贼王 - 第1063话
2026-03-15 04:17:43 - mkk_comic - app.py:506 - INFO - 总页数: 13
2026-03-15 04:17:43 - mkk_comic - app.py:587 - INFO - 正在下载第 001/013 页...
2026-03-15 04:17:43 - mkk_comic - app.py:587 - INFO - 正在下载第 002/013 页...
2026-03-15 04:17:43 - mkk_comic - app.py:587 - INFO - 正在下载第 003/013 页...
2026-03-15 04:17:43 - mkk_comic - app.py:587 - INFO - 正在下载第 004/013 页...
2026-03-15 04:17:43 - mkk_comic - app.py:587 - INFO - 正在下载第 005/013 页...
2026-03-15 04:17:43 - mkk_comic - app.py:587 - INFO - 正在下载第 006/013 页...
2026-03-15 04:17:43 - mkk_comic - app.py:587 - INFO - 正在下载第 007/013 页...
2026-03-15 04:17:43 - mkk_comic - app.py:587 - INFO - 正在下载第 008/013 页...
2026-03-15 04:17:43 - mkk_comic - app.py:587 - INFO - 正在下载第 009/013 页...
2026-03-15 04:17:43 - mkk_comic - app.py:587 - INFO - 正在下载第 010/013 页...
2026-03-15 04:17:43 - mkk_comic - app.py:587 - INFO - 正在下载第 011/013 页...
2026-03-15 04:17:43 - mkk_comic - app.py:587 - INFO - 正在下载第 012/013 页...
2026-03-15 04:17:43 - mkk_comic - app.py:587 - INFO - 正在下载第 013/013 页...
2026-03-15 04:17:43 - mkk_comic - app.py:511 - INFO - 下载完成!
2026-03-15 04:17:43 - mkk_comic - app.py:512 - INFO - 成功下载: 13/13 页
2026-03-15 04:17:43 - mkk_comic - app.py:523 - INFO - 章节下载完成，等待 8.1 秒后继续...
2026-03-15 04:17:52 - mkk_comic - app.py:494 - INFO - 正在下载第269章: 第1064话    UUID:6e134536-5334-11ed-8e8e-024352452ce0
2026-03-15 04:17:53 - mkk_comic - app.py:502 - INFO - 创建目录: ./out/海贼王/第1064话
2026-03-15 04:17:53 - mkk_comic - app.py:505 - INFO - 开始下载: 海贼王 - 第1064话
2026-03-15 04:17:53 - mkk_comic - app.py:506 - INFO - 总页数: 15
2026-03-15 04:17:53 - mkk_comic - app.py:587 - INFO - 正在下载第 001/015 页...
2026-03-15 04:17:53 - mkk_comic - app.py:587 - INFO - 正在下载第 002/015 页...
2026-03-15 04:17:53 - mkk_comic - app.py:587 - INFO - 正在下载第 003/015 页...
2026-03-15 04:17:53 - mkk_comic - app.py:587 - INFO - 正在下载第 004/015 页...
2026-03-15 04:17:53 - mkk_comic - app.py:587 - INFO - 正在下载第 005/015 页...
2026-03-15 04:17:53 - mkk_comic - app.py:587 - INFO - 正在下载第 006/015 页...
2026-03-15 04:17:53 - mkk_comic - app.py:587 - INFO - 正在下载第 007/015 页...
2026-03-15 04:17:53 - mkk_comic - app.py:587 - INFO - 正在下载第 008/015 页...
2026-03-15 04:17:53 - mkk_comic - app.py:587 - INFO - 正在下载第 009/015 页...
2026-03-15 04:17:53 - mkk_comic - app.py:587 - INFO - 正在下载第 010/015 页...
2026-03-15 04:17:53 - mkk_comic - app.py:587 - INFO - 正在下载第 011/015 页...
2026-03-15 04:17:53 - mkk_comic - app.py:587 - INFO - 正在下载第 012/015 页...
2026-03-15 04:17:53 - mkk_comic - app.py:587 - INFO - 正在下载第 013/015 页...
2026-03-15 04:17:53 - mkk_comic - app.py:587 - INFO - 正在下载第 014/015 页...
2026-03-15 04:17:53 - mkk_comic - app.py:587 - INFO - 正在下载第 015/015 页...
2026-03-15 04:17:54 - mkk_comic - app.py:511 - INFO - 下载完成!
2026-03-15 04:17:54 - mkk_comic - app.py:512 - INFO - 成功下载: 15/15 页
2026-03-15 04:17:54 - mkk_comic - app.py:523 - INFO - 章节下载完成，等待 7.9 秒后继续...
2026-03-15 04:18:02 - mkk_comic - app.py:843 - INFO - 【电锯人】上次下载至第257章
2026-03-15 04:18:02 - mkk_comic - app.py:846 - INFO - 该漫画更新至257章，不需要更新
2026-03-15 04:18:02 - mkk_comic - app.py:863 - INFO - ===== 检查更新完成 =====

