2026-03-13 03:55:09 - mkk_comic - app.py:868 - INFO - 运行环境：GitHub Actions（自动化模式）
2026-03-13 03:55:09 - mkk_comic - app.py:825 - INFO - ===== 开始检查更新=====
2026-03-13 03:55:09 - mkk_comic - app.py:843 - INFO - 【海贼王】上次下载至第229章
2026-03-13 03:55:10 - mkk_comic - app.py:850 - INFO - 【海贼王】检测到更新！最新：381章
2026-03-13 03:55:10 - mkk_comic - app.py:853 - INFO - 【海贼王】最大下载限制为10章-需下载230~239章）
2026-03-13 03:55:11 - mkk_comic - app.py:494 - INFO - 正在下载第230章: 1025话    UUID:1f161d7c-142f-11ec-b3ed-024352452ce0
2026-03-13 03:55:12 - mkk_comic - app.py:502 - INFO - 创建目录: ./out/海贼王/1025话
2026-03-13 03:55:12 - mkk_comic - app.py:505 - INFO - 开始下载: 海贼王 - 1025话
2026-03-13 03:55:12 - mkk_comic - app.py:506 - INFO - 总页数: 17
2026-03-13 03:55:12 - mkk_comic - app.py:587 - INFO - 正在下载第 001/017 页...
2026-03-13 03:55:12 - mkk_comic - app.py:587 - INFO - 正在下载第 002/017 页...
2026-03-13 03:55:12 - mkk_comic - app.py:587 - INFO - 正在下载第 003/017 页...
2026-03-13 03:55:12 - mkk_comic - app.py:587 - INFO - 正在下载第 004/017 页...
2026-03-13 03:55:12 - mkk_comic - app.py:587 - INFO - 正在下载第 005/017 页...
2026-03-13 03:55:12 - mkk_comic - app.py:587 - INFO - 正在下载第 006/017 页...
2026-03-13 03:55:12 - mkk_comic - app.py:587 - INFO - 正在下载第 007/017 页...
2026-03-13 03:55:12 - mkk_comic - app.py:587 - INFO - 正在下载第 008/017 页...
2026-03-13 03:55:12 - mkk_comic - app.py:587 - INFO - 正在下载第 009/017 页...
2026-03-13 03:55:12 - mkk_comic - app.py:587 - INFO - 正在下载第 010/017 页...
2026-03-13 03:55:12 - mkk_comic - app.py:587 - INFO - 正在下载第 011/017 页...
2026-03-13 03:55:12 - mkk_comic - app.py:587 - INFO - 正在下载第 012/017 页...
2026-03-13 03:55:12 - mkk_comic - app.py:587 - INFO - 正在下载第 013/017 页...
2026-03-13 03:55:12 - mkk_comic - app.py:587 - INFO - 正在下载第 014/017 页...
2026-03-13 03:55:12 - mkk_comic - app.py:587 - INFO - 正在下载第 015/017 页...
2026-03-13 03:55:12 - mkk_comic - app.py:587 - INFO - 正在下载第 016/017 页...
2026-03-13 03:55:12 - mkk_comic - app.py:587 - INFO - 正在下载第 017/017 页...
2026-03-13 03:55:13 - mkk_comic - app.py:511 - INFO - 下载完成!
2026-03-13 03:55:13 - mkk_comic - app.py:512 - INFO - 成功下载: 17/17 页
2026-03-13 03:55:13 - mkk_comic - app.py:523 - INFO - 章节下载完成，等待 6.8 秒后继续...
2026-03-13 03:55:20 - mkk_comic - app.py:494 - INFO - 正在下载第231章: 1026话    UUID:d74a48aa-1f3d-11ec-bdd1-024352452ce0
2026-03-13 03:55:21 - mkk_comic - app.py:502 - INFO - 创建目录: ./out/海贼王/1026话
2026-03-13 03:55:21 - mkk_comic - app.py:505 - INFO - 开始下载: 海贼王 - 1026话
2026-03-13 03:55:21 - mkk_comic - app.py:506 - INFO - 总页数: 17
2026-03-13 03:55:21 - mkk_comic - app.py:587 - INFO - 正在下载第 001/017 页...
2026-03-13 03:55:21 - mkk_comic - app.py:587 - INFO - 正在下载第 002/017 页...
2026-03-13 03:55:21 - mkk_comic - app.py:587 - INFO - 正在下载第 003/017 页...
2026-03-13 03:55:21 - mkk_comic - app.py:587 - INFO - 正在下载第 004/017 页...
2026-03-13 03:55:21 - mkk_comic - app.py:587 - INFO - 正在下载第 005/017 页...
2026-03-13 03:55:21 - mkk_comic - app.py:587 - INFO - 正在下载第 006/017 页...
2026-03-13 03:55:21 - mkk_comic - app.py:587 - INFO - 正在下载第 007/017 页...
2026-03-13 03:55:21 - mkk_comic - app.py:587 - INFO - 正在下载第 008/017 页...
2026-03-13 03:55:21 - mkk_comic - app.py:587 - INFO - 正在下载第 009/017 页...
2026-03-13 03:55:21 - mkk_comic - app.py:587 - INFO - 正在下载第 010/017 页...
2026-03-13 03:55:21 - mkk_comic - app.py:587 - INFO - 正在下载第 011/017 页...
2026-03-13 03:55:21 - mkk_comic - app.py:587 - INFO - 正在下载第 012/017 页...
2026-03-13 03:55:21 - mkk_comic - app.py:587 - INFO - 正在下载第 013/017 页...
2026-03-13 03:55:21 - mkk_comic - app.py:587 - INFO - 正在下载第 014/017 页...
2026-03-13 03:55:21 - mkk_comic - app.py:587 - INFO - 正在下载第 015/017 页...
2026-03-13 03:55:21 - mkk_comic - app.py:587 - INFO - 正在下载第 016/017 页...
2026-03-13 03:55:21 - mkk_comic - app.py:587 - INFO - 正在下载第 017/017 页...
2026-03-13 03:55:22 - mkk_comic - app.py:511 - INFO - 下载完成!
2026-03-13 03:55:22 - mkk_comic - app.py:512 - INFO - 成功下载: 17/17 页
2026-03-13 03:55:22 - mkk_comic - app.py:523 - INFO - 章节下载完成，等待 9.5 秒后继续...
2026-03-13 03:55:32 - mkk_comic - app.py:494 - INFO - 正在下载第232章: 1027话    UUID:71b5cbee-24ac-11ec-81e0-024352452ce0
2026-03-13 03:55:33 - mkk_comic - app.py:502 - INFO - 创建目录: ./out/海贼王/1027话
2026-03-13 03:55:33 - mkk_comic - app.py:505 - INFO - 开始下载: 海贼王 - 1027话
2026-03-13 03:55:33 - mkk_comic - app.py:506 - INFO - 总页数: 17
2026-03-13 03:55:33 - mkk_comic - app.py:587 - INFO - 正在下载第 001/017 页...
2026-03-13 03:55:33 - mkk_comic - app.py:587 - INFO - 正在下载第 002/017 页...
2026-03-13 03:55:33 - mkk_comic - app.py:587 - INFO - 正在下载第 003/017 页...
2026-03-13 03:55:33 - mkk_comic - app.py:587 - INFO - 正在下载第 004/017 页...
2026-03-13 03:55:33 - mkk_comic - app.py:587 - INFO - 正在下载第 005/017 页...
2026-03-13 03:55:33 - mkk_comic - app.py:587 - INFO - 正在下载第 006/017 页...
2026-03-13 03:55:33 - mkk_comic - app.py:587 - INFO - 正在下载第 007/017 页...
2026-03-13 03:55:33 - mkk_comic - app.py:587 - INFO - 正在下载第 008/017 页...
2026-03-13 03:55:33 - mkk_comic - app.py:587 - INFO - 正在下载第 009/017 页...
2026-03-13 03:55:33 - mkk_comic - app.py:587 - INFO - 正在下载第 010/017 页...
2026-03-13 03:55:33 - mkk_comic - app.py:587 - INFO - 正在下载第 011/017 页...
2026-03-13 03:55:33 - mkk_comic - app.py:587 - INFO - 正在下载第 012/017 页...
2026-03-13 03:55:33 - mkk_comic - app.py:587 - INFO - 正在下载第 013/017 页...
2026-03-13 03:55:33 - mkk_comic - app.py:587 - INFO - 正在下载第 014/017 页...
2026-03-13 03:55:33 - mkk_comic - app.py:587 - INFO - 正在下载第 015/017 页...
2026-03-13 03:55:33 - mkk_comic - app.py:587 - INFO - 正在下载第 016/017 页...
2026-03-13 03:55:33 - mkk_comic - app.py:587 - INFO - 正在下载第 017/017 页...
2026-03-13 03:55:34 - mkk_comic - app.py:511 - INFO - 下载完成!
2026-03-13 03:55:34 - mkk_comic - app.py:512 - INFO - 成功下载: 17/17 页
2026-03-13 03:55:34 - mkk_comic - app.py:523 - INFO - 章节下载完成，等待 5.5 秒后继续...
2026-03-13 03:55:40 - mkk_comic - app.py:494 - INFO - 正在下载第233章: 1028话    UUID:ba7270ae-2a2d-11ec-860b-024352452ce0
2026-03-13 03:55:41 - mkk_comic - app.py:502 - INFO - 创建目录: ./out/海贼王/1028话
2026-03-13 03:55:41 - mkk_comic - app.py:505 - INFO - 开始下载: 海贼王 - 1028话
2026-03-13 03:55:41 - mkk_comic - app.py:506 - INFO - 总页数: 17
2026-03-13 03:55:41 - mkk_comic - app.py:587 - INFO - 正在下载第 001/017 页...
2026-03-13 03:55:41 - mkk_comic - app.py:587 - INFO - 正在下载第 002/017 页...
2026-03-13 03:55:41 - mkk_comic - app.py:587 - INFO - 正在下载第 003/017 页...
2026-03-13 03:55:41 - mkk_comic - app.py:587 - INFO - 正在下载第 004/017 页...
2026-03-13 03:55:41 - mkk_comic - app.py:587 - INFO - 正在下载第 005/017 页...
2026-03-13 03:55:41 - mkk_comic - app.py:587 - INFO - 正在下载第 006/017 页...
2026-03-13 03:55:41 - mkk_comic - app.py:587 - INFO - 正在下载第 007/017 页...
2026-03-13 03:55:41 - mkk_comic - app.py:587 - INFO - 正在下载第 008/017 页...
2026-03-13 03:55:41 - mkk_comic - app.py:587 - INFO - 正在下载第 009/017 页...
2026-03-13 03:55:41 - mkk_comic - app.py:587 - INFO - 正在下载第 010/017 页...
2026-03-13 03:55:41 - mkk_comic - app.py:587 - INFO - 正在下载第 011/017 页...
2026-03-13 03:55:41 - mkk_comic - app.py:587 - INFO - 正在下载第 012/017 页...
2026-03-13 03:55:41 - mkk_comic - app.py:587 - INFO - 正在下载第 013/017 页...
2026-03-13 03:55:41 - mkk_comic - app.py:587 - INFO - 正在下载第 014/017 页...
2026-03-13 03:55:41 - mkk_comic - app.py:587 - INFO - 正在下载第 015/017 页...
2026-03-13 03:55:41 - mkk_comic - app.py:587 - INFO - 正在下载第 016/017 页...
2026-03-13 03:55:41 - mkk_comic - app.py:587 - INFO - 正在下载第 017/017 页...
2026-03-13 03:55:41 - mkk_comic - app.py:511 - INFO - 下载完成!
2026-03-13 03:55:41 - mkk_comic - app.py:512 - INFO - 成功下载: 17/17 页
2026-03-13 03:55:41 - mkk_comic - app.py:523 - INFO - 章节下载完成，等待 5.1 秒后继续...
2026-03-13 03:55:47 - mkk_comic - app.py:494 - INFO - 正在下载第234章: 1029话    UUID:c6d432b0-3531-11ec-8d32-024352452ce0
2026-03-13 03:55:48 - mkk_comic - app.py:502 - INFO - 创建目录: ./out/海贼王/1029话
2026-03-13 03:55:48 - mkk_comic - app.py:505 - INFO - 开始下载: 海贼王 - 1029话
2026-03-13 03:55:48 - mkk_comic - app.py:506 - INFO - 总页数: 17
2026-03-13 03:55:48 - mkk_comic - app.py:587 - INFO - 正在下载第 001/017 页...
2026-03-13 03:55:48 - mkk_comic - app.py:587 - INFO - 正在下载第 002/017 页...
2026-03-13 03:55:48 - mkk_comic - app.py:587 - INFO - 正在下载第 003/017 页...
2026-03-13 03:55:48 - mkk_comic - app.py:587 - INFO - 正在下载第 004/017 页...
2026-03-13 03:55:48 - mkk_comic - app.py:587 - INFO - 正在下载第 005/017 页...
2026-03-13 03:55:48 - mkk_comic - app.py:587 - INFO - 正在下载第 006/017 页...
2026-03-13 03:55:48 - mkk_comic - app.py:587 - INFO - 正在下载第 007/017 页...
2026-03-13 03:55:48 - mkk_comic - app.py:587 - INFO - 正在下载第 008/017 页...
2026-03-13 03:55:48 - mkk_comic - app.py:587 - INFO - 正在下载第 009/017 页...
2026-03-13 03:55:48 - mkk_comic - app.py:587 - INFO - 正在下载第 010/017 页...
2026-03-13 03:55:48 - mkk_comic - app.py:587 - INFO - 正在下载第 011/017 页...
2026-03-13 03:55:48 - mkk_comic - app.py:587 - INFO - 正在下载第 012/017 页...
2026-03-13 03:55:48 - mkk_comic - app.py:587 - INFO - 正在下载第 013/017 页...
2026-03-13 03:55:49 - mkk_comic - app.py:587 - INFO - 正在下载第 014/017 页...
2026-03-13 03:55:49 - mkk_comic - app.py:587 - INFO - 正在下载第 015/017 页...
2026-03-13 03:55:49 - mkk_comic - app.py:587 - INFO - 正在下载第 016/017 页...
2026-03-13 03:55:49 - mkk_comic - app.py:587 - INFO - 正在下载第 017/017 页...
2026-03-13 03:55:49 - mkk_comic - app.py:511 - INFO - 下载完成!
2026-03-13 03:55:49 - mkk_comic - app.py:512 - INFO - 成功下载: 17/17 页
2026-03-13 03:55:49 - mkk_comic - app.py:523 - INFO - 章节下载完成，等待 8.0 秒后继续...
2026-03-13 03:55:58 - mkk_comic - app.py:494 - INFO - 正在下载第235章: 1030话    UUID:620be632-3aba-11ec-9031-024352452ce0
2026-03-13 03:55:59 - mkk_comic - app.py:502 - INFO - 创建目录: ./out/海贼王/1030话
2026-03-13 03:55:59 - mkk_comic - app.py:505 - INFO - 开始下载: 海贼王 - 1030话
2026-03-13 03:55:59 - mkk_comic - app.py:506 - INFO - 总页数: 17
2026-03-13 03:55:59 - mkk_comic - app.py:587 - INFO - 正在下载第 001/017 页...
2026-03-13 03:55:59 - mkk_comic - app.py:587 - INFO - 正在下载第 002/017 页...
2026-03-13 03:55:59 - mkk_comic - app.py:587 - INFO - 正在下载第 003/017 页...
2026-03-13 03:55:59 - mkk_comic - app.py:587 - INFO - 正在下载第 004/017 页...
2026-03-13 03:55:59 - mkk_comic - app.py:587 - INFO - 正在下载第 005/017 页...
2026-03-13 03:55:59 - mkk_comic - app.py:587 - INFO - 正在下载第 006/017 页...
2026-03-13 03:55:59 - mkk_comic - app.py:587 - INFO - 正在下载第 007/017 页...
2026-03-13 03:55:59 - mkk_comic - app.py:587 - INFO - 正在下载第 008/017 页...
2026-03-13 03:55:59 - mkk_comic - app.py:587 - INFO - 正在下载第 009/017 页...
2026-03-13 03:55:59 - mkk_comic - app.py:587 - INFO - 正在下载第 010/017 页...
2026-03-13 03:55:59 - mkk_comic - app.py:587 - INFO - 正在下载第 011/017 页...
2026-03-13 03:55:59 - mkk_comic - app.py:587 - INFO - 正在下载第 012/017 页...
2026-03-13 03:55:59 - mkk_comic - app.py:587 - INFO - 正在下载第 013/017 页...
2026-03-13 03:55:59 - mkk_comic - app.py:587 - INFO - 正在下载第 014/017 页...
2026-03-13 03:55:59 - mkk_comic - app.py:587 - INFO - 正在下载第 015/017 页...
2026-03-13 03:55:59 - mkk_comic - app.py:587 - INFO - 正在下载第 016/017 页...
2026-03-13 03:55:59 - mkk_comic - app.py:587 - INFO - 正在下载第 017/017 页...
2026-03-13 03:55:59 - mkk_comic - app.py:511 - INFO - 下载完成!
2026-03-13 03:55:59 - mkk_comic - app.py:512 - INFO - 成功下载: 17/17 页
2026-03-13 03:55:59 - mkk_comic - app.py:523 - INFO - 章节下载完成，等待 6.5 秒后继续...
2026-03-13 03:56:06 - mkk_comic - app.py:494 - INFO - 正在下载第236章: 1031话    UUID:0c79f126-4048-11ec-9398-024352452ce0
2026-03-13 03:56:07 - mkk_comic - app.py:502 - INFO - 创建目录: ./out/海贼王/1031话
2026-03-13 03:56:07 - mkk_comic - app.py:505 - INFO - 开始下载: 海贼王 - 1031话
2026-03-13 03:56:07 - mkk_comic - app.py:506 - INFO - 总页数: 19
2026-03-13 03:56:07 - mkk_comic - app.py:587 - INFO - 正在下载第 001/019 页...
2026-03-13 03:56:07 - mkk_comic - app.py:587 - INFO - 正在下载第 002/019 页...
2026-03-13 03:56:07 - mkk_comic - app.py:587 - INFO - 正在下载第 003/019 页...
2026-03-13 03:56:07 - mkk_comic - app.py:587 - INFO - 正在下载第 004/019 页...
2026-03-13 03:56:07 - mkk_comic - app.py:587 - INFO - 正在下载第 005/019 页...
2026-03-13 03:56:07 - mkk_comic - app.py:587 - INFO - 正在下载第 006/019 页...
2026-03-13 03:56:07 - mkk_comic - app.py:587 - INFO - 正在下载第 007/019 页...
2026-03-13 03:56:07 - mkk_comic - app.py:587 - INFO - 正在下载第 008/019 页...
2026-03-13 03:56:07 - mkk_comic - app.py:587 - INFO - 正在下载第 009/019 页...
2026-03-13 03:56:07 - mkk_comic - app.py:587 - INFO - 正在下载第 010/019 页...
2026-03-13 03:56:08 - mkk_comic - app.py:587 - INFO - 正在下载第 011/019 页...
2026-03-13 03:56:08 - mkk_comic - app.py:587 - INFO - 正在下载第 012/019 页...
2026-03-13 03:56:08 - mkk_comic - app.py:587 - INFO - 正在下载第 013/019 页...
2026-03-13 03:56:08 - mkk_comic - app.py:587 - INFO - 正在下载第 014/019 页...
2026-03-13 03:56:08 - mkk_comic - app.py:587 - INFO - 正在下载第 015/019 页...
2026-03-13 03:56:08 - mkk_comic - app.py:587 - INFO - 正在下载第 016/019 页...
2026-03-13 03:56:08 - mkk_comic - app.py:587 - INFO - 正在下载第 017/019 页...
2026-03-13 03:56:08 - mkk_comic - app.py:587 - INFO - 正在下载第 018/019 页...
2026-03-13 03:56:08 - mkk_comic - app.py:587 - INFO - 正在下载第 019/019 页...
2026-03-13 03:56:10 - mkk_comic - app.py:511 - INFO - 下载完成!
2026-03-13 03:56:10 - mkk_comic - app.py:512 - INFO - 成功下载: 19/19 页
2026-03-13 03:56:10 - mkk_comic - app.py:523 - INFO - 章节下载完成，等待 8.1 秒后继续...
2026-03-13 03:56:19 - mkk_comic - app.py:494 - INFO - 正在下载第237章: 1032话    UUID:e31a0ffa-4b3c-11ec-9d21-024352452ce0
2026-03-13 03:56:19 - mkk_comic - app.py:502 - INFO - 创建目录: ./out/海贼王/1032话
2026-03-13 03:56:19 - mkk_comic - app.py:505 - INFO - 开始下载: 海贼王 - 1032话
2026-03-13 03:56:19 - mkk_comic - app.py:506 - INFO - 总页数: 17
2026-03-13 03:56:19 - mkk_comic - app.py:587 - INFO - 正在下载第 001/017 页...
2026-03-13 03:56:19 - mkk_comic - app.py:587 - INFO - 正在下载第 002/017 页...
2026-03-13 03:56:19 - mkk_comic - app.py:587 - INFO - 正在下载第 003/017 页...
2026-03-13 03:56:19 - mkk_comic - app.py:587 - INFO - 正在下载第 004/017 页...
2026-03-13 03:56:19 - mkk_comic - app.py:587 - INFO - 正在下载第 005/017 页...
2026-03-13 03:56:20 - mkk_comic - app.py:587 - INFO - 正在下载第 006/017 页...
2026-03-13 03:56:20 - mkk_comic - app.py:587 - INFO - 正在下载第 007/017 页...
2026-03-13 03:56:20 - mkk_comic - app.py:587 - INFO - 正在下载第 008/017 页...
2026-03-13 03:56:20 - mkk_comic - app.py:587 - INFO - 正在下载第 009/017 页...
2026-03-13 03:56:20 - mkk_comic - app.py:587 - INFO - 正在下载第 010/017 页...
2026-03-13 03:56:20 - mkk_comic - app.py:587 - INFO - 正在下载第 011/017 页...
2026-03-13 03:56:20 - mkk_comic - app.py:587 - INFO - 正在下载第 012/017 页...
2026-03-13 03:56:20 - mkk_comic - app.py:587 - INFO - 正在下载第 013/017 页...
2026-03-13 03:56:20 - mkk_comic - app.py:587 - INFO - 正在下载第 014/017 页...
2026-03-13 03:56:20 - mkk_comic - app.py:587 - INFO - 正在下载第 015/017 页...
2026-03-13 03:56:20 - mkk_comic - app.py:587 - INFO - 正在下载第 016/017 页...
2026-03-13 03:56:20 - mkk_comic - app.py:587 - INFO - 正在下载第 017/017 页...
2026-03-13 03:56:20 - mkk_comic - app.py:511 - INFO - 下载完成!
2026-03-13 03:56:20 - mkk_comic - app.py:512 - INFO - 成功下载: 17/17 页
2026-03-13 03:56:20 - mkk_comic - app.py:523 - INFO - 章节下载完成，等待 7.2 秒后继续...
2026-03-13 03:56:28 - mkk_comic - app.py:494 - INFO - 正在下载第238章: 1033话    UUID:ad2288a2-50ad-11ec-a2b2-024352452ce0
2026-03-13 03:56:29 - mkk_comic - app.py:502 - INFO - 创建目录: ./out/海贼王/1033话
2026-03-13 03:56:29 - mkk_comic - app.py:505 - INFO - 开始下载: 海贼王 - 1033话
2026-03-13 03:56:29 - mkk_comic - app.py:506 - INFO - 总页数: 17
2026-03-13 03:56:29 - mkk_comic - app.py:587 - INFO - 正在下载第 001/017 页...
2026-03-13 03:56:29 - mkk_comic - app.py:587 - INFO - 正在下载第 002/017 页...
2026-03-13 03:56:29 - mkk_comic - app.py:587 - INFO - 正在下载第 003/017 页...
2026-03-13 03:56:29 - mkk_comic - app.py:587 - INFO - 正在下载第 004/017 页...
2026-03-13 03:56:29 - mkk_comic - app.py:587 - INFO - 正在下载第 005/017 页...
2026-03-13 03:56:29 - mkk_comic - app.py:587 - INFO - 正在下载第 006/017 页...
2026-03-13 03:56:29 - mkk_comic - app.py:587 - INFO - 正在下载第 007/017 页...
2026-03-13 03:56:29 - mkk_comic - app.py:587 - INFO - 正在下载第 008/017 页...
2026-03-13 03:56:29 - mkk_comic - app.py:587 - INFO - 正在下载第 009/017 页...
2026-03-13 03:56:29 - mkk_comic - app.py:587 - INFO - 正在下载第 010/017 页...
2026-03-13 03:56:29 - mkk_comic - app.py:587 - INFO - 正在下载第 011/017 页...
2026-03-13 03:56:29 - mkk_comic - app.py:587 - INFO - 正在下载第 012/017 页...
2026-03-13 03:56:29 - mkk_comic - app.py:587 - INFO - 正在下载第 013/017 页...
2026-03-13 03:56:29 - mkk_comic - app.py:587 - INFO - 正在下载第 014/017 页...
2026-03-13 03:56:29 - mkk_comic - app.py:587 - INFO - 正在下载第 015/017 页...
2026-03-13 03:56:29 - mkk_comic - app.py:587 - INFO - 正在下载第 016/017 页...
2026-03-13 03:56:29 - mkk_comic - app.py:587 - INFO - 正在下载第 017/017 页...
2026-03-13 03:56:30 - mkk_comic - app.py:511 - INFO - 下载完成!
2026-03-13 03:56:30 - mkk_comic - app.py:512 - INFO - 成功下载: 17/17 页
2026-03-13 03:56:30 - mkk_comic - app.py:523 - INFO - 章节下载完成，等待 5.4 秒后继续...
2026-03-13 03:56:36 - mkk_comic - app.py:494 - INFO - 正在下载第239章: 1034话    UUID:b41716de-5655-11ec-a85d-024352452ce0
2026-03-13 03:56:36 - mkk_comic - app.py:502 - INFO - 创建目录: ./out/海贼王/1034话
2026-03-13 03:56:36 - mkk_comic - app.py:505 - INFO - 开始下载: 海贼王 - 1034话
2026-03-13 03:56:36 - mkk_comic - app.py:506 - INFO - 总页数: 15
2026-03-13 03:56:36 - mkk_comic - app.py:587 - INFO - 正在下载第 001/015 页...
2026-03-13 03:56:36 - mkk_comic - app.py:587 - INFO - 正在下载第 002/015 页...
2026-03-13 03:56:36 - mkk_comic - app.py:587 - INFO - 正在下载第 003/015 页...
2026-03-13 03:56:36 - mkk_comic - app.py:587 - INFO - 正在下载第 004/015 页...
2026-03-13 03:56:36 - mkk_comic - app.py:587 - INFO - 正在下载第 005/015 页...
2026-03-13 03:56:37 - mkk_comic - app.py:587 - INFO - 正在下载第 006/015 页...
2026-03-13 03:56:37 - mkk_comic - app.py:587 - INFO - 正在下载第 007/015 页...
2026-03-13 03:56:37 - mkk_comic - app.py:587 - INFO - 正在下载第 008/015 页...
2026-03-13 03:56:37 - mkk_comic - app.py:587 - INFO - 正在下载第 009/015 页...
2026-03-13 03:56:37 - mkk_comic - app.py:587 - INFO - 正在下载第 010/015 页...
2026-03-13 03:56:37 - mkk_comic - app.py:587 - INFO - 正在下载第 011/015 页...
2026-03-13 03:56:37 - mkk_comic - app.py:587 - INFO - 正在下载第 012/015 页...
2026-03-13 03:56:37 - mkk_comic - app.py:587 - INFO - 正在下载第 013/015 页...
2026-03-13 03:56:37 - mkk_comic - app.py:587 - INFO - 正在下载第 014/015 页...
2026-03-13 03:56:37 - mkk_comic - app.py:587 - INFO - 正在下载第 015/015 页...
2026-03-13 03:56:37 - mkk_comic - app.py:511 - INFO - 下载完成!
2026-03-13 03:56:37 - mkk_comic - app.py:512 - INFO - 成功下载: 15/15 页
2026-03-13 03:56:37 - mkk_comic - app.py:523 - INFO - 章节下载完成，等待 6.3 秒后继续...
2026-03-13 03:56:43 - mkk_comic - app.py:843 - INFO - 【电锯人】上次下载至第257章
2026-03-13 03:56:44 - mkk_comic - app.py:846 - INFO - 该漫画更新至257章，不需要更新
2026-03-13 03:56:44 - mkk_comic - app.py:863 - INFO - ===== 检查更新完成 =====

